<?xml version="1.0" encoding="UTF-8"?>
<testsuite xmlns:xsi="http://www.w3.org/2001/XMLSchema-instance" xsi:noNamespaceSchemaLocation="https://maven.apache.org/surefire/maven-surefire-plugin/xsd/surefire-test-report-3.0.xsd" version="3.0" name="uk.ac.ed.inf.OrderValidatorTest" time="1.161" tests="2300" errors="11" skipped="0" failures="0">
  <properties>
    <property name="java.specification.version" value="18"/>
    <property name="sun.cpu.isalist" value="amd64"/>
    <property name="sun.jnu.encoding" value="Cp1252"/>
    <property name="java.class.path" value="C:\Users\kurma\Downloads\PizzaDronz\target\test-classes;C:\Users\kurma\Downloads\PizzaDronz\target\classes;C:\Users\kurma\.m2\repository\org\junit\jupiter\junit-jupiter\5.10.1\junit-jupiter-5.10.1.jar;C:\Users\kurma\.m2\repository\org\junit\jupiter\junit-jupiter-api\5.10.1\junit-jupiter-api-5.10.1.jar;C:\Users\kurma\.m2\repository\org\opentest4j\opentest4j\1.3.0\opentest4j-1.3.0.jar;C:\Users\kurma\.m2\repository\org\junit\platform\junit-platform-commons\1.10.1\junit-platform-commons-1.10.1.jar;C:\Users\kurma\.m2\repository\org\apiguardian\apiguardian-api\1.1.2\apiguardian-api-1.1.2.jar;C:\Users\kurma\.m2\repository\org\junit\jupiter\junit-jupiter-params\5.10.1\junit-jupiter-params-5.10.1.jar;C:\Users\kurma\.m2\repository\org\junit\jupiter\junit-jupiter-engine\5.10.1\junit-jupiter-engine-5.10.1.jar;C:\Users\kurma\.m2\repository\org\junit\platform\junit-platform-engine\1.10.1\junit-platform-engine-1.10.1.jar;C:\Users\kurma\.m2\repository\org\mockito\mockito-core\5.8.0\mockito-core-5.8.0.jar;C:\Users\kurma\.m2\repository\net\bytebuddy\byte-buddy\1.14.10\byte-buddy-1.14.10.jar;C:\Users\kurma\.m2\repository\net\bytebuddy\byte-buddy-agent\1.14.10\byte-buddy-agent-1.14.10.jar;C:\Users\kurma\.m2\repository\org\objenesis\objenesis\3.3\objenesis-3.3.jar;C:\Users\kurma\.m2\repository\org\mockito\mockito-inline\5.2.0\mockito-inline-5.2.0.jar;C:\Users\kurma\.m2\repository\com\fasterxml\jackson\core\jackson-core\2.15.2\jackson-core-2.15.2.jar;C:\Users\kurma\.m2\repository\com\fasterxml\jackson\core\jackson-databind\2.15.2\jackson-databind-2.15.2.jar;C:\Users\kurma\.m2\repository\com\fasterxml\jackson\core\jackson-annotations\2.15.2\jackson-annotations-2.15.2.jar;C:\Users\kurma\.m2\repository\com\fasterxml\jackson\datatype\jackson-datatype-jsr310\2.15.2\jackson-datatype-jsr310-2.15.2.jar;C:\Users\kurma\.m2\repository\org\json\json\20231013\json-20231013.jar;C:\Users\kurma\.m2\repository\uk\ac\ed\inf\ilp\IlpDataObjects\1.0.0-SNAPSHOT\IlpDataObjects-1.0.0-SNAPSHOT.jar;C:\Users\kurma\.m2\repository\junit\junit\3.8.2\junit-3.8.2.jar;"/>
    <property name="java.vm.vendor" value="Oracle Corporation"/>
    <property name="sun.arch.data.model" value="64"/>
    <property name="user.variant" value=""/>
    <property name="java.vendor.url" value="https://java.oracle.com/"/>
    <property name="user.timezone" value="America/Godthab"/>
    <property name="os.name" value="Windows 11"/>
    <property name="java.vm.specification.version" value="18"/>
    <property name="sun.java.launcher" value="SUN_STANDARD"/>
    <property name="user.country" value="GB"/>
    <property name="sun.boot.library.path" value="C:\Program Files\Java\jdk-18.0.2\bin"/>
    <property name="sun.java.command" value="C:\Users\kurma\AppData\Local\Temp\surefire14367587625804011955\surefirebooter-20240121200322853_3.jar C:\Users\kurma\AppData\Local\Temp\surefire14367587625804011955 2024-01-21T20-03-22_210-jvmRun1 surefire-20240121200322853_1tmp surefire_0-20240121200322853_2tmp"/>
    <property name="jdk.debug" value="release"/>
    <property name="surefire.test.class.path" value="C:\Users\kurma\Downloads\PizzaDronz\target\test-classes;C:\Users\kurma\Downloads\PizzaDronz\target\classes;C:\Users\kurma\.m2\repository\org\junit\jupiter\junit-jupiter\5.10.1\junit-jupiter-5.10.1.jar;C:\Users\kurma\.m2\repository\org\junit\jupiter\junit-jupiter-api\5.10.1\junit-jupiter-api-5.10.1.jar;C:\Users\kurma\.m2\repository\org\opentest4j\opentest4j\1.3.0\opentest4j-1.3.0.jar;C:\Users\kurma\.m2\repository\org\junit\platform\junit-platform-commons\1.10.1\junit-platform-commons-1.10.1.jar;C:\Users\kurma\.m2\repository\org\apiguardian\apiguardian-api\1.1.2\apiguardian-api-1.1.2.jar;C:\Users\kurma\.m2\repository\org\junit\jupiter\junit-jupiter-params\5.10.1\junit-jupiter-params-5.10.1.jar;C:\Users\kurma\.m2\repository\org\junit\jupiter\junit-jupiter-engine\5.10.1\junit-jupiter-engine-5.10.1.jar;C:\Users\kurma\.m2\repository\org\junit\platform\junit-platform-engine\1.10.1\junit-platform-engine-1.10.1.jar;C:\Users\kurma\.m2\repository\org\mockito\mockito-core\5.8.0\mockito-core-5.8.0.jar;C:\Users\kurma\.m2\repository\net\bytebuddy\byte-buddy\1.14.10\byte-buddy-1.14.10.jar;C:\Users\kurma\.m2\repository\net\bytebuddy\byte-buddy-agent\1.14.10\byte-buddy-agent-1.14.10.jar;C:\Users\kurma\.m2\repository\org\objenesis\objenesis\3.3\objenesis-3.3.jar;C:\Users\kurma\.m2\repository\org\mockito\mockito-inline\5.2.0\mockito-inline-5.2.0.jar;C:\Users\kurma\.m2\repository\com\fasterxml\jackson\core\jackson-core\2.15.2\jackson-core-2.15.2.jar;C:\Users\kurma\.m2\repository\com\fasterxml\jackson\core\jackson-databind\2.15.2\jackson-databind-2.15.2.jar;C:\Users\kurma\.m2\repository\com\fasterxml\jackson\core\jackson-annotations\2.15.2\jackson-annotations-2.15.2.jar;C:\Users\kurma\.m2\repository\com\fasterxml\jackson\datatype\jackson-datatype-jsr310\2.15.2\jackson-datatype-jsr310-2.15.2.jar;C:\Users\kurma\.m2\repository\org\json\json\20231013\json-20231013.jar;C:\Users\kurma\.m2\repository\uk\ac\ed\inf\ilp\IlpDataObjects\1.0.0-SNAPSHOT\IlpDataObjects-1.0.0-SNAPSHOT.jar;C:\Users\kurma\.m2\repository\junit\junit\3.8.2\junit-3.8.2.jar;"/>
    <property name="sun.cpu.endian" value="little"/>
    <property name="user.home" value="C:\Users\kurma"/>
    <property name="user.language" value="en"/>
    <property name="java.specification.vendor" value="Oracle Corporation"/>
    <property name="java.version.date" value="2022-07-19"/>
    <property name="java.home" value="C:\Program Files\Java\jdk-18.0.2"/>
    <property name="file.separator" value="\"/>
    <property name="basedir" value="C:\Users\kurma\Downloads\PizzaDronz"/>
    <property name="java.vm.compressedOopsMode" value="Zero based"/>
    <property name="line.separator" value="&#10;"/>
    <property name="java.vm.specification.vendor" value="Oracle Corporation"/>
    <property name="java.specification.name" value="Java Platform API Specification"/>
    <property name="surefire.real.class.path" value="C:\Users\kurma\AppData\Local\Temp\surefire14367587625804011955\surefirebooter-20240121200322853_3.jar"/>
    <property name="user.script" value=""/>
    <property name="sun.management.compiler" value="HotSpot 64-Bit Tiered Compilers"/>
    <property name="java.runtime.version" value="18.0.2+9-61"/>
    <property name="user.name" value="kurma"/>
    <property name="path.separator" value=";"/>
    <property name="os.version" value="10.0"/>
    <property name="java.runtime.name" value="Java(TM) SE Runtime Environment"/>
    <property name="file.encoding" value="UTF-8"/>
    <property name="java.vm.name" value="Java HotSpot(TM) 64-Bit Server VM"/>
    <property name="localRepository" value="C:\Users\kurma\.m2\repository"/>
    <property name="java.vendor.url.bug" value="https://bugreport.java.com/bugreport/"/>
    <property name="java.io.tmpdir" value="C:\Users\kurma\AppData\Local\Temp\"/>
    <property name="idea.version" value="2021.3.3"/>
    <property name="java.version" value="18.0.2"/>
    <property name="user.dir" value="C:\Users\kurma\Downloads\PizzaDronz"/>
    <property name="os.arch" value="amd64"/>
    <property name="java.vm.specification.name" value="Java Virtual Machine Specification"/>
    <property name="sun.os.patch.level" value=""/>
    <property name="native.encoding" value="Cp1252"/>
    <property name="java.library.path" value="C:\Program Files\Java\jdk-18.0.2\bin;C:\WINDOWS\Sun\Java\bin;C:\WINDOWS\system32;C:\WINDOWS;C:\Program Files\Java\jdk-18.0.2\bin;C:\Windows\system32;C:\Windows;C:\Windows\System32\Wbem;C:\Windows\System32\WindowsPowerShell\v1.0\;C:\Windows\System32\OpenSSH\;C:\Program Files (x86)\NVIDIA Corporation\PhysX\Common;C:\Program Files\NVIDIA Corporation\NVIDIA NvDLISR;C:\WINDOWS\system32;C:\WINDOWS;C:\WINDOWS\System32\Wbem;C:\WINDOWS\System32\WindowsPowerShell\v1.0\;C:\WINDOWS\System32\OpenSSH\;C:\mingw64\bin;C:\Program Files\Git\cmd;C:\Users\kurma\AppData\Local\Programs\Python\Python38\Scripts\;C:\Users\kurma\AppData\Local\Programs\Python\Python38\;C:\Users\kurma\AppData\Local\Microsoft\WindowsApps;C:\Users\kurma\AppData\Local\Programs\Microsoft VS Code\bin;C:\Users\kurma\AppData\Local\Pandoc\;C:\Users\kurma\AppData\Local\GitHubDesktop\bin;."/>
    <property name="java.vm.info" value="mixed mode, sharing"/>
    <property name="java.vendor" value="Oracle Corporation"/>
    <property name="java.vm.version" value="18.0.2+9-61"/>
    <property name="sun.io.unicode.encoding" value="UnicodeLittle"/>
    <property name="java.class.version" value="62.0"/>
  </properties>
  <testcase name="testCreditCardNumber16Characters" classname="uk.ac.ed.inf.OrderValidatorTest" time="0.02">
    <system-err><![CDATA[
 -- Order info 
OrderValidationCode: CARD_NUMBER_INVALID
OrderStatus: INVALID
OrderNo: 381B314C
Order Contents: [Pizza[name=Pizza A, priceInPence=2300]]
PriceTotalInPence: 2400
 -- Credit card info 
CreditCardNumber: j9&amp#26;M	&amp#15;q[ Vood`(*
CCV: 222
ExpiryDate: 05/29
]]></system-err>
  </testcase>
  <testcase name="testCreditCardNumber16Characters" classname="uk.ac.ed.inf.OrderValidatorTest" time="0">
    <system-err><![CDATA[
 -- Order info 
OrderValidationCode: CARD_NUMBER_INVALID
OrderStatus: INVALID
OrderNo: 43A92360
Order Contents: [Pizza[name=Pizza A, priceInPence=2300]]
PriceTotalInPence: 2400
 -- Credit card info 
CreditCardNumber: TWx&amp#28;e&amp#1;`#FZ&amp#30;F]hn;
CCV: 222
ExpiryDate: 11/28
]]></system-err>
  </testcase>
  <testcase name="testCreditCardNumber16Characters" classname="uk.ac.ed.inf.OrderValidatorTest" time="0">
    <system-err><![CDATA[
 -- Order info 
OrderValidationCode: CARD_NUMBER_INVALID
OrderStatus: INVALID
OrderNo: 752AA5D9
Order Contents: [Pizza[name=Pizza C, priceInPence=2500]]
PriceTotalInPence: 2600
 -- Credit card info 
CreditCardNumber: f*|:j&amp#23;&amp#4; I{Z":rNt
CCV: 222
ExpiryDate: 10/27
]]></system-err>
  </testcase>
  <testcase name="testCreditCardNumber16Characters" classname="uk.ac.ed.inf.OrderValidatorTest" time="0.012">
    <system-err><![CDATA[
 -- Order info 
OrderValidationCode: CARD_NUMBER_INVALID
OrderStatus: INVALID
OrderNo: 44EBA53D
Order Contents: [Pizza[name=Pizza B, priceInPence=2400]]
PriceTotalInPence: 2500
 -- Credit card info 
CreditCardNumber: &amp#1;&amp#2;q-k+&amp#23;LC&amp#25;5>Btb&amp#0;
CCV: 222
ExpiryDate: 03/27
]]></system-err>
  </testcase>
  <testcase name="testCreditCardNumber16Characters" classname="uk.ac.ed.inf.OrderValidatorTest" time="0">
    <system-err><![CDATA[
 -- Order info 
OrderValidationCode: CARD_NUMBER_INVALID
OrderStatus: INVALID
OrderNo: 786CD65F
Order Contents: [Pizza[name=Pizza A, priceInPence=2300]]
PriceTotalInPence: 2400
 -- Credit card info 
CreditCardNumber: G1&amp#11;
B"4s;ZU,v&amp#22;-Q
CCV: 222
ExpiryDate: 02/28
]]></system-err>
  </testcase>
  <testcase name="testCreditCardNumber16Characters" classname="uk.ac.ed.inf.OrderValidatorTest" time="0">
    <system-err><![CDATA[
 -- Order info 
OrderValidationCode: CARD_NUMBER_INVALID
OrderStatus: INVALID
OrderNo: 74A00AFC
Order Contents: [Pizza[name=Pizza B, priceInPence=2400]]
PriceTotalInPence: 2500
 -- Credit card info 
CreditCardNumber: ]&amp#4;b1u&amp#19;I:&amp#23;!<\eqE4
CCV: 222
ExpiryDate: 01/27
]]></system-err>
  </testcase>
  <testcase name="testCreditCardNumber16Characters" classname="uk.ac.ed.inf.OrderValidatorTest" time="0">
    <system-err><![CDATA[
 -- Order info 
OrderValidationCode: CARD_NUMBER_INVALID
OrderStatus: INVALID
OrderNo: 29E97EE2
Order Contents: [Pizza[name=Pizza A, priceInPence=2300]]
PriceTotalInPence: 2400
 -- Credit card info 
CreditCardNumber: [&amp#30;"&amp#5;8BO0&amp#3;@qd<QMQ
CCV: 222
ExpiryDate: 02/28
]]></system-err>
  </testcase>
  <testcase name="testCreditCardNumber16Characters" classname="uk.ac.ed.inf.OrderValidatorTest" time="0">
    <system-err><![CDATA[
 -- Order info 
OrderValidationCode: CARD_NUMBER_INVALID
OrderStatus: INVALID
OrderNo: 7BA86B91
Order Contents: [Pizza[name=Pizza A, priceInPence=2300]]
PriceTotalInPence: 2400
 -- Credit card info 
CreditCardNumber: -}&amp#7;5&amp#25;s+&amp#26;D=g@S
"b
CCV: 222
ExpiryDate: 03/26
]]></system-err>
  </testcase>
  <testcase name="testCreditCardNumber16Characters" classname="uk.ac.ed.inf.OrderValidatorTest" time="0">
    <system-err><![CDATA[
 -- Order info 
OrderValidationCode: CARD_NUMBER_INVALID
OrderStatus: INVALID
OrderNo: 48AA6100
Order Contents: [Pizza[name=Pizza A, priceInPence=2300]]
PriceTotalInPence: 2400
 -- Credit card info 
CreditCardNumber: lq\M_LJ&amp#22;	&amp#4;nhCtV4
CCV: 222
ExpiryDate: 11/26
]]></system-err>
  </testcase>
  <testcase name="testCreditCardNumber16Characters" classname="uk.ac.ed.inf.OrderValidatorTest" time="0">
    <system-err><![CDATA[
 -- Order info 
OrderValidationCode: CARD_NUMBER_INVALID
OrderStatus: INVALID
OrderNo: 272230C0
Order Contents: [Pizza[name=Pizza C, priceInPence=2500]]
PriceTotalInPence: 2600
 -- Credit card info 
CreditCardNumber: v=&amp#26;&amp#11;&amp#24;1C^&amp#16;vm&amp#17;l*Gh
CCV: 222
ExpiryDate: 07/26
]]></system-err>
  </testcase>
  <testcase name="testCreditCardNumber16Characters" classname="uk.ac.ed.inf.OrderValidatorTest" time="0">
    <system-err><![CDATA[
 -- Order info 
OrderValidationCode: CARD_NUMBER_INVALID
OrderStatus: INVALID
OrderNo: 62F8479E
Order Contents: [Pizza[name=Pizza C, priceInPence=2500]]
PriceTotalInPence: 2600
 -- Credit card info 
CreditCardNumber: )~1U2&amp#23;&amp#5;&amp#31;JMo``&amp#7;j
CCV: 222
ExpiryDate: 08/29
]]></system-err>
  </testcase>
  <testcase name="testCreditCardNumber16Characters" classname="uk.ac.ed.inf.OrderValidatorTest" time="0">
    <system-err><![CDATA[
 -- Order info 
OrderValidationCode: CARD_NUMBER_INVALID
OrderStatus: INVALID
OrderNo: 75EC141D
Order Contents: [Pizza[name=Pizza C, priceInPence=2500]]
PriceTotalInPence: 2600
 -- Credit card info 
CreditCardNumber: 5J&amp#8;m &amp#7;&amp#7;&amp#26;z&amp#17;"9,^&amp#3;&
CCV: 222
ExpiryDate: 06/29
]]></system-err>
  </testcase>
  <testcase name="testCreditCardNumber16Characters" classname="uk.ac.ed.inf.OrderValidatorTest" time="0.016">
    <system-err><![CDATA[
 -- Order info 
OrderValidationCode: CARD_NUMBER_INVALID
OrderStatus: INVALID
OrderNo: 418A77BD
Order Contents: [Pizza[name=Pizza B, priceInPence=2400]]
PriceTotalInPence: 2500
 -- Credit card info 
CreditCardNumber: &amp#15;uD*-]X}5j5&amp#24;V&amp#11;&amp#25;Q
CCV: 222
ExpiryDate: 05/29
]]></system-err>
  </testcase>
  <testcase name="testCreditCardNumber16Characters" classname="uk.ac.ed.inf.OrderValidatorTest" time="0">
    <system-err><![CDATA[
 -- Order info 
OrderValidationCode: CARD_NUMBER_INVALID
OrderStatus: INVALID
OrderNo: 491A10A6
Order Contents: [Pizza[name=Pizza C, priceInPence=2500]]
PriceTotalInPence: 2600
 -- Credit card info 
CreditCardNumber: !WC&amp#0;u5cRl&amp#23;Q&amp#22;y\p?
CCV: 222
ExpiryDate: 07/25
]]></system-err>
  </testcase>
  <testcase name="testCreditCardNumber16Characters" classname="uk.ac.ed.inf.OrderValidatorTest" time="0">
    <system-err><![CDATA[
 -- Order info 
OrderValidationCode: CARD_NUMBER_INVALID
OrderStatus: INVALID
OrderNo: 4236F402
Order Contents: [Pizza[name=Pizza A, priceInPence=2300]]
PriceTotalInPence: 2400
 -- Credit card info 
CreditCardNumber: &amp#7;8If"JA^D
&amp#1;V]&amp#12;
CCV: 222
ExpiryDate: 11/28
]]></system-err>
  </testcase>
  <testcase name="testCreditCardNumber16Characters" classname="uk.ac.ed.inf.OrderValidatorTest" time="0">
    <system-err><![CDATA[
 -- Order info 
OrderValidationCode: CARD_NUMBER_INVALID
OrderStatus: INVALID
OrderNo: 6D94417E
Order Contents: [Pizza[name=Pizza A, priceInPence=2300]]
PriceTotalInPence: 2400
 -- Credit card info 
CreditCardNumber: &amp#21;&amp#17;&amp#3;O&amp#14;&amp#28;rM&amp#30;Y&amp#24;R&amp#1;&amp#11;&amp#21;&amp#4;
CCV: 222
ExpiryDate: 04/26
]]></system-err>
  </testcase>
  <testcase name="testCreditCardNumber16Characters" classname="uk.ac.ed.inf.OrderValidatorTest" time="0">
    <system-err><![CDATA[
 -- Order info 
OrderValidationCode: CARD_NUMBER_INVALID
OrderStatus: INVALID
OrderNo: 46566BE7
Order Contents: [Pizza[name=Pizza A, priceInPence=2300]]
PriceTotalInPence: 2400
 -- Credit card info 
CreditCardNumber: !a.N;&amp#0;cLlsh,AqS}
CCV: 222
ExpiryDate: 01/25
]]></system-err>
  </testcase>
  <testcase name="testCreditCardNumber16Characters" classname="uk.ac.ed.inf.OrderValidatorTest" time="0">
    <system-err><![CDATA[
 -- Order info 
OrderValidationCode: CARD_NUMBER_INVALID
OrderStatus: INVALID
OrderNo: 7F20C243
Order Contents: [Pizza[name=Pizza A, priceInPence=2300]]
PriceTotalInPence: 2400
 -- Credit card info 
CreditCardNumber: Voe7[b|m&amp#8;&amp#17;W9fCb}
CCV: 222
ExpiryDate: 04/24
]]></system-err>
  </testcase>
  <testcase name="testCreditCardNumber16Characters" classname="uk.ac.ed.inf.OrderValidatorTest" time="0">
    <system-err><![CDATA[
 -- Order info 
OrderValidationCode: CARD_NUMBER_INVALID
OrderStatus: INVALID
OrderNo: 3A6FA3F9
Order Contents: [Pizza[name=Pizza B, priceInPence=2400]]
PriceTotalInPence: 2500
 -- Credit card info 
CreditCardNumber: &amp#4;rijK&amp#25;E
_<lxuc&amp#27;&amp#25;
CCV: 222
ExpiryDate: 08/25
]]></system-err>
  </testcase>
  <testcase name="testCreditCardNumber16Characters" classname="uk.ac.ed.inf.OrderValidatorTest" time="0">
    <system-err><![CDATA[
 -- Order info 
OrderValidationCode: CARD_NUMBER_INVALID
OrderStatus: INVALID
OrderNo: 4604938D
Order Contents: [Pizza[name=Pizza C, priceInPence=2500]]
PriceTotalInPence: 2600
 -- Credit card info 
CreditCardNumber: PkQ_R&amp#27;p!Z&amp#19;lKN%Q-
CCV: 222
ExpiryDate: 01/27
]]></system-err>
  </testcase>
  <testcase name="testCreditCardNumber16Characters" classname="uk.ac.ed.inf.OrderValidatorTest" time="0">
    <system-err><![CDATA[
 -- Order info 
OrderValidationCode: CARD_NUMBER_INVALID
OrderStatus: INVALID
OrderNo: 68619639
Order Contents: [Pizza[name=Pizza B, priceInPence=2400]]
PriceTotalInPence: 2500
 -- Credit card info 
CreditCardNumber: &amp#21;t&amp#31;&amp#19;[nim'He/$sc5
CCV: 222
ExpiryDate: 01/28
]]></system-err>
  </testcase>
  <testcase name="testCreditCardNumber16Characters" classname="uk.ac.ed.inf.OrderValidatorTest" time="0">
    <system-err><![CDATA[
 -- Order info 
OrderValidationCode: CARD_NUMBER_INVALID
OrderStatus: INVALID
OrderNo: 4A7B835D
Order Contents: [Pizza[name=Pizza C, priceInPence=2500]]
PriceTotalInPence: 2600
 -- Credit card info 
CreditCardNumber: zL&amp#8;,z	s`Q%Ua&amp#20;07&amp#6;
CCV: 222
ExpiryDate: 06/27
]]></system-err>
  </testcase>
  <testcase name="testCreditCardNumber16Characters" classname="uk.ac.ed.inf.OrderValidatorTest" time="0">
    <system-err><![CDATA[
 -- Order info 
OrderValidationCode: CARD_NUMBER_INVALID
OrderStatus: INVALID
OrderNo: 58810C58
Order Contents: [Pizza[name=Pizza A, priceInPence=2300]]
PriceTotalInPence: 2400
 -- Credit card info 
CreditCardNumber: g wG&amp#17;(8
+Je&amp#11;G~?
CCV: 222
ExpiryDate: 01/24
]]></system-err>
  </testcase>
  <testcase name="testCreditCardNumber16Characters" classname="uk.ac.ed.inf.OrderValidatorTest" time="0">
    <system-err><![CDATA[
 -- Order info 
OrderValidationCode: CARD_NUMBER_INVALID
OrderStatus: INVALID
OrderNo: 625E2CE0
Order Contents: [Pizza[name=Pizza A, priceInPence=2300]]
PriceTotalInPence: 2400
 -- Credit card info 
CreditCardNumber: &amp#7;fLR	h;X^zk&amp#22;)&amp#4;&amp#8;)
CCV: 222
ExpiryDate: 04/24
]]></system-err>
  </testcase>
  <testcase name="testCreditCardNumber16Characters" classname="uk.ac.ed.inf.OrderValidatorTest" time="0">
    <system-err><![CDATA[
 -- Order info 
OrderValidationCode: CARD_NUMBER_INVALID
OrderStatus: INVALID
OrderNo: 19589C75
Order Contents: [Pizza[name=Pizza A, priceInPence=2300]]
PriceTotalInPence: 2400
 -- Credit card info 
CreditCardNumber: b=]ShgN&amp#28;'
Q&amp#19;n&amp#8;&amp#20;6
CCV: 222
ExpiryDate: 10/28
]]></system-err>
  </testcase>
  <testcase name="testCreditCardNumber16Characters" classname="uk.ac.ed.inf.OrderValidatorTest" time="0">
    <system-err><![CDATA[
 -- Order info 
OrderValidationCode: CARD_NUMBER_INVALID
OrderStatus: INVALID
OrderNo: 65851BA3
Order Contents: [Pizza[name=Pizza A, priceInPence=2300]]
PriceTotalInPence: 2400
 -- Credit card info 
CreditCardNumber: &amp#15;&amp#3;&amp#4;sSmQ6}gYWbp&amp#24;c
CCV: 222
ExpiryDate: 08/27
]]></system-err>
  </testcase>
  <testcase name="testCreditCardNumber16Characters" classname="uk.ac.ed.inf.OrderValidatorTest" time="0">
    <system-err><![CDATA[
 -- Order info 
OrderValidationCode: CARD_NUMBER_INVALID
OrderStatus: INVALID
OrderNo: 6F1E069B
Order Contents: [Pizza[name=Pizza B, priceInPence=2400]]
PriceTotalInPence: 2500
 -- Credit card info 
CreditCardNumber: UX&amp#0;&amp#4;W&amp#11;0&amp#24;
ZW<}zk
CCV: 222
ExpiryDate: 09/29
]]></system-err>
  </testcase>
  <testcase name="testCreditCardNumber16Characters" classname="uk.ac.ed.inf.OrderValidatorTest" time="0">
    <system-err><![CDATA[
 -- Order info 
OrderValidationCode: CARD_NUMBER_INVALID
OrderStatus: INVALID
OrderNo: 5A400F81
Order Contents: [Pizza[name=Pizza C, priceInPence=2500]]
PriceTotalInPence: 2600
 -- Credit card info 
CreditCardNumber: MIAl&amp#23;^q*2G|BSA&amp#31;&amp#2;
CCV: 222
ExpiryDate: 06/28
]]></system-err>
  </testcase>
  <testcase name="testCreditCardNumber16Characters" classname="uk.ac.ed.inf.OrderValidatorTest" time="0">
    <system-err><![CDATA[
 -- Order info 
OrderValidationCode: CARD_NUMBER_INVALID
OrderStatus: INVALID
OrderNo: 4E67AA67
Order Contents: [Pizza[name=Pizza C, priceInPence=2500]]
PriceTotalInPence: 2600
 -- Credit card info 
CreditCardNumber: F&amp#12;M&amp#1;J]y=@EzEb&amp#8;?K
CCV: 222
ExpiryDate: 05/26
]]></system-err>
  </testcase>
  <testcase name="testCreditCardNumber16Characters" classname="uk.ac.ed.inf.OrderValidatorTest" time="0">
    <system-err><![CDATA[
 -- Order info 
OrderValidationCode: CARD_NUMBER_INVALID
OrderStatus: INVALID
OrderNo: 4B4AE488
Order Contents: [Pizza[name=Pizza C, priceInPence=2500]]
PriceTotalInPence: 2600
 -- Credit card info 
CreditCardNumber: ,\&amp#23;;ph&amp#25;&amp#28;}(AF[l&amp#14;&amp#4;
CCV: 222
ExpiryDate: 05/25
]]></system-err>
  </testcase>
  <testcase name="testCreditCardNumber16Characters" classname="uk.ac.ed.inf.OrderValidatorTest" time="0">
    <system-err><![CDATA[
 -- Order info 
OrderValidationCode: CARD_NUMBER_INVALID
OrderStatus: INVALID
OrderNo: 4AF45156
Order Contents: [Pizza[name=Pizza B, priceInPence=2400]]
PriceTotalInPence: 2500
 -- Credit card info 
CreditCardNumber: 9e;&amp#0;'#sI&amp#12;u&amp#21;Zfv>
CCV: 222
ExpiryDate: 05/26
]]></system-err>
  </testcase>
  <testcase name="testCreditCardNumber16Characters" classname="uk.ac.ed.inf.OrderValidatorTest" time="0">
    <system-err><![CDATA[
 -- Order info 
OrderValidationCode: CARD_NUMBER_INVALID
OrderStatus: INVALID
OrderNo: 22E550BE
Order Contents: [Pizza[name=Pizza B, priceInPence=2400]]
PriceTotalInPence: 2500
 -- Credit card info 
CreditCardNumber: 9&amp#19;"(x&amp#30;&amp#14;)L9T&amp#26;&amp#15;&amp#0;y"
CCV: 222
ExpiryDate: 07/28
]]></system-err>
  </testcase>
  <testcase name="testCreditCardNumber16Characters" classname="uk.ac.ed.inf.OrderValidatorTest" time="0">
    <system-err><![CDATA[
 -- Order info 
OrderValidationCode: CARD_NUMBER_INVALID
OrderStatus: INVALID
OrderNo: 7CA29A1E
Order Contents: [Pizza[name=Pizza C, priceInPence=2500]]
PriceTotalInPence: 2600
 -- Credit card info 
CreditCardNumber: M+&amp#28;u6q>uZ$~&amp#7;]&amp#29;0e
CCV: 222
ExpiryDate: 09/24
]]></system-err>
  </testcase>
  <testcase name="testCreditCardNumber16Characters" classname="uk.ac.ed.inf.OrderValidatorTest" time="0">
    <system-err><![CDATA[
 -- Order info 
OrderValidationCode: CARD_NUMBER_INVALID
OrderStatus: INVALID
OrderNo: 1C8F4FE2
Order Contents: [Pizza[name=Pizza B, priceInPence=2400]]
PriceTotalInPence: 2500
 -- Credit card info 
CreditCardNumber: /s6&amp#21;WN\b2&amp#21;	&amp#4;.&amp#17;&amp#24;F
CCV: 222
ExpiryDate: 05/24
]]></system-err>
  </testcase>
  <testcase name="testCreditCardNumber16Characters" classname="uk.ac.ed.inf.OrderValidatorTest" time="0">
    <system-err><![CDATA[
 -- Order info 
OrderValidationCode: CARD_NUMBER_INVALID
OrderStatus: INVALID
OrderNo: 18508B49
Order Contents: [Pizza[name=Pizza C, priceInPence=2500]]
PriceTotalInPence: 2600
 -- Credit card info 
CreditCardNumber: _&amp#26;Se&amp#24;.ys2&amp#21;/r%&amp#4;Y?
CCV: 222
ExpiryDate: 02/29
]]></system-err>
  </testcase>
  <testcase name="testCreditCardNumber16Characters" classname="uk.ac.ed.inf.OrderValidatorTest" time="0">
    <system-err><![CDATA[
 -- Order info 
OrderValidationCode: CARD_NUMBER_INVALID
OrderStatus: INVALID
OrderNo: 507437C7
Order Contents: [Pizza[name=Pizza A, priceInPence=2300]]
PriceTotalInPence: 2400
 -- Credit card info 
CreditCardNumber: <I&amp#0;&amp#30;X	&amp#28;deWm7p4y
CCV: 222
ExpiryDate: 06/25
]]></system-err>
  </testcase>
  <testcase name="testCreditCardNumber16Characters" classname="uk.ac.ed.inf.OrderValidatorTest" time="0.015">
    <system-err><![CDATA[
 -- Order info 
OrderValidationCode: CARD_NUMBER_INVALID
OrderStatus: INVALID
OrderNo: 69CEC2A6
Order Contents: [Pizza[name=Pizza B, priceInPence=2400]]
PriceTotalInPence: 2500
 -- Credit card info 
CreditCardNumber: &amp#17;M!&amp#7;:#~x4e+}UyIq
CCV: 222
ExpiryDate: 04/24
]]></system-err>
  </testcase>
  <testcase name="testCreditCardNumber16Characters" classname="uk.ac.ed.inf.OrderValidatorTest" time="0">
    <system-err><![CDATA[
 -- Order info 
OrderValidationCode: CARD_NUMBER_INVALID
OrderStatus: INVALID
OrderNo: 12097136
Order Contents: [Pizza[name=Pizza C, priceInPence=2500]]
PriceTotalInPence: 2600
 -- Credit card info 
CreditCardNumber: 0"(v<&amp#16;
A^&amp#31;d&amp#18;cq}8
CCV: 222
ExpiryDate: 11/28
]]></system-err>
  </testcase>
  <testcase name="testCreditCardNumber16Characters" classname="uk.ac.ed.inf.OrderValidatorTest" time="0">
    <system-err><![CDATA[
 -- Order info 
OrderValidationCode: CARD_NUMBER_INVALID
OrderStatus: INVALID
OrderNo: 79856BD8
Order Contents: [Pizza[name=Pizza C, priceInPence=2500]]
PriceTotalInPence: 2600
 -- Credit card info 
CreditCardNumber: bhe\k&amp#24;5&amp#30;K9n&amp#6;c=	&amp#17;
CCV: 222
ExpiryDate: 07/26
]]></system-err>
  </testcase>
  <testcase name="testCreditCardNumber16Characters" classname="uk.ac.ed.inf.OrderValidatorTest" time="0">
    <system-err><![CDATA[
 -- Order info 
OrderValidationCode: CARD_NUMBER_INVALID
OrderStatus: INVALID
OrderNo: 121BE2D9
Order Contents: [Pizza[name=Pizza C, priceInPence=2500]]
PriceTotalInPence: 2600
 -- Credit card info 
CreditCardNumber: 4q8!`
)O&amp#8;t8P&amp#12;&amp#16;&amp#24;b
CCV: 222
ExpiryDate: 08/29
]]></system-err>
  </testcase>
  <testcase name="testCreditCardNumber16Characters" classname="uk.ac.ed.inf.OrderValidatorTest" time="0">
    <system-err><![CDATA[
 -- Order info 
OrderValidationCode: CARD_NUMBER_INVALID
OrderStatus: INVALID
OrderNo: 29906E09
Order Contents: [Pizza[name=Pizza C, priceInPence=2500]]
PriceTotalInPence: 2600
 -- Credit card info 
CreditCardNumber: BE&amp#1;^xD&amp#12;&amp#31;k&amp#14;(&amp#8;$Ide
CCV: 222
ExpiryDate: 03/27
]]></system-err>
  </testcase>
  <testcase name="testCreditCardNumber16Characters" classname="uk.ac.ed.inf.OrderValidatorTest" time="0">
    <system-err><![CDATA[
 -- Order info 
OrderValidationCode: CARD_NUMBER_INVALID
OrderStatus: INVALID
OrderNo: 0613F6F8
Order Contents: [Pizza[name=Pizza C, priceInPence=2500]]
PriceTotalInPence: 2600
 -- Credit card info 
CreditCardNumber: 9&amp#30;Pyu$
^]&amp#29;&amp#14;aK*c&amp#25;
CCV: 222
ExpiryDate: 11/28
]]></system-err>
  </testcase>
  <testcase name="testCreditCardNumber16Characters" classname="uk.ac.ed.inf.OrderValidatorTest" time="0">
    <system-err><![CDATA[
 -- Order info 
OrderValidationCode: CARD_NUMBER_INVALID
OrderStatus: INVALID
OrderNo: 2AE28A99
Order Contents: [Pizza[name=Pizza A, priceInPence=2300]]
PriceTotalInPence: 2400
 -- Credit card info 
CreditCardNumber: G1G&amp#0;w&amp#23;&amp#20;9 ;&amp#29;&amp#1;3"1g
CCV: 222
ExpiryDate: 03/29
]]></system-err>
  </testcase>
  <testcase name="testCreditCardNumber16Characters" classname="uk.ac.ed.inf.OrderValidatorTest" time="0">
    <system-err><![CDATA[
 -- Order info 
OrderValidationCode: CARD_NUMBER_INVALID
OrderStatus: INVALID
OrderNo: 3375E356
Order Contents: [Pizza[name=Pizza B, priceInPence=2400]]
PriceTotalInPence: 2500
 -- Credit card info 
CreditCardNumber: @Xk'R&amp#23;xals&amp#18;AM2KF
CCV: 222
ExpiryDate: 09/25
]]></system-err>
  </testcase>
  <testcase name="testCreditCardNumber16Characters" classname="uk.ac.ed.inf.OrderValidatorTest" time="0">
    <system-err><![CDATA[
 -- Order info 
OrderValidationCode: CARD_NUMBER_INVALID
OrderStatus: INVALID
OrderNo: 7DE915C9
Order Contents: [Pizza[name=Pizza A, priceInPence=2300]]
PriceTotalInPence: 2400
 -- Credit card info 
CreditCardNumber: h{&amp#20;	1/R=:aUS&amp#6;i}&amp#27;
CCV: 222
ExpiryDate: 08/29
]]></system-err>
  </testcase>
  <testcase name="testCreditCardNumber16Characters" classname="uk.ac.ed.inf.OrderValidatorTest" time="0">
    <system-err><![CDATA[
 -- Order info 
OrderValidationCode: CARD_NUMBER_INVALID
OrderStatus: INVALID
OrderNo: 3451A38C
Order Contents: [Pizza[name=Pizza B, priceInPence=2400]]
PriceTotalInPence: 2500
 -- Credit card info 
CreditCardNumber: 3_Ii2$&amp#12;&amp#14;&amp#20;0`V7&amp#6; %
CCV: 222
ExpiryDate: 09/26
]]></system-err>
  </testcase>
  <testcase name="testCreditCardNumber16Characters" classname="uk.ac.ed.inf.OrderValidatorTest" time="0">
    <system-err><![CDATA[
 -- Order info 
OrderValidationCode: CARD_NUMBER_INVALID
OrderStatus: INVALID
OrderNo: 0DABB210
Order Contents: [Pizza[name=Pizza A, priceInPence=2300]]
PriceTotalInPence: 2400
 -- Credit card info 
CreditCardNumber: j^
&amp#23;GvE&amp#17;S`
ipF&amp#4;u
CCV: 222
ExpiryDate: 11/29
]]></system-err>
  </testcase>
  <testcase name="testCreditCardNumber16Characters" classname="uk.ac.ed.inf.OrderValidatorTest" time="0.016">
    <system-err><![CDATA[
 -- Order info 
OrderValidationCode: CARD_NUMBER_INVALID
OrderStatus: INVALID
OrderNo: 39711E74
Order Contents: [Pizza[name=Pizza C, priceInPence=2500]]
PriceTotalInPence: 2600
 -- Credit card info 
CreditCardNumber: V&amp#28;3mXz{~&amp#2;Kt&amp#14;&amp#11;DH&amp#1;
CCV: 222
ExpiryDate: 05/29
]]></system-err>
  </testcase>
  <testcase name="testCreditCardNumber16Characters" classname="uk.ac.ed.inf.OrderValidatorTest" time="0">
    <system-err><![CDATA[
 -- Order info 
OrderValidationCode: CARD_NUMBER_INVALID
OrderStatus: INVALID
OrderNo: 0D5A0409
Order Contents: [Pizza[name=Pizza C, priceInPence=2500]]
PriceTotalInPence: 2600
 -- Credit card info 
CreditCardNumber: g&amp#27;&amp#6;O&amp#5;842&amp#3;o+`Y&amp#16;a
CCV: 222
ExpiryDate: 08/27
]]></system-err>
  </testcase>
  <testcase name="testCreditCardNumber16Characters" classname="uk.ac.ed.inf.OrderValidatorTest" time="0">
    <system-err><![CDATA[
 -- Order info 
OrderValidationCode: CARD_NUMBER_INVALID
OrderStatus: INVALID
OrderNo: 3ED61629
Order Contents: [Pizza[name=Pizza B, priceInPence=2400]]
PriceTotalInPence: 2500
 -- Credit card info 
CreditCardNumber: #E8m4&amp#29;Z)f#&amp#15;lcO&amp#16;
CCV: 222
ExpiryDate: 03/24
]]></system-err>
  </testcase>
  <testcase name="testCreditCardNumber16Characters" classname="uk.ac.ed.inf.OrderValidatorTest" time="0">
    <system-err><![CDATA[
 -- Order info 
OrderValidationCode: CARD_NUMBER_INVALID
OrderStatus: INVALID
OrderNo: 74050FF3
Order Contents: [Pizza[name=Pizza A, priceInPence=2300]]
PriceTotalInPence: 2400
 -- Credit card info 
CreditCardNumber: &amp#24;/A&amp#1;1:~&amp#3;1K&amp#6;&amp#25;S@)
CCV: 222
ExpiryDate: 06/24
]]></system-err>
  </testcase>
  <testcase name="testCreditCardNumber16Characters" classname="uk.ac.ed.inf.OrderValidatorTest" time="0">
    <system-err><![CDATA[
 -- Order info 
OrderValidationCode: CARD_NUMBER_INVALID
OrderStatus: INVALID
OrderNo: 3AAF7DE6
Order Contents: [Pizza[name=Pizza A, priceInPence=2300]]
PriceTotalInPence: 2400
 -- Credit card info 
CreditCardNumber: &amp#18;e&amp#19;Z&amp#25;L&amp#0;&amp#23;QMm&amp#21;:N&amp#18;&amp#5;
CCV: 222
ExpiryDate: 06/29
]]></system-err>
  </testcase>
  <testcase name="testCreditCardNumber16Characters" classname="uk.ac.ed.inf.OrderValidatorTest" time="0">
    <system-err><![CDATA[
 -- Order info 
OrderValidationCode: CARD_NUMBER_INVALID
OrderStatus: INVALID
OrderNo: 05CE9DA0
Order Contents: [Pizza[name=Pizza A, priceInPence=2300]]
PriceTotalInPence: 2400
 -- Credit card info 
CreditCardNumber: C&amp#14;ACxd4@&x&amp#19;Bo@P
CCV: 222
ExpiryDate: 08/26
]]></system-err>
  </testcase>
  <testcase name="testCreditCardNumber16Characters" classname="uk.ac.ed.inf.OrderValidatorTest" time="0">
    <system-err><![CDATA[
 -- Order info 
OrderValidationCode: CARD_NUMBER_INVALID
OrderStatus: INVALID
OrderNo: 3B1D57B9
Order Contents: [Pizza[name=Pizza A, priceInPence=2300]]
PriceTotalInPence: 2400
 -- Credit card info 
CreditCardNumber: &amp#21;w\g&amp#31;)|Ft"(gUT%R
CCV: 222
ExpiryDate: 04/25
]]></system-err>
  </testcase>
  <testcase name="testCreditCardNumber16Characters" classname="uk.ac.ed.inf.OrderValidatorTest" time="0">
    <system-err><![CDATA[
 -- Order info 
OrderValidationCode: CARD_NUMBER_INVALID
OrderStatus: INVALID
OrderNo: 3C422487
Order Contents: [Pizza[name=Pizza B, priceInPence=2400]]
PriceTotalInPence: 2500
 -- Credit card info 
CreditCardNumber: }R&amp#3;g	Ao_4	D&amp#27;sYu&amp#27;
CCV: 222
ExpiryDate: 09/29
]]></system-err>
  </testcase>
  <testcase name="testCreditCardNumber16Characters" classname="uk.ac.ed.inf.OrderValidatorTest" time="0">
    <system-err><![CDATA[
 -- Order info 
OrderValidationCode: CARD_NUMBER_INVALID
OrderStatus: INVALID
OrderNo: 7FAA80CD
Order Contents: [Pizza[name=Pizza B, priceInPence=2400]]
PriceTotalInPence: 2500
 -- Credit card info 
CreditCardNumber: Pu/#&amp#12;B)&amp#15;&amp#1;$T&amp#14;&amp#11;6$=
CCV: 222
ExpiryDate: 10/24
]]></system-err>
  </testcase>
  <testcase name="testCreditCardNumber16Characters" classname="uk.ac.ed.inf.OrderValidatorTest" time="0">
    <system-err><![CDATA[
 -- Order info 
OrderValidationCode: CARD_NUMBER_INVALID
OrderStatus: INVALID
OrderNo: 7323445B
Order Contents: [Pizza[name=Pizza B, priceInPence=2400]]
PriceTotalInPence: 2500
 -- Credit card info 
CreditCardNumber: %.
&amp#27;7ZU&amp#29;&amp#15;VU&amp#22;.M8]
CCV: 222
ExpiryDate: 05/28
]]></system-err>
  </testcase>
  <testcase name="testCreditCardNumber16Characters" classname="uk.ac.ed.inf.OrderValidatorTest" time="0">
    <system-err><![CDATA[
 -- Order info 
OrderValidationCode: CARD_NUMBER_INVALID
OrderStatus: INVALID
OrderNo: 0E653EA5
Order Contents: [Pizza[name=Pizza C, priceInPence=2500]]
PriceTotalInPence: 2600
 -- Credit card info 
CreditCardNumber: X&amp#14;j	4g+N5:&amp#24;7{&amp#8;&amp#5;%
CCV: 222
ExpiryDate: 04/28
]]></system-err>
  </testcase>
  <testcase name="testCreditCardNumber16Characters" classname="uk.ac.ed.inf.OrderValidatorTest" time="0">
    <system-err><![CDATA[
 -- Order info 
OrderValidationCode: CARD_NUMBER_INVALID
OrderStatus: INVALID
OrderNo: 7AF85FAA
Order Contents: [Pizza[name=Pizza B, priceInPence=2400]]
PriceTotalInPence: 2500
 -- Credit card info 
CreditCardNumber: @6/>e8iHmniRli&amp#6;B
CCV: 222
ExpiryDate: 08/25
]]></system-err>
  </testcase>
  <testcase name="testCreditCardNumber16Characters" classname="uk.ac.ed.inf.OrderValidatorTest" time="0">
    <system-err><![CDATA[
 -- Order info 
OrderValidationCode: CARD_NUMBER_INVALID
OrderStatus: INVALID
OrderNo: 71FFBB1D
Order Contents: [Pizza[name=Pizza B, priceInPence=2400]]
PriceTotalInPence: 2500
 -- Credit card info 
CreditCardNumber: }c=0&amp#16;+"`5&amp#29;9fxK+3
CCV: 222
ExpiryDate: 04/29
]]></system-err>
  </testcase>
  <testcase name="testCreditCardNumber16Characters" classname="uk.ac.ed.inf.OrderValidatorTest" time="0">
    <system-err><![CDATA[
 -- Order info 
OrderValidationCode: CARD_NUMBER_INVALID
OrderStatus: INVALID
OrderNo: 25969AC2
Order Contents: [Pizza[name=Pizza A, priceInPence=2300]]
PriceTotalInPence: 2400
 -- Credit card info 
CreditCardNumber: &amp#29;5iA&amp#28;&amp#24;DImT7^&amp#26;&amp#20;U-
CCV: 222
ExpiryDate: 03/27
]]></system-err>
  </testcase>
  <testcase name="testCreditCardNumber16Characters" classname="uk.ac.ed.inf.OrderValidatorTest" time="0">
    <system-err><![CDATA[
 -- Order info 
OrderValidationCode: CARD_NUMBER_INVALID
OrderStatus: INVALID
OrderNo: 7869980A
Order Contents: [Pizza[name=Pizza A, priceInPence=2300]]
PriceTotalInPence: 2400
 -- Credit card info 
CreditCardNumber: kr&amp#24;&amp#5;A
I0&amp#7;a&amp#8;^1jQK
CCV: 222
ExpiryDate: 09/29
]]></system-err>
  </testcase>
  <testcase name="testCreditCardNumber16Characters" classname="uk.ac.ed.inf.OrderValidatorTest" time="0">
    <system-err><![CDATA[
 -- Order info 
OrderValidationCode: CARD_NUMBER_INVALID
OrderStatus: INVALID
OrderNo: 0BFA8C37
Order Contents: [Pizza[name=Pizza C, priceInPence=2500]]
PriceTotalInPence: 2600
 -- Credit card info 
CreditCardNumber: l!npb&amp#16;&amp#1;y"$@xBcph
CCV: 222
ExpiryDate: 03/24
]]></system-err>
  </testcase>
  <testcase name="testCreditCardNumber16Characters" classname="uk.ac.ed.inf.OrderValidatorTest" time="0">
    <system-err><![CDATA[
 -- Order info 
OrderValidationCode: CARD_NUMBER_INVALID
OrderStatus: INVALID
OrderNo: 7B2C046D
Order Contents: [Pizza[name=Pizza C, priceInPence=2500]]
PriceTotalInPence: 2600
 -- Credit card info 
CreditCardNumber: )":><8~&amp#29;(&amp#28;n &amp#0;wt
CCV: 222
ExpiryDate: 09/26
]]></system-err>
  </testcase>
  <testcase name="testCreditCardNumber16Characters" classname="uk.ac.ed.inf.OrderValidatorTest" time="0">
    <system-err><![CDATA[
 -- Order info 
OrderValidationCode: CARD_NUMBER_INVALID
OrderStatus: INVALID
OrderNo: 7FCB8300
Order Contents: [Pizza[name=Pizza A, priceInPence=2300]]
PriceTotalInPence: 2400
 -- Credit card info 
CreditCardNumber: )vN*oi5!@&amp#20;?&amp#6;3Z&amp#4;-
CCV: 222
ExpiryDate: 06/26
]]></system-err>
  </testcase>
  <testcase name="testCreditCardNumber16Characters" classname="uk.ac.ed.inf.OrderValidatorTest" time="0">
    <system-err><![CDATA[
 -- Order info 
OrderValidationCode: CARD_NUMBER_INVALID
OrderStatus: INVALID
OrderNo: 16054813
Order Contents: [Pizza[name=Pizza B, priceInPence=2400]]
PriceTotalInPence: 2500
 -- Credit card info 
CreditCardNumber: 7&amp#4;v~sH&amp#30;p&amp#20;FQ&amp#3;&amp#19;	&amp#2;&amp#20;
CCV: 222
ExpiryDate: 03/26
]]></system-err>
  </testcase>
  <testcase name="testCreditCardNumber16Characters" classname="uk.ac.ed.inf.OrderValidatorTest" time="0">
    <system-err><![CDATA[
 -- Order info 
OrderValidationCode: CARD_NUMBER_INVALID
OrderStatus: INVALID
OrderNo: 18711BBF
Order Contents: [Pizza[name=Pizza C, priceInPence=2500]]
PriceTotalInPence: 2600
 -- Credit card info 
CreditCardNumber: &amp#17;~Nw?b&amp#17;T~)jc&amp#11;J^
CCV: 222
ExpiryDate: 03/24
]]></system-err>
  </testcase>
  <testcase name="testCreditCardNumber16Characters" classname="uk.ac.ed.inf.OrderValidatorTest" time="0">
    <system-err><![CDATA[
 -- Order info 
OrderValidationCode: CARD_NUMBER_INVALID
OrderStatus: INVALID
OrderNo: 3056F8E5
Order Contents: [Pizza[name=Pizza A, priceInPence=2300]]
PriceTotalInPence: 2400
 -- Credit card info 
CreditCardNumber: `H`Ds~@{K&amp#30;a4Uw/2
CCV: 222
ExpiryDate: 02/29
]]></system-err>
  </testcase>
  <testcase name="testCreditCardNumber16Characters" classname="uk.ac.ed.inf.OrderValidatorTest" time="0">
    <system-err><![CDATA[
 -- Order info 
OrderValidationCode: CARD_NUMBER_INVALID
OrderStatus: INVALID
OrderNo: 7C8FCF88
Order Contents: [Pizza[name=Pizza C, priceInPence=2500]]
PriceTotalInPence: 2600
 -- Credit card info 
CreditCardNumber: uOqen&amp#23;&amp#11;3&amp#27;?\,cYia
CCV: 222
ExpiryDate: 10/26
]]></system-err>
  </testcase>
  <testcase name="testCreditCardNumber16Characters" classname="uk.ac.ed.inf.OrderValidatorTest" time="0">
    <system-err><![CDATA[
 -- Order info 
OrderValidationCode: CARD_NUMBER_INVALID
OrderStatus: INVALID
OrderNo: 095D61CE
Order Contents: [Pizza[name=Pizza B, priceInPence=2400]]
PriceTotalInPence: 2500
 -- Credit card info 
CreditCardNumber: ~}&amp#4;&amp#26;I&amp#20;v&amp#24;	}&amp#29;&amp#25;1:{&amp#30;
CCV: 222
ExpiryDate: 01/26
]]></system-err>
  </testcase>
  <testcase name="testCreditCardNumber16Characters" classname="uk.ac.ed.inf.OrderValidatorTest" time="0">
    <system-err><![CDATA[
 -- Order info 
OrderValidationCode: CARD_NUMBER_INVALID
OrderStatus: INVALID
OrderNo: 438114DB
Order Contents: [Pizza[name=Pizza C, priceInPence=2500]]
PriceTotalInPence: 2600
 -- Credit card info 
CreditCardNumber: *|,Mi&amp#14;O&amp#3;wwaN&amp#23;b&amp#12;s
CCV: 222
ExpiryDate: 09/25
]]></system-err>
  </testcase>
  <testcase name="testCreditCardNumber16Characters" classname="uk.ac.ed.inf.OrderValidatorTest" time="0">
    <system-err><![CDATA[
 -- Order info 
OrderValidationCode: CARD_NUMBER_INVALID
OrderStatus: INVALID
OrderNo: 57E0BBE5
Order Contents: [Pizza[name=Pizza C, priceInPence=2500]]
PriceTotalInPence: 2600
 -- Credit card info 
CreditCardNumber: :&amp#12;W&amp#26;:92kDD&amp#3;0r@C+
CCV: 222
ExpiryDate: 05/26
]]></system-err>
  </testcase>
  <testcase name="testCreditCardNumber16Characters" classname="uk.ac.ed.inf.OrderValidatorTest" time="0">
    <system-err><![CDATA[
 -- Order info 
OrderValidationCode: CARD_NUMBER_INVALID
OrderStatus: INVALID
OrderNo: 32DCD031
Order Contents: [Pizza[name=Pizza B, priceInPence=2400]]
PriceTotalInPence: 2500
 -- Credit card info 
CreditCardNumber: d]yv&amp#15;\;T&amp#11;fwI&amp#21;hA|
CCV: 222
ExpiryDate: 10/24
]]></system-err>
  </testcase>
  <testcase name="testCreditCardNumber16Characters" classname="uk.ac.ed.inf.OrderValidatorTest" time="0">
    <system-err><![CDATA[
 -- Order info 
OrderValidationCode: CARD_NUMBER_INVALID
OrderStatus: INVALID
OrderNo: 0FA62DE5
Order Contents: [Pizza[name=Pizza B, priceInPence=2400]]
PriceTotalInPence: 2500
 -- Credit card info 
CreditCardNumber: &amp#18;&amp#21;&amp#0;I&amp#5;&amp#7;2?K&amp#29;D#&amp#7;{&amp#26;^
CCV: 222
ExpiryDate: 03/28
]]></system-err>
  </testcase>
  <testcase name="testCreditCardNumber16Characters" classname="uk.ac.ed.inf.OrderValidatorTest" time="0">
    <system-err><![CDATA[
 -- Order info 
OrderValidationCode: CARD_NUMBER_INVALID
OrderStatus: INVALID
OrderNo: 7D6C330A
Order Contents: [Pizza[name=Pizza A, priceInPence=2300]]
PriceTotalInPence: 2400
 -- Credit card info 
CreditCardNumber: AT!s0+)H&amp#19;&amp#0;D&amp#5;\2&amp#19;"
CCV: 222
ExpiryDate: 05/25
]]></system-err>
  </testcase>
  <testcase name="testCreditCardNumber16Characters" classname="uk.ac.ed.inf.OrderValidatorTest" time="0">
    <system-err><![CDATA[
 -- Order info 
OrderValidationCode: CARD_NUMBER_INVALID
OrderStatus: INVALID
OrderNo: 4191841F
Order Contents: [Pizza[name=Pizza C, priceInPence=2500]]
PriceTotalInPence: 2600
 -- Credit card info 
CreditCardNumber: /&amp#16;*XMR2	Z&amp#15;&amp#7;#qc&I
CCV: 222
ExpiryDate: 03/26
]]></system-err>
  </testcase>
  <testcase name="testCreditCardNumber16Characters" classname="uk.ac.ed.inf.OrderValidatorTest" time="0">
    <system-err><![CDATA[
 -- Order info 
OrderValidationCode: CARD_NUMBER_INVALID
OrderStatus: INVALID
OrderNo: 3A0C977A
Order Contents: [Pizza[name=Pizza C, priceInPence=2500]]
PriceTotalInPence: 2600
 -- Credit card info 
CreditCardNumber: Op_e&amp#3;&amp#30;qo_rRD7.&amp#8;0
CCV: 222
ExpiryDate: 10/27
]]></system-err>
  </testcase>
  <testcase name="testCreditCardNumber16Characters" classname="uk.ac.ed.inf.OrderValidatorTest" time="0">
    <system-err><![CDATA[
 -- Order info 
OrderValidationCode: CARD_NUMBER_INVALID
OrderStatus: INVALID
OrderNo: 611E78A5
Order Contents: [Pizza[name=Pizza B, priceInPence=2400]]
PriceTotalInPence: 2500
 -- Credit card info 
CreditCardNumber: IgE`{&amp#27;Mj+Y90&amp#26;&amp#15;_
CCV: 222
ExpiryDate: 08/24
]]></system-err>
  </testcase>
  <testcase name="testCreditCardNumber16Characters" classname="uk.ac.ed.inf.OrderValidatorTest" time="0">
    <system-err><![CDATA[
 -- Order info 
OrderValidationCode: CARD_NUMBER_INVALID
OrderStatus: INVALID
OrderNo: 284AC6B3
Order Contents: [Pizza[name=Pizza A, priceInPence=2300]]
PriceTotalInPence: 2400
 -- Credit card info 
CreditCardNumber: Pia&amp#14;&amp#25;|0V-&amp#27;Q_&amp#16;ic

CCV: 222
ExpiryDate: 07/28
]]></system-err>
  </testcase>
  <testcase name="testCreditCardNumber16Characters" classname="uk.ac.ed.inf.OrderValidatorTest" time="0">
    <system-err><![CDATA[
 -- Order info 
OrderValidationCode: CARD_NUMBER_INVALID
OrderStatus: INVALID
OrderNo: 1E1E9D05
Order Contents: [Pizza[name=Pizza B, priceInPence=2400]]
PriceTotalInPence: 2500
 -- Credit card info 
CreditCardNumber: /`}|o#Z&amp#26;9)2;<&amp#27;<

CCV: 222
ExpiryDate: 06/28
]]></system-err>
  </testcase>
  <testcase name="testCreditCardNumber16Characters" classname="uk.ac.ed.inf.OrderValidatorTest" time="0">
    <system-err><![CDATA[
 -- Order info 
OrderValidationCode: CARD_NUMBER_INVALID
OrderStatus: INVALID
OrderNo: 40DAEA3B
Order Contents: [Pizza[name=Pizza B, priceInPence=2400]]
PriceTotalInPence: 2500
 -- Credit card info 
CreditCardNumber: &amp#11;A&amp#20;&amp#17;~Zr&amp#31;*]-D&amp#0;&amp#20;]F
CCV: 222
ExpiryDate: 06/25
]]></system-err>
  </testcase>
  <testcase name="testCreditCardNumber16Characters" classname="uk.ac.ed.inf.OrderValidatorTest" time="0">
    <system-err><![CDATA[
 -- Order info 
OrderValidationCode: CARD_NUMBER_INVALID
OrderStatus: INVALID
OrderNo: 3AB02A04
Order Contents: [Pizza[name=Pizza B, priceInPence=2400]]
PriceTotalInPence: 2500
 -- Credit card info 
CreditCardNumber: 0&amp#19;?Z}xy|V6JZ&amp#22;pJ
CCV: 222
ExpiryDate: 03/28
]]></system-err>
  </testcase>
  <testcase name="testCreditCardNumber16Characters" classname="uk.ac.ed.inf.OrderValidatorTest" time="0">
    <system-err><![CDATA[
 -- Order info 
OrderValidationCode: CARD_NUMBER_INVALID
OrderStatus: INVALID
OrderNo: 40ECE75B
Order Contents: [Pizza[name=Pizza B, priceInPence=2400]]
PriceTotalInPence: 2500
 -- Credit card info 
CreditCardNumber: i&amp#22;&amp#17;&,6&amp#8;Pf)s&amp#17;U+/#
CCV: 222
ExpiryDate: 01/29
]]></system-err>
  </testcase>
  <testcase name="testCreditCardNumber16Characters" classname="uk.ac.ed.inf.OrderValidatorTest" time="0">
    <system-err><![CDATA[
 -- Order info 
OrderValidationCode: CARD_NUMBER_INVALID
OrderStatus: INVALID
OrderNo: 1F5C26D8
Order Contents: [Pizza[name=Pizza C, priceInPence=2500]]
PriceTotalInPence: 2600
 -- Credit card info 
CreditCardNumber: r:|N&amp#2;xB&amp#16;?4~{Cd&amp#16;!
CCV: 222
ExpiryDate: 03/28
]]></system-err>
  </testcase>
  <testcase name="testCreditCardNumber16Characters" classname="uk.ac.ed.inf.OrderValidatorTest" time="0">
    <system-err><![CDATA[
 -- Order info 
OrderValidationCode: CARD_NUMBER_INVALID
OrderStatus: INVALID
OrderNo: 03C4C15A
Order Contents: [Pizza[name=Pizza A, priceInPence=2300]]
PriceTotalInPence: 2400
 -- Credit card info 
CreditCardNumber: 0baJ5`D&amp#5;'*Fr|%p
CCV: 222
ExpiryDate: 02/28
]]></system-err>
  </testcase>
  <testcase name="testCreditCardNumber16Characters" classname="uk.ac.ed.inf.OrderValidatorTest" time="0">
    <system-err><![CDATA[
 -- Order info 
OrderValidationCode: CARD_NUMBER_INVALID
OrderStatus: INVALID
OrderNo: 24294B25
Order Contents: [Pizza[name=Pizza C, priceInPence=2500]]
PriceTotalInPence: 2600
 -- Credit card info 
CreditCardNumber: $;g&amp#31;Sd!PB&amp#0;"{D&amp#12;%
CCV: 222
ExpiryDate: 05/27
]]></system-err>
  </testcase>
  <testcase name="testCreditCardNumber16Characters" classname="uk.ac.ed.inf.OrderValidatorTest" time="0">
    <system-err><![CDATA[
 -- Order info 
OrderValidationCode: CARD_NUMBER_INVALID
OrderStatus: INVALID
OrderNo: 5DC5BB00
Order Contents: [Pizza[name=Pizza C, priceInPence=2500]]
PriceTotalInPence: 2600
 -- Credit card info 
CreditCardNumber: &amp#25;Bx5O.d~d0"&amp#22;-
CCV: 222
ExpiryDate: 01/27
]]></system-err>
  </testcase>
  <testcase name="testCreditCardNumber16Characters" classname="uk.ac.ed.inf.OrderValidatorTest" time="0">
    <system-err><![CDATA[
 -- Order info 
OrderValidationCode: CARD_NUMBER_INVALID
OrderStatus: INVALID
OrderNo: 38017C36
Order Contents: [Pizza[name=Pizza C, priceInPence=2500]]
PriceTotalInPence: 2600
 -- Credit card info 
CreditCardNumber: &amp#12;&amp#16;&amp#21;&amp#7;WYxr&amp#16;MJYN7I]
CCV: 222
ExpiryDate: 03/24
]]></system-err>
  </testcase>
  <testcase name="testCreditCardNumber16Characters" classname="uk.ac.ed.inf.OrderValidatorTest" time="0">
    <system-err><![CDATA[
 -- Order info 
OrderValidationCode: CARD_NUMBER_INVALID
OrderStatus: INVALID
OrderNo: 68CD2BD2
Order Contents: [Pizza[name=Pizza C, priceInPence=2500]]
PriceTotalInPence: 2600
 -- Credit card info 
CreditCardNumber: &amp#24;v&amp#14;&amp#30;'A?&amp#25;&amp#2;qo"0n^
CCV: 222
ExpiryDate: 07/28
]]></system-err>
  </testcase>
  <testcase name="testCreditCardNumber16Characters" classname="uk.ac.ed.inf.OrderValidatorTest" time="0">
    <system-err><![CDATA[
 -- Order info 
OrderValidationCode: CARD_NUMBER_INVALID
OrderStatus: INVALID
OrderNo: 5897D6B7
Order Contents: [Pizza[name=Pizza C, priceInPence=2500]]
PriceTotalInPence: 2600
 -- Credit card info 
CreditCardNumber: L4$&amp#30;&amp#20;Z+#i .E5_
CCV: 222
ExpiryDate: 05/29
]]></system-err>
  </testcase>
  <testcase name="testCreditCardNumber16Characters" classname="uk.ac.ed.inf.OrderValidatorTest" time="0.016">
    <system-err><![CDATA[
 -- Order info 
OrderValidationCode: CARD_NUMBER_INVALID
OrderStatus: INVALID
OrderNo: 2718F216
Order Contents: [Pizza[name=Pizza B, priceInPence=2400]]
PriceTotalInPence: 2500
 -- Credit card info 
CreditCardNumber: 
7G&amp#20;*m&amp#0;q?v.s&amp#24;/k
CCV: 222
ExpiryDate: 06/27
]]></system-err>
  </testcase>
  <testcase name="testCreditCardNumber16Characters" classname="uk.ac.ed.inf.OrderValidatorTest" time="0">
    <system-err><![CDATA[
 -- Order info 
OrderValidationCode: CARD_NUMBER_INVALID
OrderStatus: INVALID
OrderNo: 4E0DEABF
Order Contents: [Pizza[name=Pizza B, priceInPence=2400]]
PriceTotalInPence: 2500
 -- Credit card info 
CreditCardNumber: DJi0F&amp#6;/{iSP(&amp#20;&amp#20;_J
CCV: 222
ExpiryDate: 07/27
]]></system-err>
  </testcase>
  <testcase name="testCreditCardNumber16Characters" classname="uk.ac.ed.inf.OrderValidatorTest" time="0">
    <system-err><![CDATA[
 -- Order info 
OrderValidationCode: CARD_NUMBER_INVALID
OrderStatus: INVALID
OrderNo: 472C7F7A
Order Contents: [Pizza[name=Pizza B, priceInPence=2400]]
PriceTotalInPence: 2500
 -- Credit card info 
CreditCardNumber: &!Fr &amp#4;8{\P&amp#23;"6&amp#28;&amp#22;&amp#15;
CCV: 222
ExpiryDate: 04/25
]]></system-err>
  </testcase>
  <testcase name="testCreditCardNumber16Characters" classname="uk.ac.ed.inf.OrderValidatorTest" time="0">
    <system-err><![CDATA[
 -- Order info 
OrderValidationCode: CARD_NUMBER_INVALID
OrderStatus: INVALID
OrderNo: 626544E8
Order Contents: [Pizza[name=Pizza A, priceInPence=2300]]
PriceTotalInPence: 2400
 -- Credit card info 
CreditCardNumber: &amp#2;M=$&amp#22;&amp#24;&amp#17;l&amp#19;?.WV&amp#7;&amp#11;
CCV: 222
ExpiryDate: 08/24
]]></system-err>
  </testcase>
  <testcase name="testCreditCardNumber16Characters" classname="uk.ac.ed.inf.OrderValidatorTest" time="0">
    <system-err><![CDATA[
 -- Order info 
OrderValidationCode: CARD_NUMBER_INVALID
OrderStatus: INVALID
OrderNo: 408C9091
Order Contents: [Pizza[name=Pizza C, priceInPence=2500]]
PriceTotalInPence: 2600
 -- Credit card info 
CreditCardNumber: g4&amp#28;8M	&amp#27;>be&amp#23;&amp#5;\GG&amp#17;
CCV: 222
ExpiryDate: 08/27
]]></system-err>
  </testcase>
  <testcase name="testCreditCardNumber16Characters" classname="uk.ac.ed.inf.OrderValidatorTest" time="0">
    <system-err><![CDATA[
 -- Order info 
OrderValidationCode: CARD_NUMBER_INVALID
OrderStatus: INVALID
OrderNo: 521D084E
Order Contents: [Pizza[name=Pizza C, priceInPence=2500]]
PriceTotalInPence: 2600
 -- Credit card info 
CreditCardNumber: &OH&amp#1;B6&amp#1;3h[8&amp#12;@
&amp#21;
CCV: 222
ExpiryDate: 03/25
]]></system-err>
  </testcase>
  <testcase name="testCreditCardNumber16Characters" classname="uk.ac.ed.inf.OrderValidatorTest" time="0">
    <system-err><![CDATA[
 -- Order info 
OrderValidationCode: CARD_NUMBER_INVALID
OrderStatus: INVALID
OrderNo: 2224D55F
Order Contents: [Pizza[name=Pizza A, priceInPence=2300]]
PriceTotalInPence: 2400
 -- Credit card info 
CreditCardNumber: GB9Tz ]G&amp#26;O;T/>,i
CCV: 222
ExpiryDate: 03/28
]]></system-err>
  </testcase>
  <testcase name="testCreditCardNumber16Characters" classname="uk.ac.ed.inf.OrderValidatorTest" time="0">
    <system-err><![CDATA[
 -- Order info 
OrderValidationCode: CARD_NUMBER_INVALID
OrderStatus: INVALID
OrderNo: 7A0AACAB
Order Contents: [Pizza[name=Pizza C, priceInPence=2500]]
PriceTotalInPence: 2600
 -- Credit card info 
CreditCardNumber: &amp#20;&amp#18;&amp#31;&amp#29;`w&amp#14;&amp#23;&amp#21;v[&amp#12;4Y&amp#21;k
CCV: 222
ExpiryDate: 10/28
]]></system-err>
  </testcase>
  <testcase name="testCreditCardNumber16Characters" classname="uk.ac.ed.inf.OrderValidatorTest" time="0">
    <system-err><![CDATA[
 -- Order info 
OrderValidationCode: CARD_NUMBER_INVALID
OrderStatus: INVALID
OrderNo: 18F988CA
Order Contents: [Pizza[name=Pizza C, priceInPence=2500]]
PriceTotalInPence: 2600
 -- Credit card info 
CreditCardNumber: &amp#3;AC&amp#29;&amp#16;3&amp#7;":&amp#31;&amp#17;1~ni{
CCV: 222
ExpiryDate: 11/26
]]></system-err>
  </testcase>
  <testcase name="testCreditCardNumber16Characters" classname="uk.ac.ed.inf.OrderValidatorTest" time="0">
    <system-err><![CDATA[
 -- Order info 
OrderValidationCode: CARD_NUMBER_INVALID
OrderStatus: INVALID
OrderNo: 7102F096
Order Contents: [Pizza[name=Pizza B, priceInPence=2400]]
PriceTotalInPence: 2500
 -- Credit card info 
CreditCardNumber: UF;)$T+&amp#24;[79;&amp#3;Oz4
CCV: 222
ExpiryDate: 03/24
]]></system-err>
  </testcase>
  <testcase name="testPizzaInSecondRestaurant" classname="uk.ac.ed.inf.OrderValidatorTest" time="0">
    <system-err><![CDATA[
 -- Order info 
OrderValidationCode: NO_ERROR
OrderStatus: VALID_BUT_NOT_DELIVERED
OrderNo: 29AE7BB2
Order Contents: [Pizza[name=Pizza B, priceInPence=2400]]
PriceTotalInPence: 2500
 -- Credit card info 
CreditCardNumber: 0000000000000000
CCV: 222
ExpiryDate: 06/27
]]></system-err>
  </testcase>
  <testcase name="testPizzaInSecondRestaurant" classname="uk.ac.ed.inf.OrderValidatorTest" time="0">
    <system-err><![CDATA[
 -- Order info 
OrderValidationCode: NO_ERROR
OrderStatus: VALID_BUT_NOT_DELIVERED
OrderNo: 1160ACA0
Order Contents: [Pizza[name=Pizza A, priceInPence=2300]]
PriceTotalInPence: 2400
 -- Credit card info 
CreditCardNumber: 0000000000000000
CCV: 222
ExpiryDate: 01/25
]]></system-err>
  </testcase>
  <testcase name="testPizzaInSecondRestaurant" classname="uk.ac.ed.inf.OrderValidatorTest" time="0">
    <system-err><![CDATA[
 -- Order info 
OrderValidationCode: NO_ERROR
OrderStatus: VALID_BUT_NOT_DELIVERED
OrderNo: 3D621401
Order Contents: [Pizza[name=Pizza B, priceInPence=2400]]
PriceTotalInPence: 2500
 -- Credit card info 
CreditCardNumber: 0000000000000000
CCV: 222
ExpiryDate: 10/27
]]></system-err>
  </testcase>
  <testcase name="testPizzaInSecondRestaurant" classname="uk.ac.ed.inf.OrderValidatorTest" time="0">
    <system-err><![CDATA[
 -- Order info 
OrderValidationCode: NO_ERROR
OrderStatus: VALID_BUT_NOT_DELIVERED
OrderNo: 720321CB
Order Contents: [Pizza[name=Pizza A, priceInPence=2300]]
PriceTotalInPence: 2400
 -- Credit card info 
CreditCardNumber: 0000000000000000
CCV: 222
ExpiryDate: 01/29
]]></system-err>
  </testcase>
  <testcase name="testPizzaInSecondRestaurant" classname="uk.ac.ed.inf.OrderValidatorTest" time="0">
    <system-err><![CDATA[
 -- Order info 
OrderValidationCode: NO_ERROR
OrderStatus: VALID_BUT_NOT_DELIVERED
OrderNo: 38B0A8EC
Order Contents: [Pizza[name=Pizza A, priceInPence=2300]]
PriceTotalInPence: 2400
 -- Credit card info 
CreditCardNumber: 0000000000000000
CCV: 222
ExpiryDate: 08/28
]]></system-err>
  </testcase>
  <testcase name="testPizzaInSecondRestaurant" classname="uk.ac.ed.inf.OrderValidatorTest" time="0">
    <system-err><![CDATA[
 -- Order info 
OrderValidationCode: NO_ERROR
OrderStatus: VALID_BUT_NOT_DELIVERED
OrderNo: 76B7BE4D
Order Contents: [Pizza[name=Pizza C, priceInPence=2500]]
PriceTotalInPence: 2600
 -- Credit card info 
CreditCardNumber: 0000000000000000
CCV: 222
ExpiryDate: 09/28
]]></system-err>
  </testcase>
  <testcase name="testPizzaInSecondRestaurant" classname="uk.ac.ed.inf.OrderValidatorTest" time="0">
    <system-err><![CDATA[
 -- Order info 
OrderValidationCode: NO_ERROR
OrderStatus: VALID_BUT_NOT_DELIVERED
OrderNo: 3791AE1D
Order Contents: [Pizza[name=Pizza B, priceInPence=2400]]
PriceTotalInPence: 2500
 -- Credit card info 
CreditCardNumber: 0000000000000000
CCV: 222
ExpiryDate: 10/27
]]></system-err>
  </testcase>
  <testcase name="testPizzaInSecondRestaurant" classname="uk.ac.ed.inf.OrderValidatorTest" time="0">
    <system-err><![CDATA[
 -- Order info 
OrderValidationCode: NO_ERROR
OrderStatus: VALID_BUT_NOT_DELIVERED
OrderNo: 67EB85CF
Order Contents: [Pizza[name=Pizza A, priceInPence=2300]]
PriceTotalInPence: 2400
 -- Credit card info 
CreditCardNumber: 0000000000000000
CCV: 222
ExpiryDate: 03/28
]]></system-err>
  </testcase>
  <testcase name="testPizzaInSecondRestaurant" classname="uk.ac.ed.inf.OrderValidatorTest" time="0">
    <system-err><![CDATA[
 -- Order info 
OrderValidationCode: NO_ERROR
OrderStatus: VALID_BUT_NOT_DELIVERED
OrderNo: 38F5E2C4
Order Contents: [Pizza[name=Pizza C, priceInPence=2500]]
PriceTotalInPence: 2600
 -- Credit card info 
CreditCardNumber: 0000000000000000
CCV: 222
ExpiryDate: 05/24
]]></system-err>
  </testcase>
  <testcase name="testPizzaInSecondRestaurant" classname="uk.ac.ed.inf.OrderValidatorTest" time="0">
    <system-err><![CDATA[
 -- Order info 
OrderValidationCode: NO_ERROR
OrderStatus: VALID_BUT_NOT_DELIVERED
OrderNo: 7800B090
Order Contents: [Pizza[name=Pizza A, priceInPence=2300]]
PriceTotalInPence: 2400
 -- Credit card info 
CreditCardNumber: 0000000000000000
CCV: 222
ExpiryDate: 02/28
]]></system-err>
  </testcase>
  <testcase name="testPizzaInSecondRestaurant" classname="uk.ac.ed.inf.OrderValidatorTest" time="0">
    <system-err><![CDATA[
 -- Order info 
OrderValidationCode: NO_ERROR
OrderStatus: VALID_BUT_NOT_DELIVERED
OrderNo: 18557AEF
Order Contents: [Pizza[name=Pizza A, priceInPence=2300]]
PriceTotalInPence: 2400
 -- Credit card info 
CreditCardNumber: 0000000000000000
CCV: 222
ExpiryDate: 03/24
]]></system-err>
  </testcase>
  <testcase name="testPizzaInSecondRestaurant" classname="uk.ac.ed.inf.OrderValidatorTest" time="0">
    <system-err><![CDATA[
 -- Order info 
OrderValidationCode: NO_ERROR
OrderStatus: VALID_BUT_NOT_DELIVERED
OrderNo: 14567FE9
Order Contents: [Pizza[name=Pizza A, priceInPence=2300]]
PriceTotalInPence: 2400
 -- Credit card info 
CreditCardNumber: 0000000000000000
CCV: 222
ExpiryDate: 08/24
]]></system-err>
  </testcase>
  <testcase name="testPizzaInSecondRestaurant" classname="uk.ac.ed.inf.OrderValidatorTest" time="0">
    <system-err><![CDATA[
 -- Order info 
OrderValidationCode: NO_ERROR
OrderStatus: VALID_BUT_NOT_DELIVERED
OrderNo: 65C99C95
Order Contents: [Pizza[name=Pizza B, priceInPence=2400]]
PriceTotalInPence: 2500
 -- Credit card info 
CreditCardNumber: 0000000000000000
CCV: 222
ExpiryDate: 04/27
]]></system-err>
  </testcase>
  <testcase name="testPizzaInSecondRestaurant" classname="uk.ac.ed.inf.OrderValidatorTest" time="0">
    <system-err><![CDATA[
 -- Order info 
OrderValidationCode: NO_ERROR
OrderStatus: VALID_BUT_NOT_DELIVERED
OrderNo: 311B197C
Order Contents: [Pizza[name=Pizza B, priceInPence=2400]]
PriceTotalInPence: 2500
 -- Credit card info 
CreditCardNumber: 0000000000000000
CCV: 222
ExpiryDate: 02/27
]]></system-err>
  </testcase>
  <testcase name="testPizzaInSecondRestaurant" classname="uk.ac.ed.inf.OrderValidatorTest" time="0">
    <system-err><![CDATA[
 -- Order info 
OrderValidationCode: NO_ERROR
OrderStatus: VALID_BUT_NOT_DELIVERED
OrderNo: 160B6F83
Order Contents: [Pizza[name=Pizza A, priceInPence=2300]]
PriceTotalInPence: 2400
 -- Credit card info 
CreditCardNumber: 0000000000000000
CCV: 222
ExpiryDate: 10/26
]]></system-err>
  </testcase>
  <testcase name="testPizzaInSecondRestaurant" classname="uk.ac.ed.inf.OrderValidatorTest" time="0">
    <system-err><![CDATA[
 -- Order info 
OrderValidationCode: NO_ERROR
OrderStatus: VALID_BUT_NOT_DELIVERED
OrderNo: 7343BCCA
Order Contents: [Pizza[name=Pizza C, priceInPence=2500]]
PriceTotalInPence: 2600
 -- Credit card info 
CreditCardNumber: 0000000000000000
CCV: 222
ExpiryDate: 01/29
]]></system-err>
  </testcase>
  <testcase name="testPizzaInSecondRestaurant" classname="uk.ac.ed.inf.OrderValidatorTest" time="0">
    <system-err><![CDATA[
 -- Order info 
OrderValidationCode: NO_ERROR
OrderStatus: VALID_BUT_NOT_DELIVERED
OrderNo: 6B60D182
Order Contents: [Pizza[name=Pizza C, priceInPence=2500]]
PriceTotalInPence: 2600
 -- Credit card info 
CreditCardNumber: 0000000000000000
CCV: 222
ExpiryDate: 01/24
]]></system-err>
  </testcase>
  <testcase name="testPizzaInSecondRestaurant" classname="uk.ac.ed.inf.OrderValidatorTest" time="0">
    <system-err><![CDATA[
 -- Order info 
OrderValidationCode: NO_ERROR
OrderStatus: VALID_BUT_NOT_DELIVERED
OrderNo: 3E827500
Order Contents: [Pizza[name=Pizza C, priceInPence=2500]]
PriceTotalInPence: 2600
 -- Credit card info 
CreditCardNumber: 0000000000000000
CCV: 222
ExpiryDate: 02/29
]]></system-err>
  </testcase>
  <testcase name="testPizzaInSecondRestaurant" classname="uk.ac.ed.inf.OrderValidatorTest" time="0">
    <system-err><![CDATA[
 -- Order info 
OrderValidationCode: NO_ERROR
OrderStatus: VALID_BUT_NOT_DELIVERED
OrderNo: 4B286F52
Order Contents: [Pizza[name=Pizza C, priceInPence=2500]]
PriceTotalInPence: 2600
 -- Credit card info 
CreditCardNumber: 0000000000000000
CCV: 222
ExpiryDate: 08/29
]]></system-err>
  </testcase>
  <testcase name="testPizzaInSecondRestaurant" classname="uk.ac.ed.inf.OrderValidatorTest" time="0">
    <system-err><![CDATA[
 -- Order info 
OrderValidationCode: NO_ERROR
OrderStatus: VALID_BUT_NOT_DELIVERED
OrderNo: 7A03ED45
Order Contents: [Pizza[name=Pizza B, priceInPence=2400]]
PriceTotalInPence: 2500
 -- Credit card info 
CreditCardNumber: 0000000000000000
CCV: 222
ExpiryDate: 02/26
]]></system-err>
  </testcase>
  <testcase name="testPizzaInSecondRestaurant" classname="uk.ac.ed.inf.OrderValidatorTest" time="0">
    <system-err><![CDATA[
 -- Order info 
OrderValidationCode: NO_ERROR
OrderStatus: VALID_BUT_NOT_DELIVERED
OrderNo: 2EB113A6
Order Contents: [Pizza[name=Pizza B, priceInPence=2400]]
PriceTotalInPence: 2500
 -- Credit card info 
CreditCardNumber: 0000000000000000
CCV: 222
ExpiryDate: 05/24
]]></system-err>
  </testcase>
  <testcase name="testPizzaInSecondRestaurant" classname="uk.ac.ed.inf.OrderValidatorTest" time="0">
    <system-err><![CDATA[
 -- Order info 
OrderValidationCode: NO_ERROR
OrderStatus: VALID_BUT_NOT_DELIVERED
OrderNo: 2DC3F07A
Order Contents: [Pizza[name=Pizza B, priceInPence=2400]]
PriceTotalInPence: 2500
 -- Credit card info 
CreditCardNumber: 0000000000000000
CCV: 222
ExpiryDate: 04/25
]]></system-err>
  </testcase>
  <testcase name="testPizzaInSecondRestaurant" classname="uk.ac.ed.inf.OrderValidatorTest" time="0">
    <system-err><![CDATA[
 -- Order info 
OrderValidationCode: NO_ERROR
OrderStatus: VALID_BUT_NOT_DELIVERED
OrderNo: 090388BA
Order Contents: [Pizza[name=Pizza A, priceInPence=2300]]
PriceTotalInPence: 2400
 -- Credit card info 
CreditCardNumber: 0000000000000000
CCV: 222
ExpiryDate: 10/26
]]></system-err>
  </testcase>
  <testcase name="testPizzaInSecondRestaurant" classname="uk.ac.ed.inf.OrderValidatorTest" time="0">
    <system-err><![CDATA[
 -- Order info 
OrderValidationCode: NO_ERROR
OrderStatus: VALID_BUT_NOT_DELIVERED
OrderNo: 226810AD
Order Contents: [Pizza[name=Pizza A, priceInPence=2300]]
PriceTotalInPence: 2400
 -- Credit card info 
CreditCardNumber: 0000000000000000
CCV: 222
ExpiryDate: 06/24
]]></system-err>
  </testcase>
  <testcase name="testPizzaInSecondRestaurant" classname="uk.ac.ed.inf.OrderValidatorTest" time="0">
    <system-err><![CDATA[
 -- Order info 
OrderValidationCode: NO_ERROR
OrderStatus: VALID_BUT_NOT_DELIVERED
OrderNo: 25A0D8D9
Order Contents: [Pizza[name=Pizza C, priceInPence=2500]]
PriceTotalInPence: 2600
 -- Credit card info 
CreditCardNumber: 0000000000000000
CCV: 222
ExpiryDate: 09/29
]]></system-err>
  </testcase>
  <testcase name="testPizzaInSecondRestaurant" classname="uk.ac.ed.inf.OrderValidatorTest" time="0">
    <system-err><![CDATA[
 -- Order info 
OrderValidationCode: NO_ERROR
OrderStatus: VALID_BUT_NOT_DELIVERED
OrderNo: 5C2F19C0
Order Contents: [Pizza[name=Pizza B, priceInPence=2400]]
PriceTotalInPence: 2500
 -- Credit card info 
CreditCardNumber: 0000000000000000
CCV: 222
ExpiryDate: 06/28
]]></system-err>
  </testcase>
  <testcase name="testPizzaInSecondRestaurant" classname="uk.ac.ed.inf.OrderValidatorTest" time="0">
    <system-err><![CDATA[
 -- Order info 
OrderValidationCode: NO_ERROR
OrderStatus: VALID_BUT_NOT_DELIVERED
OrderNo: 6FDE9449
Order Contents: [Pizza[name=Pizza B, priceInPence=2400]]
PriceTotalInPence: 2500
 -- Credit card info 
CreditCardNumber: 0000000000000000
CCV: 222
ExpiryDate: 11/28
]]></system-err>
  </testcase>
  <testcase name="testPizzaInSecondRestaurant" classname="uk.ac.ed.inf.OrderValidatorTest" time="0">
    <system-err><![CDATA[
 -- Order info 
OrderValidationCode: NO_ERROR
OrderStatus: VALID_BUT_NOT_DELIVERED
OrderNo: 3E5ABA27
Order Contents: [Pizza[name=Pizza C, priceInPence=2500]]
PriceTotalInPence: 2600
 -- Credit card info 
CreditCardNumber: 0000000000000000
CCV: 222
ExpiryDate: 06/25
]]></system-err>
  </testcase>
  <testcase name="testPizzaInSecondRestaurant" classname="uk.ac.ed.inf.OrderValidatorTest" time="0">
    <system-err><![CDATA[
 -- Order info 
OrderValidationCode: NO_ERROR
OrderStatus: VALID_BUT_NOT_DELIVERED
OrderNo: 756F09DD
Order Contents: [Pizza[name=Pizza C, priceInPence=2500]]
PriceTotalInPence: 2600
 -- Credit card info 
CreditCardNumber: 0000000000000000
CCV: 222
ExpiryDate: 11/29
]]></system-err>
  </testcase>
  <testcase name="testPizzaInSecondRestaurant" classname="uk.ac.ed.inf.OrderValidatorTest" time="0">
    <system-err><![CDATA[
 -- Order info 
OrderValidationCode: NO_ERROR
OrderStatus: VALID_BUT_NOT_DELIVERED
OrderNo: 2BC846B7
Order Contents: [Pizza[name=Pizza C, priceInPence=2500]]
PriceTotalInPence: 2600
 -- Credit card info 
CreditCardNumber: 0000000000000000
CCV: 222
ExpiryDate: 09/26
]]></system-err>
  </testcase>
  <testcase name="testPizzaInSecondRestaurant" classname="uk.ac.ed.inf.OrderValidatorTest" time="0">
    <system-err><![CDATA[
 -- Order info 
OrderValidationCode: NO_ERROR
OrderStatus: VALID_BUT_NOT_DELIVERED
OrderNo: 347B90DE
Order Contents: [Pizza[name=Pizza B, priceInPence=2400]]
PriceTotalInPence: 2500
 -- Credit card info 
CreditCardNumber: 0000000000000000
CCV: 222
ExpiryDate: 04/27
]]></system-err>
  </testcase>
  <testcase name="testPizzaInSecondRestaurant" classname="uk.ac.ed.inf.OrderValidatorTest" time="0">
    <system-err><![CDATA[
 -- Order info 
OrderValidationCode: NO_ERROR
OrderStatus: VALID_BUT_NOT_DELIVERED
OrderNo: 4A334E12
Order Contents: [Pizza[name=Pizza C, priceInPence=2500]]
PriceTotalInPence: 2600
 -- Credit card info 
CreditCardNumber: 0000000000000000
CCV: 222
ExpiryDate: 04/28
]]></system-err>
  </testcase>
  <testcase name="testPizzaInSecondRestaurant" classname="uk.ac.ed.inf.OrderValidatorTest" time="0">
    <system-err><![CDATA[
 -- Order info 
OrderValidationCode: NO_ERROR
OrderStatus: VALID_BUT_NOT_DELIVERED
OrderNo: 19744640
Order Contents: [Pizza[name=Pizza B, priceInPence=2400]]
PriceTotalInPence: 2500
 -- Credit card info 
CreditCardNumber: 0000000000000000
CCV: 222
ExpiryDate: 09/26
]]></system-err>
  </testcase>
  <testcase name="testPizzaInSecondRestaurant" classname="uk.ac.ed.inf.OrderValidatorTest" time="0">
    <system-err><![CDATA[
 -- Order info 
OrderValidationCode: NO_ERROR
OrderStatus: VALID_BUT_NOT_DELIVERED
OrderNo: 5E726DBE
Order Contents: [Pizza[name=Pizza B, priceInPence=2400]]
PriceTotalInPence: 2500
 -- Credit card info 
CreditCardNumber: 0000000000000000
CCV: 222
ExpiryDate: 04/24
]]></system-err>
  </testcase>
  <testcase name="testPizzaInSecondRestaurant" classname="uk.ac.ed.inf.OrderValidatorTest" time="0">
    <system-err><![CDATA[
 -- Order info 
OrderValidationCode: NO_ERROR
OrderStatus: VALID_BUT_NOT_DELIVERED
OrderNo: 775BCE3D
Order Contents: [Pizza[name=Pizza C, priceInPence=2500]]
PriceTotalInPence: 2600
 -- Credit card info 
CreditCardNumber: 0000000000000000
CCV: 222
ExpiryDate: 07/26
]]></system-err>
  </testcase>
  <testcase name="testPizzaInSecondRestaurant" classname="uk.ac.ed.inf.OrderValidatorTest" time="0">
    <system-err><![CDATA[
 -- Order info 
OrderValidationCode: NO_ERROR
OrderStatus: VALID_BUT_NOT_DELIVERED
OrderNo: 0C51569C
Order Contents: [Pizza[name=Pizza B, priceInPence=2400]]
PriceTotalInPence: 2500
 -- Credit card info 
CreditCardNumber: 0000000000000000
CCV: 222
ExpiryDate: 11/26
]]></system-err>
  </testcase>
  <testcase name="testPizzaInSecondRestaurant" classname="uk.ac.ed.inf.OrderValidatorTest" time="0">
    <system-err><![CDATA[
 -- Order info 
OrderValidationCode: NO_ERROR
OrderStatus: VALID_BUT_NOT_DELIVERED
OrderNo: 03C89740
Order Contents: [Pizza[name=Pizza C, priceInPence=2500]]
PriceTotalInPence: 2600
 -- Credit card info 
CreditCardNumber: 0000000000000000
CCV: 222
ExpiryDate: 09/29
]]></system-err>
  </testcase>
  <testcase name="testPizzaInSecondRestaurant" classname="uk.ac.ed.inf.OrderValidatorTest" time="0">
    <system-err><![CDATA[
 -- Order info 
OrderValidationCode: NO_ERROR
OrderStatus: VALID_BUT_NOT_DELIVERED
OrderNo: 351ACA53
Order Contents: [Pizza[name=Pizza C, priceInPence=2500]]
PriceTotalInPence: 2600
 -- Credit card info 
CreditCardNumber: 0000000000000000
CCV: 222
ExpiryDate: 04/27
]]></system-err>
  </testcase>
  <testcase name="testPizzaInSecondRestaurant" classname="uk.ac.ed.inf.OrderValidatorTest" time="0">
    <system-err><![CDATA[
 -- Order info 
OrderValidationCode: NO_ERROR
OrderStatus: VALID_BUT_NOT_DELIVERED
OrderNo: 380B82F5
Order Contents: [Pizza[name=Pizza C, priceInPence=2500]]
PriceTotalInPence: 2600
 -- Credit card info 
CreditCardNumber: 0000000000000000
CCV: 222
ExpiryDate: 09/28
]]></system-err>
  </testcase>
  <testcase name="testPizzaInSecondRestaurant" classname="uk.ac.ed.inf.OrderValidatorTest" time="0">
    <system-err><![CDATA[
 -- Order info 
OrderValidationCode: NO_ERROR
OrderStatus: VALID_BUT_NOT_DELIVERED
OrderNo: 6DB79504
Order Contents: [Pizza[name=Pizza B, priceInPence=2400]]
PriceTotalInPence: 2500
 -- Credit card info 
CreditCardNumber: 0000000000000000
CCV: 222
ExpiryDate: 09/26
]]></system-err>
  </testcase>
  <testcase name="testPizzaInSecondRestaurant" classname="uk.ac.ed.inf.OrderValidatorTest" time="0">
    <system-err><![CDATA[
 -- Order info 
OrderValidationCode: NO_ERROR
OrderStatus: VALID_BUT_NOT_DELIVERED
OrderNo: 63ACF69A
Order Contents: [Pizza[name=Pizza B, priceInPence=2400]]
PriceTotalInPence: 2500
 -- Credit card info 
CreditCardNumber: 0000000000000000
CCV: 222
ExpiryDate: 08/29
]]></system-err>
  </testcase>
  <testcase name="testPizzaInSecondRestaurant" classname="uk.ac.ed.inf.OrderValidatorTest" time="0">
    <system-err><![CDATA[
 -- Order info 
OrderValidationCode: NO_ERROR
OrderStatus: VALID_BUT_NOT_DELIVERED
OrderNo: 32B36739
Order Contents: [Pizza[name=Pizza B, priceInPence=2400]]
PriceTotalInPence: 2500
 -- Credit card info 
CreditCardNumber: 0000000000000000
CCV: 222
ExpiryDate: 11/29
]]></system-err>
  </testcase>
  <testcase name="testPizzaInSecondRestaurant" classname="uk.ac.ed.inf.OrderValidatorTest" time="0">
    <system-err><![CDATA[
 -- Order info 
OrderValidationCode: NO_ERROR
OrderStatus: VALID_BUT_NOT_DELIVERED
OrderNo: 001AB0E4
Order Contents: [Pizza[name=Pizza A, priceInPence=2300]]
PriceTotalInPence: 2400
 -- Credit card info 
CreditCardNumber: 0000000000000000
CCV: 222
ExpiryDate: 09/24
]]></system-err>
  </testcase>
  <testcase name="testPizzaInSecondRestaurant" classname="uk.ac.ed.inf.OrderValidatorTest" time="0">
    <system-err><![CDATA[
 -- Order info 
OrderValidationCode: NO_ERROR
OrderStatus: VALID_BUT_NOT_DELIVERED
OrderNo: 40036FA1
Order Contents: [Pizza[name=Pizza A, priceInPence=2300]]
PriceTotalInPence: 2400
 -- Credit card info 
CreditCardNumber: 0000000000000000
CCV: 222
ExpiryDate: 11/29
]]></system-err>
  </testcase>
  <testcase name="testPizzaInSecondRestaurant" classname="uk.ac.ed.inf.OrderValidatorTest" time="0">
    <system-err><![CDATA[
 -- Order info 
OrderValidationCode: NO_ERROR
OrderStatus: VALID_BUT_NOT_DELIVERED
OrderNo: 3822CC73
Order Contents: [Pizza[name=Pizza A, priceInPence=2300]]
PriceTotalInPence: 2400
 -- Credit card info 
CreditCardNumber: 0000000000000000
CCV: 222
ExpiryDate: 11/27
]]></system-err>
  </testcase>
  <testcase name="testPizzaInSecondRestaurant" classname="uk.ac.ed.inf.OrderValidatorTest" time="0">
    <system-err><![CDATA[
 -- Order info 
OrderValidationCode: NO_ERROR
OrderStatus: VALID_BUT_NOT_DELIVERED
OrderNo: 62A757E8
Order Contents: [Pizza[name=Pizza A, priceInPence=2300]]
PriceTotalInPence: 2400
 -- Credit card info 
CreditCardNumber: 0000000000000000
CCV: 222
ExpiryDate: 07/26
]]></system-err>
  </testcase>
  <testcase name="testPizzaInSecondRestaurant" classname="uk.ac.ed.inf.OrderValidatorTest" time="0">
    <system-err><![CDATA[
 -- Order info 
OrderValidationCode: NO_ERROR
OrderStatus: VALID_BUT_NOT_DELIVERED
OrderNo: 53DDF387
Order Contents: [Pizza[name=Pizza C, priceInPence=2500]]
PriceTotalInPence: 2600
 -- Credit card info 
CreditCardNumber: 0000000000000000
CCV: 222
ExpiryDate: 05/28
]]></system-err>
  </testcase>
  <testcase name="testPizzaInSecondRestaurant" classname="uk.ac.ed.inf.OrderValidatorTest" time="0">
    <system-err><![CDATA[
 -- Order info 
OrderValidationCode: NO_ERROR
OrderStatus: VALID_BUT_NOT_DELIVERED
OrderNo: 6E7D8B23
Order Contents: [Pizza[name=Pizza A, priceInPence=2300]]
PriceTotalInPence: 2400
 -- Credit card info 
CreditCardNumber: 0000000000000000
CCV: 222
ExpiryDate: 04/24
]]></system-err>
  </testcase>
  <testcase name="testPizzaInSecondRestaurant" classname="uk.ac.ed.inf.OrderValidatorTest" time="0">
    <system-err><![CDATA[
 -- Order info 
OrderValidationCode: NO_ERROR
OrderStatus: VALID_BUT_NOT_DELIVERED
OrderNo: 43CC7543
Order Contents: [Pizza[name=Pizza B, priceInPence=2400]]
PriceTotalInPence: 2500
 -- Credit card info 
CreditCardNumber: 0000000000000000
CCV: 222
ExpiryDate: 02/27
]]></system-err>
  </testcase>
  <testcase name="testPizzaInSecondRestaurant" classname="uk.ac.ed.inf.OrderValidatorTest" time="0">
    <system-err><![CDATA[
 -- Order info 
OrderValidationCode: NO_ERROR
OrderStatus: VALID_BUT_NOT_DELIVERED
OrderNo: 3420EE07
Order Contents: [Pizza[name=Pizza B, priceInPence=2400]]
PriceTotalInPence: 2500
 -- Credit card info 
CreditCardNumber: 0000000000000000
CCV: 222
ExpiryDate: 11/24
]]></system-err>
  </testcase>
  <testcase name="testPizzaInSecondRestaurant" classname="uk.ac.ed.inf.OrderValidatorTest" time="0">
    <system-err><![CDATA[
 -- Order info 
OrderValidationCode: NO_ERROR
OrderStatus: VALID_BUT_NOT_DELIVERED
OrderNo: 4C30CB1A
Order Contents: [Pizza[name=Pizza C, priceInPence=2500]]
PriceTotalInPence: 2600
 -- Credit card info 
CreditCardNumber: 0000000000000000
CCV: 222
ExpiryDate: 05/29
]]></system-err>
  </testcase>
  <testcase name="testPizzaInSecondRestaurant" classname="uk.ac.ed.inf.OrderValidatorTest" time="0">
    <system-err><![CDATA[
 -- Order info 
OrderValidationCode: NO_ERROR
OrderStatus: VALID_BUT_NOT_DELIVERED
OrderNo: 4B439C66
Order Contents: [Pizza[name=Pizza B, priceInPence=2400]]
PriceTotalInPence: 2500
 -- Credit card info 
CreditCardNumber: 0000000000000000
CCV: 222
ExpiryDate: 06/25
]]></system-err>
  </testcase>
  <testcase name="testPizzaInSecondRestaurant" classname="uk.ac.ed.inf.OrderValidatorTest" time="0">
    <system-err><![CDATA[
 -- Order info 
OrderValidationCode: NO_ERROR
OrderStatus: VALID_BUT_NOT_DELIVERED
OrderNo: 45560C0C
Order Contents: [Pizza[name=Pizza A, priceInPence=2300]]
PriceTotalInPence: 2400
 -- Credit card info 
CreditCardNumber: 0000000000000000
CCV: 222
ExpiryDate: 11/28
]]></system-err>
  </testcase>
  <testcase name="testPizzaInSecondRestaurant" classname="uk.ac.ed.inf.OrderValidatorTest" time="0">
    <system-err><![CDATA[
 -- Order info 
OrderValidationCode: NO_ERROR
OrderStatus: VALID_BUT_NOT_DELIVERED
OrderNo: 728F1EB6
Order Contents: [Pizza[name=Pizza A, priceInPence=2300]]
PriceTotalInPence: 2400
 -- Credit card info 
CreditCardNumber: 0000000000000000
CCV: 222
ExpiryDate: 02/28
]]></system-err>
  </testcase>
  <testcase name="testPizzaInSecondRestaurant" classname="uk.ac.ed.inf.OrderValidatorTest" time="0">
    <system-err><![CDATA[
 -- Order info 
OrderValidationCode: NO_ERROR
OrderStatus: VALID_BUT_NOT_DELIVERED
OrderNo: 294C3A35
Order Contents: [Pizza[name=Pizza C, priceInPence=2500]]
PriceTotalInPence: 2600
 -- Credit card info 
CreditCardNumber: 0000000000000000
CCV: 222
ExpiryDate: 08/26
]]></system-err>
  </testcase>
  <testcase name="testPizzaInSecondRestaurant" classname="uk.ac.ed.inf.OrderValidatorTest" time="0">
    <system-err><![CDATA[
 -- Order info 
OrderValidationCode: NO_ERROR
OrderStatus: VALID_BUT_NOT_DELIVERED
OrderNo: 2D02A8B8
Order Contents: [Pizza[name=Pizza A, priceInPence=2300]]
PriceTotalInPence: 2400
 -- Credit card info 
CreditCardNumber: 0000000000000000
CCV: 222
ExpiryDate: 04/25
]]></system-err>
  </testcase>
  <testcase name="testPizzaInSecondRestaurant" classname="uk.ac.ed.inf.OrderValidatorTest" time="0">
    <system-err><![CDATA[
 -- Order info 
OrderValidationCode: NO_ERROR
OrderStatus: VALID_BUT_NOT_DELIVERED
OrderNo: 29ACAAD9
Order Contents: [Pizza[name=Pizza A, priceInPence=2300]]
PriceTotalInPence: 2400
 -- Credit card info 
CreditCardNumber: 0000000000000000
CCV: 222
ExpiryDate: 04/27
]]></system-err>
  </testcase>
  <testcase name="testPizzaInSecondRestaurant" classname="uk.ac.ed.inf.OrderValidatorTest" time="0">
    <system-err><![CDATA[
 -- Order info 
OrderValidationCode: NO_ERROR
OrderStatus: VALID_BUT_NOT_DELIVERED
OrderNo: 61CC90E0
Order Contents: [Pizza[name=Pizza A, priceInPence=2300]]
PriceTotalInPence: 2400
 -- Credit card info 
CreditCardNumber: 0000000000000000
CCV: 222
ExpiryDate: 06/28
]]></system-err>
  </testcase>
  <testcase name="testPizzaInSecondRestaurant" classname="uk.ac.ed.inf.OrderValidatorTest" time="0">
    <system-err><![CDATA[
 -- Order info 
OrderValidationCode: NO_ERROR
OrderStatus: VALID_BUT_NOT_DELIVERED
OrderNo: 3C1C5F13
Order Contents: [Pizza[name=Pizza C, priceInPence=2500]]
PriceTotalInPence: 2600
 -- Credit card info 
CreditCardNumber: 0000000000000000
CCV: 222
ExpiryDate: 09/28
]]></system-err>
  </testcase>
  <testcase name="testPizzaInSecondRestaurant" classname="uk.ac.ed.inf.OrderValidatorTest" time="0">
    <system-err><![CDATA[
 -- Order info 
OrderValidationCode: NO_ERROR
OrderStatus: VALID_BUT_NOT_DELIVERED
OrderNo: 7A1B9A86
Order Contents: [Pizza[name=Pizza A, priceInPence=2300]]
PriceTotalInPence: 2400
 -- Credit card info 
CreditCardNumber: 0000000000000000
CCV: 222
ExpiryDate: 05/29
]]></system-err>
  </testcase>
  <testcase name="testPizzaInSecondRestaurant" classname="uk.ac.ed.inf.OrderValidatorTest" time="0">
    <system-err><![CDATA[
 -- Order info 
OrderValidationCode: NO_ERROR
OrderStatus: VALID_BUT_NOT_DELIVERED
OrderNo: 7C13B833
Order Contents: [Pizza[name=Pizza C, priceInPence=2500]]
PriceTotalInPence: 2600
 -- Credit card info 
CreditCardNumber: 0000000000000000
CCV: 222
ExpiryDate: 10/26
]]></system-err>
  </testcase>
  <testcase name="testPizzaInSecondRestaurant" classname="uk.ac.ed.inf.OrderValidatorTest" time="0">
    <system-err><![CDATA[
 -- Order info 
OrderValidationCode: NO_ERROR
OrderStatus: VALID_BUT_NOT_DELIVERED
OrderNo: 0C408999
Order Contents: [Pizza[name=Pizza B, priceInPence=2400]]
PriceTotalInPence: 2500
 -- Credit card info 
CreditCardNumber: 0000000000000000
CCV: 222
ExpiryDate: 04/26
]]></system-err>
  </testcase>
  <testcase name="testPizzaInSecondRestaurant" classname="uk.ac.ed.inf.OrderValidatorTest" time="0">
    <system-err><![CDATA[
 -- Order info 
OrderValidationCode: NO_ERROR
OrderStatus: VALID_BUT_NOT_DELIVERED
OrderNo: 4A300004
Order Contents: [Pizza[name=Pizza B, priceInPence=2400]]
PriceTotalInPence: 2500
 -- Credit card info 
CreditCardNumber: 0000000000000000
CCV: 222
ExpiryDate: 07/27
]]></system-err>
  </testcase>
  <testcase name="testPizzaInSecondRestaurant" classname="uk.ac.ed.inf.OrderValidatorTest" time="0">
    <system-err><![CDATA[
 -- Order info 
OrderValidationCode: NO_ERROR
OrderStatus: VALID_BUT_NOT_DELIVERED
OrderNo: 7F446BB3
Order Contents: [Pizza[name=Pizza A, priceInPence=2300]]
PriceTotalInPence: 2400
 -- Credit card info 
CreditCardNumber: 0000000000000000
CCV: 222
ExpiryDate: 08/27
]]></system-err>
  </testcase>
  <testcase name="testPizzaInSecondRestaurant" classname="uk.ac.ed.inf.OrderValidatorTest" time="0">
    <system-err><![CDATA[
 -- Order info 
OrderValidationCode: NO_ERROR
OrderStatus: VALID_BUT_NOT_DELIVERED
OrderNo: 56FC8501
Order Contents: [Pizza[name=Pizza A, priceInPence=2300]]
PriceTotalInPence: 2400
 -- Credit card info 
CreditCardNumber: 0000000000000000
CCV: 222
ExpiryDate: 02/29
]]></system-err>
  </testcase>
  <testcase name="testPizzaInSecondRestaurant" classname="uk.ac.ed.inf.OrderValidatorTest" time="0">
    <system-err><![CDATA[
 -- Order info 
OrderValidationCode: NO_ERROR
OrderStatus: VALID_BUT_NOT_DELIVERED
OrderNo: 6C0724C7
Order Contents: [Pizza[name=Pizza B, priceInPence=2400]]
PriceTotalInPence: 2500
 -- Credit card info 
CreditCardNumber: 0000000000000000
CCV: 222
ExpiryDate: 10/24
]]></system-err>
  </testcase>
  <testcase name="testPizzaInSecondRestaurant" classname="uk.ac.ed.inf.OrderValidatorTest" time="0.016">
    <system-err><![CDATA[
 -- Order info 
OrderValidationCode: NO_ERROR
OrderStatus: VALID_BUT_NOT_DELIVERED
OrderNo: 5649306F
Order Contents: [Pizza[name=Pizza A, priceInPence=2300]]
PriceTotalInPence: 2400
 -- Credit card info 
CreditCardNumber: 0000000000000000
CCV: 222
ExpiryDate: 02/28
]]></system-err>
  </testcase>
  <testcase name="testPizzaInSecondRestaurant" classname="uk.ac.ed.inf.OrderValidatorTest" time="0">
    <system-err><![CDATA[
 -- Order info 
OrderValidationCode: NO_ERROR
OrderStatus: VALID_BUT_NOT_DELIVERED
OrderNo: 07EBC4F9
Order Contents: [Pizza[name=Pizza B, priceInPence=2400]]
PriceTotalInPence: 2500
 -- Credit card info 
CreditCardNumber: 0000000000000000
CCV: 222
ExpiryDate: 11/26
]]></system-err>
  </testcase>
  <testcase name="testPizzaInSecondRestaurant" classname="uk.ac.ed.inf.OrderValidatorTest" time="0">
    <system-err><![CDATA[
 -- Order info 
OrderValidationCode: NO_ERROR
OrderStatus: VALID_BUT_NOT_DELIVERED
OrderNo: 6627FAA2
Order Contents: [Pizza[name=Pizza B, priceInPence=2400]]
PriceTotalInPence: 2500
 -- Credit card info 
CreditCardNumber: 0000000000000000
CCV: 222
ExpiryDate: 04/28
]]></system-err>
  </testcase>
  <testcase name="testPizzaInSecondRestaurant" classname="uk.ac.ed.inf.OrderValidatorTest" time="0">
    <system-err><![CDATA[
 -- Order info 
OrderValidationCode: NO_ERROR
OrderStatus: VALID_BUT_NOT_DELIVERED
OrderNo: 599E736F
Order Contents: [Pizza[name=Pizza C, priceInPence=2500]]
PriceTotalInPence: 2600
 -- Credit card info 
CreditCardNumber: 0000000000000000
CCV: 222
ExpiryDate: 05/25
]]></system-err>
  </testcase>
  <testcase name="testPizzaInSecondRestaurant" classname="uk.ac.ed.inf.OrderValidatorTest" time="0">
    <system-err><![CDATA[
 -- Order info 
OrderValidationCode: NO_ERROR
OrderStatus: VALID_BUT_NOT_DELIVERED
OrderNo: 59E5F05F
Order Contents: [Pizza[name=Pizza C, priceInPence=2500]]
PriceTotalInPence: 2600
 -- Credit card info 
CreditCardNumber: 0000000000000000
CCV: 222
ExpiryDate: 11/25
]]></system-err>
  </testcase>
  <testcase name="testPizzaInSecondRestaurant" classname="uk.ac.ed.inf.OrderValidatorTest" time="0">
    <system-err><![CDATA[
 -- Order info 
OrderValidationCode: NO_ERROR
OrderStatus: VALID_BUT_NOT_DELIVERED
OrderNo: 733FB987
Order Contents: [Pizza[name=Pizza C, priceInPence=2500]]
PriceTotalInPence: 2600
 -- Credit card info 
CreditCardNumber: 0000000000000000
CCV: 222
ExpiryDate: 03/28
]]></system-err>
  </testcase>
  <testcase name="testPizzaInSecondRestaurant" classname="uk.ac.ed.inf.OrderValidatorTest" time="0">
    <system-err><![CDATA[
 -- Order info 
OrderValidationCode: NO_ERROR
OrderStatus: VALID_BUT_NOT_DELIVERED
OrderNo: 6A0051B1
Order Contents: [Pizza[name=Pizza C, priceInPence=2500]]
PriceTotalInPence: 2600
 -- Credit card info 
CreditCardNumber: 0000000000000000
CCV: 222
ExpiryDate: 03/26
]]></system-err>
  </testcase>
  <testcase name="testPizzaInSecondRestaurant" classname="uk.ac.ed.inf.OrderValidatorTest" time="0">
    <system-err><![CDATA[
 -- Order info 
OrderValidationCode: NO_ERROR
OrderStatus: VALID_BUT_NOT_DELIVERED
OrderNo: 7C032BFE
Order Contents: [Pizza[name=Pizza B, priceInPence=2400]]
PriceTotalInPence: 2500
 -- Credit card info 
CreditCardNumber: 0000000000000000
CCV: 222
ExpiryDate: 08/28
]]></system-err>
  </testcase>
  <testcase name="testPizzaInSecondRestaurant" classname="uk.ac.ed.inf.OrderValidatorTest" time="0">
    <system-err><![CDATA[
 -- Order info 
OrderValidationCode: NO_ERROR
OrderStatus: VALID_BUT_NOT_DELIVERED
OrderNo: 70E1E268
Order Contents: [Pizza[name=Pizza A, priceInPence=2300]]
PriceTotalInPence: 2400
 -- Credit card info 
CreditCardNumber: 0000000000000000
CCV: 222
ExpiryDate: 01/28
]]></system-err>
  </testcase>
  <testcase name="testPizzaInSecondRestaurant" classname="uk.ac.ed.inf.OrderValidatorTest" time="0">
    <system-err><![CDATA[
 -- Order info 
OrderValidationCode: NO_ERROR
OrderStatus: VALID_BUT_NOT_DELIVERED
OrderNo: 55577370
Order Contents: [Pizza[name=Pizza B, priceInPence=2400]]
PriceTotalInPence: 2500
 -- Credit card info 
CreditCardNumber: 0000000000000000
CCV: 222
ExpiryDate: 03/26
]]></system-err>
  </testcase>
  <testcase name="testPizzaInSecondRestaurant" classname="uk.ac.ed.inf.OrderValidatorTest" time="0">
    <system-err><![CDATA[
 -- Order info 
OrderValidationCode: NO_ERROR
OrderStatus: VALID_BUT_NOT_DELIVERED
OrderNo: 0339720C
Order Contents: [Pizza[name=Pizza A, priceInPence=2300]]
PriceTotalInPence: 2400
 -- Credit card info 
CreditCardNumber: 0000000000000000
CCV: 222
ExpiryDate: 02/27
]]></system-err>
  </testcase>
  <testcase name="testPizzaInSecondRestaurant" classname="uk.ac.ed.inf.OrderValidatorTest" time="0">
    <system-err><![CDATA[
 -- Order info 
OrderValidationCode: NO_ERROR
OrderStatus: VALID_BUT_NOT_DELIVERED
OrderNo: 660DDDA0
Order Contents: [Pizza[name=Pizza A, priceInPence=2300]]
PriceTotalInPence: 2400
 -- Credit card info 
CreditCardNumber: 0000000000000000
CCV: 222
ExpiryDate: 08/24
]]></system-err>
  </testcase>
  <testcase name="testPizzaInSecondRestaurant" classname="uk.ac.ed.inf.OrderValidatorTest" time="0">
    <system-err><![CDATA[
 -- Order info 
OrderValidationCode: NO_ERROR
OrderStatus: VALID_BUT_NOT_DELIVERED
OrderNo: 42A77629
Order Contents: [Pizza[name=Pizza C, priceInPence=2500]]
PriceTotalInPence: 2600
 -- Credit card info 
CreditCardNumber: 0000000000000000
CCV: 222
ExpiryDate: 06/28
]]></system-err>
  </testcase>
  <testcase name="testPizzaInSecondRestaurant" classname="uk.ac.ed.inf.OrderValidatorTest" time="0">
    <system-err><![CDATA[
 -- Order info 
OrderValidationCode: NO_ERROR
OrderStatus: VALID_BUT_NOT_DELIVERED
OrderNo: 6C5F342D
Order Contents: [Pizza[name=Pizza A, priceInPence=2300]]
PriceTotalInPence: 2400
 -- Credit card info 
CreditCardNumber: 0000000000000000
CCV: 222
ExpiryDate: 09/25
]]></system-err>
  </testcase>
  <testcase name="testPizzaInSecondRestaurant" classname="uk.ac.ed.inf.OrderValidatorTest" time="0">
    <system-err><![CDATA[
 -- Order info 
OrderValidationCode: NO_ERROR
OrderStatus: VALID_BUT_NOT_DELIVERED
OrderNo: 67235669
Order Contents: [Pizza[name=Pizza A, priceInPence=2300]]
PriceTotalInPence: 2400
 -- Credit card info 
CreditCardNumber: 0000000000000000
CCV: 222
ExpiryDate: 01/25
]]></system-err>
  </testcase>
  <testcase name="testPizzaInSecondRestaurant" classname="uk.ac.ed.inf.OrderValidatorTest" time="0">
    <system-err><![CDATA[
 -- Order info 
OrderValidationCode: NO_ERROR
OrderStatus: VALID_BUT_NOT_DELIVERED
OrderNo: 3E1BFA4D
Order Contents: [Pizza[name=Pizza C, priceInPence=2500]]
PriceTotalInPence: 2600
 -- Credit card info 
CreditCardNumber: 0000000000000000
CCV: 222
ExpiryDate: 07/25
]]></system-err>
  </testcase>
  <testcase name="testPizzaInSecondRestaurant" classname="uk.ac.ed.inf.OrderValidatorTest" time="0">
    <system-err><![CDATA[
 -- Order info 
OrderValidationCode: NO_ERROR
OrderStatus: VALID_BUT_NOT_DELIVERED
OrderNo: 651CBD49
Order Contents: [Pizza[name=Pizza B, priceInPence=2400]]
PriceTotalInPence: 2500
 -- Credit card info 
CreditCardNumber: 0000000000000000
CCV: 222
ExpiryDate: 07/24
]]></system-err>
  </testcase>
  <testcase name="testPizzaInSecondRestaurant" classname="uk.ac.ed.inf.OrderValidatorTest" time="0">
    <system-err><![CDATA[
 -- Order info 
OrderValidationCode: NO_ERROR
OrderStatus: VALID_BUT_NOT_DELIVERED
OrderNo: 7BBAAB14
Order Contents: [Pizza[name=Pizza B, priceInPence=2400]]
PriceTotalInPence: 2500
 -- Credit card info 
CreditCardNumber: 0000000000000000
CCV: 222
ExpiryDate: 08/29
]]></system-err>
  </testcase>
  <testcase name="testPizzaInSecondRestaurant" classname="uk.ac.ed.inf.OrderValidatorTest" time="0">
    <system-err><![CDATA[
 -- Order info 
OrderValidationCode: NO_ERROR
OrderStatus: VALID_BUT_NOT_DELIVERED
OrderNo: 086733EF
Order Contents: [Pizza[name=Pizza C, priceInPence=2500]]
PriceTotalInPence: 2600
 -- Credit card info 
CreditCardNumber: 0000000000000000
CCV: 222
ExpiryDate: 03/25
]]></system-err>
  </testcase>
  <testcase name="testPizzaInSecondRestaurant" classname="uk.ac.ed.inf.OrderValidatorTest" time="0">
    <system-err><![CDATA[
 -- Order info 
OrderValidationCode: NO_ERROR
OrderStatus: VALID_BUT_NOT_DELIVERED
OrderNo: 7BB6C4EF
Order Contents: [Pizza[name=Pizza B, priceInPence=2400]]
PriceTotalInPence: 2500
 -- Credit card info 
CreditCardNumber: 0000000000000000
CCV: 222
ExpiryDate: 03/24
]]></system-err>
  </testcase>
  <testcase name="testPizzaInSecondRestaurant" classname="uk.ac.ed.inf.OrderValidatorTest" time="0.014">
    <system-err><![CDATA[
 -- Order info 
OrderValidationCode: NO_ERROR
OrderStatus: VALID_BUT_NOT_DELIVERED
OrderNo: 7566E08D
Order Contents: [Pizza[name=Pizza A, priceInPence=2300]]
PriceTotalInPence: 2400
 -- Credit card info 
CreditCardNumber: 0000000000000000
CCV: 222
ExpiryDate: 06/28
]]></system-err>
  </testcase>
  <testcase name="testPizzaInSecondRestaurant" classname="uk.ac.ed.inf.OrderValidatorTest" time="0">
    <system-err><![CDATA[
 -- Order info 
OrderValidationCode: NO_ERROR
OrderStatus: VALID_BUT_NOT_DELIVERED
OrderNo: 03E6FC1B
Order Contents: [Pizza[name=Pizza B, priceInPence=2400]]
PriceTotalInPence: 2500
 -- Credit card info 
CreditCardNumber: 0000000000000000
CCV: 222
ExpiryDate: 05/29
]]></system-err>
  </testcase>
  <testcase name="testPizzaInSecondRestaurant" classname="uk.ac.ed.inf.OrderValidatorTest" time="0">
    <system-err><![CDATA[
 -- Order info 
OrderValidationCode: NO_ERROR
OrderStatus: VALID_BUT_NOT_DELIVERED
OrderNo: 7402D8FE
Order Contents: [Pizza[name=Pizza A, priceInPence=2300]]
PriceTotalInPence: 2400
 -- Credit card info 
CreditCardNumber: 0000000000000000
CCV: 222
ExpiryDate: 07/28
]]></system-err>
  </testcase>
  <testcase name="testPizzaInSecondRestaurant" classname="uk.ac.ed.inf.OrderValidatorTest" time="0.002">
    <system-err><![CDATA[
 -- Order info 
OrderValidationCode: NO_ERROR
OrderStatus: VALID_BUT_NOT_DELIVERED
OrderNo: 23E52E85
Order Contents: [Pizza[name=Pizza A, priceInPence=2300]]
PriceTotalInPence: 2400
 -- Credit card info 
CreditCardNumber: 0000000000000000
CCV: 222
ExpiryDate: 02/24
]]></system-err>
  </testcase>
  <testcase name="testPizzaInSecondRestaurant" classname="uk.ac.ed.inf.OrderValidatorTest" time="0">
    <system-err><![CDATA[
 -- Order info 
OrderValidationCode: NO_ERROR
OrderStatus: VALID_BUT_NOT_DELIVERED
OrderNo: 3FFEC2CE
Order Contents: [Pizza[name=Pizza B, priceInPence=2400]]
PriceTotalInPence: 2500
 -- Credit card info 
CreditCardNumber: 0000000000000000
CCV: 222
ExpiryDate: 10/25
]]></system-err>
  </testcase>
  <testcase name="testPizzaInSecondRestaurant" classname="uk.ac.ed.inf.OrderValidatorTest" time="0">
    <system-err><![CDATA[
 -- Order info 
OrderValidationCode: NO_ERROR
OrderStatus: VALID_BUT_NOT_DELIVERED
OrderNo: 0B362C1A
Order Contents: [Pizza[name=Pizza A, priceInPence=2300]]
PriceTotalInPence: 2400
 -- Credit card info 
CreditCardNumber: 0000000000000000
CCV: 222
ExpiryDate: 04/27
]]></system-err>
  </testcase>
  <testcase name="testPizzaInSecondRestaurant" classname="uk.ac.ed.inf.OrderValidatorTest" time="0">
    <system-err><![CDATA[
 -- Order info 
OrderValidationCode: NO_ERROR
OrderStatus: VALID_BUT_NOT_DELIVERED
OrderNo: 08202134
Order Contents: [Pizza[name=Pizza B, priceInPence=2400]]
PriceTotalInPence: 2500
 -- Credit card info 
CreditCardNumber: 0000000000000000
CCV: 222
ExpiryDate: 03/29
]]></system-err>
  </testcase>
  <testcase name="testPizzaInSecondRestaurant" classname="uk.ac.ed.inf.OrderValidatorTest" time="0">
    <system-err><![CDATA[
 -- Order info 
OrderValidationCode: NO_ERROR
OrderStatus: VALID_BUT_NOT_DELIVERED
OrderNo: 58B9790B
Order Contents: [Pizza[name=Pizza C, priceInPence=2500]]
PriceTotalInPence: 2600
 -- Credit card info 
CreditCardNumber: 0000000000000000
CCV: 222
ExpiryDate: 03/26
]]></system-err>
  </testcase>
  <testcase name="testPizzaInSecondRestaurant" classname="uk.ac.ed.inf.OrderValidatorTest" time="0">
    <system-err><![CDATA[
 -- Order info 
OrderValidationCode: NO_ERROR
OrderStatus: VALID_BUT_NOT_DELIVERED
OrderNo: 59CCF34C
Order Contents: [Pizza[name=Pizza A, priceInPence=2300]]
PriceTotalInPence: 2400
 -- Credit card info 
CreditCardNumber: 0000000000000000
CCV: 222
ExpiryDate: 04/25
]]></system-err>
  </testcase>
  <testcase name="testPizzaInSecondRestaurant" classname="uk.ac.ed.inf.OrderValidatorTest" time="0">
    <system-err><![CDATA[
 -- Order info 
OrderValidationCode: NO_ERROR
OrderStatus: VALID_BUT_NOT_DELIVERED
OrderNo: 083CDFD1
Order Contents: [Pizza[name=Pizza B, priceInPence=2400]]
PriceTotalInPence: 2500
 -- Credit card info 
CreditCardNumber: 0000000000000000
CCV: 222
ExpiryDate: 06/26
]]></system-err>
  </testcase>
  <testcase name="testPizzaInSecondRestaurant" classname="uk.ac.ed.inf.OrderValidatorTest" time="0">
    <system-err><![CDATA[
 -- Order info 
OrderValidationCode: NO_ERROR
OrderStatus: VALID_BUT_NOT_DELIVERED
OrderNo: 7A283ECC
Order Contents: [Pizza[name=Pizza A, priceInPence=2300]]
PriceTotalInPence: 2400
 -- Credit card info 
CreditCardNumber: 0000000000000000
CCV: 222
ExpiryDate: 04/25
]]></system-err>
  </testcase>
  <testcase name="testPizzaInSecondRestaurant" classname="uk.ac.ed.inf.OrderValidatorTest" time="0">
    <system-err><![CDATA[
 -- Order info 
OrderValidationCode: NO_ERROR
OrderStatus: VALID_BUT_NOT_DELIVERED
OrderNo: 7D98F6D4
Order Contents: [Pizza[name=Pizza A, priceInPence=2300]]
PriceTotalInPence: 2400
 -- Credit card info 
CreditCardNumber: 0000000000000000
CCV: 222
ExpiryDate: 04/28
]]></system-err>
  </testcase>
  <testcase name="testPizzaInSecondRestaurant" classname="uk.ac.ed.inf.OrderValidatorTest" time="0">
    <system-err><![CDATA[
 -- Order info 
OrderValidationCode: NO_ERROR
OrderStatus: VALID_BUT_NOT_DELIVERED
OrderNo: 5431D4F3
Order Contents: [Pizza[name=Pizza C, priceInPence=2500]]
PriceTotalInPence: 2600
 -- Credit card info 
CreditCardNumber: 0000000000000000
CCV: 222
ExpiryDate: 06/25
]]></system-err>
  </testcase>
  <testcase name="testPizzaInSecondRestaurant" classname="uk.ac.ed.inf.OrderValidatorTest" time="0">
    <system-err><![CDATA[
 -- Order info 
OrderValidationCode: NO_ERROR
OrderStatus: VALID_BUT_NOT_DELIVERED
OrderNo: 4692EF8B
Order Contents: [Pizza[name=Pizza A, priceInPence=2300]]
PriceTotalInPence: 2400
 -- Credit card info 
CreditCardNumber: 0000000000000000
CCV: 222
ExpiryDate: 08/28
]]></system-err>
  </testcase>
  <testcase name="testPizzaNotInRestaurant" classname="uk.ac.ed.inf.OrderValidatorTest" time="0">
    <system-err><![CDATA[
 -- Order info 
OrderValidationCode: PIZZA_NOT_DEFINED
OrderStatus: INVALID
OrderNo: 092CC4DD
Order Contents: [Pizza[name=Pizza B, priceInPence=2400]]
PriceTotalInPence: 2500
 -- Credit card info 
CreditCardNumber: 0000000000000000
CCV: 222
ExpiryDate: 03/24
]]></system-err>
  </testcase>
  <testcase name="testPizzaNotInRestaurant" classname="uk.ac.ed.inf.OrderValidatorTest" time="0">
    <system-err><![CDATA[
 -- Order info 
OrderValidationCode: PIZZA_NOT_DEFINED
OrderStatus: INVALID
OrderNo: 6EFAEFDA
Order Contents: [Pizza[name=Pizza C, priceInPence=2500]]
PriceTotalInPence: 2600
 -- Credit card info 
CreditCardNumber: 0000000000000000
CCV: 222
ExpiryDate: 08/28
]]></system-err>
  </testcase>
  <testcase name="testPizzaNotInRestaurant" classname="uk.ac.ed.inf.OrderValidatorTest" time="0.016">
    <system-err><![CDATA[
 -- Order info 
OrderValidationCode: PIZZA_NOT_DEFINED
OrderStatus: INVALID
OrderNo: 07025D02
Order Contents: [Pizza[name=Pizza C, priceInPence=2500]]
PriceTotalInPence: 2600
 -- Credit card info 
CreditCardNumber: 0000000000000000
CCV: 222
ExpiryDate: 06/24
]]></system-err>
  </testcase>
  <testcase name="testPizzaNotInRestaurant" classname="uk.ac.ed.inf.OrderValidatorTest" time="0">
    <system-err><![CDATA[
 -- Order info 
OrderValidationCode: PIZZA_NOT_DEFINED
OrderStatus: INVALID
OrderNo: 54057B06
Order Contents: [Pizza[name=Pizza B, priceInPence=2400]]
PriceTotalInPence: 2500
 -- Credit card info 
CreditCardNumber: 0000000000000000
CCV: 222
ExpiryDate: 04/27
]]></system-err>
  </testcase>
  <testcase name="testPizzaNotInRestaurant" classname="uk.ac.ed.inf.OrderValidatorTest" time="0">
    <system-err><![CDATA[
 -- Order info 
OrderValidationCode: PIZZA_NOT_DEFINED
OrderStatus: INVALID
OrderNo: 42007283
Order Contents: [Pizza[name=Pizza C, priceInPence=2500]]
PriceTotalInPence: 2600
 -- Credit card info 
CreditCardNumber: 0000000000000000
CCV: 222
ExpiryDate: 11/25
]]></system-err>
  </testcase>
  <testcase name="testPizzaNotInRestaurant" classname="uk.ac.ed.inf.OrderValidatorTest" time="0">
    <system-err><![CDATA[
 -- Order info 
OrderValidationCode: PIZZA_NOT_DEFINED
OrderStatus: INVALID
OrderNo: 7508A965
Order Contents: [Pizza[name=Pizza C, priceInPence=2500]]
PriceTotalInPence: 2600
 -- Credit card info 
CreditCardNumber: 0000000000000000
CCV: 222
ExpiryDate: 09/26
]]></system-err>
  </testcase>
  <testcase name="testPizzaNotInRestaurant" classname="uk.ac.ed.inf.OrderValidatorTest" time="0">
    <system-err><![CDATA[
 -- Order info 
OrderValidationCode: PIZZA_NOT_DEFINED
OrderStatus: INVALID
OrderNo: 21A2C53E
Order Contents: [Pizza[name=Pizza C, priceInPence=2500]]
PriceTotalInPence: 2600
 -- Credit card info 
CreditCardNumber: 0000000000000000
CCV: 222
ExpiryDate: 02/26
]]></system-err>
  </testcase>
  <testcase name="testPizzaNotInRestaurant" classname="uk.ac.ed.inf.OrderValidatorTest" time="0">
    <system-err><![CDATA[
 -- Order info 
OrderValidationCode: PIZZA_NOT_DEFINED
OrderStatus: INVALID
OrderNo: 3B15D118
Order Contents: [Pizza[name=Pizza C, priceInPence=2500]]
PriceTotalInPence: 2600
 -- Credit card info 
CreditCardNumber: 0000000000000000
CCV: 222
ExpiryDate: 04/26
]]></system-err>
  </testcase>
  <testcase name="testPizzaNotInRestaurant" classname="uk.ac.ed.inf.OrderValidatorTest" time="0">
    <system-err><![CDATA[
 -- Order info 
OrderValidationCode: PIZZA_NOT_DEFINED
OrderStatus: INVALID
OrderNo: 718035BA
Order Contents: [Pizza[name=Pizza A, priceInPence=2300]]
PriceTotalInPence: 2400
 -- Credit card info 
CreditCardNumber: 0000000000000000
CCV: 222
ExpiryDate: 04/24
]]></system-err>
  </testcase>
  <testcase name="testPizzaNotInRestaurant" classname="uk.ac.ed.inf.OrderValidatorTest" time="0">
    <system-err><![CDATA[
 -- Order info 
OrderValidationCode: PIZZA_NOT_DEFINED
OrderStatus: INVALID
OrderNo: 32DA3A95
Order Contents: [Pizza[name=Pizza A, priceInPence=2300]]
PriceTotalInPence: 2400
 -- Credit card info 
CreditCardNumber: 0000000000000000
CCV: 222
ExpiryDate: 01/26
]]></system-err>
  </testcase>
  <testcase name="testPizzaNotInRestaurant" classname="uk.ac.ed.inf.OrderValidatorTest" time="0">
    <system-err><![CDATA[
 -- Order info 
OrderValidationCode: PIZZA_NOT_DEFINED
OrderStatus: INVALID
OrderNo: 4FB84941
Order Contents: [Pizza[name=Pizza A, priceInPence=2300]]
PriceTotalInPence: 2400
 -- Credit card info 
CreditCardNumber: 0000000000000000
CCV: 222
ExpiryDate: 10/26
]]></system-err>
  </testcase>
  <testcase name="testPizzaNotInRestaurant" classname="uk.ac.ed.inf.OrderValidatorTest" time="0">
    <system-err><![CDATA[
 -- Order info 
OrderValidationCode: PIZZA_NOT_DEFINED
OrderStatus: INVALID
OrderNo: 189663A6
Order Contents: [Pizza[name=Pizza B, priceInPence=2400]]
PriceTotalInPence: 2500
 -- Credit card info 
CreditCardNumber: 0000000000000000
CCV: 222
ExpiryDate: 06/27
]]></system-err>
  </testcase>
  <testcase name="testPizzaNotInRestaurant" classname="uk.ac.ed.inf.OrderValidatorTest" time="0">
    <system-err><![CDATA[
 -- Order info 
OrderValidationCode: PIZZA_NOT_DEFINED
OrderStatus: INVALID
OrderNo: 19546741
Order Contents: [Pizza[name=Pizza A, priceInPence=2300]]
PriceTotalInPence: 2400
 -- Credit card info 
CreditCardNumber: 0000000000000000
CCV: 222
ExpiryDate: 09/25
]]></system-err>
  </testcase>
  <testcase name="testPizzaNotInRestaurant" classname="uk.ac.ed.inf.OrderValidatorTest" time="0">
    <system-err><![CDATA[
 -- Order info 
OrderValidationCode: PIZZA_NOT_DEFINED
OrderStatus: INVALID
OrderNo: 2D748D50
Order Contents: [Pizza[name=Pizza B, priceInPence=2400]]
PriceTotalInPence: 2500
 -- Credit card info 
CreditCardNumber: 0000000000000000
CCV: 222
ExpiryDate: 09/28
]]></system-err>
  </testcase>
  <testcase name="testPizzaNotInRestaurant" classname="uk.ac.ed.inf.OrderValidatorTest" time="0">
    <system-err><![CDATA[
 -- Order info 
OrderValidationCode: PIZZA_NOT_DEFINED
OrderStatus: INVALID
OrderNo: 5CDC331E
Order Contents: [Pizza[name=Pizza B, priceInPence=2400]]
PriceTotalInPence: 2500
 -- Credit card info 
CreditCardNumber: 0000000000000000
CCV: 222
ExpiryDate: 05/25
]]></system-err>
  </testcase>
  <testcase name="testPizzaNotInRestaurant" classname="uk.ac.ed.inf.OrderValidatorTest" time="0">
    <system-err><![CDATA[
 -- Order info 
OrderValidationCode: PIZZA_NOT_DEFINED
OrderStatus: INVALID
OrderNo: 5E65745F
Order Contents: [Pizza[name=Pizza B, priceInPence=2400]]
PriceTotalInPence: 2500
 -- Credit card info 
CreditCardNumber: 0000000000000000
CCV: 222
ExpiryDate: 11/26
]]></system-err>
  </testcase>
  <testcase name="testPizzaNotInRestaurant" classname="uk.ac.ed.inf.OrderValidatorTest" time="0">
    <system-err><![CDATA[
 -- Order info 
OrderValidationCode: PIZZA_NOT_DEFINED
OrderStatus: INVALID
OrderNo: 33C4BBE9
Order Contents: [Pizza[name=Pizza C, priceInPence=2500]]
PriceTotalInPence: 2600
 -- Credit card info 
CreditCardNumber: 0000000000000000
CCV: 222
ExpiryDate: 09/26
]]></system-err>
  </testcase>
  <testcase name="testPizzaNotInRestaurant" classname="uk.ac.ed.inf.OrderValidatorTest" time="0">
    <system-err><![CDATA[
 -- Order info 
OrderValidationCode: PIZZA_NOT_DEFINED
OrderStatus: INVALID
OrderNo: 58597F97
Order Contents: [Pizza[name=Pizza B, priceInPence=2400]]
PriceTotalInPence: 2500
 -- Credit card info 
CreditCardNumber: 0000000000000000
CCV: 222
ExpiryDate: 04/26
]]></system-err>
  </testcase>
  <testcase name="testPizzaNotInRestaurant" classname="uk.ac.ed.inf.OrderValidatorTest" time="0">
    <system-err><![CDATA[
 -- Order info 
OrderValidationCode: PIZZA_NOT_DEFINED
OrderStatus: INVALID
OrderNo: 1E370373
Order Contents: [Pizza[name=Pizza B, priceInPence=2400]]
PriceTotalInPence: 2500
 -- Credit card info 
CreditCardNumber: 0000000000000000
CCV: 222
ExpiryDate: 01/27
]]></system-err>
  </testcase>
  <testcase name="testPizzaNotInRestaurant" classname="uk.ac.ed.inf.OrderValidatorTest" time="0">
    <system-err><![CDATA[
 -- Order info 
OrderValidationCode: PIZZA_NOT_DEFINED
OrderStatus: INVALID
OrderNo: 1ABD08DB
Order Contents: [Pizza[name=Pizza B, priceInPence=2400]]
PriceTotalInPence: 2500
 -- Credit card info 
CreditCardNumber: 0000000000000000
CCV: 222
ExpiryDate: 01/27
]]></system-err>
  </testcase>
  <testcase name="testPizzaNotInRestaurant" classname="uk.ac.ed.inf.OrderValidatorTest" time="0">
    <system-err><![CDATA[
 -- Order info 
OrderValidationCode: PIZZA_NOT_DEFINED
OrderStatus: INVALID
OrderNo: 3628BA8D
Order Contents: [Pizza[name=Pizza A, priceInPence=2300]]
PriceTotalInPence: 2400
 -- Credit card info 
CreditCardNumber: 0000000000000000
CCV: 222
ExpiryDate: 01/24
]]></system-err>
  </testcase>
  <testcase name="testPizzaNotInRestaurant" classname="uk.ac.ed.inf.OrderValidatorTest" time="0">
    <system-err><![CDATA[
 -- Order info 
OrderValidationCode: PIZZA_NOT_DEFINED
OrderStatus: INVALID
OrderNo: 5A250502
Order Contents: [Pizza[name=Pizza A, priceInPence=2300]]
PriceTotalInPence: 2400
 -- Credit card info 
CreditCardNumber: 0000000000000000
CCV: 222
ExpiryDate: 05/28
]]></system-err>
  </testcase>
  <testcase name="testPizzaNotInRestaurant" classname="uk.ac.ed.inf.OrderValidatorTest" time="0">
    <system-err><![CDATA[
 -- Order info 
OrderValidationCode: PIZZA_NOT_DEFINED
OrderStatus: INVALID
OrderNo: 64895F1F
Order Contents: [Pizza[name=Pizza B, priceInPence=2400]]
PriceTotalInPence: 2500
 -- Credit card info 
CreditCardNumber: 0000000000000000
CCV: 222
ExpiryDate: 05/28
]]></system-err>
  </testcase>
  <testcase name="testPizzaNotInRestaurant" classname="uk.ac.ed.inf.OrderValidatorTest" time="0.016">
    <system-err><![CDATA[
 -- Order info 
OrderValidationCode: PIZZA_NOT_DEFINED
OrderStatus: INVALID
OrderNo: 145C4474
Order Contents: [Pizza[name=Pizza C, priceInPence=2500]]
PriceTotalInPence: 2600
 -- Credit card info 
CreditCardNumber: 0000000000000000
CCV: 222
ExpiryDate: 08/25
]]></system-err>
  </testcase>
  <testcase name="testPizzaNotInRestaurant" classname="uk.ac.ed.inf.OrderValidatorTest" time="0">
    <system-err><![CDATA[
 -- Order info 
OrderValidationCode: PIZZA_NOT_DEFINED
OrderStatus: INVALID
OrderNo: 171B397E
Order Contents: [Pizza[name=Pizza B, priceInPence=2400]]
PriceTotalInPence: 2500
 -- Credit card info 
CreditCardNumber: 0000000000000000
CCV: 222
ExpiryDate: 08/28
]]></system-err>
  </testcase>
  <testcase name="testPizzaNotInRestaurant" classname="uk.ac.ed.inf.OrderValidatorTest" time="0">
    <system-err><![CDATA[
 -- Order info 
OrderValidationCode: PIZZA_NOT_DEFINED
OrderStatus: INVALID
OrderNo: 16C22880
Order Contents: [Pizza[name=Pizza A, priceInPence=2300]]
PriceTotalInPence: 2400
 -- Credit card info 
CreditCardNumber: 0000000000000000
CCV: 222
ExpiryDate: 05/26
]]></system-err>
  </testcase>
  <testcase name="testPizzaNotInRestaurant" classname="uk.ac.ed.inf.OrderValidatorTest" time="0">
    <system-err><![CDATA[
 -- Order info 
OrderValidationCode: PIZZA_NOT_DEFINED
OrderStatus: INVALID
OrderNo: 52C4F295
Order Contents: [Pizza[name=Pizza A, priceInPence=2300]]
PriceTotalInPence: 2400
 -- Credit card info 
CreditCardNumber: 0000000000000000
CCV: 222
ExpiryDate: 07/29
]]></system-err>
  </testcase>
  <testcase name="testPizzaNotInRestaurant" classname="uk.ac.ed.inf.OrderValidatorTest" time="0">
    <system-err><![CDATA[
 -- Order info 
OrderValidationCode: PIZZA_NOT_DEFINED
OrderStatus: INVALID
OrderNo: 4B7CE255
Order Contents: [Pizza[name=Pizza C, priceInPence=2500]]
PriceTotalInPence: 2600
 -- Credit card info 
CreditCardNumber: 0000000000000000
CCV: 222
ExpiryDate: 06/26
]]></system-err>
  </testcase>
  <testcase name="testPizzaNotInRestaurant" classname="uk.ac.ed.inf.OrderValidatorTest" time="0">
    <system-err><![CDATA[
 -- Order info 
OrderValidationCode: PIZZA_NOT_DEFINED
OrderStatus: INVALID
OrderNo: 64C603D2
Order Contents: [Pizza[name=Pizza A, priceInPence=2300]]
PriceTotalInPence: 2400
 -- Credit card info 
CreditCardNumber: 0000000000000000
CCV: 222
ExpiryDate: 06/29
]]></system-err>
  </testcase>
  <testcase name="testPizzaNotInRestaurant" classname="uk.ac.ed.inf.OrderValidatorTest" time="0">
    <system-err><![CDATA[
 -- Order info 
OrderValidationCode: PIZZA_NOT_DEFINED
OrderStatus: INVALID
OrderNo: 79ABE0B0
Order Contents: [Pizza[name=Pizza A, priceInPence=2300]]
PriceTotalInPence: 2400
 -- Credit card info 
CreditCardNumber: 0000000000000000
CCV: 222
ExpiryDate: 08/28
]]></system-err>
  </testcase>
  <testcase name="testPizzaNotInRestaurant" classname="uk.ac.ed.inf.OrderValidatorTest" time="0">
    <system-err><![CDATA[
 -- Order info 
OrderValidationCode: PIZZA_NOT_DEFINED
OrderStatus: INVALID
OrderNo: 2C1D7F96
Order Contents: [Pizza[name=Pizza C, priceInPence=2500]]
PriceTotalInPence: 2600
 -- Credit card info 
CreditCardNumber: 0000000000000000
CCV: 222
ExpiryDate: 09/25
]]></system-err>
  </testcase>
  <testcase name="testPizzaNotInRestaurant" classname="uk.ac.ed.inf.OrderValidatorTest" time="0">
    <system-err><![CDATA[
 -- Order info 
OrderValidationCode: PIZZA_NOT_DEFINED
OrderStatus: INVALID
OrderNo: 7F28CE3C
Order Contents: [Pizza[name=Pizza A, priceInPence=2300]]
PriceTotalInPence: 2400
 -- Credit card info 
CreditCardNumber: 0000000000000000
CCV: 222
ExpiryDate: 02/25
]]></system-err>
  </testcase>
  <testcase name="testPizzaNotInRestaurant" classname="uk.ac.ed.inf.OrderValidatorTest" time="0">
    <system-err><![CDATA[
 -- Order info 
OrderValidationCode: PIZZA_NOT_DEFINED
OrderStatus: INVALID
OrderNo: 21424DC2
Order Contents: [Pizza[name=Pizza A, priceInPence=2300]]
PriceTotalInPence: 2400
 -- Credit card info 
CreditCardNumber: 0000000000000000
CCV: 222
ExpiryDate: 05/29
]]></system-err>
  </testcase>
  <testcase name="testPizzaNotInRestaurant" classname="uk.ac.ed.inf.OrderValidatorTest" time="0">
    <system-err><![CDATA[
 -- Order info 
OrderValidationCode: PIZZA_NOT_DEFINED
OrderStatus: INVALID
OrderNo: 10DEDA5A
Order Contents: [Pizza[name=Pizza B, priceInPence=2400]]
PriceTotalInPence: 2500
 -- Credit card info 
CreditCardNumber: 0000000000000000
CCV: 222
ExpiryDate: 01/27
]]></system-err>
  </testcase>
  <testcase name="testPizzaNotInRestaurant" classname="uk.ac.ed.inf.OrderValidatorTest" time="0">
    <system-err><![CDATA[
 -- Order info 
OrderValidationCode: PIZZA_NOT_DEFINED
OrderStatus: INVALID
OrderNo: 08703E38
Order Contents: [Pizza[name=Pizza C, priceInPence=2500]]
PriceTotalInPence: 2600
 -- Credit card info 
CreditCardNumber: 0000000000000000
CCV: 222
ExpiryDate: 03/27
]]></system-err>
  </testcase>
  <testcase name="testPizzaNotInRestaurant" classname="uk.ac.ed.inf.OrderValidatorTest" time="0">
    <system-err><![CDATA[
 -- Order info 
OrderValidationCode: PIZZA_NOT_DEFINED
OrderStatus: INVALID
OrderNo: 1130C1A3
Order Contents: [Pizza[name=Pizza A, priceInPence=2300]]
PriceTotalInPence: 2400
 -- Credit card info 
CreditCardNumber: 0000000000000000
CCV: 222
ExpiryDate: 07/26
]]></system-err>
  </testcase>
  <testcase name="testPizzaNotInRestaurant" classname="uk.ac.ed.inf.OrderValidatorTest" time="0">
    <system-err><![CDATA[
 -- Order info 
OrderValidationCode: PIZZA_NOT_DEFINED
OrderStatus: INVALID
OrderNo: 55B20436
Order Contents: [Pizza[name=Pizza B, priceInPence=2400]]
PriceTotalInPence: 2500
 -- Credit card info 
CreditCardNumber: 0000000000000000
CCV: 222
ExpiryDate: 08/26
]]></system-err>
  </testcase>
  <testcase name="testPizzaNotInRestaurant" classname="uk.ac.ed.inf.OrderValidatorTest" time="0">
    <system-err><![CDATA[
 -- Order info 
OrderValidationCode: PIZZA_NOT_DEFINED
OrderStatus: INVALID
OrderNo: 51203AFF
Order Contents: [Pizza[name=Pizza C, priceInPence=2500]]
PriceTotalInPence: 2600
 -- Credit card info 
CreditCardNumber: 0000000000000000
CCV: 222
ExpiryDate: 03/24
]]></system-err>
  </testcase>
  <testcase name="testPizzaNotInRestaurant" classname="uk.ac.ed.inf.OrderValidatorTest" time="0">
    <system-err><![CDATA[
 -- Order info 
OrderValidationCode: PIZZA_NOT_DEFINED
OrderStatus: INVALID
OrderNo: 58472B2F
Order Contents: [Pizza[name=Pizza C, priceInPence=2500]]
PriceTotalInPence: 2600
 -- Credit card info 
CreditCardNumber: 0000000000000000
CCV: 222
ExpiryDate: 08/26
]]></system-err>
  </testcase>
  <testcase name="testPizzaNotInRestaurant" classname="uk.ac.ed.inf.OrderValidatorTest" time="0">
    <system-err><![CDATA[
 -- Order info 
OrderValidationCode: PIZZA_NOT_DEFINED
OrderStatus: INVALID
OrderNo: 6263FD67
Order Contents: [Pizza[name=Pizza A, priceInPence=2300]]
PriceTotalInPence: 2400
 -- Credit card info 
CreditCardNumber: 0000000000000000
CCV: 222
ExpiryDate: 06/27
]]></system-err>
  </testcase>
  <testcase name="testPizzaNotInRestaurant" classname="uk.ac.ed.inf.OrderValidatorTest" time="0">
    <system-err><![CDATA[
 -- Order info 
OrderValidationCode: PIZZA_NOT_DEFINED
OrderStatus: INVALID
OrderNo: 1790E055
Order Contents: [Pizza[name=Pizza A, priceInPence=2300]]
PriceTotalInPence: 2400
 -- Credit card info 
CreditCardNumber: 0000000000000000
CCV: 222
ExpiryDate: 01/28
]]></system-err>
  </testcase>
  <testcase name="testPizzaNotInRestaurant" classname="uk.ac.ed.inf.OrderValidatorTest" time="0">
    <system-err><![CDATA[
 -- Order info 
OrderValidationCode: PIZZA_NOT_DEFINED
OrderStatus: INVALID
OrderNo: 7D75262D
Order Contents: [Pizza[name=Pizza C, priceInPence=2500]]
PriceTotalInPence: 2600
 -- Credit card info 
CreditCardNumber: 0000000000000000
CCV: 222
ExpiryDate: 11/29
]]></system-err>
  </testcase>
  <testcase name="testPizzaNotInRestaurant" classname="uk.ac.ed.inf.OrderValidatorTest" time="0">
    <system-err><![CDATA[
 -- Order info 
OrderValidationCode: PIZZA_NOT_DEFINED
OrderStatus: INVALID
OrderNo: 6CEA0EBA
Order Contents: [Pizza[name=Pizza A, priceInPence=2300]]
PriceTotalInPence: 2400
 -- Credit card info 
CreditCardNumber: 0000000000000000
CCV: 222
ExpiryDate: 07/29
]]></system-err>
  </testcase>
  <testcase name="testPizzaNotInRestaurant" classname="uk.ac.ed.inf.OrderValidatorTest" time="0">
    <system-err><![CDATA[
 -- Order info 
OrderValidationCode: PIZZA_NOT_DEFINED
OrderStatus: INVALID
OrderNo: 16200395
Order Contents: [Pizza[name=Pizza B, priceInPence=2400]]
PriceTotalInPence: 2500
 -- Credit card info 
CreditCardNumber: 0000000000000000
CCV: 222
ExpiryDate: 10/24
]]></system-err>
  </testcase>
  <testcase name="testPizzaNotInRestaurant" classname="uk.ac.ed.inf.OrderValidatorTest" time="0">
    <system-err><![CDATA[
 -- Order info 
OrderValidationCode: PIZZA_NOT_DEFINED
OrderStatus: INVALID
OrderNo: 09FF2DC4
Order Contents: [Pizza[name=Pizza C, priceInPence=2500]]
PriceTotalInPence: 2600
 -- Credit card info 
CreditCardNumber: 0000000000000000
CCV: 222
ExpiryDate: 03/24
]]></system-err>
  </testcase>
  <testcase name="testPizzaNotInRestaurant" classname="uk.ac.ed.inf.OrderValidatorTest" time="0">
    <system-err><![CDATA[
 -- Order info 
OrderValidationCode: PIZZA_NOT_DEFINED
OrderStatus: INVALID
OrderNo: 20FB6240
Order Contents: [Pizza[name=Pizza C, priceInPence=2500]]
PriceTotalInPence: 2600
 -- Credit card info 
CreditCardNumber: 0000000000000000
CCV: 222
ExpiryDate: 04/28
]]></system-err>
  </testcase>
  <testcase name="testPizzaNotInRestaurant" classname="uk.ac.ed.inf.OrderValidatorTest" time="0">
    <system-err><![CDATA[
 -- Order info 
OrderValidationCode: PIZZA_NOT_DEFINED
OrderStatus: INVALID
OrderNo: 72B1F49D
Order Contents: [Pizza[name=Pizza A, priceInPence=2300]]
PriceTotalInPence: 2400
 -- Credit card info 
CreditCardNumber: 0000000000000000
CCV: 222
ExpiryDate: 09/28
]]></system-err>
  </testcase>
  <testcase name="testPizzaNotInRestaurant" classname="uk.ac.ed.inf.OrderValidatorTest" time="0">
    <system-err><![CDATA[
 -- Order info 
OrderValidationCode: PIZZA_NOT_DEFINED
OrderStatus: INVALID
OrderNo: 15784596
Order Contents: [Pizza[name=Pizza A, priceInPence=2300]]
PriceTotalInPence: 2400
 -- Credit card info 
CreditCardNumber: 0000000000000000
CCV: 222
ExpiryDate: 01/25
]]></system-err>
  </testcase>
  <testcase name="testPizzaNotInRestaurant" classname="uk.ac.ed.inf.OrderValidatorTest" time="0">
    <system-err><![CDATA[
 -- Order info 
OrderValidationCode: PIZZA_NOT_DEFINED
OrderStatus: INVALID
OrderNo: 4FCE27D8
Order Contents: [Pizza[name=Pizza B, priceInPence=2400]]
PriceTotalInPence: 2500
 -- Credit card info 
CreditCardNumber: 0000000000000000
CCV: 222
ExpiryDate: 02/26
]]></system-err>
  </testcase>
  <testcase name="testPizzaNotInRestaurant" classname="uk.ac.ed.inf.OrderValidatorTest" time="0">
    <system-err><![CDATA[
 -- Order info 
OrderValidationCode: PIZZA_NOT_DEFINED
OrderStatus: INVALID
OrderNo: 2BD8BD86
Order Contents: [Pizza[name=Pizza B, priceInPence=2400]]
PriceTotalInPence: 2500
 -- Credit card info 
CreditCardNumber: 0000000000000000
CCV: 222
ExpiryDate: 05/29
]]></system-err>
  </testcase>
  <testcase name="testPizzaNotInRestaurant" classname="uk.ac.ed.inf.OrderValidatorTest" time="0">
    <system-err><![CDATA[
 -- Order info 
OrderValidationCode: PIZZA_NOT_DEFINED
OrderStatus: INVALID
OrderNo: 098779C0
Order Contents: [Pizza[name=Pizza B, priceInPence=2400]]
PriceTotalInPence: 2500
 -- Credit card info 
CreditCardNumber: 0000000000000000
CCV: 222
ExpiryDate: 05/27
]]></system-err>
  </testcase>
  <testcase name="testPizzaNotInRestaurant" classname="uk.ac.ed.inf.OrderValidatorTest" time="0">
    <system-err><![CDATA[
 -- Order info 
OrderValidationCode: PIZZA_NOT_DEFINED
OrderStatus: INVALID
OrderNo: 45060BC8
Order Contents: [Pizza[name=Pizza C, priceInPence=2500]]
PriceTotalInPence: 2600
 -- Credit card info 
CreditCardNumber: 0000000000000000
CCV: 222
ExpiryDate: 09/25
]]></system-err>
  </testcase>
  <testcase name="testPizzaNotInRestaurant" classname="uk.ac.ed.inf.OrderValidatorTest" time="0">
    <system-err><![CDATA[
 -- Order info 
OrderValidationCode: PIZZA_NOT_DEFINED
OrderStatus: INVALID
OrderNo: 39B7F1F3
Order Contents: [Pizza[name=Pizza C, priceInPence=2500]]
PriceTotalInPence: 2600
 -- Credit card info 
CreditCardNumber: 0000000000000000
CCV: 222
ExpiryDate: 03/24
]]></system-err>
  </testcase>
  <testcase name="testPizzaNotInRestaurant" classname="uk.ac.ed.inf.OrderValidatorTest" time="0">
    <system-err><![CDATA[
 -- Order info 
OrderValidationCode: PIZZA_NOT_DEFINED
OrderStatus: INVALID
OrderNo: 63E38090
Order Contents: [Pizza[name=Pizza B, priceInPence=2400]]
PriceTotalInPence: 2500
 -- Credit card info 
CreditCardNumber: 0000000000000000
CCV: 222
ExpiryDate: 11/24
]]></system-err>
  </testcase>
  <testcase name="testPizzaNotInRestaurant" classname="uk.ac.ed.inf.OrderValidatorTest" time="0">
    <system-err><![CDATA[
 -- Order info 
OrderValidationCode: PIZZA_NOT_DEFINED
OrderStatus: INVALID
OrderNo: 7F7E939F
Order Contents: [Pizza[name=Pizza A, priceInPence=2300]]
PriceTotalInPence: 2400
 -- Credit card info 
CreditCardNumber: 0000000000000000
CCV: 222
ExpiryDate: 09/29
]]></system-err>
  </testcase>
  <testcase name="testPizzaNotInRestaurant" classname="uk.ac.ed.inf.OrderValidatorTest" time="0">
    <system-err><![CDATA[
 -- Order info 
OrderValidationCode: PIZZA_NOT_DEFINED
OrderStatus: INVALID
OrderNo: 6A3BB713
Order Contents: [Pizza[name=Pizza A, priceInPence=2300]]
PriceTotalInPence: 2400
 -- Credit card info 
CreditCardNumber: 0000000000000000
CCV: 222
ExpiryDate: 10/27
]]></system-err>
  </testcase>
  <testcase name="testPizzaNotInRestaurant" classname="uk.ac.ed.inf.OrderValidatorTest" time="0">
    <system-err><![CDATA[
 -- Order info 
OrderValidationCode: PIZZA_NOT_DEFINED
OrderStatus: INVALID
OrderNo: 450C650C
Order Contents: [Pizza[name=Pizza A, priceInPence=2300]]
PriceTotalInPence: 2400
 -- Credit card info 
CreditCardNumber: 0000000000000000
CCV: 222
ExpiryDate: 11/29
]]></system-err>
  </testcase>
  <testcase name="testPizzaNotInRestaurant" classname="uk.ac.ed.inf.OrderValidatorTest" time="0">
    <system-err><![CDATA[
 -- Order info 
OrderValidationCode: PIZZA_NOT_DEFINED
OrderStatus: INVALID
OrderNo: 2B3BAF56
Order Contents: [Pizza[name=Pizza A, priceInPence=2300]]
PriceTotalInPence: 2400
 -- Credit card info 
CreditCardNumber: 0000000000000000
CCV: 222
ExpiryDate: 04/27
]]></system-err>
  </testcase>
  <testcase name="testPizzaNotInRestaurant" classname="uk.ac.ed.inf.OrderValidatorTest" time="0">
    <system-err><![CDATA[
 -- Order info 
OrderValidationCode: PIZZA_NOT_DEFINED
OrderStatus: INVALID
OrderNo: 3504A207
Order Contents: [Pizza[name=Pizza C, priceInPence=2500]]
PriceTotalInPence: 2600
 -- Credit card info 
CreditCardNumber: 0000000000000000
CCV: 222
ExpiryDate: 02/28
]]></system-err>
  </testcase>
  <testcase name="testPizzaNotInRestaurant" classname="uk.ac.ed.inf.OrderValidatorTest" time="0">
    <system-err><![CDATA[
 -- Order info 
OrderValidationCode: PIZZA_NOT_DEFINED
OrderStatus: INVALID
OrderNo: 0811D93C
Order Contents: [Pizza[name=Pizza C, priceInPence=2500]]
PriceTotalInPence: 2600
 -- Credit card info 
CreditCardNumber: 0000000000000000
CCV: 222
ExpiryDate: 10/27
]]></system-err>
  </testcase>
  <testcase name="testPizzaNotInRestaurant" classname="uk.ac.ed.inf.OrderValidatorTest" time="0">
    <system-err><![CDATA[
 -- Order info 
OrderValidationCode: PIZZA_NOT_DEFINED
OrderStatus: INVALID
OrderNo: 4FB3A31C
Order Contents: [Pizza[name=Pizza A, priceInPence=2300]]
PriceTotalInPence: 2400
 -- Credit card info 
CreditCardNumber: 0000000000000000
CCV: 222
ExpiryDate: 03/29
]]></system-err>
  </testcase>
  <testcase name="testPizzaNotInRestaurant" classname="uk.ac.ed.inf.OrderValidatorTest" time="0">
    <system-err><![CDATA[
 -- Order info 
OrderValidationCode: PIZZA_NOT_DEFINED
OrderStatus: INVALID
OrderNo: 5D9C90BD
Order Contents: [Pizza[name=Pizza B, priceInPence=2400]]
PriceTotalInPence: 2500
 -- Credit card info 
CreditCardNumber: 0000000000000000
CCV: 222
ExpiryDate: 04/25
]]></system-err>
  </testcase>
  <testcase name="testPizzaNotInRestaurant" classname="uk.ac.ed.inf.OrderValidatorTest" time="0">
    <system-err><![CDATA[
 -- Order info 
OrderValidationCode: PIZZA_NOT_DEFINED
OrderStatus: INVALID
OrderNo: 015B0171
Order Contents: [Pizza[name=Pizza A, priceInPence=2300]]
PriceTotalInPence: 2400
 -- Credit card info 
CreditCardNumber: 0000000000000000
CCV: 222
ExpiryDate: 02/24
]]></system-err>
  </testcase>
  <testcase name="testPizzaNotInRestaurant" classname="uk.ac.ed.inf.OrderValidatorTest" time="0">
    <system-err><![CDATA[
 -- Order info 
OrderValidationCode: PIZZA_NOT_DEFINED
OrderStatus: INVALID
OrderNo: 54C055A9
Order Contents: [Pizza[name=Pizza B, priceInPence=2400]]
PriceTotalInPence: 2500
 -- Credit card info 
CreditCardNumber: 0000000000000000
CCV: 222
ExpiryDate: 05/29
]]></system-err>
  </testcase>
  <testcase name="testPizzaNotInRestaurant" classname="uk.ac.ed.inf.OrderValidatorTest" time="0">
    <system-err><![CDATA[
 -- Order info 
OrderValidationCode: PIZZA_NOT_DEFINED
OrderStatus: INVALID
OrderNo: 5CE9D119
Order Contents: [Pizza[name=Pizza C, priceInPence=2500]]
PriceTotalInPence: 2600
 -- Credit card info 
CreditCardNumber: 0000000000000000
CCV: 222
ExpiryDate: 07/25
]]></system-err>
  </testcase>
  <testcase name="testPizzaNotInRestaurant" classname="uk.ac.ed.inf.OrderValidatorTest" time="0">
    <system-err><![CDATA[
 -- Order info 
OrderValidationCode: PIZZA_NOT_DEFINED
OrderStatus: INVALID
OrderNo: 2936B3F3
Order Contents: [Pizza[name=Pizza B, priceInPence=2400]]
PriceTotalInPence: 2500
 -- Credit card info 
CreditCardNumber: 0000000000000000
CCV: 222
ExpiryDate: 08/25
]]></system-err>
  </testcase>
  <testcase name="testPizzaNotInRestaurant" classname="uk.ac.ed.inf.OrderValidatorTest" time="0">
    <system-err><![CDATA[
 -- Order info 
OrderValidationCode: PIZZA_NOT_DEFINED
OrderStatus: INVALID
OrderNo: 1A9AE65C
Order Contents: [Pizza[name=Pizza A, priceInPence=2300]]
PriceTotalInPence: 2400
 -- Credit card info 
CreditCardNumber: 0000000000000000
CCV: 222
ExpiryDate: 08/24
]]></system-err>
  </testcase>
  <testcase name="testPizzaNotInRestaurant" classname="uk.ac.ed.inf.OrderValidatorTest" time="0">
    <system-err><![CDATA[
 -- Order info 
OrderValidationCode: PIZZA_NOT_DEFINED
OrderStatus: INVALID
OrderNo: 4F31D2E1
Order Contents: [Pizza[name=Pizza A, priceInPence=2300]]
PriceTotalInPence: 2400
 -- Credit card info 
CreditCardNumber: 0000000000000000
CCV: 222
ExpiryDate: 01/29
]]></system-err>
  </testcase>
  <testcase name="testPizzaNotInRestaurant" classname="uk.ac.ed.inf.OrderValidatorTest" time="0">
    <system-err><![CDATA[
 -- Order info 
OrderValidationCode: PIZZA_NOT_DEFINED
OrderStatus: INVALID
OrderNo: 23AD12D3
Order Contents: [Pizza[name=Pizza C, priceInPence=2500]]
PriceTotalInPence: 2600
 -- Credit card info 
CreditCardNumber: 0000000000000000
CCV: 222
ExpiryDate: 03/24
]]></system-err>
  </testcase>
  <testcase name="testPizzaNotInRestaurant" classname="uk.ac.ed.inf.OrderValidatorTest" time="0">
    <system-err><![CDATA[
 -- Order info 
OrderValidationCode: PIZZA_NOT_DEFINED
OrderStatus: INVALID
OrderNo: 3E122CEE
Order Contents: [Pizza[name=Pizza B, priceInPence=2400]]
PriceTotalInPence: 2500
 -- Credit card info 
CreditCardNumber: 0000000000000000
CCV: 222
ExpiryDate: 08/27
]]></system-err>
  </testcase>
  <testcase name="testPizzaNotInRestaurant" classname="uk.ac.ed.inf.OrderValidatorTest" time="0">
    <system-err><![CDATA[
 -- Order info 
OrderValidationCode: PIZZA_NOT_DEFINED
OrderStatus: INVALID
OrderNo: 7C417D59
Order Contents: [Pizza[name=Pizza A, priceInPence=2300]]
PriceTotalInPence: 2400
 -- Credit card info 
CreditCardNumber: 0000000000000000
CCV: 222
ExpiryDate: 04/28
]]></system-err>
  </testcase>
  <testcase name="testPizzaNotInRestaurant" classname="uk.ac.ed.inf.OrderValidatorTest" time="0">
    <system-err><![CDATA[
 -- Order info 
OrderValidationCode: PIZZA_NOT_DEFINED
OrderStatus: INVALID
OrderNo: 0B04324A
Order Contents: [Pizza[name=Pizza A, priceInPence=2300]]
PriceTotalInPence: 2400
 -- Credit card info 
CreditCardNumber: 0000000000000000
CCV: 222
ExpiryDate: 06/24
]]></system-err>
  </testcase>
  <testcase name="testPizzaNotInRestaurant" classname="uk.ac.ed.inf.OrderValidatorTest" time="0">
    <system-err><![CDATA[
 -- Order info 
OrderValidationCode: PIZZA_NOT_DEFINED
OrderStatus: INVALID
OrderNo: 64FD9B70
Order Contents: [Pizza[name=Pizza C, priceInPence=2500]]
PriceTotalInPence: 2600
 -- Credit card info 
CreditCardNumber: 0000000000000000
CCV: 222
ExpiryDate: 08/26
]]></system-err>
  </testcase>
  <testcase name="testPizzaNotInRestaurant" classname="uk.ac.ed.inf.OrderValidatorTest" time="0">
    <system-err><![CDATA[
 -- Order info 
OrderValidationCode: PIZZA_NOT_DEFINED
OrderStatus: INVALID
OrderNo: 2DBC1D4B
Order Contents: [Pizza[name=Pizza C, priceInPence=2500]]
PriceTotalInPence: 2600
 -- Credit card info 
CreditCardNumber: 0000000000000000
CCV: 222
ExpiryDate: 04/29
]]></system-err>
  </testcase>
  <testcase name="testPizzaNotInRestaurant" classname="uk.ac.ed.inf.OrderValidatorTest" time="0">
    <system-err><![CDATA[
 -- Order info 
OrderValidationCode: PIZZA_NOT_DEFINED
OrderStatus: INVALID
OrderNo: 641B931D
Order Contents: [Pizza[name=Pizza A, priceInPence=2300]]
PriceTotalInPence: 2400
 -- Credit card info 
CreditCardNumber: 0000000000000000
CCV: 222
ExpiryDate: 02/29
]]></system-err>
  </testcase>
  <testcase name="testPizzaNotInRestaurant" classname="uk.ac.ed.inf.OrderValidatorTest" time="0">
    <system-err><![CDATA[
 -- Order info 
OrderValidationCode: PIZZA_NOT_DEFINED
OrderStatus: INVALID
OrderNo: 6FC20E99
Order Contents: [Pizza[name=Pizza C, priceInPence=2500]]
PriceTotalInPence: 2600
 -- Credit card info 
CreditCardNumber: 0000000000000000
CCV: 222
ExpiryDate: 05/28
]]></system-err>
  </testcase>
  <testcase name="testPizzaNotInRestaurant" classname="uk.ac.ed.inf.OrderValidatorTest" time="0">
    <system-err><![CDATA[
 -- Order info 
OrderValidationCode: PIZZA_NOT_DEFINED
OrderStatus: INVALID
OrderNo: 1F4D1C8E
Order Contents: [Pizza[name=Pizza C, priceInPence=2500]]
PriceTotalInPence: 2600
 -- Credit card info 
CreditCardNumber: 0000000000000000
CCV: 222
ExpiryDate: 04/28
]]></system-err>
  </testcase>
  <testcase name="testPizzaNotInRestaurant" classname="uk.ac.ed.inf.OrderValidatorTest" time="0">
    <system-err><![CDATA[
 -- Order info 
OrderValidationCode: PIZZA_NOT_DEFINED
OrderStatus: INVALID
OrderNo: 05F3D909
Order Contents: [Pizza[name=Pizza C, priceInPence=2500]]
PriceTotalInPence: 2600
 -- Credit card info 
CreditCardNumber: 0000000000000000
CCV: 222
ExpiryDate: 08/24
]]></system-err>
  </testcase>
  <testcase name="testPizzaNotInRestaurant" classname="uk.ac.ed.inf.OrderValidatorTest" time="0">
    <system-err><![CDATA[
 -- Order info 
OrderValidationCode: PIZZA_NOT_DEFINED
OrderStatus: INVALID
OrderNo: 05C1C14A
Order Contents: [Pizza[name=Pizza C, priceInPence=2500]]
PriceTotalInPence: 2600
 -- Credit card info 
CreditCardNumber: 0000000000000000
CCV: 222
ExpiryDate: 10/25
]]></system-err>
  </testcase>
  <testcase name="testPizzaNotInRestaurant" classname="uk.ac.ed.inf.OrderValidatorTest" time="0">
    <system-err><![CDATA[
 -- Order info 
OrderValidationCode: PIZZA_NOT_DEFINED
OrderStatus: INVALID
OrderNo: 389476D0
Order Contents: [Pizza[name=Pizza A, priceInPence=2300]]
PriceTotalInPence: 2400
 -- Credit card info 
CreditCardNumber: 0000000000000000
CCV: 222
ExpiryDate: 04/25
]]></system-err>
  </testcase>
  <testcase name="testPizzaNotInRestaurant" classname="uk.ac.ed.inf.OrderValidatorTest" time="0">
    <system-err><![CDATA[
 -- Order info 
OrderValidationCode: PIZZA_NOT_DEFINED
OrderStatus: INVALID
OrderNo: 286A58F3
Order Contents: [Pizza[name=Pizza B, priceInPence=2400]]
PriceTotalInPence: 2500
 -- Credit card info 
CreditCardNumber: 0000000000000000
CCV: 222
ExpiryDate: 02/26
]]></system-err>
  </testcase>
  <testcase name="testPizzaNotInRestaurant" classname="uk.ac.ed.inf.OrderValidatorTest" time="0">
    <system-err><![CDATA[
 -- Order info 
OrderValidationCode: PIZZA_NOT_DEFINED
OrderStatus: INVALID
OrderNo: 7A89934C
Order Contents: [Pizza[name=Pizza C, priceInPence=2500]]
PriceTotalInPence: 2600
 -- Credit card info 
CreditCardNumber: 0000000000000000
CCV: 222
ExpiryDate: 07/25
]]></system-err>
  </testcase>
  <testcase name="testPizzaNotInRestaurant" classname="uk.ac.ed.inf.OrderValidatorTest" time="0">
    <system-err><![CDATA[
 -- Order info 
OrderValidationCode: PIZZA_NOT_DEFINED
OrderStatus: INVALID
OrderNo: 4EA035CA
Order Contents: [Pizza[name=Pizza C, priceInPence=2500]]
PriceTotalInPence: 2600
 -- Credit card info 
CreditCardNumber: 0000000000000000
CCV: 222
ExpiryDate: 03/27
]]></system-err>
  </testcase>
  <testcase name="testPizzaNotInRestaurant" classname="uk.ac.ed.inf.OrderValidatorTest" time="0">
    <system-err><![CDATA[
 -- Order info 
OrderValidationCode: PIZZA_NOT_DEFINED
OrderStatus: INVALID
OrderNo: 5D05F8A4
Order Contents: [Pizza[name=Pizza A, priceInPence=2300]]
PriceTotalInPence: 2400
 -- Credit card info 
CreditCardNumber: 0000000000000000
CCV: 222
ExpiryDate: 05/28
]]></system-err>
  </testcase>
  <testcase name="testPizzaNotInRestaurant" classname="uk.ac.ed.inf.OrderValidatorTest" time="0">
    <system-err><![CDATA[
 -- Order info 
OrderValidationCode: PIZZA_NOT_DEFINED
OrderStatus: INVALID
OrderNo: 3DBF8EE6
Order Contents: [Pizza[name=Pizza A, priceInPence=2300]]
PriceTotalInPence: 2400
 -- Credit card info 
CreditCardNumber: 0000000000000000
CCV: 222
ExpiryDate: 07/26
]]></system-err>
  </testcase>
  <testcase name="testPizzaNotInRestaurant" classname="uk.ac.ed.inf.OrderValidatorTest" time="0">
    <system-err><![CDATA[
 -- Order info 
OrderValidationCode: PIZZA_NOT_DEFINED
OrderStatus: INVALID
OrderNo: 3AD88CF4
Order Contents: [Pizza[name=Pizza B, priceInPence=2400]]
PriceTotalInPence: 2500
 -- Credit card info 
CreditCardNumber: 0000000000000000
CCV: 222
ExpiryDate: 06/26
]]></system-err>
  </testcase>
  <testcase name="testPizzaNotInRestaurant" classname="uk.ac.ed.inf.OrderValidatorTest" time="0">
    <system-err><![CDATA[
 -- Order info 
OrderValidationCode: PIZZA_NOT_DEFINED
OrderStatus: INVALID
OrderNo: 299BB858
Order Contents: [Pizza[name=Pizza A, priceInPence=2300]]
PriceTotalInPence: 2400
 -- Credit card info 
CreditCardNumber: 0000000000000000
CCV: 222
ExpiryDate: 07/25
]]></system-err>
  </testcase>
  <testcase name="testPizzaNotInRestaurant" classname="uk.ac.ed.inf.OrderValidatorTest" time="0">
    <system-err><![CDATA[
 -- Order info 
OrderValidationCode: PIZZA_NOT_DEFINED
OrderStatus: INVALID
OrderNo: 2037C1FD
Order Contents: [Pizza[name=Pizza A, priceInPence=2300]]
PriceTotalInPence: 2400
 -- Credit card info 
CreditCardNumber: 0000000000000000
CCV: 222
ExpiryDate: 02/28
]]></system-err>
  </testcase>
  <testcase name="testPizzaNotInRestaurant" classname="uk.ac.ed.inf.OrderValidatorTest" time="0">
    <system-err><![CDATA[
 -- Order info 
OrderValidationCode: PIZZA_NOT_DEFINED
OrderStatus: INVALID
OrderNo: 4FC673D0
Order Contents: [Pizza[name=Pizza C, priceInPence=2500]]
PriceTotalInPence: 2600
 -- Credit card info 
CreditCardNumber: 0000000000000000
CCV: 222
ExpiryDate: 05/26
]]></system-err>
  </testcase>
  <testcase name="testPizzaNotInRestaurant" classname="uk.ac.ed.inf.OrderValidatorTest" time="0">
    <system-err><![CDATA[
 -- Order info 
OrderValidationCode: PIZZA_NOT_DEFINED
OrderStatus: INVALID
OrderNo: 2C8A166C
Order Contents: [Pizza[name=Pizza B, priceInPence=2400]]
PriceTotalInPence: 2500
 -- Credit card info 
CreditCardNumber: 0000000000000000
CCV: 222
ExpiryDate: 04/24
]]></system-err>
  </testcase>
  <testcase name="testPizzaNotInRestaurant" classname="uk.ac.ed.inf.OrderValidatorTest" time="0">
    <system-err><![CDATA[
 -- Order info 
OrderValidationCode: PIZZA_NOT_DEFINED
OrderStatus: INVALID
OrderNo: 2F5272C4
Order Contents: [Pizza[name=Pizza B, priceInPence=2400]]
PriceTotalInPence: 2500
 -- Credit card info 
CreditCardNumber: 0000000000000000
CCV: 222
ExpiryDate: 07/25
]]></system-err>
  </testcase>
  <testcase name="testPizzaNotInRestaurant" classname="uk.ac.ed.inf.OrderValidatorTest" time="0">
    <system-err><![CDATA[
 -- Order info 
OrderValidationCode: PIZZA_NOT_DEFINED
OrderStatus: INVALID
OrderNo: 31408415
Order Contents: [Pizza[name=Pizza B, priceInPence=2400]]
PriceTotalInPence: 2500
 -- Credit card info 
CreditCardNumber: 0000000000000000
CCV: 222
ExpiryDate: 03/24
]]></system-err>
  </testcase>
  <testcase name="testPizzaNotInRestaurant" classname="uk.ac.ed.inf.OrderValidatorTest" time="0">
    <system-err><![CDATA[
 -- Order info 
OrderValidationCode: PIZZA_NOT_DEFINED
OrderStatus: INVALID
OrderNo: 1E4E98F6
Order Contents: [Pizza[name=Pizza A, priceInPence=2300]]
PriceTotalInPence: 2400
 -- Credit card info 
CreditCardNumber: 0000000000000000
CCV: 222
ExpiryDate: 11/28
]]></system-err>
  </testcase>
  <testcase name="testPizzaNotInRestaurant" classname="uk.ac.ed.inf.OrderValidatorTest" time="0">
    <system-err><![CDATA[
 -- Order info 
OrderValidationCode: PIZZA_NOT_DEFINED
OrderStatus: INVALID
OrderNo: 2CA52EA7
Order Contents: [Pizza[name=Pizza C, priceInPence=2500]]
PriceTotalInPence: 2600
 -- Credit card info 
CreditCardNumber: 0000000000000000
CCV: 222
ExpiryDate: 02/25
]]></system-err>
  </testcase>
  <testcase name="testPizzaNotInRestaurant" classname="uk.ac.ed.inf.OrderValidatorTest" time="0">
    <system-err><![CDATA[
 -- Order info 
OrderValidationCode: PIZZA_NOT_DEFINED
OrderStatus: INVALID
OrderNo: 7DF55679
Order Contents: [Pizza[name=Pizza C, priceInPence=2500]]
PriceTotalInPence: 2600
 -- Credit card info 
CreditCardNumber: 0000000000000000
CCV: 222
ExpiryDate: 06/25
]]></system-err>
  </testcase>
  <testcase name="testPizzaNotInRestaurant" classname="uk.ac.ed.inf.OrderValidatorTest" time="0">
    <system-err><![CDATA[
 -- Order info 
OrderValidationCode: PIZZA_NOT_DEFINED
OrderStatus: INVALID
OrderNo: 33202BBF
Order Contents: [Pizza[name=Pizza C, priceInPence=2500]]
PriceTotalInPence: 2600
 -- Credit card info 
CreditCardNumber: 0000000000000000
CCV: 222
ExpiryDate: 11/24
]]></system-err>
  </testcase>
  <testcase name="testPizzaNotInRestaurant" classname="uk.ac.ed.inf.OrderValidatorTest" time="0">
    <system-err><![CDATA[
 -- Order info 
OrderValidationCode: PIZZA_NOT_DEFINED
OrderStatus: INVALID
OrderNo: 1B03F5D4
Order Contents: [Pizza[name=Pizza C, priceInPence=2500]]
PriceTotalInPence: 2600
 -- Credit card info 
CreditCardNumber: 0000000000000000
CCV: 222
ExpiryDate: 09/26
]]></system-err>
  </testcase>
  <testcase name="testPizzaNotInRestaurant" classname="uk.ac.ed.inf.OrderValidatorTest" time="0">
    <system-err><![CDATA[
 -- Order info 
OrderValidationCode: PIZZA_NOT_DEFINED
OrderStatus: INVALID
OrderNo: 0A98D3BF
Order Contents: [Pizza[name=Pizza B, priceInPence=2400]]
PriceTotalInPence: 2500
 -- Credit card info 
CreditCardNumber: 0000000000000000
CCV: 222
ExpiryDate: 10/27
]]></system-err>
  </testcase>
  <testcase name="testPizzaNotInRestaurant" classname="uk.ac.ed.inf.OrderValidatorTest" time="0.016">
    <system-err><![CDATA[
 -- Order info 
OrderValidationCode: PIZZA_NOT_DEFINED
OrderStatus: INVALID
OrderNo: 5F508D6C
Order Contents: [Pizza[name=Pizza B, priceInPence=2400]]
PriceTotalInPence: 2500
 -- Credit card info 
CreditCardNumber: 0000000000000000
CCV: 222
ExpiryDate: 07/24
]]></system-err>
  </testcase>
  <testcase name="testPizzaNotInRestaurant" classname="uk.ac.ed.inf.OrderValidatorTest" time="0">
    <system-err><![CDATA[
 -- Order info 
OrderValidationCode: PIZZA_NOT_DEFINED
OrderStatus: INVALID
OrderNo: 645B0A42
Order Contents: [Pizza[name=Pizza B, priceInPence=2400]]
PriceTotalInPence: 2500
 -- Credit card info 
CreditCardNumber: 0000000000000000
CCV: 222
ExpiryDate: 08/25
]]></system-err>
  </testcase>
  <testcase name="testCreditCardCExpiryDateInPast" classname="uk.ac.ed.inf.OrderValidatorTest" time="0">
    <system-err><![CDATA[
 -- Order info 
OrderValidationCode: EXPIRY_DATE_INVALID
OrderStatus: INVALID
OrderNo: 5FD6A8AE
Order Contents: [Pizza[name=Pizza C, priceInPence=2500]]
PriceTotalInPence: 2600
 -- Credit card info 
CreditCardNumber: 0000000000000000
CCV: 222
ExpiryDate: 73/20
]]></system-err>
  </testcase>
  <testcase name="testCreditCardCExpiryDateInPast" classname="uk.ac.ed.inf.OrderValidatorTest" time="0">
    <system-err><![CDATA[
 -- Order info 
OrderValidationCode: EXPIRY_DATE_INVALID
OrderStatus: INVALID
OrderNo: 35525991
Order Contents: [Pizza[name=Pizza A, priceInPence=2300]]
PriceTotalInPence: 2400
 -- Credit card info 
CreditCardNumber: 0000000000000000
CCV: 222
ExpiryDate: 31/16
]]></system-err>
  </testcase>
  <testcase name="testCreditCardCExpiryDateInPast" classname="uk.ac.ed.inf.OrderValidatorTest" time="0">
    <system-err><![CDATA[
 -- Order info 
OrderValidationCode: EXPIRY_DATE_INVALID
OrderStatus: INVALID
OrderNo: 49923320
Order Contents: [Pizza[name=Pizza B, priceInPence=2400]]
PriceTotalInPence: 2500
 -- Credit card info 
CreditCardNumber: 0000000000000000
CCV: 222
ExpiryDate: 74/19
]]></system-err>
  </testcase>
  <testcase name="testCreditCardCExpiryDateInPast" classname="uk.ac.ed.inf.OrderValidatorTest" time="0">
    <system-err><![CDATA[
 -- Order info 
OrderValidationCode: EXPIRY_DATE_INVALID
OrderStatus: INVALID
OrderNo: 7E515B99
Order Contents: [Pizza[name=Pizza C, priceInPence=2500]]
PriceTotalInPence: 2600
 -- Credit card info 
CreditCardNumber: 0000000000000000
CCV: 222
ExpiryDate: 93/22
]]></system-err>
  </testcase>
  <testcase name="testCreditCardCExpiryDateInPast" classname="uk.ac.ed.inf.OrderValidatorTest" time="0.016">
    <system-err><![CDATA[
 -- Order info 
OrderValidationCode: EXPIRY_DATE_INVALID
OrderStatus: INVALID
OrderNo: 7D6B07F9
Order Contents: [Pizza[name=Pizza B, priceInPence=2400]]
PriceTotalInPence: 2500
 -- Credit card info 
CreditCardNumber: 0000000000000000
CCV: 222
ExpiryDate: 42/22
]]></system-err>
  </testcase>
  <testcase name="testCreditCardCExpiryDateInPast" classname="uk.ac.ed.inf.OrderValidatorTest" time="0">
    <system-err><![CDATA[
 -- Order info 
OrderValidationCode: EXPIRY_DATE_INVALID
OrderStatus: INVALID
OrderNo: 6A64C84A
Order Contents: [Pizza[name=Pizza A, priceInPence=2300]]
PriceTotalInPence: 2400
 -- Credit card info 
CreditCardNumber: 0000000000000000
CCV: 222
ExpiryDate: 42/20
]]></system-err>
  </testcase>
  <testcase name="testCreditCardCExpiryDateInPast" classname="uk.ac.ed.inf.OrderValidatorTest" time="0">
    <system-err><![CDATA[
 -- Order info 
OrderValidationCode: EXPIRY_DATE_INVALID
OrderStatus: INVALID
OrderNo: 34D7A13A
Order Contents: [Pizza[name=Pizza A, priceInPence=2300]]
PriceTotalInPence: 2400
 -- Credit card info 
CreditCardNumber: 0000000000000000
CCV: 222
ExpiryDate: 11/14
]]></system-err>
  </testcase>
  <testcase name="testCreditCardCExpiryDateInPast" classname="uk.ac.ed.inf.OrderValidatorTest" time="0">
    <system-err><![CDATA[
 -- Order info 
OrderValidationCode: EXPIRY_DATE_INVALID
OrderStatus: INVALID
OrderNo: 0273BECE
Order Contents: [Pizza[name=Pizza B, priceInPence=2400]]
PriceTotalInPence: 2500
 -- Credit card info 
CreditCardNumber: 0000000000000000
CCV: 222
ExpiryDate: 51/15
]]></system-err>
  </testcase>
  <testcase name="testCreditCardCExpiryDateInPast" classname="uk.ac.ed.inf.OrderValidatorTest" time="0">
    <system-err><![CDATA[
 -- Order info 
OrderValidationCode: EXPIRY_DATE_INVALID
OrderStatus: INVALID
OrderNo: 6E98735F
Order Contents: [Pizza[name=Pizza A, priceInPence=2300]]
PriceTotalInPence: 2400
 -- Credit card info 
CreditCardNumber: 0000000000000000
CCV: 222
ExpiryDate: 49/11
]]></system-err>
  </testcase>
  <testcase name="testCreditCardCExpiryDateInPast" classname="uk.ac.ed.inf.OrderValidatorTest" time="0">
    <system-err><![CDATA[
 -- Order info 
OrderValidationCode: EXPIRY_DATE_INVALID
OrderStatus: INVALID
OrderNo: 58FAE96F
Order Contents: [Pizza[name=Pizza C, priceInPence=2500]]
PriceTotalInPence: 2600
 -- Credit card info 
CreditCardNumber: 0000000000000000
CCV: 222
ExpiryDate: 16/21
]]></system-err>
  </testcase>
  <testcase name="testCreditCardCExpiryDateInPast" classname="uk.ac.ed.inf.OrderValidatorTest" time="0">
    <system-err><![CDATA[
 -- Order info 
OrderValidationCode: EXPIRY_DATE_INVALID
OrderStatus: INVALID
OrderNo: 76397784
Order Contents: [Pizza[name=Pizza A, priceInPence=2300]]
PriceTotalInPence: 2400
 -- Credit card info 
CreditCardNumber: 0000000000000000
CCV: 222
ExpiryDate: 95/21
]]></system-err>
  </testcase>
  <testcase name="testCreditCardCExpiryDateInPast" classname="uk.ac.ed.inf.OrderValidatorTest" time="0">
    <system-err><![CDATA[
 -- Order info 
OrderValidationCode: EXPIRY_DATE_INVALID
OrderStatus: INVALID
OrderNo: 730B5A2D
Order Contents: [Pizza[name=Pizza B, priceInPence=2400]]
PriceTotalInPence: 2500
 -- Credit card info 
CreditCardNumber: 0000000000000000
CCV: 222
ExpiryDate: 62/15
]]></system-err>
  </testcase>
  <testcase name="testCreditCardCExpiryDateInPast" classname="uk.ac.ed.inf.OrderValidatorTest" time="0">
    <system-err><![CDATA[
 -- Order info 
OrderValidationCode: EXPIRY_DATE_INVALID
OrderStatus: INVALID
OrderNo: 64F20D05
Order Contents: [Pizza[name=Pizza B, priceInPence=2400]]
PriceTotalInPence: 2500
 -- Credit card info 
CreditCardNumber: 0000000000000000
CCV: 222
ExpiryDate: 43/17
]]></system-err>
  </testcase>
  <testcase name="testCreditCardCExpiryDateInPast" classname="uk.ac.ed.inf.OrderValidatorTest" time="0">
    <system-err><![CDATA[
 -- Order info 
OrderValidationCode: EXPIRY_DATE_INVALID
OrderStatus: INVALID
OrderNo: 2BBD715C
Order Contents: [Pizza[name=Pizza C, priceInPence=2500]]
PriceTotalInPence: 2600
 -- Credit card info 
CreditCardNumber: 0000000000000000
CCV: 222
ExpiryDate: 97/11
]]></system-err>
  </testcase>
  <testcase name="testCreditCardCExpiryDateInPast" classname="uk.ac.ed.inf.OrderValidatorTest" time="0">
    <system-err><![CDATA[
 -- Order info 
OrderValidationCode: EXPIRY_DATE_INVALID
OrderStatus: INVALID
OrderNo: 36835304
Order Contents: [Pizza[name=Pizza A, priceInPence=2300]]
PriceTotalInPence: 2400
 -- Credit card info 
CreditCardNumber: 0000000000000000
CCV: 222
ExpiryDate: 49/14
]]></system-err>
  </testcase>
  <testcase name="testCreditCardCExpiryDateInPast" classname="uk.ac.ed.inf.OrderValidatorTest" time="0">
    <system-err><![CDATA[
 -- Order info 
OrderValidationCode: EXPIRY_DATE_INVALID
OrderStatus: INVALID
OrderNo: 08960992
Order Contents: [Pizza[name=Pizza C, priceInPence=2500]]
PriceTotalInPence: 2600
 -- Credit card info 
CreditCardNumber: 0000000000000000
CCV: 222
ExpiryDate: 10/17
]]></system-err>
  </testcase>
  <testcase name="testCreditCardCExpiryDateInPast" classname="uk.ac.ed.inf.OrderValidatorTest" time="0">
    <system-err><![CDATA[
 -- Order info 
OrderValidationCode: EXPIRY_DATE_INVALID
OrderStatus: INVALID
OrderNo: 6BD13F0D
Order Contents: [Pizza[name=Pizza A, priceInPence=2300]]
PriceTotalInPence: 2400
 -- Credit card info 
CreditCardNumber: 0000000000000000
CCV: 222
ExpiryDate: 23/12
]]></system-err>
  </testcase>
  <testcase name="testCreditCardCExpiryDateInPast" classname="uk.ac.ed.inf.OrderValidatorTest" time="0">
    <system-err><![CDATA[
 -- Order info 
OrderValidationCode: EXPIRY_DATE_INVALID
OrderStatus: INVALID
OrderNo: 51E31CEF
Order Contents: [Pizza[name=Pizza B, priceInPence=2400]]
PriceTotalInPence: 2500
 -- Credit card info 
CreditCardNumber: 0000000000000000
CCV: 222
ExpiryDate: 10/10
]]></system-err>
  </testcase>
  <testcase name="testCreditCardCExpiryDateInPast" classname="uk.ac.ed.inf.OrderValidatorTest" time="0">
    <system-err><![CDATA[
 -- Order info 
OrderValidationCode: EXPIRY_DATE_INVALID
OrderStatus: INVALID
OrderNo: 2DEAFEAB
Order Contents: [Pizza[name=Pizza C, priceInPence=2500]]
PriceTotalInPence: 2600
 -- Credit card info 
CreditCardNumber: 0000000000000000
CCV: 222
ExpiryDate: 15/16
]]></system-err>
  </testcase>
  <testcase name="testCreditCardCExpiryDateInPast" classname="uk.ac.ed.inf.OrderValidatorTest" time="0">
    <system-err><![CDATA[
 -- Order info 
OrderValidationCode: EXPIRY_DATE_INVALID
OrderStatus: INVALID
OrderNo: 71738E66
Order Contents: [Pizza[name=Pizza C, priceInPence=2500]]
PriceTotalInPence: 2600
 -- Credit card info 
CreditCardNumber: 0000000000000000
CCV: 222
ExpiryDate: 12/20
]]></system-err>
  </testcase>
  <testcase name="testCreditCardCExpiryDateInPast" classname="uk.ac.ed.inf.OrderValidatorTest" time="0">
    <system-err><![CDATA[
 -- Order info 
OrderValidationCode: EXPIRY_DATE_INVALID
OrderStatus: INVALID
OrderNo: 5934622F
Order Contents: [Pizza[name=Pizza A, priceInPence=2300]]
PriceTotalInPence: 2400
 -- Credit card info 
CreditCardNumber: 0000000000000000
CCV: 222
ExpiryDate: 89/21
]]></system-err>
  </testcase>
  <testcase name="testCreditCardCExpiryDateInPast" classname="uk.ac.ed.inf.OrderValidatorTest" time="0">
    <system-err><![CDATA[
 -- Order info 
OrderValidationCode: EXPIRY_DATE_INVALID
OrderStatus: INVALID
OrderNo: 6B02D95A
Order Contents: [Pizza[name=Pizza C, priceInPence=2500]]
PriceTotalInPence: 2600
 -- Credit card info 
CreditCardNumber: 0000000000000000
CCV: 222
ExpiryDate: 66/10
]]></system-err>
  </testcase>
  <testcase name="testCreditCardCExpiryDateInPast" classname="uk.ac.ed.inf.OrderValidatorTest" time="0">
    <system-err><![CDATA[
 -- Order info 
OrderValidationCode: EXPIRY_DATE_INVALID
OrderStatus: INVALID
OrderNo: 6629B25E
Order Contents: [Pizza[name=Pizza C, priceInPence=2500]]
PriceTotalInPence: 2600
 -- Credit card info 
CreditCardNumber: 0000000000000000
CCV: 222
ExpiryDate: 64/15
]]></system-err>
  </testcase>
  <testcase name="testCreditCardCExpiryDateInPast" classname="uk.ac.ed.inf.OrderValidatorTest" time="0">
    <system-err><![CDATA[
 -- Order info 
OrderValidationCode: EXPIRY_DATE_INVALID
OrderStatus: INVALID
OrderNo: 693B5E7F
Order Contents: [Pizza[name=Pizza B, priceInPence=2400]]
PriceTotalInPence: 2500
 -- Credit card info 
CreditCardNumber: 0000000000000000
CCV: 222
ExpiryDate: 93/19
]]></system-err>
  </testcase>
  <testcase name="testCreditCardCExpiryDateInPast" classname="uk.ac.ed.inf.OrderValidatorTest" time="0">
    <system-err><![CDATA[
 -- Order info 
OrderValidationCode: EXPIRY_DATE_INVALID
OrderStatus: INVALID
OrderNo: 28CA98CE
Order Contents: [Pizza[name=Pizza C, priceInPence=2500]]
PriceTotalInPence: 2600
 -- Credit card info 
CreditCardNumber: 0000000000000000
CCV: 222
ExpiryDate: 48/20
]]></system-err>
  </testcase>
  <testcase name="testCreditCardCExpiryDateInPast" classname="uk.ac.ed.inf.OrderValidatorTest" time="0">
    <system-err><![CDATA[
 -- Order info 
OrderValidationCode: EXPIRY_DATE_INVALID
OrderStatus: INVALID
OrderNo: 31E58A8A
Order Contents: [Pizza[name=Pizza C, priceInPence=2500]]
PriceTotalInPence: 2600
 -- Credit card info 
CreditCardNumber: 0000000000000000
CCV: 222
ExpiryDate: 93/21
]]></system-err>
  </testcase>
  <testcase name="testCreditCardCExpiryDateInPast" classname="uk.ac.ed.inf.OrderValidatorTest" time="0">
    <system-err><![CDATA[
 -- Order info 
OrderValidationCode: EXPIRY_DATE_INVALID
OrderStatus: INVALID
OrderNo: 122425BE
Order Contents: [Pizza[name=Pizza B, priceInPence=2400]]
PriceTotalInPence: 2500
 -- Credit card info 
CreditCardNumber: 0000000000000000
CCV: 222
ExpiryDate: 04/18
]]></system-err>
  </testcase>
  <testcase name="testCreditCardCExpiryDateInPast" classname="uk.ac.ed.inf.OrderValidatorTest" time="0">
    <system-err><![CDATA[
 -- Order info 
OrderValidationCode: EXPIRY_DATE_INVALID
OrderStatus: INVALID
OrderNo: 0DD65A12
Order Contents: [Pizza[name=Pizza A, priceInPence=2300]]
PriceTotalInPence: 2400
 -- Credit card info 
CreditCardNumber: 0000000000000000
CCV: 222
ExpiryDate: 07/11
]]></system-err>
  </testcase>
  <testcase name="testCreditCardCExpiryDateInPast" classname="uk.ac.ed.inf.OrderValidatorTest" time="0">
    <system-err><![CDATA[
 -- Order info 
OrderValidationCode: EXPIRY_DATE_INVALID
OrderStatus: INVALID
OrderNo: 223C06D8
Order Contents: [Pizza[name=Pizza A, priceInPence=2300]]
PriceTotalInPence: 2400
 -- Credit card info 
CreditCardNumber: 0000000000000000
CCV: 222
ExpiryDate: 02/12
]]></system-err>
  </testcase>
  <testcase name="testCreditCardCExpiryDateInPast" classname="uk.ac.ed.inf.OrderValidatorTest" time="0">
    <system-err><![CDATA[
 -- Order info 
OrderValidationCode: EXPIRY_DATE_INVALID
OrderStatus: INVALID
OrderNo: 2DF90C78
Order Contents: [Pizza[name=Pizza A, priceInPence=2300]]
PriceTotalInPence: 2400
 -- Credit card info 
CreditCardNumber: 0000000000000000
CCV: 222
ExpiryDate: 31/11
]]></system-err>
  </testcase>
  <testcase name="testCreditCardCExpiryDateInPast" classname="uk.ac.ed.inf.OrderValidatorTest" time="0">
    <system-err><![CDATA[
 -- Order info 
OrderValidationCode: EXPIRY_DATE_INVALID
OrderStatus: INVALID
OrderNo: 66FC8A7C
Order Contents: [Pizza[name=Pizza C, priceInPence=2500]]
PriceTotalInPence: 2600
 -- Credit card info 
CreditCardNumber: 0000000000000000
CCV: 222
ExpiryDate: 50/15
]]></system-err>
  </testcase>
  <testcase name="testCreditCardCExpiryDateInPast" classname="uk.ac.ed.inf.OrderValidatorTest" time="0">
    <system-err><![CDATA[
 -- Order info 
OrderValidationCode: EXPIRY_DATE_INVALID
OrderStatus: INVALID
OrderNo: 12F76115
Order Contents: [Pizza[name=Pizza A, priceInPence=2300]]
PriceTotalInPence: 2400
 -- Credit card info 
CreditCardNumber: 0000000000000000
CCV: 222
ExpiryDate: 18/16
]]></system-err>
  </testcase>
  <testcase name="testCreditCardCExpiryDateInPast" classname="uk.ac.ed.inf.OrderValidatorTest" time="0">
    <system-err><![CDATA[
 -- Order info 
OrderValidationCode: EXPIRY_DATE_INVALID
OrderStatus: INVALID
OrderNo: 3BA801BB
Order Contents: [Pizza[name=Pizza C, priceInPence=2500]]
PriceTotalInPence: 2600
 -- Credit card info 
CreditCardNumber: 0000000000000000
CCV: 222
ExpiryDate: 04/15
]]></system-err>
  </testcase>
  <testcase name="testCreditCardCExpiryDateInPast" classname="uk.ac.ed.inf.OrderValidatorTest" time="0">
    <system-err><![CDATA[
 -- Order info 
OrderValidationCode: EXPIRY_DATE_INVALID
OrderStatus: INVALID
OrderNo: 5FDC924B
Order Contents: [Pizza[name=Pizza B, priceInPence=2400]]
PriceTotalInPence: 2500
 -- Credit card info 
CreditCardNumber: 0000000000000000
CCV: 222
ExpiryDate: 68/11
]]></system-err>
  </testcase>
  <testcase name="testCreditCardCExpiryDateInPast" classname="uk.ac.ed.inf.OrderValidatorTest" time="0">
    <system-err><![CDATA[
 -- Order info 
OrderValidationCode: EXPIRY_DATE_INVALID
OrderStatus: INVALID
OrderNo: 550DDFFA
Order Contents: [Pizza[name=Pizza A, priceInPence=2300]]
PriceTotalInPence: 2400
 -- Credit card info 
CreditCardNumber: 0000000000000000
CCV: 222
ExpiryDate: 04/13
]]></system-err>
  </testcase>
  <testcase name="testCreditCardCExpiryDateInPast" classname="uk.ac.ed.inf.OrderValidatorTest" time="0">
    <system-err><![CDATA[
 -- Order info 
OrderValidationCode: EXPIRY_DATE_INVALID
OrderStatus: INVALID
OrderNo: 58130BE7
Order Contents: [Pizza[name=Pizza A, priceInPence=2300]]
PriceTotalInPence: 2400
 -- Credit card info 
CreditCardNumber: 0000000000000000
CCV: 222
ExpiryDate: 25/18
]]></system-err>
  </testcase>
  <testcase name="testCreditCardCExpiryDateInPast" classname="uk.ac.ed.inf.OrderValidatorTest" time="0">
    <system-err><![CDATA[
 -- Order info 
OrderValidationCode: EXPIRY_DATE_INVALID
OrderStatus: INVALID
OrderNo: 2308A461
Order Contents: [Pizza[name=Pizza C, priceInPence=2500]]
PriceTotalInPence: 2600
 -- Credit card info 
CreditCardNumber: 0000000000000000
CCV: 222
ExpiryDate: 80/12
]]></system-err>
  </testcase>
  <testcase name="testCreditCardCExpiryDateInPast" classname="uk.ac.ed.inf.OrderValidatorTest" time="0">
    <system-err><![CDATA[
 -- Order info 
OrderValidationCode: EXPIRY_DATE_INVALID
OrderStatus: INVALID
OrderNo: 43322FE3
Order Contents: [Pizza[name=Pizza B, priceInPence=2400]]
PriceTotalInPence: 2500
 -- Credit card info 
CreditCardNumber: 0000000000000000
CCV: 222
ExpiryDate: 46/17
]]></system-err>
  </testcase>
  <testcase name="testCreditCardCExpiryDateInPast" classname="uk.ac.ed.inf.OrderValidatorTest" time="0">
    <system-err><![CDATA[
 -- Order info 
OrderValidationCode: EXPIRY_DATE_INVALID
OrderStatus: INVALID
OrderNo: 389F212B
Order Contents: [Pizza[name=Pizza A, priceInPence=2300]]
PriceTotalInPence: 2400
 -- Credit card info 
CreditCardNumber: 0000000000000000
CCV: 222
ExpiryDate: 45/21
]]></system-err>
  </testcase>
  <testcase name="testCreditCardCExpiryDateInPast" classname="uk.ac.ed.inf.OrderValidatorTest" time="0">
    <system-err><![CDATA[
 -- Order info 
OrderValidationCode: EXPIRY_DATE_INVALID
OrderStatus: INVALID
OrderNo: 1F2BC01C
Order Contents: [Pizza[name=Pizza B, priceInPence=2400]]
PriceTotalInPence: 2500
 -- Credit card info 
CreditCardNumber: 0000000000000000
CCV: 222
ExpiryDate: 06/21
]]></system-err>
  </testcase>
  <testcase name="testCreditCardCExpiryDateInPast" classname="uk.ac.ed.inf.OrderValidatorTest" time="0">
    <system-err><![CDATA[
 -- Order info 
OrderValidationCode: EXPIRY_DATE_INVALID
OrderStatus: INVALID
OrderNo: 3BC2D039
Order Contents: [Pizza[name=Pizza C, priceInPence=2500]]
PriceTotalInPence: 2600
 -- Credit card info 
CreditCardNumber: 0000000000000000
CCV: 222
ExpiryDate: 92/21
]]></system-err>
  </testcase>
  <testcase name="testCreditCardCExpiryDateInPast" classname="uk.ac.ed.inf.OrderValidatorTest" time="0">
    <system-err><![CDATA[
 -- Order info 
OrderValidationCode: EXPIRY_DATE_INVALID
OrderStatus: INVALID
OrderNo: 31F95A45
Order Contents: [Pizza[name=Pizza C, priceInPence=2500]]
PriceTotalInPence: 2600
 -- Credit card info 
CreditCardNumber: 0000000000000000
CCV: 222
ExpiryDate: 51/14
]]></system-err>
  </testcase>
  <testcase name="testCreditCardCExpiryDateInPast" classname="uk.ac.ed.inf.OrderValidatorTest" time="0">
    <system-err><![CDATA[
 -- Order info 
OrderValidationCode: EXPIRY_DATE_INVALID
OrderStatus: INVALID
OrderNo: 5CD63E4C
Order Contents: [Pizza[name=Pizza A, priceInPence=2300]]
PriceTotalInPence: 2400
 -- Credit card info 
CreditCardNumber: 0000000000000000
CCV: 222
ExpiryDate: 98/15
]]></system-err>
  </testcase>
  <testcase name="testCreditCardCExpiryDateInPast" classname="uk.ac.ed.inf.OrderValidatorTest" time="0">
    <system-err><![CDATA[
 -- Order info 
OrderValidationCode: EXPIRY_DATE_INVALID
OrderStatus: INVALID
OrderNo: 7E5B8329
Order Contents: [Pizza[name=Pizza C, priceInPence=2500]]
PriceTotalInPence: 2600
 -- Credit card info 
CreditCardNumber: 0000000000000000
CCV: 222
ExpiryDate: 18/20
]]></system-err>
  </testcase>
  <testcase name="testCreditCardCExpiryDateInPast" classname="uk.ac.ed.inf.OrderValidatorTest" time="0">
    <system-err><![CDATA[
 -- Order info 
OrderValidationCode: EXPIRY_DATE_INVALID
OrderStatus: INVALID
OrderNo: 70D405E3
Order Contents: [Pizza[name=Pizza C, priceInPence=2500]]
PriceTotalInPence: 2600
 -- Credit card info 
CreditCardNumber: 0000000000000000
CCV: 222
ExpiryDate: 94/14
]]></system-err>
  </testcase>
  <testcase name="testCreditCardCExpiryDateInPast" classname="uk.ac.ed.inf.OrderValidatorTest" time="0">
    <system-err><![CDATA[
 -- Order info 
OrderValidationCode: EXPIRY_DATE_INVALID
OrderStatus: INVALID
OrderNo: 03468138
Order Contents: [Pizza[name=Pizza B, priceInPence=2400]]
PriceTotalInPence: 2500
 -- Credit card info 
CreditCardNumber: 0000000000000000
CCV: 222
ExpiryDate: 96/14
]]></system-err>
  </testcase>
  <testcase name="testCreditCardCExpiryDateInPast" classname="uk.ac.ed.inf.OrderValidatorTest" time="0">
    <system-err><![CDATA[
 -- Order info 
OrderValidationCode: EXPIRY_DATE_INVALID
OrderStatus: INVALID
OrderNo: 4B0386F4
Order Contents: [Pizza[name=Pizza A, priceInPence=2300]]
PriceTotalInPence: 2400
 -- Credit card info 
CreditCardNumber: 0000000000000000
CCV: 222
ExpiryDate: 85/12
]]></system-err>
  </testcase>
  <testcase name="testCreditCardCExpiryDateInPast" classname="uk.ac.ed.inf.OrderValidatorTest" time="0">
    <system-err><![CDATA[
 -- Order info 
OrderValidationCode: EXPIRY_DATE_INVALID
OrderStatus: INVALID
OrderNo: 1C91D54F
Order Contents: [Pizza[name=Pizza C, priceInPence=2500]]
PriceTotalInPence: 2600
 -- Credit card info 
CreditCardNumber: 0000000000000000
CCV: 222
ExpiryDate: 26/22
]]></system-err>
  </testcase>
  <testcase name="testCreditCardCExpiryDateInPast" classname="uk.ac.ed.inf.OrderValidatorTest" time="0">
    <system-err><![CDATA[
 -- Order info 
OrderValidationCode: EXPIRY_DATE_INVALID
OrderStatus: INVALID
OrderNo: 7D8FBE9C
Order Contents: [Pizza[name=Pizza C, priceInPence=2500]]
PriceTotalInPence: 2600
 -- Credit card info 
CreditCardNumber: 0000000000000000
CCV: 222
ExpiryDate: 65/13
]]></system-err>
  </testcase>
  <testcase name="testCreditCardCExpiryDateInPast" classname="uk.ac.ed.inf.OrderValidatorTest" time="0">
    <system-err><![CDATA[
 -- Order info 
OrderValidationCode: EXPIRY_DATE_INVALID
OrderStatus: INVALID
OrderNo: 6B25ACFB
Order Contents: [Pizza[name=Pizza C, priceInPence=2500]]
PriceTotalInPence: 2600
 -- Credit card info 
CreditCardNumber: 0000000000000000
CCV: 222
ExpiryDate: 94/21
]]></system-err>
  </testcase>
  <testcase name="testCreditCardCExpiryDateInPast" classname="uk.ac.ed.inf.OrderValidatorTest" time="0">
    <system-err><![CDATA[
 -- Order info 
OrderValidationCode: EXPIRY_DATE_INVALID
OrderStatus: INVALID
OrderNo: 4D4FAA9D
Order Contents: [Pizza[name=Pizza C, priceInPence=2500]]
PriceTotalInPence: 2600
 -- Credit card info 
CreditCardNumber: 0000000000000000
CCV: 222
ExpiryDate: 58/19
]]></system-err>
  </testcase>
  <testcase name="testCreditCardCExpiryDateInPast" classname="uk.ac.ed.inf.OrderValidatorTest" time="0">
    <system-err><![CDATA[
 -- Order info 
OrderValidationCode: EXPIRY_DATE_INVALID
OrderStatus: INVALID
OrderNo: 1478D262
Order Contents: [Pizza[name=Pizza B, priceInPence=2400]]
PriceTotalInPence: 2500
 -- Credit card info 
CreditCardNumber: 0000000000000000
CCV: 222
ExpiryDate: 03/11
]]></system-err>
  </testcase>
  <testcase name="testCreditCardCExpiryDateInPast" classname="uk.ac.ed.inf.OrderValidatorTest" time="0">
    <system-err><![CDATA[
 -- Order info 
OrderValidationCode: EXPIRY_DATE_INVALID
OrderStatus: INVALID
OrderNo: 6CB8196D
Order Contents: [Pizza[name=Pizza B, priceInPence=2400]]
PriceTotalInPence: 2500
 -- Credit card info 
CreditCardNumber: 0000000000000000
CCV: 222
ExpiryDate: 45/16
]]></system-err>
  </testcase>
  <testcase name="testCreditCardCExpiryDateInPast" classname="uk.ac.ed.inf.OrderValidatorTest" time="0">
    <system-err><![CDATA[
 -- Order info 
OrderValidationCode: EXPIRY_DATE_INVALID
OrderStatus: INVALID
OrderNo: 4FA0AD2E
Order Contents: [Pizza[name=Pizza C, priceInPence=2500]]
PriceTotalInPence: 2600
 -- Credit card info 
CreditCardNumber: 0000000000000000
CCV: 222
ExpiryDate: 72/10
]]></system-err>
  </testcase>
  <testcase name="testCreditCardCExpiryDateInPast" classname="uk.ac.ed.inf.OrderValidatorTest" time="0">
    <system-err><![CDATA[
 -- Order info 
OrderValidationCode: EXPIRY_DATE_INVALID
OrderStatus: INVALID
OrderNo: 7007A4BF
Order Contents: [Pizza[name=Pizza A, priceInPence=2300]]
PriceTotalInPence: 2400
 -- Credit card info 
CreditCardNumber: 0000000000000000
CCV: 222
ExpiryDate: 68/13
]]></system-err>
  </testcase>
  <testcase name="testCreditCardCExpiryDateInPast" classname="uk.ac.ed.inf.OrderValidatorTest" time="0">
    <system-err><![CDATA[
 -- Order info 
OrderValidationCode: EXPIRY_DATE_INVALID
OrderStatus: INVALID
OrderNo: 347E9598
Order Contents: [Pizza[name=Pizza B, priceInPence=2400]]
PriceTotalInPence: 2500
 -- Credit card info 
CreditCardNumber: 0000000000000000
CCV: 222
ExpiryDate: 22/11
]]></system-err>
  </testcase>
  <testcase name="testCreditCardCExpiryDateInPast" classname="uk.ac.ed.inf.OrderValidatorTest" time="0">
    <system-err><![CDATA[
 -- Order info 
OrderValidationCode: EXPIRY_DATE_INVALID
OrderStatus: INVALID
OrderNo: 3F7E55CE
Order Contents: [Pizza[name=Pizza C, priceInPence=2500]]
PriceTotalInPence: 2600
 -- Credit card info 
CreditCardNumber: 0000000000000000
CCV: 222
ExpiryDate: 06/22
]]></system-err>
  </testcase>
  <testcase name="testCreditCardCExpiryDateInPast" classname="uk.ac.ed.inf.OrderValidatorTest" time="0">
    <system-err><![CDATA[
 -- Order info 
OrderValidationCode: EXPIRY_DATE_INVALID
OrderStatus: INVALID
OrderNo: 6734542A
Order Contents: [Pizza[name=Pizza B, priceInPence=2400]]
PriceTotalInPence: 2500
 -- Credit card info 
CreditCardNumber: 0000000000000000
CCV: 222
ExpiryDate: 66/19
]]></system-err>
  </testcase>
  <testcase name="testCreditCardCExpiryDateInPast" classname="uk.ac.ed.inf.OrderValidatorTest" time="0">
    <system-err><![CDATA[
 -- Order info 
OrderValidationCode: EXPIRY_DATE_INVALID
OrderStatus: INVALID
OrderNo: 3E410D9F
Order Contents: [Pizza[name=Pizza B, priceInPence=2400]]
PriceTotalInPence: 2500
 -- Credit card info 
CreditCardNumber: 0000000000000000
CCV: 222
ExpiryDate: 42/14
]]></system-err>
  </testcase>
  <testcase name="testCreditCardCExpiryDateInPast" classname="uk.ac.ed.inf.OrderValidatorTest" time="0.016">
    <system-err><![CDATA[
 -- Order info 
OrderValidationCode: EXPIRY_DATE_INVALID
OrderStatus: INVALID
OrderNo: 2983CC9B
Order Contents: [Pizza[name=Pizza C, priceInPence=2500]]
PriceTotalInPence: 2600
 -- Credit card info 
CreditCardNumber: 0000000000000000
CCV: 222
ExpiryDate: 18/20
]]></system-err>
  </testcase>
  <testcase name="testCreditCardCExpiryDateInPast" classname="uk.ac.ed.inf.OrderValidatorTest" time="0">
    <system-err><![CDATA[
 -- Order info 
OrderValidationCode: EXPIRY_DATE_INVALID
OrderStatus: INVALID
OrderNo: 14FA8968
Order Contents: [Pizza[name=Pizza A, priceInPence=2300]]
PriceTotalInPence: 2400
 -- Credit card info 
CreditCardNumber: 0000000000000000
CCV: 222
ExpiryDate: 52/21
]]></system-err>
  </testcase>
  <testcase name="testCreditCardCExpiryDateInPast" classname="uk.ac.ed.inf.OrderValidatorTest" time="0">
    <system-err><![CDATA[
 -- Order info 
OrderValidationCode: EXPIRY_DATE_INVALID
OrderStatus: INVALID
OrderNo: 306F4EDD
Order Contents: [Pizza[name=Pizza C, priceInPence=2500]]
PriceTotalInPence: 2600
 -- Credit card info 
CreditCardNumber: 0000000000000000
CCV: 222
ExpiryDate: 69/14
]]></system-err>
  </testcase>
  <testcase name="testCreditCardCExpiryDateInPast" classname="uk.ac.ed.inf.OrderValidatorTest" time="0">
    <system-err><![CDATA[
 -- Order info 
OrderValidationCode: EXPIRY_DATE_INVALID
OrderStatus: INVALID
OrderNo: 64DDF2E5
Order Contents: [Pizza[name=Pizza B, priceInPence=2400]]
PriceTotalInPence: 2500
 -- Credit card info 
CreditCardNumber: 0000000000000000
CCV: 222
ExpiryDate: 74/13
]]></system-err>
  </testcase>
  <testcase name="testCreditCardCExpiryDateInPast" classname="uk.ac.ed.inf.OrderValidatorTest" time="0">
    <system-err><![CDATA[
 -- Order info 
OrderValidationCode: EXPIRY_DATE_INVALID
OrderStatus: INVALID
OrderNo: 4AA2CC00
Order Contents: [Pizza[name=Pizza B, priceInPence=2400]]
PriceTotalInPence: 2500
 -- Credit card info 
CreditCardNumber: 0000000000000000
CCV: 222
ExpiryDate: 29/14
]]></system-err>
  </testcase>
  <testcase name="testCreditCardCExpiryDateInPast" classname="uk.ac.ed.inf.OrderValidatorTest" time="0">
    <system-err><![CDATA[
 -- Order info 
OrderValidationCode: EXPIRY_DATE_INVALID
OrderStatus: INVALID
OrderNo: 5E8845FD
Order Contents: [Pizza[name=Pizza A, priceInPence=2300]]
PriceTotalInPence: 2400
 -- Credit card info 
CreditCardNumber: 0000000000000000
CCV: 222
ExpiryDate: 14/20
]]></system-err>
  </testcase>
  <testcase name="testCreditCardCExpiryDateInPast" classname="uk.ac.ed.inf.OrderValidatorTest" time="0">
    <system-err><![CDATA[
 -- Order info 
OrderValidationCode: EXPIRY_DATE_INVALID
OrderStatus: INVALID
OrderNo: 639E80DC
Order Contents: [Pizza[name=Pizza C, priceInPence=2500]]
PriceTotalInPence: 2600
 -- Credit card info 
CreditCardNumber: 0000000000000000
CCV: 222
ExpiryDate: 07/19
]]></system-err>
  </testcase>
  <testcase name="testCreditCardCExpiryDateInPast" classname="uk.ac.ed.inf.OrderValidatorTest" time="0">
    <system-err><![CDATA[
 -- Order info 
OrderValidationCode: EXPIRY_DATE_INVALID
OrderStatus: INVALID
OrderNo: 41195352
Order Contents: [Pizza[name=Pizza C, priceInPence=2500]]
PriceTotalInPence: 2600
 -- Credit card info 
CreditCardNumber: 0000000000000000
CCV: 222
ExpiryDate: 15/20
]]></system-err>
  </testcase>
  <testcase name="testCreditCardCExpiryDateInPast" classname="uk.ac.ed.inf.OrderValidatorTest" time="0">
    <system-err><![CDATA[
 -- Order info 
OrderValidationCode: EXPIRY_DATE_INVALID
OrderStatus: INVALID
OrderNo: 79806589
Order Contents: [Pizza[name=Pizza C, priceInPence=2500]]
PriceTotalInPence: 2600
 -- Credit card info 
CreditCardNumber: 0000000000000000
CCV: 222
ExpiryDate: 40/10
]]></system-err>
  </testcase>
  <testcase name="testCreditCardCExpiryDateInPast" classname="uk.ac.ed.inf.OrderValidatorTest" time="0">
    <system-err><![CDATA[
 -- Order info 
OrderValidationCode: EXPIRY_DATE_INVALID
OrderStatus: INVALID
OrderNo: 03BD4A7F
Order Contents: [Pizza[name=Pizza B, priceInPence=2400]]
PriceTotalInPence: 2500
 -- Credit card info 
CreditCardNumber: 0000000000000000
CCV: 222
ExpiryDate: 60/19
]]></system-err>
  </testcase>
  <testcase name="testCreditCardCExpiryDateInPast" classname="uk.ac.ed.inf.OrderValidatorTest" time="0">
    <system-err><![CDATA[
 -- Order info 
OrderValidationCode: EXPIRY_DATE_INVALID
OrderStatus: INVALID
OrderNo: 3BDB9E73
Order Contents: [Pizza[name=Pizza C, priceInPence=2500]]
PriceTotalInPence: 2600
 -- Credit card info 
CreditCardNumber: 0000000000000000
CCV: 222
ExpiryDate: 49/18
]]></system-err>
  </testcase>
  <testcase name="testCreditCardCExpiryDateInPast" classname="uk.ac.ed.inf.OrderValidatorTest" time="0">
    <system-err><![CDATA[
 -- Order info 
OrderValidationCode: EXPIRY_DATE_INVALID
OrderStatus: INVALID
OrderNo: 3D714AEB
Order Contents: [Pizza[name=Pizza B, priceInPence=2400]]
PriceTotalInPence: 2500
 -- Credit card info 
CreditCardNumber: 0000000000000000
CCV: 222
ExpiryDate: 85/16
]]></system-err>
  </testcase>
  <testcase name="testCreditCardCExpiryDateInPast" classname="uk.ac.ed.inf.OrderValidatorTest" time="0">
    <system-err><![CDATA[
 -- Order info 
OrderValidationCode: EXPIRY_DATE_INVALID
OrderStatus: INVALID
OrderNo: 613D1CE0
Order Contents: [Pizza[name=Pizza A, priceInPence=2300]]
PriceTotalInPence: 2400
 -- Credit card info 
CreditCardNumber: 0000000000000000
CCV: 222
ExpiryDate: 64/13
]]></system-err>
  </testcase>
  <testcase name="testCreditCardCExpiryDateInPast" classname="uk.ac.ed.inf.OrderValidatorTest" time="0">
    <system-err><![CDATA[
 -- Order info 
OrderValidationCode: EXPIRY_DATE_INVALID
OrderStatus: INVALID
OrderNo: 22528EE2
Order Contents: [Pizza[name=Pizza C, priceInPence=2500]]
PriceTotalInPence: 2600
 -- Credit card info 
CreditCardNumber: 0000000000000000
CCV: 222
ExpiryDate: 13/17
]]></system-err>
  </testcase>
  <testcase name="testCreditCardCExpiryDateInPast" classname="uk.ac.ed.inf.OrderValidatorTest" time="0">
    <system-err><![CDATA[
 -- Order info 
OrderValidationCode: EXPIRY_DATE_INVALID
OrderStatus: INVALID
OrderNo: 6FAA41F6
Order Contents: [Pizza[name=Pizza A, priceInPence=2300]]
PriceTotalInPence: 2400
 -- Credit card info 
CreditCardNumber: 0000000000000000
CCV: 222
ExpiryDate: 25/17
]]></system-err>
  </testcase>
  <testcase name="testCreditCardCExpiryDateInPast" classname="uk.ac.ed.inf.OrderValidatorTest" time="0">
    <system-err><![CDATA[
 -- Order info 
OrderValidationCode: EXPIRY_DATE_INVALID
OrderStatus: INVALID
OrderNo: 0B2F5B8B
Order Contents: [Pizza[name=Pizza C, priceInPence=2500]]
PriceTotalInPence: 2600
 -- Credit card info 
CreditCardNumber: 0000000000000000
CCV: 222
ExpiryDate: 22/17
]]></system-err>
  </testcase>
  <testcase name="testCreditCardCExpiryDateInPast" classname="uk.ac.ed.inf.OrderValidatorTest" time="0">
    <system-err><![CDATA[
 -- Order info 
OrderValidationCode: EXPIRY_DATE_INVALID
OrderStatus: INVALID
OrderNo: 079A0D78
Order Contents: [Pizza[name=Pizza A, priceInPence=2300]]
PriceTotalInPence: 2400
 -- Credit card info 
CreditCardNumber: 0000000000000000
CCV: 222
ExpiryDate: 45/18
]]></system-err>
  </testcase>
  <testcase name="testCreditCardCExpiryDateInPast" classname="uk.ac.ed.inf.OrderValidatorTest" time="0">
    <system-err><![CDATA[
 -- Order info 
OrderValidationCode: EXPIRY_DATE_INVALID
OrderStatus: INVALID
OrderNo: 3098B6CF
Order Contents: [Pizza[name=Pizza A, priceInPence=2300]]
PriceTotalInPence: 2400
 -- Credit card info 
CreditCardNumber: 0000000000000000
CCV: 222
ExpiryDate: 96/11
]]></system-err>
  </testcase>
  <testcase name="testCreditCardCExpiryDateInPast" classname="uk.ac.ed.inf.OrderValidatorTest" time="0">
    <system-err><![CDATA[
 -- Order info 
OrderValidationCode: EXPIRY_DATE_INVALID
OrderStatus: INVALID
OrderNo: 1CB87B2E
Order Contents: [Pizza[name=Pizza C, priceInPence=2500]]
PriceTotalInPence: 2600
 -- Credit card info 
CreditCardNumber: 0000000000000000
CCV: 222
ExpiryDate: 35/10
]]></system-err>
  </testcase>
  <testcase name="testCreditCardCExpiryDateInPast" classname="uk.ac.ed.inf.OrderValidatorTest" time="0">
    <system-err><![CDATA[
 -- Order info 
OrderValidationCode: EXPIRY_DATE_INVALID
OrderStatus: INVALID
OrderNo: 71A686F3
Order Contents: [Pizza[name=Pizza A, priceInPence=2300]]
PriceTotalInPence: 2400
 -- Credit card info 
CreditCardNumber: 0000000000000000
CCV: 222
ExpiryDate: 98/15
]]></system-err>
  </testcase>
  <testcase name="testCreditCardCExpiryDateInPast" classname="uk.ac.ed.inf.OrderValidatorTest" time="0.015">
    <system-err><![CDATA[
 -- Order info 
OrderValidationCode: EXPIRY_DATE_INVALID
OrderStatus: INVALID
OrderNo: 1839B2A4
Order Contents: [Pizza[name=Pizza B, priceInPence=2400]]
PriceTotalInPence: 2500
 -- Credit card info 
CreditCardNumber: 0000000000000000
CCV: 222
ExpiryDate: 51/15
]]></system-err>
  </testcase>
  <testcase name="testCreditCardCExpiryDateInPast" classname="uk.ac.ed.inf.OrderValidatorTest" time="0">
    <system-err><![CDATA[
 -- Order info 
OrderValidationCode: EXPIRY_DATE_INVALID
OrderStatus: INVALID
OrderNo: 2A58E23D
Order Contents: [Pizza[name=Pizza A, priceInPence=2300]]
PriceTotalInPence: 2400
 -- Credit card info 
CreditCardNumber: 0000000000000000
CCV: 222
ExpiryDate: 66/19
]]></system-err>
  </testcase>
  <testcase name="testCreditCardCExpiryDateInPast" classname="uk.ac.ed.inf.OrderValidatorTest" time="0">
    <system-err><![CDATA[
 -- Order info 
OrderValidationCode: EXPIRY_DATE_INVALID
OrderStatus: INVALID
OrderNo: 66B1C7FB
Order Contents: [Pizza[name=Pizza C, priceInPence=2500]]
PriceTotalInPence: 2600
 -- Credit card info 
CreditCardNumber: 0000000000000000
CCV: 222
ExpiryDate: 41/19
]]></system-err>
  </testcase>
  <testcase name="testCreditCardCExpiryDateInPast" classname="uk.ac.ed.inf.OrderValidatorTest" time="0">
    <system-err><![CDATA[
 -- Order info 
OrderValidationCode: EXPIRY_DATE_INVALID
OrderStatus: INVALID
OrderNo: 3E03179A
Order Contents: [Pizza[name=Pizza C, priceInPence=2500]]
PriceTotalInPence: 2600
 -- Credit card info 
CreditCardNumber: 0000000000000000
CCV: 222
ExpiryDate: 02/17
]]></system-err>
  </testcase>
  <testcase name="testCreditCardCExpiryDateInPast" classname="uk.ac.ed.inf.OrderValidatorTest" time="0">
    <system-err><![CDATA[
 -- Order info 
OrderValidationCode: EXPIRY_DATE_INVALID
OrderStatus: INVALID
OrderNo: 326D1BA0
Order Contents: [Pizza[name=Pizza C, priceInPence=2500]]
PriceTotalInPence: 2600
 -- Credit card info 
CreditCardNumber: 0000000000000000
CCV: 222
ExpiryDate: 25/12
]]></system-err>
  </testcase>
  <testcase name="testCreditCardCExpiryDateInPast" classname="uk.ac.ed.inf.OrderValidatorTest" time="0">
    <system-err><![CDATA[
 -- Order info 
OrderValidationCode: EXPIRY_DATE_INVALID
OrderStatus: INVALID
OrderNo: 40773497
Order Contents: [Pizza[name=Pizza B, priceInPence=2400]]
PriceTotalInPence: 2500
 -- Credit card info 
CreditCardNumber: 0000000000000000
CCV: 222
ExpiryDate: 78/19
]]></system-err>
  </testcase>
  <testcase name="testCreditCardCExpiryDateInPast" classname="uk.ac.ed.inf.OrderValidatorTest" time="0">
    <system-err><![CDATA[
 -- Order info 
OrderValidationCode: EXPIRY_DATE_INVALID
OrderStatus: INVALID
OrderNo: 36E9554D
Order Contents: [Pizza[name=Pizza A, priceInPence=2300]]
PriceTotalInPence: 2400
 -- Credit card info 
CreditCardNumber: 0000000000000000
CCV: 222
ExpiryDate: 72/13
]]></system-err>
  </testcase>
  <testcase name="testCreditCardCExpiryDateInPast" classname="uk.ac.ed.inf.OrderValidatorTest" time="0">
    <system-err><![CDATA[
 -- Order info 
OrderValidationCode: EXPIRY_DATE_INVALID
OrderStatus: INVALID
OrderNo: 60586F8E
Order Contents: [Pizza[name=Pizza C, priceInPence=2500]]
PriceTotalInPence: 2600
 -- Credit card info 
CreditCardNumber: 0000000000000000
CCV: 222
ExpiryDate: 81/16
]]></system-err>
  </testcase>
  <testcase name="testCreditCardCExpiryDateInPast" classname="uk.ac.ed.inf.OrderValidatorTest" time="0">
    <system-err><![CDATA[
 -- Order info 
OrderValidationCode: EXPIRY_DATE_INVALID
OrderStatus: INVALID
OrderNo: 33E62414
Order Contents: [Pizza[name=Pizza A, priceInPence=2300]]
PriceTotalInPence: 2400
 -- Credit card info 
CreditCardNumber: 0000000000000000
CCV: 222
ExpiryDate: 23/14
]]></system-err>
  </testcase>
  <testcase name="testCreditCardCExpiryDateInPast" classname="uk.ac.ed.inf.OrderValidatorTest" time="0">
    <system-err><![CDATA[
 -- Order info 
OrderValidationCode: EXPIRY_DATE_INVALID
OrderStatus: INVALID
OrderNo: 0216027E
Order Contents: [Pizza[name=Pizza B, priceInPence=2400]]
PriceTotalInPence: 2500
 -- Credit card info 
CreditCardNumber: 0000000000000000
CCV: 222
ExpiryDate: 98/15
]]></system-err>
  </testcase>
  <testcase name="testCreditCardCExpiryDateInPast" classname="uk.ac.ed.inf.OrderValidatorTest" time="0">
    <system-err><![CDATA[
 -- Order info 
OrderValidationCode: EXPIRY_DATE_INVALID
OrderStatus: INVALID
OrderNo: 16BF589D
Order Contents: [Pizza[name=Pizza A, priceInPence=2300]]
PriceTotalInPence: 2400
 -- Credit card info 
CreditCardNumber: 0000000000000000
CCV: 222
ExpiryDate: 29/18
]]></system-err>
  </testcase>
  <testcase name="testCreditCardCExpiryDateInPast" classname="uk.ac.ed.inf.OrderValidatorTest" time="0">
    <system-err><![CDATA[
 -- Order info 
OrderValidationCode: EXPIRY_DATE_INVALID
OrderStatus: INVALID
OrderNo: 4480ECF2
Order Contents: [Pizza[name=Pizza C, priceInPence=2500]]
PriceTotalInPence: 2600
 -- Credit card info 
CreditCardNumber: 0000000000000000
CCV: 222
ExpiryDate: 06/21
]]></system-err>
  </testcase>
  <testcase name="testCreditCardCExpiryDateInPast" classname="uk.ac.ed.inf.OrderValidatorTest" time="0">
    <system-err><![CDATA[
 -- Order info 
OrderValidationCode: EXPIRY_DATE_INVALID
OrderStatus: INVALID
OrderNo: 4EF1E736
Order Contents: [Pizza[name=Pizza A, priceInPence=2300]]
PriceTotalInPence: 2400
 -- Credit card info 
CreditCardNumber: 0000000000000000
CCV: 222
ExpiryDate: 05/15
]]></system-err>
  </testcase>
  <testcase name="testCreditCardCExpiryDateInPast" classname="uk.ac.ed.inf.OrderValidatorTest" time="0">
    <system-err><![CDATA[
 -- Order info 
OrderValidationCode: EXPIRY_DATE_INVALID
OrderStatus: INVALID
OrderNo: 3F07A895
Order Contents: [Pizza[name=Pizza C, priceInPence=2500]]
PriceTotalInPence: 2600
 -- Credit card info 
CreditCardNumber: 0000000000000000
CCV: 222
ExpiryDate: 85/22
]]></system-err>
  </testcase>
  <testcase name="testCreditCardCExpiryDateInPast" classname="uk.ac.ed.inf.OrderValidatorTest" time="0">
    <system-err><![CDATA[
 -- Order info 
OrderValidationCode: EXPIRY_DATE_INVALID
OrderStatus: INVALID
OrderNo: 3E4F8807
Order Contents: [Pizza[name=Pizza A, priceInPence=2300]]
PriceTotalInPence: 2400
 -- Credit card info 
CreditCardNumber: 0000000000000000
CCV: 222
ExpiryDate: 12/10
]]></system-err>
  </testcase>
  <testcase name="testCreditCardCExpiryDateInPast" classname="uk.ac.ed.inf.OrderValidatorTest" time="0">
    <system-err><![CDATA[
 -- Order info 
OrderValidationCode: EXPIRY_DATE_INVALID
OrderStatus: INVALID
OrderNo: 76BEBC8D
Order Contents: [Pizza[name=Pizza A, priceInPence=2300]]
PriceTotalInPence: 2400
 -- Credit card info 
CreditCardNumber: 0000000000000000
CCV: 222
ExpiryDate: 96/11
]]></system-err>
  </testcase>
  <testcase name="testCreditCardCExpiryDateInPast" classname="uk.ac.ed.inf.OrderValidatorTest" time="0">
    <system-err><![CDATA[
 -- Order info 
OrderValidationCode: EXPIRY_DATE_INVALID
OrderStatus: INVALID
OrderNo: 57B453DE
Order Contents: [Pizza[name=Pizza C, priceInPence=2500]]
PriceTotalInPence: 2600
 -- Credit card info 
CreditCardNumber: 0000000000000000
CCV: 222
ExpiryDate: 24/14
]]></system-err>
  </testcase>
  <testcase name="testCreditCardCExpiryDateInPast" classname="uk.ac.ed.inf.OrderValidatorTest" time="0">
    <system-err><![CDATA[
 -- Order info 
OrderValidationCode: EXPIRY_DATE_INVALID
OrderStatus: INVALID
OrderNo: 6BEC3363
Order Contents: [Pizza[name=Pizza A, priceInPence=2300]]
PriceTotalInPence: 2400
 -- Credit card info 
CreditCardNumber: 0000000000000000
CCV: 222
ExpiryDate: 55/20
]]></system-err>
  </testcase>
  <testcase name="testCreditCardCExpiryDateInPast" classname="uk.ac.ed.inf.OrderValidatorTest" time="0">
    <system-err><![CDATA[
 -- Order info 
OrderValidationCode: EXPIRY_DATE_INVALID
OrderStatus: INVALID
OrderNo: 0BB94A90
Order Contents: [Pizza[name=Pizza A, priceInPence=2300]]
PriceTotalInPence: 2400
 -- Credit card info 
CreditCardNumber: 0000000000000000
CCV: 222
ExpiryDate: 65/16
]]></system-err>
  </testcase>
  <testcase name="testCreditCardCExpiryDateInPast" classname="uk.ac.ed.inf.OrderValidatorTest" time="0">
    <system-err><![CDATA[
 -- Order info 
OrderValidationCode: EXPIRY_DATE_INVALID
OrderStatus: INVALID
OrderNo: 64A34536
Order Contents: [Pizza[name=Pizza A, priceInPence=2300]]
PriceTotalInPence: 2400
 -- Credit card info 
CreditCardNumber: 0000000000000000
CCV: 222
ExpiryDate: 21/17
]]></system-err>
  </testcase>
  <testcase name="testCreditCardCExpiryDateInPast" classname="uk.ac.ed.inf.OrderValidatorTest" time="0">
    <system-err><![CDATA[
 -- Order info 
OrderValidationCode: EXPIRY_DATE_INVALID
OrderStatus: INVALID
OrderNo: 7643F0A2
Order Contents: [Pizza[name=Pizza C, priceInPence=2500]]
PriceTotalInPence: 2600
 -- Credit card info 
CreditCardNumber: 0000000000000000
CCV: 222
ExpiryDate: 60/16
]]></system-err>
  </testcase>
  <testcase name="testCreditCardCExpiryDateInvalidDate" classname="uk.ac.ed.inf.OrderValidatorTest" time="0">
    <system-err><![CDATA[
 -- Order info 
OrderValidationCode: EXPIRY_DATE_INVALID
OrderStatus: INVALID
OrderNo: 4C13F9F1
Order Contents: [Pizza[name=Pizza C, priceInPence=2500]]
PriceTotalInPence: 2600
 -- Credit card info 
CreditCardNumber: 0000000000000000
CCV: 222
ExpiryDate: 53/06
]]></system-err>
  </testcase>
  <testcase name="testCreditCardCExpiryDateInvalidDate" classname="uk.ac.ed.inf.OrderValidatorTest" time="0">
    <system-err><![CDATA[
 -- Order info 
OrderValidationCode: EXPIRY_DATE_INVALID
OrderStatus: INVALID
OrderNo: 6AC479B1
Order Contents: [Pizza[name=Pizza C, priceInPence=2500]]
PriceTotalInPence: 2600
 -- Credit card info 
CreditCardNumber: 0000000000000000
CCV: 222
ExpiryDate: 87/18
]]></system-err>
  </testcase>
  <testcase name="testCreditCardCExpiryDateInvalidDate" classname="uk.ac.ed.inf.OrderValidatorTest" time="0">
    <system-err><![CDATA[
 -- Order info 
OrderValidationCode: EXPIRY_DATE_INVALID
OrderStatus: INVALID
OrderNo: 7EEBF6B4
Order Contents: [Pizza[name=Pizza A, priceInPence=2300]]
PriceTotalInPence: 2400
 -- Credit card info 
CreditCardNumber: 0000000000000000
CCV: 222
ExpiryDate: 89/04
]]></system-err>
  </testcase>
  <testcase name="testCreditCardCExpiryDateInvalidDate" classname="uk.ac.ed.inf.OrderValidatorTest" time="0">
    <error message="expected:&lt;INVALID&gt; but was:&lt;VALID_BUT_NOT_DELIVERED&gt;" type="junit.framework.AssertionFailedError"><![CDATA[junit.framework.AssertionFailedError: expected:<INVALID> but was:<VALID_BUT_NOT_DELIVERED>
	at junit.framework.Assert.fail(Assert.java:47)
	at junit.framework.Assert.failNotEquals(Assert.java:280)
	at junit.framework.Assert.assertEquals(Assert.java:64)
	at junit.framework.Assert.assertEquals(Assert.java:71)
	at uk.ac.ed.inf.OrderValidatorTest.testCreditCardCExpiryDateInvalidDate(OrderValidatorTest.java:424)
	at java.base/java.lang.reflect.Method.invoke(Method.java:577)
	at java.base/java.util.stream.ForEachOps$ForEachOp$OfRef.accept(ForEachOps.java:183)
	at java.base/java.util.stream.ReferencePipeline$3$1.accept(ReferencePipeline.java:197)
	at java.base/java.util.stream.ReferencePipeline$2$1.accept(ReferencePipeline.java:179)
	at java.base/java.util.stream.ReferencePipeline$3$1.accept(ReferencePipeline.java:197)
	at java.base/java.util.stream.ForEachOps$ForEachOp$OfRef.accept(ForEachOps.java:183)
	at java.base/java.util.stream.ReferencePipeline$3$1.accept(ReferencePipeline.java:197)
	at java.base/java.util.stream.IntPipeline$1$1.accept(IntPipeline.java:180)
	at java.base/java.util.stream.Streams$RangeIntSpliterator.forEachRemaining(Streams.java:104)
	at java.base/java.util.Spliterator$OfInt.forEachRemaining(Spliterator.java:711)
	at java.base/java.util.stream.AbstractPipeline.copyInto(AbstractPipeline.java:509)
	at java.base/java.util.stream.AbstractPipeline.wrapAndCopyInto(AbstractPipeline.java:499)
	at java.base/java.util.stream.ForEachOps$ForEachOp.evaluateSequential(ForEachOps.java:150)
	at java.base/java.util.stream.ForEachOps$ForEachOp$OfRef.evaluateSequential(ForEachOps.java:173)
	at java.base/java.util.stream.AbstractPipeline.evaluate(AbstractPipeline.java:234)
	at java.base/java.util.stream.ReferencePipeline.forEach(ReferencePipeline.java:596)
	at java.base/java.util.stream.ReferencePipeline$7$1.accept(ReferencePipeline.java:276)
	at java.base/java.util.ArrayList$ArrayListSpliterator.forEachRemaining(ArrayList.java:1625)
	at java.base/java.util.stream.AbstractPipeline.copyInto(AbstractPipeline.java:509)
	at java.base/java.util.stream.AbstractPipeline.wrapAndCopyInto(AbstractPipeline.java:499)
	at java.base/java.util.stream.ForEachOps$ForEachOp.evaluateSequential(ForEachOps.java:150)
	at java.base/java.util.stream.ForEachOps$ForEachOp$OfRef.evaluateSequential(ForEachOps.java:173)
	at java.base/java.util.stream.AbstractPipeline.evaluate(AbstractPipeline.java:234)
	at java.base/java.util.stream.ReferencePipeline.forEach(ReferencePipeline.java:596)
	at java.base/java.util.ArrayList.forEach(ArrayList.java:1511)
	at java.base/java.util.ArrayList.forEach(ArrayList.java:1511)
]]></error>
    <system-err><![CDATA[
 -- Order info 
OrderValidationCode: NO_ERROR
OrderStatus: VALID_BUT_NOT_DELIVERED
OrderNo: 5237B4E1
Order Contents: [Pizza[name=Pizza C, priceInPence=2500]]
PriceTotalInPence: 2600
 -- Credit card info 
CreditCardNumber: 0000000000000000
CCV: 222
ExpiryDate: 70/23
]]></system-err>
  </testcase>
  <testcase name="testCreditCardCExpiryDateInvalidDate" classname="uk.ac.ed.inf.OrderValidatorTest" time="0">
    <system-err><![CDATA[
 -- Order info 
OrderValidationCode: EXPIRY_DATE_INVALID
OrderStatus: INVALID
OrderNo: 46A6BDC1
Order Contents: [Pizza[name=Pizza B, priceInPence=2400]]
PriceTotalInPence: 2500
 -- Credit card info 
CreditCardNumber: 0000000000000000
CCV: 222
ExpiryDate: 85/13
]]></system-err>
  </testcase>
  <testcase name="testCreditCardCExpiryDateInvalidDate" classname="uk.ac.ed.inf.OrderValidatorTest" time="0">
    <system-err><![CDATA[
 -- Order info 
OrderValidationCode: EXPIRY_DATE_INVALID
OrderStatus: INVALID
OrderNo: 0AC0C467
Order Contents: [Pizza[name=Pizza A, priceInPence=2300]]
PriceTotalInPence: 2400
 -- Credit card info 
CreditCardNumber: 0000000000000000
CCV: 222
ExpiryDate: 49/00
]]></system-err>
  </testcase>
  <testcase name="testCreditCardCExpiryDateInvalidDate" classname="uk.ac.ed.inf.OrderValidatorTest" time="0">
    <system-err><![CDATA[
 -- Order info 
OrderValidationCode: EXPIRY_DATE_INVALID
OrderStatus: INVALID
OrderNo: 5AF2FF89
Order Contents: [Pizza[name=Pizza B, priceInPence=2400]]
PriceTotalInPence: 2500
 -- Credit card info 
CreditCardNumber: 0000000000000000
CCV: 222
ExpiryDate: 74/07
]]></system-err>
  </testcase>
  <testcase name="testCreditCardCExpiryDateInvalidDate" classname="uk.ac.ed.inf.OrderValidatorTest" time="0">
    <system-err><![CDATA[
 -- Order info 
OrderValidationCode: EXPIRY_DATE_INVALID
OrderStatus: INVALID
OrderNo: 53D9AC6C
Order Contents: [Pizza[name=Pizza A, priceInPence=2300]]
PriceTotalInPence: 2400
 -- Credit card info 
CreditCardNumber: 0000000000000000
CCV: 222
ExpiryDate: 39/13
]]></system-err>
  </testcase>
  <testcase name="testCreditCardCExpiryDateInvalidDate" classname="uk.ac.ed.inf.OrderValidatorTest" time="0">
    <system-err><![CDATA[
 -- Order info 
OrderValidationCode: EXPIRY_DATE_INVALID
OrderStatus: INVALID
OrderNo: 084C9639
Order Contents: [Pizza[name=Pizza B, priceInPence=2400]]
PriceTotalInPence: 2500
 -- Credit card info 
CreditCardNumber: 0000000000000000
CCV: 222
ExpiryDate: 88/22
]]></system-err>
  </testcase>
  <testcase name="testCreditCardCExpiryDateInvalidDate" classname="uk.ac.ed.inf.OrderValidatorTest" time="0">
    <system-err><![CDATA[
 -- Order info 
OrderValidationCode: EXPIRY_DATE_INVALID
OrderStatus: INVALID
OrderNo: 676CBEDD
Order Contents: [Pizza[name=Pizza C, priceInPence=2500]]
PriceTotalInPence: 2600
 -- Credit card info 
CreditCardNumber: 0000000000000000
CCV: 222
ExpiryDate: 69/21
]]></system-err>
  </testcase>
  <testcase name="testCreditCardCExpiryDateInvalidDate" classname="uk.ac.ed.inf.OrderValidatorTest" time="0">
    <system-err><![CDATA[
 -- Order info 
OrderValidationCode: EXPIRY_DATE_INVALID
OrderStatus: INVALID
OrderNo: 3E054946
Order Contents: [Pizza[name=Pizza B, priceInPence=2400]]
PriceTotalInPence: 2500
 -- Credit card info 
CreditCardNumber: 0000000000000000
CCV: 222
ExpiryDate: 82/10
]]></system-err>
  </testcase>
  <testcase name="testCreditCardCExpiryDateInvalidDate" classname="uk.ac.ed.inf.OrderValidatorTest" time="0">
    <system-err><![CDATA[
 -- Order info 
OrderValidationCode: EXPIRY_DATE_INVALID
OrderStatus: INVALID
OrderNo: 3C65F336
Order Contents: [Pizza[name=Pizza A, priceInPence=2300]]
PriceTotalInPence: 2400
 -- Credit card info 
CreditCardNumber: 0000000000000000
CCV: 222
ExpiryDate: 89/02
]]></system-err>
  </testcase>
  <testcase name="testCreditCardCExpiryDateInvalidDate" classname="uk.ac.ed.inf.OrderValidatorTest" time="0">
    <system-err><![CDATA[
 -- Order info 
OrderValidationCode: EXPIRY_DATE_INVALID
OrderStatus: INVALID
OrderNo: 2A227CD1
Order Contents: [Pizza[name=Pizza A, priceInPence=2300]]
PriceTotalInPence: 2400
 -- Credit card info 
CreditCardNumber: 0000000000000000
CCV: 222
ExpiryDate: 83/22
]]></system-err>
  </testcase>
  <testcase name="testCreditCardCExpiryDateInvalidDate" classname="uk.ac.ed.inf.OrderValidatorTest" time="0">
    <system-err><![CDATA[
 -- Order info 
OrderValidationCode: EXPIRY_DATE_INVALID
OrderStatus: INVALID
OrderNo: 3E86E1A4
Order Contents: [Pizza[name=Pizza C, priceInPence=2500]]
PriceTotalInPence: 2600
 -- Credit card info 
CreditCardNumber: 0000000000000000
CCV: 222
ExpiryDate: 83/17
]]></system-err>
  </testcase>
  <testcase name="testCreditCardCExpiryDateInvalidDate" classname="uk.ac.ed.inf.OrderValidatorTest" time="0">
    <system-err><![CDATA[
 -- Order info 
OrderValidationCode: EXPIRY_DATE_INVALID
OrderStatus: INVALID
OrderNo: 1D8860ED
Order Contents: [Pizza[name=Pizza C, priceInPence=2500]]
PriceTotalInPence: 2600
 -- Credit card info 
CreditCardNumber: 0000000000000000
CCV: 222
ExpiryDate: 32/13
]]></system-err>
  </testcase>
  <testcase name="testCreditCardCExpiryDateInvalidDate" classname="uk.ac.ed.inf.OrderValidatorTest" time="0">
    <system-err><![CDATA[
 -- Order info 
OrderValidationCode: EXPIRY_DATE_INVALID
OrderStatus: INVALID
OrderNo: 696917EF
Order Contents: [Pizza[name=Pizza A, priceInPence=2300]]
PriceTotalInPence: 2400
 -- Credit card info 
CreditCardNumber: 0000000000000000
CCV: 222
ExpiryDate: 75/22
]]></system-err>
  </testcase>
  <testcase name="testCreditCardCExpiryDateInvalidDate" classname="uk.ac.ed.inf.OrderValidatorTest" time="0">
    <system-err><![CDATA[
 -- Order info 
OrderValidationCode: EXPIRY_DATE_INVALID
OrderStatus: INVALID
OrderNo: 14282780
Order Contents: [Pizza[name=Pizza A, priceInPence=2300]]
PriceTotalInPence: 2400
 -- Credit card info 
CreditCardNumber: 0000000000000000
CCV: 222
ExpiryDate: 64/03
]]></system-err>
  </testcase>
  <testcase name="testCreditCardCExpiryDateInvalidDate" classname="uk.ac.ed.inf.OrderValidatorTest" time="0">
    <system-err><![CDATA[
 -- Order info 
OrderValidationCode: EXPIRY_DATE_INVALID
OrderStatus: INVALID
OrderNo: 1408251B
Order Contents: [Pizza[name=Pizza C, priceInPence=2500]]
PriceTotalInPence: 2600
 -- Credit card info 
CreditCardNumber: 0000000000000000
CCV: 222
ExpiryDate: 61/15
]]></system-err>
  </testcase>
  <testcase name="testCreditCardCExpiryDateInvalidDate" classname="uk.ac.ed.inf.OrderValidatorTest" time="0">
    <system-err><![CDATA[
 -- Order info 
OrderValidationCode: EXPIRY_DATE_INVALID
OrderStatus: INVALID
OrderNo: 7713222C
Order Contents: [Pizza[name=Pizza B, priceInPence=2400]]
PriceTotalInPence: 2500
 -- Credit card info 
CreditCardNumber: 0000000000000000
CCV: 222
ExpiryDate: 33/22
]]></system-err>
  </testcase>
  <testcase name="testCreditCardCExpiryDateInvalidDate" classname="uk.ac.ed.inf.OrderValidatorTest" time="0">
    <system-err><![CDATA[
 -- Order info 
OrderValidationCode: EXPIRY_DATE_INVALID
OrderStatus: INVALID
OrderNo: 39596F4F
Order Contents: [Pizza[name=Pizza B, priceInPence=2400]]
PriceTotalInPence: 2500
 -- Credit card info 
CreditCardNumber: 0000000000000000
CCV: 222
ExpiryDate: 46/11
]]></system-err>
  </testcase>
  <testcase name="testCreditCardCExpiryDateInvalidDate" classname="uk.ac.ed.inf.OrderValidatorTest" time="0">
    <system-err><![CDATA[
 -- Order info 
OrderValidationCode: EXPIRY_DATE_INVALID
OrderStatus: INVALID
OrderNo: 1F7E45E3
Order Contents: [Pizza[name=Pizza B, priceInPence=2400]]
PriceTotalInPence: 2500
 -- Credit card info 
CreditCardNumber: 0000000000000000
CCV: 222
ExpiryDate: 72/11
]]></system-err>
  </testcase>
  <testcase name="testCreditCardCExpiryDateInvalidDate" classname="uk.ac.ed.inf.OrderValidatorTest" time="0">
    <system-err><![CDATA[
 -- Order info 
OrderValidationCode: EXPIRY_DATE_INVALID
OrderStatus: INVALID
OrderNo: 73A0A082
Order Contents: [Pizza[name=Pizza B, priceInPence=2400]]
PriceTotalInPence: 2500
 -- Credit card info 
CreditCardNumber: 0000000000000000
CCV: 222
ExpiryDate: 84/09
]]></system-err>
  </testcase>
  <testcase name="testCreditCardCExpiryDateInvalidDate" classname="uk.ac.ed.inf.OrderValidatorTest" time="0">
    <error message="expected:&lt;INVALID&gt; but was:&lt;VALID_BUT_NOT_DELIVERED&gt;" type="junit.framework.AssertionFailedError"><![CDATA[junit.framework.AssertionFailedError: expected:<INVALID> but was:<VALID_BUT_NOT_DELIVERED>
	at junit.framework.Assert.fail(Assert.java:47)
	at junit.framework.Assert.failNotEquals(Assert.java:280)
	at junit.framework.Assert.assertEquals(Assert.java:64)
	at junit.framework.Assert.assertEquals(Assert.java:71)
	at uk.ac.ed.inf.OrderValidatorTest.testCreditCardCExpiryDateInvalidDate(OrderValidatorTest.java:424)
	at java.base/java.lang.reflect.Method.invoke(Method.java:577)
	at java.base/java.util.stream.ForEachOps$ForEachOp$OfRef.accept(ForEachOps.java:183)
	at java.base/java.util.stream.ReferencePipeline$3$1.accept(ReferencePipeline.java:197)
	at java.base/java.util.stream.ReferencePipeline$2$1.accept(ReferencePipeline.java:179)
	at java.base/java.util.stream.ReferencePipeline$3$1.accept(ReferencePipeline.java:197)
	at java.base/java.util.stream.ForEachOps$ForEachOp$OfRef.accept(ForEachOps.java:183)
	at java.base/java.util.stream.ReferencePipeline$3$1.accept(ReferencePipeline.java:197)
	at java.base/java.util.stream.IntPipeline$1$1.accept(IntPipeline.java:180)
	at java.base/java.util.stream.Streams$RangeIntSpliterator.forEachRemaining(Streams.java:104)
	at java.base/java.util.Spliterator$OfInt.forEachRemaining(Spliterator.java:711)
	at java.base/java.util.stream.AbstractPipeline.copyInto(AbstractPipeline.java:509)
	at java.base/java.util.stream.AbstractPipeline.wrapAndCopyInto(AbstractPipeline.java:499)
	at java.base/java.util.stream.ForEachOps$ForEachOp.evaluateSequential(ForEachOps.java:150)
	at java.base/java.util.stream.ForEachOps$ForEachOp$OfRef.evaluateSequential(ForEachOps.java:173)
	at java.base/java.util.stream.AbstractPipeline.evaluate(AbstractPipeline.java:234)
	at java.base/java.util.stream.ReferencePipeline.forEach(ReferencePipeline.java:596)
	at java.base/java.util.stream.ReferencePipeline$7$1.accept(ReferencePipeline.java:276)
	at java.base/java.util.ArrayList$ArrayListSpliterator.forEachRemaining(ArrayList.java:1625)
	at java.base/java.util.stream.AbstractPipeline.copyInto(AbstractPipeline.java:509)
	at java.base/java.util.stream.AbstractPipeline.wrapAndCopyInto(AbstractPipeline.java:499)
	at java.base/java.util.stream.ForEachOps$ForEachOp.evaluateSequential(ForEachOps.java:150)
	at java.base/java.util.stream.ForEachOps$ForEachOp$OfRef.evaluateSequential(ForEachOps.java:173)
	at java.base/java.util.stream.AbstractPipeline.evaluate(AbstractPipeline.java:234)
	at java.base/java.util.stream.ReferencePipeline.forEach(ReferencePipeline.java:596)
	at java.base/java.util.ArrayList.forEach(ArrayList.java:1511)
	at java.base/java.util.ArrayList.forEach(ArrayList.java:1511)
]]></error>
    <system-err><![CDATA[
 -- Order info 
OrderValidationCode: NO_ERROR
OrderStatus: VALID_BUT_NOT_DELIVERED
OrderNo: 66F6A6D1
Order Contents: [Pizza[name=Pizza C, priceInPence=2500]]
PriceTotalInPence: 2600
 -- Credit card info 
CreditCardNumber: 0000000000000000
CCV: 222
ExpiryDate: 59/23
]]></system-err>
  </testcase>
  <testcase name="testCreditCardCExpiryDateInvalidDate" classname="uk.ac.ed.inf.OrderValidatorTest" time="0">
    <system-err><![CDATA[
 -- Order info 
OrderValidationCode: EXPIRY_DATE_INVALID
OrderStatus: INVALID
OrderNo: 74EA7074
Order Contents: [Pizza[name=Pizza A, priceInPence=2300]]
PriceTotalInPence: 2400
 -- Credit card info 
CreditCardNumber: 0000000000000000
CCV: 222
ExpiryDate: 36/19
]]></system-err>
  </testcase>
  <testcase name="testCreditCardCExpiryDateInvalidDate" classname="uk.ac.ed.inf.OrderValidatorTest" time="0">
    <system-err><![CDATA[
 -- Order info 
OrderValidationCode: EXPIRY_DATE_INVALID
OrderStatus: INVALID
OrderNo: 0F8AF4DF
Order Contents: [Pizza[name=Pizza A, priceInPence=2300]]
PriceTotalInPence: 2400
 -- Credit card info 
CreditCardNumber: 0000000000000000
CCV: 222
ExpiryDate: 66/08
]]></system-err>
  </testcase>
  <testcase name="testCreditCardCExpiryDateInvalidDate" classname="uk.ac.ed.inf.OrderValidatorTest" time="0">
    <system-err><![CDATA[
 -- Order info 
OrderValidationCode: EXPIRY_DATE_INVALID
OrderStatus: INVALID
OrderNo: 1A2C444A
Order Contents: [Pizza[name=Pizza B, priceInPence=2400]]
PriceTotalInPence: 2500
 -- Credit card info 
CreditCardNumber: 0000000000000000
CCV: 222
ExpiryDate: 58/18
]]></system-err>
  </testcase>
  <testcase name="testCreditCardCExpiryDateInvalidDate" classname="uk.ac.ed.inf.OrderValidatorTest" time="0">
    <system-err><![CDATA[
 -- Order info 
OrderValidationCode: EXPIRY_DATE_INVALID
OrderStatus: INVALID
OrderNo: 7DA42FC8
Order Contents: [Pizza[name=Pizza B, priceInPence=2400]]
PriceTotalInPence: 2500
 -- Credit card info 
CreditCardNumber: 0000000000000000
CCV: 222
ExpiryDate: 94/17
]]></system-err>
  </testcase>
  <testcase name="testCreditCardCExpiryDateInvalidDate" classname="uk.ac.ed.inf.OrderValidatorTest" time="0">
    <system-err><![CDATA[
 -- Order info 
OrderValidationCode: EXPIRY_DATE_INVALID
OrderStatus: INVALID
OrderNo: 113359B4
Order Contents: [Pizza[name=Pizza B, priceInPence=2400]]
PriceTotalInPence: 2500
 -- Credit card info 
CreditCardNumber: 0000000000000000
CCV: 222
ExpiryDate: 85/02
]]></system-err>
  </testcase>
  <testcase name="testCreditCardCExpiryDateInvalidDate" classname="uk.ac.ed.inf.OrderValidatorTest" time="0">
    <system-err><![CDATA[
 -- Order info 
OrderValidationCode: EXPIRY_DATE_INVALID
OrderStatus: INVALID
OrderNo: 19B1DE1C
Order Contents: [Pizza[name=Pizza C, priceInPence=2500]]
PriceTotalInPence: 2600
 -- Credit card info 
CreditCardNumber: 0000000000000000
CCV: 222
ExpiryDate: 30/10
]]></system-err>
  </testcase>
  <testcase name="testCreditCardCExpiryDateInvalidDate" classname="uk.ac.ed.inf.OrderValidatorTest" time="0">
    <system-err><![CDATA[
 -- Order info 
OrderValidationCode: EXPIRY_DATE_INVALID
OrderStatus: INVALID
OrderNo: 66EC869C
Order Contents: [Pizza[name=Pizza C, priceInPence=2500]]
PriceTotalInPence: 2600
 -- Credit card info 
CreditCardNumber: 0000000000000000
CCV: 222
ExpiryDate: 50/05
]]></system-err>
  </testcase>
  <testcase name="testCreditCardCExpiryDateInvalidDate" classname="uk.ac.ed.inf.OrderValidatorTest" time="0">
    <system-err><![CDATA[
 -- Order info 
OrderValidationCode: EXPIRY_DATE_INVALID
OrderStatus: INVALID
OrderNo: 66B26F3D
Order Contents: [Pizza[name=Pizza C, priceInPence=2500]]
PriceTotalInPence: 2600
 -- Credit card info 
CreditCardNumber: 0000000000000000
CCV: 222
ExpiryDate: 83/03
]]></system-err>
  </testcase>
  <testcase name="testCreditCardCExpiryDateInvalidDate" classname="uk.ac.ed.inf.OrderValidatorTest" time="0">
    <system-err><![CDATA[
 -- Order info 
OrderValidationCode: EXPIRY_DATE_INVALID
OrderStatus: INVALID
OrderNo: 43247776
Order Contents: [Pizza[name=Pizza C, priceInPence=2500]]
PriceTotalInPence: 2600
 -- Credit card info 
CreditCardNumber: 0000000000000000
CCV: 222
ExpiryDate: 43/12
]]></system-err>
  </testcase>
  <testcase name="testCreditCardCExpiryDateInvalidDate" classname="uk.ac.ed.inf.OrderValidatorTest" time="0">
    <system-err><![CDATA[
 -- Order info 
OrderValidationCode: EXPIRY_DATE_INVALID
OrderStatus: INVALID
OrderNo: 682FFE2E
Order Contents: [Pizza[name=Pizza A, priceInPence=2300]]
PriceTotalInPence: 2400
 -- Credit card info 
CreditCardNumber: 0000000000000000
CCV: 222
ExpiryDate: 51/17
]]></system-err>
  </testcase>
  <testcase name="testCreditCardCExpiryDateInvalidDate" classname="uk.ac.ed.inf.OrderValidatorTest" time="0">
    <system-err><![CDATA[
 -- Order info 
OrderValidationCode: EXPIRY_DATE_INVALID
OrderStatus: INVALID
OrderNo: 35D47BE0
Order Contents: [Pizza[name=Pizza C, priceInPence=2500]]
PriceTotalInPence: 2600
 -- Credit card info 
CreditCardNumber: 0000000000000000
CCV: 222
ExpiryDate: 25/01
]]></system-err>
  </testcase>
  <testcase name="testCreditCardCExpiryDateInvalidDate" classname="uk.ac.ed.inf.OrderValidatorTest" time="0">
    <system-err><![CDATA[
 -- Order info 
OrderValidationCode: EXPIRY_DATE_INVALID
OrderStatus: INVALID
OrderNo: 3B0C760C
Order Contents: [Pizza[name=Pizza C, priceInPence=2500]]
PriceTotalInPence: 2600
 -- Credit card info 
CreditCardNumber: 0000000000000000
CCV: 222
ExpiryDate: 56/03
]]></system-err>
  </testcase>
  <testcase name="testCreditCardCExpiryDateInvalidDate" classname="uk.ac.ed.inf.OrderValidatorTest" time="0">
    <system-err><![CDATA[
 -- Order info 
OrderValidationCode: EXPIRY_DATE_INVALID
OrderStatus: INVALID
OrderNo: 1FB1F99D
Order Contents: [Pizza[name=Pizza C, priceInPence=2500]]
PriceTotalInPence: 2600
 -- Credit card info 
CreditCardNumber: 0000000000000000
CCV: 222
ExpiryDate: 24/09
]]></system-err>
  </testcase>
  <testcase name="testCreditCardCExpiryDateInvalidDate" classname="uk.ac.ed.inf.OrderValidatorTest" time="0">
    <system-err><![CDATA[
 -- Order info 
OrderValidationCode: EXPIRY_DATE_INVALID
OrderStatus: INVALID
OrderNo: 40846266
Order Contents: [Pizza[name=Pizza C, priceInPence=2500]]
PriceTotalInPence: 2600
 -- Credit card info 
CreditCardNumber: 0000000000000000
CCV: 222
ExpiryDate: 46/22
]]></system-err>
  </testcase>
  <testcase name="testCreditCardCExpiryDateInvalidDate" classname="uk.ac.ed.inf.OrderValidatorTest" time="0">
    <system-err><![CDATA[
 -- Order info 
OrderValidationCode: EXPIRY_DATE_INVALID
OrderStatus: INVALID
OrderNo: 0E99D994
Order Contents: [Pizza[name=Pizza C, priceInPence=2500]]
PriceTotalInPence: 2600
 -- Credit card info 
CreditCardNumber: 0000000000000000
CCV: 222
ExpiryDate: 93/22
]]></system-err>
  </testcase>
  <testcase name="testCreditCardCExpiryDateInvalidDate" classname="uk.ac.ed.inf.OrderValidatorTest" time="0">
    <system-err><![CDATA[
 -- Order info 
OrderValidationCode: EXPIRY_DATE_INVALID
OrderStatus: INVALID
OrderNo: 67F86CEF
Order Contents: [Pizza[name=Pizza A, priceInPence=2300]]
PriceTotalInPence: 2400
 -- Credit card info 
CreditCardNumber: 0000000000000000
CCV: 222
ExpiryDate: 56/14
]]></system-err>
  </testcase>
  <testcase name="testCreditCardCExpiryDateInvalidDate" classname="uk.ac.ed.inf.OrderValidatorTest" time="0">
    <system-err><![CDATA[
 -- Order info 
OrderValidationCode: EXPIRY_DATE_INVALID
OrderStatus: INVALID
OrderNo: 34E24664
Order Contents: [Pizza[name=Pizza B, priceInPence=2400]]
PriceTotalInPence: 2500
 -- Credit card info 
CreditCardNumber: 0000000000000000
CCV: 222
ExpiryDate: 71/05
]]></system-err>
  </testcase>
  <testcase name="testCreditCardCExpiryDateInvalidDate" classname="uk.ac.ed.inf.OrderValidatorTest" time="0">
    <system-err><![CDATA[
 -- Order info 
OrderValidationCode: EXPIRY_DATE_INVALID
OrderStatus: INVALID
OrderNo: 618F1B04
Order Contents: [Pizza[name=Pizza C, priceInPence=2500]]
PriceTotalInPence: 2600
 -- Credit card info 
CreditCardNumber: 0000000000000000
CCV: 222
ExpiryDate: 94/05
]]></system-err>
  </testcase>
  <testcase name="testCreditCardCExpiryDateInvalidDate" classname="uk.ac.ed.inf.OrderValidatorTest" time="0">
    <system-err><![CDATA[
 -- Order info 
OrderValidationCode: EXPIRY_DATE_INVALID
OrderStatus: INVALID
OrderNo: 2FF9552D
Order Contents: [Pizza[name=Pizza C, priceInPence=2500]]
PriceTotalInPence: 2600
 -- Credit card info 
CreditCardNumber: 0000000000000000
CCV: 222
ExpiryDate: 60/10
]]></system-err>
  </testcase>
  <testcase name="testCreditCardCExpiryDateInvalidDate" classname="uk.ac.ed.inf.OrderValidatorTest" time="0">
    <system-err><![CDATA[
 -- Order info 
OrderValidationCode: EXPIRY_DATE_INVALID
OrderStatus: INVALID
OrderNo: 60F2A5A1
Order Contents: [Pizza[name=Pizza A, priceInPence=2300]]
PriceTotalInPence: 2400
 -- Credit card info 
CreditCardNumber: 0000000000000000
CCV: 222
ExpiryDate: 54/14
]]></system-err>
  </testcase>
  <testcase name="testCreditCardCExpiryDateInvalidDate" classname="uk.ac.ed.inf.OrderValidatorTest" time="0">
    <system-err><![CDATA[
 -- Order info 
OrderValidationCode: EXPIRY_DATE_INVALID
OrderStatus: INVALID
OrderNo: 5C8B6627
Order Contents: [Pizza[name=Pizza C, priceInPence=2500]]
PriceTotalInPence: 2600
 -- Credit card info 
CreditCardNumber: 0000000000000000
CCV: 222
ExpiryDate: 25/19
]]></system-err>
  </testcase>
  <testcase name="testCreditCardCExpiryDateInvalidDate" classname="uk.ac.ed.inf.OrderValidatorTest" time="0.001">
    <system-err><![CDATA[
 -- Order info 
OrderValidationCode: EXPIRY_DATE_INVALID
OrderStatus: INVALID
OrderNo: 7160F080
Order Contents: [Pizza[name=Pizza A, priceInPence=2300]]
PriceTotalInPence: 2400
 -- Credit card info 
CreditCardNumber: 0000000000000000
CCV: 222
ExpiryDate: 92/17
]]></system-err>
  </testcase>
  <testcase name="testCreditCardCExpiryDateInvalidDate" classname="uk.ac.ed.inf.OrderValidatorTest" time="0">
    <system-err><![CDATA[
 -- Order info 
OrderValidationCode: EXPIRY_DATE_INVALID
OrderStatus: INVALID
OrderNo: 01261677
Order Contents: [Pizza[name=Pizza A, priceInPence=2300]]
PriceTotalInPence: 2400
 -- Credit card info 
CreditCardNumber: 0000000000000000
CCV: 222
ExpiryDate: 76/04
]]></system-err>
  </testcase>
  <testcase name="testCreditCardCExpiryDateInvalidDate" classname="uk.ac.ed.inf.OrderValidatorTest" time="0">
    <system-err><![CDATA[
 -- Order info 
OrderValidationCode: EXPIRY_DATE_INVALID
OrderStatus: INVALID
OrderNo: 45CC4D1C
Order Contents: [Pizza[name=Pizza B, priceInPence=2400]]
PriceTotalInPence: 2500
 -- Credit card info 
CreditCardNumber: 0000000000000000
CCV: 222
ExpiryDate: 28/08
]]></system-err>
  </testcase>
  <testcase name="testCreditCardCExpiryDateInvalidDate" classname="uk.ac.ed.inf.OrderValidatorTest" time="0">
    <system-err><![CDATA[
 -- Order info 
OrderValidationCode: EXPIRY_DATE_INVALID
OrderStatus: INVALID
OrderNo: 039CD900
Order Contents: [Pizza[name=Pizza C, priceInPence=2500]]
PriceTotalInPence: 2600
 -- Credit card info 
CreditCardNumber: 0000000000000000
CCV: 222
ExpiryDate: 15/17
]]></system-err>
  </testcase>
  <testcase name="testCreditCardCExpiryDateInvalidDate" classname="uk.ac.ed.inf.OrderValidatorTest" time="0">
    <system-err><![CDATA[
 -- Order info 
OrderValidationCode: EXPIRY_DATE_INVALID
OrderStatus: INVALID
OrderNo: 0E783DDE
Order Contents: [Pizza[name=Pizza A, priceInPence=2300]]
PriceTotalInPence: 2400
 -- Credit card info 
CreditCardNumber: 0000000000000000
CCV: 222
ExpiryDate: 39/12
]]></system-err>
  </testcase>
  <testcase name="testCreditCardCExpiryDateInvalidDate" classname="uk.ac.ed.inf.OrderValidatorTest" time="0">
    <system-err><![CDATA[
 -- Order info 
OrderValidationCode: EXPIRY_DATE_INVALID
OrderStatus: INVALID
OrderNo: 4424EA26
Order Contents: [Pizza[name=Pizza A, priceInPence=2300]]
PriceTotalInPence: 2400
 -- Credit card info 
CreditCardNumber: 0000000000000000
CCV: 222
ExpiryDate: 50/03
]]></system-err>
  </testcase>
  <testcase name="testCreditCardCExpiryDateInvalidDate" classname="uk.ac.ed.inf.OrderValidatorTest" time="0">
    <system-err><![CDATA[
 -- Order info 
OrderValidationCode: EXPIRY_DATE_INVALID
OrderStatus: INVALID
OrderNo: 6939BAFF
Order Contents: [Pizza[name=Pizza C, priceInPence=2500]]
PriceTotalInPence: 2600
 -- Credit card info 
CreditCardNumber: 0000000000000000
CCV: 222
ExpiryDate: 89/00
]]></system-err>
  </testcase>
  <testcase name="testCreditCardCExpiryDateInvalidDate" classname="uk.ac.ed.inf.OrderValidatorTest" time="0">
    <system-err><![CDATA[
 -- Order info 
OrderValidationCode: EXPIRY_DATE_INVALID
OrderStatus: INVALID
OrderNo: 5DD7A26F
Order Contents: [Pizza[name=Pizza C, priceInPence=2500]]
PriceTotalInPence: 2600
 -- Credit card info 
CreditCardNumber: 0000000000000000
CCV: 222
ExpiryDate: 21/15
]]></system-err>
  </testcase>
  <testcase name="testCreditCardCExpiryDateInvalidDate" classname="uk.ac.ed.inf.OrderValidatorTest" time="0">
    <system-err><![CDATA[
 -- Order info 
OrderValidationCode: EXPIRY_DATE_INVALID
OrderStatus: INVALID
OrderNo: 61BF8E87
Order Contents: [Pizza[name=Pizza B, priceInPence=2400]]
PriceTotalInPence: 2500
 -- Credit card info 
CreditCardNumber: 0000000000000000
CCV: 222
ExpiryDate: 66/01
]]></system-err>
  </testcase>
  <testcase name="testCreditCardCExpiryDateInvalidDate" classname="uk.ac.ed.inf.OrderValidatorTest" time="0">
    <system-err><![CDATA[
 -- Order info 
OrderValidationCode: EXPIRY_DATE_INVALID
OrderStatus: INVALID
OrderNo: 1F12044E
Order Contents: [Pizza[name=Pizza A, priceInPence=2300]]
PriceTotalInPence: 2400
 -- Credit card info 
CreditCardNumber: 0000000000000000
CCV: 222
ExpiryDate: 13/07
]]></system-err>
  </testcase>
  <testcase name="testCreditCardCExpiryDateInvalidDate" classname="uk.ac.ed.inf.OrderValidatorTest" time="0">
    <system-err><![CDATA[
 -- Order info 
OrderValidationCode: EXPIRY_DATE_INVALID
OrderStatus: INVALID
OrderNo: 723FAD52
Order Contents: [Pizza[name=Pizza A, priceInPence=2300]]
PriceTotalInPence: 2400
 -- Credit card info 
CreditCardNumber: 0000000000000000
CCV: 222
ExpiryDate: 34/03
]]></system-err>
  </testcase>
  <testcase name="testCreditCardCExpiryDateInvalidDate" classname="uk.ac.ed.inf.OrderValidatorTest" time="0">
    <system-err><![CDATA[
 -- Order info 
OrderValidationCode: EXPIRY_DATE_INVALID
OrderStatus: INVALID
OrderNo: 43A939AA
Order Contents: [Pizza[name=Pizza A, priceInPence=2300]]
PriceTotalInPence: 2400
 -- Credit card info 
CreditCardNumber: 0000000000000000
CCV: 222
ExpiryDate: 79/00
]]></system-err>
  </testcase>
  <testcase name="testCreditCardCExpiryDateInvalidDate" classname="uk.ac.ed.inf.OrderValidatorTest" time="0">
    <system-err><![CDATA[
 -- Order info 
OrderValidationCode: EXPIRY_DATE_INVALID
OrderStatus: INVALID
OrderNo: 56320AEE
Order Contents: [Pizza[name=Pizza B, priceInPence=2400]]
PriceTotalInPence: 2500
 -- Credit card info 
CreditCardNumber: 0000000000000000
CCV: 222
ExpiryDate: 40/00
]]></system-err>
  </testcase>
  <testcase name="testCreditCardCExpiryDateInvalidDate" classname="uk.ac.ed.inf.OrderValidatorTest" time="0">
    <system-err><![CDATA[
 -- Order info 
OrderValidationCode: EXPIRY_DATE_INVALID
OrderStatus: INVALID
OrderNo: 0313646D
Order Contents: [Pizza[name=Pizza A, priceInPence=2300]]
PriceTotalInPence: 2400
 -- Credit card info 
CreditCardNumber: 0000000000000000
CCV: 222
ExpiryDate: 18/13
]]></system-err>
  </testcase>
  <testcase name="testCreditCardCExpiryDateInvalidDate" classname="uk.ac.ed.inf.OrderValidatorTest" time="0">
    <system-err><![CDATA[
 -- Order info 
OrderValidationCode: EXPIRY_DATE_INVALID
OrderStatus: INVALID
OrderNo: 094F8428
Order Contents: [Pizza[name=Pizza A, priceInPence=2300]]
PriceTotalInPence: 2400
 -- Credit card info 
CreditCardNumber: 0000000000000000
CCV: 222
ExpiryDate: 71/08
]]></system-err>
  </testcase>
  <testcase name="testCreditCardCExpiryDateInvalidDate" classname="uk.ac.ed.inf.OrderValidatorTest" time="0">
    <system-err><![CDATA[
 -- Order info 
OrderValidationCode: EXPIRY_DATE_INVALID
OrderStatus: INVALID
OrderNo: 4B8EB8B4
Order Contents: [Pizza[name=Pizza C, priceInPence=2500]]
PriceTotalInPence: 2600
 -- Credit card info 
CreditCardNumber: 0000000000000000
CCV: 222
ExpiryDate: 83/03
]]></system-err>
  </testcase>
  <testcase name="testCreditCardCExpiryDateInvalidDate" classname="uk.ac.ed.inf.OrderValidatorTest" time="0">
    <system-err><![CDATA[
 -- Order info 
OrderValidationCode: EXPIRY_DATE_INVALID
OrderStatus: INVALID
OrderNo: 7105E334
Order Contents: [Pizza[name=Pizza A, priceInPence=2300]]
PriceTotalInPence: 2400
 -- Credit card info 
CreditCardNumber: 0000000000000000
CCV: 222
ExpiryDate: 46/13
]]></system-err>
  </testcase>
  <testcase name="testCreditCardCExpiryDateInvalidDate" classname="uk.ac.ed.inf.OrderValidatorTest" time="0">
    <system-err><![CDATA[
 -- Order info 
OrderValidationCode: EXPIRY_DATE_INVALID
OrderStatus: INVALID
OrderNo: 07B417FE
Order Contents: [Pizza[name=Pizza A, priceInPence=2300]]
PriceTotalInPence: 2400
 -- Credit card info 
CreditCardNumber: 0000000000000000
CCV: 222
ExpiryDate: 83/01
]]></system-err>
  </testcase>
  <testcase name="testCreditCardCExpiryDateInvalidDate" classname="uk.ac.ed.inf.OrderValidatorTest" time="0.007">
    <system-err><![CDATA[
 -- Order info 
OrderValidationCode: EXPIRY_DATE_INVALID
OrderStatus: INVALID
OrderNo: 36517BE5
Order Contents: [Pizza[name=Pizza C, priceInPence=2500]]
PriceTotalInPence: 2600
 -- Credit card info 
CreditCardNumber: 0000000000000000
CCV: 222
ExpiryDate: 70/19
]]></system-err>
  </testcase>
  <testcase name="testCreditCardCExpiryDateInvalidDate" classname="uk.ac.ed.inf.OrderValidatorTest" time="0">
    <system-err><![CDATA[
 -- Order info 
OrderValidationCode: EXPIRY_DATE_INVALID
OrderStatus: INVALID
OrderNo: 300D2ED7
Order Contents: [Pizza[name=Pizza C, priceInPence=2500]]
PriceTotalInPence: 2600
 -- Credit card info 
CreditCardNumber: 0000000000000000
CCV: 222
ExpiryDate: 15/19
]]></system-err>
  </testcase>
  <testcase name="testCreditCardCExpiryDateInvalidDate" classname="uk.ac.ed.inf.OrderValidatorTest" time="0">
    <system-err><![CDATA[
 -- Order info 
OrderValidationCode: EXPIRY_DATE_INVALID
OrderStatus: INVALID
OrderNo: 6B8E9FFC
Order Contents: [Pizza[name=Pizza B, priceInPence=2400]]
PriceTotalInPence: 2500
 -- Credit card info 
CreditCardNumber: 0000000000000000
CCV: 222
ExpiryDate: 73/06
]]></system-err>
  </testcase>
  <testcase name="testCreditCardCExpiryDateInvalidDate" classname="uk.ac.ed.inf.OrderValidatorTest" time="0">
    <system-err><![CDATA[
 -- Order info 
OrderValidationCode: EXPIRY_DATE_INVALID
OrderStatus: INVALID
OrderNo: 2207DE2B
Order Contents: [Pizza[name=Pizza B, priceInPence=2400]]
PriceTotalInPence: 2500
 -- Credit card info 
CreditCardNumber: 0000000000000000
CCV: 222
ExpiryDate: 39/04
]]></system-err>
  </testcase>
  <testcase name="testCreditCardCExpiryDateInvalidDate" classname="uk.ac.ed.inf.OrderValidatorTest" time="0">
    <system-err><![CDATA[
 -- Order info 
OrderValidationCode: EXPIRY_DATE_INVALID
OrderStatus: INVALID
OrderNo: 7672C117
Order Contents: [Pizza[name=Pizza A, priceInPence=2300]]
PriceTotalInPence: 2400
 -- Credit card info 
CreditCardNumber: 0000000000000000
CCV: 222
ExpiryDate: 71/06
]]></system-err>
  </testcase>
  <testcase name="testCreditCardCExpiryDateInvalidDate" classname="uk.ac.ed.inf.OrderValidatorTest" time="0">
    <system-err><![CDATA[
 -- Order info 
OrderValidationCode: EXPIRY_DATE_INVALID
OrderStatus: INVALID
OrderNo: 42BAD8D6
Order Contents: [Pizza[name=Pizza B, priceInPence=2400]]
PriceTotalInPence: 2500
 -- Credit card info 
CreditCardNumber: 0000000000000000
CCV: 222
ExpiryDate: 64/09
]]></system-err>
  </testcase>
  <testcase name="testCreditCardCExpiryDateInvalidDate" classname="uk.ac.ed.inf.OrderValidatorTest" time="0">
    <system-err><![CDATA[
 -- Order info 
OrderValidationCode: EXPIRY_DATE_INVALID
OrderStatus: INVALID
OrderNo: 23C7D8B3
Order Contents: [Pizza[name=Pizza B, priceInPence=2400]]
PriceTotalInPence: 2500
 -- Credit card info 
CreditCardNumber: 0000000000000000
CCV: 222
ExpiryDate: 67/00
]]></system-err>
  </testcase>
  <testcase name="testCreditCardCExpiryDateInvalidDate" classname="uk.ac.ed.inf.OrderValidatorTest" time="0">
    <system-err><![CDATA[
 -- Order info 
OrderValidationCode: EXPIRY_DATE_INVALID
OrderStatus: INVALID
OrderNo: 26CEAD3C
Order Contents: [Pizza[name=Pizza C, priceInPence=2500]]
PriceTotalInPence: 2600
 -- Credit card info 
CreditCardNumber: 0000000000000000
CCV: 222
ExpiryDate: 64/14
]]></system-err>
  </testcase>
  <testcase name="testCreditCardCExpiryDateInvalidDate" classname="uk.ac.ed.inf.OrderValidatorTest" time="0">
    <system-err><![CDATA[
 -- Order info 
OrderValidationCode: EXPIRY_DATE_INVALID
OrderStatus: INVALID
OrderNo: 2ED3CBE5
Order Contents: [Pizza[name=Pizza C, priceInPence=2500]]
PriceTotalInPence: 2600
 -- Credit card info 
CreditCardNumber: 0000000000000000
CCV: 222
ExpiryDate: 30/21
]]></system-err>
  </testcase>
  <testcase name="testCreditCardCExpiryDateInvalidDate" classname="uk.ac.ed.inf.OrderValidatorTest" time="0">
    <system-err><![CDATA[
 -- Order info 
OrderValidationCode: EXPIRY_DATE_INVALID
OrderStatus: INVALID
OrderNo: 6A6EBBF9
Order Contents: [Pizza[name=Pizza A, priceInPence=2300]]
PriceTotalInPence: 2400
 -- Credit card info 
CreditCardNumber: 0000000000000000
CCV: 222
ExpiryDate: 72/03
]]></system-err>
  </testcase>
  <testcase name="testCreditCardCExpiryDateInvalidDate" classname="uk.ac.ed.inf.OrderValidatorTest" time="0">
    <system-err><![CDATA[
 -- Order info 
OrderValidationCode: EXPIRY_DATE_INVALID
OrderStatus: INVALID
OrderNo: 2067331B
Order Contents: [Pizza[name=Pizza B, priceInPence=2400]]
PriceTotalInPence: 2500
 -- Credit card info 
CreditCardNumber: 0000000000000000
CCV: 222
ExpiryDate: 46/21
]]></system-err>
  </testcase>
  <testcase name="testCreditCardCExpiryDateInvalidDate" classname="uk.ac.ed.inf.OrderValidatorTest" time="0">
    <system-err><![CDATA[
 -- Order info 
OrderValidationCode: EXPIRY_DATE_INVALID
OrderStatus: INVALID
OrderNo: 4876D253
Order Contents: [Pizza[name=Pizza B, priceInPence=2400]]
PriceTotalInPence: 2500
 -- Credit card info 
CreditCardNumber: 0000000000000000
CCV: 222
ExpiryDate: 63/05
]]></system-err>
  </testcase>
  <testcase name="testCreditCardCExpiryDateInvalidDate" classname="uk.ac.ed.inf.OrderValidatorTest" time="0">
    <system-err><![CDATA[
 -- Order info 
OrderValidationCode: EXPIRY_DATE_INVALID
OrderStatus: INVALID
OrderNo: 4554028A
Order Contents: [Pizza[name=Pizza B, priceInPence=2400]]
PriceTotalInPence: 2500
 -- Credit card info 
CreditCardNumber: 0000000000000000
CCV: 222
ExpiryDate: 43/06
]]></system-err>
  </testcase>
  <testcase name="testCreditCardCExpiryDateInvalidDate" classname="uk.ac.ed.inf.OrderValidatorTest" time="0">
    <system-err><![CDATA[
 -- Order info 
OrderValidationCode: EXPIRY_DATE_INVALID
OrderStatus: INVALID
OrderNo: 4E580D93
Order Contents: [Pizza[name=Pizza B, priceInPence=2400]]
PriceTotalInPence: 2500
 -- Credit card info 
CreditCardNumber: 0000000000000000
CCV: 222
ExpiryDate: 29/06
]]></system-err>
  </testcase>
  <testcase name="testCreditCardCExpiryDateInvalidDate" classname="uk.ac.ed.inf.OrderValidatorTest" time="0">
    <system-err><![CDATA[
 -- Order info 
OrderValidationCode: EXPIRY_DATE_INVALID
OrderStatus: INVALID
OrderNo: 3516411A
Order Contents: [Pizza[name=Pizza B, priceInPence=2400]]
PriceTotalInPence: 2500
 -- Credit card info 
CreditCardNumber: 0000000000000000
CCV: 222
ExpiryDate: 20/03
]]></system-err>
  </testcase>
  <testcase name="testCreditCardCExpiryDateInvalidDate" classname="uk.ac.ed.inf.OrderValidatorTest" time="0">
    <system-err><![CDATA[
 -- Order info 
OrderValidationCode: EXPIRY_DATE_INVALID
OrderStatus: INVALID
OrderNo: 33C22C9E
Order Contents: [Pizza[name=Pizza A, priceInPence=2300]]
PriceTotalInPence: 2400
 -- Credit card info 
CreditCardNumber: 0000000000000000
CCV: 222
ExpiryDate: 84/12
]]></system-err>
  </testcase>
  <testcase name="testCreditCardCExpiryDateInvalidDate" classname="uk.ac.ed.inf.OrderValidatorTest" time="0">
    <system-err><![CDATA[
 -- Order info 
OrderValidationCode: EXPIRY_DATE_INVALID
OrderStatus: INVALID
OrderNo: 6640C1CC
Order Contents: [Pizza[name=Pizza B, priceInPence=2400]]
PriceTotalInPence: 2500
 -- Credit card info 
CreditCardNumber: 0000000000000000
CCV: 222
ExpiryDate: 46/19
]]></system-err>
  </testcase>
  <testcase name="testCreditCardCExpiryDateInvalidDate" classname="uk.ac.ed.inf.OrderValidatorTest" time="0">
    <system-err><![CDATA[
 -- Order info 
OrderValidationCode: EXPIRY_DATE_INVALID
OrderStatus: INVALID
OrderNo: 49F743F0
Order Contents: [Pizza[name=Pizza B, priceInPence=2400]]
PriceTotalInPence: 2500
 -- Credit card info 
CreditCardNumber: 0000000000000000
CCV: 222
ExpiryDate: 63/14
]]></system-err>
  </testcase>
  <testcase name="testCreditCardCExpiryDateInvalidDate" classname="uk.ac.ed.inf.OrderValidatorTest" time="0">
    <system-err><![CDATA[
 -- Order info 
OrderValidationCode: EXPIRY_DATE_INVALID
OrderStatus: INVALID
OrderNo: 18E20D17
Order Contents: [Pizza[name=Pizza A, priceInPence=2300]]
PriceTotalInPence: 2400
 -- Credit card info 
CreditCardNumber: 0000000000000000
CCV: 222
ExpiryDate: 40/20
]]></system-err>
  </testcase>
  <testcase name="testCreditCardCExpiryDateInvalidDate" classname="uk.ac.ed.inf.OrderValidatorTest" time="0">
    <system-err><![CDATA[
 -- Order info 
OrderValidationCode: EXPIRY_DATE_INVALID
OrderStatus: INVALID
OrderNo: 0863FB9D
Order Contents: [Pizza[name=Pizza A, priceInPence=2300]]
PriceTotalInPence: 2400
 -- Credit card info 
CreditCardNumber: 0000000000000000
CCV: 222
ExpiryDate: 41/00
]]></system-err>
  </testcase>
  <testcase name="testCreditCardCExpiryDateInvalidDate" classname="uk.ac.ed.inf.OrderValidatorTest" time="0">
    <system-err><![CDATA[
 -- Order info 
OrderValidationCode: EXPIRY_DATE_INVALID
OrderStatus: INVALID
OrderNo: 6EEF4EF3
Order Contents: [Pizza[name=Pizza C, priceInPence=2500]]
PriceTotalInPence: 2600
 -- Credit card info 
CreditCardNumber: 0000000000000000
CCV: 222
ExpiryDate: 78/04
]]></system-err>
  </testcase>
  <testcase name="testCreditCardCExpiryDateInvalidDate" classname="uk.ac.ed.inf.OrderValidatorTest" time="0">
    <system-err><![CDATA[
 -- Order info 
OrderValidationCode: EXPIRY_DATE_INVALID
OrderStatus: INVALID
OrderNo: 67E50CA5
Order Contents: [Pizza[name=Pizza A, priceInPence=2300]]
PriceTotalInPence: 2400
 -- Credit card info 
CreditCardNumber: 0000000000000000
CCV: 222
ExpiryDate: 47/06
]]></system-err>
  </testcase>
  <testcase name="testCreditCardCExpiryDateInvalidDate" classname="uk.ac.ed.inf.OrderValidatorTest" time="0">
    <system-err><![CDATA[
 -- Order info 
OrderValidationCode: EXPIRY_DATE_INVALID
OrderStatus: INVALID
OrderNo: 71042795
Order Contents: [Pizza[name=Pizza B, priceInPence=2400]]
PriceTotalInPence: 2500
 -- Credit card info 
CreditCardNumber: 0000000000000000
CCV: 222
ExpiryDate: 87/22
]]></system-err>
  </testcase>
  <testcase name="testCreditCardCExpiryDateInvalidDate" classname="uk.ac.ed.inf.OrderValidatorTest" time="0.008">
    <system-err><![CDATA[
 -- Order info 
OrderValidationCode: EXPIRY_DATE_INVALID
OrderStatus: INVALID
OrderNo: 773B8040
Order Contents: [Pizza[name=Pizza C, priceInPence=2500]]
PriceTotalInPence: 2600
 -- Credit card info 
CreditCardNumber: 0000000000000000
CCV: 222
ExpiryDate: 94/12
]]></system-err>
  </testcase>
  <testcase name="testCreditCardCExpiryDateInvalidDate" classname="uk.ac.ed.inf.OrderValidatorTest" time="0">
    <system-err><![CDATA[
 -- Order info 
OrderValidationCode: EXPIRY_DATE_INVALID
OrderStatus: INVALID
OrderNo: 512C2B19
Order Contents: [Pizza[name=Pizza B, priceInPence=2400]]
PriceTotalInPence: 2500
 -- Credit card info 
CreditCardNumber: 0000000000000000
CCV: 222
ExpiryDate: 51/13
]]></system-err>
  </testcase>
  <testcase name="testCreditCardCExpiryDateInvalidDate" classname="uk.ac.ed.inf.OrderValidatorTest" time="0">
    <system-err><![CDATA[
 -- Order info 
OrderValidationCode: EXPIRY_DATE_INVALID
OrderStatus: INVALID
OrderNo: 67D5660A
Order Contents: [Pizza[name=Pizza C, priceInPence=2500]]
PriceTotalInPence: 2600
 -- Credit card info 
CreditCardNumber: 0000000000000000
CCV: 222
ExpiryDate: 98/18
]]></system-err>
  </testcase>
  <testcase name="testCreditCardCExpiryDateInvalidDate" classname="uk.ac.ed.inf.OrderValidatorTest" time="0">
    <system-err><![CDATA[
 -- Order info 
OrderValidationCode: EXPIRY_DATE_INVALID
OrderStatus: INVALID
OrderNo: 32E7CE15
Order Contents: [Pizza[name=Pizza A, priceInPence=2300]]
PriceTotalInPence: 2400
 -- Credit card info 
CreditCardNumber: 0000000000000000
CCV: 222
ExpiryDate: 90/22
]]></system-err>
  </testcase>
  <testcase name="testCreditCardCExpiryDateInvalidDate" classname="uk.ac.ed.inf.OrderValidatorTest" time="0">
    <system-err><![CDATA[
 -- Order info 
OrderValidationCode: EXPIRY_DATE_INVALID
OrderStatus: INVALID
OrderNo: 0404238A
Order Contents: [Pizza[name=Pizza A, priceInPence=2300]]
PriceTotalInPence: 2400
 -- Credit card info 
CreditCardNumber: 0000000000000000
CCV: 222
ExpiryDate: 34/04
]]></system-err>
  </testcase>
  <testcase name="testCreditCardCExpiryDateInvalidDate" classname="uk.ac.ed.inf.OrderValidatorTest" time="0">
    <system-err><![CDATA[
 -- Order info 
OrderValidationCode: EXPIRY_DATE_INVALID
OrderStatus: INVALID
OrderNo: 3615EC35
Order Contents: [Pizza[name=Pizza B, priceInPence=2400]]
PriceTotalInPence: 2500
 -- Credit card info 
CreditCardNumber: 0000000000000000
CCV: 222
ExpiryDate: 83/00
]]></system-err>
  </testcase>
  <testcase name="testCreditCardCExpiryDateInvalidDate" classname="uk.ac.ed.inf.OrderValidatorTest" time="0">
    <system-err><![CDATA[
 -- Order info 
OrderValidationCode: EXPIRY_DATE_INVALID
OrderStatus: INVALID
OrderNo: 55266E1C
Order Contents: [Pizza[name=Pizza C, priceInPence=2500]]
PriceTotalInPence: 2600
 -- Credit card info 
CreditCardNumber: 0000000000000000
CCV: 222
ExpiryDate: 40/02
]]></system-err>
  </testcase>
  <testcase name="testCreditCardCExpiryDateInvalidDate" classname="uk.ac.ed.inf.OrderValidatorTest" time="0">
    <system-err><![CDATA[
 -- Order info 
OrderValidationCode: EXPIRY_DATE_INVALID
OrderStatus: INVALID
OrderNo: 11FCB572
Order Contents: [Pizza[name=Pizza A, priceInPence=2300]]
PriceTotalInPence: 2400
 -- Credit card info 
CreditCardNumber: 0000000000000000
CCV: 222
ExpiryDate: 16/22
]]></system-err>
  </testcase>
  <testcase name="testCreditCardCExpiryDateInvalidDate" classname="uk.ac.ed.inf.OrderValidatorTest" time="0">
    <system-err><![CDATA[
 -- Order info 
OrderValidationCode: EXPIRY_DATE_INVALID
OrderStatus: INVALID
OrderNo: 4E9CEC26
Order Contents: [Pizza[name=Pizza B, priceInPence=2400]]
PriceTotalInPence: 2500
 -- Credit card info 
CreditCardNumber: 0000000000000000
CCV: 222
ExpiryDate: 25/15
]]></system-err>
  </testcase>
  <testcase name="testCreditCardCExpiryDateInvalidDate" classname="uk.ac.ed.inf.OrderValidatorTest" time="0">
    <system-err><![CDATA[
 -- Order info 
OrderValidationCode: EXPIRY_DATE_INVALID
OrderStatus: INVALID
OrderNo: 1CEDDA23
Order Contents: [Pizza[name=Pizza C, priceInPence=2500]]
PriceTotalInPence: 2600
 -- Credit card info 
CreditCardNumber: 0000000000000000
CCV: 222
ExpiryDate: 63/07
]]></system-err>
  </testcase>
  <testcase name="testCreditCardCExpiryDateInvalidDate" classname="uk.ac.ed.inf.OrderValidatorTest" time="0">
    <system-err><![CDATA[
 -- Order info 
OrderValidationCode: EXPIRY_DATE_INVALID
OrderStatus: INVALID
OrderNo: 6366FBD1
Order Contents: [Pizza[name=Pizza A, priceInPence=2300]]
PriceTotalInPence: 2400
 -- Credit card info 
CreditCardNumber: 0000000000000000
CCV: 222
ExpiryDate: 16/17
]]></system-err>
  </testcase>
  <testcase name="testCreditCardCExpiryDateInvalidDate" classname="uk.ac.ed.inf.OrderValidatorTest" time="0">
    <system-err><![CDATA[
 -- Order info 
OrderValidationCode: EXPIRY_DATE_INVALID
OrderStatus: INVALID
OrderNo: 2A46A985
Order Contents: [Pizza[name=Pizza B, priceInPence=2400]]
PriceTotalInPence: 2500
 -- Credit card info 
CreditCardNumber: 0000000000000000
CCV: 222
ExpiryDate: 73/09
]]></system-err>
  </testcase>
  <testcase name="testCreditCardCExpiryDateInvalidDate" classname="uk.ac.ed.inf.OrderValidatorTest" time="0">
    <system-err><![CDATA[
 -- Order info 
OrderValidationCode: EXPIRY_DATE_INVALID
OrderStatus: INVALID
OrderNo: 09BD9712
Order Contents: [Pizza[name=Pizza C, priceInPence=2500]]
PriceTotalInPence: 2600
 -- Credit card info 
CreditCardNumber: 0000000000000000
CCV: 222
ExpiryDate: 56/07
]]></system-err>
  </testcase>
  <testcase name="testCreditCardCExpiryDateInvalidDate" classname="uk.ac.ed.inf.OrderValidatorTest" time="0">
    <system-err><![CDATA[
 -- Order info 
OrderValidationCode: EXPIRY_DATE_INVALID
OrderStatus: INVALID
OrderNo: 2E504345
Order Contents: [Pizza[name=Pizza C, priceInPence=2500]]
PriceTotalInPence: 2600
 -- Credit card info 
CreditCardNumber: 0000000000000000
CCV: 222
ExpiryDate: 54/02
]]></system-err>
  </testcase>
  <testcase name="testCreditCardCExpiryDateInvalidDate" classname="uk.ac.ed.inf.OrderValidatorTest" time="0">
    <system-err><![CDATA[
 -- Order info 
OrderValidationCode: EXPIRY_DATE_INVALID
OrderStatus: INVALID
OrderNo: 68EC0772
Order Contents: [Pizza[name=Pizza B, priceInPence=2400]]
PriceTotalInPence: 2500
 -- Credit card info 
CreditCardNumber: 0000000000000000
CCV: 222
ExpiryDate: 20/03
]]></system-err>
  </testcase>
  <testcase name="testCreditCardCVVEmptyString" classname="uk.ac.ed.inf.OrderValidatorTest" time="0">
    <system-err><![CDATA[
 -- Order info 
OrderValidationCode: CVV_INVALID
OrderStatus: INVALID
OrderNo: 54B7C8F2
Order Contents: [Pizza[name=Pizza C, priceInPence=2500]]
PriceTotalInPence: 2600
 -- Credit card info 
CreditCardNumber: 0000000000000000
CCV: 
ExpiryDate: 03/24
]]></system-err>
  </testcase>
  <testcase name="testCreditCardCVVEmptyString" classname="uk.ac.ed.inf.OrderValidatorTest" time="0">
    <system-err><![CDATA[
 -- Order info 
OrderValidationCode: CVV_INVALID
OrderStatus: INVALID
OrderNo: 6E8E52B8
Order Contents: [Pizza[name=Pizza B, priceInPence=2400]]
PriceTotalInPence: 2500
 -- Credit card info 
CreditCardNumber: 0000000000000000
CCV: 
ExpiryDate: 09/24
]]></system-err>
  </testcase>
  <testcase name="testCreditCardCVVEmptyString" classname="uk.ac.ed.inf.OrderValidatorTest" time="0">
    <system-err><![CDATA[
 -- Order info 
OrderValidationCode: CVV_INVALID
OrderStatus: INVALID
OrderNo: 56A5510A
Order Contents: [Pizza[name=Pizza A, priceInPence=2300]]
PriceTotalInPence: 2400
 -- Credit card info 
CreditCardNumber: 0000000000000000
CCV: 
ExpiryDate: 08/26
]]></system-err>
  </testcase>
  <testcase name="testCreditCardCVVEmptyString" classname="uk.ac.ed.inf.OrderValidatorTest" time="0">
    <system-err><![CDATA[
 -- Order info 
OrderValidationCode: CVV_INVALID
OrderStatus: INVALID
OrderNo: 2F19A606
Order Contents: [Pizza[name=Pizza C, priceInPence=2500]]
PriceTotalInPence: 2600
 -- Credit card info 
CreditCardNumber: 0000000000000000
CCV: 
ExpiryDate: 07/26
]]></system-err>
  </testcase>
  <testcase name="testCreditCardCVVEmptyString" classname="uk.ac.ed.inf.OrderValidatorTest" time="0">
    <system-err><![CDATA[
 -- Order info 
OrderValidationCode: CVV_INVALID
OrderStatus: INVALID
OrderNo: 4DBB6955
Order Contents: [Pizza[name=Pizza B, priceInPence=2400]]
PriceTotalInPence: 2500
 -- Credit card info 
CreditCardNumber: 0000000000000000
CCV: 
ExpiryDate: 09/26
]]></system-err>
  </testcase>
  <testcase name="testCreditCardCVVEmptyString" classname="uk.ac.ed.inf.OrderValidatorTest" time="0">
    <system-err><![CDATA[
 -- Order info 
OrderValidationCode: CVV_INVALID
OrderStatus: INVALID
OrderNo: 3A995ED5
Order Contents: [Pizza[name=Pizza B, priceInPence=2400]]
PriceTotalInPence: 2500
 -- Credit card info 
CreditCardNumber: 0000000000000000
CCV: 
ExpiryDate: 06/27
]]></system-err>
  </testcase>
  <testcase name="testCreditCardCVVEmptyString" classname="uk.ac.ed.inf.OrderValidatorTest" time="0">
    <system-err><![CDATA[
 -- Order info 
OrderValidationCode: CVV_INVALID
OrderStatus: INVALID
OrderNo: 2591ED05
Order Contents: [Pizza[name=Pizza B, priceInPence=2400]]
PriceTotalInPence: 2500
 -- Credit card info 
CreditCardNumber: 0000000000000000
CCV: 
ExpiryDate: 03/26
]]></system-err>
  </testcase>
  <testcase name="testCreditCardCVVEmptyString" classname="uk.ac.ed.inf.OrderValidatorTest" time="0">
    <system-err><![CDATA[
 -- Order info 
OrderValidationCode: CVV_INVALID
OrderStatus: INVALID
OrderNo: 0B0EDA58
Order Contents: [Pizza[name=Pizza B, priceInPence=2400]]
PriceTotalInPence: 2500
 -- Credit card info 
CreditCardNumber: 0000000000000000
CCV: 
ExpiryDate: 08/28
]]></system-err>
  </testcase>
  <testcase name="testCreditCardCVVEmptyString" classname="uk.ac.ed.inf.OrderValidatorTest" time="0">
    <system-err><![CDATA[
 -- Order info 
OrderValidationCode: CVV_INVALID
OrderStatus: INVALID
OrderNo: 58AFEFD8
Order Contents: [Pizza[name=Pizza B, priceInPence=2400]]
PriceTotalInPence: 2500
 -- Credit card info 
CreditCardNumber: 0000000000000000
CCV: 
ExpiryDate: 05/28
]]></system-err>
  </testcase>
  <testcase name="testCreditCardCVVEmptyString" classname="uk.ac.ed.inf.OrderValidatorTest" time="0">
    <system-err><![CDATA[
 -- Order info 
OrderValidationCode: CVV_INVALID
OrderStatus: INVALID
OrderNo: 1A36860A
Order Contents: [Pizza[name=Pizza B, priceInPence=2400]]
PriceTotalInPence: 2500
 -- Credit card info 
CreditCardNumber: 0000000000000000
CCV: 
ExpiryDate: 04/27
]]></system-err>
  </testcase>
  <testcase name="testCreditCardCVVEmptyString" classname="uk.ac.ed.inf.OrderValidatorTest" time="0">
    <system-err><![CDATA[
 -- Order info 
OrderValidationCode: CVV_INVALID
OrderStatus: INVALID
OrderNo: 46DE3C2E
Order Contents: [Pizza[name=Pizza B, priceInPence=2400]]
PriceTotalInPence: 2500
 -- Credit card info 
CreditCardNumber: 0000000000000000
CCV: 
ExpiryDate: 02/28
]]></system-err>
  </testcase>
  <testcase name="testCreditCardCVVEmptyString" classname="uk.ac.ed.inf.OrderValidatorTest" time="0">
    <system-err><![CDATA[
 -- Order info 
OrderValidationCode: CVV_INVALID
OrderStatus: INVALID
OrderNo: 73DB3B2B
Order Contents: [Pizza[name=Pizza A, priceInPence=2300]]
PriceTotalInPence: 2400
 -- Credit card info 
CreditCardNumber: 0000000000000000
CCV: 
ExpiryDate: 06/27
]]></system-err>
  </testcase>
  <testcase name="testCreditCardCVVEmptyString" classname="uk.ac.ed.inf.OrderValidatorTest" time="0">
    <system-err><![CDATA[
 -- Order info 
OrderValidationCode: CVV_INVALID
OrderStatus: INVALID
OrderNo: 52CF5389
Order Contents: [Pizza[name=Pizza C, priceInPence=2500]]
PriceTotalInPence: 2600
 -- Credit card info 
CreditCardNumber: 0000000000000000
CCV: 
ExpiryDate: 02/27
]]></system-err>
  </testcase>
  <testcase name="testCreditCardCVVEmptyString" classname="uk.ac.ed.inf.OrderValidatorTest" time="0.016">
    <system-err><![CDATA[
 -- Order info 
OrderValidationCode: CVV_INVALID
OrderStatus: INVALID
OrderNo: 3A9DF18D
Order Contents: [Pizza[name=Pizza A, priceInPence=2300]]
PriceTotalInPence: 2400
 -- Credit card info 
CreditCardNumber: 0000000000000000
CCV: 
ExpiryDate: 10/27
]]></system-err>
  </testcase>
  <testcase name="testCreditCardCVVEmptyString" classname="uk.ac.ed.inf.OrderValidatorTest" time="0">
    <system-err><![CDATA[
 -- Order info 
OrderValidationCode: CVV_INVALID
OrderStatus: INVALID
OrderNo: 1A5DD117
Order Contents: [Pizza[name=Pizza A, priceInPence=2300]]
PriceTotalInPence: 2400
 -- Credit card info 
CreditCardNumber: 0000000000000000
CCV: 
ExpiryDate: 10/25
]]></system-err>
  </testcase>
  <testcase name="testCreditCardCVVEmptyString" classname="uk.ac.ed.inf.OrderValidatorTest" time="0">
    <system-err><![CDATA[
 -- Order info 
OrderValidationCode: CVV_INVALID
OrderStatus: INVALID
OrderNo: 2B1ABC7C
Order Contents: [Pizza[name=Pizza B, priceInPence=2400]]
PriceTotalInPence: 2500
 -- Credit card info 
CreditCardNumber: 0000000000000000
CCV: 
ExpiryDate: 05/26
]]></system-err>
  </testcase>
  <testcase name="testCreditCardCVVEmptyString" classname="uk.ac.ed.inf.OrderValidatorTest" time="0">
    <system-err><![CDATA[
 -- Order info 
OrderValidationCode: CVV_INVALID
OrderStatus: INVALID
OrderNo: 1CBB41C1
Order Contents: [Pizza[name=Pizza C, priceInPence=2500]]
PriceTotalInPence: 2600
 -- Credit card info 
CreditCardNumber: 0000000000000000
CCV: 
ExpiryDate: 08/29
]]></system-err>
  </testcase>
  <testcase name="testCreditCardCVVEmptyString" classname="uk.ac.ed.inf.OrderValidatorTest" time="0">
    <system-err><![CDATA[
 -- Order info 
OrderValidationCode: CVV_INVALID
OrderStatus: INVALID
OrderNo: 509BEECB
Order Contents: [Pizza[name=Pizza A, priceInPence=2300]]
PriceTotalInPence: 2400
 -- Credit card info 
CreditCardNumber: 0000000000000000
CCV: 
ExpiryDate: 02/26
]]></system-err>
  </testcase>
  <testcase name="testCreditCardCVVEmptyString" classname="uk.ac.ed.inf.OrderValidatorTest" time="0">
    <system-err><![CDATA[
 -- Order info 
OrderValidationCode: CVV_INVALID
OrderStatus: INVALID
OrderNo: 711EAC13
Order Contents: [Pizza[name=Pizza A, priceInPence=2300]]
PriceTotalInPence: 2400
 -- Credit card info 
CreditCardNumber: 0000000000000000
CCV: 
ExpiryDate: 03/24
]]></system-err>
  </testcase>
  <testcase name="testCreditCardCVVEmptyString" classname="uk.ac.ed.inf.OrderValidatorTest" time="0">
    <system-err><![CDATA[
 -- Order info 
OrderValidationCode: CVV_INVALID
OrderStatus: INVALID
OrderNo: 7BA43EDA
Order Contents: [Pizza[name=Pizza C, priceInPence=2500]]
PriceTotalInPence: 2600
 -- Credit card info 
CreditCardNumber: 0000000000000000
CCV: 
ExpiryDate: 03/26
]]></system-err>
  </testcase>
  <testcase name="testCreditCardCVVEmptyString" classname="uk.ac.ed.inf.OrderValidatorTest" time="0">
    <system-err><![CDATA[
 -- Order info 
OrderValidationCode: CVV_INVALID
OrderStatus: INVALID
OrderNo: 1E500235
Order Contents: [Pizza[name=Pizza C, priceInPence=2500]]
PriceTotalInPence: 2600
 -- Credit card info 
CreditCardNumber: 0000000000000000
CCV: 
ExpiryDate: 07/24
]]></system-err>
  </testcase>
  <testcase name="testCreditCardCVVEmptyString" classname="uk.ac.ed.inf.OrderValidatorTest" time="0">
    <system-err><![CDATA[
 -- Order info 
OrderValidationCode: CVV_INVALID
OrderStatus: INVALID
OrderNo: 0BD6C31B
Order Contents: [Pizza[name=Pizza C, priceInPence=2500]]
PriceTotalInPence: 2600
 -- Credit card info 
CreditCardNumber: 0000000000000000
CCV: 
ExpiryDate: 11/27
]]></system-err>
  </testcase>
  <testcase name="testCreditCardCVVEmptyString" classname="uk.ac.ed.inf.OrderValidatorTest" time="0">
    <system-err><![CDATA[
 -- Order info 
OrderValidationCode: CVV_INVALID
OrderStatus: INVALID
OrderNo: 716BADFA
Order Contents: [Pizza[name=Pizza A, priceInPence=2300]]
PriceTotalInPence: 2400
 -- Credit card info 
CreditCardNumber: 0000000000000000
CCV: 
ExpiryDate: 04/26
]]></system-err>
  </testcase>
  <testcase name="testCreditCardCVVEmptyString" classname="uk.ac.ed.inf.OrderValidatorTest" time="0">
    <system-err><![CDATA[
 -- Order info 
OrderValidationCode: CVV_INVALID
OrderStatus: INVALID
OrderNo: 2D42BA43
Order Contents: [Pizza[name=Pizza A, priceInPence=2300]]
PriceTotalInPence: 2400
 -- Credit card info 
CreditCardNumber: 0000000000000000
CCV: 
ExpiryDate: 04/25
]]></system-err>
  </testcase>
  <testcase name="testCreditCardCVVEmptyString" classname="uk.ac.ed.inf.OrderValidatorTest" time="0">
    <system-err><![CDATA[
 -- Order info 
OrderValidationCode: CVV_INVALID
OrderStatus: INVALID
OrderNo: 52267890
Order Contents: [Pizza[name=Pizza C, priceInPence=2500]]
PriceTotalInPence: 2600
 -- Credit card info 
CreditCardNumber: 0000000000000000
CCV: 
ExpiryDate: 03/29
]]></system-err>
  </testcase>
  <testcase name="testCreditCardCVVEmptyString" classname="uk.ac.ed.inf.OrderValidatorTest" time="0">
    <system-err><![CDATA[
 -- Order info 
OrderValidationCode: CVV_INVALID
OrderStatus: INVALID
OrderNo: 10B206A9
Order Contents: [Pizza[name=Pizza C, priceInPence=2500]]
PriceTotalInPence: 2600
 -- Credit card info 
CreditCardNumber: 0000000000000000
CCV: 
ExpiryDate: 03/28
]]></system-err>
  </testcase>
  <testcase name="testCreditCardCVVEmptyString" classname="uk.ac.ed.inf.OrderValidatorTest" time="0">
    <system-err><![CDATA[
 -- Order info 
OrderValidationCode: CVV_INVALID
OrderStatus: INVALID
OrderNo: 53C14D01
Order Contents: [Pizza[name=Pizza B, priceInPence=2400]]
PriceTotalInPence: 2500
 -- Credit card info 
CreditCardNumber: 0000000000000000
CCV: 
ExpiryDate: 03/25
]]></system-err>
  </testcase>
  <testcase name="testCreditCardCVVEmptyString" classname="uk.ac.ed.inf.OrderValidatorTest" time="0">
    <system-err><![CDATA[
 -- Order info 
OrderValidationCode: CVV_INVALID
OrderStatus: INVALID
OrderNo: 4B627AC5
Order Contents: [Pizza[name=Pizza B, priceInPence=2400]]
PriceTotalInPence: 2500
 -- Credit card info 
CreditCardNumber: 0000000000000000
CCV: 
ExpiryDate: 11/24
]]></system-err>
  </testcase>
  <testcase name="testCreditCardCVVEmptyString" classname="uk.ac.ed.inf.OrderValidatorTest" time="0">
    <system-err><![CDATA[
 -- Order info 
OrderValidationCode: CVV_INVALID
OrderStatus: INVALID
OrderNo: 096E5398
Order Contents: [Pizza[name=Pizza C, priceInPence=2500]]
PriceTotalInPence: 2600
 -- Credit card info 
CreditCardNumber: 0000000000000000
CCV: 
ExpiryDate: 01/26
]]></system-err>
  </testcase>
  <testcase name="testCreditCardCVVEmptyString" classname="uk.ac.ed.inf.OrderValidatorTest" time="0">
    <system-err><![CDATA[
 -- Order info 
OrderValidationCode: CVV_INVALID
OrderStatus: INVALID
OrderNo: 1140248C
Order Contents: [Pizza[name=Pizza B, priceInPence=2400]]
PriceTotalInPence: 2500
 -- Credit card info 
CreditCardNumber: 0000000000000000
CCV: 
ExpiryDate: 06/29
]]></system-err>
  </testcase>
  <testcase name="testCreditCardCVVEmptyString" classname="uk.ac.ed.inf.OrderValidatorTest" time="0">
    <system-err><![CDATA[
 -- Order info 
OrderValidationCode: CVV_INVALID
OrderStatus: INVALID
OrderNo: 01835DEC
Order Contents: [Pizza[name=Pizza C, priceInPence=2500]]
PriceTotalInPence: 2600
 -- Credit card info 
CreditCardNumber: 0000000000000000
CCV: 
ExpiryDate: 11/25
]]></system-err>
  </testcase>
  <testcase name="testCreditCardCVVEmptyString" classname="uk.ac.ed.inf.OrderValidatorTest" time="0">
    <system-err><![CDATA[
 -- Order info 
OrderValidationCode: CVV_INVALID
OrderStatus: INVALID
OrderNo: 53D92511
Order Contents: [Pizza[name=Pizza A, priceInPence=2300]]
PriceTotalInPence: 2400
 -- Credit card info 
CreditCardNumber: 0000000000000000
CCV: 
ExpiryDate: 10/24
]]></system-err>
  </testcase>
  <testcase name="testCreditCardCVVEmptyString" classname="uk.ac.ed.inf.OrderValidatorTest" time="0">
    <system-err><![CDATA[
 -- Order info 
OrderValidationCode: CVV_INVALID
OrderStatus: INVALID
OrderNo: 14C6BA9A
Order Contents: [Pizza[name=Pizza B, priceInPence=2400]]
PriceTotalInPence: 2500
 -- Credit card info 
CreditCardNumber: 0000000000000000
CCV: 
ExpiryDate: 09/25
]]></system-err>
  </testcase>
  <testcase name="testCreditCardCVVEmptyString" classname="uk.ac.ed.inf.OrderValidatorTest" time="0">
    <system-err><![CDATA[
 -- Order info 
OrderValidationCode: CVV_INVALID
OrderStatus: INVALID
OrderNo: 296340F5
Order Contents: [Pizza[name=Pizza B, priceInPence=2400]]
PriceTotalInPence: 2500
 -- Credit card info 
CreditCardNumber: 0000000000000000
CCV: 
ExpiryDate: 07/27
]]></system-err>
  </testcase>
  <testcase name="testCreditCardCVVEmptyString" classname="uk.ac.ed.inf.OrderValidatorTest" time="0">
    <system-err><![CDATA[
 -- Order info 
OrderValidationCode: CVV_INVALID
OrderStatus: INVALID
OrderNo: 30326389
Order Contents: [Pizza[name=Pizza C, priceInPence=2500]]
PriceTotalInPence: 2600
 -- Credit card info 
CreditCardNumber: 0000000000000000
CCV: 
ExpiryDate: 01/29
]]></system-err>
  </testcase>
  <testcase name="testCreditCardCVVEmptyString" classname="uk.ac.ed.inf.OrderValidatorTest" time="0">
    <system-err><![CDATA[
 -- Order info 
OrderValidationCode: CVV_INVALID
OrderStatus: INVALID
OrderNo: 71AC5C68
Order Contents: [Pizza[name=Pizza A, priceInPence=2300]]
PriceTotalInPence: 2400
 -- Credit card info 
CreditCardNumber: 0000000000000000
CCV: 
ExpiryDate: 06/25
]]></system-err>
  </testcase>
  <testcase name="testCreditCardCVVEmptyString" classname="uk.ac.ed.inf.OrderValidatorTest" time="0">
    <system-err><![CDATA[
 -- Order info 
OrderValidationCode: CVV_INVALID
OrderStatus: INVALID
OrderNo: 36C2A4D2
Order Contents: [Pizza[name=Pizza C, priceInPence=2500]]
PriceTotalInPence: 2600
 -- Credit card info 
CreditCardNumber: 0000000000000000
CCV: 
ExpiryDate: 05/29
]]></system-err>
  </testcase>
  <testcase name="testCreditCardCVVEmptyString" classname="uk.ac.ed.inf.OrderValidatorTest" time="0">
    <system-err><![CDATA[
 -- Order info 
OrderValidationCode: CVV_INVALID
OrderStatus: INVALID
OrderNo: 0BA9CD45
Order Contents: [Pizza[name=Pizza B, priceInPence=2400]]
PriceTotalInPence: 2500
 -- Credit card info 
CreditCardNumber: 0000000000000000
CCV: 
ExpiryDate: 07/24
]]></system-err>
  </testcase>
  <testcase name="testCreditCardCVVEmptyString" classname="uk.ac.ed.inf.OrderValidatorTest" time="0">
    <system-err><![CDATA[
 -- Order info 
OrderValidationCode: CVV_INVALID
OrderStatus: INVALID
OrderNo: 098B4E30
Order Contents: [Pizza[name=Pizza A, priceInPence=2300]]
PriceTotalInPence: 2400
 -- Credit card info 
CreditCardNumber: 0000000000000000
CCV: 
ExpiryDate: 10/28
]]></system-err>
  </testcase>
  <testcase name="testCreditCardCVVEmptyString" classname="uk.ac.ed.inf.OrderValidatorTest" time="0">
    <system-err><![CDATA[
 -- Order info 
OrderValidationCode: CVV_INVALID
OrderStatus: INVALID
OrderNo: 3F6896FF
Order Contents: [Pizza[name=Pizza C, priceInPence=2500]]
PriceTotalInPence: 2600
 -- Credit card info 
CreditCardNumber: 0000000000000000
CCV: 
ExpiryDate: 10/26
]]></system-err>
  </testcase>
  <testcase name="testCreditCardCVVEmptyString" classname="uk.ac.ed.inf.OrderValidatorTest" time="0">
    <system-err><![CDATA[
 -- Order info 
OrderValidationCode: CVV_INVALID
OrderStatus: INVALID
OrderNo: 7E478696
Order Contents: [Pizza[name=Pizza B, priceInPence=2400]]
PriceTotalInPence: 2500
 -- Credit card info 
CreditCardNumber: 0000000000000000
CCV: 
ExpiryDate: 10/28
]]></system-err>
  </testcase>
  <testcase name="testCreditCardCVVEmptyString" classname="uk.ac.ed.inf.OrderValidatorTest" time="0">
    <system-err><![CDATA[
 -- Order info 
OrderValidationCode: CVV_INVALID
OrderStatus: INVALID
OrderNo: 01F3ED6E
Order Contents: [Pizza[name=Pizza C, priceInPence=2500]]
PriceTotalInPence: 2600
 -- Credit card info 
CreditCardNumber: 0000000000000000
CCV: 
ExpiryDate: 03/24
]]></system-err>
  </testcase>
  <testcase name="testCreditCardCVVEmptyString" classname="uk.ac.ed.inf.OrderValidatorTest" time="0">
    <system-err><![CDATA[
 -- Order info 
OrderValidationCode: CVV_INVALID
OrderStatus: INVALID
OrderNo: 4794135F
Order Contents: [Pizza[name=Pizza A, priceInPence=2300]]
PriceTotalInPence: 2400
 -- Credit card info 
CreditCardNumber: 0000000000000000
CCV: 
ExpiryDate: 03/29
]]></system-err>
  </testcase>
  <testcase name="testCreditCardCVVEmptyString" classname="uk.ac.ed.inf.OrderValidatorTest" time="0">
    <system-err><![CDATA[
 -- Order info 
OrderValidationCode: CVV_INVALID
OrderStatus: INVALID
OrderNo: 53053DF4
Order Contents: [Pizza[name=Pizza A, priceInPence=2300]]
PriceTotalInPence: 2400
 -- Credit card info 
CreditCardNumber: 0000000000000000
CCV: 
ExpiryDate: 01/28
]]></system-err>
  </testcase>
  <testcase name="testCreditCardCVVEmptyString" classname="uk.ac.ed.inf.OrderValidatorTest" time="0.016">
    <system-err><![CDATA[
 -- Order info 
OrderValidationCode: CVV_INVALID
OrderStatus: INVALID
OrderNo: 46BC6A1A
Order Contents: [Pizza[name=Pizza B, priceInPence=2400]]
PriceTotalInPence: 2500
 -- Credit card info 
CreditCardNumber: 0000000000000000
CCV: 
ExpiryDate: 10/24
]]></system-err>
  </testcase>
  <testcase name="testCreditCardCVVEmptyString" classname="uk.ac.ed.inf.OrderValidatorTest" time="0">
    <system-err><![CDATA[
 -- Order info 
OrderValidationCode: CVV_INVALID
OrderStatus: INVALID
OrderNo: 1E9BA959
Order Contents: [Pizza[name=Pizza B, priceInPence=2400]]
PriceTotalInPence: 2500
 -- Credit card info 
CreditCardNumber: 0000000000000000
CCV: 
ExpiryDate: 02/28
]]></system-err>
  </testcase>
  <testcase name="testCreditCardCVVEmptyString" classname="uk.ac.ed.inf.OrderValidatorTest" time="0">
    <system-err><![CDATA[
 -- Order info 
OrderValidationCode: CVV_INVALID
OrderStatus: INVALID
OrderNo: 7B192E41
Order Contents: [Pizza[name=Pizza A, priceInPence=2300]]
PriceTotalInPence: 2400
 -- Credit card info 
CreditCardNumber: 0000000000000000
CCV: 
ExpiryDate: 07/24
]]></system-err>
  </testcase>
  <testcase name="testCreditCardCVVEmptyString" classname="uk.ac.ed.inf.OrderValidatorTest" time="0">
    <system-err><![CDATA[
 -- Order info 
OrderValidationCode: CVV_INVALID
OrderStatus: INVALID
OrderNo: 49F65731
Order Contents: [Pizza[name=Pizza B, priceInPence=2400]]
PriceTotalInPence: 2500
 -- Credit card info 
CreditCardNumber: 0000000000000000
CCV: 
ExpiryDate: 01/28
]]></system-err>
  </testcase>
  <testcase name="testCreditCardCVVEmptyString" classname="uk.ac.ed.inf.OrderValidatorTest" time="0">
    <system-err><![CDATA[
 -- Order info 
OrderValidationCode: CVV_INVALID
OrderStatus: INVALID
OrderNo: 08F72373
Order Contents: [Pizza[name=Pizza C, priceInPence=2500]]
PriceTotalInPence: 2600
 -- Credit card info 
CreditCardNumber: 0000000000000000
CCV: 
ExpiryDate: 02/29
]]></system-err>
  </testcase>
  <testcase name="testCreditCardCVVEmptyString" classname="uk.ac.ed.inf.OrderValidatorTest" time="0">
    <system-err><![CDATA[
 -- Order info 
OrderValidationCode: CVV_INVALID
OrderStatus: INVALID
OrderNo: 347902BF
Order Contents: [Pizza[name=Pizza B, priceInPence=2400]]
PriceTotalInPence: 2500
 -- Credit card info 
CreditCardNumber: 0000000000000000
CCV: 
ExpiryDate: 09/24
]]></system-err>
  </testcase>
  <testcase name="testCreditCardCVVEmptyString" classname="uk.ac.ed.inf.OrderValidatorTest" time="0">
    <system-err><![CDATA[
 -- Order info 
OrderValidationCode: CVV_INVALID
OrderStatus: INVALID
OrderNo: 78E947C0
Order Contents: [Pizza[name=Pizza C, priceInPence=2500]]
PriceTotalInPence: 2600
 -- Credit card info 
CreditCardNumber: 0000000000000000
CCV: 
ExpiryDate: 11/28
]]></system-err>
  </testcase>
  <testcase name="testCreditCardCVVEmptyString" classname="uk.ac.ed.inf.OrderValidatorTest" time="0">
    <system-err><![CDATA[
 -- Order info 
OrderValidationCode: CVV_INVALID
OrderStatus: INVALID
OrderNo: 30292FA4
Order Contents: [Pizza[name=Pizza C, priceInPence=2500]]
PriceTotalInPence: 2600
 -- Credit card info 
CreditCardNumber: 0000000000000000
CCV: 
ExpiryDate: 07/26
]]></system-err>
  </testcase>
  <testcase name="testCreditCardCVVEmptyString" classname="uk.ac.ed.inf.OrderValidatorTest" time="0">
    <system-err><![CDATA[
 -- Order info 
OrderValidationCode: CVV_INVALID
OrderStatus: INVALID
OrderNo: 7E0E8E81
Order Contents: [Pizza[name=Pizza C, priceInPence=2500]]
PriceTotalInPence: 2600
 -- Credit card info 
CreditCardNumber: 0000000000000000
CCV: 
ExpiryDate: 03/28
]]></system-err>
  </testcase>
  <testcase name="testCreditCardCVVEmptyString" classname="uk.ac.ed.inf.OrderValidatorTest" time="0">
    <system-err><![CDATA[
 -- Order info 
OrderValidationCode: CVV_INVALID
OrderStatus: INVALID
OrderNo: 12D3B6B0
Order Contents: [Pizza[name=Pizza C, priceInPence=2500]]
PriceTotalInPence: 2600
 -- Credit card info 
CreditCardNumber: 0000000000000000
CCV: 
ExpiryDate: 09/28
]]></system-err>
  </testcase>
  <testcase name="testCreditCardCVVEmptyString" classname="uk.ac.ed.inf.OrderValidatorTest" time="0">
    <system-err><![CDATA[
 -- Order info 
OrderValidationCode: CVV_INVALID
OrderStatus: INVALID
OrderNo: 3A56B58A
Order Contents: [Pizza[name=Pizza B, priceInPence=2400]]
PriceTotalInPence: 2500
 -- Credit card info 
CreditCardNumber: 0000000000000000
CCV: 
ExpiryDate: 05/26
]]></system-err>
  </testcase>
  <testcase name="testCreditCardCVVEmptyString" classname="uk.ac.ed.inf.OrderValidatorTest" time="0">
    <system-err><![CDATA[
 -- Order info 
OrderValidationCode: CVV_INVALID
OrderStatus: INVALID
OrderNo: 29D04373
Order Contents: [Pizza[name=Pizza C, priceInPence=2500]]
PriceTotalInPence: 2600
 -- Credit card info 
CreditCardNumber: 0000000000000000
CCV: 
ExpiryDate: 07/26
]]></system-err>
  </testcase>
  <testcase name="testCreditCardCVVEmptyString" classname="uk.ac.ed.inf.OrderValidatorTest" time="0">
    <system-err><![CDATA[
 -- Order info 
OrderValidationCode: CVV_INVALID
OrderStatus: INVALID
OrderNo: 4F77B389
Order Contents: [Pizza[name=Pizza B, priceInPence=2400]]
PriceTotalInPence: 2500
 -- Credit card info 
CreditCardNumber: 0000000000000000
CCV: 
ExpiryDate: 08/28
]]></system-err>
  </testcase>
  <testcase name="testCreditCardCVVEmptyString" classname="uk.ac.ed.inf.OrderValidatorTest" time="0">
    <system-err><![CDATA[
 -- Order info 
OrderValidationCode: CVV_INVALID
OrderStatus: INVALID
OrderNo: 4B492BF3
Order Contents: [Pizza[name=Pizza A, priceInPence=2300]]
PriceTotalInPence: 2400
 -- Credit card info 
CreditCardNumber: 0000000000000000
CCV: 
ExpiryDate: 01/27
]]></system-err>
  </testcase>
  <testcase name="testCreditCardCVVEmptyString" classname="uk.ac.ed.inf.OrderValidatorTest" time="0">
    <system-err><![CDATA[
 -- Order info 
OrderValidationCode: CVV_INVALID
OrderStatus: INVALID
OrderNo: 77E698E4
Order Contents: [Pizza[name=Pizza C, priceInPence=2500]]
PriceTotalInPence: 2600
 -- Credit card info 
CreditCardNumber: 0000000000000000
CCV: 
ExpiryDate: 05/26
]]></system-err>
  </testcase>
  <testcase name="testCreditCardCVVEmptyString" classname="uk.ac.ed.inf.OrderValidatorTest" time="0">
    <system-err><![CDATA[
 -- Order info 
OrderValidationCode: CVV_INVALID
OrderStatus: INVALID
OrderNo: 59BE8EBE
Order Contents: [Pizza[name=Pizza B, priceInPence=2400]]
PriceTotalInPence: 2500
 -- Credit card info 
CreditCardNumber: 0000000000000000
CCV: 
ExpiryDate: 10/26
]]></system-err>
  </testcase>
  <testcase name="testCreditCardCVVEmptyString" classname="uk.ac.ed.inf.OrderValidatorTest" time="0">
    <system-err><![CDATA[
 -- Order info 
OrderValidationCode: CVV_INVALID
OrderStatus: INVALID
OrderNo: 0C89603C
Order Contents: [Pizza[name=Pizza B, priceInPence=2400]]
PriceTotalInPence: 2500
 -- Credit card info 
CreditCardNumber: 0000000000000000
CCV: 
ExpiryDate: 07/28
]]></system-err>
  </testcase>
  <testcase name="testCreditCardCVVEmptyString" classname="uk.ac.ed.inf.OrderValidatorTest" time="0">
    <system-err><![CDATA[
 -- Order info 
OrderValidationCode: CVV_INVALID
OrderStatus: INVALID
OrderNo: 2812DBFF
Order Contents: [Pizza[name=Pizza C, priceInPence=2500]]
PriceTotalInPence: 2600
 -- Credit card info 
CreditCardNumber: 0000000000000000
CCV: 
ExpiryDate: 01/27
]]></system-err>
  </testcase>
  <testcase name="testCreditCardCVVEmptyString" classname="uk.ac.ed.inf.OrderValidatorTest" time="0">
    <system-err><![CDATA[
 -- Order info 
OrderValidationCode: CVV_INVALID
OrderStatus: INVALID
OrderNo: 2BC64D74
Order Contents: [Pizza[name=Pizza A, priceInPence=2300]]
PriceTotalInPence: 2400
 -- Credit card info 
CreditCardNumber: 0000000000000000
CCV: 
ExpiryDate: 05/25
]]></system-err>
  </testcase>
  <testcase name="testCreditCardCVVEmptyString" classname="uk.ac.ed.inf.OrderValidatorTest" time="0">
    <system-err><![CDATA[
 -- Order info 
OrderValidationCode: CVV_INVALID
OrderStatus: INVALID
OrderNo: 07EEF94C
Order Contents: [Pizza[name=Pizza C, priceInPence=2500]]
PriceTotalInPence: 2600
 -- Credit card info 
CreditCardNumber: 0000000000000000
CCV: 
ExpiryDate: 08/28
]]></system-err>
  </testcase>
  <testcase name="testCreditCardCVVEmptyString" classname="uk.ac.ed.inf.OrderValidatorTest" time="0">
    <system-err><![CDATA[
 -- Order info 
OrderValidationCode: CVV_INVALID
OrderStatus: INVALID
OrderNo: 790C8C8A
Order Contents: [Pizza[name=Pizza B, priceInPence=2400]]
PriceTotalInPence: 2500
 -- Credit card info 
CreditCardNumber: 0000000000000000
CCV: 
ExpiryDate: 02/27
]]></system-err>
  </testcase>
  <testcase name="testCreditCardCVVEmptyString" classname="uk.ac.ed.inf.OrderValidatorTest" time="0">
    <system-err><![CDATA[
 -- Order info 
OrderValidationCode: CVV_INVALID
OrderStatus: INVALID
OrderNo: 43940EB1
Order Contents: [Pizza[name=Pizza B, priceInPence=2400]]
PriceTotalInPence: 2500
 -- Credit card info 
CreditCardNumber: 0000000000000000
CCV: 
ExpiryDate: 01/29
]]></system-err>
  </testcase>
  <testcase name="testCreditCardCVVEmptyString" classname="uk.ac.ed.inf.OrderValidatorTest" time="0">
    <system-err><![CDATA[
 -- Order info 
OrderValidationCode: CVV_INVALID
OrderStatus: INVALID
OrderNo: 44E21E07
Order Contents: [Pizza[name=Pizza A, priceInPence=2300]]
PriceTotalInPence: 2400
 -- Credit card info 
CreditCardNumber: 0000000000000000
CCV: 
ExpiryDate: 09/25
]]></system-err>
  </testcase>
  <testcase name="testCreditCardCVVEmptyString" classname="uk.ac.ed.inf.OrderValidatorTest" time="0">
    <system-err><![CDATA[
 -- Order info 
OrderValidationCode: CVV_INVALID
OrderStatus: INVALID
OrderNo: 6099CB31
Order Contents: [Pizza[name=Pizza A, priceInPence=2300]]
PriceTotalInPence: 2400
 -- Credit card info 
CreditCardNumber: 0000000000000000
CCV: 
ExpiryDate: 11/25
]]></system-err>
  </testcase>
  <testcase name="testCreditCardCVVEmptyString" classname="uk.ac.ed.inf.OrderValidatorTest" time="0">
    <system-err><![CDATA[
 -- Order info 
OrderValidationCode: CVV_INVALID
OrderStatus: INVALID
OrderNo: 7F0E0956
Order Contents: [Pizza[name=Pizza B, priceInPence=2400]]
PriceTotalInPence: 2500
 -- Credit card info 
CreditCardNumber: 0000000000000000
CCV: 
ExpiryDate: 07/24
]]></system-err>
  </testcase>
  <testcase name="testCreditCardCVVEmptyString" classname="uk.ac.ed.inf.OrderValidatorTest" time="0">
    <system-err><![CDATA[
 -- Order info 
OrderValidationCode: CVV_INVALID
OrderStatus: INVALID
OrderNo: 5A394D96
Order Contents: [Pizza[name=Pizza C, priceInPence=2500]]
PriceTotalInPence: 2600
 -- Credit card info 
CreditCardNumber: 0000000000000000
CCV: 
ExpiryDate: 02/25
]]></system-err>
  </testcase>
  <testcase name="testCreditCardCVVEmptyString" classname="uk.ac.ed.inf.OrderValidatorTest" time="0">
    <system-err><![CDATA[
 -- Order info 
OrderValidationCode: CVV_INVALID
OrderStatus: INVALID
OrderNo: 2EA3863A
Order Contents: [Pizza[name=Pizza C, priceInPence=2500]]
PriceTotalInPence: 2600
 -- Credit card info 
CreditCardNumber: 0000000000000000
CCV: 
ExpiryDate: 02/28
]]></system-err>
  </testcase>
  <testcase name="testCreditCardCVVEmptyString" classname="uk.ac.ed.inf.OrderValidatorTest" time="0">
    <system-err><![CDATA[
 -- Order info 
OrderValidationCode: CVV_INVALID
OrderStatus: INVALID
OrderNo: 620D822F
Order Contents: [Pizza[name=Pizza B, priceInPence=2400]]
PriceTotalInPence: 2500
 -- Credit card info 
CreditCardNumber: 0000000000000000
CCV: 
ExpiryDate: 05/27
]]></system-err>
  </testcase>
  <testcase name="testCreditCardCVVEmptyString" classname="uk.ac.ed.inf.OrderValidatorTest" time="0">
    <system-err><![CDATA[
 -- Order info 
OrderValidationCode: CVV_INVALID
OrderStatus: INVALID
OrderNo: 3B7FA9D7
Order Contents: [Pizza[name=Pizza A, priceInPence=2300]]
PriceTotalInPence: 2400
 -- Credit card info 
CreditCardNumber: 0000000000000000
CCV: 
ExpiryDate: 07/24
]]></system-err>
  </testcase>
  <testcase name="testCreditCardCVVEmptyString" classname="uk.ac.ed.inf.OrderValidatorTest" time="0">
    <system-err><![CDATA[
 -- Order info 
OrderValidationCode: CVV_INVALID
OrderStatus: INVALID
OrderNo: 6BD484D8
Order Contents: [Pizza[name=Pizza C, priceInPence=2500]]
PriceTotalInPence: 2600
 -- Credit card info 
CreditCardNumber: 0000000000000000
CCV: 
ExpiryDate: 08/24
]]></system-err>
  </testcase>
  <testcase name="testCreditCardCVVEmptyString" classname="uk.ac.ed.inf.OrderValidatorTest" time="0">
    <system-err><![CDATA[
 -- Order info 
OrderValidationCode: CVV_INVALID
OrderStatus: INVALID
OrderNo: 137A711D
Order Contents: [Pizza[name=Pizza A, priceInPence=2300]]
PriceTotalInPence: 2400
 -- Credit card info 
CreditCardNumber: 0000000000000000
CCV: 
ExpiryDate: 11/28
]]></system-err>
  </testcase>
  <testcase name="testCreditCardCVVEmptyString" classname="uk.ac.ed.inf.OrderValidatorTest" time="0">
    <system-err><![CDATA[
 -- Order info 
OrderValidationCode: CVV_INVALID
OrderStatus: INVALID
OrderNo: 103A07C9
Order Contents: [Pizza[name=Pizza C, priceInPence=2500]]
PriceTotalInPence: 2600
 -- Credit card info 
CreditCardNumber: 0000000000000000
CCV: 
ExpiryDate: 10/24
]]></system-err>
  </testcase>
  <testcase name="testCreditCardCVVEmptyString" classname="uk.ac.ed.inf.OrderValidatorTest" time="0.016">
    <system-err><![CDATA[
 -- Order info 
OrderValidationCode: CVV_INVALID
OrderStatus: INVALID
OrderNo: 5670DC51
Order Contents: [Pizza[name=Pizza A, priceInPence=2300]]
PriceTotalInPence: 2400
 -- Credit card info 
CreditCardNumber: 0000000000000000
CCV: 
ExpiryDate: 09/26
]]></system-err>
  </testcase>
  <testcase name="testCreditCardCVVEmptyString" classname="uk.ac.ed.inf.OrderValidatorTest" time="0">
    <system-err><![CDATA[
 -- Order info 
OrderValidationCode: CVV_INVALID
OrderStatus: INVALID
OrderNo: 46CB38F2
Order Contents: [Pizza[name=Pizza C, priceInPence=2500]]
PriceTotalInPence: 2600
 -- Credit card info 
CreditCardNumber: 0000000000000000
CCV: 
ExpiryDate: 09/28
]]></system-err>
  </testcase>
  <testcase name="testCreditCardCVVEmptyString" classname="uk.ac.ed.inf.OrderValidatorTest" time="0">
    <system-err><![CDATA[
 -- Order info 
OrderValidationCode: CVV_INVALID
OrderStatus: INVALID
OrderNo: 5B2FFB61
Order Contents: [Pizza[name=Pizza C, priceInPence=2500]]
PriceTotalInPence: 2600
 -- Credit card info 
CreditCardNumber: 0000000000000000
CCV: 
ExpiryDate: 07/24
]]></system-err>
  </testcase>
  <testcase name="testCreditCardCVVEmptyString" classname="uk.ac.ed.inf.OrderValidatorTest" time="0">
    <system-err><![CDATA[
 -- Order info 
OrderValidationCode: CVV_INVALID
OrderStatus: INVALID
OrderNo: 1A232F70
Order Contents: [Pizza[name=Pizza A, priceInPence=2300]]
PriceTotalInPence: 2400
 -- Credit card info 
CreditCardNumber: 0000000000000000
CCV: 
ExpiryDate: 07/27
]]></system-err>
  </testcase>
  <testcase name="testCreditCardCVVEmptyString" classname="uk.ac.ed.inf.OrderValidatorTest" time="0">
    <system-err><![CDATA[
 -- Order info 
OrderValidationCode: CVV_INVALID
OrderStatus: INVALID
OrderNo: 5C16C2B4
Order Contents: [Pizza[name=Pizza C, priceInPence=2500]]
PriceTotalInPence: 2600
 -- Credit card info 
CreditCardNumber: 0000000000000000
CCV: 
ExpiryDate: 09/26
]]></system-err>
  </testcase>
  <testcase name="testCreditCardCVVEmptyString" classname="uk.ac.ed.inf.OrderValidatorTest" time="0">
    <system-err><![CDATA[
 -- Order info 
OrderValidationCode: CVV_INVALID
OrderStatus: INVALID
OrderNo: 6B3C21C6
Order Contents: [Pizza[name=Pizza A, priceInPence=2300]]
PriceTotalInPence: 2400
 -- Credit card info 
CreditCardNumber: 0000000000000000
CCV: 
ExpiryDate: 03/28
]]></system-err>
  </testcase>
  <testcase name="testCreditCardCVVEmptyString" classname="uk.ac.ed.inf.OrderValidatorTest" time="0">
    <system-err><![CDATA[
 -- Order info 
OrderValidationCode: CVV_INVALID
OrderStatus: INVALID
OrderNo: 6069FC9C
Order Contents: [Pizza[name=Pizza A, priceInPence=2300]]
PriceTotalInPence: 2400
 -- Credit card info 
CreditCardNumber: 0000000000000000
CCV: 
ExpiryDate: 06/27
]]></system-err>
  </testcase>
  <testcase name="testCreditCardCVVEmptyString" classname="uk.ac.ed.inf.OrderValidatorTest" time="0">
    <system-err><![CDATA[
 -- Order info 
OrderValidationCode: CVV_INVALID
OrderStatus: INVALID
OrderNo: 727C73CB
Order Contents: [Pizza[name=Pizza B, priceInPence=2400]]
PriceTotalInPence: 2500
 -- Credit card info 
CreditCardNumber: 0000000000000000
CCV: 
ExpiryDate: 04/29
]]></system-err>
  </testcase>
  <testcase name="testCreditCardCVVEmptyString" classname="uk.ac.ed.inf.OrderValidatorTest" time="0">
    <system-err><![CDATA[
 -- Order info 
OrderValidationCode: CVV_INVALID
OrderStatus: INVALID
OrderNo: 4785B4A8
Order Contents: [Pizza[name=Pizza C, priceInPence=2500]]
PriceTotalInPence: 2600
 -- Credit card info 
CreditCardNumber: 0000000000000000
CCV: 
ExpiryDate: 04/25
]]></system-err>
  </testcase>
  <testcase name="testCreditCardCVVEmptyString" classname="uk.ac.ed.inf.OrderValidatorTest" time="0">
    <system-err><![CDATA[
 -- Order info 
OrderValidationCode: CVV_INVALID
OrderStatus: INVALID
OrderNo: 4F7C479D
Order Contents: [Pizza[name=Pizza B, priceInPence=2400]]
PriceTotalInPence: 2500
 -- Credit card info 
CreditCardNumber: 0000000000000000
CCV: 
ExpiryDate: 11/29
]]></system-err>
  </testcase>
  <testcase name="testCreditCardCVVEmptyString" classname="uk.ac.ed.inf.OrderValidatorTest" time="0">
    <system-err><![CDATA[
 -- Order info 
OrderValidationCode: CVV_INVALID
OrderStatus: INVALID
OrderNo: 43516701
Order Contents: [Pizza[name=Pizza A, priceInPence=2300]]
PriceTotalInPence: 2400
 -- Credit card info 
CreditCardNumber: 0000000000000000
CCV: 
ExpiryDate: 10/28
]]></system-err>
  </testcase>
  <testcase name="testCreditCardCVVEmptyString" classname="uk.ac.ed.inf.OrderValidatorTest" time="0">
    <system-err><![CDATA[
 -- Order info 
OrderValidationCode: CVV_INVALID
OrderStatus: INVALID
OrderNo: 45295488
Order Contents: [Pizza[name=Pizza C, priceInPence=2500]]
PriceTotalInPence: 2600
 -- Credit card info 
CreditCardNumber: 0000000000000000
CCV: 
ExpiryDate: 06/26
]]></system-err>
  </testcase>
  <testcase name="testCreditCardCVVEmptyString" classname="uk.ac.ed.inf.OrderValidatorTest" time="0">
    <system-err><![CDATA[
 -- Order info 
OrderValidationCode: CVV_INVALID
OrderStatus: INVALID
OrderNo: 02660EA9
Order Contents: [Pizza[name=Pizza A, priceInPence=2300]]
PriceTotalInPence: 2400
 -- Credit card info 
CreditCardNumber: 0000000000000000
CCV: 
ExpiryDate: 07/27
]]></system-err>
  </testcase>
  <testcase name="testCreditCardCVVEmptyString" classname="uk.ac.ed.inf.OrderValidatorTest" time="0">
    <system-err><![CDATA[
 -- Order info 
OrderValidationCode: CVV_INVALID
OrderStatus: INVALID
OrderNo: 3687972F
Order Contents: [Pizza[name=Pizza C, priceInPence=2500]]
PriceTotalInPence: 2600
 -- Credit card info 
CreditCardNumber: 0000000000000000
CCV: 
ExpiryDate: 10/26
]]></system-err>
  </testcase>
  <testcase name="testCreditCardCVVEmptyString" classname="uk.ac.ed.inf.OrderValidatorTest" time="0">
    <system-err><![CDATA[
 -- Order info 
OrderValidationCode: CVV_INVALID
OrderStatus: INVALID
OrderNo: 3CC48489
Order Contents: [Pizza[name=Pizza A, priceInPence=2300]]
PriceTotalInPence: 2400
 -- Credit card info 
CreditCardNumber: 0000000000000000
CCV: 
ExpiryDate: 07/27
]]></system-err>
  </testcase>
  <testcase name="testCreditCardCVVEmptyString" classname="uk.ac.ed.inf.OrderValidatorTest" time="0">
    <system-err><![CDATA[
 -- Order info 
OrderValidationCode: CVV_INVALID
OrderStatus: INVALID
OrderNo: 3C49ADF4
Order Contents: [Pizza[name=Pizza B, priceInPence=2400]]
PriceTotalInPence: 2500
 -- Credit card info 
CreditCardNumber: 0000000000000000
CCV: 
ExpiryDate: 03/29
]]></system-err>
  </testcase>
  <testcase name="testCreditCardCVVEmptyString" classname="uk.ac.ed.inf.OrderValidatorTest" time="0">
    <system-err><![CDATA[
 -- Order info 
OrderValidationCode: CVV_INVALID
OrderStatus: INVALID
OrderNo: 00772495
Order Contents: [Pizza[name=Pizza B, priceInPence=2400]]
PriceTotalInPence: 2500
 -- Credit card info 
CreditCardNumber: 0000000000000000
CCV: 
ExpiryDate: 11/27
]]></system-err>
  </testcase>
  <testcase name="testCreditCardCVVEmptyString" classname="uk.ac.ed.inf.OrderValidatorTest" time="0">
    <system-err><![CDATA[
 -- Order info 
OrderValidationCode: CVV_INVALID
OrderStatus: INVALID
OrderNo: 350854DA
Order Contents: [Pizza[name=Pizza B, priceInPence=2400]]
PriceTotalInPence: 2500
 -- Credit card info 
CreditCardNumber: 0000000000000000
CCV: 
ExpiryDate: 05/24
]]></system-err>
  </testcase>
  <testcase name="testCreditCardCVVEmptyString" classname="uk.ac.ed.inf.OrderValidatorTest" time="0">
    <system-err><![CDATA[
 -- Order info 
OrderValidationCode: CVV_INVALID
OrderStatus: INVALID
OrderNo: 5BF33CF4
Order Contents: [Pizza[name=Pizza A, priceInPence=2300]]
PriceTotalInPence: 2400
 -- Credit card info 
CreditCardNumber: 0000000000000000
CCV: 
ExpiryDate: 03/28
]]></system-err>
  </testcase>
  <testcase name="testCreditCardCVVEmptyString" classname="uk.ac.ed.inf.OrderValidatorTest" time="0">
    <system-err><![CDATA[
 -- Order info 
OrderValidationCode: CVV_INVALID
OrderStatus: INVALID
OrderNo: 66628ACE
Order Contents: [Pizza[name=Pizza A, priceInPence=2300]]
PriceTotalInPence: 2400
 -- Credit card info 
CreditCardNumber: 0000000000000000
CCV: 
ExpiryDate: 01/25
]]></system-err>
  </testcase>
  <testcase name="testCreditCardCVVEmptyString" classname="uk.ac.ed.inf.OrderValidatorTest" time="0">
    <system-err><![CDATA[
 -- Order info 
OrderValidationCode: CVV_INVALID
OrderStatus: INVALID
OrderNo: 4F20CC63
Order Contents: [Pizza[name=Pizza B, priceInPence=2400]]
PriceTotalInPence: 2500
 -- Credit card info 
CreditCardNumber: 0000000000000000
CCV: 
ExpiryDate: 02/29
]]></system-err>
  </testcase>
  <testcase name="testCreditCardCVVEmptyString" classname="uk.ac.ed.inf.OrderValidatorTest" time="0">
    <system-err><![CDATA[
 -- Order info 
OrderValidationCode: CVV_INVALID
OrderStatus: INVALID
OrderNo: 1C6AE0A3
Order Contents: [Pizza[name=Pizza C, priceInPence=2500]]
PriceTotalInPence: 2600
 -- Credit card info 
CreditCardNumber: 0000000000000000
CCV: 
ExpiryDate: 06/26
]]></system-err>
  </testcase>
  <testcase name="testCreditCardCVVEmptyString" classname="uk.ac.ed.inf.OrderValidatorTest" time="0">
    <system-err><![CDATA[
 -- Order info 
OrderValidationCode: CVV_INVALID
OrderStatus: INVALID
OrderNo: 147D91C3
Order Contents: [Pizza[name=Pizza A, priceInPence=2300]]
PriceTotalInPence: 2400
 -- Credit card info 
CreditCardNumber: 0000000000000000
CCV: 
ExpiryDate: 09/29
]]></system-err>
  </testcase>
  <testcase name="testCreditCardCVVEmptyString" classname="uk.ac.ed.inf.OrderValidatorTest" time="0">
    <system-err><![CDATA[
 -- Order info 
OrderValidationCode: CVV_INVALID
OrderStatus: INVALID
OrderNo: 13475819
Order Contents: [Pizza[name=Pizza B, priceInPence=2400]]
PriceTotalInPence: 2500
 -- Credit card info 
CreditCardNumber: 0000000000000000
CCV: 
ExpiryDate: 04/28
]]></system-err>
  </testcase>
  <testcase name="testOrderRestaurantClosed" classname="uk.ac.ed.inf.OrderValidatorTest" time="0">
    <system-err><![CDATA[
 -- Order info 
OrderValidationCode: RESTAURANT_CLOSED
OrderStatus: INVALID
OrderNo: 4D02588D
Order Contents: [Pizza[name=Yucky Pizza, priceInPence=2000]]
PriceTotalInPence: 2100
 -- Credit card info 
CreditCardNumber: 0000000000000000
CCV: 222
ExpiryDate: 09/24
]]></system-err>
  </testcase>
  <testcase name="testOrderRestaurantClosed" classname="uk.ac.ed.inf.OrderValidatorTest" time="0">
    <system-err><![CDATA[
 -- Order info 
OrderValidationCode: RESTAURANT_CLOSED
OrderStatus: INVALID
OrderNo: 34A1BA46
Order Contents: [Pizza[name=Yucky Pizza, priceInPence=2000]]
PriceTotalInPence: 2100
 -- Credit card info 
CreditCardNumber: 0000000000000000
CCV: 222
ExpiryDate: 09/28
]]></system-err>
  </testcase>
  <testcase name="testOrderRestaurantClosed" classname="uk.ac.ed.inf.OrderValidatorTest" time="0">
    <system-err><![CDATA[
 -- Order info 
OrderValidationCode: RESTAURANT_CLOSED
OrderStatus: INVALID
OrderNo: 2D920A02
Order Contents: [Pizza[name=Yucky Pizza, priceInPence=2000]]
PriceTotalInPence: 2100
 -- Credit card info 
CreditCardNumber: 0000000000000000
CCV: 222
ExpiryDate: 04/25
]]></system-err>
  </testcase>
  <testcase name="testOrderRestaurantClosed" classname="uk.ac.ed.inf.OrderValidatorTest" time="0">
    <system-err><![CDATA[
 -- Order info 
OrderValidationCode: RESTAURANT_CLOSED
OrderStatus: INVALID
OrderNo: 2C53F949
Order Contents: [Pizza[name=Yucky Pizza, priceInPence=2000]]
PriceTotalInPence: 2100
 -- Credit card info 
CreditCardNumber: 0000000000000000
CCV: 222
ExpiryDate: 11/27
]]></system-err>
  </testcase>
  <testcase name="testOrderRestaurantClosed" classname="uk.ac.ed.inf.OrderValidatorTest" time="0">
    <system-err><![CDATA[
 -- Order info 
OrderValidationCode: RESTAURANT_CLOSED
OrderStatus: INVALID
OrderNo: 300B8D0E
Order Contents: [Pizza[name=Yucky Pizza, priceInPence=2000]]
PriceTotalInPence: 2100
 -- Credit card info 
CreditCardNumber: 0000000000000000
CCV: 222
ExpiryDate: 05/27
]]></system-err>
  </testcase>
  <testcase name="testOrderRestaurantClosed" classname="uk.ac.ed.inf.OrderValidatorTest" time="0">
    <system-err><![CDATA[
 -- Order info 
OrderValidationCode: RESTAURANT_CLOSED
OrderStatus: INVALID
OrderNo: 26BFC574
Order Contents: [Pizza[name=Yucky Pizza, priceInPence=2000]]
PriceTotalInPence: 2100
 -- Credit card info 
CreditCardNumber: 0000000000000000
CCV: 222
ExpiryDate: 01/29
]]></system-err>
  </testcase>
  <testcase name="testOrderRestaurantClosed" classname="uk.ac.ed.inf.OrderValidatorTest" time="0">
    <system-err><![CDATA[
 -- Order info 
OrderValidationCode: RESTAURANT_CLOSED
OrderStatus: INVALID
OrderNo: 2156BEF3
Order Contents: [Pizza[name=Yucky Pizza, priceInPence=2000]]
PriceTotalInPence: 2100
 -- Credit card info 
CreditCardNumber: 0000000000000000
CCV: 222
ExpiryDate: 06/29
]]></system-err>
  </testcase>
  <testcase name="testOrderRestaurantClosed" classname="uk.ac.ed.inf.OrderValidatorTest" time="0">
    <system-err><![CDATA[
 -- Order info 
OrderValidationCode: RESTAURANT_CLOSED
OrderStatus: INVALID
OrderNo: 08C172F8
Order Contents: [Pizza[name=Yucky Pizza, priceInPence=2000]]
PriceTotalInPence: 2100
 -- Credit card info 
CreditCardNumber: 0000000000000000
CCV: 222
ExpiryDate: 09/24
]]></system-err>
  </testcase>
  <testcase name="testOrderRestaurantClosed" classname="uk.ac.ed.inf.OrderValidatorTest" time="0">
    <system-err><![CDATA[
 -- Order info 
OrderValidationCode: RESTAURANT_CLOSED
OrderStatus: INVALID
OrderNo: 078C7F62
Order Contents: [Pizza[name=Yucky Pizza, priceInPence=2000]]
PriceTotalInPence: 2100
 -- Credit card info 
CreditCardNumber: 0000000000000000
CCV: 222
ExpiryDate: 04/24
]]></system-err>
  </testcase>
  <testcase name="testOrderRestaurantClosed" classname="uk.ac.ed.inf.OrderValidatorTest" time="0">
    <system-err><![CDATA[
 -- Order info 
OrderValidationCode: RESTAURANT_CLOSED
OrderStatus: INVALID
OrderNo: 4B9F49E6
Order Contents: [Pizza[name=Yucky Pizza, priceInPence=2000]]
PriceTotalInPence: 2100
 -- Credit card info 
CreditCardNumber: 0000000000000000
CCV: 222
ExpiryDate: 06/29
]]></system-err>
  </testcase>
  <testcase name="testOrderRestaurantClosed" classname="uk.ac.ed.inf.OrderValidatorTest" time="0">
    <system-err><![CDATA[
 -- Order info 
OrderValidationCode: RESTAURANT_CLOSED
OrderStatus: INVALID
OrderNo: 6BC2C6B9
Order Contents: [Pizza[name=Yucky Pizza, priceInPence=2000]]
PriceTotalInPence: 2100
 -- Credit card info 
CreditCardNumber: 0000000000000000
CCV: 222
ExpiryDate: 11/24
]]></system-err>
  </testcase>
  <testcase name="testOrderRestaurantClosed" classname="uk.ac.ed.inf.OrderValidatorTest" time="0.016">
    <system-err><![CDATA[
 -- Order info 
OrderValidationCode: RESTAURANT_CLOSED
OrderStatus: INVALID
OrderNo: 2DD92733
Order Contents: [Pizza[name=Yucky Pizza, priceInPence=2000]]
PriceTotalInPence: 2100
 -- Credit card info 
CreditCardNumber: 0000000000000000
CCV: 222
ExpiryDate: 01/28
]]></system-err>
  </testcase>
  <testcase name="testOrderRestaurantClosed" classname="uk.ac.ed.inf.OrderValidatorTest" time="0">
    <system-err><![CDATA[
 -- Order info 
OrderValidationCode: RESTAURANT_CLOSED
OrderStatus: INVALID
OrderNo: 5DCC33B1
Order Contents: [Pizza[name=Yucky Pizza, priceInPence=2000]]
PriceTotalInPence: 2100
 -- Credit card info 
CreditCardNumber: 0000000000000000
CCV: 222
ExpiryDate: 10/24
]]></system-err>
  </testcase>
  <testcase name="testOrderRestaurantClosed" classname="uk.ac.ed.inf.OrderValidatorTest" time="0">
    <system-err><![CDATA[
 -- Order info 
OrderValidationCode: RESTAURANT_CLOSED
OrderStatus: INVALID
OrderNo: 44E49BD6
Order Contents: [Pizza[name=Yucky Pizza, priceInPence=2000]]
PriceTotalInPence: 2100
 -- Credit card info 
CreditCardNumber: 0000000000000000
CCV: 222
ExpiryDate: 09/25
]]></system-err>
  </testcase>
  <testcase name="testOrderRestaurantClosed" classname="uk.ac.ed.inf.OrderValidatorTest" time="0">
    <system-err><![CDATA[
 -- Order info 
OrderValidationCode: RESTAURANT_CLOSED
OrderStatus: INVALID
OrderNo: 22CBD745
Order Contents: [Pizza[name=Yucky Pizza, priceInPence=2000]]
PriceTotalInPence: 2100
 -- Credit card info 
CreditCardNumber: 0000000000000000
CCV: 222
ExpiryDate: 07/26
]]></system-err>
  </testcase>
  <testcase name="testOrderRestaurantClosed" classname="uk.ac.ed.inf.OrderValidatorTest" time="0">
    <system-err><![CDATA[
 -- Order info 
OrderValidationCode: RESTAURANT_CLOSED
OrderStatus: INVALID
OrderNo: 79089827
Order Contents: [Pizza[name=Yucky Pizza, priceInPence=2000]]
PriceTotalInPence: 2100
 -- Credit card info 
CreditCardNumber: 0000000000000000
CCV: 222
ExpiryDate: 02/26
]]></system-err>
  </testcase>
  <testcase name="testOrderRestaurantClosed" classname="uk.ac.ed.inf.OrderValidatorTest" time="0">
    <system-err><![CDATA[
 -- Order info 
OrderValidationCode: RESTAURANT_CLOSED
OrderStatus: INVALID
OrderNo: 75EF1331
Order Contents: [Pizza[name=Yucky Pizza, priceInPence=2000]]
PriceTotalInPence: 2100
 -- Credit card info 
CreditCardNumber: 0000000000000000
CCV: 222
ExpiryDate: 01/25
]]></system-err>
  </testcase>
  <testcase name="testOrderRestaurantClosed" classname="uk.ac.ed.inf.OrderValidatorTest" time="0">
    <system-err><![CDATA[
 -- Order info 
OrderValidationCode: RESTAURANT_CLOSED
OrderStatus: INVALID
OrderNo: 046BE6BE
Order Contents: [Pizza[name=Yucky Pizza, priceInPence=2000]]
PriceTotalInPence: 2100
 -- Credit card info 
CreditCardNumber: 0000000000000000
CCV: 222
ExpiryDate: 05/26
]]></system-err>
  </testcase>
  <testcase name="testOrderRestaurantClosed" classname="uk.ac.ed.inf.OrderValidatorTest" time="0">
    <system-err><![CDATA[
 -- Order info 
OrderValidationCode: RESTAURANT_CLOSED
OrderStatus: INVALID
OrderNo: 3E54C0E3
Order Contents: [Pizza[name=Yucky Pizza, priceInPence=2000]]
PriceTotalInPence: 2100
 -- Credit card info 
CreditCardNumber: 0000000000000000
CCV: 222
ExpiryDate: 11/26
]]></system-err>
  </testcase>
  <testcase name="testOrderRestaurantClosed" classname="uk.ac.ed.inf.OrderValidatorTest" time="0">
    <system-err><![CDATA[
 -- Order info 
OrderValidationCode: RESTAURANT_CLOSED
OrderStatus: INVALID
OrderNo: 575AC773
Order Contents: [Pizza[name=Yucky Pizza, priceInPence=2000]]
PriceTotalInPence: 2100
 -- Credit card info 
CreditCardNumber: 0000000000000000
CCV: 222
ExpiryDate: 06/27
]]></system-err>
  </testcase>
  <testcase name="testOrderRestaurantClosed" classname="uk.ac.ed.inf.OrderValidatorTest" time="0">
    <system-err><![CDATA[
 -- Order info 
OrderValidationCode: RESTAURANT_CLOSED
OrderStatus: INVALID
OrderNo: 674DE7C5
Order Contents: [Pizza[name=Yucky Pizza, priceInPence=2000]]
PriceTotalInPence: 2100
 -- Credit card info 
CreditCardNumber: 0000000000000000
CCV: 222
ExpiryDate: 02/26
]]></system-err>
  </testcase>
  <testcase name="testOrderRestaurantClosed" classname="uk.ac.ed.inf.OrderValidatorTest" time="0">
    <system-err><![CDATA[
 -- Order info 
OrderValidationCode: RESTAURANT_CLOSED
OrderStatus: INVALID
OrderNo: 2AEEC7CD
Order Contents: [Pizza[name=Yucky Pizza, priceInPence=2000]]
PriceTotalInPence: 2100
 -- Credit card info 
CreditCardNumber: 0000000000000000
CCV: 222
ExpiryDate: 04/29
]]></system-err>
  </testcase>
  <testcase name="testOrderRestaurantClosed" classname="uk.ac.ed.inf.OrderValidatorTest" time="0">
    <system-err><![CDATA[
 -- Order info 
OrderValidationCode: RESTAURANT_CLOSED
OrderStatus: INVALID
OrderNo: 4B0E5BBB
Order Contents: [Pizza[name=Yucky Pizza, priceInPence=2000]]
PriceTotalInPence: 2100
 -- Credit card info 
CreditCardNumber: 0000000000000000
CCV: 222
ExpiryDate: 06/28
]]></system-err>
  </testcase>
  <testcase name="testOrderRestaurantClosed" classname="uk.ac.ed.inf.OrderValidatorTest" time="0">
    <system-err><![CDATA[
 -- Order info 
OrderValidationCode: RESTAURANT_CLOSED
OrderStatus: INVALID
OrderNo: 0C9A7240
Order Contents: [Pizza[name=Yucky Pizza, priceInPence=2000]]
PriceTotalInPence: 2100
 -- Credit card info 
CreditCardNumber: 0000000000000000
CCV: 222
ExpiryDate: 05/27
]]></system-err>
  </testcase>
  <testcase name="testOrderRestaurantClosed" classname="uk.ac.ed.inf.OrderValidatorTest" time="0">
    <system-err><![CDATA[
 -- Order info 
OrderValidationCode: RESTAURANT_CLOSED
OrderStatus: INVALID
OrderNo: 0AF46C9A
Order Contents: [Pizza[name=Yucky Pizza, priceInPence=2000]]
PriceTotalInPence: 2100
 -- Credit card info 
CreditCardNumber: 0000000000000000
CCV: 222
ExpiryDate: 06/26
]]></system-err>
  </testcase>
  <testcase name="testOrderRestaurantClosed" classname="uk.ac.ed.inf.OrderValidatorTest" time="0">
    <system-err><![CDATA[
 -- Order info 
OrderValidationCode: RESTAURANT_CLOSED
OrderStatus: INVALID
OrderNo: 65E4618B
Order Contents: [Pizza[name=Yucky Pizza, priceInPence=2000]]
PriceTotalInPence: 2100
 -- Credit card info 
CreditCardNumber: 0000000000000000
CCV: 222
ExpiryDate: 08/27
]]></system-err>
  </testcase>
  <testcase name="testOrderRestaurantClosed" classname="uk.ac.ed.inf.OrderValidatorTest" time="0">
    <system-err><![CDATA[
 -- Order info 
OrderValidationCode: RESTAURANT_CLOSED
OrderStatus: INVALID
OrderNo: 2AF8A36C
Order Contents: [Pizza[name=Yucky Pizza, priceInPence=2000]]
PriceTotalInPence: 2100
 -- Credit card info 
CreditCardNumber: 0000000000000000
CCV: 222
ExpiryDate: 03/26
]]></system-err>
  </testcase>
  <testcase name="testOrderRestaurantClosed" classname="uk.ac.ed.inf.OrderValidatorTest" time="0">
    <system-err><![CDATA[
 -- Order info 
OrderValidationCode: RESTAURANT_CLOSED
OrderStatus: INVALID
OrderNo: 14DAF034
Order Contents: [Pizza[name=Yucky Pizza, priceInPence=2000]]
PriceTotalInPence: 2100
 -- Credit card info 
CreditCardNumber: 0000000000000000
CCV: 222
ExpiryDate: 05/24
]]></system-err>
  </testcase>
  <testcase name="testOrderRestaurantClosed" classname="uk.ac.ed.inf.OrderValidatorTest" time="0">
    <system-err><![CDATA[
 -- Order info 
OrderValidationCode: RESTAURANT_CLOSED
OrderStatus: INVALID
OrderNo: 4B07124B
Order Contents: [Pizza[name=Yucky Pizza, priceInPence=2000]]
PriceTotalInPence: 2100
 -- Credit card info 
CreditCardNumber: 0000000000000000
CCV: 222
ExpiryDate: 01/24
]]></system-err>
  </testcase>
  <testcase name="testOrderRestaurantClosed" classname="uk.ac.ed.inf.OrderValidatorTest" time="0">
    <system-err><![CDATA[
 -- Order info 
OrderValidationCode: RESTAURANT_CLOSED
OrderStatus: INVALID
OrderNo: 508B1FBD
Order Contents: [Pizza[name=Yucky Pizza, priceInPence=2000]]
PriceTotalInPence: 2100
 -- Credit card info 
CreditCardNumber: 0000000000000000
CCV: 222
ExpiryDate: 03/26
]]></system-err>
  </testcase>
  <testcase name="testOrderRestaurantClosed" classname="uk.ac.ed.inf.OrderValidatorTest" time="0">
    <system-err><![CDATA[
 -- Order info 
OrderValidationCode: RESTAURANT_CLOSED
OrderStatus: INVALID
OrderNo: 5F6D1C82
Order Contents: [Pizza[name=Yucky Pizza, priceInPence=2000]]
PriceTotalInPence: 2100
 -- Credit card info 
CreditCardNumber: 0000000000000000
CCV: 222
ExpiryDate: 02/29
]]></system-err>
  </testcase>
  <testcase name="testOrderRestaurantClosed" classname="uk.ac.ed.inf.OrderValidatorTest" time="0">
    <system-err><![CDATA[
 -- Order info 
OrderValidationCode: RESTAURANT_CLOSED
OrderStatus: INVALID
OrderNo: 1CBE7B7A
Order Contents: [Pizza[name=Yucky Pizza, priceInPence=2000]]
PriceTotalInPence: 2100
 -- Credit card info 
CreditCardNumber: 0000000000000000
CCV: 222
ExpiryDate: 01/26
]]></system-err>
  </testcase>
  <testcase name="testOrderRestaurantClosed" classname="uk.ac.ed.inf.OrderValidatorTest" time="0">
    <system-err><![CDATA[
 -- Order info 
OrderValidationCode: RESTAURANT_CLOSED
OrderStatus: INVALID
OrderNo: 5FBE7601
Order Contents: [Pizza[name=Yucky Pizza, priceInPence=2000]]
PriceTotalInPence: 2100
 -- Credit card info 
CreditCardNumber: 0000000000000000
CCV: 222
ExpiryDate: 03/24
]]></system-err>
  </testcase>
  <testcase name="testOrderRestaurantClosed" classname="uk.ac.ed.inf.OrderValidatorTest" time="0">
    <system-err><![CDATA[
 -- Order info 
OrderValidationCode: RESTAURANT_CLOSED
OrderStatus: INVALID
OrderNo: 5F7ECB3C
Order Contents: [Pizza[name=Yucky Pizza, priceInPence=2000]]
PriceTotalInPence: 2100
 -- Credit card info 
CreditCardNumber: 0000000000000000
CCV: 222
ExpiryDate: 05/24
]]></system-err>
  </testcase>
  <testcase name="testOrderRestaurantClosed" classname="uk.ac.ed.inf.OrderValidatorTest" time="0">
    <system-err><![CDATA[
 -- Order info 
OrderValidationCode: RESTAURANT_CLOSED
OrderStatus: INVALID
OrderNo: 76A763F2
Order Contents: [Pizza[name=Yucky Pizza, priceInPence=2000]]
PriceTotalInPence: 2100
 -- Credit card info 
CreditCardNumber: 0000000000000000
CCV: 222
ExpiryDate: 07/27
]]></system-err>
  </testcase>
  <testcase name="testOrderRestaurantClosed" classname="uk.ac.ed.inf.OrderValidatorTest" time="0">
    <system-err><![CDATA[
 -- Order info 
OrderValidationCode: RESTAURANT_CLOSED
OrderStatus: INVALID
OrderNo: 2D78E66B
Order Contents: [Pizza[name=Yucky Pizza, priceInPence=2000]]
PriceTotalInPence: 2100
 -- Credit card info 
CreditCardNumber: 0000000000000000
CCV: 222
ExpiryDate: 09/25
]]></system-err>
  </testcase>
  <testcase name="testOrderRestaurantClosed" classname="uk.ac.ed.inf.OrderValidatorTest" time="0">
    <system-err><![CDATA[
 -- Order info 
OrderValidationCode: RESTAURANT_CLOSED
OrderStatus: INVALID
OrderNo: 34608811
Order Contents: [Pizza[name=Yucky Pizza, priceInPence=2000]]
PriceTotalInPence: 2100
 -- Credit card info 
CreditCardNumber: 0000000000000000
CCV: 222
ExpiryDate: 02/29
]]></system-err>
  </testcase>
  <testcase name="testOrderRestaurantClosed" classname="uk.ac.ed.inf.OrderValidatorTest" time="0">
    <system-err><![CDATA[
 -- Order info 
OrderValidationCode: RESTAURANT_CLOSED
OrderStatus: INVALID
OrderNo: 091737D7
Order Contents: [Pizza[name=Yucky Pizza, priceInPence=2000]]
PriceTotalInPence: 2100
 -- Credit card info 
CreditCardNumber: 0000000000000000
CCV: 222
ExpiryDate: 01/24
]]></system-err>
  </testcase>
  <testcase name="testOrderRestaurantClosed" classname="uk.ac.ed.inf.OrderValidatorTest" time="0">
    <system-err><![CDATA[
 -- Order info 
OrderValidationCode: RESTAURANT_CLOSED
OrderStatus: INVALID
OrderNo: 20317C10
Order Contents: [Pizza[name=Yucky Pizza, priceInPence=2000]]
PriceTotalInPence: 2100
 -- Credit card info 
CreditCardNumber: 0000000000000000
CCV: 222
ExpiryDate: 08/27
]]></system-err>
  </testcase>
  <testcase name="testOrderRestaurantClosed" classname="uk.ac.ed.inf.OrderValidatorTest" time="0">
    <system-err><![CDATA[
 -- Order info 
OrderValidationCode: RESTAURANT_CLOSED
OrderStatus: INVALID
OrderNo: 1C37F1FA
Order Contents: [Pizza[name=Yucky Pizza, priceInPence=2000]]
PriceTotalInPence: 2100
 -- Credit card info 
CreditCardNumber: 0000000000000000
CCV: 222
ExpiryDate: 09/29
]]></system-err>
  </testcase>
  <testcase name="testOrderRestaurantClosed" classname="uk.ac.ed.inf.OrderValidatorTest" time="0">
    <system-err><![CDATA[
 -- Order info 
OrderValidationCode: RESTAURANT_CLOSED
OrderStatus: INVALID
OrderNo: 445D1E04
Order Contents: [Pizza[name=Yucky Pizza, priceInPence=2000]]
PriceTotalInPence: 2100
 -- Credit card info 
CreditCardNumber: 0000000000000000
CCV: 222
ExpiryDate: 11/27
]]></system-err>
  </testcase>
  <testcase name="testOrderRestaurantClosed" classname="uk.ac.ed.inf.OrderValidatorTest" time="0">
    <system-err><![CDATA[
 -- Order info 
OrderValidationCode: RESTAURANT_CLOSED
OrderStatus: INVALID
OrderNo: 47030F8E
Order Contents: [Pizza[name=Yucky Pizza, priceInPence=2000]]
PriceTotalInPence: 2100
 -- Credit card info 
CreditCardNumber: 0000000000000000
CCV: 222
ExpiryDate: 01/26
]]></system-err>
  </testcase>
  <testcase name="testOrderRestaurantClosed" classname="uk.ac.ed.inf.OrderValidatorTest" time="0">
    <system-err><![CDATA[
 -- Order info 
OrderValidationCode: RESTAURANT_CLOSED
OrderStatus: INVALID
OrderNo: 0B41DC8D
Order Contents: [Pizza[name=Yucky Pizza, priceInPence=2000]]
PriceTotalInPence: 2100
 -- Credit card info 
CreditCardNumber: 0000000000000000
CCV: 222
ExpiryDate: 05/24
]]></system-err>
  </testcase>
  <testcase name="testOrderRestaurantClosed" classname="uk.ac.ed.inf.OrderValidatorTest" time="0">
    <system-err><![CDATA[
 -- Order info 
OrderValidationCode: RESTAURANT_CLOSED
OrderStatus: INVALID
OrderNo: 7746FBB8
Order Contents: [Pizza[name=Yucky Pizza, priceInPence=2000]]
PriceTotalInPence: 2100
 -- Credit card info 
CreditCardNumber: 0000000000000000
CCV: 222
ExpiryDate: 08/26
]]></system-err>
  </testcase>
  <testcase name="testOrderRestaurantClosed" classname="uk.ac.ed.inf.OrderValidatorTest" time="0">
    <system-err><![CDATA[
 -- Order info 
OrderValidationCode: RESTAURANT_CLOSED
OrderStatus: INVALID
OrderNo: 0EA155C4
Order Contents: [Pizza[name=Yucky Pizza, priceInPence=2000]]
PriceTotalInPence: 2100
 -- Credit card info 
CreditCardNumber: 0000000000000000
CCV: 222
ExpiryDate: 04/27
]]></system-err>
  </testcase>
  <testcase name="testOrderRestaurantClosed" classname="uk.ac.ed.inf.OrderValidatorTest" time="0">
    <system-err><![CDATA[
 -- Order info 
OrderValidationCode: RESTAURANT_CLOSED
OrderStatus: INVALID
OrderNo: 03D26767
Order Contents: [Pizza[name=Yucky Pizza, priceInPence=2000]]
PriceTotalInPence: 2100
 -- Credit card info 
CreditCardNumber: 0000000000000000
CCV: 222
ExpiryDate: 03/26
]]></system-err>
  </testcase>
  <testcase name="testOrderRestaurantClosed" classname="uk.ac.ed.inf.OrderValidatorTest" time="0">
    <system-err><![CDATA[
 -- Order info 
OrderValidationCode: RESTAURANT_CLOSED
OrderStatus: INVALID
OrderNo: 47A0CCC9
Order Contents: [Pizza[name=Yucky Pizza, priceInPence=2000]]
PriceTotalInPence: 2100
 -- Credit card info 
CreditCardNumber: 0000000000000000
CCV: 222
ExpiryDate: 11/29
]]></system-err>
  </testcase>
  <testcase name="testOrderRestaurantClosed" classname="uk.ac.ed.inf.OrderValidatorTest" time="0">
    <system-err><![CDATA[
 -- Order info 
OrderValidationCode: RESTAURANT_CLOSED
OrderStatus: INVALID
OrderNo: 0130EC35
Order Contents: [Pizza[name=Yucky Pizza, priceInPence=2000]]
PriceTotalInPence: 2100
 -- Credit card info 
CreditCardNumber: 0000000000000000
CCV: 222
ExpiryDate: 07/25
]]></system-err>
  </testcase>
  <testcase name="testOrderRestaurantClosed" classname="uk.ac.ed.inf.OrderValidatorTest" time="0">
    <system-err><![CDATA[
 -- Order info 
OrderValidationCode: RESTAURANT_CLOSED
OrderStatus: INVALID
OrderNo: 0F0E4154
Order Contents: [Pizza[name=Yucky Pizza, priceInPence=2000]]
PriceTotalInPence: 2100
 -- Credit card info 
CreditCardNumber: 0000000000000000
CCV: 222
ExpiryDate: 07/25
]]></system-err>
  </testcase>
  <testcase name="testOrderRestaurantClosed" classname="uk.ac.ed.inf.OrderValidatorTest" time="0">
    <system-err><![CDATA[
 -- Order info 
OrderValidationCode: RESTAURANT_CLOSED
OrderStatus: INVALID
OrderNo: 2135E692
Order Contents: [Pizza[name=Yucky Pizza, priceInPence=2000]]
PriceTotalInPence: 2100
 -- Credit card info 
CreditCardNumber: 0000000000000000
CCV: 222
ExpiryDate: 03/25
]]></system-err>
  </testcase>
  <testcase name="testOrderRestaurantClosed" classname="uk.ac.ed.inf.OrderValidatorTest" time="0">
    <system-err><![CDATA[
 -- Order info 
OrderValidationCode: RESTAURANT_CLOSED
OrderStatus: INVALID
OrderNo: 4FAC695A
Order Contents: [Pizza[name=Yucky Pizza, priceInPence=2000]]
PriceTotalInPence: 2100
 -- Credit card info 
CreditCardNumber: 0000000000000000
CCV: 222
ExpiryDate: 07/29
]]></system-err>
  </testcase>
  <testcase name="testOrderRestaurantClosed" classname="uk.ac.ed.inf.OrderValidatorTest" time="0">
    <system-err><![CDATA[
 -- Order info 
OrderValidationCode: RESTAURANT_CLOSED
OrderStatus: INVALID
OrderNo: 5268110E
Order Contents: [Pizza[name=Yucky Pizza, priceInPence=2000]]
PriceTotalInPence: 2100
 -- Credit card info 
CreditCardNumber: 0000000000000000
CCV: 222
ExpiryDate: 03/28
]]></system-err>
  </testcase>
  <testcase name="testOrderRestaurantClosed" classname="uk.ac.ed.inf.OrderValidatorTest" time="0">
    <system-err><![CDATA[
 -- Order info 
OrderValidationCode: RESTAURANT_CLOSED
OrderStatus: INVALID
OrderNo: 7B410FF7
Order Contents: [Pizza[name=Yucky Pizza, priceInPence=2000]]
PriceTotalInPence: 2100
 -- Credit card info 
CreditCardNumber: 0000000000000000
CCV: 222
ExpiryDate: 09/25
]]></system-err>
  </testcase>
  <testcase name="testOrderRestaurantClosed" classname="uk.ac.ed.inf.OrderValidatorTest" time="0">
    <system-err><![CDATA[
 -- Order info 
OrderValidationCode: RESTAURANT_CLOSED
OrderStatus: INVALID
OrderNo: 5CA2F665
Order Contents: [Pizza[name=Yucky Pizza, priceInPence=2000]]
PriceTotalInPence: 2100
 -- Credit card info 
CreditCardNumber: 0000000000000000
CCV: 222
ExpiryDate: 06/25
]]></system-err>
  </testcase>
  <testcase name="testOrderRestaurantClosed" classname="uk.ac.ed.inf.OrderValidatorTest" time="0">
    <system-err><![CDATA[
 -- Order info 
OrderValidationCode: RESTAURANT_CLOSED
OrderStatus: INVALID
OrderNo: 7B199CAB
Order Contents: [Pizza[name=Yucky Pizza, priceInPence=2000]]
PriceTotalInPence: 2100
 -- Credit card info 
CreditCardNumber: 0000000000000000
CCV: 222
ExpiryDate: 01/24
]]></system-err>
  </testcase>
  <testcase name="testOrderRestaurantClosed" classname="uk.ac.ed.inf.OrderValidatorTest" time="0">
    <system-err><![CDATA[
 -- Order info 
OrderValidationCode: RESTAURANT_CLOSED
OrderStatus: INVALID
OrderNo: 234B7CC5
Order Contents: [Pizza[name=Yucky Pizza, priceInPence=2000]]
PriceTotalInPence: 2100
 -- Credit card info 
CreditCardNumber: 0000000000000000
CCV: 222
ExpiryDate: 01/24
]]></system-err>
  </testcase>
  <testcase name="testOrderRestaurantClosed" classname="uk.ac.ed.inf.OrderValidatorTest" time="0">
    <system-err><![CDATA[
 -- Order info 
OrderValidationCode: RESTAURANT_CLOSED
OrderStatus: INVALID
OrderNo: 6DD8A777
Order Contents: [Pizza[name=Yucky Pizza, priceInPence=2000]]
PriceTotalInPence: 2100
 -- Credit card info 
CreditCardNumber: 0000000000000000
CCV: 222
ExpiryDate: 01/28
]]></system-err>
  </testcase>
  <testcase name="testOrderRestaurantClosed" classname="uk.ac.ed.inf.OrderValidatorTest" time="0">
    <system-err><![CDATA[
 -- Order info 
OrderValidationCode: RESTAURANT_CLOSED
OrderStatus: INVALID
OrderNo: 00A7EFEB
Order Contents: [Pizza[name=Yucky Pizza, priceInPence=2000]]
PriceTotalInPence: 2100
 -- Credit card info 
CreditCardNumber: 0000000000000000
CCV: 222
ExpiryDate: 02/27
]]></system-err>
  </testcase>
  <testcase name="testOrderRestaurantClosed" classname="uk.ac.ed.inf.OrderValidatorTest" time="0">
    <system-err><![CDATA[
 -- Order info 
OrderValidationCode: RESTAURANT_CLOSED
OrderStatus: INVALID
OrderNo: 79073D16
Order Contents: [Pizza[name=Yucky Pizza, priceInPence=2000]]
PriceTotalInPence: 2100
 -- Credit card info 
CreditCardNumber: 0000000000000000
CCV: 222
ExpiryDate: 10/28
]]></system-err>
  </testcase>
  <testcase name="testOrderRestaurantClosed" classname="uk.ac.ed.inf.OrderValidatorTest" time="0">
    <system-err><![CDATA[
 -- Order info 
OrderValidationCode: RESTAURANT_CLOSED
OrderStatus: INVALID
OrderNo: 3E309BB2
Order Contents: [Pizza[name=Yucky Pizza, priceInPence=2000]]
PriceTotalInPence: 2100
 -- Credit card info 
CreditCardNumber: 0000000000000000
CCV: 222
ExpiryDate: 08/28
]]></system-err>
  </testcase>
  <testcase name="testOrderRestaurantClosed" classname="uk.ac.ed.inf.OrderValidatorTest" time="0">
    <system-err><![CDATA[
 -- Order info 
OrderValidationCode: RESTAURANT_CLOSED
OrderStatus: INVALID
OrderNo: 6CDEAC89
Order Contents: [Pizza[name=Yucky Pizza, priceInPence=2000]]
PriceTotalInPence: 2100
 -- Credit card info 
CreditCardNumber: 0000000000000000
CCV: 222
ExpiryDate: 06/27
]]></system-err>
  </testcase>
  <testcase name="testOrderRestaurantClosed" classname="uk.ac.ed.inf.OrderValidatorTest" time="0">
    <system-err><![CDATA[
 -- Order info 
OrderValidationCode: RESTAURANT_CLOSED
OrderStatus: INVALID
OrderNo: 17B4DB90
Order Contents: [Pizza[name=Yucky Pizza, priceInPence=2000]]
PriceTotalInPence: 2100
 -- Credit card info 
CreditCardNumber: 0000000000000000
CCV: 222
ExpiryDate: 03/27
]]></system-err>
  </testcase>
  <testcase name="testOrderRestaurantClosed" classname="uk.ac.ed.inf.OrderValidatorTest" time="0">
    <system-err><![CDATA[
 -- Order info 
OrderValidationCode: RESTAURANT_CLOSED
OrderStatus: INVALID
OrderNo: 75663316
Order Contents: [Pizza[name=Yucky Pizza, priceInPence=2000]]
PriceTotalInPence: 2100
 -- Credit card info 
CreditCardNumber: 0000000000000000
CCV: 222
ExpiryDate: 09/29
]]></system-err>
  </testcase>
  <testcase name="testOrderRestaurantClosed" classname="uk.ac.ed.inf.OrderValidatorTest" time="0">
    <system-err><![CDATA[
 -- Order info 
OrderValidationCode: RESTAURANT_CLOSED
OrderStatus: INVALID
OrderNo: 6E1276FD
Order Contents: [Pizza[name=Yucky Pizza, priceInPence=2000]]
PriceTotalInPence: 2100
 -- Credit card info 
CreditCardNumber: 0000000000000000
CCV: 222
ExpiryDate: 06/27
]]></system-err>
  </testcase>
  <testcase name="testOrderRestaurantClosed" classname="uk.ac.ed.inf.OrderValidatorTest" time="0">
    <system-err><![CDATA[
 -- Order info 
OrderValidationCode: RESTAURANT_CLOSED
OrderStatus: INVALID
OrderNo: 3E00B7DF
Order Contents: [Pizza[name=Yucky Pizza, priceInPence=2000]]
PriceTotalInPence: 2100
 -- Credit card info 
CreditCardNumber: 0000000000000000
CCV: 222
ExpiryDate: 06/29
]]></system-err>
  </testcase>
  <testcase name="testOrderRestaurantClosed" classname="uk.ac.ed.inf.OrderValidatorTest" time="0">
    <system-err><![CDATA[
 -- Order info 
OrderValidationCode: RESTAURANT_CLOSED
OrderStatus: INVALID
OrderNo: 6925A03C
Order Contents: [Pizza[name=Yucky Pizza, priceInPence=2000]]
PriceTotalInPence: 2100
 -- Credit card info 
CreditCardNumber: 0000000000000000
CCV: 222
ExpiryDate: 09/24
]]></system-err>
  </testcase>
  <testcase name="testOrderRestaurantClosed" classname="uk.ac.ed.inf.OrderValidatorTest" time="0">
    <system-err><![CDATA[
 -- Order info 
OrderValidationCode: RESTAURANT_CLOSED
OrderStatus: INVALID
OrderNo: 10150782
Order Contents: [Pizza[name=Yucky Pizza, priceInPence=2000]]
PriceTotalInPence: 2100
 -- Credit card info 
CreditCardNumber: 0000000000000000
CCV: 222
ExpiryDate: 01/24
]]></system-err>
  </testcase>
  <testcase name="testOrderRestaurantClosed" classname="uk.ac.ed.inf.OrderValidatorTest" time="0">
    <system-err><![CDATA[
 -- Order info 
OrderValidationCode: RESTAURANT_CLOSED
OrderStatus: INVALID
OrderNo: 2BEE2CE5
Order Contents: [Pizza[name=Yucky Pizza, priceInPence=2000]]
PriceTotalInPence: 2100
 -- Credit card info 
CreditCardNumber: 0000000000000000
CCV: 222
ExpiryDate: 01/29
]]></system-err>
  </testcase>
  <testcase name="testOrderRestaurantClosed" classname="uk.ac.ed.inf.OrderValidatorTest" time="0">
    <system-err><![CDATA[
 -- Order info 
OrderValidationCode: RESTAURANT_CLOSED
OrderStatus: INVALID
OrderNo: 3B7C138B
Order Contents: [Pizza[name=Yucky Pizza, priceInPence=2000]]
PriceTotalInPence: 2100
 -- Credit card info 
CreditCardNumber: 0000000000000000
CCV: 222
ExpiryDate: 08/27
]]></system-err>
  </testcase>
  <testcase name="testOrderRestaurantClosed" classname="uk.ac.ed.inf.OrderValidatorTest" time="0">
    <system-err><![CDATA[
 -- Order info 
OrderValidationCode: RESTAURANT_CLOSED
OrderStatus: INVALID
OrderNo: 7C45F801
Order Contents: [Pizza[name=Yucky Pizza, priceInPence=2000]]
PriceTotalInPence: 2100
 -- Credit card info 
CreditCardNumber: 0000000000000000
CCV: 222
ExpiryDate: 07/24
]]></system-err>
  </testcase>
  <testcase name="testOrderRestaurantClosed" classname="uk.ac.ed.inf.OrderValidatorTest" time="0">
    <system-err><![CDATA[
 -- Order info 
OrderValidationCode: RESTAURANT_CLOSED
OrderStatus: INVALID
OrderNo: 33A42CF8
Order Contents: [Pizza[name=Yucky Pizza, priceInPence=2000]]
PriceTotalInPence: 2100
 -- Credit card info 
CreditCardNumber: 0000000000000000
CCV: 222
ExpiryDate: 07/29
]]></system-err>
  </testcase>
  <testcase name="testOrderRestaurantClosed" classname="uk.ac.ed.inf.OrderValidatorTest" time="0">
    <system-err><![CDATA[
 -- Order info 
OrderValidationCode: RESTAURANT_CLOSED
OrderStatus: INVALID
OrderNo: 3A0771FF
Order Contents: [Pizza[name=Yucky Pizza, priceInPence=2000]]
PriceTotalInPence: 2100
 -- Credit card info 
CreditCardNumber: 0000000000000000
CCV: 222
ExpiryDate: 03/26
]]></system-err>
  </testcase>
  <testcase name="testOrderRestaurantClosed" classname="uk.ac.ed.inf.OrderValidatorTest" time="0">
    <system-err><![CDATA[
 -- Order info 
OrderValidationCode: RESTAURANT_CLOSED
OrderStatus: INVALID
OrderNo: 23AC118B
Order Contents: [Pizza[name=Yucky Pizza, priceInPence=2000]]
PriceTotalInPence: 2100
 -- Credit card info 
CreditCardNumber: 0000000000000000
CCV: 222
ExpiryDate: 04/29
]]></system-err>
  </testcase>
  <testcase name="testOrderRestaurantClosed" classname="uk.ac.ed.inf.OrderValidatorTest" time="0">
    <system-err><![CDATA[
 -- Order info 
OrderValidationCode: RESTAURANT_CLOSED
OrderStatus: INVALID
OrderNo: 4179F9BE
Order Contents: [Pizza[name=Yucky Pizza, priceInPence=2000]]
PriceTotalInPence: 2100
 -- Credit card info 
CreditCardNumber: 0000000000000000
CCV: 222
ExpiryDate: 09/28
]]></system-err>
  </testcase>
  <testcase name="testOrderRestaurantClosed" classname="uk.ac.ed.inf.OrderValidatorTest" time="0">
    <system-err><![CDATA[
 -- Order info 
OrderValidationCode: RESTAURANT_CLOSED
OrderStatus: INVALID
OrderNo: 418A5839
Order Contents: [Pizza[name=Yucky Pizza, priceInPence=2000]]
PriceTotalInPence: 2100
 -- Credit card info 
CreditCardNumber: 0000000000000000
CCV: 222
ExpiryDate: 03/28
]]></system-err>
  </testcase>
  <testcase name="testOrderRestaurantClosed" classname="uk.ac.ed.inf.OrderValidatorTest" time="0">
    <system-err><![CDATA[
 -- Order info 
OrderValidationCode: RESTAURANT_CLOSED
OrderStatus: INVALID
OrderNo: 5B31DED7
Order Contents: [Pizza[name=Yucky Pizza, priceInPence=2000]]
PriceTotalInPence: 2100
 -- Credit card info 
CreditCardNumber: 0000000000000000
CCV: 222
ExpiryDate: 05/28
]]></system-err>
  </testcase>
  <testcase name="testOrderRestaurantClosed" classname="uk.ac.ed.inf.OrderValidatorTest" time="0">
    <system-err><![CDATA[
 -- Order info 
OrderValidationCode: RESTAURANT_CLOSED
OrderStatus: INVALID
OrderNo: 1F5C20AA
Order Contents: [Pizza[name=Yucky Pizza, priceInPence=2000]]
PriceTotalInPence: 2100
 -- Credit card info 
CreditCardNumber: 0000000000000000
CCV: 222
ExpiryDate: 06/24
]]></system-err>
  </testcase>
  <testcase name="testOrderRestaurantClosed" classname="uk.ac.ed.inf.OrderValidatorTest" time="0">
    <system-err><![CDATA[
 -- Order info 
OrderValidationCode: RESTAURANT_CLOSED
OrderStatus: INVALID
OrderNo: 4BEED24A
Order Contents: [Pizza[name=Yucky Pizza, priceInPence=2000]]
PriceTotalInPence: 2100
 -- Credit card info 
CreditCardNumber: 0000000000000000
CCV: 222
ExpiryDate: 07/27
]]></system-err>
  </testcase>
  <testcase name="testOrderRestaurantClosed" classname="uk.ac.ed.inf.OrderValidatorTest" time="0">
    <system-err><![CDATA[
 -- Order info 
OrderValidationCode: RESTAURANT_CLOSED
OrderStatus: INVALID
OrderNo: 4018E1D8
Order Contents: [Pizza[name=Yucky Pizza, priceInPence=2000]]
PriceTotalInPence: 2100
 -- Credit card info 
CreditCardNumber: 0000000000000000
CCV: 222
ExpiryDate: 11/29
]]></system-err>
  </testcase>
  <testcase name="testOrderRestaurantClosed" classname="uk.ac.ed.inf.OrderValidatorTest" time="0">
    <system-err><![CDATA[
 -- Order info 
OrderValidationCode: RESTAURANT_CLOSED
OrderStatus: INVALID
OrderNo: 69D72B27
Order Contents: [Pizza[name=Yucky Pizza, priceInPence=2000]]
PriceTotalInPence: 2100
 -- Credit card info 
CreditCardNumber: 0000000000000000
CCV: 222
ExpiryDate: 11/24
]]></system-err>
  </testcase>
  <testcase name="testOrderRestaurantClosed" classname="uk.ac.ed.inf.OrderValidatorTest" time="0">
    <system-err><![CDATA[
 -- Order info 
OrderValidationCode: RESTAURANT_CLOSED
OrderStatus: INVALID
OrderNo: 760421C7
Order Contents: [Pizza[name=Yucky Pizza, priceInPence=2000]]
PriceTotalInPence: 2100
 -- Credit card info 
CreditCardNumber: 0000000000000000
CCV: 222
ExpiryDate: 08/29
]]></system-err>
  </testcase>
  <testcase name="testOrderRestaurantClosed" classname="uk.ac.ed.inf.OrderValidatorTest" time="0">
    <system-err><![CDATA[
 -- Order info 
OrderValidationCode: RESTAURANT_CLOSED
OrderStatus: INVALID
OrderNo: 3D2EA3EF
Order Contents: [Pizza[name=Yucky Pizza, priceInPence=2000]]
PriceTotalInPence: 2100
 -- Credit card info 
CreditCardNumber: 0000000000000000
CCV: 222
ExpiryDate: 03/29
]]></system-err>
  </testcase>
  <testcase name="testOrderRestaurantClosed" classname="uk.ac.ed.inf.OrderValidatorTest" time="0">
    <system-err><![CDATA[
 -- Order info 
OrderValidationCode: RESTAURANT_CLOSED
OrderStatus: INVALID
OrderNo: 72EE37D1
Order Contents: [Pizza[name=Yucky Pizza, priceInPence=2000]]
PriceTotalInPence: 2100
 -- Credit card info 
CreditCardNumber: 0000000000000000
CCV: 222
ExpiryDate: 04/29
]]></system-err>
  </testcase>
  <testcase name="testOrderRestaurantClosed" classname="uk.ac.ed.inf.OrderValidatorTest" time="0">
    <system-err><![CDATA[
 -- Order info 
OrderValidationCode: RESTAURANT_CLOSED
OrderStatus: INVALID
OrderNo: 4A1325BD
Order Contents: [Pizza[name=Yucky Pizza, priceInPence=2000]]
PriceTotalInPence: 2100
 -- Credit card info 
CreditCardNumber: 0000000000000000
CCV: 222
ExpiryDate: 09/24
]]></system-err>
  </testcase>
  <testcase name="testOrderRestaurantClosed" classname="uk.ac.ed.inf.OrderValidatorTest" time="0">
    <system-err><![CDATA[
 -- Order info 
OrderValidationCode: RESTAURANT_CLOSED
OrderStatus: INVALID
OrderNo: 62F479AE
Order Contents: [Pizza[name=Yucky Pizza, priceInPence=2000]]
PriceTotalInPence: 2100
 -- Credit card info 
CreditCardNumber: 0000000000000000
CCV: 222
ExpiryDate: 06/28
]]></system-err>
  </testcase>
  <testcase name="testOrderRestaurantClosed" classname="uk.ac.ed.inf.OrderValidatorTest" time="0">
    <system-err><![CDATA[
 -- Order info 
OrderValidationCode: RESTAURANT_CLOSED
OrderStatus: INVALID
OrderNo: 73BE3ABF
Order Contents: [Pizza[name=Yucky Pizza, priceInPence=2000]]
PriceTotalInPence: 2100
 -- Credit card info 
CreditCardNumber: 0000000000000000
CCV: 222
ExpiryDate: 04/26
]]></system-err>
  </testcase>
  <testcase name="testOrderRestaurantClosed" classname="uk.ac.ed.inf.OrderValidatorTest" time="0">
    <system-err><![CDATA[
 -- Order info 
OrderValidationCode: RESTAURANT_CLOSED
OrderStatus: INVALID
OrderNo: 1F83E3AA
Order Contents: [Pizza[name=Yucky Pizza, priceInPence=2000]]
PriceTotalInPence: 2100
 -- Credit card info 
CreditCardNumber: 0000000000000000
CCV: 222
ExpiryDate: 01/28
]]></system-err>
  </testcase>
  <testcase name="testOrderRestaurantClosed" classname="uk.ac.ed.inf.OrderValidatorTest" time="0">
    <system-err><![CDATA[
 -- Order info 
OrderValidationCode: RESTAURANT_CLOSED
OrderStatus: INVALID
OrderNo: 5E692BD9
Order Contents: [Pizza[name=Yucky Pizza, priceInPence=2000]]
PriceTotalInPence: 2100
 -- Credit card info 
CreditCardNumber: 0000000000000000
CCV: 222
ExpiryDate: 11/26
]]></system-err>
  </testcase>
  <testcase name="testOrderRestaurantClosed" classname="uk.ac.ed.inf.OrderValidatorTest" time="0">
    <system-err><![CDATA[
 -- Order info 
OrderValidationCode: RESTAURANT_CLOSED
OrderStatus: INVALID
OrderNo: 621CB351
Order Contents: [Pizza[name=Yucky Pizza, priceInPence=2000]]
PriceTotalInPence: 2100
 -- Credit card info 
CreditCardNumber: 0000000000000000
CCV: 222
ExpiryDate: 01/25
]]></system-err>
  </testcase>
  <testcase name="testOrderRestaurantClosed" classname="uk.ac.ed.inf.OrderValidatorTest" time="0">
    <system-err><![CDATA[
 -- Order info 
OrderValidationCode: RESTAURANT_CLOSED
OrderStatus: INVALID
OrderNo: 664B7E34
Order Contents: [Pizza[name=Yucky Pizza, priceInPence=2000]]
PriceTotalInPence: 2100
 -- Credit card info 
CreditCardNumber: 0000000000000000
CCV: 222
ExpiryDate: 04/26
]]></system-err>
  </testcase>
  <testcase name="testOrderRestaurantClosed" classname="uk.ac.ed.inf.OrderValidatorTest" time="0">
    <system-err><![CDATA[
 -- Order info 
OrderValidationCode: RESTAURANT_CLOSED
OrderStatus: INVALID
OrderNo: 6A09AB9D
Order Contents: [Pizza[name=Yucky Pizza, priceInPence=2000]]
PriceTotalInPence: 2100
 -- Credit card info 
CreditCardNumber: 0000000000000000
CCV: 222
ExpiryDate: 08/28
]]></system-err>
  </testcase>
  <testcase name="testOrderRestaurantClosed" classname="uk.ac.ed.inf.OrderValidatorTest" time="0">
    <system-err><![CDATA[
 -- Order info 
OrderValidationCode: RESTAURANT_CLOSED
OrderStatus: INVALID
OrderNo: 6D797868
Order Contents: [Pizza[name=Yucky Pizza, priceInPence=2000]]
PriceTotalInPence: 2100
 -- Credit card info 
CreditCardNumber: 0000000000000000
CCV: 222
ExpiryDate: 10/24
]]></system-err>
  </testcase>
  <testcase name="testOrderRestaurantClosed" classname="uk.ac.ed.inf.OrderValidatorTest" time="0.015">
    <system-err><![CDATA[
 -- Order info 
OrderValidationCode: RESTAURANT_CLOSED
OrderStatus: INVALID
OrderNo: 45680D83
Order Contents: [Pizza[name=Yucky Pizza, priceInPence=2000]]
PriceTotalInPence: 2100
 -- Credit card info 
CreditCardNumber: 0000000000000000
CCV: 222
ExpiryDate: 02/28
]]></system-err>
  </testcase>
  <testcase name="testOrderRestaurantClosed" classname="uk.ac.ed.inf.OrderValidatorTest" time="0">
    <system-err><![CDATA[
 -- Order info 
OrderValidationCode: RESTAURANT_CLOSED
OrderStatus: INVALID
OrderNo: 2CB43DF7
Order Contents: [Pizza[name=Yucky Pizza, priceInPence=2000]]
PriceTotalInPence: 2100
 -- Credit card info 
CreditCardNumber: 0000000000000000
CCV: 222
ExpiryDate: 11/25
]]></system-err>
  </testcase>
  <testcase name="testOrderRestaurantClosed" classname="uk.ac.ed.inf.OrderValidatorTest" time="0">
    <system-err><![CDATA[
 -- Order info 
OrderValidationCode: RESTAURANT_CLOSED
OrderStatus: INVALID
OrderNo: 6F834517
Order Contents: [Pizza[name=Yucky Pizza, priceInPence=2000]]
PriceTotalInPence: 2100
 -- Credit card info 
CreditCardNumber: 0000000000000000
CCV: 222
ExpiryDate: 02/25
]]></system-err>
  </testcase>
  <testcase name="testOrderRestaurantClosed" classname="uk.ac.ed.inf.OrderValidatorTest" time="0">
    <system-err><![CDATA[
 -- Order info 
OrderValidationCode: RESTAURANT_CLOSED
OrderStatus: INVALID
OrderNo: 465F1944
Order Contents: [Pizza[name=Yucky Pizza, priceInPence=2000]]
PriceTotalInPence: 2100
 -- Credit card info 
CreditCardNumber: 0000000000000000
CCV: 222
ExpiryDate: 01/29
]]></system-err>
  </testcase>
  <testcase name="testOrderRestaurantClosed" classname="uk.ac.ed.inf.OrderValidatorTest" time="0">
    <system-err><![CDATA[
 -- Order info 
OrderValidationCode: RESTAURANT_CLOSED
OrderStatus: INVALID
OrderNo: 1A14ED44
Order Contents: [Pizza[name=Yucky Pizza, priceInPence=2000]]
PriceTotalInPence: 2100
 -- Credit card info 
CreditCardNumber: 0000000000000000
CCV: 222
ExpiryDate: 08/25
]]></system-err>
  </testcase>
  <testcase name="testOrderRestaurantClosed" classname="uk.ac.ed.inf.OrderValidatorTest" time="0">
    <system-err><![CDATA[
 -- Order info 
OrderValidationCode: RESTAURANT_CLOSED
OrderStatus: INVALID
OrderNo: 3D96E10B
Order Contents: [Pizza[name=Yucky Pizza, priceInPence=2000]]
PriceTotalInPence: 2100
 -- Credit card info 
CreditCardNumber: 0000000000000000
CCV: 222
ExpiryDate: 02/29
]]></system-err>
  </testcase>
  <testcase name="testOrderRestaurantClosed" classname="uk.ac.ed.inf.OrderValidatorTest" time="0">
    <system-err><![CDATA[
 -- Order info 
OrderValidationCode: RESTAURANT_CLOSED
OrderStatus: INVALID
OrderNo: 7377D5B7
Order Contents: [Pizza[name=Yucky Pizza, priceInPence=2000]]
PriceTotalInPence: 2100
 -- Credit card info 
CreditCardNumber: 0000000000000000
CCV: 222
ExpiryDate: 03/28
]]></system-err>
  </testcase>
  <testcase name="testOrderRestaurantClosed" classname="uk.ac.ed.inf.OrderValidatorTest" time="0">
    <system-err><![CDATA[
 -- Order info 
OrderValidationCode: RESTAURANT_CLOSED
OrderStatus: INVALID
OrderNo: 39B95E64
Order Contents: [Pizza[name=Yucky Pizza, priceInPence=2000]]
PriceTotalInPence: 2100
 -- Credit card info 
CreditCardNumber: 0000000000000000
CCV: 222
ExpiryDate: 05/26
]]></system-err>
  </testcase>
  <testcase name="testCreditCardCExpiryDateValidMonthInFuture" classname="uk.ac.ed.inf.OrderValidatorTest" time="0">
    <system-err><![CDATA[
 -- Order info 
OrderValidationCode: NO_ERROR
OrderStatus: VALID_BUT_NOT_DELIVERED
OrderNo: 213FB2D5
Order Contents: [Pizza[name=Pizza B, priceInPence=2400]]
PriceTotalInPence: 2500
 -- Credit card info 
CreditCardNumber: 0000000000000000
CCV: 222
ExpiryDate: 11/49
]]></system-err>
  </testcase>
  <testcase name="testCreditCardCExpiryDateValidMonthInFuture" classname="uk.ac.ed.inf.OrderValidatorTest" time="0">
    <system-err><![CDATA[
 -- Order info 
OrderValidationCode: NO_ERROR
OrderStatus: VALID_BUT_NOT_DELIVERED
OrderNo: 60A93D51
Order Contents: [Pizza[name=Pizza A, priceInPence=2300]]
PriceTotalInPence: 2400
 -- Credit card info 
CreditCardNumber: 0000000000000000
CCV: 222
ExpiryDate: 07/36
]]></system-err>
  </testcase>
  <testcase name="testCreditCardCExpiryDateValidMonthInFuture" classname="uk.ac.ed.inf.OrderValidatorTest" time="0">
    <system-err><![CDATA[
 -- Order info 
OrderValidationCode: NO_ERROR
OrderStatus: VALID_BUT_NOT_DELIVERED
OrderNo: 15773614
Order Contents: [Pizza[name=Pizza B, priceInPence=2400]]
PriceTotalInPence: 2500
 -- Credit card info 
CreditCardNumber: 0000000000000000
CCV: 222
ExpiryDate: 01/30
]]></system-err>
  </testcase>
  <testcase name="testCreditCardCExpiryDateValidMonthInFuture" classname="uk.ac.ed.inf.OrderValidatorTest" time="0">
    <system-err><![CDATA[
 -- Order info 
OrderValidationCode: NO_ERROR
OrderStatus: VALID_BUT_NOT_DELIVERED
OrderNo: 7386CD79
Order Contents: [Pizza[name=Pizza A, priceInPence=2300]]
PriceTotalInPence: 2400
 -- Credit card info 
CreditCardNumber: 0000000000000000
CCV: 222
ExpiryDate: 07/51
]]></system-err>
  </testcase>
  <testcase name="testCreditCardCExpiryDateValidMonthInFuture" classname="uk.ac.ed.inf.OrderValidatorTest" time="0">
    <system-err><![CDATA[
 -- Order info 
OrderValidationCode: NO_ERROR
OrderStatus: VALID_BUT_NOT_DELIVERED
OrderNo: 7BA5386B
Order Contents: [Pizza[name=Pizza A, priceInPence=2300]]
PriceTotalInPence: 2400
 -- Credit card info 
CreditCardNumber: 0000000000000000
CCV: 222
ExpiryDate: 04/80
]]></system-err>
  </testcase>
  <testcase name="testCreditCardCExpiryDateValidMonthInFuture" classname="uk.ac.ed.inf.OrderValidatorTest" time="0">
    <system-err><![CDATA[
 -- Order info 
OrderValidationCode: NO_ERROR
OrderStatus: VALID_BUT_NOT_DELIVERED
OrderNo: 28D0F99E
Order Contents: [Pizza[name=Pizza C, priceInPence=2500]]
PriceTotalInPence: 2600
 -- Credit card info 
CreditCardNumber: 0000000000000000
CCV: 222
ExpiryDate: 04/91
]]></system-err>
  </testcase>
  <testcase name="testCreditCardCExpiryDateValidMonthInFuture" classname="uk.ac.ed.inf.OrderValidatorTest" time="0">
    <system-err><![CDATA[
 -- Order info 
OrderValidationCode: NO_ERROR
OrderStatus: VALID_BUT_NOT_DELIVERED
OrderNo: 35505965
Order Contents: [Pizza[name=Pizza B, priceInPence=2400]]
PriceTotalInPence: 2500
 -- Credit card info 
CreditCardNumber: 0000000000000000
CCV: 222
ExpiryDate: 12/71
]]></system-err>
  </testcase>
  <testcase name="testCreditCardCExpiryDateValidMonthInFuture" classname="uk.ac.ed.inf.OrderValidatorTest" time="0">
    <system-err><![CDATA[
 -- Order info 
OrderValidationCode: NO_ERROR
OrderStatus: VALID_BUT_NOT_DELIVERED
OrderNo: 4DC8EB34
Order Contents: [Pizza[name=Pizza A, priceInPence=2300]]
PriceTotalInPence: 2400
 -- Credit card info 
CreditCardNumber: 0000000000000000
CCV: 222
ExpiryDate: 03/91
]]></system-err>
  </testcase>
  <testcase name="testCreditCardCExpiryDateValidMonthInFuture" classname="uk.ac.ed.inf.OrderValidatorTest" time="0">
    <system-err><![CDATA[
 -- Order info 
OrderValidationCode: NO_ERROR
OrderStatus: VALID_BUT_NOT_DELIVERED
OrderNo: 6D1A803B
Order Contents: [Pizza[name=Pizza A, priceInPence=2300]]
PriceTotalInPence: 2400
 -- Credit card info 
CreditCardNumber: 0000000000000000
CCV: 222
ExpiryDate: 02/67
]]></system-err>
  </testcase>
  <testcase name="testCreditCardCExpiryDateValidMonthInFuture" classname="uk.ac.ed.inf.OrderValidatorTest" time="0">
    <system-err><![CDATA[
 -- Order info 
OrderValidationCode: NO_ERROR
OrderStatus: VALID_BUT_NOT_DELIVERED
OrderNo: 3BE76707
Order Contents: [Pizza[name=Pizza A, priceInPence=2300]]
PriceTotalInPence: 2400
 -- Credit card info 
CreditCardNumber: 0000000000000000
CCV: 222
ExpiryDate: 10/80
]]></system-err>
  </testcase>
  <testcase name="testCreditCardCExpiryDateValidMonthInFuture" classname="uk.ac.ed.inf.OrderValidatorTest" time="0">
    <system-err><![CDATA[
 -- Order info 
OrderValidationCode: NO_ERROR
OrderStatus: VALID_BUT_NOT_DELIVERED
OrderNo: 5845136D
Order Contents: [Pizza[name=Pizza C, priceInPence=2500]]
PriceTotalInPence: 2600
 -- Credit card info 
CreditCardNumber: 0000000000000000
CCV: 222
ExpiryDate: 06/60
]]></system-err>
  </testcase>
  <testcase name="testCreditCardCExpiryDateValidMonthInFuture" classname="uk.ac.ed.inf.OrderValidatorTest" time="0">
    <system-err><![CDATA[
 -- Order info 
OrderValidationCode: NO_ERROR
OrderStatus: VALID_BUT_NOT_DELIVERED
OrderNo: 49F473D6
Order Contents: [Pizza[name=Pizza C, priceInPence=2500]]
PriceTotalInPence: 2600
 -- Credit card info 
CreditCardNumber: 0000000000000000
CCV: 222
ExpiryDate: 08/26
]]></system-err>
  </testcase>
  <testcase name="testCreditCardCExpiryDateValidMonthInFuture" classname="uk.ac.ed.inf.OrderValidatorTest" time="0">
    <system-err><![CDATA[
 -- Order info 
OrderValidationCode: NO_ERROR
OrderStatus: VALID_BUT_NOT_DELIVERED
OrderNo: 3FEE9C9F
Order Contents: [Pizza[name=Pizza B, priceInPence=2400]]
PriceTotalInPence: 2500
 -- Credit card info 
CreditCardNumber: 0000000000000000
CCV: 222
ExpiryDate: 07/51
]]></system-err>
  </testcase>
  <testcase name="testCreditCardCExpiryDateValidMonthInFuture" classname="uk.ac.ed.inf.OrderValidatorTest" time="0.016">
    <system-err><![CDATA[
 -- Order info 
OrderValidationCode: NO_ERROR
OrderStatus: VALID_BUT_NOT_DELIVERED
OrderNo: 64A65A51
Order Contents: [Pizza[name=Pizza C, priceInPence=2500]]
PriceTotalInPence: 2600
 -- Credit card info 
CreditCardNumber: 0000000000000000
CCV: 222
ExpiryDate: 12/42
]]></system-err>
  </testcase>
  <testcase name="testCreditCardCExpiryDateValidMonthInFuture" classname="uk.ac.ed.inf.OrderValidatorTest" time="0">
    <system-err><![CDATA[
 -- Order info 
OrderValidationCode: NO_ERROR
OrderStatus: VALID_BUT_NOT_DELIVERED
OrderNo: 41A6904B
Order Contents: [Pizza[name=Pizza B, priceInPence=2400]]
PriceTotalInPence: 2500
 -- Credit card info 
CreditCardNumber: 0000000000000000
CCV: 222
ExpiryDate: 04/25
]]></system-err>
  </testcase>
  <testcase name="testCreditCardCExpiryDateValidMonthInFuture" classname="uk.ac.ed.inf.OrderValidatorTest" time="0">
    <system-err><![CDATA[
 -- Order info 
OrderValidationCode: NO_ERROR
OrderStatus: VALID_BUT_NOT_DELIVERED
OrderNo: 4FBBF1B9
Order Contents: [Pizza[name=Pizza A, priceInPence=2300]]
PriceTotalInPence: 2400
 -- Credit card info 
CreditCardNumber: 0000000000000000
CCV: 222
ExpiryDate: 02/85
]]></system-err>
  </testcase>
  <testcase name="testCreditCardCExpiryDateValidMonthInFuture" classname="uk.ac.ed.inf.OrderValidatorTest" time="0">
    <system-err><![CDATA[
 -- Order info 
OrderValidationCode: NO_ERROR
OrderStatus: VALID_BUT_NOT_DELIVERED
OrderNo: 28362573
Order Contents: [Pizza[name=Pizza C, priceInPence=2500]]
PriceTotalInPence: 2600
 -- Credit card info 
CreditCardNumber: 0000000000000000
CCV: 222
ExpiryDate: 09/54
]]></system-err>
  </testcase>
  <testcase name="testCreditCardCExpiryDateValidMonthInFuture" classname="uk.ac.ed.inf.OrderValidatorTest" time="0">
    <system-err><![CDATA[
 -- Order info 
OrderValidationCode: NO_ERROR
OrderStatus: VALID_BUT_NOT_DELIVERED
OrderNo: 09CA37EE
Order Contents: [Pizza[name=Pizza B, priceInPence=2400]]
PriceTotalInPence: 2500
 -- Credit card info 
CreditCardNumber: 0000000000000000
CCV: 222
ExpiryDate: 10/53
]]></system-err>
  </testcase>
  <testcase name="testCreditCardCExpiryDateValidMonthInFuture" classname="uk.ac.ed.inf.OrderValidatorTest" time="0">
    <system-err><![CDATA[
 -- Order info 
OrderValidationCode: NO_ERROR
OrderStatus: VALID_BUT_NOT_DELIVERED
OrderNo: 0C89A6EF
Order Contents: [Pizza[name=Pizza B, priceInPence=2400]]
PriceTotalInPence: 2500
 -- Credit card info 
CreditCardNumber: 0000000000000000
CCV: 222
ExpiryDate: 09/30
]]></system-err>
  </testcase>
  <testcase name="testCreditCardCExpiryDateValidMonthInFuture" classname="uk.ac.ed.inf.OrderValidatorTest" time="0">
    <system-err><![CDATA[
 -- Order info 
OrderValidationCode: NO_ERROR
OrderStatus: VALID_BUT_NOT_DELIVERED
OrderNo: 7725FEF9
Order Contents: [Pizza[name=Pizza B, priceInPence=2400]]
PriceTotalInPence: 2500
 -- Credit card info 
CreditCardNumber: 0000000000000000
CCV: 222
ExpiryDate: 11/60
]]></system-err>
  </testcase>
  <testcase name="testCreditCardCExpiryDateValidMonthInFuture" classname="uk.ac.ed.inf.OrderValidatorTest" time="0">
    <system-err><![CDATA[
 -- Order info 
OrderValidationCode: NO_ERROR
OrderStatus: VALID_BUT_NOT_DELIVERED
OrderNo: 3D801ED8
Order Contents: [Pizza[name=Pizza A, priceInPence=2300]]
PriceTotalInPence: 2400
 -- Credit card info 
CreditCardNumber: 0000000000000000
CCV: 222
ExpiryDate: 03/33
]]></system-err>
  </testcase>
  <testcase name="testCreditCardCExpiryDateValidMonthInFuture" classname="uk.ac.ed.inf.OrderValidatorTest" time="0">
    <system-err><![CDATA[
 -- Order info 
OrderValidationCode: NO_ERROR
OrderStatus: VALID_BUT_NOT_DELIVERED
OrderNo: 69104283
Order Contents: [Pizza[name=Pizza C, priceInPence=2500]]
PriceTotalInPence: 2600
 -- Credit card info 
CreditCardNumber: 0000000000000000
CCV: 222
ExpiryDate: 12/68
]]></system-err>
  </testcase>
  <testcase name="testCreditCardCExpiryDateValidMonthInFuture" classname="uk.ac.ed.inf.OrderValidatorTest" time="0">
    <system-err><![CDATA[
 -- Order info 
OrderValidationCode: NO_ERROR
OrderStatus: VALID_BUT_NOT_DELIVERED
OrderNo: 1D7C26B3
Order Contents: [Pizza[name=Pizza A, priceInPence=2300]]
PriceTotalInPence: 2400
 -- Credit card info 
CreditCardNumber: 0000000000000000
CCV: 222
ExpiryDate: 07/42
]]></system-err>
  </testcase>
  <testcase name="testCreditCardCExpiryDateValidMonthInFuture" classname="uk.ac.ed.inf.OrderValidatorTest" time="0">
    <system-err><![CDATA[
 -- Order info 
OrderValidationCode: NO_ERROR
OrderStatus: VALID_BUT_NOT_DELIVERED
OrderNo: 071B112D
Order Contents: [Pizza[name=Pizza B, priceInPence=2400]]
PriceTotalInPence: 2500
 -- Credit card info 
CreditCardNumber: 0000000000000000
CCV: 222
ExpiryDate: 10/28
]]></system-err>
  </testcase>
  <testcase name="testCreditCardCExpiryDateValidMonthInFuture" classname="uk.ac.ed.inf.OrderValidatorTest" time="0">
    <system-err><![CDATA[
 -- Order info 
OrderValidationCode: NO_ERROR
OrderStatus: VALID_BUT_NOT_DELIVERED
OrderNo: 1F1ACB04
Order Contents: [Pizza[name=Pizza A, priceInPence=2300]]
PriceTotalInPence: 2400
 -- Credit card info 
CreditCardNumber: 0000000000000000
CCV: 222
ExpiryDate: 08/51
]]></system-err>
  </testcase>
  <testcase name="testCreditCardCExpiryDateValidMonthInFuture" classname="uk.ac.ed.inf.OrderValidatorTest" time="0">
    <system-err><![CDATA[
 -- Order info 
OrderValidationCode: NO_ERROR
OrderStatus: VALID_BUT_NOT_DELIVERED
OrderNo: 23842E3F
Order Contents: [Pizza[name=Pizza B, priceInPence=2400]]
PriceTotalInPence: 2500
 -- Credit card info 
CreditCardNumber: 0000000000000000
CCV: 222
ExpiryDate: 09/36
]]></system-err>
  </testcase>
  <testcase name="testCreditCardCExpiryDateValidMonthInFuture" classname="uk.ac.ed.inf.OrderValidatorTest" time="0">
    <system-err><![CDATA[
 -- Order info 
OrderValidationCode: NO_ERROR
OrderStatus: VALID_BUT_NOT_DELIVERED
OrderNo: 203D368C
Order Contents: [Pizza[name=Pizza C, priceInPence=2500]]
PriceTotalInPence: 2600
 -- Credit card info 
CreditCardNumber: 0000000000000000
CCV: 222
ExpiryDate: 04/62
]]></system-err>
  </testcase>
  <testcase name="testCreditCardCExpiryDateValidMonthInFuture" classname="uk.ac.ed.inf.OrderValidatorTest" time="0">
    <system-err><![CDATA[
 -- Order info 
OrderValidationCode: NO_ERROR
OrderStatus: VALID_BUT_NOT_DELIVERED
OrderNo: 196AAC64
Order Contents: [Pizza[name=Pizza B, priceInPence=2400]]
PriceTotalInPence: 2500
 -- Credit card info 
CreditCardNumber: 0000000000000000
CCV: 222
ExpiryDate: 03/86
]]></system-err>
  </testcase>
  <testcase name="testCreditCardCExpiryDateValidMonthInFuture" classname="uk.ac.ed.inf.OrderValidatorTest" time="0">
    <system-err><![CDATA[
 -- Order info 
OrderValidationCode: NO_ERROR
OrderStatus: VALID_BUT_NOT_DELIVERED
OrderNo: 1623A97A
Order Contents: [Pizza[name=Pizza B, priceInPence=2400]]
PriceTotalInPence: 2500
 -- Credit card info 
CreditCardNumber: 0000000000000000
CCV: 222
ExpiryDate: 12/92
]]></system-err>
  </testcase>
  <testcase name="testCreditCardCExpiryDateValidMonthInFuture" classname="uk.ac.ed.inf.OrderValidatorTest" time="0">
    <system-err><![CDATA[
 -- Order info 
OrderValidationCode: NO_ERROR
OrderStatus: VALID_BUT_NOT_DELIVERED
OrderNo: 409DDDE7
Order Contents: [Pizza[name=Pizza A, priceInPence=2300]]
PriceTotalInPence: 2400
 -- Credit card info 
CreditCardNumber: 0000000000000000
CCV: 222
ExpiryDate: 08/26
]]></system-err>
  </testcase>
  <testcase name="testCreditCardCExpiryDateValidMonthInFuture" classname="uk.ac.ed.inf.OrderValidatorTest" time="0">
    <system-err><![CDATA[
 -- Order info 
OrderValidationCode: NO_ERROR
OrderStatus: VALID_BUT_NOT_DELIVERED
OrderNo: 1D3E5C15
Order Contents: [Pizza[name=Pizza A, priceInPence=2300]]
PriceTotalInPence: 2400
 -- Credit card info 
CreditCardNumber: 0000000000000000
CCV: 222
ExpiryDate: 06/36
]]></system-err>
  </testcase>
  <testcase name="testCreditCardCExpiryDateValidMonthInFuture" classname="uk.ac.ed.inf.OrderValidatorTest" time="0">
    <system-err><![CDATA[
 -- Order info 
OrderValidationCode: NO_ERROR
OrderStatus: VALID_BUT_NOT_DELIVERED
OrderNo: 282FC6C4
Order Contents: [Pizza[name=Pizza A, priceInPence=2300]]
PriceTotalInPence: 2400
 -- Credit card info 
CreditCardNumber: 0000000000000000
CCV: 222
ExpiryDate: 02/68
]]></system-err>
  </testcase>
  <testcase name="testCreditCardCExpiryDateValidMonthInFuture" classname="uk.ac.ed.inf.OrderValidatorTest" time="0">
    <system-err><![CDATA[
 -- Order info 
OrderValidationCode: NO_ERROR
OrderStatus: VALID_BUT_NOT_DELIVERED
OrderNo: 29DAC721
Order Contents: [Pizza[name=Pizza C, priceInPence=2500]]
PriceTotalInPence: 2600
 -- Credit card info 
CreditCardNumber: 0000000000000000
CCV: 222
ExpiryDate: 07/83
]]></system-err>
  </testcase>
  <testcase name="testCreditCardCExpiryDateValidMonthInFuture" classname="uk.ac.ed.inf.OrderValidatorTest" time="0">
    <system-err><![CDATA[
 -- Order info 
OrderValidationCode: NO_ERROR
OrderStatus: VALID_BUT_NOT_DELIVERED
OrderNo: 17F00607
Order Contents: [Pizza[name=Pizza C, priceInPence=2500]]
PriceTotalInPence: 2600
 -- Credit card info 
CreditCardNumber: 0000000000000000
CCV: 222
ExpiryDate: 05/82
]]></system-err>
  </testcase>
  <testcase name="testCreditCardCExpiryDateValidMonthInFuture" classname="uk.ac.ed.inf.OrderValidatorTest" time="0">
    <system-err><![CDATA[
 -- Order info 
OrderValidationCode: NO_ERROR
OrderStatus: VALID_BUT_NOT_DELIVERED
OrderNo: 04550AA1
Order Contents: [Pizza[name=Pizza B, priceInPence=2400]]
PriceTotalInPence: 2500
 -- Credit card info 
CreditCardNumber: 0000000000000000
CCV: 222
ExpiryDate: 11/48
]]></system-err>
  </testcase>
  <testcase name="testCreditCardCExpiryDateValidMonthInFuture" classname="uk.ac.ed.inf.OrderValidatorTest" time="0">
    <system-err><![CDATA[
 -- Order info 
OrderValidationCode: NO_ERROR
OrderStatus: VALID_BUT_NOT_DELIVERED
OrderNo: 0ACF453A
Order Contents: [Pizza[name=Pizza B, priceInPence=2400]]
PriceTotalInPence: 2500
 -- Credit card info 
CreditCardNumber: 0000000000000000
CCV: 222
ExpiryDate: 09/45
]]></system-err>
  </testcase>
  <testcase name="testCreditCardCExpiryDateValidMonthInFuture" classname="uk.ac.ed.inf.OrderValidatorTest" time="0">
    <system-err><![CDATA[
 -- Order info 
OrderValidationCode: NO_ERROR
OrderStatus: VALID_BUT_NOT_DELIVERED
OrderNo: 5E3B5079
Order Contents: [Pizza[name=Pizza A, priceInPence=2300]]
PriceTotalInPence: 2400
 -- Credit card info 
CreditCardNumber: 0000000000000000
CCV: 222
ExpiryDate: 09/68
]]></system-err>
  </testcase>
  <testcase name="testCreditCardCExpiryDateValidMonthInFuture" classname="uk.ac.ed.inf.OrderValidatorTest" time="0">
    <system-err><![CDATA[
 -- Order info 
OrderValidationCode: NO_ERROR
OrderStatus: VALID_BUT_NOT_DELIVERED
OrderNo: 6309B17C
Order Contents: [Pizza[name=Pizza A, priceInPence=2300]]
PriceTotalInPence: 2400
 -- Credit card info 
CreditCardNumber: 0000000000000000
CCV: 222
ExpiryDate: 11/63
]]></system-err>
  </testcase>
  <testcase name="testCreditCardCExpiryDateValidMonthInFuture" classname="uk.ac.ed.inf.OrderValidatorTest" time="0">
    <system-err><![CDATA[
 -- Order info 
OrderValidationCode: NO_ERROR
OrderStatus: VALID_BUT_NOT_DELIVERED
OrderNo: 4F786EDB
Order Contents: [Pizza[name=Pizza A, priceInPence=2300]]
PriceTotalInPence: 2400
 -- Credit card info 
CreditCardNumber: 0000000000000000
CCV: 222
ExpiryDate: 10/66
]]></system-err>
  </testcase>
  <testcase name="testCreditCardCExpiryDateValidMonthInFuture" classname="uk.ac.ed.inf.OrderValidatorTest" time="0">
    <system-err><![CDATA[
 -- Order info 
OrderValidationCode: NO_ERROR
OrderStatus: VALID_BUT_NOT_DELIVERED
OrderNo: 1A7BC778
Order Contents: [Pizza[name=Pizza C, priceInPence=2500]]
PriceTotalInPence: 2600
 -- Credit card info 
CreditCardNumber: 0000000000000000
CCV: 222
ExpiryDate: 05/91
]]></system-err>
  </testcase>
  <testcase name="testCreditCardCExpiryDateValidMonthInFuture" classname="uk.ac.ed.inf.OrderValidatorTest" time="0">
    <system-err><![CDATA[
 -- Order info 
OrderValidationCode: NO_ERROR
OrderStatus: VALID_BUT_NOT_DELIVERED
OrderNo: 286D2E38
Order Contents: [Pizza[name=Pizza C, priceInPence=2500]]
PriceTotalInPence: 2600
 -- Credit card info 
CreditCardNumber: 0000000000000000
CCV: 222
ExpiryDate: 11/60
]]></system-err>
  </testcase>
  <testcase name="testCreditCardCExpiryDateValidMonthInFuture" classname="uk.ac.ed.inf.OrderValidatorTest" time="0">
    <system-err><![CDATA[
 -- Order info 
OrderValidationCode: NO_ERROR
OrderStatus: VALID_BUT_NOT_DELIVERED
OrderNo: 1AEAB603
Order Contents: [Pizza[name=Pizza C, priceInPence=2500]]
PriceTotalInPence: 2600
 -- Credit card info 
CreditCardNumber: 0000000000000000
CCV: 222
ExpiryDate: 11/61
]]></system-err>
  </testcase>
  <testcase name="testCreditCardCExpiryDateValidMonthInFuture" classname="uk.ac.ed.inf.OrderValidatorTest" time="0">
    <system-err><![CDATA[
 -- Order info 
OrderValidationCode: NO_ERROR
OrderStatus: VALID_BUT_NOT_DELIVERED
OrderNo: 03B09E26
Order Contents: [Pizza[name=Pizza A, priceInPence=2300]]
PriceTotalInPence: 2400
 -- Credit card info 
CreditCardNumber: 0000000000000000
CCV: 222
ExpiryDate: 06/39
]]></system-err>
  </testcase>
  <testcase name="testCreditCardCExpiryDateValidMonthInFuture" classname="uk.ac.ed.inf.OrderValidatorTest" time="0">
    <system-err><![CDATA[
 -- Order info 
OrderValidationCode: NO_ERROR
OrderStatus: VALID_BUT_NOT_DELIVERED
OrderNo: 725AA660
Order Contents: [Pizza[name=Pizza A, priceInPence=2300]]
PriceTotalInPence: 2400
 -- Credit card info 
CreditCardNumber: 0000000000000000
CCV: 222
ExpiryDate: 09/54
]]></system-err>
  </testcase>
  <testcase name="testCreditCardCExpiryDateValidMonthInFuture" classname="uk.ac.ed.inf.OrderValidatorTest" time="0.016">
    <system-err><![CDATA[
 -- Order info 
OrderValidationCode: NO_ERROR
OrderStatus: VALID_BUT_NOT_DELIVERED
OrderNo: 1776DACF
Order Contents: [Pizza[name=Pizza B, priceInPence=2400]]
PriceTotalInPence: 2500
 -- Credit card info 
CreditCardNumber: 0000000000000000
CCV: 222
ExpiryDate: 08/85
]]></system-err>
  </testcase>
  <testcase name="testCreditCardCExpiryDateValidMonthInFuture" classname="uk.ac.ed.inf.OrderValidatorTest" time="0">
    <system-err><![CDATA[
 -- Order info 
OrderValidationCode: NO_ERROR
OrderStatus: VALID_BUT_NOT_DELIVERED
OrderNo: 408CE048
Order Contents: [Pizza[name=Pizza B, priceInPence=2400]]
PriceTotalInPence: 2500
 -- Credit card info 
CreditCardNumber: 0000000000000000
CCV: 222
ExpiryDate: 09/62
]]></system-err>
  </testcase>
  <testcase name="testCreditCardCExpiryDateValidMonthInFuture" classname="uk.ac.ed.inf.OrderValidatorTest" time="0">
    <system-err><![CDATA[
 -- Order info 
OrderValidationCode: NO_ERROR
OrderStatus: VALID_BUT_NOT_DELIVERED
OrderNo: 4B76BB49
Order Contents: [Pizza[name=Pizza B, priceInPence=2400]]
PriceTotalInPence: 2500
 -- Credit card info 
CreditCardNumber: 0000000000000000
CCV: 222
ExpiryDate: 09/71
]]></system-err>
  </testcase>
  <testcase name="testCreditCardCExpiryDateValidMonthInFuture" classname="uk.ac.ed.inf.OrderValidatorTest" time="0">
    <system-err><![CDATA[
 -- Order info 
OrderValidationCode: NO_ERROR
OrderStatus: VALID_BUT_NOT_DELIVERED
OrderNo: 2E6ADC5B
Order Contents: [Pizza[name=Pizza B, priceInPence=2400]]
PriceTotalInPence: 2500
 -- Credit card info 
CreditCardNumber: 0000000000000000
CCV: 222
ExpiryDate: 08/32
]]></system-err>
  </testcase>
  <testcase name="testCreditCardCExpiryDateValidMonthInFuture" classname="uk.ac.ed.inf.OrderValidatorTest" time="0">
    <system-err><![CDATA[
 -- Order info 
OrderValidationCode: NO_ERROR
OrderStatus: VALID_BUT_NOT_DELIVERED
OrderNo: 50696723
Order Contents: [Pizza[name=Pizza C, priceInPence=2500]]
PriceTotalInPence: 2600
 -- Credit card info 
CreditCardNumber: 0000000000000000
CCV: 222
ExpiryDate: 12/32
]]></system-err>
  </testcase>
  <testcase name="testCreditCardCExpiryDateValidMonthInFuture" classname="uk.ac.ed.inf.OrderValidatorTest" time="0">
    <system-err><![CDATA[
 -- Order info 
OrderValidationCode: NO_ERROR
OrderStatus: VALID_BUT_NOT_DELIVERED
OrderNo: 003BBB51
Order Contents: [Pizza[name=Pizza B, priceInPence=2400]]
PriceTotalInPence: 2500
 -- Credit card info 
CreditCardNumber: 0000000000000000
CCV: 222
ExpiryDate: 02/40
]]></system-err>
  </testcase>
  <testcase name="testCreditCardCExpiryDateValidMonthInFuture" classname="uk.ac.ed.inf.OrderValidatorTest" time="0">
    <system-err><![CDATA[
 -- Order info 
OrderValidationCode: NO_ERROR
OrderStatus: VALID_BUT_NOT_DELIVERED
OrderNo: 0D7B1802
Order Contents: [Pizza[name=Pizza B, priceInPence=2400]]
PriceTotalInPence: 2500
 -- Credit card info 
CreditCardNumber: 0000000000000000
CCV: 222
ExpiryDate: 11/25
]]></system-err>
  </testcase>
  <testcase name="testCreditCardCExpiryDateValidMonthInFuture" classname="uk.ac.ed.inf.OrderValidatorTest" time="0">
    <system-err><![CDATA[
 -- Order info 
OrderValidationCode: NO_ERROR
OrderStatus: VALID_BUT_NOT_DELIVERED
OrderNo: 45BF0964
Order Contents: [Pizza[name=Pizza C, priceInPence=2500]]
PriceTotalInPence: 2600
 -- Credit card info 
CreditCardNumber: 0000000000000000
CCV: 222
ExpiryDate: 01/62
]]></system-err>
  </testcase>
  <testcase name="testCreditCardCExpiryDateValidMonthInFuture" classname="uk.ac.ed.inf.OrderValidatorTest" time="0">
    <system-err><![CDATA[
 -- Order info 
OrderValidationCode: NO_ERROR
OrderStatus: VALID_BUT_NOT_DELIVERED
OrderNo: 2E08F5F6
Order Contents: [Pizza[name=Pizza A, priceInPence=2300]]
PriceTotalInPence: 2400
 -- Credit card info 
CreditCardNumber: 0000000000000000
CCV: 222
ExpiryDate: 02/95
]]></system-err>
  </testcase>
  <testcase name="testCreditCardCExpiryDateValidMonthInFuture" classname="uk.ac.ed.inf.OrderValidatorTest" time="0">
    <system-err><![CDATA[
 -- Order info 
OrderValidationCode: NO_ERROR
OrderStatus: VALID_BUT_NOT_DELIVERED
OrderNo: 41B50481
Order Contents: [Pizza[name=Pizza A, priceInPence=2300]]
PriceTotalInPence: 2400
 -- Credit card info 
CreditCardNumber: 0000000000000000
CCV: 222
ExpiryDate: 10/53
]]></system-err>
  </testcase>
  <testcase name="testCreditCardCExpiryDateValidMonthInFuture" classname="uk.ac.ed.inf.OrderValidatorTest" time="0">
    <system-err><![CDATA[
 -- Order info 
OrderValidationCode: NO_ERROR
OrderStatus: VALID_BUT_NOT_DELIVERED
OrderNo: 0B1ABA30
Order Contents: [Pizza[name=Pizza B, priceInPence=2400]]
PriceTotalInPence: 2500
 -- Credit card info 
CreditCardNumber: 0000000000000000
CCV: 222
ExpiryDate: 10/41
]]></system-err>
  </testcase>
  <testcase name="testCreditCardCExpiryDateValidMonthInFuture" classname="uk.ac.ed.inf.OrderValidatorTest" time="0">
    <system-err><![CDATA[
 -- Order info 
OrderValidationCode: NO_ERROR
OrderStatus: VALID_BUT_NOT_DELIVERED
OrderNo: 60065C4A
Order Contents: [Pizza[name=Pizza A, priceInPence=2300]]
PriceTotalInPence: 2400
 -- Credit card info 
CreditCardNumber: 0000000000000000
CCV: 222
ExpiryDate: 05/97
]]></system-err>
  </testcase>
  <testcase name="testCreditCardCExpiryDateValidMonthInFuture" classname="uk.ac.ed.inf.OrderValidatorTest" time="0">
    <system-err><![CDATA[
 -- Order info 
OrderValidationCode: NO_ERROR
OrderStatus: VALID_BUT_NOT_DELIVERED
OrderNo: 5B83F5D8
Order Contents: [Pizza[name=Pizza A, priceInPence=2300]]
PriceTotalInPence: 2400
 -- Credit card info 
CreditCardNumber: 0000000000000000
CCV: 222
ExpiryDate: 10/27
]]></system-err>
  </testcase>
  <testcase name="testCreditCardCExpiryDateValidMonthInFuture" classname="uk.ac.ed.inf.OrderValidatorTest" time="0">
    <system-err><![CDATA[
 -- Order info 
OrderValidationCode: NO_ERROR
OrderStatus: VALID_BUT_NOT_DELIVERED
OrderNo: 1821FE4A
Order Contents: [Pizza[name=Pizza C, priceInPence=2500]]
PriceTotalInPence: 2600
 -- Credit card info 
CreditCardNumber: 0000000000000000
CCV: 222
ExpiryDate: 08/49
]]></system-err>
  </testcase>
  <testcase name="testCreditCardCExpiryDateValidMonthInFuture" classname="uk.ac.ed.inf.OrderValidatorTest" time="0">
    <system-err><![CDATA[
 -- Order info 
OrderValidationCode: NO_ERROR
OrderStatus: VALID_BUT_NOT_DELIVERED
OrderNo: 3B3A2608
Order Contents: [Pizza[name=Pizza C, priceInPence=2500]]
PriceTotalInPence: 2600
 -- Credit card info 
CreditCardNumber: 0000000000000000
CCV: 222
ExpiryDate: 06/47
]]></system-err>
  </testcase>
  <testcase name="testCreditCardCExpiryDateValidMonthInFuture" classname="uk.ac.ed.inf.OrderValidatorTest" time="0">
    <system-err><![CDATA[
 -- Order info 
OrderValidationCode: NO_ERROR
OrderStatus: VALID_BUT_NOT_DELIVERED
OrderNo: 6E3452C3
Order Contents: [Pizza[name=Pizza A, priceInPence=2300]]
PriceTotalInPence: 2400
 -- Credit card info 
CreditCardNumber: 0000000000000000
CCV: 222
ExpiryDate: 03/35
]]></system-err>
  </testcase>
  <testcase name="testCreditCardCExpiryDateValidMonthInFuture" classname="uk.ac.ed.inf.OrderValidatorTest" time="0">
    <system-err><![CDATA[
 -- Order info 
OrderValidationCode: NO_ERROR
OrderStatus: VALID_BUT_NOT_DELIVERED
OrderNo: 400ED0C1
Order Contents: [Pizza[name=Pizza A, priceInPence=2300]]
PriceTotalInPence: 2400
 -- Credit card info 
CreditCardNumber: 0000000000000000
CCV: 222
ExpiryDate: 09/80
]]></system-err>
  </testcase>
  <testcase name="testCreditCardCExpiryDateValidMonthInFuture" classname="uk.ac.ed.inf.OrderValidatorTest" time="0">
    <system-err><![CDATA[
 -- Order info 
OrderValidationCode: NO_ERROR
OrderStatus: VALID_BUT_NOT_DELIVERED
OrderNo: 5665BFD2
Order Contents: [Pizza[name=Pizza A, priceInPence=2300]]
PriceTotalInPence: 2400
 -- Credit card info 
CreditCardNumber: 0000000000000000
CCV: 222
ExpiryDate: 04/82
]]></system-err>
  </testcase>
  <testcase name="testCreditCardCExpiryDateValidMonthInFuture" classname="uk.ac.ed.inf.OrderValidatorTest" time="0">
    <system-err><![CDATA[
 -- Order info 
OrderValidationCode: NO_ERROR
OrderStatus: VALID_BUT_NOT_DELIVERED
OrderNo: 79715261
Order Contents: [Pizza[name=Pizza A, priceInPence=2300]]
PriceTotalInPence: 2400
 -- Credit card info 
CreditCardNumber: 0000000000000000
CCV: 222
ExpiryDate: 09/68
]]></system-err>
  </testcase>
  <testcase name="testCreditCardCExpiryDateValidMonthInFuture" classname="uk.ac.ed.inf.OrderValidatorTest" time="0">
    <system-err><![CDATA[
 -- Order info 
OrderValidationCode: NO_ERROR
OrderStatus: VALID_BUT_NOT_DELIVERED
OrderNo: 3BC02B4D
Order Contents: [Pizza[name=Pizza A, priceInPence=2300]]
PriceTotalInPence: 2400
 -- Credit card info 
CreditCardNumber: 0000000000000000
CCV: 222
ExpiryDate: 11/68
]]></system-err>
  </testcase>
  <testcase name="testCreditCardCExpiryDateValidMonthInFuture" classname="uk.ac.ed.inf.OrderValidatorTest" time="0">
    <system-err><![CDATA[
 -- Order info 
OrderValidationCode: NO_ERROR
OrderStatus: VALID_BUT_NOT_DELIVERED
OrderNo: 69234259
Order Contents: [Pizza[name=Pizza B, priceInPence=2400]]
PriceTotalInPence: 2500
 -- Credit card info 
CreditCardNumber: 0000000000000000
CCV: 222
ExpiryDate: 12/46
]]></system-err>
  </testcase>
  <testcase name="testCreditCardCExpiryDateValidMonthInFuture" classname="uk.ac.ed.inf.OrderValidatorTest" time="0">
    <system-err><![CDATA[
 -- Order info 
OrderValidationCode: NO_ERROR
OrderStatus: VALID_BUT_NOT_DELIVERED
OrderNo: 5A8EC748
Order Contents: [Pizza[name=Pizza C, priceInPence=2500]]
PriceTotalInPence: 2600
 -- Credit card info 
CreditCardNumber: 0000000000000000
CCV: 222
ExpiryDate: 10/43
]]></system-err>
  </testcase>
  <testcase name="testCreditCardCExpiryDateValidMonthInFuture" classname="uk.ac.ed.inf.OrderValidatorTest" time="0">
    <system-err><![CDATA[
 -- Order info 
OrderValidationCode: NO_ERROR
OrderStatus: VALID_BUT_NOT_DELIVERED
OrderNo: 56297B15
Order Contents: [Pizza[name=Pizza C, priceInPence=2500]]
PriceTotalInPence: 2600
 -- Credit card info 
CreditCardNumber: 0000000000000000
CCV: 222
ExpiryDate: 12/79
]]></system-err>
  </testcase>
  <testcase name="testCreditCardCExpiryDateValidMonthInFuture" classname="uk.ac.ed.inf.OrderValidatorTest" time="0">
    <system-err><![CDATA[
 -- Order info 
OrderValidationCode: NO_ERROR
OrderStatus: VALID_BUT_NOT_DELIVERED
OrderNo: 65CFBD25
Order Contents: [Pizza[name=Pizza C, priceInPence=2500]]
PriceTotalInPence: 2600
 -- Credit card info 
CreditCardNumber: 0000000000000000
CCV: 222
ExpiryDate: 06/34
]]></system-err>
  </testcase>
  <testcase name="testCreditCardCExpiryDateValidMonthInFuture" classname="uk.ac.ed.inf.OrderValidatorTest" time="0">
    <system-err><![CDATA[
 -- Order info 
OrderValidationCode: NO_ERROR
OrderStatus: VALID_BUT_NOT_DELIVERED
OrderNo: 5520B202
Order Contents: [Pizza[name=Pizza A, priceInPence=2300]]
PriceTotalInPence: 2400
 -- Credit card info 
CreditCardNumber: 0000000000000000
CCV: 222
ExpiryDate: 05/49
]]></system-err>
  </testcase>
  <testcase name="testCreditCardCExpiryDateValidMonthInFuture" classname="uk.ac.ed.inf.OrderValidatorTest" time="0">
    <system-err><![CDATA[
 -- Order info 
OrderValidationCode: NO_ERROR
OrderStatus: VALID_BUT_NOT_DELIVERED
OrderNo: 1ECC1160
Order Contents: [Pizza[name=Pizza C, priceInPence=2500]]
PriceTotalInPence: 2600
 -- Credit card info 
CreditCardNumber: 0000000000000000
CCV: 222
ExpiryDate: 08/57
]]></system-err>
  </testcase>
  <testcase name="testCreditCardCExpiryDateValidMonthInFuture" classname="uk.ac.ed.inf.OrderValidatorTest" time="0">
    <system-err><![CDATA[
 -- Order info 
OrderValidationCode: NO_ERROR
OrderStatus: VALID_BUT_NOT_DELIVERED
OrderNo: 2D84506A
Order Contents: [Pizza[name=Pizza C, priceInPence=2500]]
PriceTotalInPence: 2600
 -- Credit card info 
CreditCardNumber: 0000000000000000
CCV: 222
ExpiryDate: 09/31
]]></system-err>
  </testcase>
  <testcase name="testCreditCardCExpiryDateValidMonthInFuture" classname="uk.ac.ed.inf.OrderValidatorTest" time="0">
    <system-err><![CDATA[
 -- Order info 
OrderValidationCode: NO_ERROR
OrderStatus: VALID_BUT_NOT_DELIVERED
OrderNo: 3E882B22
Order Contents: [Pizza[name=Pizza C, priceInPence=2500]]
PriceTotalInPence: 2600
 -- Credit card info 
CreditCardNumber: 0000000000000000
CCV: 222
ExpiryDate: 11/76
]]></system-err>
  </testcase>
  <testcase name="testCreditCardCExpiryDateValidMonthInFuture" classname="uk.ac.ed.inf.OrderValidatorTest" time="0">
    <system-err><![CDATA[
 -- Order info 
OrderValidationCode: NO_ERROR
OrderStatus: VALID_BUT_NOT_DELIVERED
OrderNo: 6C4BD352
Order Contents: [Pizza[name=Pizza B, priceInPence=2400]]
PriceTotalInPence: 2500
 -- Credit card info 
CreditCardNumber: 0000000000000000
CCV: 222
ExpiryDate: 05/63
]]></system-err>
  </testcase>
  <testcase name="testCreditCardCExpiryDateValidMonthInFuture" classname="uk.ac.ed.inf.OrderValidatorTest" time="0">
    <system-err><![CDATA[
 -- Order info 
OrderValidationCode: NO_ERROR
OrderStatus: VALID_BUT_NOT_DELIVERED
OrderNo: 58655C46
Order Contents: [Pizza[name=Pizza C, priceInPence=2500]]
PriceTotalInPence: 2600
 -- Credit card info 
CreditCardNumber: 0000000000000000
CCV: 222
ExpiryDate: 02/55
]]></system-err>
  </testcase>
  <testcase name="testCreditCardCExpiryDateValidMonthInFuture" classname="uk.ac.ed.inf.OrderValidatorTest" time="0">
    <system-err><![CDATA[
 -- Order info 
OrderValidationCode: NO_ERROR
OrderStatus: VALID_BUT_NOT_DELIVERED
OrderNo: 35D46E27
Order Contents: [Pizza[name=Pizza C, priceInPence=2500]]
PriceTotalInPence: 2600
 -- Credit card info 
CreditCardNumber: 0000000000000000
CCV: 222
ExpiryDate: 05/33
]]></system-err>
  </testcase>
  <testcase name="testCreditCardCExpiryDateValidMonthInFuture" classname="uk.ac.ed.inf.OrderValidatorTest" time="0">
    <system-err><![CDATA[
 -- Order info 
OrderValidationCode: NO_ERROR
OrderStatus: VALID_BUT_NOT_DELIVERED
OrderNo: 608F1029
Order Contents: [Pizza[name=Pizza C, priceInPence=2500]]
PriceTotalInPence: 2600
 -- Credit card info 
CreditCardNumber: 0000000000000000
CCV: 222
ExpiryDate: 05/32
]]></system-err>
  </testcase>
  <testcase name="testCreditCardCExpiryDateValidMonthInFuture" classname="uk.ac.ed.inf.OrderValidatorTest" time="0">
    <system-err><![CDATA[
 -- Order info 
OrderValidationCode: NO_ERROR
OrderStatus: VALID_BUT_NOT_DELIVERED
OrderNo: 72FCBD24
Order Contents: [Pizza[name=Pizza C, priceInPence=2500]]
PriceTotalInPence: 2600
 -- Credit card info 
CreditCardNumber: 0000000000000000
CCV: 222
ExpiryDate: 08/78
]]></system-err>
  </testcase>
  <testcase name="testCreditCardCExpiryDateValidMonthInFuture" classname="uk.ac.ed.inf.OrderValidatorTest" time="0">
    <system-err><![CDATA[
 -- Order info 
OrderValidationCode: NO_ERROR
OrderStatus: VALID_BUT_NOT_DELIVERED
OrderNo: 092F2F7E
Order Contents: [Pizza[name=Pizza B, priceInPence=2400]]
PriceTotalInPence: 2500
 -- Credit card info 
CreditCardNumber: 0000000000000000
CCV: 222
ExpiryDate: 07/75
]]></system-err>
  </testcase>
  <testcase name="testCreditCardCExpiryDateValidMonthInFuture" classname="uk.ac.ed.inf.OrderValidatorTest" time="0">
    <system-err><![CDATA[
 -- Order info 
OrderValidationCode: NO_ERROR
OrderStatus: VALID_BUT_NOT_DELIVERED
OrderNo: 0B57DD33
Order Contents: [Pizza[name=Pizza B, priceInPence=2400]]
PriceTotalInPence: 2500
 -- Credit card info 
CreditCardNumber: 0000000000000000
CCV: 222
ExpiryDate: 03/62
]]></system-err>
  </testcase>
  <testcase name="testCreditCardCExpiryDateValidMonthInFuture" classname="uk.ac.ed.inf.OrderValidatorTest" time="0">
    <system-err><![CDATA[
 -- Order info 
OrderValidationCode: NO_ERROR
OrderStatus: VALID_BUT_NOT_DELIVERED
OrderNo: 6DC28311
Order Contents: [Pizza[name=Pizza B, priceInPence=2400]]
PriceTotalInPence: 2500
 -- Credit card info 
CreditCardNumber: 0000000000000000
CCV: 222
ExpiryDate: 04/84
]]></system-err>
  </testcase>
  <testcase name="testCreditCardCExpiryDateValidMonthInFuture" classname="uk.ac.ed.inf.OrderValidatorTest" time="0.016">
    <system-err><![CDATA[
 -- Order info 
OrderValidationCode: NO_ERROR
OrderStatus: VALID_BUT_NOT_DELIVERED
OrderNo: 754C29C8
Order Contents: [Pizza[name=Pizza A, priceInPence=2300]]
PriceTotalInPence: 2400
 -- Credit card info 
CreditCardNumber: 0000000000000000
CCV: 222
ExpiryDate: 11/62
]]></system-err>
  </testcase>
  <testcase name="testCreditCardCExpiryDateValidMonthInFuture" classname="uk.ac.ed.inf.OrderValidatorTest" time="0">
    <system-err><![CDATA[
 -- Order info 
OrderValidationCode: NO_ERROR
OrderStatus: VALID_BUT_NOT_DELIVERED
OrderNo: 493733D1
Order Contents: [Pizza[name=Pizza C, priceInPence=2500]]
PriceTotalInPence: 2600
 -- Credit card info 
CreditCardNumber: 0000000000000000
CCV: 222
ExpiryDate: 10/75
]]></system-err>
  </testcase>
  <testcase name="testCreditCardCExpiryDateValidMonthInFuture" classname="uk.ac.ed.inf.OrderValidatorTest" time="0">
    <system-err><![CDATA[
 -- Order info 
OrderValidationCode: NO_ERROR
OrderStatus: VALID_BUT_NOT_DELIVERED
OrderNo: 59DC0CBB
Order Contents: [Pizza[name=Pizza B, priceInPence=2400]]
PriceTotalInPence: 2500
 -- Credit card info 
CreditCardNumber: 0000000000000000
CCV: 222
ExpiryDate: 11/43
]]></system-err>
  </testcase>
  <testcase name="testCreditCardCExpiryDateValidMonthInFuture" classname="uk.ac.ed.inf.OrderValidatorTest" time="0">
    <system-err><![CDATA[
 -- Order info 
OrderValidationCode: NO_ERROR
OrderStatus: VALID_BUT_NOT_DELIVERED
OrderNo: 6C72F502
Order Contents: [Pizza[name=Pizza B, priceInPence=2400]]
PriceTotalInPence: 2500
 -- Credit card info 
CreditCardNumber: 0000000000000000
CCV: 222
ExpiryDate: 08/95
]]></system-err>
  </testcase>
  <testcase name="testCreditCardCExpiryDateValidMonthInFuture" classname="uk.ac.ed.inf.OrderValidatorTest" time="0">
    <system-err><![CDATA[
 -- Order info 
OrderValidationCode: NO_ERROR
OrderStatus: VALID_BUT_NOT_DELIVERED
OrderNo: 1FFE5F1D
Order Contents: [Pizza[name=Pizza B, priceInPence=2400]]
PriceTotalInPence: 2500
 -- Credit card info 
CreditCardNumber: 0000000000000000
CCV: 222
ExpiryDate: 06/82
]]></system-err>
  </testcase>
  <testcase name="testCreditCardCExpiryDateValidMonthInFuture" classname="uk.ac.ed.inf.OrderValidatorTest" time="0">
    <system-err><![CDATA[
 -- Order info 
OrderValidationCode: NO_ERROR
OrderStatus: VALID_BUT_NOT_DELIVERED
OrderNo: 5B7475E6
Order Contents: [Pizza[name=Pizza B, priceInPence=2400]]
PriceTotalInPence: 2500
 -- Credit card info 
CreditCardNumber: 0000000000000000
CCV: 222
ExpiryDate: 05/40
]]></system-err>
  </testcase>
  <testcase name="testCreditCardCExpiryDateValidMonthInFuture" classname="uk.ac.ed.inf.OrderValidatorTest" time="0">
    <system-err><![CDATA[
 -- Order info 
OrderValidationCode: NO_ERROR
OrderStatus: VALID_BUT_NOT_DELIVERED
OrderNo: 776502CB
Order Contents: [Pizza[name=Pizza A, priceInPence=2300]]
PriceTotalInPence: 2400
 -- Credit card info 
CreditCardNumber: 0000000000000000
CCV: 222
ExpiryDate: 12/68
]]></system-err>
  </testcase>
  <testcase name="testCreditCardCExpiryDateValidMonthInFuture" classname="uk.ac.ed.inf.OrderValidatorTest" time="0">
    <system-err><![CDATA[
 -- Order info 
OrderValidationCode: NO_ERROR
OrderStatus: VALID_BUT_NOT_DELIVERED
OrderNo: 5CE8658F
Order Contents: [Pizza[name=Pizza B, priceInPence=2400]]
PriceTotalInPence: 2500
 -- Credit card info 
CreditCardNumber: 0000000000000000
CCV: 222
ExpiryDate: 04/26
]]></system-err>
  </testcase>
  <testcase name="testCreditCardCExpiryDateValidMonthInFuture" classname="uk.ac.ed.inf.OrderValidatorTest" time="0">
    <system-err><![CDATA[
 -- Order info 
OrderValidationCode: NO_ERROR
OrderStatus: VALID_BUT_NOT_DELIVERED
OrderNo: 35EDCB0B
Order Contents: [Pizza[name=Pizza A, priceInPence=2300]]
PriceTotalInPence: 2400
 -- Credit card info 
CreditCardNumber: 0000000000000000
CCV: 222
ExpiryDate: 06/57
]]></system-err>
  </testcase>
  <testcase name="testCreditCardCExpiryDateValidMonthInFuture" classname="uk.ac.ed.inf.OrderValidatorTest" time="0">
    <system-err><![CDATA[
 -- Order info 
OrderValidationCode: NO_ERROR
OrderStatus: VALID_BUT_NOT_DELIVERED
OrderNo: 7D76EDBC
Order Contents: [Pizza[name=Pizza C, priceInPence=2500]]
PriceTotalInPence: 2600
 -- Credit card info 
CreditCardNumber: 0000000000000000
CCV: 222
ExpiryDate: 06/87
]]></system-err>
  </testcase>
  <testcase name="testCreditCardCExpiryDateValidMonthInFuture" classname="uk.ac.ed.inf.OrderValidatorTest" time="0">
    <system-err><![CDATA[
 -- Order info 
OrderValidationCode: NO_ERROR
OrderStatus: VALID_BUT_NOT_DELIVERED
OrderNo: 5F86EBF2
Order Contents: [Pizza[name=Pizza A, priceInPence=2300]]
PriceTotalInPence: 2400
 -- Credit card info 
CreditCardNumber: 0000000000000000
CCV: 222
ExpiryDate: 05/42
]]></system-err>
  </testcase>
  <testcase name="testCreditCardCExpiryDateValidMonthInFuture" classname="uk.ac.ed.inf.OrderValidatorTest" time="0">
    <system-err><![CDATA[
 -- Order info 
OrderValidationCode: NO_ERROR
OrderStatus: VALID_BUT_NOT_DELIVERED
OrderNo: 516CD70B
Order Contents: [Pizza[name=Pizza A, priceInPence=2300]]
PriceTotalInPence: 2400
 -- Credit card info 
CreditCardNumber: 0000000000000000
CCV: 222
ExpiryDate: 08/86
]]></system-err>
  </testcase>
  <testcase name="testCreditCardCExpiryDateValidMonthInFuture" classname="uk.ac.ed.inf.OrderValidatorTest" time="0">
    <system-err><![CDATA[
 -- Order info 
OrderValidationCode: NO_ERROR
OrderStatus: VALID_BUT_NOT_DELIVERED
OrderNo: 2A77287C
Order Contents: [Pizza[name=Pizza A, priceInPence=2300]]
PriceTotalInPence: 2400
 -- Credit card info 
CreditCardNumber: 0000000000000000
CCV: 222
ExpiryDate: 02/36
]]></system-err>
  </testcase>
  <testcase name="testCreditCardCExpiryDateValidMonthInFuture" classname="uk.ac.ed.inf.OrderValidatorTest" time="0">
    <system-err><![CDATA[
 -- Order info 
OrderValidationCode: NO_ERROR
OrderStatus: VALID_BUT_NOT_DELIVERED
OrderNo: 43D4F075
Order Contents: [Pizza[name=Pizza B, priceInPence=2400]]
PriceTotalInPence: 2500
 -- Credit card info 
CreditCardNumber: 0000000000000000
CCV: 222
ExpiryDate: 11/39
]]></system-err>
  </testcase>
  <testcase name="testCreditCardCExpiryDateValidMonthInFuture" classname="uk.ac.ed.inf.OrderValidatorTest" time="0">
    <system-err><![CDATA[
 -- Order info 
OrderValidationCode: NO_ERROR
OrderStatus: VALID_BUT_NOT_DELIVERED
OrderNo: 38823AEF
Order Contents: [Pizza[name=Pizza A, priceInPence=2300]]
PriceTotalInPence: 2400
 -- Credit card info 
CreditCardNumber: 0000000000000000
CCV: 222
ExpiryDate: 07/42
]]></system-err>
  </testcase>
  <testcase name="testCreditCardCExpiryDateValidMonthInFuture" classname="uk.ac.ed.inf.OrderValidatorTest" time="0">
    <system-err><![CDATA[
 -- Order info 
OrderValidationCode: NO_ERROR
OrderStatus: VALID_BUT_NOT_DELIVERED
OrderNo: 62E1D451
Order Contents: [Pizza[name=Pizza C, priceInPence=2500]]
PriceTotalInPence: 2600
 -- Credit card info 
CreditCardNumber: 0000000000000000
CCV: 222
ExpiryDate: 08/59
]]></system-err>
  </testcase>
  <testcase name="testCreditCardCExpiryDateValidMonthInFuture" classname="uk.ac.ed.inf.OrderValidatorTest" time="0">
    <system-err><![CDATA[
 -- Order info 
OrderValidationCode: NO_ERROR
OrderStatus: VALID_BUT_NOT_DELIVERED
OrderNo: 67B1B387
Order Contents: [Pizza[name=Pizza C, priceInPence=2500]]
PriceTotalInPence: 2600
 -- Credit card info 
CreditCardNumber: 0000000000000000
CCV: 222
ExpiryDate: 04/83
]]></system-err>
  </testcase>
  <testcase name="testCreditCardCExpiryDateValidMonthInFuture" classname="uk.ac.ed.inf.OrderValidatorTest" time="0">
    <system-err><![CDATA[
 -- Order info 
OrderValidationCode: NO_ERROR
OrderStatus: VALID_BUT_NOT_DELIVERED
OrderNo: 08BB94F0
Order Contents: [Pizza[name=Pizza C, priceInPence=2500]]
PriceTotalInPence: 2600
 -- Credit card info 
CreditCardNumber: 0000000000000000
CCV: 222
ExpiryDate: 05/61
]]></system-err>
  </testcase>
  <testcase name="testCreditCardCExpiryDateValidMonthInFuture" classname="uk.ac.ed.inf.OrderValidatorTest" time="0">
    <system-err><![CDATA[
 -- Order info 
OrderValidationCode: NO_ERROR
OrderStatus: VALID_BUT_NOT_DELIVERED
OrderNo: 0C21F486
Order Contents: [Pizza[name=Pizza A, priceInPence=2300]]
PriceTotalInPence: 2400
 -- Credit card info 
CreditCardNumber: 0000000000000000
CCV: 222
ExpiryDate: 09/73
]]></system-err>
  </testcase>
  <testcase name="testCreditCardCExpiryDateValidMonthInFuture" classname="uk.ac.ed.inf.OrderValidatorTest" time="0">
    <system-err><![CDATA[
 -- Order info 
OrderValidationCode: NO_ERROR
OrderStatus: VALID_BUT_NOT_DELIVERED
OrderNo: 22B26D86
Order Contents: [Pizza[name=Pizza B, priceInPence=2400]]
PriceTotalInPence: 2500
 -- Credit card info 
CreditCardNumber: 0000000000000000
CCV: 222
ExpiryDate: 11/96
]]></system-err>
  </testcase>
  <testcase name="test5PlusPizzasInOneOrder" classname="uk.ac.ed.inf.OrderValidatorTest" time="0">
    <system-err><![CDATA[
 -- Order info 
OrderValidationCode: MAX_PIZZA_COUNT_EXCEEDED
OrderStatus: INVALID
OrderNo: 628D614B
Order Contents: [Pizza[name=Pizza A, priceInPence=2300], Pizza[name=Pizza B, priceInPence=2400], Pizza[name=Pizza C, priceInPence=2500], Pizza[name=Pizza A, priceInPence=2300], Pizza[name=Pizza B, priceInPence=2400], Pizza[name=Pizza C, priceInPence=2500], Pizza[name=Pizza C, priceInPence=2500], Pizza[name=Pizza A, priceInPence=2300], Pizza[name=Pizza B, priceInPence=2400], Pizza[name=Pizza C, priceInPence=2500], Pizza[name=Pizza A, priceInPence=2300], Pizza[name=Pizza B, priceInPence=2400], Pizza[name=Pizza C, priceInPence=2500], Pizza[name=Pizza A, priceInPence=2300], Pizza[name=Pizza C, priceInPence=2500], Pizza[name=Pizza C, priceInPence=2500], Pizza[name=Pizza B, priceInPence=2400], Pizza[name=Pizza B, priceInPence=2400], Pizza[name=Pizza C, priceInPence=2500], Pizza[name=Pizza B, priceInPence=2400], Pizza[name=Pizza C, priceInPence=2500], Pizza[name=Pizza A, priceInPence=2300], Pizza[name=Pizza A, priceInPence=2300], Pizza[name=Pizza B, priceInPence=2400], Pizza[name=Pizza C, priceInPence=2500], Pizza[name=Pizza A, priceInPence=2300], Pizza[name=Pizza A, priceInPence=2300], Pizza[name=Pizza B, priceInPence=2400], Pizza[name=Pizza A, priceInPence=2300], Pizza[name=Pizza A, priceInPence=2300], Pizza[name=Pizza B, priceInPence=2400], Pizza[name=Pizza B, priceInPence=2400], Pizza[name=Pizza B, priceInPence=2400], Pizza[name=Pizza B, priceInPence=2400], Pizza[name=Pizza B, priceInPence=2400], Pizza[name=Pizza B, priceInPence=2400], Pizza[name=Pizza A, priceInPence=2300], Pizza[name=Pizza A, priceInPence=2300], Pizza[name=Pizza C, priceInPence=2500], Pizza[name=Pizza C, priceInPence=2500], Pizza[name=Pizza A, priceInPence=2300], Pizza[name=Pizza A, priceInPence=2300], Pizza[name=Pizza B, priceInPence=2400], Pizza[name=Pizza C, priceInPence=2500], Pizza[name=Pizza A, priceInPence=2300], Pizza[name=Pizza C, priceInPence=2500], Pizza[name=Pizza B, priceInPence=2400], Pizza[name=Pizza C, priceInPence=2500], Pizza[name=Pizza B, priceInPence=2400], Pizza[name=Pizza A, priceInPence=2300], Pizza[name=Pizza C, priceInPence=2500], Pizza[name=Pizza C, priceInPence=2500], Pizza[name=Pizza A, priceInPence=2300], Pizza[name=Pizza C, priceInPence=2500], Pizza[name=Pizza B, priceInPence=2400], Pizza[name=Pizza A, priceInPence=2300], Pizza[name=Pizza A, priceInPence=2300], Pizza[name=Pizza B, priceInPence=2400], Pizza[name=Pizza C, priceInPence=2500], Pizza[name=Pizza C, priceInPence=2500]]
PriceTotalInPence: 144100
 -- Credit card info 
CreditCardNumber: 0000000000000000
CCV: 222
ExpiryDate: 07/28
]]></system-err>
  </testcase>
  <testcase name="test5PlusPizzasInOneOrder" classname="uk.ac.ed.inf.OrderValidatorTest" time="0">
    <system-err><![CDATA[
 -- Order info 
OrderValidationCode: MAX_PIZZA_COUNT_EXCEEDED
OrderStatus: INVALID
OrderNo: 306BD774
Order Contents: [Pizza[name=Pizza A, priceInPence=2300], Pizza[name=Pizza B, priceInPence=2400], Pizza[name=Pizza B, priceInPence=2400], Pizza[name=Pizza B, priceInPence=2400], Pizza[name=Pizza B, priceInPence=2400], Pizza[name=Pizza C, priceInPence=2500], Pizza[name=Pizza A, priceInPence=2300], Pizza[name=Pizza B, priceInPence=2400], Pizza[name=Pizza B, priceInPence=2400], Pizza[name=Pizza A, priceInPence=2300], Pizza[name=Pizza A, priceInPence=2300], Pizza[name=Pizza A, priceInPence=2300], Pizza[name=Pizza C, priceInPence=2500], Pizza[name=Pizza B, priceInPence=2400], Pizza[name=Pizza C, priceInPence=2500], Pizza[name=Pizza C, priceInPence=2500], Pizza[name=Pizza B, priceInPence=2400], Pizza[name=Pizza B, priceInPence=2400], Pizza[name=Pizza C, priceInPence=2500], Pizza[name=Pizza C, priceInPence=2500], Pizza[name=Pizza C, priceInPence=2500], Pizza[name=Pizza C, priceInPence=2500], Pizza[name=Pizza B, priceInPence=2400], Pizza[name=Pizza B, priceInPence=2400], Pizza[name=Pizza B, priceInPence=2400], Pizza[name=Pizza B, priceInPence=2400], Pizza[name=Pizza A, priceInPence=2300], Pizza[name=Pizza A, priceInPence=2300], Pizza[name=Pizza C, priceInPence=2500], Pizza[name=Pizza A, priceInPence=2300], Pizza[name=Pizza A, priceInPence=2300], Pizza[name=Pizza C, priceInPence=2500], Pizza[name=Pizza B, priceInPence=2400], Pizza[name=Pizza A, priceInPence=2300], Pizza[name=Pizza C, priceInPence=2500], Pizza[name=Pizza A, priceInPence=2300], Pizza[name=Pizza C, priceInPence=2500], Pizza[name=Pizza C, priceInPence=2500], Pizza[name=Pizza A, priceInPence=2300], Pizza[name=Pizza C, priceInPence=2500], Pizza[name=Pizza B, priceInPence=2400], Pizza[name=Pizza A, priceInPence=2300], Pizza[name=Pizza B, priceInPence=2400], Pizza[name=Pizza B, priceInPence=2400], Pizza[name=Pizza B, priceInPence=2400], Pizza[name=Pizza B, priceInPence=2400], Pizza[name=Pizza B, priceInPence=2400], Pizza[name=Pizza C, priceInPence=2500], Pizza[name=Pizza B, priceInPence=2400], Pizza[name=Pizza C, priceInPence=2500], Pizza[name=Pizza B, priceInPence=2400], Pizza[name=Pizza C, priceInPence=2500], Pizza[name=Pizza A, priceInPence=2300], Pizza[name=Pizza A, priceInPence=2300], Pizza[name=Pizza A, priceInPence=2300], Pizza[name=Pizza A, priceInPence=2300], Pizza[name=Pizza B, priceInPence=2400], Pizza[name=Pizza A, priceInPence=2300], Pizza[name=Pizza C, priceInPence=2500], Pizza[name=Pizza B, priceInPence=2400], Pizza[name=Pizza B, priceInPence=2400], Pizza[name=Pizza A, priceInPence=2300], Pizza[name=Pizza C, priceInPence=2500], Pizza[name=Pizza A, priceInPence=2300], Pizza[name=Pizza B, priceInPence=2400], Pizza[name=Pizza A, priceInPence=2300], Pizza[name=Pizza B, priceInPence=2400], Pizza[name=Pizza A, priceInPence=2300], Pizza[name=Pizza B, priceInPence=2400], Pizza[name=Pizza B, priceInPence=2400], Pizza[name=Pizza B, priceInPence=2400], Pizza[name=Pizza B, priceInPence=2400], Pizza[name=Pizza A, priceInPence=2300], Pizza[name=Pizza A, priceInPence=2300], Pizza[name=Pizza C, priceInPence=2500], Pizza[name=Pizza B, priceInPence=2400], Pizza[name=Pizza A, priceInPence=2300], Pizza[name=Pizza A, priceInPence=2300], Pizza[name=Pizza C, priceInPence=2500], Pizza[name=Pizza B, priceInPence=2400], Pizza[name=Pizza B, priceInPence=2400], Pizza[name=Pizza A, priceInPence=2300], Pizza[name=Pizza A, priceInPence=2300], Pizza[name=Pizza B, priceInPence=2400], Pizza[name=Pizza C, priceInPence=2500], Pizza[name=Pizza C, priceInPence=2500], Pizza[name=Pizza A, priceInPence=2300], Pizza[name=Pizza B, priceInPence=2400], Pizza[name=Pizza C, priceInPence=2500], Pizza[name=Pizza C, priceInPence=2500], Pizza[name=Pizza B, priceInPence=2400], Pizza[name=Pizza A, priceInPence=2300], Pizza[name=Pizza C, priceInPence=2500], Pizza[name=Pizza A, priceInPence=2300], Pizza[name=Pizza C, priceInPence=2500]]
PriceTotalInPence: 227700
 -- Credit card info 
CreditCardNumber: 0000000000000000
CCV: 222
ExpiryDate: 11/27
]]></system-err>
  </testcase>
  <testcase name="test5PlusPizzasInOneOrder" classname="uk.ac.ed.inf.OrderValidatorTest" time="0">
    <system-err><![CDATA[
 -- Order info 
OrderValidationCode: MAX_PIZZA_COUNT_EXCEEDED
OrderStatus: INVALID
OrderNo: 56B452FA
Order Contents: [Pizza[name=Pizza C, priceInPence=2500], Pizza[name=Pizza B, priceInPence=2400], Pizza[name=Pizza A, priceInPence=2300], Pizza[name=Pizza A, priceInPence=2300], Pizza[name=Pizza B, priceInPence=2400], Pizza[name=Pizza C, priceInPence=2500], Pizza[name=Pizza C, priceInPence=2500], Pizza[name=Pizza B, priceInPence=2400], Pizza[name=Pizza C, priceInPence=2500], Pizza[name=Pizza C, priceInPence=2500], Pizza[name=Pizza A, priceInPence=2300], Pizza[name=Pizza A, priceInPence=2300], Pizza[name=Pizza B, priceInPence=2400], Pizza[name=Pizza B, priceInPence=2400], Pizza[name=Pizza B, priceInPence=2400], Pizza[name=Pizza A, priceInPence=2300], Pizza[name=Pizza A, priceInPence=2300], Pizza[name=Pizza C, priceInPence=2500], Pizza[name=Pizza B, priceInPence=2400], Pizza[name=Pizza A, priceInPence=2300], Pizza[name=Pizza B, priceInPence=2400], Pizza[name=Pizza A, priceInPence=2300], Pizza[name=Pizza B, priceInPence=2400], Pizza[name=Pizza C, priceInPence=2500], Pizza[name=Pizza A, priceInPence=2300], Pizza[name=Pizza B, priceInPence=2400], Pizza[name=Pizza C, priceInPence=2500], Pizza[name=Pizza A, priceInPence=2300], Pizza[name=Pizza C, priceInPence=2500], Pizza[name=Pizza C, priceInPence=2500], Pizza[name=Pizza A, priceInPence=2300], Pizza[name=Pizza C, priceInPence=2500], Pizza[name=Pizza C, priceInPence=2500], Pizza[name=Pizza A, priceInPence=2300], Pizza[name=Pizza A, priceInPence=2300], Pizza[name=Pizza C, priceInPence=2500], Pizza[name=Pizza B, priceInPence=2400], Pizza[name=Pizza C, priceInPence=2500], Pizza[name=Pizza C, priceInPence=2500], Pizza[name=Pizza B, priceInPence=2400], Pizza[name=Pizza A, priceInPence=2300], Pizza[name=Pizza A, priceInPence=2300], Pizza[name=Pizza A, priceInPence=2300], Pizza[name=Pizza A, priceInPence=2300], Pizza[name=Pizza A, priceInPence=2300], Pizza[name=Pizza A, priceInPence=2300], Pizza[name=Pizza C, priceInPence=2500], Pizza[name=Pizza B, priceInPence=2400], Pizza[name=Pizza A, priceInPence=2300], Pizza[name=Pizza B, priceInPence=2400], Pizza[name=Pizza B, priceInPence=2400], Pizza[name=Pizza A, priceInPence=2300], Pizza[name=Pizza B, priceInPence=2400], Pizza[name=Pizza C, priceInPence=2500], Pizza[name=Pizza B, priceInPence=2400], Pizza[name=Pizza B, priceInPence=2400], Pizza[name=Pizza A, priceInPence=2300], Pizza[name=Pizza B, priceInPence=2400], Pizza[name=Pizza B, priceInPence=2400], Pizza[name=Pizza B, priceInPence=2400], Pizza[name=Pizza B, priceInPence=2400], Pizza[name=Pizza C, priceInPence=2500], Pizza[name=Pizza B, priceInPence=2400], Pizza[name=Pizza B, priceInPence=2400], Pizza[name=Pizza B, priceInPence=2400], Pizza[name=Pizza B, priceInPence=2400], Pizza[name=Pizza A, priceInPence=2300], Pizza[name=Pizza B, priceInPence=2400], Pizza[name=Pizza B, priceInPence=2400], Pizza[name=Pizza C, priceInPence=2500], Pizza[name=Pizza A, priceInPence=2300], Pizza[name=Pizza A, priceInPence=2300], Pizza[name=Pizza B, priceInPence=2400], Pizza[name=Pizza C, priceInPence=2500], Pizza[name=Pizza A, priceInPence=2300], Pizza[name=Pizza A, priceInPence=2300], Pizza[name=Pizza A, priceInPence=2300], Pizza[name=Pizza B, priceInPence=2400], Pizza[name=Pizza B, priceInPence=2400], Pizza[name=Pizza C, priceInPence=2500], Pizza[name=Pizza B, priceInPence=2400], Pizza[name=Pizza A, priceInPence=2300], Pizza[name=Pizza C, priceInPence=2500], Pizza[name=Pizza C, priceInPence=2500]]
PriceTotalInPence: 201100
 -- Credit card info 
CreditCardNumber: 0000000000000000
CCV: 222
ExpiryDate: 09/29
]]></system-err>
  </testcase>
  <testcase name="test5PlusPizzasInOneOrder" classname="uk.ac.ed.inf.OrderValidatorTest" time="0">
    <system-err><![CDATA[
 -- Order info 
OrderValidationCode: MAX_PIZZA_COUNT_EXCEEDED
OrderStatus: INVALID
OrderNo: 1F1F7095
Order Contents: [Pizza[name=Pizza C, priceInPence=2500], Pizza[name=Pizza C, priceInPence=2500], Pizza[name=Pizza B, priceInPence=2400], Pizza[name=Pizza B, priceInPence=2400], Pizza[name=Pizza A, priceInPence=2300], Pizza[name=Pizza A, priceInPence=2300], Pizza[name=Pizza A, priceInPence=2300], Pizza[name=Pizza B, priceInPence=2400], Pizza[name=Pizza A, priceInPence=2300], Pizza[name=Pizza C, priceInPence=2500], Pizza[name=Pizza B, priceInPence=2400], Pizza[name=Pizza C, priceInPence=2500], Pizza[name=Pizza B, priceInPence=2400], Pizza[name=Pizza C, priceInPence=2500], Pizza[name=Pizza C, priceInPence=2500], Pizza[name=Pizza C, priceInPence=2500], Pizza[name=Pizza B, priceInPence=2400], Pizza[name=Pizza C, priceInPence=2500], Pizza[name=Pizza A, priceInPence=2300], Pizza[name=Pizza B, priceInPence=2400], Pizza[name=Pizza A, priceInPence=2300], Pizza[name=Pizza C, priceInPence=2500], Pizza[name=Pizza C, priceInPence=2500], Pizza[name=Pizza B, priceInPence=2400], Pizza[name=Pizza A, priceInPence=2300], Pizza[name=Pizza B, priceInPence=2400], Pizza[name=Pizza B, priceInPence=2400], Pizza[name=Pizza C, priceInPence=2500], Pizza[name=Pizza C, priceInPence=2500], Pizza[name=Pizza B, priceInPence=2400], Pizza[name=Pizza A, priceInPence=2300], Pizza[name=Pizza B, priceInPence=2400], Pizza[name=Pizza C, priceInPence=2500], Pizza[name=Pizza B, priceInPence=2400], Pizza[name=Pizza A, priceInPence=2300], Pizza[name=Pizza A, priceInPence=2300], Pizza[name=Pizza B, priceInPence=2400], Pizza[name=Pizza A, priceInPence=2300], Pizza[name=Pizza C, priceInPence=2500], Pizza[name=Pizza C, priceInPence=2500], Pizza[name=Pizza C, priceInPence=2500], Pizza[name=Pizza C, priceInPence=2500], Pizza[name=Pizza C, priceInPence=2500], Pizza[name=Pizza B, priceInPence=2400], Pizza[name=Pizza C, priceInPence=2500], Pizza[name=Pizza A, priceInPence=2300], Pizza[name=Pizza C, priceInPence=2500], Pizza[name=Pizza C, priceInPence=2500], Pizza[name=Pizza A, priceInPence=2300], Pizza[name=Pizza C, priceInPence=2500], Pizza[name=Pizza A, priceInPence=2300], Pizza[name=Pizza C, priceInPence=2500], Pizza[name=Pizza A, priceInPence=2300], Pizza[name=Pizza C, priceInPence=2500], Pizza[name=Pizza C, priceInPence=2500], Pizza[name=Pizza A, priceInPence=2300], Pizza[name=Pizza A, priceInPence=2300], Pizza[name=Pizza C, priceInPence=2500], Pizza[name=Pizza B, priceInPence=2400], Pizza[name=Pizza B, priceInPence=2400], Pizza[name=Pizza C, priceInPence=2500], Pizza[name=Pizza C, priceInPence=2500], Pizza[name=Pizza A, priceInPence=2300], Pizza[name=Pizza A, priceInPence=2300], Pizza[name=Pizza B, priceInPence=2400], Pizza[name=Pizza C, priceInPence=2500], Pizza[name=Pizza A, priceInPence=2300], Pizza[name=Pizza C, priceInPence=2500], Pizza[name=Pizza A, priceInPence=2300], Pizza[name=Pizza C, priceInPence=2500], Pizza[name=Pizza C, priceInPence=2500], Pizza[name=Pizza B, priceInPence=2400], Pizza[name=Pizza C, priceInPence=2500], Pizza[name=Pizza C, priceInPence=2500], Pizza[name=Pizza B, priceInPence=2400], Pizza[name=Pizza C, priceInPence=2500], Pizza[name=Pizza C, priceInPence=2500], Pizza[name=Pizza C, priceInPence=2500], Pizza[name=Pizza A, priceInPence=2300], Pizza[name=Pizza A, priceInPence=2300]]
PriceTotalInPence: 193500
 -- Credit card info 
CreditCardNumber: 0000000000000000
CCV: 222
ExpiryDate: 01/29
]]></system-err>
  </testcase>
  <testcase name="test5PlusPizzasInOneOrder" classname="uk.ac.ed.inf.OrderValidatorTest" time="0">
    <system-err><![CDATA[
 -- Order info 
OrderValidationCode: MAX_PIZZA_COUNT_EXCEEDED
OrderStatus: INVALID
OrderNo: 203F6EDB
Order Contents: [Pizza[name=Pizza A, priceInPence=2300], Pizza[name=Pizza A, priceInPence=2300], Pizza[name=Pizza A, priceInPence=2300], Pizza[name=Pizza B, priceInPence=2400], Pizza[name=Pizza B, priceInPence=2400], Pizza[name=Pizza C, priceInPence=2500], Pizza[name=Pizza A, priceInPence=2300], Pizza[name=Pizza A, priceInPence=2300], Pizza[name=Pizza C, priceInPence=2500], Pizza[name=Pizza B, priceInPence=2400], Pizza[name=Pizza C, priceInPence=2500], Pizza[name=Pizza C, priceInPence=2500], Pizza[name=Pizza A, priceInPence=2300], Pizza[name=Pizza B, priceInPence=2400], Pizza[name=Pizza A, priceInPence=2300], Pizza[name=Pizza C, priceInPence=2500], Pizza[name=Pizza C, priceInPence=2500], Pizza[name=Pizza C, priceInPence=2500], Pizza[name=Pizza B, priceInPence=2400], Pizza[name=Pizza C, priceInPence=2500], Pizza[name=Pizza C, priceInPence=2500], Pizza[name=Pizza C, priceInPence=2500], Pizza[name=Pizza C, priceInPence=2500], Pizza[name=Pizza A, priceInPence=2300], Pizza[name=Pizza A, priceInPence=2300], Pizza[name=Pizza A, priceInPence=2300]]
PriceTotalInPence: 62600
 -- Credit card info 
CreditCardNumber: 0000000000000000
CCV: 222
ExpiryDate: 07/25
]]></system-err>
  </testcase>
  <testcase name="test5PlusPizzasInOneOrder" classname="uk.ac.ed.inf.OrderValidatorTest" time="0">
    <system-err><![CDATA[
 -- Order info 
OrderValidationCode: MAX_PIZZA_COUNT_EXCEEDED
OrderStatus: INVALID
OrderNo: 0ADEAAC6
Order Contents: [Pizza[name=Pizza B, priceInPence=2400], Pizza[name=Pizza C, priceInPence=2500], Pizza[name=Pizza C, priceInPence=2500], Pizza[name=Pizza C, priceInPence=2500], Pizza[name=Pizza C, priceInPence=2500], Pizza[name=Pizza A, priceInPence=2300], Pizza[name=Pizza B, priceInPence=2400]]
PriceTotalInPence: 17200
 -- Credit card info 
CreditCardNumber: 0000000000000000
CCV: 222
ExpiryDate: 03/28
]]></system-err>
  </testcase>
  <testcase name="test5PlusPizzasInOneOrder" classname="uk.ac.ed.inf.OrderValidatorTest" time="0">
    <system-err><![CDATA[
 -- Order info 
OrderValidationCode: MAX_PIZZA_COUNT_EXCEEDED
OrderStatus: INVALID
OrderNo: 67C16C86
Order Contents: [Pizza[name=Pizza B, priceInPence=2400], Pizza[name=Pizza B, priceInPence=2400], Pizza[name=Pizza C, priceInPence=2500], Pizza[name=Pizza C, priceInPence=2500], Pizza[name=Pizza C, priceInPence=2500], Pizza[name=Pizza A, priceInPence=2300], Pizza[name=Pizza C, priceInPence=2500], Pizza[name=Pizza B, priceInPence=2400], Pizza[name=Pizza B, priceInPence=2400], Pizza[name=Pizza C, priceInPence=2500], Pizza[name=Pizza B, priceInPence=2400], Pizza[name=Pizza A, priceInPence=2300], Pizza[name=Pizza B, priceInPence=2400], Pizza[name=Pizza C, priceInPence=2500], Pizza[name=Pizza C, priceInPence=2500], Pizza[name=Pizza B, priceInPence=2400], Pizza[name=Pizza A, priceInPence=2300], Pizza[name=Pizza A, priceInPence=2300], Pizza[name=Pizza A, priceInPence=2300], Pizza[name=Pizza C, priceInPence=2500], Pizza[name=Pizza C, priceInPence=2500], Pizza[name=Pizza A, priceInPence=2300], Pizza[name=Pizza C, priceInPence=2500], Pizza[name=Pizza A, priceInPence=2300], Pizza[name=Pizza C, priceInPence=2500], Pizza[name=Pizza C, priceInPence=2500], Pizza[name=Pizza B, priceInPence=2400], Pizza[name=Pizza B, priceInPence=2400], Pizza[name=Pizza C, priceInPence=2500], Pizza[name=Pizza C, priceInPence=2500], Pizza[name=Pizza A, priceInPence=2300], Pizza[name=Pizza B, priceInPence=2400], Pizza[name=Pizza B, priceInPence=2400], Pizza[name=Pizza C, priceInPence=2500], Pizza[name=Pizza C, priceInPence=2500], Pizza[name=Pizza B, priceInPence=2400], Pizza[name=Pizza B, priceInPence=2400], Pizza[name=Pizza A, priceInPence=2300], Pizza[name=Pizza A, priceInPence=2300], Pizza[name=Pizza A, priceInPence=2300], Pizza[name=Pizza A, priceInPence=2300], Pizza[name=Pizza B, priceInPence=2400], Pizza[name=Pizza C, priceInPence=2500], Pizza[name=Pizza A, priceInPence=2300], Pizza[name=Pizza C, priceInPence=2500], Pizza[name=Pizza A, priceInPence=2300], Pizza[name=Pizza A, priceInPence=2300], Pizza[name=Pizza B, priceInPence=2400], Pizza[name=Pizza A, priceInPence=2300], Pizza[name=Pizza B, priceInPence=2400], Pizza[name=Pizza A, priceInPence=2300], Pizza[name=Pizza B, priceInPence=2400], Pizza[name=Pizza A, priceInPence=2300], Pizza[name=Pizza C, priceInPence=2500], Pizza[name=Pizza A, priceInPence=2300], Pizza[name=Pizza B, priceInPence=2400], Pizza[name=Pizza A, priceInPence=2300], Pizza[name=Pizza A, priceInPence=2300]]
PriceTotalInPence: 139100
 -- Credit card info 
CreditCardNumber: 0000000000000000
CCV: 222
ExpiryDate: 11/27
]]></system-err>
  </testcase>
  <testcase name="test5PlusPizzasInOneOrder" classname="uk.ac.ed.inf.OrderValidatorTest" time="0">
    <system-err><![CDATA[
 -- Order info 
OrderValidationCode: MAX_PIZZA_COUNT_EXCEEDED
OrderStatus: INVALID
OrderNo: 6B7C0CD8
Order Contents: [Pizza[name=Pizza C, priceInPence=2500], Pizza[name=Pizza B, priceInPence=2400], Pizza[name=Pizza A, priceInPence=2300], Pizza[name=Pizza C, priceInPence=2500], Pizza[name=Pizza A, priceInPence=2300], Pizza[name=Pizza B, priceInPence=2400], Pizza[name=Pizza B, priceInPence=2400], Pizza[name=Pizza A, priceInPence=2300], Pizza[name=Pizza C, priceInPence=2500], Pizza[name=Pizza A, priceInPence=2300], Pizza[name=Pizza B, priceInPence=2400], Pizza[name=Pizza A, priceInPence=2300], Pizza[name=Pizza B, priceInPence=2400], Pizza[name=Pizza C, priceInPence=2500], Pizza[name=Pizza C, priceInPence=2500], Pizza[name=Pizza A, priceInPence=2300], Pizza[name=Pizza B, priceInPence=2400], Pizza[name=Pizza A, priceInPence=2300], Pizza[name=Pizza C, priceInPence=2500], Pizza[name=Pizza B, priceInPence=2400], Pizza[name=Pizza C, priceInPence=2500], Pizza[name=Pizza A, priceInPence=2300], Pizza[name=Pizza B, priceInPence=2400], Pizza[name=Pizza A, priceInPence=2300], Pizza[name=Pizza B, priceInPence=2400], Pizza[name=Pizza B, priceInPence=2400], Pizza[name=Pizza A, priceInPence=2300], Pizza[name=Pizza C, priceInPence=2500], Pizza[name=Pizza A, priceInPence=2300], Pizza[name=Pizza B, priceInPence=2400], Pizza[name=Pizza C, priceInPence=2500], Pizza[name=Pizza B, priceInPence=2400], Pizza[name=Pizza B, priceInPence=2400], Pizza[name=Pizza C, priceInPence=2500], Pizza[name=Pizza C, priceInPence=2500], Pizza[name=Pizza A, priceInPence=2300], Pizza[name=Pizza C, priceInPence=2500], Pizza[name=Pizza B, priceInPence=2400], Pizza[name=Pizza B, priceInPence=2400], Pizza[name=Pizza C, priceInPence=2500], Pizza[name=Pizza A, priceInPence=2300], Pizza[name=Pizza B, priceInPence=2400], Pizza[name=Pizza A, priceInPence=2300], Pizza[name=Pizza B, priceInPence=2400], Pizza[name=Pizza C, priceInPence=2500], Pizza[name=Pizza A, priceInPence=2300], Pizza[name=Pizza A, priceInPence=2300], Pizza[name=Pizza C, priceInPence=2500], Pizza[name=Pizza C, priceInPence=2500], Pizza[name=Pizza A, priceInPence=2300], Pizza[name=Pizza B, priceInPence=2400], Pizza[name=Pizza B, priceInPence=2400], Pizza[name=Pizza B, priceInPence=2400], Pizza[name=Pizza C, priceInPence=2500], Pizza[name=Pizza C, priceInPence=2500], Pizza[name=Pizza B, priceInPence=2400], Pizza[name=Pizza B, priceInPence=2400], Pizza[name=Pizza C, priceInPence=2500], Pizza[name=Pizza A, priceInPence=2300], Pizza[name=Pizza C, priceInPence=2500], Pizza[name=Pizza C, priceInPence=2500], Pizza[name=Pizza C, priceInPence=2500], Pizza[name=Pizza C, priceInPence=2500], Pizza[name=Pizza B, priceInPence=2400], Pizza[name=Pizza C, priceInPence=2500], Pizza[name=Pizza B, priceInPence=2400], Pizza[name=Pizza B, priceInPence=2400], Pizza[name=Pizza A, priceInPence=2300], Pizza[name=Pizza B, priceInPence=2400], Pizza[name=Pizza B, priceInPence=2400], Pizza[name=Pizza B, priceInPence=2400], Pizza[name=Pizza C, priceInPence=2500], Pizza[name=Pizza A, priceInPence=2300]]
PriceTotalInPence: 175800
 -- Credit card info 
CreditCardNumber: 0000000000000000
CCV: 222
ExpiryDate: 05/24
]]></system-err>
  </testcase>
  <testcase name="test5PlusPizzasInOneOrder" classname="uk.ac.ed.inf.OrderValidatorTest" time="0">
    <system-err><![CDATA[
 -- Order info 
OrderValidationCode: MAX_PIZZA_COUNT_EXCEEDED
OrderStatus: INVALID
OrderNo: 4ED32A78
Order Contents: [Pizza[name=Pizza A, priceInPence=2300], Pizza[name=Pizza B, priceInPence=2400], Pizza[name=Pizza A, priceInPence=2300], Pizza[name=Pizza B, priceInPence=2400], Pizza[name=Pizza A, priceInPence=2300], Pizza[name=Pizza A, priceInPence=2300], Pizza[name=Pizza C, priceInPence=2500], Pizza[name=Pizza C, priceInPence=2500], Pizza[name=Pizza A, priceInPence=2300], Pizza[name=Pizza B, priceInPence=2400], Pizza[name=Pizza B, priceInPence=2400], Pizza[name=Pizza A, priceInPence=2300], Pizza[name=Pizza B, priceInPence=2400], Pizza[name=Pizza A, priceInPence=2300], Pizza[name=Pizza C, priceInPence=2500], Pizza[name=Pizza C, priceInPence=2500], Pizza[name=Pizza C, priceInPence=2500], Pizza[name=Pizza C, priceInPence=2500], Pizza[name=Pizza A, priceInPence=2300], Pizza[name=Pizza A, priceInPence=2300], Pizza[name=Pizza B, priceInPence=2400], Pizza[name=Pizza B, priceInPence=2400], Pizza[name=Pizza B, priceInPence=2400]]
PriceTotalInPence: 55000
 -- Credit card info 
CreditCardNumber: 0000000000000000
CCV: 222
ExpiryDate: 11/24
]]></system-err>
  </testcase>
  <testcase name="test5PlusPizzasInOneOrder" classname="uk.ac.ed.inf.OrderValidatorTest" time="0">
    <system-err><![CDATA[
 -- Order info 
OrderValidationCode: MAX_PIZZA_COUNT_EXCEEDED
OrderStatus: INVALID
OrderNo: 622AA2B9
Order Contents: [Pizza[name=Pizza A, priceInPence=2300], Pizza[name=Pizza C, priceInPence=2500], Pizza[name=Pizza C, priceInPence=2500], Pizza[name=Pizza C, priceInPence=2500], Pizza[name=Pizza B, priceInPence=2400], Pizza[name=Pizza B, priceInPence=2400], Pizza[name=Pizza B, priceInPence=2400], Pizza[name=Pizza C, priceInPence=2500], Pizza[name=Pizza C, priceInPence=2500], Pizza[name=Pizza B, priceInPence=2400], Pizza[name=Pizza C, priceInPence=2500], Pizza[name=Pizza A, priceInPence=2300], Pizza[name=Pizza C, priceInPence=2500], Pizza[name=Pizza C, priceInPence=2500], Pizza[name=Pizza A, priceInPence=2300], Pizza[name=Pizza A, priceInPence=2300], Pizza[name=Pizza C, priceInPence=2500], Pizza[name=Pizza A, priceInPence=2300], Pizza[name=Pizza A, priceInPence=2300]]
PriceTotalInPence: 46000
 -- Credit card info 
CreditCardNumber: 0000000000000000
CCV: 222
ExpiryDate: 01/24
]]></system-err>
  </testcase>
  <testcase name="test5PlusPizzasInOneOrder" classname="uk.ac.ed.inf.OrderValidatorTest" time="0">
    <system-err><![CDATA[
 -- Order info 
OrderValidationCode: MAX_PIZZA_COUNT_EXCEEDED
OrderStatus: INVALID
OrderNo: 65CE84D7
Order Contents: [Pizza[name=Pizza B, priceInPence=2400], Pizza[name=Pizza A, priceInPence=2300], Pizza[name=Pizza C, priceInPence=2500], Pizza[name=Pizza B, priceInPence=2400], Pizza[name=Pizza C, priceInPence=2500], Pizza[name=Pizza C, priceInPence=2500], Pizza[name=Pizza B, priceInPence=2400], Pizza[name=Pizza B, priceInPence=2400], Pizza[name=Pizza A, priceInPence=2300], Pizza[name=Pizza B, priceInPence=2400], Pizza[name=Pizza A, priceInPence=2300], Pizza[name=Pizza C, priceInPence=2500], Pizza[name=Pizza C, priceInPence=2500], Pizza[name=Pizza C, priceInPence=2500], Pizza[name=Pizza B, priceInPence=2400], Pizza[name=Pizza C, priceInPence=2500], Pizza[name=Pizza C, priceInPence=2500], Pizza[name=Pizza A, priceInPence=2300], Pizza[name=Pizza B, priceInPence=2400], Pizza[name=Pizza A, priceInPence=2300], Pizza[name=Pizza B, priceInPence=2400], Pizza[name=Pizza C, priceInPence=2500], Pizza[name=Pizza A, priceInPence=2300], Pizza[name=Pizza B, priceInPence=2400], Pizza[name=Pizza B, priceInPence=2400], Pizza[name=Pizza B, priceInPence=2400], Pizza[name=Pizza C, priceInPence=2500], Pizza[name=Pizza C, priceInPence=2500], Pizza[name=Pizza C, priceInPence=2500], Pizza[name=Pizza B, priceInPence=2400], Pizza[name=Pizza A, priceInPence=2300], Pizza[name=Pizza A, priceInPence=2300], Pizza[name=Pizza C, priceInPence=2500], Pizza[name=Pizza B, priceInPence=2400], Pizza[name=Pizza C, priceInPence=2500], Pizza[name=Pizza A, priceInPence=2300], Pizza[name=Pizza A, priceInPence=2300], Pizza[name=Pizza C, priceInPence=2500], Pizza[name=Pizza A, priceInPence=2300], Pizza[name=Pizza C, priceInPence=2500], Pizza[name=Pizza A, priceInPence=2300], Pizza[name=Pizza C, priceInPence=2500], Pizza[name=Pizza B, priceInPence=2400], Pizza[name=Pizza A, priceInPence=2300], Pizza[name=Pizza B, priceInPence=2400], Pizza[name=Pizza A, priceInPence=2300]]
PriceTotalInPence: 110800
 -- Credit card info 
CreditCardNumber: 0000000000000000
CCV: 222
ExpiryDate: 02/27
]]></system-err>
  </testcase>
  <testcase name="test5PlusPizzasInOneOrder" classname="uk.ac.ed.inf.OrderValidatorTest" time="0">
    <system-err><![CDATA[
 -- Order info 
OrderValidationCode: MAX_PIZZA_COUNT_EXCEEDED
OrderStatus: INVALID
OrderNo: 36B4DE09
Order Contents: [Pizza[name=Pizza B, priceInPence=2400], Pizza[name=Pizza A, priceInPence=2300], Pizza[name=Pizza C, priceInPence=2500], Pizza[name=Pizza B, priceInPence=2400], Pizza[name=Pizza C, priceInPence=2500], Pizza[name=Pizza A, priceInPence=2300], Pizza[name=Pizza A, priceInPence=2300], Pizza[name=Pizza C, priceInPence=2500], Pizza[name=Pizza B, priceInPence=2400], Pizza[name=Pizza C, priceInPence=2500], Pizza[name=Pizza C, priceInPence=2500], Pizza[name=Pizza A, priceInPence=2300], Pizza[name=Pizza B, priceInPence=2400], Pizza[name=Pizza C, priceInPence=2500], Pizza[name=Pizza B, priceInPence=2400], Pizza[name=Pizza B, priceInPence=2400], Pizza[name=Pizza C, priceInPence=2500], Pizza[name=Pizza A, priceInPence=2300], Pizza[name=Pizza C, priceInPence=2500], Pizza[name=Pizza C, priceInPence=2500], Pizza[name=Pizza A, priceInPence=2300], Pizza[name=Pizza B, priceInPence=2400], Pizza[name=Pizza C, priceInPence=2500], Pizza[name=Pizza A, priceInPence=2300], Pizza[name=Pizza B, priceInPence=2400], Pizza[name=Pizza A, priceInPence=2300]]
PriceTotalInPence: 62700
 -- Credit card info 
CreditCardNumber: 0000000000000000
CCV: 222
ExpiryDate: 11/24
]]></system-err>
  </testcase>
  <testcase name="test5PlusPizzasInOneOrder" classname="uk.ac.ed.inf.OrderValidatorTest" time="0">
    <system-err><![CDATA[
 -- Order info 
OrderValidationCode: MAX_PIZZA_COUNT_EXCEEDED
OrderStatus: INVALID
OrderNo: 0E2E7829
Order Contents: [Pizza[name=Pizza A, priceInPence=2300], Pizza[name=Pizza C, priceInPence=2500], Pizza[name=Pizza B, priceInPence=2400], Pizza[name=Pizza A, priceInPence=2300], Pizza[name=Pizza C, priceInPence=2500], Pizza[name=Pizza B, priceInPence=2400], Pizza[name=Pizza A, priceInPence=2300], Pizza[name=Pizza C, priceInPence=2500], Pizza[name=Pizza C, priceInPence=2500], Pizza[name=Pizza C, priceInPence=2500], Pizza[name=Pizza B, priceInPence=2400], Pizza[name=Pizza C, priceInPence=2500], Pizza[name=Pizza C, priceInPence=2500], Pizza[name=Pizza B, priceInPence=2400], Pizza[name=Pizza C, priceInPence=2500], Pizza[name=Pizza A, priceInPence=2300], Pizza[name=Pizza C, priceInPence=2500], Pizza[name=Pizza C, priceInPence=2500], Pizza[name=Pizza B, priceInPence=2400], Pizza[name=Pizza B, priceInPence=2400], Pizza[name=Pizza A, priceInPence=2300], Pizza[name=Pizza A, priceInPence=2300], Pizza[name=Pizza C, priceInPence=2500], Pizza[name=Pizza B, priceInPence=2400], Pizza[name=Pizza B, priceInPence=2400], Pizza[name=Pizza B, priceInPence=2400], Pizza[name=Pizza A, priceInPence=2300], Pizza[name=Pizza B, priceInPence=2400], Pizza[name=Pizza B, priceInPence=2400], Pizza[name=Pizza B, priceInPence=2400], Pizza[name=Pizza C, priceInPence=2500], Pizza[name=Pizza A, priceInPence=2300], Pizza[name=Pizza C, priceInPence=2500], Pizza[name=Pizza C, priceInPence=2500], Pizza[name=Pizza A, priceInPence=2300], Pizza[name=Pizza C, priceInPence=2500], Pizza[name=Pizza B, priceInPence=2400], Pizza[name=Pizza A, priceInPence=2300], Pizza[name=Pizza A, priceInPence=2300], Pizza[name=Pizza C, priceInPence=2500], Pizza[name=Pizza A, priceInPence=2300], Pizza[name=Pizza B, priceInPence=2400], Pizza[name=Pizza B, priceInPence=2400], Pizza[name=Pizza A, priceInPence=2300], Pizza[name=Pizza C, priceInPence=2500], Pizza[name=Pizza B, priceInPence=2400], Pizza[name=Pizza C, priceInPence=2500], Pizza[name=Pizza C, priceInPence=2500], Pizza[name=Pizza A, priceInPence=2300], Pizza[name=Pizza A, priceInPence=2300], Pizza[name=Pizza B, priceInPence=2400], Pizza[name=Pizza A, priceInPence=2300], Pizza[name=Pizza A, priceInPence=2300], Pizza[name=Pizza C, priceInPence=2500], Pizza[name=Pizza A, priceInPence=2300], Pizza[name=Pizza B, priceInPence=2400], Pizza[name=Pizza A, priceInPence=2300], Pizza[name=Pizza C, priceInPence=2500], Pizza[name=Pizza C, priceInPence=2500], Pizza[name=Pizza C, priceInPence=2500], Pizza[name=Pizza A, priceInPence=2300], Pizza[name=Pizza A, priceInPence=2300], Pizza[name=Pizza A, priceInPence=2300], Pizza[name=Pizza B, priceInPence=2400], Pizza[name=Pizza B, priceInPence=2400], Pizza[name=Pizza B, priceInPence=2400], Pizza[name=Pizza A, priceInPence=2300], Pizza[name=Pizza C, priceInPence=2500], Pizza[name=Pizza A, priceInPence=2300], Pizza[name=Pizza A, priceInPence=2300], Pizza[name=Pizza A, priceInPence=2300], Pizza[name=Pizza A, priceInPence=2300], Pizza[name=Pizza A, priceInPence=2300], Pizza[name=Pizza A, priceInPence=2300], Pizza[name=Pizza A, priceInPence=2300], Pizza[name=Pizza B, priceInPence=2400], Pizza[name=Pizza A, priceInPence=2300], Pizza[name=Pizza B, priceInPence=2400], Pizza[name=Pizza B, priceInPence=2400], Pizza[name=Pizza C, priceInPence=2500], Pizza[name=Pizza C, priceInPence=2500], Pizza[name=Pizza C, priceInPence=2500], Pizza[name=Pizza C, priceInPence=2500], Pizza[name=Pizza C, priceInPence=2500], Pizza[name=Pizza B, priceInPence=2400]]
PriceTotalInPence: 203900
 -- Credit card info 
CreditCardNumber: 0000000000000000
CCV: 222
ExpiryDate: 10/29
]]></system-err>
  </testcase>
  <testcase name="test5PlusPizzasInOneOrder" classname="uk.ac.ed.inf.OrderValidatorTest" time="0">
    <system-err><![CDATA[
 -- Order info 
OrderValidationCode: MAX_PIZZA_COUNT_EXCEEDED
OrderStatus: INVALID
OrderNo: 27845005
Order Contents: [Pizza[name=Pizza B, priceInPence=2400], Pizza[name=Pizza A, priceInPence=2300], Pizza[name=Pizza C, priceInPence=2500], Pizza[name=Pizza C, priceInPence=2500], Pizza[name=Pizza C, priceInPence=2500], Pizza[name=Pizza B, priceInPence=2400], Pizza[name=Pizza B, priceInPence=2400], Pizza[name=Pizza B, priceInPence=2400], Pizza[name=Pizza A, priceInPence=2300], Pizza[name=Pizza C, priceInPence=2500], Pizza[name=Pizza B, priceInPence=2400], Pizza[name=Pizza A, priceInPence=2300], Pizza[name=Pizza C, priceInPence=2500], Pizza[name=Pizza C, priceInPence=2500], Pizza[name=Pizza A, priceInPence=2300]]
PriceTotalInPence: 36300
 -- Credit card info 
CreditCardNumber: 0000000000000000
CCV: 222
ExpiryDate: 10/24
]]></system-err>
  </testcase>
  <testcase name="test5PlusPizzasInOneOrder" classname="uk.ac.ed.inf.OrderValidatorTest" time="0">
    <system-err><![CDATA[
 -- Order info 
OrderValidationCode: MAX_PIZZA_COUNT_EXCEEDED
OrderStatus: INVALID
OrderNo: 2D04C8BB
Order Contents: [Pizza[name=Pizza A, priceInPence=2300], Pizza[name=Pizza A, priceInPence=2300], Pizza[name=Pizza A, priceInPence=2300], Pizza[name=Pizza A, priceInPence=2300], Pizza[name=Pizza A, priceInPence=2300], Pizza[name=Pizza A, priceInPence=2300], Pizza[name=Pizza A, priceInPence=2300], Pizza[name=Pizza B, priceInPence=2400], Pizza[name=Pizza B, priceInPence=2400], Pizza[name=Pizza A, priceInPence=2300], Pizza[name=Pizza A, priceInPence=2300], Pizza[name=Pizza A, priceInPence=2300], Pizza[name=Pizza A, priceInPence=2300], Pizza[name=Pizza C, priceInPence=2500], Pizza[name=Pizza B, priceInPence=2400], Pizza[name=Pizza C, priceInPence=2500], Pizza[name=Pizza C, priceInPence=2500], Pizza[name=Pizza B, priceInPence=2400], Pizza[name=Pizza C, priceInPence=2500], Pizza[name=Pizza A, priceInPence=2300], Pizza[name=Pizza C, priceInPence=2500], Pizza[name=Pizza A, priceInPence=2300], Pizza[name=Pizza C, priceInPence=2500], Pizza[name=Pizza A, priceInPence=2300], Pizza[name=Pizza A, priceInPence=2300], Pizza[name=Pizza B, priceInPence=2400], Pizza[name=Pizza C, priceInPence=2500], Pizza[name=Pizza C, priceInPence=2500], Pizza[name=Pizza B, priceInPence=2400], Pizza[name=Pizza B, priceInPence=2400], Pizza[name=Pizza A, priceInPence=2300], Pizza[name=Pizza A, priceInPence=2300], Pizza[name=Pizza A, priceInPence=2300], Pizza[name=Pizza B, priceInPence=2400], Pizza[name=Pizza C, priceInPence=2500], Pizza[name=Pizza B, priceInPence=2400], Pizza[name=Pizza C, priceInPence=2500], Pizza[name=Pizza A, priceInPence=2300], Pizza[name=Pizza A, priceInPence=2300], Pizza[name=Pizza A, priceInPence=2300], Pizza[name=Pizza C, priceInPence=2500], Pizza[name=Pizza C, priceInPence=2500], Pizza[name=Pizza C, priceInPence=2500], Pizza[name=Pizza C, priceInPence=2500], Pizza[name=Pizza C, priceInPence=2500], Pizza[name=Pizza B, priceInPence=2400], Pizza[name=Pizza C, priceInPence=2500], Pizza[name=Pizza C, priceInPence=2500], Pizza[name=Pizza A, priceInPence=2300], Pizza[name=Pizza A, priceInPence=2300], Pizza[name=Pizza A, priceInPence=2300], Pizza[name=Pizza C, priceInPence=2500], Pizza[name=Pizza C, priceInPence=2500], Pizza[name=Pizza C, priceInPence=2500], Pizza[name=Pizza C, priceInPence=2500], Pizza[name=Pizza A, priceInPence=2300], Pizza[name=Pizza B, priceInPence=2400], Pizza[name=Pizza B, priceInPence=2400], Pizza[name=Pizza B, priceInPence=2400], Pizza[name=Pizza A, priceInPence=2300], Pizza[name=Pizza C, priceInPence=2500], Pizza[name=Pizza B, priceInPence=2400], Pizza[name=Pizza B, priceInPence=2400], Pizza[name=Pizza B, priceInPence=2400], Pizza[name=Pizza A, priceInPence=2300], Pizza[name=Pizza A, priceInPence=2300], Pizza[name=Pizza C, priceInPence=2500], Pizza[name=Pizza B, priceInPence=2400], Pizza[name=Pizza C, priceInPence=2500], Pizza[name=Pizza B, priceInPence=2400], Pizza[name=Pizza B, priceInPence=2400], Pizza[name=Pizza C, priceInPence=2500], Pizza[name=Pizza B, priceInPence=2400], Pizza[name=Pizza A, priceInPence=2300], Pizza[name=Pizza B, priceInPence=2400], Pizza[name=Pizza B, priceInPence=2400], Pizza[name=Pizza A, priceInPence=2300], Pizza[name=Pizza B, priceInPence=2400], Pizza[name=Pizza C, priceInPence=2500], Pizza[name=Pizza B, priceInPence=2400], Pizza[name=Pizza B, priceInPence=2400], Pizza[name=Pizza B, priceInPence=2400]]
PriceTotalInPence: 196500
 -- Credit card info 
CreditCardNumber: 0000000000000000
CCV: 222
ExpiryDate: 06/28
]]></system-err>
  </testcase>
  <testcase name="test5PlusPizzasInOneOrder" classname="uk.ac.ed.inf.OrderValidatorTest" time="0">
    <system-err><![CDATA[
 -- Order info 
OrderValidationCode: MAX_PIZZA_COUNT_EXCEEDED
OrderStatus: INVALID
OrderNo: 09978EEC
Order Contents: [Pizza[name=Pizza A, priceInPence=2300], Pizza[name=Pizza A, priceInPence=2300], Pizza[name=Pizza C, priceInPence=2500], Pizza[name=Pizza C, priceInPence=2500], Pizza[name=Pizza C, priceInPence=2500], Pizza[name=Pizza B, priceInPence=2400], Pizza[name=Pizza C, priceInPence=2500]]
PriceTotalInPence: 17100
 -- Credit card info 
CreditCardNumber: 0000000000000000
CCV: 222
ExpiryDate: 08/25
]]></system-err>
  </testcase>
  <testcase name="test5PlusPizzasInOneOrder" classname="uk.ac.ed.inf.OrderValidatorTest" time="0">
    <system-err><![CDATA[
 -- Order info 
OrderValidationCode: MAX_PIZZA_COUNT_EXCEEDED
OrderStatus: INVALID
OrderNo: 2BD3CFE7
Order Contents: [Pizza[name=Pizza B, priceInPence=2400], Pizza[name=Pizza B, priceInPence=2400], Pizza[name=Pizza C, priceInPence=2500], Pizza[name=Pizza B, priceInPence=2400], Pizza[name=Pizza A, priceInPence=2300], Pizza[name=Pizza B, priceInPence=2400], Pizza[name=Pizza C, priceInPence=2500], Pizza[name=Pizza A, priceInPence=2300], Pizza[name=Pizza C, priceInPence=2500], Pizza[name=Pizza C, priceInPence=2500], Pizza[name=Pizza C, priceInPence=2500], Pizza[name=Pizza A, priceInPence=2300], Pizza[name=Pizza B, priceInPence=2400], Pizza[name=Pizza C, priceInPence=2500], Pizza[name=Pizza A, priceInPence=2300], Pizza[name=Pizza C, priceInPence=2500], Pizza[name=Pizza B, priceInPence=2400], Pizza[name=Pizza B, priceInPence=2400], Pizza[name=Pizza C, priceInPence=2500], Pizza[name=Pizza A, priceInPence=2300], Pizza[name=Pizza A, priceInPence=2300], Pizza[name=Pizza C, priceInPence=2500], Pizza[name=Pizza A, priceInPence=2300], Pizza[name=Pizza A, priceInPence=2300], Pizza[name=Pizza C, priceInPence=2500], Pizza[name=Pizza A, priceInPence=2300], Pizza[name=Pizza B, priceInPence=2400], Pizza[name=Pizza C, priceInPence=2500], Pizza[name=Pizza A, priceInPence=2300], Pizza[name=Pizza C, priceInPence=2500], Pizza[name=Pizza A, priceInPence=2300], Pizza[name=Pizza A, priceInPence=2300], Pizza[name=Pizza A, priceInPence=2300], Pizza[name=Pizza A, priceInPence=2300], Pizza[name=Pizza C, priceInPence=2500], Pizza[name=Pizza C, priceInPence=2500], Pizza[name=Pizza C, priceInPence=2500], Pizza[name=Pizza C, priceInPence=2500], Pizza[name=Pizza B, priceInPence=2400], Pizza[name=Pizza B, priceInPence=2400], Pizza[name=Pizza C, priceInPence=2500], Pizza[name=Pizza B, priceInPence=2400], Pizza[name=Pizza B, priceInPence=2400], Pizza[name=Pizza A, priceInPence=2300], Pizza[name=Pizza B, priceInPence=2400], Pizza[name=Pizza B, priceInPence=2400], Pizza[name=Pizza A, priceInPence=2300], Pizza[name=Pizza B, priceInPence=2400], Pizza[name=Pizza A, priceInPence=2300], Pizza[name=Pizza A, priceInPence=2300], Pizza[name=Pizza C, priceInPence=2500], Pizza[name=Pizza A, priceInPence=2300], Pizza[name=Pizza B, priceInPence=2400], Pizza[name=Pizza B, priceInPence=2400], Pizza[name=Pizza A, priceInPence=2300], Pizza[name=Pizza B, priceInPence=2400], Pizza[name=Pizza C, priceInPence=2500], Pizza[name=Pizza C, priceInPence=2500], Pizza[name=Pizza C, priceInPence=2500], Pizza[name=Pizza C, priceInPence=2500], Pizza[name=Pizza C, priceInPence=2500], Pizza[name=Pizza C, priceInPence=2500], Pizza[name=Pizza B, priceInPence=2400], Pizza[name=Pizza A, priceInPence=2300], Pizza[name=Pizza B, priceInPence=2400], Pizza[name=Pizza B, priceInPence=2400], Pizza[name=Pizza B, priceInPence=2400], Pizza[name=Pizza A, priceInPence=2300], Pizza[name=Pizza B, priceInPence=2400], Pizza[name=Pizza B, priceInPence=2400], Pizza[name=Pizza A, priceInPence=2300], Pizza[name=Pizza A, priceInPence=2300], Pizza[name=Pizza A, priceInPence=2300], Pizza[name=Pizza A, priceInPence=2300], Pizza[name=Pizza B, priceInPence=2400], Pizza[name=Pizza C, priceInPence=2500], Pizza[name=Pizza C, priceInPence=2500], Pizza[name=Pizza B, priceInPence=2400]]
PriceTotalInPence: 187300
 -- Credit card info 
CreditCardNumber: 0000000000000000
CCV: 222
ExpiryDate: 03/28
]]></system-err>
  </testcase>
  <testcase name="test5PlusPizzasInOneOrder" classname="uk.ac.ed.inf.OrderValidatorTest" time="0">
    <system-err><![CDATA[
 -- Order info 
OrderValidationCode: MAX_PIZZA_COUNT_EXCEEDED
OrderStatus: INVALID
OrderNo: 0C78B088
Order Contents: [Pizza[name=Pizza B, priceInPence=2400], Pizza[name=Pizza A, priceInPence=2300], Pizza[name=Pizza B, priceInPence=2400], Pizza[name=Pizza C, priceInPence=2500], Pizza[name=Pizza C, priceInPence=2500], Pizza[name=Pizza C, priceInPence=2500], Pizza[name=Pizza A, priceInPence=2300], Pizza[name=Pizza C, priceInPence=2500], Pizza[name=Pizza A, priceInPence=2300], Pizza[name=Pizza B, priceInPence=2400], Pizza[name=Pizza A, priceInPence=2300], Pizza[name=Pizza C, priceInPence=2500], Pizza[name=Pizza B, priceInPence=2400], Pizza[name=Pizza A, priceInPence=2300], Pizza[name=Pizza C, priceInPence=2500], Pizza[name=Pizza C, priceInPence=2500], Pizza[name=Pizza B, priceInPence=2400], Pizza[name=Pizza C, priceInPence=2500], Pizza[name=Pizza A, priceInPence=2300], Pizza[name=Pizza A, priceInPence=2300], Pizza[name=Pizza A, priceInPence=2300], Pizza[name=Pizza B, priceInPence=2400], Pizza[name=Pizza C, priceInPence=2500]]
PriceTotalInPence: 55400
 -- Credit card info 
CreditCardNumber: 0000000000000000
CCV: 222
ExpiryDate: 03/29
]]></system-err>
  </testcase>
  <testcase name="test5PlusPizzasInOneOrder" classname="uk.ac.ed.inf.OrderValidatorTest" time="0">
    <system-err><![CDATA[
 -- Order info 
OrderValidationCode: MAX_PIZZA_COUNT_EXCEEDED
OrderStatus: INVALID
OrderNo: 0BF8D937
Order Contents: [Pizza[name=Pizza A, priceInPence=2300], Pizza[name=Pizza B, priceInPence=2400], Pizza[name=Pizza B, priceInPence=2400], Pizza[name=Pizza B, priceInPence=2400], Pizza[name=Pizza C, priceInPence=2500], Pizza[name=Pizza A, priceInPence=2300], Pizza[name=Pizza A, priceInPence=2300], Pizza[name=Pizza B, priceInPence=2400], Pizza[name=Pizza C, priceInPence=2500], Pizza[name=Pizza C, priceInPence=2500], Pizza[name=Pizza A, priceInPence=2300], Pizza[name=Pizza B, priceInPence=2400]]
PriceTotalInPence: 28800
 -- Credit card info 
CreditCardNumber: 0000000000000000
CCV: 222
ExpiryDate: 11/24
]]></system-err>
  </testcase>
  <testcase name="test5PlusPizzasInOneOrder" classname="uk.ac.ed.inf.OrderValidatorTest" time="0">
    <system-err><![CDATA[
 -- Order info 
OrderValidationCode: MAX_PIZZA_COUNT_EXCEEDED
OrderStatus: INVALID
OrderNo: 7729271A
Order Contents: [Pizza[name=Pizza B, priceInPence=2400], Pizza[name=Pizza C, priceInPence=2500], Pizza[name=Pizza A, priceInPence=2300], Pizza[name=Pizza B, priceInPence=2400], Pizza[name=Pizza A, priceInPence=2300], Pizza[name=Pizza C, priceInPence=2500], Pizza[name=Pizza A, priceInPence=2300], Pizza[name=Pizza A, priceInPence=2300], Pizza[name=Pizza B, priceInPence=2400], Pizza[name=Pizza B, priceInPence=2400], Pizza[name=Pizza C, priceInPence=2500], Pizza[name=Pizza B, priceInPence=2400], Pizza[name=Pizza B, priceInPence=2400], Pizza[name=Pizza B, priceInPence=2400], Pizza[name=Pizza A, priceInPence=2300], Pizza[name=Pizza B, priceInPence=2400], Pizza[name=Pizza C, priceInPence=2500], Pizza[name=Pizza C, priceInPence=2500], Pizza[name=Pizza A, priceInPence=2300], Pizza[name=Pizza A, priceInPence=2300], Pizza[name=Pizza C, priceInPence=2500], Pizza[name=Pizza B, priceInPence=2400], Pizza[name=Pizza A, priceInPence=2300], Pizza[name=Pizza C, priceInPence=2500], Pizza[name=Pizza A, priceInPence=2300], Pizza[name=Pizza B, priceInPence=2400], Pizza[name=Pizza B, priceInPence=2400], Pizza[name=Pizza A, priceInPence=2300], Pizza[name=Pizza C, priceInPence=2500], Pizza[name=Pizza C, priceInPence=2500], Pizza[name=Pizza C, priceInPence=2500], Pizza[name=Pizza C, priceInPence=2500], Pizza[name=Pizza B, priceInPence=2400], Pizza[name=Pizza B, priceInPence=2400], Pizza[name=Pizza A, priceInPence=2300], Pizza[name=Pizza C, priceInPence=2500], Pizza[name=Pizza B, priceInPence=2400], Pizza[name=Pizza C, priceInPence=2500], Pizza[name=Pizza A, priceInPence=2300], Pizza[name=Pizza A, priceInPence=2300], Pizza[name=Pizza B, priceInPence=2400], Pizza[name=Pizza B, priceInPence=2400], Pizza[name=Pizza C, priceInPence=2500], Pizza[name=Pizza A, priceInPence=2300], Pizza[name=Pizza B, priceInPence=2400], Pizza[name=Pizza A, priceInPence=2300], Pizza[name=Pizza B, priceInPence=2400], Pizza[name=Pizza C, priceInPence=2500], Pizza[name=Pizza C, priceInPence=2500], Pizza[name=Pizza A, priceInPence=2300], Pizza[name=Pizza B, priceInPence=2400], Pizza[name=Pizza A, priceInPence=2300], Pizza[name=Pizza B, priceInPence=2400], Pizza[name=Pizza C, priceInPence=2500], Pizza[name=Pizza A, priceInPence=2300], Pizza[name=Pizza B, priceInPence=2400], Pizza[name=Pizza C, priceInPence=2500], Pizza[name=Pizza B, priceInPence=2400], Pizza[name=Pizza B, priceInPence=2400], Pizza[name=Pizza B, priceInPence=2400], Pizza[name=Pizza B, priceInPence=2400], Pizza[name=Pizza A, priceInPence=2300], Pizza[name=Pizza C, priceInPence=2500], Pizza[name=Pizza B, priceInPence=2400], Pizza[name=Pizza A, priceInPence=2300], Pizza[name=Pizza B, priceInPence=2400], Pizza[name=Pizza B, priceInPence=2400], Pizza[name=Pizza A, priceInPence=2300], Pizza[name=Pizza A, priceInPence=2300], Pizza[name=Pizza B, priceInPence=2400], Pizza[name=Pizza A, priceInPence=2300], Pizza[name=Pizza A, priceInPence=2300], Pizza[name=Pizza B, priceInPence=2400], Pizza[name=Pizza A, priceInPence=2300], Pizza[name=Pizza B, priceInPence=2400], Pizza[name=Pizza A, priceInPence=2300], Pizza[name=Pizza C, priceInPence=2500], Pizza[name=Pizza A, priceInPence=2300], Pizza[name=Pizza B, priceInPence=2400], Pizza[name=Pizza B, priceInPence=2400], Pizza[name=Pizza C, priceInPence=2500], Pizza[name=Pizza C, priceInPence=2500], Pizza[name=Pizza A, priceInPence=2300], Pizza[name=Pizza B, priceInPence=2400], Pizza[name=Pizza B, priceInPence=2400], Pizza[name=Pizza C, priceInPence=2500], Pizza[name=Pizza A, priceInPence=2300], Pizza[name=Pizza C, priceInPence=2500], Pizza[name=Pizza C, priceInPence=2500], Pizza[name=Pizza B, priceInPence=2400], Pizza[name=Pizza C, priceInPence=2500], Pizza[name=Pizza C, priceInPence=2500], Pizza[name=Pizza A, priceInPence=2300], Pizza[name=Pizza B, priceInPence=2400], Pizza[name=Pizza C, priceInPence=2500], Pizza[name=Pizza B, priceInPence=2400], Pizza[name=Pizza A, priceInPence=2300], Pizza[name=Pizza C, priceInPence=2500]]
PriceTotalInPence: 235100
 -- Credit card info 
CreditCardNumber: 0000000000000000
CCV: 222
ExpiryDate: 01/25
]]></system-err>
  </testcase>
  <testcase name="test5PlusPizzasInOneOrder" classname="uk.ac.ed.inf.OrderValidatorTest" time="0">
    <system-err><![CDATA[
 -- Order info 
OrderValidationCode: MAX_PIZZA_COUNT_EXCEEDED
OrderStatus: INVALID
OrderNo: 20E67510
Order Contents: [Pizza[name=Pizza A, priceInPence=2300], Pizza[name=Pizza A, priceInPence=2300], Pizza[name=Pizza C, priceInPence=2500], Pizza[name=Pizza A, priceInPence=2300], Pizza[name=Pizza C, priceInPence=2500], Pizza[name=Pizza C, priceInPence=2500], Pizza[name=Pizza B, priceInPence=2400], Pizza[name=Pizza B, priceInPence=2400], Pizza[name=Pizza A, priceInPence=2300], Pizza[name=Pizza A, priceInPence=2300], Pizza[name=Pizza C, priceInPence=2500], Pizza[name=Pizza B, priceInPence=2400], Pizza[name=Pizza C, priceInPence=2500], Pizza[name=Pizza B, priceInPence=2400], Pizza[name=Pizza C, priceInPence=2500], Pizza[name=Pizza C, priceInPence=2500], Pizza[name=Pizza C, priceInPence=2500], Pizza[name=Pizza A, priceInPence=2300], Pizza[name=Pizza C, priceInPence=2500], Pizza[name=Pizza B, priceInPence=2400], Pizza[name=Pizza C, priceInPence=2500], Pizza[name=Pizza B, priceInPence=2400], Pizza[name=Pizza B, priceInPence=2400], Pizza[name=Pizza C, priceInPence=2500], Pizza[name=Pizza A, priceInPence=2300], Pizza[name=Pizza A, priceInPence=2300], Pizza[name=Pizza A, priceInPence=2300], Pizza[name=Pizza C, priceInPence=2500], Pizza[name=Pizza A, priceInPence=2300], Pizza[name=Pizza C, priceInPence=2500], Pizza[name=Pizza C, priceInPence=2500], Pizza[name=Pizza C, priceInPence=2500], Pizza[name=Pizza B, priceInPence=2400], Pizza[name=Pizza A, priceInPence=2300], Pizza[name=Pizza A, priceInPence=2300], Pizza[name=Pizza C, priceInPence=2500], Pizza[name=Pizza A, priceInPence=2300], Pizza[name=Pizza C, priceInPence=2500], Pizza[name=Pizza B, priceInPence=2400], Pizza[name=Pizza C, priceInPence=2500], Pizza[name=Pizza B, priceInPence=2400], Pizza[name=Pizza A, priceInPence=2300], Pizza[name=Pizza A, priceInPence=2300], Pizza[name=Pizza C, priceInPence=2500], Pizza[name=Pizza B, priceInPence=2400], Pizza[name=Pizza C, priceInPence=2500], Pizza[name=Pizza B, priceInPence=2400], Pizza[name=Pizza A, priceInPence=2300], Pizza[name=Pizza A, priceInPence=2300], Pizza[name=Pizza C, priceInPence=2500], Pizza[name=Pizza B, priceInPence=2400], Pizza[name=Pizza B, priceInPence=2400], Pizza[name=Pizza C, priceInPence=2500], Pizza[name=Pizza B, priceInPence=2400], Pizza[name=Pizza B, priceInPence=2400]]
PriceTotalInPence: 132600
 -- Credit card info 
CreditCardNumber: 0000000000000000
CCV: 222
ExpiryDate: 10/25
]]></system-err>
  </testcase>
  <testcase name="test5PlusPizzasInOneOrder" classname="uk.ac.ed.inf.OrderValidatorTest" time="0">
    <system-err><![CDATA[
 -- Order info 
OrderValidationCode: MAX_PIZZA_COUNT_EXCEEDED
OrderStatus: INVALID
OrderNo: 163E8ABA
Order Contents: [Pizza[name=Pizza C, priceInPence=2500], Pizza[name=Pizza B, priceInPence=2400], Pizza[name=Pizza A, priceInPence=2300], Pizza[name=Pizza C, priceInPence=2500], Pizza[name=Pizza A, priceInPence=2300], Pizza[name=Pizza C, priceInPence=2500], Pizza[name=Pizza C, priceInPence=2500], Pizza[name=Pizza C, priceInPence=2500], Pizza[name=Pizza B, priceInPence=2400], Pizza[name=Pizza A, priceInPence=2300]]
PriceTotalInPence: 24300
 -- Credit card info 
CreditCardNumber: 0000000000000000
CCV: 222
ExpiryDate: 03/26
]]></system-err>
  </testcase>
  <testcase name="test5PlusPizzasInOneOrder" classname="uk.ac.ed.inf.OrderValidatorTest" time="0">
    <system-err><![CDATA[
 -- Order info 
OrderValidationCode: MAX_PIZZA_COUNT_EXCEEDED
OrderStatus: INVALID
OrderNo: 2035609D
Order Contents: [Pizza[name=Pizza A, priceInPence=2300], Pizza[name=Pizza B, priceInPence=2400], Pizza[name=Pizza C, priceInPence=2500], Pizza[name=Pizza C, priceInPence=2500], Pizza[name=Pizza B, priceInPence=2400]]
PriceTotalInPence: 12200
 -- Credit card info 
CreditCardNumber: 0000000000000000
CCV: 222
ExpiryDate: 07/27
]]></system-err>
  </testcase>
  <testcase name="test5PlusPizzasInOneOrder" classname="uk.ac.ed.inf.OrderValidatorTest" time="0">
    <system-err><![CDATA[
 -- Order info 
OrderValidationCode: MAX_PIZZA_COUNT_EXCEEDED
OrderStatus: INVALID
OrderNo: 06BE1819
Order Contents: [Pizza[name=Pizza A, priceInPence=2300], Pizza[name=Pizza C, priceInPence=2500], Pizza[name=Pizza C, priceInPence=2500], Pizza[name=Pizza A, priceInPence=2300], Pizza[name=Pizza A, priceInPence=2300], Pizza[name=Pizza C, priceInPence=2500], Pizza[name=Pizza B, priceInPence=2400], Pizza[name=Pizza A, priceInPence=2300], Pizza[name=Pizza B, priceInPence=2400], Pizza[name=Pizza A, priceInPence=2300], Pizza[name=Pizza B, priceInPence=2400], Pizza[name=Pizza A, priceInPence=2300], Pizza[name=Pizza A, priceInPence=2300], Pizza[name=Pizza B, priceInPence=2400], Pizza[name=Pizza B, priceInPence=2400], Pizza[name=Pizza A, priceInPence=2300], Pizza[name=Pizza C, priceInPence=2500], Pizza[name=Pizza A, priceInPence=2300], Pizza[name=Pizza B, priceInPence=2400], Pizza[name=Pizza A, priceInPence=2300], Pizza[name=Pizza B, priceInPence=2400], Pizza[name=Pizza B, priceInPence=2400], Pizza[name=Pizza A, priceInPence=2300], Pizza[name=Pizza C, priceInPence=2500], Pizza[name=Pizza B, priceInPence=2400], Pizza[name=Pizza C, priceInPence=2500], Pizza[name=Pizza B, priceInPence=2400], Pizza[name=Pizza B, priceInPence=2400], Pizza[name=Pizza C, priceInPence=2500], Pizza[name=Pizza C, priceInPence=2500], Pizza[name=Pizza A, priceInPence=2300], Pizza[name=Pizza C, priceInPence=2500], Pizza[name=Pizza B, priceInPence=2400], Pizza[name=Pizza C, priceInPence=2500], Pizza[name=Pizza B, priceInPence=2400], Pizza[name=Pizza B, priceInPence=2400], Pizza[name=Pizza A, priceInPence=2300], Pizza[name=Pizza A, priceInPence=2300], Pizza[name=Pizza A, priceInPence=2300], Pizza[name=Pizza B, priceInPence=2400], Pizza[name=Pizza B, priceInPence=2400], Pizza[name=Pizza B, priceInPence=2400], Pizza[name=Pizza B, priceInPence=2400], Pizza[name=Pizza B, priceInPence=2400], Pizza[name=Pizza B, priceInPence=2400], Pizza[name=Pizza B, priceInPence=2400], Pizza[name=Pizza C, priceInPence=2500], Pizza[name=Pizza C, priceInPence=2500], Pizza[name=Pizza B, priceInPence=2400], Pizza[name=Pizza C, priceInPence=2500], Pizza[name=Pizza C, priceInPence=2500], Pizza[name=Pizza B, priceInPence=2400], Pizza[name=Pizza A, priceInPence=2300], Pizza[name=Pizza B, priceInPence=2400], Pizza[name=Pizza C, priceInPence=2500], Pizza[name=Pizza A, priceInPence=2300], Pizza[name=Pizza A, priceInPence=2300], Pizza[name=Pizza A, priceInPence=2300], Pizza[name=Pizza A, priceInPence=2300], Pizza[name=Pizza B, priceInPence=2400], Pizza[name=Pizza C, priceInPence=2500], Pizza[name=Pizza B, priceInPence=2400], Pizza[name=Pizza C, priceInPence=2500], Pizza[name=Pizza B, priceInPence=2400], Pizza[name=Pizza C, priceInPence=2500], Pizza[name=Pizza A, priceInPence=2300], Pizza[name=Pizza C, priceInPence=2500], Pizza[name=Pizza A, priceInPence=2300]]
PriceTotalInPence: 163000
 -- Credit card info 
CreditCardNumber: 0000000000000000
CCV: 222
ExpiryDate: 11/25
]]></system-err>
  </testcase>
  <testcase name="test5PlusPizzasInOneOrder" classname="uk.ac.ed.inf.OrderValidatorTest" time="0">
    <system-err><![CDATA[
 -- Order info 
OrderValidationCode: MAX_PIZZA_COUNT_EXCEEDED
OrderStatus: INVALID
OrderNo: 16634533
Order Contents: [Pizza[name=Pizza B, priceInPence=2400], Pizza[name=Pizza C, priceInPence=2500], Pizza[name=Pizza C, priceInPence=2500], Pizza[name=Pizza A, priceInPence=2300], Pizza[name=Pizza B, priceInPence=2400], Pizza[name=Pizza A, priceInPence=2300], Pizza[name=Pizza B, priceInPence=2400], Pizza[name=Pizza A, priceInPence=2300], Pizza[name=Pizza A, priceInPence=2300], Pizza[name=Pizza C, priceInPence=2500], Pizza[name=Pizza B, priceInPence=2400], Pizza[name=Pizza C, priceInPence=2500], Pizza[name=Pizza C, priceInPence=2500], Pizza[name=Pizza A, priceInPence=2300], Pizza[name=Pizza C, priceInPence=2500], Pizza[name=Pizza A, priceInPence=2300], Pizza[name=Pizza C, priceInPence=2500], Pizza[name=Pizza A, priceInPence=2300], Pizza[name=Pizza C, priceInPence=2500], Pizza[name=Pizza B, priceInPence=2400], Pizza[name=Pizza A, priceInPence=2300], Pizza[name=Pizza C, priceInPence=2500], Pizza[name=Pizza C, priceInPence=2500], Pizza[name=Pizza A, priceInPence=2300], Pizza[name=Pizza A, priceInPence=2300], Pizza[name=Pizza B, priceInPence=2400], Pizza[name=Pizza C, priceInPence=2500], Pizza[name=Pizza B, priceInPence=2400], Pizza[name=Pizza B, priceInPence=2400], Pizza[name=Pizza B, priceInPence=2400], Pizza[name=Pizza A, priceInPence=2300], Pizza[name=Pizza B, priceInPence=2400], Pizza[name=Pizza C, priceInPence=2500], Pizza[name=Pizza A, priceInPence=2300], Pizza[name=Pizza B, priceInPence=2400], Pizza[name=Pizza A, priceInPence=2300], Pizza[name=Pizza B, priceInPence=2400], Pizza[name=Pizza A, priceInPence=2300], Pizza[name=Pizza A, priceInPence=2300], Pizza[name=Pizza A, priceInPence=2300], Pizza[name=Pizza A, priceInPence=2300], Pizza[name=Pizza B, priceInPence=2400], Pizza[name=Pizza C, priceInPence=2500], Pizza[name=Pizza C, priceInPence=2500], Pizza[name=Pizza B, priceInPence=2400], Pizza[name=Pizza A, priceInPence=2300], Pizza[name=Pizza A, priceInPence=2300], Pizza[name=Pizza A, priceInPence=2300], Pizza[name=Pizza A, priceInPence=2300], Pizza[name=Pizza A, priceInPence=2300], Pizza[name=Pizza B, priceInPence=2400], Pizza[name=Pizza A, priceInPence=2300], Pizza[name=Pizza B, priceInPence=2400], Pizza[name=Pizza C, priceInPence=2500], Pizza[name=Pizza C, priceInPence=2500], Pizza[name=Pizza B, priceInPence=2400], Pizza[name=Pizza B, priceInPence=2400], Pizza[name=Pizza A, priceInPence=2300], Pizza[name=Pizza B, priceInPence=2400], Pizza[name=Pizza A, priceInPence=2300], Pizza[name=Pizza B, priceInPence=2400], Pizza[name=Pizza C, priceInPence=2500], Pizza[name=Pizza A, priceInPence=2300], Pizza[name=Pizza B, priceInPence=2400], Pizza[name=Pizza C, priceInPence=2500], Pizza[name=Pizza B, priceInPence=2400], Pizza[name=Pizza C, priceInPence=2500], Pizza[name=Pizza A, priceInPence=2300], Pizza[name=Pizza B, priceInPence=2400], Pizza[name=Pizza B, priceInPence=2400], Pizza[name=Pizza A, priceInPence=2300]]
PriceTotalInPence: 169600
 -- Credit card info 
CreditCardNumber: 0000000000000000
CCV: 222
ExpiryDate: 11/28
]]></system-err>
  </testcase>
  <testcase name="test5PlusPizzasInOneOrder" classname="uk.ac.ed.inf.OrderValidatorTest" time="0">
    <system-err><![CDATA[
 -- Order info 
OrderValidationCode: MAX_PIZZA_COUNT_EXCEEDED
OrderStatus: INVALID
OrderNo: 4400CAE1
Order Contents: [Pizza[name=Pizza C, priceInPence=2500], Pizza[name=Pizza A, priceInPence=2300], Pizza[name=Pizza C, priceInPence=2500], Pizza[name=Pizza A, priceInPence=2300], Pizza[name=Pizza A, priceInPence=2300], Pizza[name=Pizza C, priceInPence=2500], Pizza[name=Pizza B, priceInPence=2400], Pizza[name=Pizza B, priceInPence=2400], Pizza[name=Pizza C, priceInPence=2500], Pizza[name=Pizza C, priceInPence=2500], Pizza[name=Pizza A, priceInPence=2300], Pizza[name=Pizza C, priceInPence=2500], Pizza[name=Pizza A, priceInPence=2300], Pizza[name=Pizza A, priceInPence=2300], Pizza[name=Pizza A, priceInPence=2300], Pizza[name=Pizza B, priceInPence=2400], Pizza[name=Pizza C, priceInPence=2500], Pizza[name=Pizza B, priceInPence=2400], Pizza[name=Pizza B, priceInPence=2400], Pizza[name=Pizza C, priceInPence=2500], Pizza[name=Pizza A, priceInPence=2300], Pizza[name=Pizza C, priceInPence=2500]]
PriceTotalInPence: 53000
 -- Credit card info 
CreditCardNumber: 0000000000000000
CCV: 222
ExpiryDate: 07/28
]]></system-err>
  </testcase>
  <testcase name="test5PlusPizzasInOneOrder" classname="uk.ac.ed.inf.OrderValidatorTest" time="0">
    <system-err><![CDATA[
 -- Order info 
OrderValidationCode: MAX_PIZZA_COUNT_EXCEEDED
OrderStatus: INVALID
OrderNo: 5F52017F
Order Contents: [Pizza[name=Pizza C, priceInPence=2500], Pizza[name=Pizza B, priceInPence=2400], Pizza[name=Pizza A, priceInPence=2300], Pizza[name=Pizza C, priceInPence=2500], Pizza[name=Pizza B, priceInPence=2400], Pizza[name=Pizza B, priceInPence=2400], Pizza[name=Pizza B, priceInPence=2400], Pizza[name=Pizza B, priceInPence=2400], Pizza[name=Pizza A, priceInPence=2300], Pizza[name=Pizza C, priceInPence=2500], Pizza[name=Pizza C, priceInPence=2500], Pizza[name=Pizza A, priceInPence=2300], Pizza[name=Pizza C, priceInPence=2500], Pizza[name=Pizza C, priceInPence=2500], Pizza[name=Pizza A, priceInPence=2300], Pizza[name=Pizza C, priceInPence=2500], Pizza[name=Pizza B, priceInPence=2400], Pizza[name=Pizza A, priceInPence=2300], Pizza[name=Pizza B, priceInPence=2400], Pizza[name=Pizza C, priceInPence=2500], Pizza[name=Pizza C, priceInPence=2500], Pizza[name=Pizza B, priceInPence=2400], Pizza[name=Pizza C, priceInPence=2500], Pizza[name=Pizza C, priceInPence=2500], Pizza[name=Pizza B, priceInPence=2400], Pizza[name=Pizza B, priceInPence=2400], Pizza[name=Pizza C, priceInPence=2500], Pizza[name=Pizza B, priceInPence=2400], Pizza[name=Pizza A, priceInPence=2300], Pizza[name=Pizza A, priceInPence=2300], Pizza[name=Pizza B, priceInPence=2400], Pizza[name=Pizza B, priceInPence=2400], Pizza[name=Pizza B, priceInPence=2400], Pizza[name=Pizza B, priceInPence=2400], Pizza[name=Pizza A, priceInPence=2300], Pizza[name=Pizza C, priceInPence=2500], Pizza[name=Pizza A, priceInPence=2300], Pizza[name=Pizza A, priceInPence=2300], Pizza[name=Pizza B, priceInPence=2400], Pizza[name=Pizza A, priceInPence=2300], Pizza[name=Pizza B, priceInPence=2400], Pizza[name=Pizza B, priceInPence=2400], Pizza[name=Pizza B, priceInPence=2400], Pizza[name=Pizza C, priceInPence=2500], Pizza[name=Pizza A, priceInPence=2300], Pizza[name=Pizza B, priceInPence=2400], Pizza[name=Pizza A, priceInPence=2300], Pizza[name=Pizza C, priceInPence=2500], Pizza[name=Pizza C, priceInPence=2500], Pizza[name=Pizza B, priceInPence=2400], Pizza[name=Pizza B, priceInPence=2400], Pizza[name=Pizza A, priceInPence=2300], Pizza[name=Pizza C, priceInPence=2500], Pizza[name=Pizza B, priceInPence=2400], Pizza[name=Pizza C, priceInPence=2500]]
PriceTotalInPence: 132500
 -- Credit card info 
CreditCardNumber: 0000000000000000
CCV: 222
ExpiryDate: 01/29
]]></system-err>
  </testcase>
  <testcase name="test5PlusPizzasInOneOrder" classname="uk.ac.ed.inf.OrderValidatorTest" time="0">
    <system-err><![CDATA[
 -- Order info 
OrderValidationCode: MAX_PIZZA_COUNT_EXCEEDED
OrderStatus: INVALID
OrderNo: 366336FD
Order Contents: [Pizza[name=Pizza A, priceInPence=2300], Pizza[name=Pizza A, priceInPence=2300], Pizza[name=Pizza B, priceInPence=2400], Pizza[name=Pizza C, priceInPence=2500], Pizza[name=Pizza B, priceInPence=2400], Pizza[name=Pizza A, priceInPence=2300], Pizza[name=Pizza C, priceInPence=2500], Pizza[name=Pizza B, priceInPence=2400], Pizza[name=Pizza A, priceInPence=2300], Pizza[name=Pizza B, priceInPence=2400], Pizza[name=Pizza A, priceInPence=2300], Pizza[name=Pizza B, priceInPence=2400], Pizza[name=Pizza C, priceInPence=2500], Pizza[name=Pizza A, priceInPence=2300], Pizza[name=Pizza B, priceInPence=2400], Pizza[name=Pizza A, priceInPence=2300], Pizza[name=Pizza A, priceInPence=2300], Pizza[name=Pizza B, priceInPence=2400], Pizza[name=Pizza B, priceInPence=2400], Pizza[name=Pizza B, priceInPence=2400], Pizza[name=Pizza C, priceInPence=2500], Pizza[name=Pizza B, priceInPence=2400], Pizza[name=Pizza A, priceInPence=2300], Pizza[name=Pizza A, priceInPence=2300], Pizza[name=Pizza B, priceInPence=2400], Pizza[name=Pizza C, priceInPence=2500], Pizza[name=Pizza A, priceInPence=2300], Pizza[name=Pizza B, priceInPence=2400], Pizza[name=Pizza B, priceInPence=2400], Pizza[name=Pizza A, priceInPence=2300], Pizza[name=Pizza C, priceInPence=2500], Pizza[name=Pizza C, priceInPence=2500]]
PriceTotalInPence: 76400
 -- Credit card info 
CreditCardNumber: 0000000000000000
CCV: 222
ExpiryDate: 04/25
]]></system-err>
  </testcase>
  <testcase name="test5PlusPizzasInOneOrder" classname="uk.ac.ed.inf.OrderValidatorTest" time="0">
    <system-err><![CDATA[
 -- Order info 
OrderValidationCode: MAX_PIZZA_COUNT_EXCEEDED
OrderStatus: INVALID
OrderNo: 37ED6782
Order Contents: [Pizza[name=Pizza A, priceInPence=2300], Pizza[name=Pizza B, priceInPence=2400], Pizza[name=Pizza C, priceInPence=2500], Pizza[name=Pizza A, priceInPence=2300], Pizza[name=Pizza B, priceInPence=2400], Pizza[name=Pizza A, priceInPence=2300], Pizza[name=Pizza A, priceInPence=2300], Pizza[name=Pizza A, priceInPence=2300], Pizza[name=Pizza A, priceInPence=2300], Pizza[name=Pizza A, priceInPence=2300], Pizza[name=Pizza A, priceInPence=2300]]
PriceTotalInPence: 25800
 -- Credit card info 
CreditCardNumber: 0000000000000000
CCV: 222
ExpiryDate: 06/24
]]></system-err>
  </testcase>
  <testcase name="test5PlusPizzasInOneOrder" classname="uk.ac.ed.inf.OrderValidatorTest" time="0">
    <system-err><![CDATA[
 -- Order info 
OrderValidationCode: MAX_PIZZA_COUNT_EXCEEDED
OrderStatus: INVALID
OrderNo: 6F00886B
Order Contents: [Pizza[name=Pizza C, priceInPence=2500], Pizza[name=Pizza A, priceInPence=2300], Pizza[name=Pizza C, priceInPence=2500], Pizza[name=Pizza A, priceInPence=2300], Pizza[name=Pizza B, priceInPence=2400], Pizza[name=Pizza C, priceInPence=2500], Pizza[name=Pizza A, priceInPence=2300], Pizza[name=Pizza A, priceInPence=2300], Pizza[name=Pizza A, priceInPence=2300], Pizza[name=Pizza A, priceInPence=2300], Pizza[name=Pizza C, priceInPence=2500], Pizza[name=Pizza A, priceInPence=2300], Pizza[name=Pizza C, priceInPence=2500], Pizza[name=Pizza B, priceInPence=2400], Pizza[name=Pizza C, priceInPence=2500], Pizza[name=Pizza B, priceInPence=2400], Pizza[name=Pizza B, priceInPence=2400], Pizza[name=Pizza A, priceInPence=2300], Pizza[name=Pizza B, priceInPence=2400], Pizza[name=Pizza A, priceInPence=2300], Pizza[name=Pizza C, priceInPence=2500], Pizza[name=Pizza A, priceInPence=2300], Pizza[name=Pizza C, priceInPence=2500], Pizza[name=Pizza B, priceInPence=2400], Pizza[name=Pizza C, priceInPence=2500], Pizza[name=Pizza A, priceInPence=2300], Pizza[name=Pizza C, priceInPence=2500]]
PriceTotalInPence: 64800
 -- Credit card info 
CreditCardNumber: 0000000000000000
CCV: 222
ExpiryDate: 04/26
]]></system-err>
  </testcase>
  <testcase name="test5PlusPizzasInOneOrder" classname="uk.ac.ed.inf.OrderValidatorTest" time="0">
    <system-err><![CDATA[
 -- Order info 
OrderValidationCode: MAX_PIZZA_COUNT_EXCEEDED
OrderStatus: INVALID
OrderNo: 1FD8A6D1
Order Contents: [Pizza[name=Pizza A, priceInPence=2300], Pizza[name=Pizza B, priceInPence=2400], Pizza[name=Pizza A, priceInPence=2300], Pizza[name=Pizza C, priceInPence=2500], Pizza[name=Pizza B, priceInPence=2400], Pizza[name=Pizza A, priceInPence=2300], Pizza[name=Pizza B, priceInPence=2400], Pizza[name=Pizza A, priceInPence=2300], Pizza[name=Pizza A, priceInPence=2300], Pizza[name=Pizza A, priceInPence=2300], Pizza[name=Pizza B, priceInPence=2400], Pizza[name=Pizza B, priceInPence=2400], Pizza[name=Pizza C, priceInPence=2500], Pizza[name=Pizza B, priceInPence=2400]]
PriceTotalInPence: 33300
 -- Credit card info 
CreditCardNumber: 0000000000000000
CCV: 222
ExpiryDate: 08/24
]]></system-err>
  </testcase>
  <testcase name="test5PlusPizzasInOneOrder" classname="uk.ac.ed.inf.OrderValidatorTest" time="0">
    <system-err><![CDATA[
 -- Order info 
OrderValidationCode: MAX_PIZZA_COUNT_EXCEEDED
OrderStatus: INVALID
OrderNo: 027F22D8
Order Contents: [Pizza[name=Pizza B, priceInPence=2400], Pizza[name=Pizza B, priceInPence=2400], Pizza[name=Pizza B, priceInPence=2400], Pizza[name=Pizza A, priceInPence=2300], Pizza[name=Pizza A, priceInPence=2300], Pizza[name=Pizza A, priceInPence=2300], Pizza[name=Pizza A, priceInPence=2300], Pizza[name=Pizza A, priceInPence=2300], Pizza[name=Pizza A, priceInPence=2300], Pizza[name=Pizza A, priceInPence=2300], Pizza[name=Pizza C, priceInPence=2500], Pizza[name=Pizza A, priceInPence=2300], Pizza[name=Pizza C, priceInPence=2500], Pizza[name=Pizza C, priceInPence=2500], Pizza[name=Pizza C, priceInPence=2500], Pizza[name=Pizza C, priceInPence=2500], Pizza[name=Pizza B, priceInPence=2400], Pizza[name=Pizza A, priceInPence=2300], Pizza[name=Pizza A, priceInPence=2300], Pizza[name=Pizza C, priceInPence=2500], Pizza[name=Pizza C, priceInPence=2500], Pizza[name=Pizza B, priceInPence=2400], Pizza[name=Pizza B, priceInPence=2400], Pizza[name=Pizza C, priceInPence=2500], Pizza[name=Pizza A, priceInPence=2300], Pizza[name=Pizza B, priceInPence=2400], Pizza[name=Pizza C, priceInPence=2500], Pizza[name=Pizza C, priceInPence=2500], Pizza[name=Pizza C, priceInPence=2500], Pizza[name=Pizza A, priceInPence=2300], Pizza[name=Pizza A, priceInPence=2300], Pizza[name=Pizza A, priceInPence=2300], Pizza[name=Pizza C, priceInPence=2500], Pizza[name=Pizza A, priceInPence=2300], Pizza[name=Pizza A, priceInPence=2300], Pizza[name=Pizza C, priceInPence=2500], Pizza[name=Pizza C, priceInPence=2500], Pizza[name=Pizza B, priceInPence=2400]]
PriceTotalInPence: 91100
 -- Credit card info 
CreditCardNumber: 0000000000000000
CCV: 222
ExpiryDate: 09/27
]]></system-err>
  </testcase>
  <testcase name="test5PlusPizzasInOneOrder" classname="uk.ac.ed.inf.OrderValidatorTest" time="0">
    <system-err><![CDATA[
 -- Order info 
OrderValidationCode: MAX_PIZZA_COUNT_EXCEEDED
OrderStatus: INVALID
OrderNo: 2F5AF74D
Order Contents: [Pizza[name=Pizza C, priceInPence=2500], Pizza[name=Pizza B, priceInPence=2400], Pizza[name=Pizza A, priceInPence=2300], Pizza[name=Pizza A, priceInPence=2300], Pizza[name=Pizza C, priceInPence=2500], Pizza[name=Pizza C, priceInPence=2500], Pizza[name=Pizza B, priceInPence=2400], Pizza[name=Pizza B, priceInPence=2400], Pizza[name=Pizza C, priceInPence=2500], Pizza[name=Pizza C, priceInPence=2500], Pizza[name=Pizza B, priceInPence=2400], Pizza[name=Pizza C, priceInPence=2500], Pizza[name=Pizza C, priceInPence=2500], Pizza[name=Pizza C, priceInPence=2500], Pizza[name=Pizza C, priceInPence=2500], Pizza[name=Pizza C, priceInPence=2500], Pizza[name=Pizza B, priceInPence=2400], Pizza[name=Pizza A, priceInPence=2300], Pizza[name=Pizza A, priceInPence=2300], Pizza[name=Pizza C, priceInPence=2500], Pizza[name=Pizza C, priceInPence=2500], Pizza[name=Pizza B, priceInPence=2400], Pizza[name=Pizza C, priceInPence=2500], Pizza[name=Pizza A, priceInPence=2300], Pizza[name=Pizza C, priceInPence=2500], Pizza[name=Pizza A, priceInPence=2300], Pizza[name=Pizza A, priceInPence=2300], Pizza[name=Pizza A, priceInPence=2300], Pizza[name=Pizza A, priceInPence=2300], Pizza[name=Pizza A, priceInPence=2300], Pizza[name=Pizza A, priceInPence=2300], Pizza[name=Pizza A, priceInPence=2300], Pizza[name=Pizza A, priceInPence=2300], Pizza[name=Pizza A, priceInPence=2300], Pizza[name=Pizza B, priceInPence=2400], Pizza[name=Pizza C, priceInPence=2500], Pizza[name=Pizza B, priceInPence=2400], Pizza[name=Pizza C, priceInPence=2500], Pizza[name=Pizza A, priceInPence=2300], Pizza[name=Pizza B, priceInPence=2400], Pizza[name=Pizza A, priceInPence=2300], Pizza[name=Pizza A, priceInPence=2300], Pizza[name=Pizza C, priceInPence=2500], Pizza[name=Pizza A, priceInPence=2300], Pizza[name=Pizza B, priceInPence=2400], Pizza[name=Pizza B, priceInPence=2400], Pizza[name=Pizza C, priceInPence=2500], Pizza[name=Pizza B, priceInPence=2400], Pizza[name=Pizza A, priceInPence=2300], Pizza[name=Pizza B, priceInPence=2400], Pizza[name=Pizza A, priceInPence=2300], Pizza[name=Pizza C, priceInPence=2500], Pizza[name=Pizza C, priceInPence=2500], Pizza[name=Pizza C, priceInPence=2500], Pizza[name=Pizza C, priceInPence=2500], Pizza[name=Pizza C, priceInPence=2500], Pizza[name=Pizza A, priceInPence=2300], Pizza[name=Pizza A, priceInPence=2300], Pizza[name=Pizza C, priceInPence=2500], Pizza[name=Pizza C, priceInPence=2500], Pizza[name=Pizza C, priceInPence=2500], Pizza[name=Pizza B, priceInPence=2400], Pizza[name=Pizza B, priceInPence=2400], Pizza[name=Pizza B, priceInPence=2400], Pizza[name=Pizza A, priceInPence=2300], Pizza[name=Pizza C, priceInPence=2500], Pizza[name=Pizza C, priceInPence=2500], Pizza[name=Pizza A, priceInPence=2300], Pizza[name=Pizza B, priceInPence=2400], Pizza[name=Pizza C, priceInPence=2500], Pizza[name=Pizza B, priceInPence=2400], Pizza[name=Pizza B, priceInPence=2400], Pizza[name=Pizza B, priceInPence=2400], Pizza[name=Pizza C, priceInPence=2500], Pizza[name=Pizza C, priceInPence=2500], Pizza[name=Pizza C, priceInPence=2500], Pizza[name=Pizza A, priceInPence=2300], Pizza[name=Pizza C, priceInPence=2500], Pizza[name=Pizza B, priceInPence=2400], Pizza[name=Pizza C, priceInPence=2500], Pizza[name=Pizza C, priceInPence=2500], Pizza[name=Pizza B, priceInPence=2400], Pizza[name=Pizza C, priceInPence=2500], Pizza[name=Pizza C, priceInPence=2500], Pizza[name=Pizza A, priceInPence=2300]]
PriceTotalInPence: 205200
 -- Credit card info 
CreditCardNumber: 0000000000000000
CCV: 222
ExpiryDate: 05/27
]]></system-err>
  </testcase>
  <testcase name="test5PlusPizzasInOneOrder" classname="uk.ac.ed.inf.OrderValidatorTest" time="0">
    <system-err><![CDATA[
 -- Order info 
OrderValidationCode: MAX_PIZZA_COUNT_EXCEEDED
OrderStatus: INVALID
OrderNo: 0A6BCEC2
Order Contents: [Pizza[name=Pizza C, priceInPence=2500], Pizza[name=Pizza C, priceInPence=2500], Pizza[name=Pizza C, priceInPence=2500], Pizza[name=Pizza C, priceInPence=2500], Pizza[name=Pizza B, priceInPence=2400], Pizza[name=Pizza C, priceInPence=2500], Pizza[name=Pizza C, priceInPence=2500], Pizza[name=Pizza B, priceInPence=2400], Pizza[name=Pizza B, priceInPence=2400], Pizza[name=Pizza C, priceInPence=2500], Pizza[name=Pizza A, priceInPence=2300], Pizza[name=Pizza C, priceInPence=2500], Pizza[name=Pizza C, priceInPence=2500], Pizza[name=Pizza A, priceInPence=2300], Pizza[name=Pizza A, priceInPence=2300], Pizza[name=Pizza A, priceInPence=2300], Pizza[name=Pizza C, priceInPence=2500], Pizza[name=Pizza C, priceInPence=2500], Pizza[name=Pizza A, priceInPence=2300], Pizza[name=Pizza C, priceInPence=2500], Pizza[name=Pizza B, priceInPence=2400], Pizza[name=Pizza A, priceInPence=2300], Pizza[name=Pizza B, priceInPence=2400], Pizza[name=Pizza C, priceInPence=2500], Pizza[name=Pizza A, priceInPence=2300], Pizza[name=Pizza A, priceInPence=2300], Pizza[name=Pizza C, priceInPence=2500], Pizza[name=Pizza A, priceInPence=2300], Pizza[name=Pizza B, priceInPence=2400], Pizza[name=Pizza B, priceInPence=2400], Pizza[name=Pizza C, priceInPence=2500], Pizza[name=Pizza B, priceInPence=2400], Pizza[name=Pizza B, priceInPence=2400], Pizza[name=Pizza B, priceInPence=2400], Pizza[name=Pizza B, priceInPence=2400], Pizza[name=Pizza A, priceInPence=2300], Pizza[name=Pizza B, priceInPence=2400], Pizza[name=Pizza C, priceInPence=2500], Pizza[name=Pizza A, priceInPence=2300], Pizza[name=Pizza C, priceInPence=2500], Pizza[name=Pizza C, priceInPence=2500], Pizza[name=Pizza A, priceInPence=2300], Pizza[name=Pizza A, priceInPence=2300], Pizza[name=Pizza A, priceInPence=2300], Pizza[name=Pizza A, priceInPence=2300], Pizza[name=Pizza B, priceInPence=2400], Pizza[name=Pizza A, priceInPence=2300], Pizza[name=Pizza B, priceInPence=2400], Pizza[name=Pizza A, priceInPence=2300]]
PriceTotalInPence: 117800
 -- Credit card info 
CreditCardNumber: 0000000000000000
CCV: 222
ExpiryDate: 07/24
]]></system-err>
  </testcase>
  <testcase name="test5PlusPizzasInOneOrder" classname="uk.ac.ed.inf.OrderValidatorTest" time="0">
    <system-err><![CDATA[
 -- Order info 
OrderValidationCode: MAX_PIZZA_COUNT_EXCEEDED
OrderStatus: INVALID
OrderNo: 00B0A232
Order Contents: [Pizza[name=Pizza C, priceInPence=2500], Pizza[name=Pizza A, priceInPence=2300], Pizza[name=Pizza C, priceInPence=2500], Pizza[name=Pizza B, priceInPence=2400], Pizza[name=Pizza A, priceInPence=2300], Pizza[name=Pizza B, priceInPence=2400], Pizza[name=Pizza C, priceInPence=2500], Pizza[name=Pizza B, priceInPence=2400], Pizza[name=Pizza B, priceInPence=2400], Pizza[name=Pizza B, priceInPence=2400], Pizza[name=Pizza B, priceInPence=2400], Pizza[name=Pizza A, priceInPence=2300], Pizza[name=Pizza A, priceInPence=2300], Pizza[name=Pizza A, priceInPence=2300], Pizza[name=Pizza B, priceInPence=2400], Pizza[name=Pizza C, priceInPence=2500], Pizza[name=Pizza C, priceInPence=2500], Pizza[name=Pizza C, priceInPence=2500], Pizza[name=Pizza B, priceInPence=2400], Pizza[name=Pizza B, priceInPence=2400], Pizza[name=Pizza A, priceInPence=2300], Pizza[name=Pizza B, priceInPence=2400], Pizza[name=Pizza C, priceInPence=2500], Pizza[name=Pizza C, priceInPence=2500], Pizza[name=Pizza B, priceInPence=2400], Pizza[name=Pizza B, priceInPence=2400], Pizza[name=Pizza A, priceInPence=2300], Pizza[name=Pizza A, priceInPence=2300], Pizza[name=Pizza C, priceInPence=2500], Pizza[name=Pizza C, priceInPence=2500], Pizza[name=Pizza C, priceInPence=2500], Pizza[name=Pizza A, priceInPence=2300], Pizza[name=Pizza A, priceInPence=2300], Pizza[name=Pizza B, priceInPence=2400], Pizza[name=Pizza B, priceInPence=2400], Pizza[name=Pizza A, priceInPence=2300], Pizza[name=Pizza A, priceInPence=2300], Pizza[name=Pizza B, priceInPence=2400], Pizza[name=Pizza A, priceInPence=2300], Pizza[name=Pizza A, priceInPence=2300], Pizza[name=Pizza B, priceInPence=2400], Pizza[name=Pizza C, priceInPence=2500], Pizza[name=Pizza C, priceInPence=2500], Pizza[name=Pizza B, priceInPence=2400], Pizza[name=Pizza A, priceInPence=2300], Pizza[name=Pizza B, priceInPence=2400], Pizza[name=Pizza A, priceInPence=2300], Pizza[name=Pizza C, priceInPence=2500], Pizza[name=Pizza C, priceInPence=2500], Pizza[name=Pizza B, priceInPence=2400], Pizza[name=Pizza A, priceInPence=2300], Pizza[name=Pizza B, priceInPence=2400], Pizza[name=Pizza A, priceInPence=2300], Pizza[name=Pizza A, priceInPence=2300], Pizza[name=Pizza B, priceInPence=2400], Pizza[name=Pizza A, priceInPence=2300], Pizza[name=Pizza C, priceInPence=2500], Pizza[name=Pizza A, priceInPence=2300]]
PriceTotalInPence: 138800
 -- Credit card info 
CreditCardNumber: 0000000000000000
CCV: 222
ExpiryDate: 09/24
]]></system-err>
  </testcase>
  <testcase name="test5PlusPizzasInOneOrder" classname="uk.ac.ed.inf.OrderValidatorTest" time="0">
    <system-err><![CDATA[
 -- Order info 
OrderValidationCode: MAX_PIZZA_COUNT_EXCEEDED
OrderStatus: INVALID
OrderNo: 135A1677
Order Contents: [Pizza[name=Pizza A, priceInPence=2300], Pizza[name=Pizza A, priceInPence=2300], Pizza[name=Pizza A, priceInPence=2300], Pizza[name=Pizza C, priceInPence=2500], Pizza[name=Pizza A, priceInPence=2300], Pizza[name=Pizza A, priceInPence=2300], Pizza[name=Pizza B, priceInPence=2400], Pizza[name=Pizza A, priceInPence=2300], Pizza[name=Pizza C, priceInPence=2500], Pizza[name=Pizza C, priceInPence=2500], Pizza[name=Pizza A, priceInPence=2300], Pizza[name=Pizza C, priceInPence=2500], Pizza[name=Pizza B, priceInPence=2400], Pizza[name=Pizza C, priceInPence=2500], Pizza[name=Pizza C, priceInPence=2500], Pizza[name=Pizza C, priceInPence=2500], Pizza[name=Pizza C, priceInPence=2500], Pizza[name=Pizza B, priceInPence=2400], Pizza[name=Pizza B, priceInPence=2400], Pizza[name=Pizza B, priceInPence=2400], Pizza[name=Pizza B, priceInPence=2400], Pizza[name=Pizza A, priceInPence=2300], Pizza[name=Pizza A, priceInPence=2300], Pizza[name=Pizza C, priceInPence=2500], Pizza[name=Pizza B, priceInPence=2400], Pizza[name=Pizza B, priceInPence=2400], Pizza[name=Pizza C, priceInPence=2500], Pizza[name=Pizza B, priceInPence=2400], Pizza[name=Pizza C, priceInPence=2500], Pizza[name=Pizza A, priceInPence=2300], Pizza[name=Pizza A, priceInPence=2300], Pizza[name=Pizza A, priceInPence=2300], Pizza[name=Pizza A, priceInPence=2300], Pizza[name=Pizza C, priceInPence=2500], Pizza[name=Pizza B, priceInPence=2400]]
PriceTotalInPence: 84000
 -- Credit card info 
CreditCardNumber: 0000000000000000
CCV: 222
ExpiryDate: 06/29
]]></system-err>
  </testcase>
  <testcase name="test5PlusPizzasInOneOrder" classname="uk.ac.ed.inf.OrderValidatorTest" time="0">
    <system-err><![CDATA[
 -- Order info 
OrderValidationCode: MAX_PIZZA_COUNT_EXCEEDED
OrderStatus: INVALID
OrderNo: 27DD097D
Order Contents: [Pizza[name=Pizza B, priceInPence=2400], Pizza[name=Pizza C, priceInPence=2500], Pizza[name=Pizza C, priceInPence=2500], Pizza[name=Pizza A, priceInPence=2300], Pizza[name=Pizza A, priceInPence=2300], Pizza[name=Pizza C, priceInPence=2500], Pizza[name=Pizza A, priceInPence=2300], Pizza[name=Pizza A, priceInPence=2300], Pizza[name=Pizza B, priceInPence=2400], Pizza[name=Pizza B, priceInPence=2400], Pizza[name=Pizza B, priceInPence=2400], Pizza[name=Pizza B, priceInPence=2400], Pizza[name=Pizza C, priceInPence=2500], Pizza[name=Pizza C, priceInPence=2500], Pizza[name=Pizza A, priceInPence=2300], Pizza[name=Pizza C, priceInPence=2500], Pizza[name=Pizza B, priceInPence=2400], Pizza[name=Pizza B, priceInPence=2400], Pizza[name=Pizza B, priceInPence=2400], Pizza[name=Pizza C, priceInPence=2500], Pizza[name=Pizza A, priceInPence=2300], Pizza[name=Pizza C, priceInPence=2500], Pizza[name=Pizza A, priceInPence=2300], Pizza[name=Pizza C, priceInPence=2500], Pizza[name=Pizza B, priceInPence=2400], Pizza[name=Pizza C, priceInPence=2500], Pizza[name=Pizza C, priceInPence=2500], Pizza[name=Pizza A, priceInPence=2300], Pizza[name=Pizza B, priceInPence=2400], Pizza[name=Pizza B, priceInPence=2400], Pizza[name=Pizza B, priceInPence=2400], Pizza[name=Pizza C, priceInPence=2500], Pizza[name=Pizza C, priceInPence=2500], Pizza[name=Pizza C, priceInPence=2500], Pizza[name=Pizza B, priceInPence=2400], Pizza[name=Pizza A, priceInPence=2300], Pizza[name=Pizza C, priceInPence=2500], Pizza[name=Pizza C, priceInPence=2500], Pizza[name=Pizza B, priceInPence=2400], Pizza[name=Pizza A, priceInPence=2300], Pizza[name=Pizza A, priceInPence=2300], Pizza[name=Pizza C, priceInPence=2500], Pizza[name=Pizza B, priceInPence=2400], Pizza[name=Pizza C, priceInPence=2500], Pizza[name=Pizza C, priceInPence=2500], Pizza[name=Pizza B, priceInPence=2400], Pizza[name=Pizza B, priceInPence=2400], Pizza[name=Pizza B, priceInPence=2400], Pizza[name=Pizza B, priceInPence=2400], Pizza[name=Pizza C, priceInPence=2500], Pizza[name=Pizza A, priceInPence=2300], Pizza[name=Pizza A, priceInPence=2300], Pizza[name=Pizza B, priceInPence=2400], Pizza[name=Pizza C, priceInPence=2500], Pizza[name=Pizza B, priceInPence=2400]]
PriceTotalInPence: 132900
 -- Credit card info 
CreditCardNumber: 0000000000000000
CCV: 222
ExpiryDate: 11/27
]]></system-err>
  </testcase>
  <testcase name="test5PlusPizzasInOneOrder" classname="uk.ac.ed.inf.OrderValidatorTest" time="0">
    <system-err><![CDATA[
 -- Order info 
OrderValidationCode: MAX_PIZZA_COUNT_EXCEEDED
OrderStatus: INVALID
OrderNo: 61958289
Order Contents: [Pizza[name=Pizza A, priceInPence=2300], Pizza[name=Pizza A, priceInPence=2300], Pizza[name=Pizza B, priceInPence=2400], Pizza[name=Pizza B, priceInPence=2400], Pizza[name=Pizza B, priceInPence=2400], Pizza[name=Pizza B, priceInPence=2400], Pizza[name=Pizza B, priceInPence=2400], Pizza[name=Pizza B, priceInPence=2400], Pizza[name=Pizza A, priceInPence=2300], Pizza[name=Pizza A, priceInPence=2300], Pizza[name=Pizza B, priceInPence=2400], Pizza[name=Pizza B, priceInPence=2400], Pizza[name=Pizza C, priceInPence=2500], Pizza[name=Pizza C, priceInPence=2500], Pizza[name=Pizza B, priceInPence=2400], Pizza[name=Pizza B, priceInPence=2400], Pizza[name=Pizza C, priceInPence=2500]]
PriceTotalInPence: 40800
 -- Credit card info 
CreditCardNumber: 0000000000000000
CCV: 222
ExpiryDate: 01/24
]]></system-err>
  </testcase>
  <testcase name="test5PlusPizzasInOneOrder" classname="uk.ac.ed.inf.OrderValidatorTest" time="0">
    <system-err><![CDATA[
 -- Order info 
OrderValidationCode: MAX_PIZZA_COUNT_EXCEEDED
OrderStatus: INVALID
OrderNo: 6680EB3B
Order Contents: [Pizza[name=Pizza B, priceInPence=2400], Pizza[name=Pizza B, priceInPence=2400], Pizza[name=Pizza A, priceInPence=2300], Pizza[name=Pizza A, priceInPence=2300], Pizza[name=Pizza A, priceInPence=2300], Pizza[name=Pizza B, priceInPence=2400], Pizza[name=Pizza C, priceInPence=2500], Pizza[name=Pizza C, priceInPence=2500], Pizza[name=Pizza C, priceInPence=2500], Pizza[name=Pizza A, priceInPence=2300], Pizza[name=Pizza A, priceInPence=2300], Pizza[name=Pizza A, priceInPence=2300], Pizza[name=Pizza A, priceInPence=2300], Pizza[name=Pizza A, priceInPence=2300], Pizza[name=Pizza B, priceInPence=2400], Pizza[name=Pizza C, priceInPence=2500], Pizza[name=Pizza A, priceInPence=2300], Pizza[name=Pizza C, priceInPence=2500], Pizza[name=Pizza B, priceInPence=2400], Pizza[name=Pizza B, priceInPence=2400], Pizza[name=Pizza B, priceInPence=2400], Pizza[name=Pizza A, priceInPence=2300], Pizza[name=Pizza A, priceInPence=2300], Pizza[name=Pizza A, priceInPence=2300], Pizza[name=Pizza B, priceInPence=2400], Pizza[name=Pizza C, priceInPence=2500], Pizza[name=Pizza B, priceInPence=2400], Pizza[name=Pizza C, priceInPence=2500], Pizza[name=Pizza B, priceInPence=2400], Pizza[name=Pizza C, priceInPence=2500], Pizza[name=Pizza A, priceInPence=2300], Pizza[name=Pizza C, priceInPence=2500], Pizza[name=Pizza B, priceInPence=2400], Pizza[name=Pizza C, priceInPence=2500], Pizza[name=Pizza B, priceInPence=2400], Pizza[name=Pizza C, priceInPence=2500], Pizza[name=Pizza C, priceInPence=2500], Pizza[name=Pizza B, priceInPence=2400], Pizza[name=Pizza A, priceInPence=2300], Pizza[name=Pizza A, priceInPence=2300], Pizza[name=Pizza C, priceInPence=2500], Pizza[name=Pizza A, priceInPence=2300], Pizza[name=Pizza C, priceInPence=2500], Pizza[name=Pizza A, priceInPence=2300], Pizza[name=Pizza A, priceInPence=2300], Pizza[name=Pizza B, priceInPence=2400], Pizza[name=Pizza C, priceInPence=2500], Pizza[name=Pizza B, priceInPence=2400], Pizza[name=Pizza C, priceInPence=2500], Pizza[name=Pizza C, priceInPence=2500], Pizza[name=Pizza B, priceInPence=2400], Pizza[name=Pizza B, priceInPence=2400], Pizza[name=Pizza B, priceInPence=2400], Pizza[name=Pizza C, priceInPence=2500], Pizza[name=Pizza A, priceInPence=2300], Pizza[name=Pizza C, priceInPence=2500], Pizza[name=Pizza C, priceInPence=2500], Pizza[name=Pizza B, priceInPence=2400], Pizza[name=Pizza B, priceInPence=2400], Pizza[name=Pizza A, priceInPence=2300], Pizza[name=Pizza A, priceInPence=2300], Pizza[name=Pizza A, priceInPence=2300], Pizza[name=Pizza A, priceInPence=2300], Pizza[name=Pizza B, priceInPence=2400], Pizza[name=Pizza B, priceInPence=2400], Pizza[name=Pizza A, priceInPence=2300], Pizza[name=Pizza C, priceInPence=2500], Pizza[name=Pizza C, priceInPence=2500], Pizza[name=Pizza B, priceInPence=2400], Pizza[name=Pizza C, priceInPence=2500], Pizza[name=Pizza A, priceInPence=2300], Pizza[name=Pizza B, priceInPence=2400], Pizza[name=Pizza B, priceInPence=2400], Pizza[name=Pizza C, priceInPence=2500], Pizza[name=Pizza A, priceInPence=2300], Pizza[name=Pizza B, priceInPence=2400], Pizza[name=Pizza B, priceInPence=2400], Pizza[name=Pizza A, priceInPence=2300], Pizza[name=Pizza A, priceInPence=2300], Pizza[name=Pizza C, priceInPence=2500], Pizza[name=Pizza A, priceInPence=2300], Pizza[name=Pizza A, priceInPence=2300]]
PriceTotalInPence: 196400
 -- Credit card info 
CreditCardNumber: 0000000000000000
CCV: 222
ExpiryDate: 05/24
]]></system-err>
  </testcase>
  <testcase name="test5PlusPizzasInOneOrder" classname="uk.ac.ed.inf.OrderValidatorTest" time="0">
    <system-err><![CDATA[
 -- Order info 
OrderValidationCode: MAX_PIZZA_COUNT_EXCEEDED
OrderStatus: INVALID
OrderNo: 0069269D
Order Contents: [Pizza[name=Pizza A, priceInPence=2300], Pizza[name=Pizza B, priceInPence=2400], Pizza[name=Pizza B, priceInPence=2400], Pizza[name=Pizza A, priceInPence=2300], Pizza[name=Pizza C, priceInPence=2500], Pizza[name=Pizza C, priceInPence=2500], Pizza[name=Pizza C, priceInPence=2500], Pizza[name=Pizza A, priceInPence=2300], Pizza[name=Pizza C, priceInPence=2500], Pizza[name=Pizza A, priceInPence=2300], Pizza[name=Pizza C, priceInPence=2500], Pizza[name=Pizza C, priceInPence=2500], Pizza[name=Pizza A, priceInPence=2300], Pizza[name=Pizza B, priceInPence=2400], Pizza[name=Pizza C, priceInPence=2500], Pizza[name=Pizza A, priceInPence=2300], Pizza[name=Pizza A, priceInPence=2300], Pizza[name=Pizza A, priceInPence=2300], Pizza[name=Pizza A, priceInPence=2300], Pizza[name=Pizza A, priceInPence=2300], Pizza[name=Pizza A, priceInPence=2300], Pizza[name=Pizza B, priceInPence=2400], Pizza[name=Pizza A, priceInPence=2300], Pizza[name=Pizza A, priceInPence=2300], Pizza[name=Pizza C, priceInPence=2500], Pizza[name=Pizza C, priceInPence=2500], Pizza[name=Pizza A, priceInPence=2300], Pizza[name=Pizza C, priceInPence=2500], Pizza[name=Pizza B, priceInPence=2400], Pizza[name=Pizza A, priceInPence=2300], Pizza[name=Pizza C, priceInPence=2500], Pizza[name=Pizza B, priceInPence=2400], Pizza[name=Pizza C, priceInPence=2500], Pizza[name=Pizza C, priceInPence=2500], Pizza[name=Pizza A, priceInPence=2300], Pizza[name=Pizza C, priceInPence=2500], Pizza[name=Pizza C, priceInPence=2500], Pizza[name=Pizza A, priceInPence=2300], Pizza[name=Pizza A, priceInPence=2300], Pizza[name=Pizza A, priceInPence=2300], Pizza[name=Pizza A, priceInPence=2300], Pizza[name=Pizza C, priceInPence=2500], Pizza[name=Pizza B, priceInPence=2400], Pizza[name=Pizza A, priceInPence=2300], Pizza[name=Pizza B, priceInPence=2400], Pizza[name=Pizza C, priceInPence=2500], Pizza[name=Pizza B, priceInPence=2400], Pizza[name=Pizza B, priceInPence=2400], Pizza[name=Pizza A, priceInPence=2300], Pizza[name=Pizza B, priceInPence=2400], Pizza[name=Pizza B, priceInPence=2400], Pizza[name=Pizza B, priceInPence=2400], Pizza[name=Pizza B, priceInPence=2400], Pizza[name=Pizza A, priceInPence=2300], Pizza[name=Pizza C, priceInPence=2500], Pizza[name=Pizza C, priceInPence=2500], Pizza[name=Pizza B, priceInPence=2400], Pizza[name=Pizza C, priceInPence=2500], Pizza[name=Pizza A, priceInPence=2300], Pizza[name=Pizza C, priceInPence=2500]]
PriceTotalInPence: 143800
 -- Credit card info 
CreditCardNumber: 0000000000000000
CCV: 222
ExpiryDate: 02/28
]]></system-err>
  </testcase>
  <testcase name="test5PlusPizzasInOneOrder" classname="uk.ac.ed.inf.OrderValidatorTest" time="0">
    <system-err><![CDATA[
 -- Order info 
OrderValidationCode: MAX_PIZZA_COUNT_EXCEEDED
OrderStatus: INVALID
OrderNo: 3250968E
Order Contents: [Pizza[name=Pizza B, priceInPence=2400], Pizza[name=Pizza A, priceInPence=2300], Pizza[name=Pizza C, priceInPence=2500], Pizza[name=Pizza B, priceInPence=2400], Pizza[name=Pizza B, priceInPence=2400], Pizza[name=Pizza C, priceInPence=2500], Pizza[name=Pizza B, priceInPence=2400], Pizza[name=Pizza B, priceInPence=2400], Pizza[name=Pizza A, priceInPence=2300], Pizza[name=Pizza B, priceInPence=2400], Pizza[name=Pizza A, priceInPence=2300], Pizza[name=Pizza C, priceInPence=2500], Pizza[name=Pizza C, priceInPence=2500], Pizza[name=Pizza C, priceInPence=2500], Pizza[name=Pizza C, priceInPence=2500], Pizza[name=Pizza C, priceInPence=2500], Pizza[name=Pizza B, priceInPence=2400], Pizza[name=Pizza C, priceInPence=2500], Pizza[name=Pizza A, priceInPence=2300], Pizza[name=Pizza B, priceInPence=2400], Pizza[name=Pizza C, priceInPence=2500], Pizza[name=Pizza A, priceInPence=2300], Pizza[name=Pizza C, priceInPence=2500], Pizza[name=Pizza C, priceInPence=2500], Pizza[name=Pizza C, priceInPence=2500], Pizza[name=Pizza A, priceInPence=2300], Pizza[name=Pizza C, priceInPence=2500], Pizza[name=Pizza C, priceInPence=2500], Pizza[name=Pizza C, priceInPence=2500], Pizza[name=Pizza C, priceInPence=2500], Pizza[name=Pizza A, priceInPence=2300], Pizza[name=Pizza B, priceInPence=2400], Pizza[name=Pizza A, priceInPence=2300], Pizza[name=Pizza B, priceInPence=2400], Pizza[name=Pizza B, priceInPence=2400], Pizza[name=Pizza B, priceInPence=2400], Pizza[name=Pizza A, priceInPence=2300], Pizza[name=Pizza B, priceInPence=2400], Pizza[name=Pizza A, priceInPence=2300], Pizza[name=Pizza B, priceInPence=2400], Pizza[name=Pizza B, priceInPence=2400], Pizza[name=Pizza C, priceInPence=2500], Pizza[name=Pizza A, priceInPence=2300], Pizza[name=Pizza A, priceInPence=2300], Pizza[name=Pizza A, priceInPence=2300], Pizza[name=Pizza B, priceInPence=2400], Pizza[name=Pizza B, priceInPence=2400], Pizza[name=Pizza A, priceInPence=2300], Pizza[name=Pizza B, priceInPence=2400], Pizza[name=Pizza A, priceInPence=2300], Pizza[name=Pizza C, priceInPence=2500], Pizza[name=Pizza C, priceInPence=2500], Pizza[name=Pizza B, priceInPence=2400], Pizza[name=Pizza A, priceInPence=2300], Pizza[name=Pizza A, priceInPence=2300], Pizza[name=Pizza A, priceInPence=2300], Pizza[name=Pizza C, priceInPence=2500], Pizza[name=Pizza C, priceInPence=2500], Pizza[name=Pizza B, priceInPence=2400], Pizza[name=Pizza A, priceInPence=2300], Pizza[name=Pizza C, priceInPence=2500], Pizza[name=Pizza C, priceInPence=2500], Pizza[name=Pizza B, priceInPence=2400], Pizza[name=Pizza B, priceInPence=2400], Pizza[name=Pizza A, priceInPence=2300], Pizza[name=Pizza B, priceInPence=2400], Pizza[name=Pizza A, priceInPence=2300], Pizza[name=Pizza A, priceInPence=2300], Pizza[name=Pizza B, priceInPence=2400], Pizza[name=Pizza A, priceInPence=2300], Pizza[name=Pizza C, priceInPence=2500], Pizza[name=Pizza C, priceInPence=2500], Pizza[name=Pizza B, priceInPence=2400], Pizza[name=Pizza C, priceInPence=2500], Pizza[name=Pizza B, priceInPence=2400], Pizza[name=Pizza B, priceInPence=2400], Pizza[name=Pizza A, priceInPence=2300], Pizza[name=Pizza C, priceInPence=2500], Pizza[name=Pizza A, priceInPence=2300], Pizza[name=Pizza C, priceInPence=2500], Pizza[name=Pizza B, priceInPence=2400], Pizza[name=Pizza C, priceInPence=2500], Pizza[name=Pizza A, priceInPence=2300]]
PriceTotalInPence: 199600
 -- Credit card info 
CreditCardNumber: 0000000000000000
CCV: 222
ExpiryDate: 04/28
]]></system-err>
  </testcase>
  <testcase name="test5PlusPizzasInOneOrder" classname="uk.ac.ed.inf.OrderValidatorTest" time="0">
    <system-err><![CDATA[
 -- Order info 
OrderValidationCode: MAX_PIZZA_COUNT_EXCEEDED
OrderStatus: INVALID
OrderNo: 111D3D60
Order Contents: [Pizza[name=Pizza A, priceInPence=2300], Pizza[name=Pizza C, priceInPence=2500], Pizza[name=Pizza B, priceInPence=2400], Pizza[name=Pizza A, priceInPence=2300], Pizza[name=Pizza C, priceInPence=2500], Pizza[name=Pizza C, priceInPence=2500], Pizza[name=Pizza A, priceInPence=2300], Pizza[name=Pizza B, priceInPence=2400], Pizza[name=Pizza A, priceInPence=2300], Pizza[name=Pizza B, priceInPence=2400], Pizza[name=Pizza C, priceInPence=2500], Pizza[name=Pizza C, priceInPence=2500], Pizza[name=Pizza B, priceInPence=2400], Pizza[name=Pizza C, priceInPence=2500], Pizza[name=Pizza C, priceInPence=2500], Pizza[name=Pizza A, priceInPence=2300], Pizza[name=Pizza B, priceInPence=2400], Pizza[name=Pizza B, priceInPence=2400], Pizza[name=Pizza C, priceInPence=2500], Pizza[name=Pizza B, priceInPence=2400], Pizza[name=Pizza B, priceInPence=2400], Pizza[name=Pizza A, priceInPence=2300], Pizza[name=Pizza A, priceInPence=2300], Pizza[name=Pizza A, priceInPence=2300], Pizza[name=Pizza C, priceInPence=2500], Pizza[name=Pizza C, priceInPence=2500], Pizza[name=Pizza B, priceInPence=2400], Pizza[name=Pizza C, priceInPence=2500], Pizza[name=Pizza C, priceInPence=2500], Pizza[name=Pizza C, priceInPence=2500], Pizza[name=Pizza B, priceInPence=2400], Pizza[name=Pizza C, priceInPence=2500], Pizza[name=Pizza B, priceInPence=2400], Pizza[name=Pizza A, priceInPence=2300], Pizza[name=Pizza C, priceInPence=2500], Pizza[name=Pizza A, priceInPence=2300], Pizza[name=Pizza C, priceInPence=2500], Pizza[name=Pizza A, priceInPence=2300], Pizza[name=Pizza B, priceInPence=2400], Pizza[name=Pizza A, priceInPence=2300], Pizza[name=Pizza B, priceInPence=2400], Pizza[name=Pizza C, priceInPence=2500], Pizza[name=Pizza C, priceInPence=2500], Pizza[name=Pizza A, priceInPence=2300], Pizza[name=Pizza A, priceInPence=2300], Pizza[name=Pizza B, priceInPence=2400], Pizza[name=Pizza C, priceInPence=2500], Pizza[name=Pizza C, priceInPence=2500], Pizza[name=Pizza B, priceInPence=2400]]
PriceTotalInPence: 118300
 -- Credit card info 
CreditCardNumber: 0000000000000000
CCV: 222
ExpiryDate: 05/24
]]></system-err>
  </testcase>
  <testcase name="test5PlusPizzasInOneOrder" classname="uk.ac.ed.inf.OrderValidatorTest" time="0">
    <system-err><![CDATA[
 -- Order info 
OrderValidationCode: MAX_PIZZA_COUNT_EXCEEDED
OrderStatus: INVALID
OrderNo: 3DD9B5FE
Order Contents: [Pizza[name=Pizza B, priceInPence=2400], Pizza[name=Pizza B, priceInPence=2400], Pizza[name=Pizza B, priceInPence=2400], Pizza[name=Pizza A, priceInPence=2300], Pizza[name=Pizza A, priceInPence=2300], Pizza[name=Pizza A, priceInPence=2300], Pizza[name=Pizza A, priceInPence=2300], Pizza[name=Pizza B, priceInPence=2400], Pizza[name=Pizza C, priceInPence=2500], Pizza[name=Pizza B, priceInPence=2400], Pizza[name=Pizza A, priceInPence=2300], Pizza[name=Pizza B, priceInPence=2400], Pizza[name=Pizza C, priceInPence=2500], Pizza[name=Pizza A, priceInPence=2300], Pizza[name=Pizza B, priceInPence=2400], Pizza[name=Pizza C, priceInPence=2500], Pizza[name=Pizza A, priceInPence=2300], Pizza[name=Pizza B, priceInPence=2400], Pizza[name=Pizza B, priceInPence=2400], Pizza[name=Pizza A, priceInPence=2300], Pizza[name=Pizza B, priceInPence=2400], Pizza[name=Pizza B, priceInPence=2400], Pizza[name=Pizza B, priceInPence=2400], Pizza[name=Pizza A, priceInPence=2300], Pizza[name=Pizza C, priceInPence=2500], Pizza[name=Pizza A, priceInPence=2300], Pizza[name=Pizza A, priceInPence=2300], Pizza[name=Pizza B, priceInPence=2400], Pizza[name=Pizza B, priceInPence=2400], Pizza[name=Pizza A, priceInPence=2300], Pizza[name=Pizza B, priceInPence=2400], Pizza[name=Pizza B, priceInPence=2400], Pizza[name=Pizza C, priceInPence=2500], Pizza[name=Pizza C, priceInPence=2500], Pizza[name=Pizza A, priceInPence=2300], Pizza[name=Pizza B, priceInPence=2400], Pizza[name=Pizza B, priceInPence=2400], Pizza[name=Pizza B, priceInPence=2400], Pizza[name=Pizza C, priceInPence=2500], Pizza[name=Pizza C, priceInPence=2500], Pizza[name=Pizza B, priceInPence=2400], Pizza[name=Pizza B, priceInPence=2400], Pizza[name=Pizza B, priceInPence=2400], Pizza[name=Pizza A, priceInPence=2300], Pizza[name=Pizza A, priceInPence=2300], Pizza[name=Pizza A, priceInPence=2300], Pizza[name=Pizza A, priceInPence=2300], Pizza[name=Pizza C, priceInPence=2500], Pizza[name=Pizza A, priceInPence=2300], Pizza[name=Pizza A, priceInPence=2300], Pizza[name=Pizza C, priceInPence=2500], Pizza[name=Pizza A, priceInPence=2300], Pizza[name=Pizza B, priceInPence=2400], Pizza[name=Pizza C, priceInPence=2500], Pizza[name=Pizza A, priceInPence=2300], Pizza[name=Pizza A, priceInPence=2300], Pizza[name=Pizza A, priceInPence=2300], Pizza[name=Pizza A, priceInPence=2300], Pizza[name=Pizza B, priceInPence=2400], Pizza[name=Pizza C, priceInPence=2500], Pizza[name=Pizza B, priceInPence=2400], Pizza[name=Pizza A, priceInPence=2300], Pizza[name=Pizza B, priceInPence=2400], Pizza[name=Pizza B, priceInPence=2400], Pizza[name=Pizza C, priceInPence=2500], Pizza[name=Pizza A, priceInPence=2300], Pizza[name=Pizza B, priceInPence=2400], Pizza[name=Pizza A, priceInPence=2300], Pizza[name=Pizza A, priceInPence=2300], Pizza[name=Pizza A, priceInPence=2300], Pizza[name=Pizza C, priceInPence=2500], Pizza[name=Pizza C, priceInPence=2500], Pizza[name=Pizza B, priceInPence=2400], Pizza[name=Pizza A, priceInPence=2300], Pizza[name=Pizza C, priceInPence=2500], Pizza[name=Pizza A, priceInPence=2300], Pizza[name=Pizza A, priceInPence=2300], Pizza[name=Pizza B, priceInPence=2400], Pizza[name=Pizza C, priceInPence=2500], Pizza[name=Pizza B, priceInPence=2400], Pizza[name=Pizza A, priceInPence=2300], Pizza[name=Pizza A, priceInPence=2300], Pizza[name=Pizza C, priceInPence=2500], Pizza[name=Pizza A, priceInPence=2300], Pizza[name=Pizza B, priceInPence=2400], Pizza[name=Pizza C, priceInPence=2500], Pizza[name=Pizza B, priceInPence=2400], Pizza[name=Pizza B, priceInPence=2400], Pizza[name=Pizza B, priceInPence=2400], Pizza[name=Pizza A, priceInPence=2300], Pizza[name=Pizza C, priceInPence=2500], Pizza[name=Pizza B, priceInPence=2400], Pizza[name=Pizza B, priceInPence=2400], Pizza[name=Pizza B, priceInPence=2400]]
PriceTotalInPence: 224100
 -- Credit card info 
CreditCardNumber: 0000000000000000
CCV: 222
ExpiryDate: 05/29
]]></system-err>
  </testcase>
  <testcase name="test5PlusPizzasInOneOrder" classname="uk.ac.ed.inf.OrderValidatorTest" time="0">
    <system-err><![CDATA[
 -- Order info 
OrderValidationCode: MAX_PIZZA_COUNT_EXCEEDED
OrderStatus: INVALID
OrderNo: 6BCDEA1E
Order Contents: [Pizza[name=Pizza C, priceInPence=2500], Pizza[name=Pizza B, priceInPence=2400], Pizza[name=Pizza B, priceInPence=2400], Pizza[name=Pizza A, priceInPence=2300], Pizza[name=Pizza B, priceInPence=2400], Pizza[name=Pizza B, priceInPence=2400], Pizza[name=Pizza C, priceInPence=2500], Pizza[name=Pizza B, priceInPence=2400], Pizza[name=Pizza C, priceInPence=2500], Pizza[name=Pizza A, priceInPence=2300], Pizza[name=Pizza A, priceInPence=2300], Pizza[name=Pizza A, priceInPence=2300], Pizza[name=Pizza A, priceInPence=2300], Pizza[name=Pizza C, priceInPence=2500], Pizza[name=Pizza C, priceInPence=2500], Pizza[name=Pizza B, priceInPence=2400], Pizza[name=Pizza A, priceInPence=2300], Pizza[name=Pizza A, priceInPence=2300], Pizza[name=Pizza A, priceInPence=2300], Pizza[name=Pizza C, priceInPence=2500], Pizza[name=Pizza B, priceInPence=2400], Pizza[name=Pizza B, priceInPence=2400], Pizza[name=Pizza A, priceInPence=2300], Pizza[name=Pizza B, priceInPence=2400], Pizza[name=Pizza C, priceInPence=2500], Pizza[name=Pizza A, priceInPence=2300], Pizza[name=Pizza C, priceInPence=2500], Pizza[name=Pizza B, priceInPence=2400], Pizza[name=Pizza A, priceInPence=2300], Pizza[name=Pizza B, priceInPence=2400], Pizza[name=Pizza B, priceInPence=2400], Pizza[name=Pizza C, priceInPence=2500], Pizza[name=Pizza A, priceInPence=2300]]
PriceTotalInPence: 79000
 -- Credit card info 
CreditCardNumber: 0000000000000000
CCV: 222
ExpiryDate: 04/29
]]></system-err>
  </testcase>
  <testcase name="test5PlusPizzasInOneOrder" classname="uk.ac.ed.inf.OrderValidatorTest" time="0">
    <system-err><![CDATA[
 -- Order info 
OrderValidationCode: MAX_PIZZA_COUNT_EXCEEDED
OrderStatus: INVALID
OrderNo: 43425D88
Order Contents: [Pizza[name=Pizza B, priceInPence=2400], Pizza[name=Pizza B, priceInPence=2400], Pizza[name=Pizza C, priceInPence=2500], Pizza[name=Pizza B, priceInPence=2400], Pizza[name=Pizza C, priceInPence=2500], Pizza[name=Pizza C, priceInPence=2500], Pizza[name=Pizza C, priceInPence=2500], Pizza[name=Pizza B, priceInPence=2400], Pizza[name=Pizza A, priceInPence=2300], Pizza[name=Pizza B, priceInPence=2400], Pizza[name=Pizza A, priceInPence=2300], Pizza[name=Pizza B, priceInPence=2400], Pizza[name=Pizza C, priceInPence=2500], Pizza[name=Pizza C, priceInPence=2500], Pizza[name=Pizza B, priceInPence=2400], Pizza[name=Pizza C, priceInPence=2500], Pizza[name=Pizza C, priceInPence=2500], Pizza[name=Pizza B, priceInPence=2400], Pizza[name=Pizza B, priceInPence=2400], Pizza[name=Pizza A, priceInPence=2300], Pizza[name=Pizza B, priceInPence=2400], Pizza[name=Pizza A, priceInPence=2300], Pizza[name=Pizza A, priceInPence=2300], Pizza[name=Pizza B, priceInPence=2400], Pizza[name=Pizza A, priceInPence=2300], Pizza[name=Pizza A, priceInPence=2300], Pizza[name=Pizza B, priceInPence=2400], Pizza[name=Pizza B, priceInPence=2400], Pizza[name=Pizza B, priceInPence=2400], Pizza[name=Pizza C, priceInPence=2500], Pizza[name=Pizza A, priceInPence=2300], Pizza[name=Pizza C, priceInPence=2500], Pizza[name=Pizza B, priceInPence=2400], Pizza[name=Pizza B, priceInPence=2400], Pizza[name=Pizza B, priceInPence=2400], Pizza[name=Pizza C, priceInPence=2500], Pizza[name=Pizza A, priceInPence=2300], Pizza[name=Pizza A, priceInPence=2300], Pizza[name=Pizza C, priceInPence=2500], Pizza[name=Pizza B, priceInPence=2400], Pizza[name=Pizza A, priceInPence=2300], Pizza[name=Pizza C, priceInPence=2500], Pizza[name=Pizza A, priceInPence=2300], Pizza[name=Pizza B, priceInPence=2400], Pizza[name=Pizza A, priceInPence=2300], Pizza[name=Pizza C, priceInPence=2500], Pizza[name=Pizza A, priceInPence=2300], Pizza[name=Pizza B, priceInPence=2400]]
PriceTotalInPence: 115300
 -- Credit card info 
CreditCardNumber: 0000000000000000
CCV: 222
ExpiryDate: 08/28
]]></system-err>
  </testcase>
  <testcase name="test5PlusPizzasInOneOrder" classname="uk.ac.ed.inf.OrderValidatorTest" time="0">
    <system-err><![CDATA[
 -- Order info 
OrderValidationCode: MAX_PIZZA_COUNT_EXCEEDED
OrderStatus: INVALID
OrderNo: 04C09814
Order Contents: [Pizza[name=Pizza A, priceInPence=2300], Pizza[name=Pizza B, priceInPence=2400], Pizza[name=Pizza A, priceInPence=2300], Pizza[name=Pizza B, priceInPence=2400], Pizza[name=Pizza C, priceInPence=2500], Pizza[name=Pizza C, priceInPence=2500], Pizza[name=Pizza A, priceInPence=2300], Pizza[name=Pizza C, priceInPence=2500], Pizza[name=Pizza B, priceInPence=2400], Pizza[name=Pizza A, priceInPence=2300], Pizza[name=Pizza B, priceInPence=2400], Pizza[name=Pizza A, priceInPence=2300], Pizza[name=Pizza C, priceInPence=2500], Pizza[name=Pizza A, priceInPence=2300], Pizza[name=Pizza C, priceInPence=2500], Pizza[name=Pizza B, priceInPence=2400], Pizza[name=Pizza A, priceInPence=2300], Pizza[name=Pizza B, priceInPence=2400], Pizza[name=Pizza B, priceInPence=2400], Pizza[name=Pizza C, priceInPence=2500], Pizza[name=Pizza A, priceInPence=2300], Pizza[name=Pizza A, priceInPence=2300], Pizza[name=Pizza A, priceInPence=2300], Pizza[name=Pizza C, priceInPence=2500], Pizza[name=Pizza A, priceInPence=2300], Pizza[name=Pizza C, priceInPence=2500], Pizza[name=Pizza A, priceInPence=2300], Pizza[name=Pizza B, priceInPence=2400], Pizza[name=Pizza B, priceInPence=2400], Pizza[name=Pizza B, priceInPence=2400], Pizza[name=Pizza B, priceInPence=2400], Pizza[name=Pizza A, priceInPence=2300], Pizza[name=Pizza B, priceInPence=2400], Pizza[name=Pizza C, priceInPence=2500], Pizza[name=Pizza C, priceInPence=2500], Pizza[name=Pizza A, priceInPence=2300], Pizza[name=Pizza B, priceInPence=2400], Pizza[name=Pizza C, priceInPence=2500], Pizza[name=Pizza A, priceInPence=2300], Pizza[name=Pizza C, priceInPence=2500], Pizza[name=Pizza B, priceInPence=2400], Pizza[name=Pizza A, priceInPence=2300], Pizza[name=Pizza A, priceInPence=2300], Pizza[name=Pizza B, priceInPence=2400], Pizza[name=Pizza C, priceInPence=2500], Pizza[name=Pizza C, priceInPence=2500], Pizza[name=Pizza C, priceInPence=2500], Pizza[name=Pizza C, priceInPence=2500]]
PriceTotalInPence: 115200
 -- Credit card info 
CreditCardNumber: 0000000000000000
CCV: 222
ExpiryDate: 04/24
]]></system-err>
  </testcase>
  <testcase name="test5PlusPizzasInOneOrder" classname="uk.ac.ed.inf.OrderValidatorTest" time="0.001">
    <system-err><![CDATA[
 -- Order info 
OrderValidationCode: MAX_PIZZA_COUNT_EXCEEDED
OrderStatus: INVALID
OrderNo: 0142E1D5
Order Contents: [Pizza[name=Pizza A, priceInPence=2300], Pizza[name=Pizza B, priceInPence=2400], Pizza[name=Pizza C, priceInPence=2500], Pizza[name=Pizza C, priceInPence=2500], Pizza[name=Pizza C, priceInPence=2500], Pizza[name=Pizza C, priceInPence=2500], Pizza[name=Pizza C, priceInPence=2500], Pizza[name=Pizza A, priceInPence=2300], Pizza[name=Pizza C, priceInPence=2500], Pizza[name=Pizza C, priceInPence=2500], Pizza[name=Pizza A, priceInPence=2300], Pizza[name=Pizza A, priceInPence=2300], Pizza[name=Pizza B, priceInPence=2400], Pizza[name=Pizza C, priceInPence=2500], Pizza[name=Pizza C, priceInPence=2500], Pizza[name=Pizza B, priceInPence=2400], Pizza[name=Pizza B, priceInPence=2400], Pizza[name=Pizza B, priceInPence=2400], Pizza[name=Pizza C, priceInPence=2500], Pizza[name=Pizza A, priceInPence=2300], Pizza[name=Pizza A, priceInPence=2300], Pizza[name=Pizza A, priceInPence=2300]]
PriceTotalInPence: 53200
 -- Credit card info 
CreditCardNumber: 0000000000000000
CCV: 222
ExpiryDate: 09/24
]]></system-err>
  </testcase>
  <testcase name="test5PlusPizzasInOneOrder" classname="uk.ac.ed.inf.OrderValidatorTest" time="0">
    <system-err><![CDATA[
 -- Order info 
OrderValidationCode: MAX_PIZZA_COUNT_EXCEEDED
OrderStatus: INVALID
OrderNo: 2EABB4E3
Order Contents: [Pizza[name=Pizza C, priceInPence=2500], Pizza[name=Pizza A, priceInPence=2300], Pizza[name=Pizza B, priceInPence=2400], Pizza[name=Pizza A, priceInPence=2300], Pizza[name=Pizza B, priceInPence=2400], Pizza[name=Pizza C, priceInPence=2500], Pizza[name=Pizza B, priceInPence=2400], Pizza[name=Pizza C, priceInPence=2500], Pizza[name=Pizza B, priceInPence=2400], Pizza[name=Pizza B, priceInPence=2400], Pizza[name=Pizza A, priceInPence=2300], Pizza[name=Pizza C, priceInPence=2500], Pizza[name=Pizza B, priceInPence=2400], Pizza[name=Pizza B, priceInPence=2400], Pizza[name=Pizza C, priceInPence=2500], Pizza[name=Pizza A, priceInPence=2300], Pizza[name=Pizza C, priceInPence=2500], Pizza[name=Pizza C, priceInPence=2500], Pizza[name=Pizza A, priceInPence=2300], Pizza[name=Pizza C, priceInPence=2500], Pizza[name=Pizza A, priceInPence=2300], Pizza[name=Pizza A, priceInPence=2300], Pizza[name=Pizza C, priceInPence=2500], Pizza[name=Pizza C, priceInPence=2500], Pizza[name=Pizza B, priceInPence=2400], Pizza[name=Pizza C, priceInPence=2500], Pizza[name=Pizza A, priceInPence=2300], Pizza[name=Pizza C, priceInPence=2500], Pizza[name=Pizza B, priceInPence=2400], Pizza[name=Pizza B, priceInPence=2400], Pizza[name=Pizza B, priceInPence=2400], Pizza[name=Pizza B, priceInPence=2400], Pizza[name=Pizza C, priceInPence=2500], Pizza[name=Pizza C, priceInPence=2500], Pizza[name=Pizza B, priceInPence=2400], Pizza[name=Pizza A, priceInPence=2300], Pizza[name=Pizza B, priceInPence=2400], Pizza[name=Pizza B, priceInPence=2400], Pizza[name=Pizza A, priceInPence=2300], Pizza[name=Pizza A, priceInPence=2300], Pizza[name=Pizza C, priceInPence=2500], Pizza[name=Pizza C, priceInPence=2500], Pizza[name=Pizza A, priceInPence=2300], Pizza[name=Pizza B, priceInPence=2400], Pizza[name=Pizza B, priceInPence=2400], Pizza[name=Pizza A, priceInPence=2300], Pizza[name=Pizza B, priceInPence=2400], Pizza[name=Pizza C, priceInPence=2500], Pizza[name=Pizza C, priceInPence=2500], Pizza[name=Pizza C, priceInPence=2500], Pizza[name=Pizza C, priceInPence=2500], Pizza[name=Pizza B, priceInPence=2400], Pizza[name=Pizza A, priceInPence=2300], Pizza[name=Pizza A, priceInPence=2300], Pizza[name=Pizza A, priceInPence=2300], Pizza[name=Pizza A, priceInPence=2300], Pizza[name=Pizza A, priceInPence=2300], Pizza[name=Pizza C, priceInPence=2500], Pizza[name=Pizza A, priceInPence=2300], Pizza[name=Pizza B, priceInPence=2400], Pizza[name=Pizza B, priceInPence=2400], Pizza[name=Pizza B, priceInPence=2400], Pizza[name=Pizza A, priceInPence=2300], Pizza[name=Pizza C, priceInPence=2500], Pizza[name=Pizza B, priceInPence=2400], Pizza[name=Pizza A, priceInPence=2300], Pizza[name=Pizza B, priceInPence=2400], Pizza[name=Pizza A, priceInPence=2300], Pizza[name=Pizza C, priceInPence=2500], Pizza[name=Pizza B, priceInPence=2400], Pizza[name=Pizza B, priceInPence=2400], Pizza[name=Pizza C, priceInPence=2500], Pizza[name=Pizza B, priceInPence=2400], Pizza[name=Pizza B, priceInPence=2400], Pizza[name=Pizza B, priceInPence=2400], Pizza[name=Pizza B, priceInPence=2400], Pizza[name=Pizza A, priceInPence=2300], Pizza[name=Pizza C, priceInPence=2500]]
PriceTotalInPence: 187500
 -- Credit card info 
CreditCardNumber: 0000000000000000
CCV: 222
ExpiryDate: 10/29
]]></system-err>
  </testcase>
  <testcase name="test5PlusPizzasInOneOrder" classname="uk.ac.ed.inf.OrderValidatorTest" time="0">
    <system-err><![CDATA[
 -- Order info 
OrderValidationCode: MAX_PIZZA_COUNT_EXCEEDED
OrderStatus: INVALID
OrderNo: 3A937010
Order Contents: [Pizza[name=Pizza A, priceInPence=2300], Pizza[name=Pizza B, priceInPence=2400], Pizza[name=Pizza A, priceInPence=2300], Pizza[name=Pizza A, priceInPence=2300], Pizza[name=Pizza C, priceInPence=2500], Pizza[name=Pizza A, priceInPence=2300], Pizza[name=Pizza B, priceInPence=2400], Pizza[name=Pizza B, priceInPence=2400], Pizza[name=Pizza B, priceInPence=2400], Pizza[name=Pizza B, priceInPence=2400], Pizza[name=Pizza B, priceInPence=2400], Pizza[name=Pizza B, priceInPence=2400], Pizza[name=Pizza C, priceInPence=2500], Pizza[name=Pizza C, priceInPence=2500], Pizza[name=Pizza A, priceInPence=2300], Pizza[name=Pizza A, priceInPence=2300], Pizza[name=Pizza B, priceInPence=2400], Pizza[name=Pizza A, priceInPence=2300], Pizza[name=Pizza C, priceInPence=2500], Pizza[name=Pizza C, priceInPence=2500], Pizza[name=Pizza B, priceInPence=2400], Pizza[name=Pizza C, priceInPence=2500], Pizza[name=Pizza B, priceInPence=2400], Pizza[name=Pizza C, priceInPence=2500], Pizza[name=Pizza B, priceInPence=2400], Pizza[name=Pizza A, priceInPence=2300], Pizza[name=Pizza C, priceInPence=2500], Pizza[name=Pizza C, priceInPence=2500], Pizza[name=Pizza C, priceInPence=2500], Pizza[name=Pizza A, priceInPence=2300], Pizza[name=Pizza C, priceInPence=2500], Pizza[name=Pizza A, priceInPence=2300], Pizza[name=Pizza B, priceInPence=2400], Pizza[name=Pizza B, priceInPence=2400], Pizza[name=Pizza C, priceInPence=2500], Pizza[name=Pizza B, priceInPence=2400], Pizza[name=Pizza C, priceInPence=2500], Pizza[name=Pizza B, priceInPence=2400], Pizza[name=Pizza B, priceInPence=2400], Pizza[name=Pizza C, priceInPence=2500], Pizza[name=Pizza B, priceInPence=2400], Pizza[name=Pizza A, priceInPence=2300], Pizza[name=Pizza C, priceInPence=2500], Pizza[name=Pizza A, priceInPence=2300], Pizza[name=Pizza A, priceInPence=2300], Pizza[name=Pizza B, priceInPence=2400], Pizza[name=Pizza C, priceInPence=2500], Pizza[name=Pizza A, priceInPence=2300], Pizza[name=Pizza B, priceInPence=2400], Pizza[name=Pizza B, priceInPence=2400], Pizza[name=Pizza B, priceInPence=2400], Pizza[name=Pizza B, priceInPence=2400], Pizza[name=Pizza A, priceInPence=2300], Pizza[name=Pizza A, priceInPence=2300], Pizza[name=Pizza A, priceInPence=2300], Pizza[name=Pizza A, priceInPence=2300], Pizza[name=Pizza B, priceInPence=2400], Pizza[name=Pizza A, priceInPence=2300], Pizza[name=Pizza B, priceInPence=2400], Pizza[name=Pizza B, priceInPence=2400], Pizza[name=Pizza A, priceInPence=2300], Pizza[name=Pizza A, priceInPence=2300], Pizza[name=Pizza C, priceInPence=2500], Pizza[name=Pizza C, priceInPence=2500], Pizza[name=Pizza B, priceInPence=2400], Pizza[name=Pizza B, priceInPence=2400], Pizza[name=Pizza A, priceInPence=2300], Pizza[name=Pizza A, priceInPence=2300], Pizza[name=Pizza A, priceInPence=2300], Pizza[name=Pizza C, priceInPence=2500], Pizza[name=Pizza C, priceInPence=2500], Pizza[name=Pizza A, priceInPence=2300]]
PriceTotalInPence: 172400
 -- Credit card info 
CreditCardNumber: 0000000000000000
CCV: 222
ExpiryDate: 02/27
]]></system-err>
  </testcase>
  <testcase name="test5PlusPizzasInOneOrder" classname="uk.ac.ed.inf.OrderValidatorTest" time="0">
    <system-err><![CDATA[
 -- Order info 
OrderValidationCode: MAX_PIZZA_COUNT_EXCEEDED
OrderStatus: INVALID
OrderNo: 3A7E9F03
Order Contents: [Pizza[name=Pizza C, priceInPence=2500], Pizza[name=Pizza A, priceInPence=2300], Pizza[name=Pizza A, priceInPence=2300], Pizza[name=Pizza C, priceInPence=2500], Pizza[name=Pizza C, priceInPence=2500], Pizza[name=Pizza C, priceInPence=2500], Pizza[name=Pizza A, priceInPence=2300], Pizza[name=Pizza B, priceInPence=2400], Pizza[name=Pizza A, priceInPence=2300], Pizza[name=Pizza B, priceInPence=2400], Pizza[name=Pizza A, priceInPence=2300], Pizza[name=Pizza C, priceInPence=2500], Pizza[name=Pizza C, priceInPence=2500], Pizza[name=Pizza C, priceInPence=2500]]
PriceTotalInPence: 33900
 -- Credit card info 
CreditCardNumber: 0000000000000000
CCV: 222
ExpiryDate: 02/28
]]></system-err>
  </testcase>
  <testcase name="test5PlusPizzasInOneOrder" classname="uk.ac.ed.inf.OrderValidatorTest" time="0">
    <system-err><![CDATA[
 -- Order info 
OrderValidationCode: MAX_PIZZA_COUNT_EXCEEDED
OrderStatus: INVALID
OrderNo: 2DF8515C
Order Contents: [Pizza[name=Pizza B, priceInPence=2400], Pizza[name=Pizza C, priceInPence=2500], Pizza[name=Pizza A, priceInPence=2300], Pizza[name=Pizza A, priceInPence=2300], Pizza[name=Pizza A, priceInPence=2300], Pizza[name=Pizza A, priceInPence=2300], Pizza[name=Pizza B, priceInPence=2400], Pizza[name=Pizza A, priceInPence=2300], Pizza[name=Pizza B, priceInPence=2400], Pizza[name=Pizza A, priceInPence=2300], Pizza[name=Pizza B, priceInPence=2400], Pizza[name=Pizza B, priceInPence=2400], Pizza[name=Pizza B, priceInPence=2400], Pizza[name=Pizza B, priceInPence=2400], Pizza[name=Pizza A, priceInPence=2300], Pizza[name=Pizza C, priceInPence=2500], Pizza[name=Pizza C, priceInPence=2500], Pizza[name=Pizza C, priceInPence=2500], Pizza[name=Pizza A, priceInPence=2300], Pizza[name=Pizza C, priceInPence=2500], Pizza[name=Pizza B, priceInPence=2400], Pizza[name=Pizza B, priceInPence=2400], Pizza[name=Pizza B, priceInPence=2400], Pizza[name=Pizza B, priceInPence=2400], Pizza[name=Pizza B, priceInPence=2400], Pizza[name=Pizza A, priceInPence=2300], Pizza[name=Pizza B, priceInPence=2400], Pizza[name=Pizza C, priceInPence=2500], Pizza[name=Pizza A, priceInPence=2300], Pizza[name=Pizza A, priceInPence=2300], Pizza[name=Pizza C, priceInPence=2500], Pizza[name=Pizza C, priceInPence=2500], Pizza[name=Pizza A, priceInPence=2300], Pizza[name=Pizza C, priceInPence=2500], Pizza[name=Pizza C, priceInPence=2500], Pizza[name=Pizza C, priceInPence=2500], Pizza[name=Pizza A, priceInPence=2300], Pizza[name=Pizza C, priceInPence=2500], Pizza[name=Pizza B, priceInPence=2400], Pizza[name=Pizza C, priceInPence=2500], Pizza[name=Pizza B, priceInPence=2400], Pizza[name=Pizza A, priceInPence=2300], Pizza[name=Pizza B, priceInPence=2400], Pizza[name=Pizza C, priceInPence=2500], Pizza[name=Pizza B, priceInPence=2400], Pizza[name=Pizza C, priceInPence=2500], Pizza[name=Pizza C, priceInPence=2500], Pizza[name=Pizza B, priceInPence=2400], Pizza[name=Pizza C, priceInPence=2500], Pizza[name=Pizza C, priceInPence=2500], Pizza[name=Pizza B, priceInPence=2400], Pizza[name=Pizza B, priceInPence=2400], Pizza[name=Pizza A, priceInPence=2300], Pizza[name=Pizza B, priceInPence=2400], Pizza[name=Pizza B, priceInPence=2400], Pizza[name=Pizza B, priceInPence=2400], Pizza[name=Pizza A, priceInPence=2300], Pizza[name=Pizza B, priceInPence=2400], Pizza[name=Pizza A, priceInPence=2300], Pizza[name=Pizza C, priceInPence=2500], Pizza[name=Pizza A, priceInPence=2300], Pizza[name=Pizza B, priceInPence=2400], Pizza[name=Pizza A, priceInPence=2300], Pizza[name=Pizza C, priceInPence=2500], Pizza[name=Pizza A, priceInPence=2300], Pizza[name=Pizza C, priceInPence=2500], Pizza[name=Pizza A, priceInPence=2300], Pizza[name=Pizza A, priceInPence=2300], Pizza[name=Pizza A, priceInPence=2300], Pizza[name=Pizza A, priceInPence=2300]]
PriceTotalInPence: 167800
 -- Credit card info 
CreditCardNumber: 0000000000000000
CCV: 222
ExpiryDate: 06/29
]]></system-err>
  </testcase>
  <testcase name="test5PlusPizzasInOneOrder" classname="uk.ac.ed.inf.OrderValidatorTest" time="0">
    <system-err><![CDATA[
 -- Order info 
OrderValidationCode: MAX_PIZZA_COUNT_EXCEEDED
OrderStatus: INVALID
OrderNo: 2C65107F
Order Contents: [Pizza[name=Pizza C, priceInPence=2500], Pizza[name=Pizza C, priceInPence=2500], Pizza[name=Pizza B, priceInPence=2400], Pizza[name=Pizza C, priceInPence=2500], Pizza[name=Pizza A, priceInPence=2300], Pizza[name=Pizza B, priceInPence=2400], Pizza[name=Pizza C, priceInPence=2500], Pizza[name=Pizza C, priceInPence=2500], Pizza[name=Pizza B, priceInPence=2400], Pizza[name=Pizza C, priceInPence=2500], Pizza[name=Pizza A, priceInPence=2300], Pizza[name=Pizza A, priceInPence=2300], Pizza[name=Pizza C, priceInPence=2500], Pizza[name=Pizza B, priceInPence=2400], Pizza[name=Pizza A, priceInPence=2300], Pizza[name=Pizza B, priceInPence=2400], Pizza[name=Pizza A, priceInPence=2300], Pizza[name=Pizza C, priceInPence=2500], Pizza[name=Pizza C, priceInPence=2500], Pizza[name=Pizza B, priceInPence=2400], Pizza[name=Pizza C, priceInPence=2500], Pizza[name=Pizza A, priceInPence=2300], Pizza[name=Pizza B, priceInPence=2400], Pizza[name=Pizza B, priceInPence=2400], Pizza[name=Pizza A, priceInPence=2300], Pizza[name=Pizza A, priceInPence=2300], Pizza[name=Pizza A, priceInPence=2300], Pizza[name=Pizza A, priceInPence=2300], Pizza[name=Pizza B, priceInPence=2400], Pizza[name=Pizza C, priceInPence=2500], Pizza[name=Pizza C, priceInPence=2500], Pizza[name=Pizza C, priceInPence=2500], Pizza[name=Pizza A, priceInPence=2300], Pizza[name=Pizza A, priceInPence=2300], Pizza[name=Pizza B, priceInPence=2400], Pizza[name=Pizza A, priceInPence=2300], Pizza[name=Pizza B, priceInPence=2400], Pizza[name=Pizza B, priceInPence=2400], Pizza[name=Pizza C, priceInPence=2500], Pizza[name=Pizza C, priceInPence=2500], Pizza[name=Pizza C, priceInPence=2500], Pizza[name=Pizza C, priceInPence=2500], Pizza[name=Pizza C, priceInPence=2500], Pizza[name=Pizza B, priceInPence=2400], Pizza[name=Pizza C, priceInPence=2500], Pizza[name=Pizza B, priceInPence=2400], Pizza[name=Pizza C, priceInPence=2500], Pizza[name=Pizza A, priceInPence=2300], Pizza[name=Pizza A, priceInPence=2300], Pizza[name=Pizza A, priceInPence=2300], Pizza[name=Pizza B, priceInPence=2400], Pizza[name=Pizza A, priceInPence=2300], Pizza[name=Pizza A, priceInPence=2300]]
PriceTotalInPence: 127500
 -- Credit card info 
CreditCardNumber: 0000000000000000
CCV: 222
ExpiryDate: 06/26
]]></system-err>
  </testcase>
  <testcase name="test5PlusPizzasInOneOrder" classname="uk.ac.ed.inf.OrderValidatorTest" time="0">
    <system-err><![CDATA[
 -- Order info 
OrderValidationCode: MAX_PIZZA_COUNT_EXCEEDED
OrderStatus: INVALID
OrderNo: 06F0AAD4
Order Contents: [Pizza[name=Pizza B, priceInPence=2400], Pizza[name=Pizza C, priceInPence=2500], Pizza[name=Pizza A, priceInPence=2300], Pizza[name=Pizza C, priceInPence=2500], Pizza[name=Pizza A, priceInPence=2300], Pizza[name=Pizza B, priceInPence=2400], Pizza[name=Pizza C, priceInPence=2500], Pizza[name=Pizza C, priceInPence=2500], Pizza[name=Pizza C, priceInPence=2500], Pizza[name=Pizza A, priceInPence=2300], Pizza[name=Pizza C, priceInPence=2500], Pizza[name=Pizza C, priceInPence=2500], Pizza[name=Pizza C, priceInPence=2500], Pizza[name=Pizza C, priceInPence=2500], Pizza[name=Pizza A, priceInPence=2300], Pizza[name=Pizza A, priceInPence=2300], Pizza[name=Pizza B, priceInPence=2400], Pizza[name=Pizza A, priceInPence=2300], Pizza[name=Pizza C, priceInPence=2500], Pizza[name=Pizza B, priceInPence=2400], Pizza[name=Pizza A, priceInPence=2300], Pizza[name=Pizza B, priceInPence=2400], Pizza[name=Pizza B, priceInPence=2400], Pizza[name=Pizza B, priceInPence=2400], Pizza[name=Pizza A, priceInPence=2300], Pizza[name=Pizza B, priceInPence=2400], Pizza[name=Pizza C, priceInPence=2500], Pizza[name=Pizza B, priceInPence=2400], Pizza[name=Pizza B, priceInPence=2400], Pizza[name=Pizza A, priceInPence=2300], Pizza[name=Pizza A, priceInPence=2300], Pizza[name=Pizza A, priceInPence=2300], Pizza[name=Pizza A, priceInPence=2300], Pizza[name=Pizza C, priceInPence=2500], Pizza[name=Pizza B, priceInPence=2400], Pizza[name=Pizza A, priceInPence=2300], Pizza[name=Pizza A, priceInPence=2300], Pizza[name=Pizza B, priceInPence=2400], Pizza[name=Pizza A, priceInPence=2300], Pizza[name=Pizza A, priceInPence=2300], Pizza[name=Pizza A, priceInPence=2300], Pizza[name=Pizza B, priceInPence=2400], Pizza[name=Pizza B, priceInPence=2400], Pizza[name=Pizza C, priceInPence=2500], Pizza[name=Pizza A, priceInPence=2300], Pizza[name=Pizza A, priceInPence=2300], Pizza[name=Pizza A, priceInPence=2300], Pizza[name=Pizza C, priceInPence=2500], Pizza[name=Pizza A, priceInPence=2300], Pizza[name=Pizza C, priceInPence=2500], Pizza[name=Pizza C, priceInPence=2500]]
PriceTotalInPence: 122000
 -- Credit card info 
CreditCardNumber: 0000000000000000
CCV: 222
ExpiryDate: 08/27
]]></system-err>
  </testcase>
  <testcase name="test5PlusPizzasInOneOrder" classname="uk.ac.ed.inf.OrderValidatorTest" time="0">
    <system-err><![CDATA[
 -- Order info 
OrderValidationCode: MAX_PIZZA_COUNT_EXCEEDED
OrderStatus: INVALID
OrderNo: 2CEFC18E
Order Contents: [Pizza[name=Pizza C, priceInPence=2500], Pizza[name=Pizza A, priceInPence=2300], Pizza[name=Pizza B, priceInPence=2400], Pizza[name=Pizza A, priceInPence=2300], Pizza[name=Pizza B, priceInPence=2400], Pizza[name=Pizza B, priceInPence=2400], Pizza[name=Pizza C, priceInPence=2500], Pizza[name=Pizza C, priceInPence=2500], Pizza[name=Pizza B, priceInPence=2400], Pizza[name=Pizza A, priceInPence=2300], Pizza[name=Pizza C, priceInPence=2500], Pizza[name=Pizza B, priceInPence=2400], Pizza[name=Pizza B, priceInPence=2400], Pizza[name=Pizza B, priceInPence=2400], Pizza[name=Pizza A, priceInPence=2300], Pizza[name=Pizza A, priceInPence=2300], Pizza[name=Pizza A, priceInPence=2300], Pizza[name=Pizza C, priceInPence=2500], Pizza[name=Pizza A, priceInPence=2300], Pizza[name=Pizza C, priceInPence=2500], Pizza[name=Pizza B, priceInPence=2400], Pizza[name=Pizza B, priceInPence=2400], Pizza[name=Pizza C, priceInPence=2500], Pizza[name=Pizza B, priceInPence=2400], Pizza[name=Pizza B, priceInPence=2400], Pizza[name=Pizza C, priceInPence=2500], Pizza[name=Pizza B, priceInPence=2400], Pizza[name=Pizza B, priceInPence=2400], Pizza[name=Pizza A, priceInPence=2300], Pizza[name=Pizza C, priceInPence=2500], Pizza[name=Pizza B, priceInPence=2400], Pizza[name=Pizza B, priceInPence=2400], Pizza[name=Pizza A, priceInPence=2300], Pizza[name=Pizza B, priceInPence=2400], Pizza[name=Pizza C, priceInPence=2500], Pizza[name=Pizza B, priceInPence=2400], Pizza[name=Pizza A, priceInPence=2300], Pizza[name=Pizza C, priceInPence=2500], Pizza[name=Pizza A, priceInPence=2300], Pizza[name=Pizza C, priceInPence=2500], Pizza[name=Pizza C, priceInPence=2500], Pizza[name=Pizza C, priceInPence=2500], Pizza[name=Pizza B, priceInPence=2400], Pizza[name=Pizza C, priceInPence=2500], Pizza[name=Pizza B, priceInPence=2400], Pizza[name=Pizza A, priceInPence=2300], Pizza[name=Pizza A, priceInPence=2300], Pizza[name=Pizza B, priceInPence=2400], Pizza[name=Pizza B, priceInPence=2400], Pizza[name=Pizza C, priceInPence=2500], Pizza[name=Pizza A, priceInPence=2300], Pizza[name=Pizza B, priceInPence=2400], Pizza[name=Pizza A, priceInPence=2300], Pizza[name=Pizza C, priceInPence=2500], Pizza[name=Pizza A, priceInPence=2300], Pizza[name=Pizza C, priceInPence=2500]]
PriceTotalInPence: 134700
 -- Credit card info 
CreditCardNumber: 0000000000000000
CCV: 222
ExpiryDate: 05/28
]]></system-err>
  </testcase>
  <testcase name="test5PlusPizzasInOneOrder" classname="uk.ac.ed.inf.OrderValidatorTest" time="0">
    <system-err><![CDATA[
 -- Order info 
OrderValidationCode: MAX_PIZZA_COUNT_EXCEEDED
OrderStatus: INVALID
OrderNo: 4925F909
Order Contents: [Pizza[name=Pizza C, priceInPence=2500], Pizza[name=Pizza A, priceInPence=2300], Pizza[name=Pizza A, priceInPence=2300], Pizza[name=Pizza B, priceInPence=2400], Pizza[name=Pizza B, priceInPence=2400], Pizza[name=Pizza B, priceInPence=2400], Pizza[name=Pizza A, priceInPence=2300], Pizza[name=Pizza A, priceInPence=2300], Pizza[name=Pizza A, priceInPence=2300], Pizza[name=Pizza C, priceInPence=2500], Pizza[name=Pizza B, priceInPence=2400], Pizza[name=Pizza B, priceInPence=2400], Pizza[name=Pizza C, priceInPence=2500], Pizza[name=Pizza A, priceInPence=2300], Pizza[name=Pizza A, priceInPence=2300], Pizza[name=Pizza C, priceInPence=2500], Pizza[name=Pizza C, priceInPence=2500], Pizza[name=Pizza A, priceInPence=2300], Pizza[name=Pizza B, priceInPence=2400], Pizza[name=Pizza A, priceInPence=2300], Pizza[name=Pizza A, priceInPence=2300], Pizza[name=Pizza C, priceInPence=2500], Pizza[name=Pizza C, priceInPence=2500], Pizza[name=Pizza B, priceInPence=2400], Pizza[name=Pizza C, priceInPence=2500], Pizza[name=Pizza B, priceInPence=2400], Pizza[name=Pizza A, priceInPence=2300], Pizza[name=Pizza B, priceInPence=2400], Pizza[name=Pizza A, priceInPence=2300], Pizza[name=Pizza B, priceInPence=2400], Pizza[name=Pizza C, priceInPence=2500], Pizza[name=Pizza B, priceInPence=2400], Pizza[name=Pizza C, priceInPence=2500], Pizza[name=Pizza B, priceInPence=2400], Pizza[name=Pizza B, priceInPence=2400], Pizza[name=Pizza A, priceInPence=2300], Pizza[name=Pizza B, priceInPence=2400], Pizza[name=Pizza A, priceInPence=2300], Pizza[name=Pizza A, priceInPence=2300], Pizza[name=Pizza C, priceInPence=2500], Pizza[name=Pizza A, priceInPence=2300], Pizza[name=Pizza B, priceInPence=2400], Pizza[name=Pizza A, priceInPence=2300], Pizza[name=Pizza B, priceInPence=2400], Pizza[name=Pizza C, priceInPence=2500], Pizza[name=Pizza C, priceInPence=2500], Pizza[name=Pizza A, priceInPence=2300], Pizza[name=Pizza A, priceInPence=2300], Pizza[name=Pizza C, priceInPence=2500], Pizza[name=Pizza C, priceInPence=2500], Pizza[name=Pizza B, priceInPence=2400], Pizza[name=Pizza C, priceInPence=2500], Pizza[name=Pizza A, priceInPence=2300], Pizza[name=Pizza B, priceInPence=2400], Pizza[name=Pizza C, priceInPence=2500], Pizza[name=Pizza B, priceInPence=2400], Pizza[name=Pizza A, priceInPence=2300], Pizza[name=Pizza C, priceInPence=2500], Pizza[name=Pizza B, priceInPence=2400], Pizza[name=Pizza B, priceInPence=2400], Pizza[name=Pizza C, priceInPence=2500], Pizza[name=Pizza A, priceInPence=2300], Pizza[name=Pizza B, priceInPence=2400], Pizza[name=Pizza A, priceInPence=2300], Pizza[name=Pizza B, priceInPence=2400], Pizza[name=Pizza C, priceInPence=2500], Pizza[name=Pizza A, priceInPence=2300], Pizza[name=Pizza B, priceInPence=2400], Pizza[name=Pizza A, priceInPence=2300], Pizza[name=Pizza A, priceInPence=2300], Pizza[name=Pizza A, priceInPence=2300], Pizza[name=Pizza B, priceInPence=2400]]
PriceTotalInPence: 172200
 -- Credit card info 
CreditCardNumber: 0000000000000000
CCV: 222
ExpiryDate: 09/25
]]></system-err>
  </testcase>
  <testcase name="test5PlusPizzasInOneOrder" classname="uk.ac.ed.inf.OrderValidatorTest" time="0">
    <system-err><![CDATA[
 -- Order info 
OrderValidationCode: MAX_PIZZA_COUNT_EXCEEDED
OrderStatus: INVALID
OrderNo: 2520E449
Order Contents: [Pizza[name=Pizza B, priceInPence=2400], Pizza[name=Pizza B, priceInPence=2400], Pizza[name=Pizza A, priceInPence=2300], Pizza[name=Pizza A, priceInPence=2300], Pizza[name=Pizza B, priceInPence=2400], Pizza[name=Pizza A, priceInPence=2300], Pizza[name=Pizza B, priceInPence=2400], Pizza[name=Pizza C, priceInPence=2500], Pizza[name=Pizza B, priceInPence=2400], Pizza[name=Pizza B, priceInPence=2400]]
PriceTotalInPence: 23900
 -- Credit card info 
CreditCardNumber: 0000000000000000
CCV: 222
ExpiryDate: 01/24
]]></system-err>
  </testcase>
  <testcase name="test5PlusPizzasInOneOrder" classname="uk.ac.ed.inf.OrderValidatorTest" time="0">
    <system-err><![CDATA[
 -- Order info 
OrderValidationCode: MAX_PIZZA_COUNT_EXCEEDED
OrderStatus: INVALID
OrderNo: 5E55FA69
Order Contents: [Pizza[name=Pizza A, priceInPence=2300], Pizza[name=Pizza A, priceInPence=2300], Pizza[name=Pizza A, priceInPence=2300], Pizza[name=Pizza B, priceInPence=2400], Pizza[name=Pizza C, priceInPence=2500], Pizza[name=Pizza A, priceInPence=2300], Pizza[name=Pizza A, priceInPence=2300], Pizza[name=Pizza A, priceInPence=2300], Pizza[name=Pizza C, priceInPence=2500]]
PriceTotalInPence: 21300
 -- Credit card info 
CreditCardNumber: 0000000000000000
CCV: 222
ExpiryDate: 01/25
]]></system-err>
  </testcase>
  <testcase name="test5PlusPizzasInOneOrder" classname="uk.ac.ed.inf.OrderValidatorTest" time="0">
    <system-err><![CDATA[
 -- Order info 
OrderValidationCode: MAX_PIZZA_COUNT_EXCEEDED
OrderStatus: INVALID
OrderNo: 3CA1FD1B
Order Contents: [Pizza[name=Pizza B, priceInPence=2400], Pizza[name=Pizza A, priceInPence=2300], Pizza[name=Pizza A, priceInPence=2300], Pizza[name=Pizza B, priceInPence=2400], Pizza[name=Pizza A, priceInPence=2300], Pizza[name=Pizza C, priceInPence=2500], Pizza[name=Pizza A, priceInPence=2300], Pizza[name=Pizza A, priceInPence=2300], Pizza[name=Pizza A, priceInPence=2300], Pizza[name=Pizza A, priceInPence=2300], Pizza[name=Pizza C, priceInPence=2500], Pizza[name=Pizza A, priceInPence=2300], Pizza[name=Pizza A, priceInPence=2300], Pizza[name=Pizza B, priceInPence=2400], Pizza[name=Pizza C, priceInPence=2500], Pizza[name=Pizza B, priceInPence=2400], Pizza[name=Pizza C, priceInPence=2500], Pizza[name=Pizza A, priceInPence=2300], Pizza[name=Pizza B, priceInPence=2400]]
PriceTotalInPence: 45100
 -- Credit card info 
CreditCardNumber: 0000000000000000
CCV: 222
ExpiryDate: 07/29
]]></system-err>
  </testcase>
  <testcase name="test5PlusPizzasInOneOrder" classname="uk.ac.ed.inf.OrderValidatorTest" time="0">
    <system-err><![CDATA[
 -- Order info 
OrderValidationCode: MAX_PIZZA_COUNT_EXCEEDED
OrderStatus: INVALID
OrderNo: 41EAA2BB
Order Contents: [Pizza[name=Pizza A, priceInPence=2300], Pizza[name=Pizza B, priceInPence=2400], Pizza[name=Pizza C, priceInPence=2500], Pizza[name=Pizza C, priceInPence=2500], Pizza[name=Pizza A, priceInPence=2300], Pizza[name=Pizza A, priceInPence=2300], Pizza[name=Pizza A, priceInPence=2300], Pizza[name=Pizza A, priceInPence=2300], Pizza[name=Pizza C, priceInPence=2500], Pizza[name=Pizza A, priceInPence=2300]]
PriceTotalInPence: 23800
 -- Credit card info 
CreditCardNumber: 0000000000000000
CCV: 222
ExpiryDate: 07/26
]]></system-err>
  </testcase>
  <testcase name="test5PlusPizzasInOneOrder" classname="uk.ac.ed.inf.OrderValidatorTest" time="0">
    <system-err><![CDATA[
 -- Order info 
OrderValidationCode: MAX_PIZZA_COUNT_EXCEEDED
OrderStatus: INVALID
OrderNo: 2DD2A710
Order Contents: [Pizza[name=Pizza C, priceInPence=2500], Pizza[name=Pizza B, priceInPence=2400], Pizza[name=Pizza A, priceInPence=2300], Pizza[name=Pizza A, priceInPence=2300], Pizza[name=Pizza A, priceInPence=2300], Pizza[name=Pizza B, priceInPence=2400], Pizza[name=Pizza A, priceInPence=2300], Pizza[name=Pizza B, priceInPence=2400], Pizza[name=Pizza B, priceInPence=2400], Pizza[name=Pizza C, priceInPence=2500], Pizza[name=Pizza C, priceInPence=2500], Pizza[name=Pizza A, priceInPence=2300], Pizza[name=Pizza B, priceInPence=2400], Pizza[name=Pizza A, priceInPence=2300], Pizza[name=Pizza A, priceInPence=2300], Pizza[name=Pizza C, priceInPence=2500], Pizza[name=Pizza B, priceInPence=2400], Pizza[name=Pizza A, priceInPence=2300], Pizza[name=Pizza C, priceInPence=2500], Pizza[name=Pizza A, priceInPence=2300], Pizza[name=Pizza C, priceInPence=2500], Pizza[name=Pizza C, priceInPence=2500], Pizza[name=Pizza B, priceInPence=2400], Pizza[name=Pizza C, priceInPence=2500], Pizza[name=Pizza B, priceInPence=2400], Pizza[name=Pizza B, priceInPence=2400], Pizza[name=Pizza C, priceInPence=2500], Pizza[name=Pizza A, priceInPence=2300], Pizza[name=Pizza B, priceInPence=2400], Pizza[name=Pizza C, priceInPence=2500], Pizza[name=Pizza A, priceInPence=2300], Pizza[name=Pizza B, priceInPence=2400], Pizza[name=Pizza A, priceInPence=2300], Pizza[name=Pizza C, priceInPence=2500], Pizza[name=Pizza B, priceInPence=2400], Pizza[name=Pizza A, priceInPence=2300], Pizza[name=Pizza C, priceInPence=2500], Pizza[name=Pizza B, priceInPence=2400], Pizza[name=Pizza B, priceInPence=2400], Pizza[name=Pizza B, priceInPence=2400], Pizza[name=Pizza A, priceInPence=2300], Pizza[name=Pizza A, priceInPence=2300], Pizza[name=Pizza B, priceInPence=2400], Pizza[name=Pizza A, priceInPence=2300], Pizza[name=Pizza B, priceInPence=2400], Pizza[name=Pizza B, priceInPence=2400], Pizza[name=Pizza C, priceInPence=2500], Pizza[name=Pizza B, priceInPence=2400], Pizza[name=Pizza A, priceInPence=2300], Pizza[name=Pizza A, priceInPence=2300], Pizza[name=Pizza B, priceInPence=2400], Pizza[name=Pizza A, priceInPence=2300], Pizza[name=Pizza A, priceInPence=2300], Pizza[name=Pizza B, priceInPence=2400], Pizza[name=Pizza C, priceInPence=2500], Pizza[name=Pizza A, priceInPence=2300], Pizza[name=Pizza B, priceInPence=2400], Pizza[name=Pizza C, priceInPence=2500], Pizza[name=Pizza C, priceInPence=2500], Pizza[name=Pizza B, priceInPence=2400], Pizza[name=Pizza B, priceInPence=2400], Pizza[name=Pizza A, priceInPence=2300], Pizza[name=Pizza C, priceInPence=2500], Pizza[name=Pizza A, priceInPence=2300], Pizza[name=Pizza B, priceInPence=2400], Pizza[name=Pizza A, priceInPence=2300], Pizza[name=Pizza B, priceInPence=2400], Pizza[name=Pizza A, priceInPence=2300], Pizza[name=Pizza B, priceInPence=2400], Pizza[name=Pizza C, priceInPence=2500], Pizza[name=Pizza A, priceInPence=2300], Pizza[name=Pizza B, priceInPence=2400], Pizza[name=Pizza B, priceInPence=2400]]
PriceTotalInPence: 174500
 -- Credit card info 
CreditCardNumber: 0000000000000000
CCV: 222
ExpiryDate: 11/26
]]></system-err>
  </testcase>
  <testcase name="test5PlusPizzasInOneOrder" classname="uk.ac.ed.inf.OrderValidatorTest" time="0">
    <system-err><![CDATA[
 -- Order info 
OrderValidationCode: MAX_PIZZA_COUNT_EXCEEDED
OrderStatus: INVALID
OrderNo: 57A71C87
Order Contents: [Pizza[name=Pizza C, priceInPence=2500], Pizza[name=Pizza C, priceInPence=2500], Pizza[name=Pizza C, priceInPence=2500], Pizza[name=Pizza C, priceInPence=2500], Pizza[name=Pizza C, priceInPence=2500], Pizza[name=Pizza C, priceInPence=2500], Pizza[name=Pizza A, priceInPence=2300], Pizza[name=Pizza B, priceInPence=2400], Pizza[name=Pizza A, priceInPence=2300], Pizza[name=Pizza B, priceInPence=2400], Pizza[name=Pizza C, priceInPence=2500], Pizza[name=Pizza B, priceInPence=2400], Pizza[name=Pizza A, priceInPence=2300], Pizza[name=Pizza A, priceInPence=2300], Pizza[name=Pizza A, priceInPence=2300]]
PriceTotalInPence: 36300
 -- Credit card info 
CreditCardNumber: 0000000000000000
CCV: 222
ExpiryDate: 09/28
]]></system-err>
  </testcase>
  <testcase name="test5PlusPizzasInOneOrder" classname="uk.ac.ed.inf.OrderValidatorTest" time="0">
    <system-err><![CDATA[
 -- Order info 
OrderValidationCode: MAX_PIZZA_COUNT_EXCEEDED
OrderStatus: INVALID
OrderNo: 100844AE
Order Contents: [Pizza[name=Pizza C, priceInPence=2500], Pizza[name=Pizza A, priceInPence=2300], Pizza[name=Pizza A, priceInPence=2300], Pizza[name=Pizza A, priceInPence=2300], Pizza[name=Pizza A, priceInPence=2300], Pizza[name=Pizza A, priceInPence=2300], Pizza[name=Pizza A, priceInPence=2300], Pizza[name=Pizza B, priceInPence=2400], Pizza[name=Pizza C, priceInPence=2500], Pizza[name=Pizza A, priceInPence=2300], Pizza[name=Pizza C, priceInPence=2500], Pizza[name=Pizza A, priceInPence=2300], Pizza[name=Pizza A, priceInPence=2300], Pizza[name=Pizza C, priceInPence=2500], Pizza[name=Pizza C, priceInPence=2500], Pizza[name=Pizza B, priceInPence=2400], Pizza[name=Pizza B, priceInPence=2400], Pizza[name=Pizza C, priceInPence=2500], Pizza[name=Pizza B, priceInPence=2400], Pizza[name=Pizza B, priceInPence=2400], Pizza[name=Pizza B, priceInPence=2400], Pizza[name=Pizza B, priceInPence=2400], Pizza[name=Pizza B, priceInPence=2400], Pizza[name=Pizza C, priceInPence=2500], Pizza[name=Pizza C, priceInPence=2500], Pizza[name=Pizza A, priceInPence=2300], Pizza[name=Pizza C, priceInPence=2500], Pizza[name=Pizza B, priceInPence=2400], Pizza[name=Pizza B, priceInPence=2400], Pizza[name=Pizza B, priceInPence=2400], Pizza[name=Pizza C, priceInPence=2500], Pizza[name=Pizza A, priceInPence=2300], Pizza[name=Pizza C, priceInPence=2500], Pizza[name=Pizza C, priceInPence=2500], Pizza[name=Pizza C, priceInPence=2500], Pizza[name=Pizza A, priceInPence=2300], Pizza[name=Pizza A, priceInPence=2300], Pizza[name=Pizza C, priceInPence=2500], Pizza[name=Pizza B, priceInPence=2400], Pizza[name=Pizza C, priceInPence=2500], Pizza[name=Pizza B, priceInPence=2400], Pizza[name=Pizza A, priceInPence=2300], Pizza[name=Pizza A, priceInPence=2300], Pizza[name=Pizza A, priceInPence=2300], Pizza[name=Pizza B, priceInPence=2400], Pizza[name=Pizza C, priceInPence=2500], Pizza[name=Pizza B, priceInPence=2400], Pizza[name=Pizza B, priceInPence=2400], Pizza[name=Pizza C, priceInPence=2500], Pizza[name=Pizza C, priceInPence=2500], Pizza[name=Pizza A, priceInPence=2300], Pizza[name=Pizza A, priceInPence=2300], Pizza[name=Pizza B, priceInPence=2400], Pizza[name=Pizza C, priceInPence=2500], Pizza[name=Pizza C, priceInPence=2500]]
PriceTotalInPence: 132300
 -- Credit card info 
CreditCardNumber: 0000000000000000
CCV: 222
ExpiryDate: 05/28
]]></system-err>
  </testcase>
  <testcase name="test5PlusPizzasInOneOrder" classname="uk.ac.ed.inf.OrderValidatorTest" time="0">
    <system-err><![CDATA[
 -- Order info 
OrderValidationCode: MAX_PIZZA_COUNT_EXCEEDED
OrderStatus: INVALID
OrderNo: 5D848F94
Order Contents: [Pizza[name=Pizza B, priceInPence=2400], Pizza[name=Pizza A, priceInPence=2300], Pizza[name=Pizza A, priceInPence=2300], Pizza[name=Pizza B, priceInPence=2400], Pizza[name=Pizza B, priceInPence=2400], Pizza[name=Pizza B, priceInPence=2400], Pizza[name=Pizza B, priceInPence=2400], Pizza[name=Pizza A, priceInPence=2300], Pizza[name=Pizza A, priceInPence=2300], Pizza[name=Pizza C, priceInPence=2500], Pizza[name=Pizza B, priceInPence=2400], Pizza[name=Pizza A, priceInPence=2300], Pizza[name=Pizza C, priceInPence=2500], Pizza[name=Pizza A, priceInPence=2300], Pizza[name=Pizza B, priceInPence=2400], Pizza[name=Pizza A, priceInPence=2300], Pizza[name=Pizza A, priceInPence=2300], Pizza[name=Pizza C, priceInPence=2500], Pizza[name=Pizza A, priceInPence=2300], Pizza[name=Pizza A, priceInPence=2300], Pizza[name=Pizza B, priceInPence=2400], Pizza[name=Pizza A, priceInPence=2300], Pizza[name=Pizza B, priceInPence=2400], Pizza[name=Pizza C, priceInPence=2500], Pizza[name=Pizza A, priceInPence=2300], Pizza[name=Pizza A, priceInPence=2300], Pizza[name=Pizza C, priceInPence=2500], Pizza[name=Pizza A, priceInPence=2300], Pizza[name=Pizza B, priceInPence=2400], Pizza[name=Pizza C, priceInPence=2500], Pizza[name=Pizza A, priceInPence=2300], Pizza[name=Pizza C, priceInPence=2500], Pizza[name=Pizza A, priceInPence=2300], Pizza[name=Pizza A, priceInPence=2300], Pizza[name=Pizza A, priceInPence=2300], Pizza[name=Pizza C, priceInPence=2500], Pizza[name=Pizza A, priceInPence=2300], Pizza[name=Pizza A, priceInPence=2300], Pizza[name=Pizza B, priceInPence=2400], Pizza[name=Pizza B, priceInPence=2400], Pizza[name=Pizza A, priceInPence=2300], Pizza[name=Pizza C, priceInPence=2500], Pizza[name=Pizza A, priceInPence=2300], Pizza[name=Pizza A, priceInPence=2300], Pizza[name=Pizza C, priceInPence=2500], Pizza[name=Pizza A, priceInPence=2300], Pizza[name=Pizza A, priceInPence=2300], Pizza[name=Pizza A, priceInPence=2300], Pizza[name=Pizza A, priceInPence=2300], Pizza[name=Pizza B, priceInPence=2400], Pizza[name=Pizza C, priceInPence=2500], Pizza[name=Pizza C, priceInPence=2500], Pizza[name=Pizza B, priceInPence=2400], Pizza[name=Pizza C, priceInPence=2500], Pizza[name=Pizza A, priceInPence=2300], Pizza[name=Pizza C, priceInPence=2500], Pizza[name=Pizza A, priceInPence=2300], Pizza[name=Pizza A, priceInPence=2300], Pizza[name=Pizza A, priceInPence=2300], Pizza[name=Pizza C, priceInPence=2500], Pizza[name=Pizza B, priceInPence=2400], Pizza[name=Pizza B, priceInPence=2400], Pizza[name=Pizza A, priceInPence=2300], Pizza[name=Pizza C, priceInPence=2500], Pizza[name=Pizza C, priceInPence=2500], Pizza[name=Pizza C, priceInPence=2500], Pizza[name=Pizza A, priceInPence=2300], Pizza[name=Pizza C, priceInPence=2500]]
PriceTotalInPence: 161900
 -- Credit card info 
CreditCardNumber: 0000000000000000
CCV: 222
ExpiryDate: 11/28
]]></system-err>
  </testcase>
  <testcase name="test5PlusPizzasInOneOrder" classname="uk.ac.ed.inf.OrderValidatorTest" time="0">
    <system-err><![CDATA[
 -- Order info 
OrderValidationCode: MAX_PIZZA_COUNT_EXCEEDED
OrderStatus: INVALID
OrderNo: 32DDD1AD
Order Contents: [Pizza[name=Pizza B, priceInPence=2400], Pizza[name=Pizza A, priceInPence=2300], Pizza[name=Pizza C, priceInPence=2500], Pizza[name=Pizza C, priceInPence=2500], Pizza[name=Pizza B, priceInPence=2400], Pizza[name=Pizza C, priceInPence=2500], Pizza[name=Pizza B, priceInPence=2400], Pizza[name=Pizza B, priceInPence=2400], Pizza[name=Pizza B, priceInPence=2400], Pizza[name=Pizza C, priceInPence=2500], Pizza[name=Pizza C, priceInPence=2500], Pizza[name=Pizza A, priceInPence=2300], Pizza[name=Pizza B, priceInPence=2400], Pizza[name=Pizza B, priceInPence=2400], Pizza[name=Pizza A, priceInPence=2300], Pizza[name=Pizza C, priceInPence=2500], Pizza[name=Pizza A, priceInPence=2300], Pizza[name=Pizza A, priceInPence=2300], Pizza[name=Pizza A, priceInPence=2300], Pizza[name=Pizza C, priceInPence=2500], Pizza[name=Pizza A, priceInPence=2300], Pizza[name=Pizza A, priceInPence=2300], Pizza[name=Pizza B, priceInPence=2400], Pizza[name=Pizza C, priceInPence=2500], Pizza[name=Pizza B, priceInPence=2400], Pizza[name=Pizza B, priceInPence=2400], Pizza[name=Pizza C, priceInPence=2500], Pizza[name=Pizza A, priceInPence=2300], Pizza[name=Pizza B, priceInPence=2400], Pizza[name=Pizza A, priceInPence=2300], Pizza[name=Pizza A, priceInPence=2300], Pizza[name=Pizza B, priceInPence=2400], Pizza[name=Pizza A, priceInPence=2300], Pizza[name=Pizza B, priceInPence=2400], Pizza[name=Pizza A, priceInPence=2300], Pizza[name=Pizza C, priceInPence=2500], Pizza[name=Pizza B, priceInPence=2400], Pizza[name=Pizza C, priceInPence=2500], Pizza[name=Pizza B, priceInPence=2400], Pizza[name=Pizza A, priceInPence=2300], Pizza[name=Pizza B, priceInPence=2400], Pizza[name=Pizza A, priceInPence=2300], Pizza[name=Pizza A, priceInPence=2300], Pizza[name=Pizza B, priceInPence=2400], Pizza[name=Pizza B, priceInPence=2400], Pizza[name=Pizza B, priceInPence=2400], Pizza[name=Pizza C, priceInPence=2500], Pizza[name=Pizza C, priceInPence=2500], Pizza[name=Pizza C, priceInPence=2500], Pizza[name=Pizza B, priceInPence=2400], Pizza[name=Pizza C, priceInPence=2500], Pizza[name=Pizza A, priceInPence=2300], Pizza[name=Pizza A, priceInPence=2300], Pizza[name=Pizza B, priceInPence=2400], Pizza[name=Pizza C, priceInPence=2500], Pizza[name=Pizza A, priceInPence=2300], Pizza[name=Pizza B, priceInPence=2400], Pizza[name=Pizza A, priceInPence=2300], Pizza[name=Pizza C, priceInPence=2500], Pizza[name=Pizza C, priceInPence=2500], Pizza[name=Pizza C, priceInPence=2500], Pizza[name=Pizza A, priceInPence=2300], Pizza[name=Pizza C, priceInPence=2500], Pizza[name=Pizza A, priceInPence=2300], Pizza[name=Pizza B, priceInPence=2400], Pizza[name=Pizza A, priceInPence=2300], Pizza[name=Pizza B, priceInPence=2400], Pizza[name=Pizza A, priceInPence=2300], Pizza[name=Pizza B, priceInPence=2400], Pizza[name=Pizza B, priceInPence=2400], Pizza[name=Pizza A, priceInPence=2300], Pizza[name=Pizza C, priceInPence=2500], Pizza[name=Pizza A, priceInPence=2300], Pizza[name=Pizza A, priceInPence=2300], Pizza[name=Pizza C, priceInPence=2500], Pizza[name=Pizza B, priceInPence=2400], Pizza[name=Pizza B, priceInPence=2400], Pizza[name=Pizza B, priceInPence=2400], Pizza[name=Pizza C, priceInPence=2500], Pizza[name=Pizza B, priceInPence=2400], Pizza[name=Pizza A, priceInPence=2300], Pizza[name=Pizza C, priceInPence=2500], Pizza[name=Pizza A, priceInPence=2300], Pizza[name=Pizza A, priceInPence=2300], Pizza[name=Pizza A, priceInPence=2300], Pizza[name=Pizza B, priceInPence=2400], Pizza[name=Pizza A, priceInPence=2300], Pizza[name=Pizza A, priceInPence=2300], Pizza[name=Pizza A, priceInPence=2300], Pizza[name=Pizza A, priceInPence=2300], Pizza[name=Pizza A, priceInPence=2300], Pizza[name=Pizza C, priceInPence=2500], Pizza[name=Pizza A, priceInPence=2300], Pizza[name=Pizza C, priceInPence=2500], Pizza[name=Pizza B, priceInPence=2400], Pizza[name=Pizza A, priceInPence=2300], Pizza[name=Pizza A, priceInPence=2300], Pizza[name=Pizza B, priceInPence=2400]]
PriceTotalInPence: 234000
 -- Credit card info 
CreditCardNumber: 0000000000000000
CCV: 222
ExpiryDate: 09/26
]]></system-err>
  </testcase>
  <testcase name="test5PlusPizzasInOneOrder" classname="uk.ac.ed.inf.OrderValidatorTest" time="0">
    <system-err><![CDATA[
 -- Order info 
OrderValidationCode: MAX_PIZZA_COUNT_EXCEEDED
OrderStatus: INVALID
OrderNo: 3B80E1B6
Order Contents: [Pizza[name=Pizza A, priceInPence=2300], Pizza[name=Pizza B, priceInPence=2400], Pizza[name=Pizza B, priceInPence=2400], Pizza[name=Pizza B, priceInPence=2400], Pizza[name=Pizza C, priceInPence=2500], Pizza[name=Pizza C, priceInPence=2500], Pizza[name=Pizza C, priceInPence=2500], Pizza[name=Pizza C, priceInPence=2500], Pizza[name=Pizza C, priceInPence=2500], Pizza[name=Pizza B, priceInPence=2400], Pizza[name=Pizza A, priceInPence=2300], Pizza[name=Pizza C, priceInPence=2500], Pizza[name=Pizza C, priceInPence=2500], Pizza[name=Pizza A, priceInPence=2300], Pizza[name=Pizza C, priceInPence=2500], Pizza[name=Pizza B, priceInPence=2400], Pizza[name=Pizza B, priceInPence=2400]]
PriceTotalInPence: 41400
 -- Credit card info 
CreditCardNumber: 0000000000000000
CCV: 222
ExpiryDate: 07/25
]]></system-err>
  </testcase>
  <testcase name="test5PlusPizzasInOneOrder" classname="uk.ac.ed.inf.OrderValidatorTest" time="0">
    <system-err><![CDATA[
 -- Order info 
OrderValidationCode: MAX_PIZZA_COUNT_EXCEEDED
OrderStatus: INVALID
OrderNo: 6A85266C
Order Contents: [Pizza[name=Pizza A, priceInPence=2300], Pizza[name=Pizza A, priceInPence=2300], Pizza[name=Pizza C, priceInPence=2500], Pizza[name=Pizza B, priceInPence=2400], Pizza[name=Pizza C, priceInPence=2500], Pizza[name=Pizza C, priceInPence=2500], Pizza[name=Pizza B, priceInPence=2400], Pizza[name=Pizza B, priceInPence=2400], Pizza[name=Pizza A, priceInPence=2300], Pizza[name=Pizza B, priceInPence=2400], Pizza[name=Pizza C, priceInPence=2500], Pizza[name=Pizza B, priceInPence=2400], Pizza[name=Pizza B, priceInPence=2400], Pizza[name=Pizza A, priceInPence=2300], Pizza[name=Pizza C, priceInPence=2500], Pizza[name=Pizza C, priceInPence=2500], Pizza[name=Pizza B, priceInPence=2400], Pizza[name=Pizza C, priceInPence=2500], Pizza[name=Pizza C, priceInPence=2500], Pizza[name=Pizza C, priceInPence=2500], Pizza[name=Pizza B, priceInPence=2400], Pizza[name=Pizza C, priceInPence=2500], Pizza[name=Pizza A, priceInPence=2300], Pizza[name=Pizza B, priceInPence=2400], Pizza[name=Pizza C, priceInPence=2500], Pizza[name=Pizza B, priceInPence=2400], Pizza[name=Pizza C, priceInPence=2500], Pizza[name=Pizza B, priceInPence=2400], Pizza[name=Pizza B, priceInPence=2400], Pizza[name=Pizza A, priceInPence=2300], Pizza[name=Pizza B, priceInPence=2400], Pizza[name=Pizza A, priceInPence=2300], Pizza[name=Pizza C, priceInPence=2500], Pizza[name=Pizza A, priceInPence=2300], Pizza[name=Pizza A, priceInPence=2300], Pizza[name=Pizza C, priceInPence=2500], Pizza[name=Pizza B, priceInPence=2400], Pizza[name=Pizza C, priceInPence=2500], Pizza[name=Pizza A, priceInPence=2300], Pizza[name=Pizza C, priceInPence=2500], Pizza[name=Pizza B, priceInPence=2400], Pizza[name=Pizza C, priceInPence=2500], Pizza[name=Pizza C, priceInPence=2500], Pizza[name=Pizza C, priceInPence=2500], Pizza[name=Pizza C, priceInPence=2500], Pizza[name=Pizza C, priceInPence=2500], Pizza[name=Pizza C, priceInPence=2500], Pizza[name=Pizza C, priceInPence=2500], Pizza[name=Pizza C, priceInPence=2500]]
PriceTotalInPence: 119100
 -- Credit card info 
CreditCardNumber: 0000000000000000
CCV: 222
ExpiryDate: 01/28
]]></system-err>
  </testcase>
  <testcase name="test5PlusPizzasInOneOrder" classname="uk.ac.ed.inf.OrderValidatorTest" time="0">
    <system-err><![CDATA[
 -- Order info 
OrderValidationCode: MAX_PIZZA_COUNT_EXCEEDED
OrderStatus: INVALID
OrderNo: 794CAAAF
Order Contents: [Pizza[name=Pizza A, priceInPence=2300], Pizza[name=Pizza C, priceInPence=2500], Pizza[name=Pizza C, priceInPence=2500], Pizza[name=Pizza A, priceInPence=2300], Pizza[name=Pizza C, priceInPence=2500], Pizza[name=Pizza A, priceInPence=2300], Pizza[name=Pizza A, priceInPence=2300], Pizza[name=Pizza C, priceInPence=2500], Pizza[name=Pizza A, priceInPence=2300], Pizza[name=Pizza A, priceInPence=2300], Pizza[name=Pizza C, priceInPence=2500], Pizza[name=Pizza C, priceInPence=2500], Pizza[name=Pizza C, priceInPence=2500], Pizza[name=Pizza A, priceInPence=2300], Pizza[name=Pizza C, priceInPence=2500], Pizza[name=Pizza A, priceInPence=2300], Pizza[name=Pizza B, priceInPence=2400], Pizza[name=Pizza C, priceInPence=2500], Pizza[name=Pizza C, priceInPence=2500], Pizza[name=Pizza A, priceInPence=2300], Pizza[name=Pizza C, priceInPence=2500], Pizza[name=Pizza C, priceInPence=2500], Pizza[name=Pizza A, priceInPence=2300], Pizza[name=Pizza C, priceInPence=2500], Pizza[name=Pizza B, priceInPence=2400], Pizza[name=Pizza C, priceInPence=2500], Pizza[name=Pizza A, priceInPence=2300], Pizza[name=Pizza C, priceInPence=2500], Pizza[name=Pizza C, priceInPence=2500], Pizza[name=Pizza A, priceInPence=2300], Pizza[name=Pizza A, priceInPence=2300], Pizza[name=Pizza C, priceInPence=2500], Pizza[name=Pizza A, priceInPence=2300], Pizza[name=Pizza B, priceInPence=2400], Pizza[name=Pizza A, priceInPence=2300], Pizza[name=Pizza A, priceInPence=2300], Pizza[name=Pizza C, priceInPence=2500], Pizza[name=Pizza C, priceInPence=2500], Pizza[name=Pizza C, priceInPence=2500], Pizza[name=Pizza A, priceInPence=2300], Pizza[name=Pizza B, priceInPence=2400], Pizza[name=Pizza A, priceInPence=2300], Pizza[name=Pizza C, priceInPence=2500], Pizza[name=Pizza A, priceInPence=2300], Pizza[name=Pizza A, priceInPence=2300], Pizza[name=Pizza A, priceInPence=2300], Pizza[name=Pizza C, priceInPence=2500], Pizza[name=Pizza C, priceInPence=2500], Pizza[name=Pizza B, priceInPence=2400], Pizza[name=Pizza C, priceInPence=2500], Pizza[name=Pizza B, priceInPence=2400], Pizza[name=Pizza A, priceInPence=2300], Pizza[name=Pizza C, priceInPence=2500], Pizza[name=Pizza B, priceInPence=2400], Pizza[name=Pizza B, priceInPence=2400], Pizza[name=Pizza C, priceInPence=2500], Pizza[name=Pizza A, priceInPence=2300], Pizza[name=Pizza C, priceInPence=2500], Pizza[name=Pizza B, priceInPence=2400], Pizza[name=Pizza B, priceInPence=2400]]
PriceTotalInPence: 144500
 -- Credit card info 
CreditCardNumber: 0000000000000000
CCV: 222
ExpiryDate: 09/29
]]></system-err>
  </testcase>
  <testcase name="test5PlusPizzasInOneOrder" classname="uk.ac.ed.inf.OrderValidatorTest" time="0">
    <system-err><![CDATA[
 -- Order info 
OrderValidationCode: MAX_PIZZA_COUNT_EXCEEDED
OrderStatus: INVALID
OrderNo: 2A197DDC
Order Contents: [Pizza[name=Pizza C, priceInPence=2500], Pizza[name=Pizza A, priceInPence=2300], Pizza[name=Pizza B, priceInPence=2400], Pizza[name=Pizza C, priceInPence=2500], Pizza[name=Pizza A, priceInPence=2300], Pizza[name=Pizza A, priceInPence=2300], Pizza[name=Pizza B, priceInPence=2400], Pizza[name=Pizza C, priceInPence=2500], Pizza[name=Pizza C, priceInPence=2500], Pizza[name=Pizza A, priceInPence=2300], Pizza[name=Pizza B, priceInPence=2400], Pizza[name=Pizza B, priceInPence=2400], Pizza[name=Pizza B, priceInPence=2400], Pizza[name=Pizza B, priceInPence=2400], Pizza[name=Pizza A, priceInPence=2300], Pizza[name=Pizza B, priceInPence=2400], Pizza[name=Pizza C, priceInPence=2500], Pizza[name=Pizza C, priceInPence=2500], Pizza[name=Pizza A, priceInPence=2300], Pizza[name=Pizza B, priceInPence=2400], Pizza[name=Pizza B, priceInPence=2400], Pizza[name=Pizza B, priceInPence=2400], Pizza[name=Pizza C, priceInPence=2500], Pizza[name=Pizza C, priceInPence=2500], Pizza[name=Pizza B, priceInPence=2400], Pizza[name=Pizza B, priceInPence=2400], Pizza[name=Pizza B, priceInPence=2400], Pizza[name=Pizza B, priceInPence=2400], Pizza[name=Pizza A, priceInPence=2300], Pizza[name=Pizza B, priceInPence=2400], Pizza[name=Pizza B, priceInPence=2400], Pizza[name=Pizza B, priceInPence=2400], Pizza[name=Pizza B, priceInPence=2400], Pizza[name=Pizza B, priceInPence=2400], Pizza[name=Pizza C, priceInPence=2500], Pizza[name=Pizza C, priceInPence=2500], Pizza[name=Pizza C, priceInPence=2500], Pizza[name=Pizza C, priceInPence=2500], Pizza[name=Pizza A, priceInPence=2300], Pizza[name=Pizza A, priceInPence=2300], Pizza[name=Pizza C, priceInPence=2500], Pizza[name=Pizza C, priceInPence=2500], Pizza[name=Pizza B, priceInPence=2400], Pizza[name=Pizza C, priceInPence=2500], Pizza[name=Pizza B, priceInPence=2400], Pizza[name=Pizza A, priceInPence=2300], Pizza[name=Pizza C, priceInPence=2500], Pizza[name=Pizza A, priceInPence=2300], Pizza[name=Pizza C, priceInPence=2500], Pizza[name=Pizza C, priceInPence=2500], Pizza[name=Pizza B, priceInPence=2400], Pizza[name=Pizza A, priceInPence=2300], Pizza[name=Pizza A, priceInPence=2300], Pizza[name=Pizza A, priceInPence=2300], Pizza[name=Pizza C, priceInPence=2500], Pizza[name=Pizza C, priceInPence=2500], Pizza[name=Pizza B, priceInPence=2400], Pizza[name=Pizza A, priceInPence=2300], Pizza[name=Pizza A, priceInPence=2300], Pizza[name=Pizza C, priceInPence=2500], Pizza[name=Pizza A, priceInPence=2300], Pizza[name=Pizza A, priceInPence=2300], Pizza[name=Pizza A, priceInPence=2300], Pizza[name=Pizza A, priceInPence=2300], Pizza[name=Pizza A, priceInPence=2300], Pizza[name=Pizza B, priceInPence=2400], Pizza[name=Pizza A, priceInPence=2300], Pizza[name=Pizza A, priceInPence=2300], Pizza[name=Pizza A, priceInPence=2300], Pizza[name=Pizza A, priceInPence=2300], Pizza[name=Pizza C, priceInPence=2500], Pizza[name=Pizza C, priceInPence=2500], Pizza[name=Pizza A, priceInPence=2300], Pizza[name=Pizza A, priceInPence=2300], Pizza[name=Pizza A, priceInPence=2300], Pizza[name=Pizza A, priceInPence=2300]]
PriceTotalInPence: 181900
 -- Credit card info 
CreditCardNumber: 0000000000000000
CCV: 222
ExpiryDate: 10/26
]]></system-err>
  </testcase>
  <testcase name="test5PlusPizzasInOneOrder" classname="uk.ac.ed.inf.OrderValidatorTest" time="0">
    <system-err><![CDATA[
 -- Order info 
OrderValidationCode: MAX_PIZZA_COUNT_EXCEEDED
OrderStatus: INVALID
OrderNo: 2B84E346
Order Contents: [Pizza[name=Pizza A, priceInPence=2300], Pizza[name=Pizza C, priceInPence=2500], Pizza[name=Pizza A, priceInPence=2300], Pizza[name=Pizza C, priceInPence=2500], Pizza[name=Pizza C, priceInPence=2500], Pizza[name=Pizza A, priceInPence=2300], Pizza[name=Pizza C, priceInPence=2500], Pizza[name=Pizza A, priceInPence=2300], Pizza[name=Pizza B, priceInPence=2400], Pizza[name=Pizza B, priceInPence=2400], Pizza[name=Pizza B, priceInPence=2400], Pizza[name=Pizza A, priceInPence=2300], Pizza[name=Pizza A, priceInPence=2300], Pizza[name=Pizza C, priceInPence=2500], Pizza[name=Pizza B, priceInPence=2400], Pizza[name=Pizza C, priceInPence=2500], Pizza[name=Pizza A, priceInPence=2300], Pizza[name=Pizza B, priceInPence=2400]]
PriceTotalInPence: 43200
 -- Credit card info 
CreditCardNumber: 0000000000000000
CCV: 222
ExpiryDate: 05/27
]]></system-err>
  </testcase>
  <testcase name="test5PlusPizzasInOneOrder" classname="uk.ac.ed.inf.OrderValidatorTest" time="0">
    <system-err><![CDATA[
 -- Order info 
OrderValidationCode: MAX_PIZZA_COUNT_EXCEEDED
OrderStatus: INVALID
OrderNo: 681F57C2
Order Contents: [Pizza[name=Pizza C, priceInPence=2500], Pizza[name=Pizza B, priceInPence=2400], Pizza[name=Pizza A, priceInPence=2300], Pizza[name=Pizza B, priceInPence=2400], Pizza[name=Pizza A, priceInPence=2300], Pizza[name=Pizza B, priceInPence=2400], Pizza[name=Pizza A, priceInPence=2300], Pizza[name=Pizza B, priceInPence=2400], Pizza[name=Pizza A, priceInPence=2300], Pizza[name=Pizza C, priceInPence=2500], Pizza[name=Pizza B, priceInPence=2400], Pizza[name=Pizza A, priceInPence=2300], Pizza[name=Pizza A, priceInPence=2300], Pizza[name=Pizza B, priceInPence=2400], Pizza[name=Pizza A, priceInPence=2300], Pizza[name=Pizza B, priceInPence=2400], Pizza[name=Pizza A, priceInPence=2300], Pizza[name=Pizza C, priceInPence=2500], Pizza[name=Pizza B, priceInPence=2400], Pizza[name=Pizza B, priceInPence=2400], Pizza[name=Pizza B, priceInPence=2400], Pizza[name=Pizza B, priceInPence=2400], Pizza[name=Pizza C, priceInPence=2500], Pizza[name=Pizza C, priceInPence=2500], Pizza[name=Pizza B, priceInPence=2400], Pizza[name=Pizza C, priceInPence=2500], Pizza[name=Pizza C, priceInPence=2500], Pizza[name=Pizza C, priceInPence=2500], Pizza[name=Pizza B, priceInPence=2400], Pizza[name=Pizza B, priceInPence=2400], Pizza[name=Pizza C, priceInPence=2500], Pizza[name=Pizza C, priceInPence=2500], Pizza[name=Pizza A, priceInPence=2300], Pizza[name=Pizza A, priceInPence=2300], Pizza[name=Pizza B, priceInPence=2400], Pizza[name=Pizza C, priceInPence=2500], Pizza[name=Pizza A, priceInPence=2300], Pizza[name=Pizza C, priceInPence=2500], Pizza[name=Pizza C, priceInPence=2500], Pizza[name=Pizza B, priceInPence=2400], Pizza[name=Pizza C, priceInPence=2500], Pizza[name=Pizza C, priceInPence=2500], Pizza[name=Pizza C, priceInPence=2500], Pizza[name=Pizza C, priceInPence=2500], Pizza[name=Pizza B, priceInPence=2400], Pizza[name=Pizza A, priceInPence=2300], Pizza[name=Pizza B, priceInPence=2400], Pizza[name=Pizza C, priceInPence=2500], Pizza[name=Pizza C, priceInPence=2500], Pizza[name=Pizza B, priceInPence=2400], Pizza[name=Pizza B, priceInPence=2400], Pizza[name=Pizza B, priceInPence=2400], Pizza[name=Pizza C, priceInPence=2500], Pizza[name=Pizza C, priceInPence=2500], Pizza[name=Pizza C, priceInPence=2500], Pizza[name=Pizza A, priceInPence=2300], Pizza[name=Pizza C, priceInPence=2500], Pizza[name=Pizza B, priceInPence=2400], Pizza[name=Pizza A, priceInPence=2300], Pizza[name=Pizza A, priceInPence=2300]]
PriceTotalInPence: 144900
 -- Credit card info 
CreditCardNumber: 0000000000000000
CCV: 222
ExpiryDate: 04/27
]]></system-err>
  </testcase>
  <testcase name="test5PlusPizzasInOneOrder" classname="uk.ac.ed.inf.OrderValidatorTest" time="0">
    <system-err><![CDATA[
 -- Order info 
OrderValidationCode: MAX_PIZZA_COUNT_EXCEEDED
OrderStatus: INVALID
OrderNo: 0F3327C9
Order Contents: [Pizza[name=Pizza C, priceInPence=2500], Pizza[name=Pizza B, priceInPence=2400], Pizza[name=Pizza A, priceInPence=2300], Pizza[name=Pizza A, priceInPence=2300], Pizza[name=Pizza B, priceInPence=2400], Pizza[name=Pizza A, priceInPence=2300], Pizza[name=Pizza C, priceInPence=2500], Pizza[name=Pizza C, priceInPence=2500], Pizza[name=Pizza B, priceInPence=2400], Pizza[name=Pizza C, priceInPence=2500], Pizza[name=Pizza B, priceInPence=2400], Pizza[name=Pizza A, priceInPence=2300], Pizza[name=Pizza C, priceInPence=2500], Pizza[name=Pizza A, priceInPence=2300], Pizza[name=Pizza C, priceInPence=2500], Pizza[name=Pizza C, priceInPence=2500], Pizza[name=Pizza B, priceInPence=2400], Pizza[name=Pizza C, priceInPence=2500], Pizza[name=Pizza C, priceInPence=2500], Pizza[name=Pizza A, priceInPence=2300], Pizza[name=Pizza A, priceInPence=2300], Pizza[name=Pizza C, priceInPence=2500], Pizza[name=Pizza C, priceInPence=2500], Pizza[name=Pizza C, priceInPence=2500], Pizza[name=Pizza B, priceInPence=2400], Pizza[name=Pizza A, priceInPence=2300], Pizza[name=Pizza A, priceInPence=2300], Pizza[name=Pizza B, priceInPence=2400], Pizza[name=Pizza A, priceInPence=2300], Pizza[name=Pizza B, priceInPence=2400], Pizza[name=Pizza C, priceInPence=2500], Pizza[name=Pizza A, priceInPence=2300], Pizza[name=Pizza A, priceInPence=2300], Pizza[name=Pizza C, priceInPence=2500], Pizza[name=Pizza A, priceInPence=2300], Pizza[name=Pizza C, priceInPence=2500], Pizza[name=Pizza A, priceInPence=2300], Pizza[name=Pizza C, priceInPence=2500], Pizza[name=Pizza A, priceInPence=2300]]
PriceTotalInPence: 93800
 -- Credit card info 
CreditCardNumber: 0000000000000000
CCV: 222
ExpiryDate: 01/29
]]></system-err>
  </testcase>
  <testcase name="test5PlusPizzasInOneOrder" classname="uk.ac.ed.inf.OrderValidatorTest" time="0">
    <system-err><![CDATA[
 -- Order info 
OrderValidationCode: MAX_PIZZA_COUNT_EXCEEDED
OrderStatus: INVALID
OrderNo: 4D21E985
Order Contents: [Pizza[name=Pizza A, priceInPence=2300], Pizza[name=Pizza A, priceInPence=2300], Pizza[name=Pizza C, priceInPence=2500], Pizza[name=Pizza A, priceInPence=2300], Pizza[name=Pizza A, priceInPence=2300], Pizza[name=Pizza A, priceInPence=2300], Pizza[name=Pizza B, priceInPence=2400], Pizza[name=Pizza C, priceInPence=2500], Pizza[name=Pizza B, priceInPence=2400], Pizza[name=Pizza C, priceInPence=2500], Pizza[name=Pizza C, priceInPence=2500], Pizza[name=Pizza B, priceInPence=2400], Pizza[name=Pizza C, priceInPence=2500], Pizza[name=Pizza A, priceInPence=2300], Pizza[name=Pizza A, priceInPence=2300], Pizza[name=Pizza B, priceInPence=2400], Pizza[name=Pizza C, priceInPence=2500], Pizza[name=Pizza C, priceInPence=2500], Pizza[name=Pizza A, priceInPence=2300], Pizza[name=Pizza B, priceInPence=2400], Pizza[name=Pizza B, priceInPence=2400], Pizza[name=Pizza C, priceInPence=2500], Pizza[name=Pizza C, priceInPence=2500], Pizza[name=Pizza A, priceInPence=2300], Pizza[name=Pizza B, priceInPence=2400], Pizza[name=Pizza C, priceInPence=2500], Pizza[name=Pizza B, priceInPence=2400], Pizza[name=Pizza A, priceInPence=2300], Pizza[name=Pizza C, priceInPence=2500], Pizza[name=Pizza A, priceInPence=2300], Pizza[name=Pizza B, priceInPence=2400], Pizza[name=Pizza B, priceInPence=2400], Pizza[name=Pizza C, priceInPence=2500], Pizza[name=Pizza B, priceInPence=2400], Pizza[name=Pizza C, priceInPence=2500], Pizza[name=Pizza A, priceInPence=2300], Pizza[name=Pizza C, priceInPence=2500], Pizza[name=Pizza A, priceInPence=2300], Pizza[name=Pizza A, priceInPence=2300], Pizza[name=Pizza B, priceInPence=2400], Pizza[name=Pizza A, priceInPence=2300], Pizza[name=Pizza C, priceInPence=2500], Pizza[name=Pizza C, priceInPence=2500], Pizza[name=Pizza C, priceInPence=2500], Pizza[name=Pizza A, priceInPence=2300], Pizza[name=Pizza A, priceInPence=2300], Pizza[name=Pizza C, priceInPence=2500], Pizza[name=Pizza A, priceInPence=2300], Pizza[name=Pizza C, priceInPence=2500], Pizza[name=Pizza C, priceInPence=2500], Pizza[name=Pizza A, priceInPence=2300]]
PriceTotalInPence: 122600
 -- Credit card info 
CreditCardNumber: 0000000000000000
CCV: 222
ExpiryDate: 03/28
]]></system-err>
  </testcase>
  <testcase name="test5PlusPizzasInOneOrder" classname="uk.ac.ed.inf.OrderValidatorTest" time="0">
    <system-err><![CDATA[
 -- Order info 
OrderValidationCode: MAX_PIZZA_COUNT_EXCEEDED
OrderStatus: INVALID
OrderNo: 67A6712A
Order Contents: [Pizza[name=Pizza C, priceInPence=2500], Pizza[name=Pizza B, priceInPence=2400], Pizza[name=Pizza C, priceInPence=2500], Pizza[name=Pizza B, priceInPence=2400], Pizza[name=Pizza C, priceInPence=2500], Pizza[name=Pizza B, priceInPence=2400], Pizza[name=Pizza B, priceInPence=2400], Pizza[name=Pizza C, priceInPence=2500], Pizza[name=Pizza B, priceInPence=2400], Pizza[name=Pizza B, priceInPence=2400], Pizza[name=Pizza A, priceInPence=2300], Pizza[name=Pizza B, priceInPence=2400], Pizza[name=Pizza B, priceInPence=2400], Pizza[name=Pizza C, priceInPence=2500], Pizza[name=Pizza B, priceInPence=2400], Pizza[name=Pizza B, priceInPence=2400], Pizza[name=Pizza A, priceInPence=2300], Pizza[name=Pizza B, priceInPence=2400], Pizza[name=Pizza B, priceInPence=2400], Pizza[name=Pizza C, priceInPence=2500], Pizza[name=Pizza A, priceInPence=2300], Pizza[name=Pizza B, priceInPence=2400], Pizza[name=Pizza A, priceInPence=2300], Pizza[name=Pizza C, priceInPence=2500], Pizza[name=Pizza B, priceInPence=2400], Pizza[name=Pizza C, priceInPence=2500], Pizza[name=Pizza A, priceInPence=2300], Pizza[name=Pizza B, priceInPence=2400], Pizza[name=Pizza A, priceInPence=2300], Pizza[name=Pizza B, priceInPence=2400], Pizza[name=Pizza A, priceInPence=2300], Pizza[name=Pizza B, priceInPence=2400], Pizza[name=Pizza C, priceInPence=2500], Pizza[name=Pizza C, priceInPence=2500], Pizza[name=Pizza B, priceInPence=2400], Pizza[name=Pizza A, priceInPence=2300], Pizza[name=Pizza B, priceInPence=2400], Pizza[name=Pizza B, priceInPence=2400], Pizza[name=Pizza C, priceInPence=2500], Pizza[name=Pizza C, priceInPence=2500], Pizza[name=Pizza B, priceInPence=2400], Pizza[name=Pizza C, priceInPence=2500], Pizza[name=Pizza B, priceInPence=2400], Pizza[name=Pizza C, priceInPence=2500], Pizza[name=Pizza A, priceInPence=2300], Pizza[name=Pizza C, priceInPence=2500], Pizza[name=Pizza B, priceInPence=2400], Pizza[name=Pizza A, priceInPence=2300], Pizza[name=Pizza C, priceInPence=2500], Pizza[name=Pizza B, priceInPence=2400], Pizza[name=Pizza B, priceInPence=2400], Pizza[name=Pizza A, priceInPence=2300], Pizza[name=Pizza B, priceInPence=2400], Pizza[name=Pizza B, priceInPence=2400], Pizza[name=Pizza A, priceInPence=2300], Pizza[name=Pizza A, priceInPence=2300], Pizza[name=Pizza C, priceInPence=2500], Pizza[name=Pizza B, priceInPence=2400], Pizza[name=Pizza C, priceInPence=2500], Pizza[name=Pizza C, priceInPence=2500], Pizza[name=Pizza A, priceInPence=2300], Pizza[name=Pizza A, priceInPence=2300], Pizza[name=Pizza A, priceInPence=2300], Pizza[name=Pizza B, priceInPence=2400], Pizza[name=Pizza C, priceInPence=2500], Pizza[name=Pizza A, priceInPence=2300], Pizza[name=Pizza A, priceInPence=2300], Pizza[name=Pizza C, priceInPence=2500], Pizza[name=Pizza C, priceInPence=2500], Pizza[name=Pizza B, priceInPence=2400], Pizza[name=Pizza B, priceInPence=2400], Pizza[name=Pizza A, priceInPence=2300], Pizza[name=Pizza B, priceInPence=2400], Pizza[name=Pizza A, priceInPence=2300], Pizza[name=Pizza C, priceInPence=2500], Pizza[name=Pizza B, priceInPence=2400], Pizza[name=Pizza B, priceInPence=2400], Pizza[name=Pizza B, priceInPence=2400], Pizza[name=Pizza A, priceInPence=2300], Pizza[name=Pizza C, priceInPence=2500], Pizza[name=Pizza B, priceInPence=2400], Pizza[name=Pizza C, priceInPence=2500], Pizza[name=Pizza C, priceInPence=2500]]
PriceTotalInPence: 199800
 -- Credit card info 
CreditCardNumber: 0000000000000000
CCV: 222
ExpiryDate: 02/27
]]></system-err>
  </testcase>
  <testcase name="test5PlusPizzasInOneOrder" classname="uk.ac.ed.inf.OrderValidatorTest" time="0">
    <system-err><![CDATA[
 -- Order info 
OrderValidationCode: MAX_PIZZA_COUNT_EXCEEDED
OrderStatus: INVALID
OrderNo: 03348E34
Order Contents: [Pizza[name=Pizza C, priceInPence=2500], Pizza[name=Pizza B, priceInPence=2400], Pizza[name=Pizza B, priceInPence=2400], Pizza[name=Pizza B, priceInPence=2400], Pizza[name=Pizza C, priceInPence=2500], Pizza[name=Pizza B, priceInPence=2400], Pizza[name=Pizza A, priceInPence=2300], Pizza[name=Pizza C, priceInPence=2500], Pizza[name=Pizza C, priceInPence=2500], Pizza[name=Pizza B, priceInPence=2400], Pizza[name=Pizza B, priceInPence=2400], Pizza[name=Pizza A, priceInPence=2300], Pizza[name=Pizza B, priceInPence=2400], Pizza[name=Pizza A, priceInPence=2300], Pizza[name=Pizza A, priceInPence=2300], Pizza[name=Pizza C, priceInPence=2500], Pizza[name=Pizza C, priceInPence=2500], Pizza[name=Pizza C, priceInPence=2500], Pizza[name=Pizza A, priceInPence=2300], Pizza[name=Pizza A, priceInPence=2300], Pizza[name=Pizza A, priceInPence=2300], Pizza[name=Pizza A, priceInPence=2300], Pizza[name=Pizza C, priceInPence=2500], Pizza[name=Pizza B, priceInPence=2400], Pizza[name=Pizza B, priceInPence=2400], Pizza[name=Pizza A, priceInPence=2300], Pizza[name=Pizza B, priceInPence=2400], Pizza[name=Pizza A, priceInPence=2300], Pizza[name=Pizza A, priceInPence=2300], Pizza[name=Pizza B, priceInPence=2400], Pizza[name=Pizza C, priceInPence=2500], Pizza[name=Pizza B, priceInPence=2400], Pizza[name=Pizza C, priceInPence=2500], Pizza[name=Pizza C, priceInPence=2500], Pizza[name=Pizza A, priceInPence=2300], Pizza[name=Pizza B, priceInPence=2400]]
PriceTotalInPence: 86400
 -- Credit card info 
CreditCardNumber: 0000000000000000
CCV: 222
ExpiryDate: 01/28
]]></system-err>
  </testcase>
  <testcase name="test5PlusPizzasInOneOrder" classname="uk.ac.ed.inf.OrderValidatorTest" time="0">
    <system-err><![CDATA[
 -- Order info 
OrderValidationCode: MAX_PIZZA_COUNT_EXCEEDED
OrderStatus: INVALID
OrderNo: 656D09DE
Order Contents: [Pizza[name=Pizza C, priceInPence=2500], Pizza[name=Pizza B, priceInPence=2400], Pizza[name=Pizza C, priceInPence=2500], Pizza[name=Pizza C, priceInPence=2500], Pizza[name=Pizza A, priceInPence=2300], Pizza[name=Pizza A, priceInPence=2300], Pizza[name=Pizza A, priceInPence=2300], Pizza[name=Pizza C, priceInPence=2500], Pizza[name=Pizza A, priceInPence=2300], Pizza[name=Pizza C, priceInPence=2500], Pizza[name=Pizza A, priceInPence=2300], Pizza[name=Pizza A, priceInPence=2300], Pizza[name=Pizza A, priceInPence=2300], Pizza[name=Pizza C, priceInPence=2500], Pizza[name=Pizza B, priceInPence=2400], Pizza[name=Pizza B, priceInPence=2400], Pizza[name=Pizza B, priceInPence=2400], Pizza[name=Pizza A, priceInPence=2300], Pizza[name=Pizza C, priceInPence=2500], Pizza[name=Pizza A, priceInPence=2300], Pizza[name=Pizza B, priceInPence=2400], Pizza[name=Pizza C, priceInPence=2500], Pizza[name=Pizza A, priceInPence=2300], Pizza[name=Pizza C, priceInPence=2500], Pizza[name=Pizza B, priceInPence=2400], Pizza[name=Pizza A, priceInPence=2300], Pizza[name=Pizza B, priceInPence=2400], Pizza[name=Pizza C, priceInPence=2500], Pizza[name=Pizza B, priceInPence=2400], Pizza[name=Pizza B, priceInPence=2400], Pizza[name=Pizza A, priceInPence=2300], Pizza[name=Pizza C, priceInPence=2500], Pizza[name=Pizza A, priceInPence=2300], Pizza[name=Pizza C, priceInPence=2500], Pizza[name=Pizza B, priceInPence=2400], Pizza[name=Pizza B, priceInPence=2400], Pizza[name=Pizza C, priceInPence=2500], Pizza[name=Pizza B, priceInPence=2400], Pizza[name=Pizza A, priceInPence=2300], Pizza[name=Pizza A, priceInPence=2300], Pizza[name=Pizza C, priceInPence=2500], Pizza[name=Pizza A, priceInPence=2300], Pizza[name=Pizza A, priceInPence=2300], Pizza[name=Pizza B, priceInPence=2400], Pizza[name=Pizza B, priceInPence=2400], Pizza[name=Pizza C, priceInPence=2500], Pizza[name=Pizza B, priceInPence=2400], Pizza[name=Pizza A, priceInPence=2300], Pizza[name=Pizza B, priceInPence=2400]]
PriceTotalInPence: 117400
 -- Credit card info 
CreditCardNumber: 0000000000000000
CCV: 222
ExpiryDate: 06/26
]]></system-err>
  </testcase>
  <testcase name="test5PlusPizzasInOneOrder" classname="uk.ac.ed.inf.OrderValidatorTest" time="0">
    <system-err><![CDATA[
 -- Order info 
OrderValidationCode: MAX_PIZZA_COUNT_EXCEEDED
OrderStatus: INVALID
OrderNo: 1E8B40B3
Order Contents: [Pizza[name=Pizza B, priceInPence=2400], Pizza[name=Pizza A, priceInPence=2300], Pizza[name=Pizza A, priceInPence=2300], Pizza[name=Pizza C, priceInPence=2500], Pizza[name=Pizza C, priceInPence=2500], Pizza[name=Pizza A, priceInPence=2300], Pizza[name=Pizza A, priceInPence=2300], Pizza[name=Pizza B, priceInPence=2400], Pizza[name=Pizza C, priceInPence=2500], Pizza[name=Pizza C, priceInPence=2500], Pizza[name=Pizza B, priceInPence=2400], Pizza[name=Pizza C, priceInPence=2500], Pizza[name=Pizza B, priceInPence=2400], Pizza[name=Pizza A, priceInPence=2300], Pizza[name=Pizza C, priceInPence=2500], Pizza[name=Pizza B, priceInPence=2400], Pizza[name=Pizza A, priceInPence=2300], Pizza[name=Pizza B, priceInPence=2400], Pizza[name=Pizza A, priceInPence=2300], Pizza[name=Pizza C, priceInPence=2500], Pizza[name=Pizza B, priceInPence=2400], Pizza[name=Pizza C, priceInPence=2500], Pizza[name=Pizza A, priceInPence=2300], Pizza[name=Pizza C, priceInPence=2500], Pizza[name=Pizza A, priceInPence=2300], Pizza[name=Pizza B, priceInPence=2400], Pizza[name=Pizza C, priceInPence=2500], Pizza[name=Pizza B, priceInPence=2400], Pizza[name=Pizza B, priceInPence=2400], Pizza[name=Pizza B, priceInPence=2400], Pizza[name=Pizza A, priceInPence=2300], Pizza[name=Pizza A, priceInPence=2300], Pizza[name=Pizza A, priceInPence=2300], Pizza[name=Pizza B, priceInPence=2400], Pizza[name=Pizza A, priceInPence=2300], Pizza[name=Pizza B, priceInPence=2400], Pizza[name=Pizza C, priceInPence=2500], Pizza[name=Pizza A, priceInPence=2300], Pizza[name=Pizza B, priceInPence=2400], Pizza[name=Pizza A, priceInPence=2300], Pizza[name=Pizza B, priceInPence=2400], Pizza[name=Pizza C, priceInPence=2500], Pizza[name=Pizza A, priceInPence=2300], Pizza[name=Pizza B, priceInPence=2400], Pizza[name=Pizza C, priceInPence=2500], Pizza[name=Pizza C, priceInPence=2500], Pizza[name=Pizza A, priceInPence=2300], Pizza[name=Pizza B, priceInPence=2400], Pizza[name=Pizza B, priceInPence=2400], Pizza[name=Pizza C, priceInPence=2500], Pizza[name=Pizza C, priceInPence=2500], Pizza[name=Pizza B, priceInPence=2400], Pizza[name=Pizza A, priceInPence=2300], Pizza[name=Pizza B, priceInPence=2400], Pizza[name=Pizza C, priceInPence=2500], Pizza[name=Pizza A, priceInPence=2300], Pizza[name=Pizza C, priceInPence=2500], Pizza[name=Pizza B, priceInPence=2400], Pizza[name=Pizza A, priceInPence=2300], Pizza[name=Pizza C, priceInPence=2500], Pizza[name=Pizza C, priceInPence=2500], Pizza[name=Pizza A, priceInPence=2300]]
PriceTotalInPence: 148800
 -- Credit card info 
CreditCardNumber: 0000000000000000
CCV: 222
ExpiryDate: 07/24
]]></system-err>
  </testcase>
  <testcase name="test5PlusPizzasInOneOrder" classname="uk.ac.ed.inf.OrderValidatorTest" time="0">
    <system-err><![CDATA[
 -- Order info 
OrderValidationCode: MAX_PIZZA_COUNT_EXCEEDED
OrderStatus: INVALID
OrderNo: 732DCC4A
Order Contents: [Pizza[name=Pizza B, priceInPence=2400], Pizza[name=Pizza B, priceInPence=2400], Pizza[name=Pizza C, priceInPence=2500], Pizza[name=Pizza C, priceInPence=2500], Pizza[name=Pizza A, priceInPence=2300], Pizza[name=Pizza B, priceInPence=2400], Pizza[name=Pizza C, priceInPence=2500], Pizza[name=Pizza A, priceInPence=2300], Pizza[name=Pizza C, priceInPence=2500], Pizza[name=Pizza A, priceInPence=2300], Pizza[name=Pizza B, priceInPence=2400], Pizza[name=Pizza B, priceInPence=2400], Pizza[name=Pizza B, priceInPence=2400], Pizza[name=Pizza C, priceInPence=2500], Pizza[name=Pizza A, priceInPence=2300], Pizza[name=Pizza B, priceInPence=2400], Pizza[name=Pizza B, priceInPence=2400], Pizza[name=Pizza A, priceInPence=2300], Pizza[name=Pizza B, priceInPence=2400], Pizza[name=Pizza A, priceInPence=2300]]
PriceTotalInPence: 48000
 -- Credit card info 
CreditCardNumber: 0000000000000000
CCV: 222
ExpiryDate: 04/25
]]></system-err>
  </testcase>
  <testcase name="test5PlusPizzasInOneOrder" classname="uk.ac.ed.inf.OrderValidatorTest" time="0">
    <system-err><![CDATA[
 -- Order info 
OrderValidationCode: MAX_PIZZA_COUNT_EXCEEDED
OrderStatus: INVALID
OrderNo: 393F1018
Order Contents: [Pizza[name=Pizza C, priceInPence=2500], Pizza[name=Pizza C, priceInPence=2500], Pizza[name=Pizza B, priceInPence=2400], Pizza[name=Pizza A, priceInPence=2300], Pizza[name=Pizza B, priceInPence=2400], Pizza[name=Pizza C, priceInPence=2500], Pizza[name=Pizza A, priceInPence=2300], Pizza[name=Pizza A, priceInPence=2300], Pizza[name=Pizza B, priceInPence=2400], Pizza[name=Pizza C, priceInPence=2500], Pizza[name=Pizza C, priceInPence=2500], Pizza[name=Pizza C, priceInPence=2500], Pizza[name=Pizza A, priceInPence=2300], Pizza[name=Pizza B, priceInPence=2400], Pizza[name=Pizza B, priceInPence=2400], Pizza[name=Pizza B, priceInPence=2400], Pizza[name=Pizza C, priceInPence=2500], Pizza[name=Pizza A, priceInPence=2300], Pizza[name=Pizza C, priceInPence=2500], Pizza[name=Pizza B, priceInPence=2400], Pizza[name=Pizza B, priceInPence=2400], Pizza[name=Pizza C, priceInPence=2500], Pizza[name=Pizza C, priceInPence=2500], Pizza[name=Pizza C, priceInPence=2500], Pizza[name=Pizza C, priceInPence=2500], Pizza[name=Pizza A, priceInPence=2300], Pizza[name=Pizza C, priceInPence=2500], Pizza[name=Pizza A, priceInPence=2300], Pizza[name=Pizza A, priceInPence=2300], Pizza[name=Pizza C, priceInPence=2500], Pizza[name=Pizza B, priceInPence=2400], Pizza[name=Pizza A, priceInPence=2300], Pizza[name=Pizza A, priceInPence=2300], Pizza[name=Pizza B, priceInPence=2400], Pizza[name=Pizza A, priceInPence=2300], Pizza[name=Pizza A, priceInPence=2300], Pizza[name=Pizza A, priceInPence=2300], Pizza[name=Pizza B, priceInPence=2400], Pizza[name=Pizza A, priceInPence=2300], Pizza[name=Pizza B, priceInPence=2400], Pizza[name=Pizza A, priceInPence=2300], Pizza[name=Pizza C, priceInPence=2500], Pizza[name=Pizza A, priceInPence=2300], Pizza[name=Pizza A, priceInPence=2300], Pizza[name=Pizza C, priceInPence=2500], Pizza[name=Pizza B, priceInPence=2400], Pizza[name=Pizza A, priceInPence=2300], Pizza[name=Pizza C, priceInPence=2500], Pizza[name=Pizza C, priceInPence=2500], Pizza[name=Pizza A, priceInPence=2300], Pizza[name=Pizza C, priceInPence=2500], Pizza[name=Pizza A, priceInPence=2300], Pizza[name=Pizza A, priceInPence=2300], Pizza[name=Pizza B, priceInPence=2400], Pizza[name=Pizza C, priceInPence=2500], Pizza[name=Pizza C, priceInPence=2500], Pizza[name=Pizza B, priceInPence=2400], Pizza[name=Pizza C, priceInPence=2500], Pizza[name=Pizza A, priceInPence=2300], Pizza[name=Pizza A, priceInPence=2300], Pizza[name=Pizza A, priceInPence=2300], Pizza[name=Pizza C, priceInPence=2500], Pizza[name=Pizza C, priceInPence=2500], Pizza[name=Pizza A, priceInPence=2300], Pizza[name=Pizza B, priceInPence=2400], Pizza[name=Pizza A, priceInPence=2300], Pizza[name=Pizza A, priceInPence=2300], Pizza[name=Pizza A, priceInPence=2300], Pizza[name=Pizza A, priceInPence=2300], Pizza[name=Pizza B, priceInPence=2400], Pizza[name=Pizza B, priceInPence=2400], Pizza[name=Pizza A, priceInPence=2300], Pizza[name=Pizza A, priceInPence=2300], Pizza[name=Pizza C, priceInPence=2500], Pizza[name=Pizza B, priceInPence=2400], Pizza[name=Pizza C, priceInPence=2500], Pizza[name=Pizza A, priceInPence=2300], Pizza[name=Pizza A, priceInPence=2300], Pizza[name=Pizza A, priceInPence=2300], Pizza[name=Pizza B, priceInPence=2400], Pizza[name=Pizza B, priceInPence=2400], Pizza[name=Pizza A, priceInPence=2300], Pizza[name=Pizza B, priceInPence=2400], Pizza[name=Pizza C, priceInPence=2500], Pizza[name=Pizza B, priceInPence=2400], Pizza[name=Pizza B, priceInPence=2400], Pizza[name=Pizza B, priceInPence=2400], Pizza[name=Pizza A, priceInPence=2300]]
PriceTotalInPence: 210400
 -- Credit card info 
CreditCardNumber: 0000000000000000
CCV: 222
ExpiryDate: 09/27
]]></system-err>
  </testcase>
  <testcase name="test5PlusPizzasInOneOrder" classname="uk.ac.ed.inf.OrderValidatorTest" time="0">
    <system-err><![CDATA[
 -- Order info 
OrderValidationCode: MAX_PIZZA_COUNT_EXCEEDED
OrderStatus: INVALID
OrderNo: 0ACF31B4
Order Contents: [Pizza[name=Pizza C, priceInPence=2500], Pizza[name=Pizza C, priceInPence=2500], Pizza[name=Pizza A, priceInPence=2300], Pizza[name=Pizza B, priceInPence=2400], Pizza[name=Pizza C, priceInPence=2500], Pizza[name=Pizza A, priceInPence=2300], Pizza[name=Pizza A, priceInPence=2300], Pizza[name=Pizza C, priceInPence=2500], Pizza[name=Pizza A, priceInPence=2300], Pizza[name=Pizza C, priceInPence=2500], Pizza[name=Pizza B, priceInPence=2400], Pizza[name=Pizza A, priceInPence=2300], Pizza[name=Pizza C, priceInPence=2500], Pizza[name=Pizza B, priceInPence=2400], Pizza[name=Pizza A, priceInPence=2300], Pizza[name=Pizza A, priceInPence=2300], Pizza[name=Pizza C, priceInPence=2500], Pizza[name=Pizza C, priceInPence=2500], Pizza[name=Pizza B, priceInPence=2400], Pizza[name=Pizza C, priceInPence=2500], Pizza[name=Pizza C, priceInPence=2500]]
PriceTotalInPence: 50800
 -- Credit card info 
CreditCardNumber: 0000000000000000
CCV: 222
ExpiryDate: 03/27
]]></system-err>
  </testcase>
  <testcase name="test5PlusPizzasInOneOrder" classname="uk.ac.ed.inf.OrderValidatorTest" time="0">
    <system-err><![CDATA[
 -- Order info 
OrderValidationCode: MAX_PIZZA_COUNT_EXCEEDED
OrderStatus: INVALID
OrderNo: 053741E8
Order Contents: [Pizza[name=Pizza B, priceInPence=2400], Pizza[name=Pizza A, priceInPence=2300], Pizza[name=Pizza B, priceInPence=2400], Pizza[name=Pizza C, priceInPence=2500], Pizza[name=Pizza B, priceInPence=2400], Pizza[name=Pizza C, priceInPence=2500], Pizza[name=Pizza A, priceInPence=2300], Pizza[name=Pizza B, priceInPence=2400], Pizza[name=Pizza C, priceInPence=2500], Pizza[name=Pizza C, priceInPence=2500], Pizza[name=Pizza A, priceInPence=2300], Pizza[name=Pizza C, priceInPence=2500], Pizza[name=Pizza C, priceInPence=2500], Pizza[name=Pizza A, priceInPence=2300], Pizza[name=Pizza C, priceInPence=2500], Pizza[name=Pizza A, priceInPence=2300], Pizza[name=Pizza C, priceInPence=2500], Pizza[name=Pizza C, priceInPence=2500], Pizza[name=Pizza C, priceInPence=2500], Pizza[name=Pizza B, priceInPence=2400], Pizza[name=Pizza B, priceInPence=2400], Pizza[name=Pizza C, priceInPence=2500], Pizza[name=Pizza B, priceInPence=2400], Pizza[name=Pizza B, priceInPence=2400], Pizza[name=Pizza B, priceInPence=2400], Pizza[name=Pizza C, priceInPence=2500], Pizza[name=Pizza C, priceInPence=2500], Pizza[name=Pizza C, priceInPence=2500], Pizza[name=Pizza A, priceInPence=2300], Pizza[name=Pizza A, priceInPence=2300], Pizza[name=Pizza B, priceInPence=2400], Pizza[name=Pizza A, priceInPence=2300], Pizza[name=Pizza B, priceInPence=2400], Pizza[name=Pizza A, priceInPence=2300], Pizza[name=Pizza C, priceInPence=2500], Pizza[name=Pizza C, priceInPence=2500], Pizza[name=Pizza A, priceInPence=2300], Pizza[name=Pizza C, priceInPence=2500], Pizza[name=Pizza B, priceInPence=2400], Pizza[name=Pizza C, priceInPence=2500], Pizza[name=Pizza B, priceInPence=2400], Pizza[name=Pizza A, priceInPence=2300], Pizza[name=Pizza A, priceInPence=2300], Pizza[name=Pizza C, priceInPence=2500], Pizza[name=Pizza A, priceInPence=2300], Pizza[name=Pizza A, priceInPence=2300], Pizza[name=Pizza A, priceInPence=2300], Pizza[name=Pizza C, priceInPence=2500], Pizza[name=Pizza A, priceInPence=2300], Pizza[name=Pizza A, priceInPence=2300], Pizza[name=Pizza B, priceInPence=2400], Pizza[name=Pizza A, priceInPence=2300], Pizza[name=Pizza B, priceInPence=2400], Pizza[name=Pizza A, priceInPence=2300], Pizza[name=Pizza C, priceInPence=2500], Pizza[name=Pizza B, priceInPence=2400], Pizza[name=Pizza A, priceInPence=2300], Pizza[name=Pizza C, priceInPence=2500], Pizza[name=Pizza A, priceInPence=2300], Pizza[name=Pizza C, priceInPence=2500], Pizza[name=Pizza A, priceInPence=2300], Pizza[name=Pizza A, priceInPence=2300], Pizza[name=Pizza A, priceInPence=2300], Pizza[name=Pizza C, priceInPence=2500], Pizza[name=Pizza C, priceInPence=2500], Pizza[name=Pizza A, priceInPence=2300], Pizza[name=Pizza A, priceInPence=2300], Pizza[name=Pizza B, priceInPence=2400]]
PriceTotalInPence: 163200
 -- Credit card info 
CreditCardNumber: 0000000000000000
CCV: 222
ExpiryDate: 02/29
]]></system-err>
  </testcase>
  <testcase name="test5PlusPizzasInOneOrder" classname="uk.ac.ed.inf.OrderValidatorTest" time="0">
    <system-err><![CDATA[
 -- Order info 
OrderValidationCode: MAX_PIZZA_COUNT_EXCEEDED
OrderStatus: INVALID
OrderNo: 4BB54704
Order Contents: [Pizza[name=Pizza C, priceInPence=2500], Pizza[name=Pizza C, priceInPence=2500], Pizza[name=Pizza B, priceInPence=2400], Pizza[name=Pizza A, priceInPence=2300], Pizza[name=Pizza A, priceInPence=2300], Pizza[name=Pizza B, priceInPence=2400], Pizza[name=Pizza C, priceInPence=2500], Pizza[name=Pizza C, priceInPence=2500], Pizza[name=Pizza A, priceInPence=2300], Pizza[name=Pizza C, priceInPence=2500], Pizza[name=Pizza B, priceInPence=2400], Pizza[name=Pizza B, priceInPence=2400], Pizza[name=Pizza B, priceInPence=2400], Pizza[name=Pizza B, priceInPence=2400], Pizza[name=Pizza A, priceInPence=2300], Pizza[name=Pizza C, priceInPence=2500], Pizza[name=Pizza B, priceInPence=2400]]
PriceTotalInPence: 41100
 -- Credit card info 
CreditCardNumber: 0000000000000000
CCV: 222
ExpiryDate: 03/26
]]></system-err>
  </testcase>
  <testcase name="test5PlusPizzasInOneOrder" classname="uk.ac.ed.inf.OrderValidatorTest" time="0">
    <system-err><![CDATA[
 -- Order info 
OrderValidationCode: MAX_PIZZA_COUNT_EXCEEDED
OrderStatus: INVALID
OrderNo: 1C759947
Order Contents: [Pizza[name=Pizza C, priceInPence=2500], Pizza[name=Pizza A, priceInPence=2300], Pizza[name=Pizza B, priceInPence=2400], Pizza[name=Pizza A, priceInPence=2300], Pizza[name=Pizza A, priceInPence=2300], Pizza[name=Pizza B, priceInPence=2400], Pizza[name=Pizza B, priceInPence=2400], Pizza[name=Pizza C, priceInPence=2500], Pizza[name=Pizza A, priceInPence=2300], Pizza[name=Pizza A, priceInPence=2300], Pizza[name=Pizza C, priceInPence=2500], Pizza[name=Pizza C, priceInPence=2500], Pizza[name=Pizza B, priceInPence=2400], Pizza[name=Pizza B, priceInPence=2400], Pizza[name=Pizza B, priceInPence=2400], Pizza[name=Pizza A, priceInPence=2300], Pizza[name=Pizza A, priceInPence=2300], Pizza[name=Pizza B, priceInPence=2400], Pizza[name=Pizza A, priceInPence=2300], Pizza[name=Pizza A, priceInPence=2300], Pizza[name=Pizza C, priceInPence=2500], Pizza[name=Pizza A, priceInPence=2300], Pizza[name=Pizza C, priceInPence=2500], Pizza[name=Pizza C, priceInPence=2500], Pizza[name=Pizza C, priceInPence=2500], Pizza[name=Pizza B, priceInPence=2400], Pizza[name=Pizza C, priceInPence=2500], Pizza[name=Pizza A, priceInPence=2300], Pizza[name=Pizza B, priceInPence=2400], Pizza[name=Pizza A, priceInPence=2300], Pizza[name=Pizza A, priceInPence=2300], Pizza[name=Pizza B, priceInPence=2400], Pizza[name=Pizza A, priceInPence=2300], Pizza[name=Pizza B, priceInPence=2400], Pizza[name=Pizza B, priceInPence=2400], Pizza[name=Pizza A, priceInPence=2300], Pizza[name=Pizza B, priceInPence=2400], Pizza[name=Pizza B, priceInPence=2400], Pizza[name=Pizza B, priceInPence=2400], Pizza[name=Pizza C, priceInPence=2500], Pizza[name=Pizza A, priceInPence=2300], Pizza[name=Pizza B, priceInPence=2400], Pizza[name=Pizza B, priceInPence=2400], Pizza[name=Pizza B, priceInPence=2400], Pizza[name=Pizza C, priceInPence=2500], Pizza[name=Pizza C, priceInPence=2500], Pizza[name=Pizza B, priceInPence=2400], Pizza[name=Pizza C, priceInPence=2500], Pizza[name=Pizza B, priceInPence=2400], Pizza[name=Pizza C, priceInPence=2500], Pizza[name=Pizza C, priceInPence=2500], Pizza[name=Pizza C, priceInPence=2500], Pizza[name=Pizza B, priceInPence=2400], Pizza[name=Pizza C, priceInPence=2500], Pizza[name=Pizza A, priceInPence=2300], Pizza[name=Pizza C, priceInPence=2500]]
PriceTotalInPence: 134600
 -- Credit card info 
CreditCardNumber: 0000000000000000
CCV: 222
ExpiryDate: 09/26
]]></system-err>
  </testcase>
  <testcase name="test5PlusPizzasInOneOrder" classname="uk.ac.ed.inf.OrderValidatorTest" time="0">
    <system-err><![CDATA[
 -- Order info 
OrderValidationCode: MAX_PIZZA_COUNT_EXCEEDED
OrderStatus: INVALID
OrderNo: 75302D0C
Order Contents: [Pizza[name=Pizza C, priceInPence=2500], Pizza[name=Pizza C, priceInPence=2500], Pizza[name=Pizza B, priceInPence=2400], Pizza[name=Pizza B, priceInPence=2400], Pizza[name=Pizza B, priceInPence=2400], Pizza[name=Pizza A, priceInPence=2300], Pizza[name=Pizza B, priceInPence=2400], Pizza[name=Pizza C, priceInPence=2500], Pizza[name=Pizza B, priceInPence=2400], Pizza[name=Pizza C, priceInPence=2500], Pizza[name=Pizza A, priceInPence=2300], Pizza[name=Pizza C, priceInPence=2500], Pizza[name=Pizza C, priceInPence=2500]]
PriceTotalInPence: 31700
 -- Credit card info 
CreditCardNumber: 0000000000000000
CCV: 222
ExpiryDate: 08/26
]]></system-err>
  </testcase>
  <testcase name="test5PlusPizzasInOneOrder" classname="uk.ac.ed.inf.OrderValidatorTest" time="0">
    <system-err><![CDATA[
 -- Order info 
OrderValidationCode: MAX_PIZZA_COUNT_EXCEEDED
OrderStatus: INVALID
OrderNo: 2EF869C4
Order Contents: [Pizza[name=Pizza B, priceInPence=2400], Pizza[name=Pizza B, priceInPence=2400], Pizza[name=Pizza B, priceInPence=2400], Pizza[name=Pizza B, priceInPence=2400], Pizza[name=Pizza C, priceInPence=2500], Pizza[name=Pizza A, priceInPence=2300], Pizza[name=Pizza C, priceInPence=2500], Pizza[name=Pizza B, priceInPence=2400], Pizza[name=Pizza C, priceInPence=2500], Pizza[name=Pizza B, priceInPence=2400], Pizza[name=Pizza B, priceInPence=2400], Pizza[name=Pizza A, priceInPence=2300], Pizza[name=Pizza C, priceInPence=2500], Pizza[name=Pizza A, priceInPence=2300], Pizza[name=Pizza C, priceInPence=2500], Pizza[name=Pizza B, priceInPence=2400], Pizza[name=Pizza B, priceInPence=2400], Pizza[name=Pizza A, priceInPence=2300], Pizza[name=Pizza B, priceInPence=2400], Pizza[name=Pizza A, priceInPence=2300], Pizza[name=Pizza C, priceInPence=2500], Pizza[name=Pizza A, priceInPence=2300], Pizza[name=Pizza A, priceInPence=2300], Pizza[name=Pizza B, priceInPence=2400], Pizza[name=Pizza B, priceInPence=2400], Pizza[name=Pizza A, priceInPence=2300], Pizza[name=Pizza B, priceInPence=2400], Pizza[name=Pizza C, priceInPence=2500], Pizza[name=Pizza B, priceInPence=2400], Pizza[name=Pizza A, priceInPence=2300], Pizza[name=Pizza A, priceInPence=2300], Pizza[name=Pizza B, priceInPence=2400], Pizza[name=Pizza B, priceInPence=2400], Pizza[name=Pizza A, priceInPence=2300], Pizza[name=Pizza C, priceInPence=2500], Pizza[name=Pizza A, priceInPence=2300], Pizza[name=Pizza C, priceInPence=2500], Pizza[name=Pizza C, priceInPence=2500], Pizza[name=Pizza C, priceInPence=2500], Pizza[name=Pizza C, priceInPence=2500], Pizza[name=Pizza A, priceInPence=2300], Pizza[name=Pizza C, priceInPence=2500], Pizza[name=Pizza C, priceInPence=2500], Pizza[name=Pizza A, priceInPence=2300], Pizza[name=Pizza A, priceInPence=2300], Pizza[name=Pizza B, priceInPence=2400], Pizza[name=Pizza A, priceInPence=2300], Pizza[name=Pizza B, priceInPence=2400], Pizza[name=Pizza C, priceInPence=2500], Pizza[name=Pizza B, priceInPence=2400], Pizza[name=Pizza A, priceInPence=2300], Pizza[name=Pizza C, priceInPence=2500], Pizza[name=Pizza C, priceInPence=2500], Pizza[name=Pizza C, priceInPence=2500], Pizza[name=Pizza C, priceInPence=2500], Pizza[name=Pizza C, priceInPence=2500], Pizza[name=Pizza C, priceInPence=2500], Pizza[name=Pizza A, priceInPence=2300], Pizza[name=Pizza C, priceInPence=2500], Pizza[name=Pizza B, priceInPence=2400], Pizza[name=Pizza A, priceInPence=2300], Pizza[name=Pizza B, priceInPence=2400], Pizza[name=Pizza B, priceInPence=2400], Pizza[name=Pizza C, priceInPence=2500], Pizza[name=Pizza A, priceInPence=2300], Pizza[name=Pizza C, priceInPence=2500], Pizza[name=Pizza B, priceInPence=2400], Pizza[name=Pizza B, priceInPence=2400], Pizza[name=Pizza A, priceInPence=2300], Pizza[name=Pizza C, priceInPence=2500], Pizza[name=Pizza B, priceInPence=2400], Pizza[name=Pizza C, priceInPence=2500], Pizza[name=Pizza C, priceInPence=2500], Pizza[name=Pizza A, priceInPence=2300]]
PriceTotalInPence: 178200
 -- Credit card info 
CreditCardNumber: 0000000000000000
CCV: 222
ExpiryDate: 10/24
]]></system-err>
  </testcase>
  <testcase name="test5PlusPizzasInOneOrder" classname="uk.ac.ed.inf.OrderValidatorTest" time="0">
    <system-err><![CDATA[
 -- Order info 
OrderValidationCode: MAX_PIZZA_COUNT_EXCEEDED
OrderStatus: INVALID
OrderNo: 597BA217
Order Contents: [Pizza[name=Pizza A, priceInPence=2300], Pizza[name=Pizza B, priceInPence=2400], Pizza[name=Pizza A, priceInPence=2300], Pizza[name=Pizza C, priceInPence=2500], Pizza[name=Pizza A, priceInPence=2300], Pizza[name=Pizza B, priceInPence=2400], Pizza[name=Pizza A, priceInPence=2300], Pizza[name=Pizza A, priceInPence=2300], Pizza[name=Pizza A, priceInPence=2300], Pizza[name=Pizza B, priceInPence=2400], Pizza[name=Pizza C, priceInPence=2500], Pizza[name=Pizza A, priceInPence=2300], Pizza[name=Pizza C, priceInPence=2500], Pizza[name=Pizza C, priceInPence=2500], Pizza[name=Pizza B, priceInPence=2400], Pizza[name=Pizza A, priceInPence=2300], Pizza[name=Pizza B, priceInPence=2400], Pizza[name=Pizza A, priceInPence=2300], Pizza[name=Pizza C, priceInPence=2500], Pizza[name=Pizza A, priceInPence=2300], Pizza[name=Pizza C, priceInPence=2500], Pizza[name=Pizza A, priceInPence=2300], Pizza[name=Pizza A, priceInPence=2300], Pizza[name=Pizza A, priceInPence=2300], Pizza[name=Pizza A, priceInPence=2300], Pizza[name=Pizza C, priceInPence=2500], Pizza[name=Pizza B, priceInPence=2400], Pizza[name=Pizza A, priceInPence=2300], Pizza[name=Pizza B, priceInPence=2400], Pizza[name=Pizza B, priceInPence=2400], Pizza[name=Pizza A, priceInPence=2300], Pizza[name=Pizza A, priceInPence=2300], Pizza[name=Pizza A, priceInPence=2300], Pizza[name=Pizza A, priceInPence=2300], Pizza[name=Pizza C, priceInPence=2500], Pizza[name=Pizza B, priceInPence=2400], Pizza[name=Pizza B, priceInPence=2400]]
PriceTotalInPence: 87800
 -- Credit card info 
CreditCardNumber: 0000000000000000
CCV: 222
ExpiryDate: 04/25
]]></system-err>
  </testcase>
  <testcase name="test5PlusPizzasInOneOrder" classname="uk.ac.ed.inf.OrderValidatorTest" time="0">
    <system-err><![CDATA[
 -- Order info 
OrderValidationCode: MAX_PIZZA_COUNT_EXCEEDED
OrderStatus: INVALID
OrderNo: 5C27857D
Order Contents: [Pizza[name=Pizza A, priceInPence=2300], Pizza[name=Pizza C, priceInPence=2500], Pizza[name=Pizza A, priceInPence=2300], Pizza[name=Pizza B, priceInPence=2400], Pizza[name=Pizza A, priceInPence=2300], Pizza[name=Pizza B, priceInPence=2400], Pizza[name=Pizza B, priceInPence=2400], Pizza[name=Pizza B, priceInPence=2400], Pizza[name=Pizza B, priceInPence=2400], Pizza[name=Pizza B, priceInPence=2400], Pizza[name=Pizza C, priceInPence=2500], Pizza[name=Pizza B, priceInPence=2400], Pizza[name=Pizza C, priceInPence=2500], Pizza[name=Pizza C, priceInPence=2500], Pizza[name=Pizza C, priceInPence=2500], Pizza[name=Pizza B, priceInPence=2400], Pizza[name=Pizza A, priceInPence=2300], Pizza[name=Pizza A, priceInPence=2300], Pizza[name=Pizza B, priceInPence=2400], Pizza[name=Pizza B, priceInPence=2400], Pizza[name=Pizza A, priceInPence=2300], Pizza[name=Pizza B, priceInPence=2400], Pizza[name=Pizza C, priceInPence=2500], Pizza[name=Pizza B, priceInPence=2400], Pizza[name=Pizza C, priceInPence=2500], Pizza[name=Pizza C, priceInPence=2500], Pizza[name=Pizza A, priceInPence=2300], Pizza[name=Pizza C, priceInPence=2500], Pizza[name=Pizza C, priceInPence=2500], Pizza[name=Pizza C, priceInPence=2500], Pizza[name=Pizza B, priceInPence=2400], Pizza[name=Pizza B, priceInPence=2400], Pizza[name=Pizza B, priceInPence=2400], Pizza[name=Pizza A, priceInPence=2300], Pizza[name=Pizza C, priceInPence=2500], Pizza[name=Pizza A, priceInPence=2300], Pizza[name=Pizza C, priceInPence=2500], Pizza[name=Pizza C, priceInPence=2500], Pizza[name=Pizza B, priceInPence=2400], Pizza[name=Pizza C, priceInPence=2500], Pizza[name=Pizza B, priceInPence=2400], Pizza[name=Pizza A, priceInPence=2300], Pizza[name=Pizza B, priceInPence=2400], Pizza[name=Pizza A, priceInPence=2300], Pizza[name=Pizza A, priceInPence=2300], Pizza[name=Pizza B, priceInPence=2400], Pizza[name=Pizza B, priceInPence=2400], Pizza[name=Pizza A, priceInPence=2300], Pizza[name=Pizza B, priceInPence=2400], Pizza[name=Pizza C, priceInPence=2500], Pizza[name=Pizza A, priceInPence=2300], Pizza[name=Pizza C, priceInPence=2500], Pizza[name=Pizza A, priceInPence=2300], Pizza[name=Pizza A, priceInPence=2300]]
PriceTotalInPence: 129800
 -- Credit card info 
CreditCardNumber: 0000000000000000
CCV: 222
ExpiryDate: 09/28
]]></system-err>
  </testcase>
  <testcase name="test5PlusPizzasInOneOrder" classname="uk.ac.ed.inf.OrderValidatorTest" time="0">
    <system-err><![CDATA[
 -- Order info 
OrderValidationCode: MAX_PIZZA_COUNT_EXCEEDED
OrderStatus: INVALID
OrderNo: 1C840D81
Order Contents: [Pizza[name=Pizza A, priceInPence=2300], Pizza[name=Pizza C, priceInPence=2500], Pizza[name=Pizza C, priceInPence=2500], Pizza[name=Pizza A, priceInPence=2300], Pizza[name=Pizza A, priceInPence=2300], Pizza[name=Pizza C, priceInPence=2500], Pizza[name=Pizza C, priceInPence=2500], Pizza[name=Pizza C, priceInPence=2500], Pizza[name=Pizza B, priceInPence=2400], Pizza[name=Pizza B, priceInPence=2400], Pizza[name=Pizza B, priceInPence=2400], Pizza[name=Pizza A, priceInPence=2300], Pizza[name=Pizza A, priceInPence=2300], Pizza[name=Pizza C, priceInPence=2500], Pizza[name=Pizza A, priceInPence=2300], Pizza[name=Pizza C, priceInPence=2500], Pizza[name=Pizza C, priceInPence=2500], Pizza[name=Pizza A, priceInPence=2300], Pizza[name=Pizza B, priceInPence=2400], Pizza[name=Pizza A, priceInPence=2300], Pizza[name=Pizza B, priceInPence=2400], Pizza[name=Pizza A, priceInPence=2300], Pizza[name=Pizza A, priceInPence=2300], Pizza[name=Pizza B, priceInPence=2400], Pizza[name=Pizza A, priceInPence=2300], Pizza[name=Pizza A, priceInPence=2300], Pizza[name=Pizza A, priceInPence=2300], Pizza[name=Pizza A, priceInPence=2300], Pizza[name=Pizza C, priceInPence=2500], Pizza[name=Pizza A, priceInPence=2300], Pizza[name=Pizza C, priceInPence=2500], Pizza[name=Pizza B, priceInPence=2400], Pizza[name=Pizza B, priceInPence=2400], Pizza[name=Pizza B, priceInPence=2400], Pizza[name=Pizza B, priceInPence=2400], Pizza[name=Pizza C, priceInPence=2500], Pizza[name=Pizza B, priceInPence=2400], Pizza[name=Pizza B, priceInPence=2400], Pizza[name=Pizza A, priceInPence=2300], Pizza[name=Pizza B, priceInPence=2400], Pizza[name=Pizza C, priceInPence=2500], Pizza[name=Pizza C, priceInPence=2500], Pizza[name=Pizza A, priceInPence=2300], Pizza[name=Pizza A, priceInPence=2300], Pizza[name=Pizza B, priceInPence=2400], Pizza[name=Pizza A, priceInPence=2300], Pizza[name=Pizza B, priceInPence=2400], Pizza[name=Pizza B, priceInPence=2400], Pizza[name=Pizza C, priceInPence=2500], Pizza[name=Pizza A, priceInPence=2300], Pizza[name=Pizza C, priceInPence=2500], Pizza[name=Pizza C, priceInPence=2500], Pizza[name=Pizza C, priceInPence=2500], Pizza[name=Pizza C, priceInPence=2500], Pizza[name=Pizza B, priceInPence=2400], Pizza[name=Pizza B, priceInPence=2400], Pizza[name=Pizza A, priceInPence=2300], Pizza[name=Pizza C, priceInPence=2500], Pizza[name=Pizza A, priceInPence=2300], Pizza[name=Pizza A, priceInPence=2300], Pizza[name=Pizza A, priceInPence=2300], Pizza[name=Pizza A, priceInPence=2300], Pizza[name=Pizza A, priceInPence=2300], Pizza[name=Pizza C, priceInPence=2500], Pizza[name=Pizza C, priceInPence=2500], Pizza[name=Pizza A, priceInPence=2300], Pizza[name=Pizza B, priceInPence=2400], Pizza[name=Pizza C, priceInPence=2500], Pizza[name=Pizza B, priceInPence=2400], Pizza[name=Pizza C, priceInPence=2500], Pizza[name=Pizza B, priceInPence=2400], Pizza[name=Pizza B, priceInPence=2400], Pizza[name=Pizza A, priceInPence=2300], Pizza[name=Pizza B, priceInPence=2400], Pizza[name=Pizza C, priceInPence=2500], Pizza[name=Pizza B, priceInPence=2400], Pizza[name=Pizza B, priceInPence=2400], Pizza[name=Pizza C, priceInPence=2500], Pizza[name=Pizza A, priceInPence=2300], Pizza[name=Pizza B, priceInPence=2400], Pizza[name=Pizza C, priceInPence=2500], Pizza[name=Pizza C, priceInPence=2500], Pizza[name=Pizza B, priceInPence=2400]]
PriceTotalInPence: 199100
 -- Credit card info 
CreditCardNumber: 0000000000000000
CCV: 222
ExpiryDate: 01/29
]]></system-err>
  </testcase>
  <testcase name="test5PlusPizzasInOneOrder" classname="uk.ac.ed.inf.OrderValidatorTest" time="0">
    <system-err><![CDATA[
 -- Order info 
OrderValidationCode: MAX_PIZZA_COUNT_EXCEEDED
OrderStatus: INVALID
OrderNo: 6E129940
Order Contents: [Pizza[name=Pizza B, priceInPence=2400], Pizza[name=Pizza B, priceInPence=2400], Pizza[name=Pizza B, priceInPence=2400], Pizza[name=Pizza B, priceInPence=2400], Pizza[name=Pizza C, priceInPence=2500], Pizza[name=Pizza B, priceInPence=2400], Pizza[name=Pizza C, priceInPence=2500], Pizza[name=Pizza C, priceInPence=2500], Pizza[name=Pizza A, priceInPence=2300], Pizza[name=Pizza C, priceInPence=2500], Pizza[name=Pizza C, priceInPence=2500], Pizza[name=Pizza A, priceInPence=2300], Pizza[name=Pizza A, priceInPence=2300], Pizza[name=Pizza A, priceInPence=2300], Pizza[name=Pizza C, priceInPence=2500], Pizza[name=Pizza B, priceInPence=2400], Pizza[name=Pizza A, priceInPence=2300], Pizza[name=Pizza C, priceInPence=2500], Pizza[name=Pizza A, priceInPence=2300], Pizza[name=Pizza B, priceInPence=2400], Pizza[name=Pizza B, priceInPence=2400], Pizza[name=Pizza A, priceInPence=2300], Pizza[name=Pizza A, priceInPence=2300], Pizza[name=Pizza A, priceInPence=2300], Pizza[name=Pizza C, priceInPence=2500], Pizza[name=Pizza B, priceInPence=2400], Pizza[name=Pizza A, priceInPence=2300], Pizza[name=Pizza B, priceInPence=2400], Pizza[name=Pizza B, priceInPence=2400], Pizza[name=Pizza B, priceInPence=2400], Pizza[name=Pizza C, priceInPence=2500], Pizza[name=Pizza A, priceInPence=2300], Pizza[name=Pizza C, priceInPence=2500], Pizza[name=Pizza B, priceInPence=2400], Pizza[name=Pizza A, priceInPence=2300], Pizza[name=Pizza B, priceInPence=2400], Pizza[name=Pizza B, priceInPence=2400], Pizza[name=Pizza B, priceInPence=2400], Pizza[name=Pizza C, priceInPence=2500], Pizza[name=Pizza A, priceInPence=2300], Pizza[name=Pizza A, priceInPence=2300], Pizza[name=Pizza C, priceInPence=2500], Pizza[name=Pizza B, priceInPence=2400], Pizza[name=Pizza A, priceInPence=2300], Pizza[name=Pizza B, priceInPence=2400], Pizza[name=Pizza B, priceInPence=2400], Pizza[name=Pizza C, priceInPence=2500], Pizza[name=Pizza B, priceInPence=2400], Pizza[name=Pizza C, priceInPence=2500], Pizza[name=Pizza B, priceInPence=2400], Pizza[name=Pizza A, priceInPence=2300], Pizza[name=Pizza A, priceInPence=2300], Pizza[name=Pizza B, priceInPence=2400], Pizza[name=Pizza B, priceInPence=2400], Pizza[name=Pizza C, priceInPence=2500], Pizza[name=Pizza B, priceInPence=2400], Pizza[name=Pizza A, priceInPence=2300], Pizza[name=Pizza A, priceInPence=2300], Pizza[name=Pizza A, priceInPence=2300], Pizza[name=Pizza C, priceInPence=2500], Pizza[name=Pizza C, priceInPence=2500], Pizza[name=Pizza B, priceInPence=2400], Pizza[name=Pizza B, priceInPence=2400], Pizza[name=Pizza C, priceInPence=2500], Pizza[name=Pizza A, priceInPence=2300], Pizza[name=Pizza A, priceInPence=2300], Pizza[name=Pizza C, priceInPence=2500], Pizza[name=Pizza B, priceInPence=2400], Pizza[name=Pizza B, priceInPence=2400], Pizza[name=Pizza B, priceInPence=2400], Pizza[name=Pizza B, priceInPence=2400], Pizza[name=Pizza A, priceInPence=2300], Pizza[name=Pizza B, priceInPence=2400], Pizza[name=Pizza A, priceInPence=2300], Pizza[name=Pizza A, priceInPence=2300], Pizza[name=Pizza B, priceInPence=2400], Pizza[name=Pizza C, priceInPence=2500], Pizza[name=Pizza A, priceInPence=2300], Pizza[name=Pizza B, priceInPence=2400], Pizza[name=Pizza C, priceInPence=2500], Pizza[name=Pizza B, priceInPence=2400], Pizza[name=Pizza B, priceInPence=2400], Pizza[name=Pizza C, priceInPence=2500], Pizza[name=Pizza A, priceInPence=2300], Pizza[name=Pizza A, priceInPence=2300], Pizza[name=Pizza B, priceInPence=2400], Pizza[name=Pizza C, priceInPence=2500], Pizza[name=Pizza A, priceInPence=2300], Pizza[name=Pizza C, priceInPence=2500]]
PriceTotalInPence: 213200
 -- Credit card info 
CreditCardNumber: 0000000000000000
CCV: 222
ExpiryDate: 04/29
]]></system-err>
  </testcase>
  <testcase name="test5PlusPizzasInOneOrder" classname="uk.ac.ed.inf.OrderValidatorTest" time="0">
    <system-err><![CDATA[
 -- Order info 
OrderValidationCode: MAX_PIZZA_COUNT_EXCEEDED
OrderStatus: INVALID
OrderNo: 413A7C98
Order Contents: [Pizza[name=Pizza C, priceInPence=2500], Pizza[name=Pizza B, priceInPence=2400], Pizza[name=Pizza A, priceInPence=2300], Pizza[name=Pizza A, priceInPence=2300], Pizza[name=Pizza C, priceInPence=2500], Pizza[name=Pizza A, priceInPence=2300], Pizza[name=Pizza A, priceInPence=2300], Pizza[name=Pizza B, priceInPence=2400], Pizza[name=Pizza B, priceInPence=2400], Pizza[name=Pizza C, priceInPence=2500], Pizza[name=Pizza C, priceInPence=2500], Pizza[name=Pizza B, priceInPence=2400], Pizza[name=Pizza B, priceInPence=2400], Pizza[name=Pizza A, priceInPence=2300], Pizza[name=Pizza A, priceInPence=2300], Pizza[name=Pizza A, priceInPence=2300], Pizza[name=Pizza A, priceInPence=2300], Pizza[name=Pizza C, priceInPence=2500], Pizza[name=Pizza B, priceInPence=2400], Pizza[name=Pizza B, priceInPence=2400], Pizza[name=Pizza C, priceInPence=2500], Pizza[name=Pizza A, priceInPence=2300], Pizza[name=Pizza A, priceInPence=2300], Pizza[name=Pizza C, priceInPence=2500], Pizza[name=Pizza A, priceInPence=2300], Pizza[name=Pizza B, priceInPence=2400], Pizza[name=Pizza A, priceInPence=2300], Pizza[name=Pizza A, priceInPence=2300], Pizza[name=Pizza C, priceInPence=2500], Pizza[name=Pizza A, priceInPence=2300], Pizza[name=Pizza A, priceInPence=2300], Pizza[name=Pizza B, priceInPence=2400], Pizza[name=Pizza A, priceInPence=2300]]
PriceTotalInPence: 78500
 -- Credit card info 
CreditCardNumber: 0000000000000000
CCV: 222
ExpiryDate: 10/26
]]></system-err>
  </testcase>
  <testcase name="test5PlusPizzasInOneOrder" classname="uk.ac.ed.inf.OrderValidatorTest" time="0">
    <system-err><![CDATA[
 -- Order info 
OrderValidationCode: MAX_PIZZA_COUNT_EXCEEDED
OrderStatus: INVALID
OrderNo: 09233C5E
Order Contents: [Pizza[name=Pizza C, priceInPence=2500], Pizza[name=Pizza B, priceInPence=2400], Pizza[name=Pizza C, priceInPence=2500], Pizza[name=Pizza C, priceInPence=2500], Pizza[name=Pizza A, priceInPence=2300], Pizza[name=Pizza B, priceInPence=2400], Pizza[name=Pizza B, priceInPence=2400], Pizza[name=Pizza B, priceInPence=2400], Pizza[name=Pizza B, priceInPence=2400], Pizza[name=Pizza C, priceInPence=2500], Pizza[name=Pizza A, priceInPence=2300], Pizza[name=Pizza C, priceInPence=2500], Pizza[name=Pizza B, priceInPence=2400], Pizza[name=Pizza C, priceInPence=2500], Pizza[name=Pizza C, priceInPence=2500], Pizza[name=Pizza C, priceInPence=2500], Pizza[name=Pizza B, priceInPence=2400], Pizza[name=Pizza C, priceInPence=2500], Pizza[name=Pizza B, priceInPence=2400], Pizza[name=Pizza A, priceInPence=2300], Pizza[name=Pizza A, priceInPence=2300], Pizza[name=Pizza C, priceInPence=2500], Pizza[name=Pizza A, priceInPence=2300], Pizza[name=Pizza C, priceInPence=2500], Pizza[name=Pizza A, priceInPence=2300], Pizza[name=Pizza A, priceInPence=2300], Pizza[name=Pizza A, priceInPence=2300], Pizza[name=Pizza A, priceInPence=2300], Pizza[name=Pizza C, priceInPence=2500], Pizza[name=Pizza A, priceInPence=2300], Pizza[name=Pizza B, priceInPence=2400], Pizza[name=Pizza B, priceInPence=2400], Pizza[name=Pizza A, priceInPence=2300], Pizza[name=Pizza B, priceInPence=2400], Pizza[name=Pizza B, priceInPence=2400], Pizza[name=Pizza C, priceInPence=2500], Pizza[name=Pizza C, priceInPence=2500], Pizza[name=Pizza C, priceInPence=2500], Pizza[name=Pizza B, priceInPence=2400], Pizza[name=Pizza B, priceInPence=2400], Pizza[name=Pizza A, priceInPence=2300], Pizza[name=Pizza C, priceInPence=2500], Pizza[name=Pizza B, priceInPence=2400], Pizza[name=Pizza A, priceInPence=2300], Pizza[name=Pizza C, priceInPence=2500], Pizza[name=Pizza B, priceInPence=2400], Pizza[name=Pizza B, priceInPence=2400], Pizza[name=Pizza C, priceInPence=2500], Pizza[name=Pizza B, priceInPence=2400], Pizza[name=Pizza C, priceInPence=2500], Pizza[name=Pizza A, priceInPence=2300], Pizza[name=Pizza A, priceInPence=2300], Pizza[name=Pizza C, priceInPence=2500], Pizza[name=Pizza C, priceInPence=2500], Pizza[name=Pizza B, priceInPence=2400], Pizza[name=Pizza B, priceInPence=2400], Pizza[name=Pizza A, priceInPence=2300], Pizza[name=Pizza C, priceInPence=2500], Pizza[name=Pizza B, priceInPence=2400], Pizza[name=Pizza C, priceInPence=2500], Pizza[name=Pizza C, priceInPence=2500], Pizza[name=Pizza C, priceInPence=2500], Pizza[name=Pizza C, priceInPence=2500], Pizza[name=Pizza C, priceInPence=2500], Pizza[name=Pizza A, priceInPence=2300], Pizza[name=Pizza C, priceInPence=2500], Pizza[name=Pizza A, priceInPence=2300], Pizza[name=Pizza C, priceInPence=2500], Pizza[name=Pizza B, priceInPence=2400], Pizza[name=Pizza B, priceInPence=2400], Pizza[name=Pizza A, priceInPence=2300], Pizza[name=Pizza A, priceInPence=2300], Pizza[name=Pizza C, priceInPence=2500], Pizza[name=Pizza C, priceInPence=2500], Pizza[name=Pizza C, priceInPence=2500], Pizza[name=Pizza B, priceInPence=2400], Pizza[name=Pizza A, priceInPence=2300], Pizza[name=Pizza B, priceInPence=2400], Pizza[name=Pizza B, priceInPence=2400]]
PriceTotalInPence: 190800
 -- Credit card info 
CreditCardNumber: 0000000000000000
CCV: 222
ExpiryDate: 07/25
]]></system-err>
  </testcase>
  <testcase name="test5PlusPizzasInOneOrder" classname="uk.ac.ed.inf.OrderValidatorTest" time="0">
    <system-err><![CDATA[
 -- Order info 
OrderValidationCode: MAX_PIZZA_COUNT_EXCEEDED
OrderStatus: INVALID
OrderNo: 2667F69A
Order Contents: [Pizza[name=Pizza C, priceInPence=2500], Pizza[name=Pizza B, priceInPence=2400], Pizza[name=Pizza B, priceInPence=2400], Pizza[name=Pizza C, priceInPence=2500], Pizza[name=Pizza B, priceInPence=2400]]
PriceTotalInPence: 12300
 -- Credit card info 
CreditCardNumber: 0000000000000000
CCV: 222
ExpiryDate: 10/27
]]></system-err>
  </testcase>
  <testcase name="test5PlusPizzasInOneOrder" classname="uk.ac.ed.inf.OrderValidatorTest" time="0">
    <system-err><![CDATA[
 -- Order info 
OrderValidationCode: MAX_PIZZA_COUNT_EXCEEDED
OrderStatus: INVALID
OrderNo: 357E4D3A
Order Contents: [Pizza[name=Pizza C, priceInPence=2500], Pizza[name=Pizza C, priceInPence=2500], Pizza[name=Pizza A, priceInPence=2300], Pizza[name=Pizza C, priceInPence=2500], Pizza[name=Pizza A, priceInPence=2300], Pizza[name=Pizza A, priceInPence=2300], Pizza[name=Pizza B, priceInPence=2400], Pizza[name=Pizza A, priceInPence=2300], Pizza[name=Pizza B, priceInPence=2400], Pizza[name=Pizza B, priceInPence=2400], Pizza[name=Pizza B, priceInPence=2400], Pizza[name=Pizza B, priceInPence=2400], Pizza[name=Pizza C, priceInPence=2500], Pizza[name=Pizza C, priceInPence=2500], Pizza[name=Pizza B, priceInPence=2400], Pizza[name=Pizza A, priceInPence=2300], Pizza[name=Pizza B, priceInPence=2400], Pizza[name=Pizza A, priceInPence=2300], Pizza[name=Pizza C, priceInPence=2500], Pizza[name=Pizza A, priceInPence=2300], Pizza[name=Pizza A, priceInPence=2300], Pizza[name=Pizza C, priceInPence=2500], Pizza[name=Pizza B, priceInPence=2400], Pizza[name=Pizza B, priceInPence=2400], Pizza[name=Pizza C, priceInPence=2500], Pizza[name=Pizza B, priceInPence=2400], Pizza[name=Pizza A, priceInPence=2300], Pizza[name=Pizza B, priceInPence=2400], Pizza[name=Pizza B, priceInPence=2400], Pizza[name=Pizza A, priceInPence=2300], Pizza[name=Pizza A, priceInPence=2300], Pizza[name=Pizza B, priceInPence=2400], Pizza[name=Pizza B, priceInPence=2400], Pizza[name=Pizza B, priceInPence=2400], Pizza[name=Pizza B, priceInPence=2400], Pizza[name=Pizza B, priceInPence=2400], Pizza[name=Pizza C, priceInPence=2500], Pizza[name=Pizza B, priceInPence=2400], Pizza[name=Pizza C, priceInPence=2500], Pizza[name=Pizza A, priceInPence=2300], Pizza[name=Pizza C, priceInPence=2500], Pizza[name=Pizza B, priceInPence=2400], Pizza[name=Pizza A, priceInPence=2300], Pizza[name=Pizza A, priceInPence=2300], Pizza[name=Pizza C, priceInPence=2500], Pizza[name=Pizza C, priceInPence=2500], Pizza[name=Pizza C, priceInPence=2500], Pizza[name=Pizza B, priceInPence=2400], Pizza[name=Pizza B, priceInPence=2400], Pizza[name=Pizza A, priceInPence=2300], Pizza[name=Pizza C, priceInPence=2500], Pizza[name=Pizza C, priceInPence=2500], Pizza[name=Pizza B, priceInPence=2400], Pizza[name=Pizza A, priceInPence=2300], Pizza[name=Pizza A, priceInPence=2300], Pizza[name=Pizza B, priceInPence=2400], Pizza[name=Pizza C, priceInPence=2500], Pizza[name=Pizza A, priceInPence=2300], Pizza[name=Pizza A, priceInPence=2300], Pizza[name=Pizza B, priceInPence=2400], Pizza[name=Pizza B, priceInPence=2400], Pizza[name=Pizza B, priceInPence=2400], Pizza[name=Pizza A, priceInPence=2300], Pizza[name=Pizza B, priceInPence=2400]]
PriceTotalInPence: 153400
 -- Credit card info 
CreditCardNumber: 0000000000000000
CCV: 222
ExpiryDate: 05/28
]]></system-err>
  </testcase>
  <testcase name="test5PlusPizzasInOneOrder" classname="uk.ac.ed.inf.OrderValidatorTest" time="0">
    <system-err><![CDATA[
 -- Order info 
OrderValidationCode: MAX_PIZZA_COUNT_EXCEEDED
OrderStatus: INVALID
OrderNo: 3259C6F8
Order Contents: [Pizza[name=Pizza B, priceInPence=2400], Pizza[name=Pizza A, priceInPence=2300], Pizza[name=Pizza A, priceInPence=2300], Pizza[name=Pizza B, priceInPence=2400], Pizza[name=Pizza B, priceInPence=2400], Pizza[name=Pizza C, priceInPence=2500], Pizza[name=Pizza C, priceInPence=2500], Pizza[name=Pizza C, priceInPence=2500], Pizza[name=Pizza A, priceInPence=2300], Pizza[name=Pizza C, priceInPence=2500], Pizza[name=Pizza C, priceInPence=2500], Pizza[name=Pizza A, priceInPence=2300], Pizza[name=Pizza A, priceInPence=2300], Pizza[name=Pizza B, priceInPence=2400], Pizza[name=Pizza B, priceInPence=2400], Pizza[name=Pizza A, priceInPence=2300], Pizza[name=Pizza B, priceInPence=2400], Pizza[name=Pizza A, priceInPence=2300], Pizza[name=Pizza C, priceInPence=2500], Pizza[name=Pizza B, priceInPence=2400], Pizza[name=Pizza B, priceInPence=2400], Pizza[name=Pizza C, priceInPence=2500], Pizza[name=Pizza A, priceInPence=2300], Pizza[name=Pizza C, priceInPence=2500], Pizza[name=Pizza B, priceInPence=2400], Pizza[name=Pizza C, priceInPence=2500], Pizza[name=Pizza A, priceInPence=2300], Pizza[name=Pizza C, priceInPence=2500], Pizza[name=Pizza A, priceInPence=2300], Pizza[name=Pizza B, priceInPence=2400], Pizza[name=Pizza A, priceInPence=2300], Pizza[name=Pizza B, priceInPence=2400], Pizza[name=Pizza B, priceInPence=2400], Pizza[name=Pizza B, priceInPence=2400], Pizza[name=Pizza B, priceInPence=2400], Pizza[name=Pizza C, priceInPence=2500], Pizza[name=Pizza A, priceInPence=2300], Pizza[name=Pizza A, priceInPence=2300], Pizza[name=Pizza B, priceInPence=2400], Pizza[name=Pizza C, priceInPence=2500], Pizza[name=Pizza A, priceInPence=2300], Pizza[name=Pizza B, priceInPence=2400], Pizza[name=Pizza B, priceInPence=2400], Pizza[name=Pizza C, priceInPence=2500], Pizza[name=Pizza B, priceInPence=2400], Pizza[name=Pizza A, priceInPence=2300], Pizza[name=Pizza B, priceInPence=2400], Pizza[name=Pizza C, priceInPence=2500], Pizza[name=Pizza A, priceInPence=2300], Pizza[name=Pizza B, priceInPence=2400], Pizza[name=Pizza A, priceInPence=2300], Pizza[name=Pizza C, priceInPence=2500], Pizza[name=Pizza A, priceInPence=2300], Pizza[name=Pizza B, priceInPence=2400], Pizza[name=Pizza C, priceInPence=2500], Pizza[name=Pizza B, priceInPence=2400], Pizza[name=Pizza B, priceInPence=2400], Pizza[name=Pizza A, priceInPence=2300], Pizza[name=Pizza C, priceInPence=2500], Pizza[name=Pizza B, priceInPence=2400]]
PriceTotalInPence: 143900
 -- Credit card info 
CreditCardNumber: 0000000000000000
CCV: 222
ExpiryDate: 08/28
]]></system-err>
  </testcase>
  <testcase name="test5PlusPizzasInOneOrder" classname="uk.ac.ed.inf.OrderValidatorTest" time="0">
    <system-err><![CDATA[
 -- Order info 
OrderValidationCode: MAX_PIZZA_COUNT_EXCEEDED
OrderStatus: INVALID
OrderNo: 5066F131
Order Contents: [Pizza[name=Pizza C, priceInPence=2500], Pizza[name=Pizza B, priceInPence=2400], Pizza[name=Pizza C, priceInPence=2500], Pizza[name=Pizza C, priceInPence=2500], Pizza[name=Pizza A, priceInPence=2300], Pizza[name=Pizza B, priceInPence=2400], Pizza[name=Pizza B, priceInPence=2400], Pizza[name=Pizza A, priceInPence=2300], Pizza[name=Pizza B, priceInPence=2400], Pizza[name=Pizza C, priceInPence=2500], Pizza[name=Pizza B, priceInPence=2400], Pizza[name=Pizza B, priceInPence=2400], Pizza[name=Pizza C, priceInPence=2500], Pizza[name=Pizza C, priceInPence=2500], Pizza[name=Pizza B, priceInPence=2400], Pizza[name=Pizza B, priceInPence=2400], Pizza[name=Pizza B, priceInPence=2400], Pizza[name=Pizza C, priceInPence=2500], Pizza[name=Pizza A, priceInPence=2300], Pizza[name=Pizza B, priceInPence=2400], Pizza[name=Pizza C, priceInPence=2500]]
PriceTotalInPence: 51000
 -- Credit card info 
CreditCardNumber: 0000000000000000
CCV: 222
ExpiryDate: 01/28
]]></system-err>
  </testcase>
  <testcase name="test5PlusPizzasInOneOrder" classname="uk.ac.ed.inf.OrderValidatorTest" time="0">
    <system-err><![CDATA[
 -- Order info 
OrderValidationCode: MAX_PIZZA_COUNT_EXCEEDED
OrderStatus: INVALID
OrderNo: 4C04187A
Order Contents: [Pizza[name=Pizza A, priceInPence=2300], Pizza[name=Pizza C, priceInPence=2500], Pizza[name=Pizza C, priceInPence=2500], Pizza[name=Pizza B, priceInPence=2400], Pizza[name=Pizza B, priceInPence=2400], Pizza[name=Pizza A, priceInPence=2300], Pizza[name=Pizza A, priceInPence=2300], Pizza[name=Pizza B, priceInPence=2400], Pizza[name=Pizza A, priceInPence=2300], Pizza[name=Pizza A, priceInPence=2300], Pizza[name=Pizza C, priceInPence=2500], Pizza[name=Pizza C, priceInPence=2500], Pizza[name=Pizza A, priceInPence=2300], Pizza[name=Pizza B, priceInPence=2400], Pizza[name=Pizza C, priceInPence=2500], Pizza[name=Pizza A, priceInPence=2300], Pizza[name=Pizza B, priceInPence=2400], Pizza[name=Pizza A, priceInPence=2300], Pizza[name=Pizza B, priceInPence=2400], Pizza[name=Pizza C, priceInPence=2500], Pizza[name=Pizza A, priceInPence=2300], Pizza[name=Pizza A, priceInPence=2300], Pizza[name=Pizza A, priceInPence=2300], Pizza[name=Pizza C, priceInPence=2500], Pizza[name=Pizza C, priceInPence=2500], Pizza[name=Pizza B, priceInPence=2400], Pizza[name=Pizza B, priceInPence=2400], Pizza[name=Pizza C, priceInPence=2500], Pizza[name=Pizza B, priceInPence=2400], Pizza[name=Pizza C, priceInPence=2500], Pizza[name=Pizza B, priceInPence=2400], Pizza[name=Pizza A, priceInPence=2300], Pizza[name=Pizza A, priceInPence=2300], Pizza[name=Pizza A, priceInPence=2300], Pizza[name=Pizza B, priceInPence=2400], Pizza[name=Pizza B, priceInPence=2400], Pizza[name=Pizza C, priceInPence=2500], Pizza[name=Pizza A, priceInPence=2300], Pizza[name=Pizza A, priceInPence=2300], Pizza[name=Pizza B, priceInPence=2400], Pizza[name=Pizza C, priceInPence=2500], Pizza[name=Pizza B, priceInPence=2400], Pizza[name=Pizza A, priceInPence=2300], Pizza[name=Pizza C, priceInPence=2500], Pizza[name=Pizza B, priceInPence=2400], Pizza[name=Pizza B, priceInPence=2400], Pizza[name=Pizza C, priceInPence=2500], Pizza[name=Pizza C, priceInPence=2500], Pizza[name=Pizza A, priceInPence=2300], Pizza[name=Pizza A, priceInPence=2300], Pizza[name=Pizza C, priceInPence=2500], Pizza[name=Pizza A, priceInPence=2300], Pizza[name=Pizza C, priceInPence=2500], Pizza[name=Pizza B, priceInPence=2400], Pizza[name=Pizza A, priceInPence=2300], Pizza[name=Pizza A, priceInPence=2300], Pizza[name=Pizza B, priceInPence=2400], Pizza[name=Pizza C, priceInPence=2500], Pizza[name=Pizza B, priceInPence=2400], Pizza[name=Pizza B, priceInPence=2400], Pizza[name=Pizza B, priceInPence=2400], Pizza[name=Pizza B, priceInPence=2400], Pizza[name=Pizza A, priceInPence=2300], Pizza[name=Pizza B, priceInPence=2400], Pizza[name=Pizza A, priceInPence=2300], Pizza[name=Pizza C, priceInPence=2500], Pizza[name=Pizza B, priceInPence=2400], Pizza[name=Pizza B, priceInPence=2400], Pizza[name=Pizza A, priceInPence=2300], Pizza[name=Pizza A, priceInPence=2300]]
PriceTotalInPence: 167400
 -- Credit card info 
CreditCardNumber: 0000000000000000
CCV: 222
ExpiryDate: 05/28
]]></system-err>
  </testcase>
  <testcase name="test5PlusPizzasInOneOrder" classname="uk.ac.ed.inf.OrderValidatorTest" time="0">
    <system-err><![CDATA[
 -- Order info 
OrderValidationCode: MAX_PIZZA_COUNT_EXCEEDED
OrderStatus: INVALID
OrderNo: 153FB234
Order Contents: [Pizza[name=Pizza A, priceInPence=2300], Pizza[name=Pizza B, priceInPence=2400], Pizza[name=Pizza B, priceInPence=2400], Pizza[name=Pizza B, priceInPence=2400], Pizza[name=Pizza B, priceInPence=2400], Pizza[name=Pizza C, priceInPence=2500], Pizza[name=Pizza A, priceInPence=2300], Pizza[name=Pizza B, priceInPence=2400], Pizza[name=Pizza C, priceInPence=2500], Pizza[name=Pizza B, priceInPence=2400], Pizza[name=Pizza A, priceInPence=2300], Pizza[name=Pizza C, priceInPence=2500], Pizza[name=Pizza A, priceInPence=2300], Pizza[name=Pizza B, priceInPence=2400], Pizza[name=Pizza C, priceInPence=2500], Pizza[name=Pizza A, priceInPence=2300], Pizza[name=Pizza C, priceInPence=2500], Pizza[name=Pizza A, priceInPence=2300], Pizza[name=Pizza B, priceInPence=2400], Pizza[name=Pizza C, priceInPence=2500], Pizza[name=Pizza B, priceInPence=2400], Pizza[name=Pizza C, priceInPence=2500], Pizza[name=Pizza B, priceInPence=2400], Pizza[name=Pizza C, priceInPence=2500], Pizza[name=Pizza C, priceInPence=2500], Pizza[name=Pizza A, priceInPence=2300], Pizza[name=Pizza B, priceInPence=2400], Pizza[name=Pizza A, priceInPence=2300], Pizza[name=Pizza C, priceInPence=2500], Pizza[name=Pizza A, priceInPence=2300], Pizza[name=Pizza C, priceInPence=2500], Pizza[name=Pizza B, priceInPence=2400], Pizza[name=Pizza C, priceInPence=2500], Pizza[name=Pizza A, priceInPence=2300], Pizza[name=Pizza B, priceInPence=2400], Pizza[name=Pizza C, priceInPence=2500], Pizza[name=Pizza B, priceInPence=2400], Pizza[name=Pizza C, priceInPence=2500], Pizza[name=Pizza A, priceInPence=2300], Pizza[name=Pizza C, priceInPence=2500], Pizza[name=Pizza B, priceInPence=2400], Pizza[name=Pizza B, priceInPence=2400], Pizza[name=Pizza C, priceInPence=2500], Pizza[name=Pizza A, priceInPence=2300], Pizza[name=Pizza A, priceInPence=2300], Pizza[name=Pizza C, priceInPence=2500], Pizza[name=Pizza A, priceInPence=2300], Pizza[name=Pizza A, priceInPence=2300], Pizza[name=Pizza A, priceInPence=2300], Pizza[name=Pizza B, priceInPence=2400], Pizza[name=Pizza A, priceInPence=2300], Pizza[name=Pizza A, priceInPence=2300], Pizza[name=Pizza A, priceInPence=2300], Pizza[name=Pizza B, priceInPence=2400], Pizza[name=Pizza A, priceInPence=2300], Pizza[name=Pizza C, priceInPence=2500], Pizza[name=Pizza A, priceInPence=2300], Pizza[name=Pizza A, priceInPence=2300], Pizza[name=Pizza B, priceInPence=2400], Pizza[name=Pizza B, priceInPence=2400], Pizza[name=Pizza B, priceInPence=2400], Pizza[name=Pizza C, priceInPence=2500], Pizza[name=Pizza C, priceInPence=2500]]
PriceTotalInPence: 151100
 -- Credit card info 
CreditCardNumber: 0000000000000000
CCV: 222
ExpiryDate: 09/27
]]></system-err>
  </testcase>
  <testcase name="test5PlusPizzasInOneOrder" classname="uk.ac.ed.inf.OrderValidatorTest" time="0">
    <system-err><![CDATA[
 -- Order info 
OrderValidationCode: MAX_PIZZA_COUNT_EXCEEDED
OrderStatus: INVALID
OrderNo: 4BA516A2
Order Contents: [Pizza[name=Pizza C, priceInPence=2500], Pizza[name=Pizza A, priceInPence=2300], Pizza[name=Pizza A, priceInPence=2300], Pizza[name=Pizza B, priceInPence=2400], Pizza[name=Pizza A, priceInPence=2300], Pizza[name=Pizza C, priceInPence=2500], Pizza[name=Pizza C, priceInPence=2500], Pizza[name=Pizza B, priceInPence=2400], Pizza[name=Pizza C, priceInPence=2500], Pizza[name=Pizza A, priceInPence=2300], Pizza[name=Pizza B, priceInPence=2400], Pizza[name=Pizza C, priceInPence=2500], Pizza[name=Pizza B, priceInPence=2400], Pizza[name=Pizza C, priceInPence=2500], Pizza[name=Pizza B, priceInPence=2400], Pizza[name=Pizza B, priceInPence=2400], Pizza[name=Pizza A, priceInPence=2300], Pizza[name=Pizza B, priceInPence=2400], Pizza[name=Pizza C, priceInPence=2500], Pizza[name=Pizza B, priceInPence=2400], Pizza[name=Pizza B, priceInPence=2400], Pizza[name=Pizza B, priceInPence=2400], Pizza[name=Pizza B, priceInPence=2400], Pizza[name=Pizza B, priceInPence=2400], Pizza[name=Pizza B, priceInPence=2400], Pizza[name=Pizza A, priceInPence=2300], Pizza[name=Pizza C, priceInPence=2500], Pizza[name=Pizza A, priceInPence=2300], Pizza[name=Pizza B, priceInPence=2400], Pizza[name=Pizza A, priceInPence=2300], Pizza[name=Pizza C, priceInPence=2500], Pizza[name=Pizza A, priceInPence=2300], Pizza[name=Pizza C, priceInPence=2500], Pizza[name=Pizza A, priceInPence=2300], Pizza[name=Pizza C, priceInPence=2500], Pizza[name=Pizza A, priceInPence=2300], Pizza[name=Pizza B, priceInPence=2400], Pizza[name=Pizza A, priceInPence=2300], Pizza[name=Pizza A, priceInPence=2300], Pizza[name=Pizza B, priceInPence=2400], Pizza[name=Pizza C, priceInPence=2500], Pizza[name=Pizza B, priceInPence=2400], Pizza[name=Pizza B, priceInPence=2400], Pizza[name=Pizza B, priceInPence=2400], Pizza[name=Pizza B, priceInPence=2400], Pizza[name=Pizza B, priceInPence=2400], Pizza[name=Pizza B, priceInPence=2400], Pizza[name=Pizza A, priceInPence=2300], Pizza[name=Pizza C, priceInPence=2500], Pizza[name=Pizza A, priceInPence=2300], Pizza[name=Pizza A, priceInPence=2300], Pizza[name=Pizza A, priceInPence=2300], Pizza[name=Pizza B, priceInPence=2400], Pizza[name=Pizza B, priceInPence=2400], Pizza[name=Pizza B, priceInPence=2400], Pizza[name=Pizza B, priceInPence=2400], Pizza[name=Pizza B, priceInPence=2400], Pizza[name=Pizza B, priceInPence=2400], Pizza[name=Pizza B, priceInPence=2400], Pizza[name=Pizza C, priceInPence=2500], Pizza[name=Pizza B, priceInPence=2400], Pizza[name=Pizza A, priceInPence=2300], Pizza[name=Pizza A, priceInPence=2300]]
PriceTotalInPence: 150800
 -- Credit card info 
CreditCardNumber: 0000000000000000
CCV: 222
ExpiryDate: 07/25
]]></system-err>
  </testcase>
  <testcase name="test5PlusPizzasInOneOrder" classname="uk.ac.ed.inf.OrderValidatorTest" time="0">
    <system-err><![CDATA[
 -- Order info 
OrderValidationCode: MAX_PIZZA_COUNT_EXCEEDED
OrderStatus: INVALID
OrderNo: 64C921BF
Order Contents: [Pizza[name=Pizza C, priceInPence=2500], Pizza[name=Pizza A, priceInPence=2300], Pizza[name=Pizza B, priceInPence=2400], Pizza[name=Pizza A, priceInPence=2300], Pizza[name=Pizza A, priceInPence=2300], Pizza[name=Pizza A, priceInPence=2300], Pizza[name=Pizza B, priceInPence=2400], Pizza[name=Pizza A, priceInPence=2300], Pizza[name=Pizza B, priceInPence=2400], Pizza[name=Pizza A, priceInPence=2300], Pizza[name=Pizza A, priceInPence=2300], Pizza[name=Pizza C, priceInPence=2500], Pizza[name=Pizza A, priceInPence=2300], Pizza[name=Pizza C, priceInPence=2500], Pizza[name=Pizza B, priceInPence=2400], Pizza[name=Pizza B, priceInPence=2400], Pizza[name=Pizza A, priceInPence=2300], Pizza[name=Pizza B, priceInPence=2400], Pizza[name=Pizza A, priceInPence=2300], Pizza[name=Pizza A, priceInPence=2300], Pizza[name=Pizza C, priceInPence=2500], Pizza[name=Pizza A, priceInPence=2300], Pizza[name=Pizza C, priceInPence=2500], Pizza[name=Pizza B, priceInPence=2400], Pizza[name=Pizza B, priceInPence=2400], Pizza[name=Pizza C, priceInPence=2500], Pizza[name=Pizza A, priceInPence=2300], Pizza[name=Pizza B, priceInPence=2400], Pizza[name=Pizza B, priceInPence=2400], Pizza[name=Pizza B, priceInPence=2400], Pizza[name=Pizza C, priceInPence=2500], Pizza[name=Pizza A, priceInPence=2300], Pizza[name=Pizza A, priceInPence=2300], Pizza[name=Pizza B, priceInPence=2400], Pizza[name=Pizza C, priceInPence=2500], Pizza[name=Pizza C, priceInPence=2500], Pizza[name=Pizza A, priceInPence=2300], Pizza[name=Pizza B, priceInPence=2400], Pizza[name=Pizza A, priceInPence=2300], Pizza[name=Pizza B, priceInPence=2400], Pizza[name=Pizza B, priceInPence=2400], Pizza[name=Pizza A, priceInPence=2300], Pizza[name=Pizza A, priceInPence=2300], Pizza[name=Pizza B, priceInPence=2400], Pizza[name=Pizza B, priceInPence=2400], Pizza[name=Pizza A, priceInPence=2300], Pizza[name=Pizza C, priceInPence=2500], Pizza[name=Pizza B, priceInPence=2400], Pizza[name=Pizza B, priceInPence=2400], Pizza[name=Pizza B, priceInPence=2400], Pizza[name=Pizza B, priceInPence=2400], Pizza[name=Pizza A, priceInPence=2300], Pizza[name=Pizza A, priceInPence=2300], Pizza[name=Pizza A, priceInPence=2300], Pizza[name=Pizza C, priceInPence=2500], Pizza[name=Pizza C, priceInPence=2500], Pizza[name=Pizza A, priceInPence=2300], Pizza[name=Pizza B, priceInPence=2400], Pizza[name=Pizza A, priceInPence=2300], Pizza[name=Pizza B, priceInPence=2400], Pizza[name=Pizza A, priceInPence=2300], Pizza[name=Pizza B, priceInPence=2400], Pizza[name=Pizza A, priceInPence=2300], Pizza[name=Pizza B, priceInPence=2400], Pizza[name=Pizza C, priceInPence=2500], Pizza[name=Pizza B, priceInPence=2400], Pizza[name=Pizza B, priceInPence=2400], Pizza[name=Pizza A, priceInPence=2300], Pizza[name=Pizza A, priceInPence=2300], Pizza[name=Pizza C, priceInPence=2500], Pizza[name=Pizza C, priceInPence=2500], Pizza[name=Pizza A, priceInPence=2300], Pizza[name=Pizza A, priceInPence=2300], Pizza[name=Pizza C, priceInPence=2500], Pizza[name=Pizza B, priceInPence=2400], Pizza[name=Pizza B, priceInPence=2400], Pizza[name=Pizza B, priceInPence=2400], Pizza[name=Pizza A, priceInPence=2300], Pizza[name=Pizza A, priceInPence=2300], Pizza[name=Pizza C, priceInPence=2500], Pizza[name=Pizza B, priceInPence=2400], Pizza[name=Pizza A, priceInPence=2300], Pizza[name=Pizza B, priceInPence=2400]]
PriceTotalInPence: 197600
 -- Credit card info 
CreditCardNumber: 0000000000000000
CCV: 222
ExpiryDate: 03/26
]]></system-err>
  </testcase>
  <testcase name="test5PlusPizzasInOneOrder" classname="uk.ac.ed.inf.OrderValidatorTest" time="0">
    <system-err><![CDATA[
 -- Order info 
OrderValidationCode: MAX_PIZZA_COUNT_EXCEEDED
OrderStatus: INVALID
OrderNo: 26DDBE3F
Order Contents: [Pizza[name=Pizza C, priceInPence=2500], Pizza[name=Pizza B, priceInPence=2400], Pizza[name=Pizza B, priceInPence=2400], Pizza[name=Pizza C, priceInPence=2500], Pizza[name=Pizza C, priceInPence=2500], Pizza[name=Pizza C, priceInPence=2500], Pizza[name=Pizza C, priceInPence=2500], Pizza[name=Pizza C, priceInPence=2500], Pizza[name=Pizza A, priceInPence=2300], Pizza[name=Pizza B, priceInPence=2400], Pizza[name=Pizza A, priceInPence=2300], Pizza[name=Pizza C, priceInPence=2500], Pizza[name=Pizza A, priceInPence=2300], Pizza[name=Pizza A, priceInPence=2300], Pizza[name=Pizza A, priceInPence=2300], Pizza[name=Pizza A, priceInPence=2300], Pizza[name=Pizza B, priceInPence=2400], Pizza[name=Pizza B, priceInPence=2400], Pizza[name=Pizza C, priceInPence=2500], Pizza[name=Pizza C, priceInPence=2500], Pizza[name=Pizza C, priceInPence=2500], Pizza[name=Pizza C, priceInPence=2500], Pizza[name=Pizza C, priceInPence=2500], Pizza[name=Pizza B, priceInPence=2400], Pizza[name=Pizza C, priceInPence=2500], Pizza[name=Pizza C, priceInPence=2500], Pizza[name=Pizza B, priceInPence=2400], Pizza[name=Pizza B, priceInPence=2400]]
PriceTotalInPence: 68100
 -- Credit card info 
CreditCardNumber: 0000000000000000
CCV: 222
ExpiryDate: 03/28
]]></system-err>
  </testcase>
  <testcase name="test5PlusPizzasInOneOrder" classname="uk.ac.ed.inf.OrderValidatorTest" time="0">
    <system-err><![CDATA[
 -- Order info 
OrderValidationCode: MAX_PIZZA_COUNT_EXCEEDED
OrderStatus: INVALID
OrderNo: 25134C0B
Order Contents: [Pizza[name=Pizza C, priceInPence=2500], Pizza[name=Pizza A, priceInPence=2300], Pizza[name=Pizza C, priceInPence=2500], Pizza[name=Pizza A, priceInPence=2300], Pizza[name=Pizza B, priceInPence=2400], Pizza[name=Pizza C, priceInPence=2500], Pizza[name=Pizza B, priceInPence=2400], Pizza[name=Pizza B, priceInPence=2400], Pizza[name=Pizza B, priceInPence=2400], Pizza[name=Pizza A, priceInPence=2300], Pizza[name=Pizza B, priceInPence=2400], Pizza[name=Pizza C, priceInPence=2500], Pizza[name=Pizza B, priceInPence=2400], Pizza[name=Pizza A, priceInPence=2300], Pizza[name=Pizza B, priceInPence=2400], Pizza[name=Pizza A, priceInPence=2300], Pizza[name=Pizza C, priceInPence=2500], Pizza[name=Pizza A, priceInPence=2300], Pizza[name=Pizza C, priceInPence=2500], Pizza[name=Pizza A, priceInPence=2300], Pizza[name=Pizza B, priceInPence=2400], Pizza[name=Pizza B, priceInPence=2400], Pizza[name=Pizza C, priceInPence=2500], Pizza[name=Pizza B, priceInPence=2400], Pizza[name=Pizza A, priceInPence=2300], Pizza[name=Pizza C, priceInPence=2500], Pizza[name=Pizza A, priceInPence=2300], Pizza[name=Pizza C, priceInPence=2500], Pizza[name=Pizza A, priceInPence=2300], Pizza[name=Pizza B, priceInPence=2400], Pizza[name=Pizza B, priceInPence=2400], Pizza[name=Pizza B, priceInPence=2400], Pizza[name=Pizza B, priceInPence=2400], Pizza[name=Pizza B, priceInPence=2400], Pizza[name=Pizza B, priceInPence=2400], Pizza[name=Pizza C, priceInPence=2500], Pizza[name=Pizza B, priceInPence=2400], Pizza[name=Pizza C, priceInPence=2500], Pizza[name=Pizza C, priceInPence=2500], Pizza[name=Pizza B, priceInPence=2400], Pizza[name=Pizza A, priceInPence=2300], Pizza[name=Pizza A, priceInPence=2300], Pizza[name=Pizza C, priceInPence=2500], Pizza[name=Pizza A, priceInPence=2300], Pizza[name=Pizza C, priceInPence=2500], Pizza[name=Pizza C, priceInPence=2500], Pizza[name=Pizza C, priceInPence=2500], Pizza[name=Pizza C, priceInPence=2500], Pizza[name=Pizza A, priceInPence=2300], Pizza[name=Pizza A, priceInPence=2300], Pizza[name=Pizza C, priceInPence=2500], Pizza[name=Pizza C, priceInPence=2500], Pizza[name=Pizza B, priceInPence=2400], Pizza[name=Pizza C, priceInPence=2500], Pizza[name=Pizza C, priceInPence=2500], Pizza[name=Pizza A, priceInPence=2300], Pizza[name=Pizza A, priceInPence=2300], Pizza[name=Pizza A, priceInPence=2300], Pizza[name=Pizza B, priceInPence=2400], Pizza[name=Pizza B, priceInPence=2400], Pizza[name=Pizza A, priceInPence=2300], Pizza[name=Pizza A, priceInPence=2300], Pizza[name=Pizza A, priceInPence=2300], Pizza[name=Pizza C, priceInPence=2500], Pizza[name=Pizza C, priceInPence=2500], Pizza[name=Pizza C, priceInPence=2500], Pizza[name=Pizza A, priceInPence=2300], Pizza[name=Pizza A, priceInPence=2300], Pizza[name=Pizza B, priceInPence=2400], Pizza[name=Pizza C, priceInPence=2500], Pizza[name=Pizza C, priceInPence=2500], Pizza[name=Pizza B, priceInPence=2400], Pizza[name=Pizza B, priceInPence=2400], Pizza[name=Pizza C, priceInPence=2500], Pizza[name=Pizza B, priceInPence=2400], Pizza[name=Pizza A, priceInPence=2300], Pizza[name=Pizza B, priceInPence=2400], Pizza[name=Pizza C, priceInPence=2500], Pizza[name=Pizza A, priceInPence=2300], Pizza[name=Pizza C, priceInPence=2500], Pizza[name=Pizza C, priceInPence=2500], Pizza[name=Pizza C, priceInPence=2500], Pizza[name=Pizza B, priceInPence=2400], Pizza[name=Pizza B, priceInPence=2400], Pizza[name=Pizza C, priceInPence=2500], Pizza[name=Pizza C, priceInPence=2500], Pizza[name=Pizza B, priceInPence=2400], Pizza[name=Pizza B, priceInPence=2400], Pizza[name=Pizza A, priceInPence=2300], Pizza[name=Pizza C, priceInPence=2500], Pizza[name=Pizza B, priceInPence=2400], Pizza[name=Pizza A, priceInPence=2300], Pizza[name=Pizza B, priceInPence=2400], Pizza[name=Pizza B, priceInPence=2400]]
PriceTotalInPence: 226400
 -- Credit card info 
CreditCardNumber: 0000000000000000
CCV: 222
ExpiryDate: 08/28
]]></system-err>
  </testcase>
  <testcase name="testCreditCardCVVNumbers" classname="uk.ac.ed.inf.OrderValidatorTest" time="0">
    <system-err><![CDATA[
 -- Order info 
OrderValidationCode: CVV_INVALID
OrderStatus: INVALID
OrderNo: 33DB311E
Order Contents: [Pizza[name=Pizza A, priceInPence=2300]]
PriceTotalInPence: 2400
 -- Credit card info 
CreditCardNumber: 0000000000000000
CCV: 0844239634
ExpiryDate: 02/27
]]></system-err>
  </testcase>
  <testcase name="testCreditCardCVVNumbers" classname="uk.ac.ed.inf.OrderValidatorTest" time="0">
    <system-err><![CDATA[
 -- Order info 
OrderValidationCode: CVV_INVALID
OrderStatus: INVALID
OrderNo: 6E264AEF
Order Contents: [Pizza[name=Pizza A, priceInPence=2300]]
PriceTotalInPence: 2400
 -- Credit card info 
CreditCardNumber: 0000000000000000
CCV: 747981730860185879109105467993388
ExpiryDate: 05/29
]]></system-err>
  </testcase>
  <testcase name="testCreditCardCVVNumbers" classname="uk.ac.ed.inf.OrderValidatorTest" time="0">
    <system-err><![CDATA[
 -- Order info 
OrderValidationCode: CVV_INVALID
OrderStatus: INVALID
OrderNo: 0A845D7E
Order Contents: [Pizza[name=Pizza A, priceInPence=2300]]
PriceTotalInPence: 2400
 -- Credit card info 
CreditCardNumber: 0000000000000000
CCV: 553867432333230401747305186751661701445387274977652718897803649980963812720754602
ExpiryDate: 11/27
]]></system-err>
  </testcase>
  <testcase name="testCreditCardCVVNumbers" classname="uk.ac.ed.inf.OrderValidatorTest" time="0">
    <system-err><![CDATA[
 -- Order info 
OrderValidationCode: CVV_INVALID
OrderStatus: INVALID
OrderNo: 289CE736
Order Contents: [Pizza[name=Pizza A, priceInPence=2300]]
PriceTotalInPence: 2400
 -- Credit card info 
CreditCardNumber: 0000000000000000
CCV: 301403894950378577225244467505419076963
ExpiryDate: 02/28
]]></system-err>
  </testcase>
  <testcase name="testCreditCardCVVNumbers" classname="uk.ac.ed.inf.OrderValidatorTest" time="0">
    <system-err><![CDATA[
 -- Order info 
OrderValidationCode: CVV_INVALID
OrderStatus: INVALID
OrderNo: 65C58392
Order Contents: [Pizza[name=Pizza C, priceInPence=2500]]
PriceTotalInPence: 2600
 -- Credit card info 
CreditCardNumber: 0000000000000000
CCV: 32575916251146982434931
ExpiryDate: 03/24
]]></system-err>
  </testcase>
  <testcase name="testCreditCardCVVNumbers" classname="uk.ac.ed.inf.OrderValidatorTest" time="0">
    <system-err><![CDATA[
 -- Order info 
OrderValidationCode: CVV_INVALID
OrderStatus: INVALID
OrderNo: 78B0C641
Order Contents: [Pizza[name=Pizza C, priceInPence=2500]]
PriceTotalInPence: 2600
 -- Credit card info 
CreditCardNumber: 0000000000000000
CCV: 70757798666
ExpiryDate: 11/29
]]></system-err>
  </testcase>
  <testcase name="testCreditCardCVVNumbers" classname="uk.ac.ed.inf.OrderValidatorTest" time="0">
    <system-err><![CDATA[
 -- Order info 
OrderValidationCode: CVV_INVALID
OrderStatus: INVALID
OrderNo: 7CA2FA20
Order Contents: [Pizza[name=Pizza A, priceInPence=2300]]
PriceTotalInPence: 2400
 -- Credit card info 
CreditCardNumber: 0000000000000000
CCV: 90861864204390
ExpiryDate: 10/25
]]></system-err>
  </testcase>
  <testcase name="testCreditCardCVVNumbers" classname="uk.ac.ed.inf.OrderValidatorTest" time="0">
    <system-err><![CDATA[
 -- Order info 
OrderValidationCode: CVV_INVALID
OrderStatus: INVALID
OrderNo: 7BE999E5
Order Contents: [Pizza[name=Pizza B, priceInPence=2400]]
PriceTotalInPence: 2500
 -- Credit card info 
CreditCardNumber: 0000000000000000
CCV: 1324694407345838747040005618394962657712533836
ExpiryDate: 04/26
]]></system-err>
  </testcase>
  <testcase name="testCreditCardCVVNumbers" classname="uk.ac.ed.inf.OrderValidatorTest" time="0">
    <system-err><![CDATA[
 -- Order info 
OrderValidationCode: CVV_INVALID
OrderStatus: INVALID
OrderNo: 32C9F4A5
Order Contents: [Pizza[name=Pizza A, priceInPence=2300]]
PriceTotalInPence: 2400
 -- Credit card info 
CreditCardNumber: 0000000000000000
CCV: 098609690564095326021320224422580116630
ExpiryDate: 07/27
]]></system-err>
  </testcase>
  <testcase name="testCreditCardCVVNumbers" classname="uk.ac.ed.inf.OrderValidatorTest" time="0">
    <system-err><![CDATA[
 -- Order info 
OrderValidationCode: CVV_INVALID
OrderStatus: INVALID
OrderNo: 31DC77B6
Order Contents: [Pizza[name=Pizza C, priceInPence=2500]]
PriceTotalInPence: 2600
 -- Credit card info 
CreditCardNumber: 0000000000000000
CCV: 892631056651240375423111635960124706509993970137173072781563530555298918576095406375409786342624
ExpiryDate: 01/28
]]></system-err>
  </testcase>
  <testcase name="testCreditCardCVVNumbers" classname="uk.ac.ed.inf.OrderValidatorTest" time="0">
    <system-err><![CDATA[
 -- Order info 
OrderValidationCode: CVV_INVALID
OrderStatus: INVALID
OrderNo: 23A761A4
Order Contents: [Pizza[name=Pizza C, priceInPence=2500]]
PriceTotalInPence: 2600
 -- Credit card info 
CreditCardNumber: 0000000000000000
CCV: 923315881041279240518469746790355437281827049504
ExpiryDate: 08/28
]]></system-err>
  </testcase>
  <testcase name="testCreditCardCVVNumbers" classname="uk.ac.ed.inf.OrderValidatorTest" time="0">
    <system-err><![CDATA[
 -- Order info 
OrderValidationCode: CVV_INVALID
OrderStatus: INVALID
OrderNo: 162AD668
Order Contents: [Pizza[name=Pizza A, priceInPence=2300]]
PriceTotalInPence: 2400
 -- Credit card info 
CreditCardNumber: 0000000000000000
CCV: 853187014274546864411802497185215
ExpiryDate: 07/28
]]></system-err>
  </testcase>
  <testcase name="testCreditCardCVVNumbers" classname="uk.ac.ed.inf.OrderValidatorTest" time="0">
    <system-err><![CDATA[
 -- Order info 
OrderValidationCode: CVV_INVALID
OrderStatus: INVALID
OrderNo: 1E6B6279
Order Contents: [Pizza[name=Pizza B, priceInPence=2400]]
PriceTotalInPence: 2500
 -- Credit card info 
CreditCardNumber: 0000000000000000
CCV: 928727746
ExpiryDate: 01/26
]]></system-err>
  </testcase>
  <testcase name="testCreditCardCVVNumbers" classname="uk.ac.ed.inf.OrderValidatorTest" time="0">
    <system-err><![CDATA[
 -- Order info 
OrderValidationCode: CVV_INVALID
OrderStatus: INVALID
OrderNo: 774D8A37
Order Contents: [Pizza[name=Pizza C, priceInPence=2500]]
PriceTotalInPence: 2600
 -- Credit card info 
CreditCardNumber: 0000000000000000
CCV: 814148899303919783
ExpiryDate: 03/28
]]></system-err>
  </testcase>
  <testcase name="testCreditCardCVVNumbers" classname="uk.ac.ed.inf.OrderValidatorTest" time="0">
    <system-err><![CDATA[
 -- Order info 
OrderValidationCode: CVV_INVALID
OrderStatus: INVALID
OrderNo: 08F9539B
Order Contents: [Pizza[name=Pizza B, priceInPence=2400]]
PriceTotalInPence: 2500
 -- Credit card info 
CreditCardNumber: 0000000000000000
CCV: 7359132927504
ExpiryDate: 05/24
]]></system-err>
  </testcase>
  <testcase name="testCreditCardCVVNumbers" classname="uk.ac.ed.inf.OrderValidatorTest" time="0.016">
    <system-err><![CDATA[
 -- Order info 
OrderValidationCode: CVV_INVALID
OrderStatus: INVALID
OrderNo: 1475D2D6
Order Contents: [Pizza[name=Pizza B, priceInPence=2400]]
PriceTotalInPence: 2500
 -- Credit card info 
CreditCardNumber: 0000000000000000
CCV: 1104488166232286441021005595013421286598325612624655764573916
ExpiryDate: 07/24
]]></system-err>
  </testcase>
  <testcase name="testCreditCardCVVNumbers" classname="uk.ac.ed.inf.OrderValidatorTest" time="0">
    <system-err><![CDATA[
 -- Order info 
OrderValidationCode: CVV_INVALID
OrderStatus: INVALID
OrderNo: 1F1993B1
Order Contents: [Pizza[name=Pizza B, priceInPence=2400]]
PriceTotalInPence: 2500
 -- Credit card info 
CreditCardNumber: 0000000000000000
CCV: 3463240910096548149815434858262831773173767870396
ExpiryDate: 11/24
]]></system-err>
  </testcase>
  <testcase name="testCreditCardCVVNumbers" classname="uk.ac.ed.inf.OrderValidatorTest" time="0">
    <system-err><![CDATA[
 -- Order info 
OrderValidationCode: CVV_INVALID
OrderStatus: INVALID
OrderNo: 4806CD7E
Order Contents: [Pizza[name=Pizza B, priceInPence=2400]]
PriceTotalInPence: 2500
 -- Credit card info 
CreditCardNumber: 0000000000000000
CCV: 9304027892276169331328528748282663090964458891214307329147206785847
ExpiryDate: 08/25
]]></system-err>
  </testcase>
  <testcase name="testCreditCardCVVNumbers" classname="uk.ac.ed.inf.OrderValidatorTest" time="0">
    <system-err><![CDATA[
 -- Order info 
OrderValidationCode: CVV_INVALID
OrderStatus: INVALID
OrderNo: 72415785
Order Contents: [Pizza[name=Pizza A, priceInPence=2300]]
PriceTotalInPence: 2400
 -- Credit card info 
CreditCardNumber: 0000000000000000
CCV: 9431260487676527054390
ExpiryDate: 04/27
]]></system-err>
  </testcase>
  <testcase name="testCreditCardCVVNumbers" classname="uk.ac.ed.inf.OrderValidatorTest" time="0">
    <system-err><![CDATA[
 -- Order info 
OrderValidationCode: CVV_INVALID
OrderStatus: INVALID
OrderNo: 35E8DA8E
Order Contents: [Pizza[name=Pizza C, priceInPence=2500]]
PriceTotalInPence: 2600
 -- Credit card info 
CreditCardNumber: 0000000000000000
CCV: 09
ExpiryDate: 04/27
]]></system-err>
  </testcase>
  <testcase name="testCreditCardCVVNumbers" classname="uk.ac.ed.inf.OrderValidatorTest" time="0">
    <system-err><![CDATA[
 -- Order info 
OrderValidationCode: CVV_INVALID
OrderStatus: INVALID
OrderNo: 323E2691
Order Contents: [Pizza[name=Pizza B, priceInPence=2400]]
PriceTotalInPence: 2500
 -- Credit card info 
CreditCardNumber: 0000000000000000
CCV: 3603860374438411
ExpiryDate: 11/28
]]></system-err>
  </testcase>
  <testcase name="testCreditCardCVVNumbers" classname="uk.ac.ed.inf.OrderValidatorTest" time="0">
    <system-err><![CDATA[
 -- Order info 
OrderValidationCode: CVV_INVALID
OrderStatus: INVALID
OrderNo: 6AEFFECA
Order Contents: [Pizza[name=Pizza C, priceInPence=2500]]
PriceTotalInPence: 2600
 -- Credit card info 
CreditCardNumber: 0000000000000000
CCV: 66580122918308290279766937976192922843652701044290088147296168799
ExpiryDate: 11/24
]]></system-err>
  </testcase>
  <testcase name="testCreditCardCVVNumbers" classname="uk.ac.ed.inf.OrderValidatorTest" time="0">
    <system-err><![CDATA[
 -- Order info 
OrderValidationCode: CVV_INVALID
OrderStatus: INVALID
OrderNo: 561B1C71
Order Contents: [Pizza[name=Pizza A, priceInPence=2300]]
PriceTotalInPence: 2400
 -- Credit card info 
CreditCardNumber: 0000000000000000
CCV: 644791101622413122708
ExpiryDate: 01/25
]]></system-err>
  </testcase>
  <testcase name="testCreditCardCVVNumbers" classname="uk.ac.ed.inf.OrderValidatorTest" time="0">
    <system-err><![CDATA[
 -- Order info 
OrderValidationCode: CVV_INVALID
OrderStatus: INVALID
OrderNo: 5DF095AD
Order Contents: [Pizza[name=Pizza B, priceInPence=2400]]
PriceTotalInPence: 2500
 -- Credit card info 
CreditCardNumber: 0000000000000000
CCV: 45080526619771053438663238132306568702
ExpiryDate: 09/27
]]></system-err>
  </testcase>
  <testcase name="testCreditCardCVVNumbers" classname="uk.ac.ed.inf.OrderValidatorTest" time="0">
    <system-err><![CDATA[
 -- Order info 
OrderValidationCode: CVV_INVALID
OrderStatus: INVALID
OrderNo: 70B6E0D2
Order Contents: [Pizza[name=Pizza A, priceInPence=2300]]
PriceTotalInPence: 2400
 -- Credit card info 
CreditCardNumber: 0000000000000000
CCV: 9654157685808091777
ExpiryDate: 04/27
]]></system-err>
  </testcase>
  <testcase name="testCreditCardCVVNumbers" classname="uk.ac.ed.inf.OrderValidatorTest" time="0">
    <system-err><![CDATA[
 -- Order info 
OrderValidationCode: CVV_INVALID
OrderStatus: INVALID
OrderNo: 7C344021
Order Contents: [Pizza[name=Pizza A, priceInPence=2300]]
PriceTotalInPence: 2400
 -- Credit card info 
CreditCardNumber: 0000000000000000
CCV: 7720888543931441862716499275241660561379189163825843013604222221558239
ExpiryDate: 07/24
]]></system-err>
  </testcase>
  <testcase name="testCreditCardCVVNumbers" classname="uk.ac.ed.inf.OrderValidatorTest" time="0">
    <system-err><![CDATA[
 -- Order info 
OrderValidationCode: CVV_INVALID
OrderStatus: INVALID
OrderNo: 740D4449
Order Contents: [Pizza[name=Pizza A, priceInPence=2300]]
PriceTotalInPence: 2400
 -- Credit card info 
CreditCardNumber: 0000000000000000
CCV: 6936929314379019737134231224224014573405295
ExpiryDate: 04/25
]]></system-err>
  </testcase>
  <testcase name="testCreditCardCVVNumbers" classname="uk.ac.ed.inf.OrderValidatorTest" time="0">
    <system-err><![CDATA[
 -- Order info 
OrderValidationCode: CVV_INVALID
OrderStatus: INVALID
OrderNo: 60D685B3
Order Contents: [Pizza[name=Pizza C, priceInPence=2500]]
PriceTotalInPence: 2600
 -- Credit card info 
CreditCardNumber: 0000000000000000
CCV: 4653525557809195161746741516730186201172251259474970425603112235491611558324762
ExpiryDate: 11/29
]]></system-err>
  </testcase>
  <testcase name="testCreditCardCVVNumbers" classname="uk.ac.ed.inf.OrderValidatorTest" time="0">
    <system-err><![CDATA[
 -- Order info 
OrderValidationCode: CVV_INVALID
OrderStatus: INVALID
OrderNo: 351843D9
Order Contents: [Pizza[name=Pizza A, priceInPence=2300]]
PriceTotalInPence: 2400
 -- Credit card info 
CreditCardNumber: 0000000000000000
CCV: 93933664953076365219964738462455408390661077416519265669680830262694707175825479033602341418427
ExpiryDate: 10/25
]]></system-err>
  </testcase>
  <testcase name="testCreditCardCVVNumbers" classname="uk.ac.ed.inf.OrderValidatorTest" time="0">
    <system-err><![CDATA[
 -- Order info 
OrderValidationCode: CVV_INVALID
OrderStatus: INVALID
OrderNo: 24619055
Order Contents: [Pizza[name=Pizza C, priceInPence=2500]]
PriceTotalInPence: 2600
 -- Credit card info 
CreditCardNumber: 0000000000000000
CCV: 8315354843
ExpiryDate: 06/29
]]></system-err>
  </testcase>
  <testcase name="testCreditCardCVVNumbers" classname="uk.ac.ed.inf.OrderValidatorTest" time="0">
    <system-err><![CDATA[
 -- Order info 
OrderValidationCode: CVV_INVALID
OrderStatus: INVALID
OrderNo: 467BCA5F
Order Contents: [Pizza[name=Pizza B, priceInPence=2400]]
PriceTotalInPence: 2500
 -- Credit card info 
CreditCardNumber: 0000000000000000
CCV: 3
ExpiryDate: 01/27
]]></system-err>
  </testcase>
  <testcase name="testCreditCardCVVNumbers" classname="uk.ac.ed.inf.OrderValidatorTest" time="0">
    <system-err><![CDATA[
 -- Order info 
OrderValidationCode: CVV_INVALID
OrderStatus: INVALID
OrderNo: 3D693FED
Order Contents: [Pizza[name=Pizza A, priceInPence=2300]]
PriceTotalInPence: 2400
 -- Credit card info 
CreditCardNumber: 0000000000000000
CCV: 92279055065776492309051015218492643121682389327554191005430192
ExpiryDate: 03/29
]]></system-err>
  </testcase>
  <testcase name="testCreditCardCVVNumbers" classname="uk.ac.ed.inf.OrderValidatorTest" time="0">
    <system-err><![CDATA[
 -- Order info 
OrderValidationCode: CVV_INVALID
OrderStatus: INVALID
OrderNo: 4934C01D
Order Contents: [Pizza[name=Pizza A, priceInPence=2300]]
PriceTotalInPence: 2400
 -- Credit card info 
CreditCardNumber: 0000000000000000
CCV: 3092649416163329399340180780261091434145114010769097125078495281911487023643054334497
ExpiryDate: 04/29
]]></system-err>
  </testcase>
  <testcase name="testCreditCardCVVNumbers" classname="uk.ac.ed.inf.OrderValidatorTest" time="0">
    <system-err><![CDATA[
 -- Order info 
OrderValidationCode: CVV_INVALID
OrderStatus: INVALID
OrderNo: 3BDD5A87
Order Contents: [Pizza[name=Pizza C, priceInPence=2500]]
PriceTotalInPence: 2600
 -- Credit card info 
CreditCardNumber: 0000000000000000
CCV: 612595442001215947503696780453
ExpiryDate: 04/28
]]></system-err>
  </testcase>
  <testcase name="testCreditCardCVVNumbers" classname="uk.ac.ed.inf.OrderValidatorTest" time="0">
    <system-err><![CDATA[
 -- Order info 
OrderValidationCode: CVV_INVALID
OrderStatus: INVALID
OrderNo: 73F73BAC
Order Contents: [Pizza[name=Pizza B, priceInPence=2400]]
PriceTotalInPence: 2500
 -- Credit card info 
CreditCardNumber: 0000000000000000
CCV: 28785588247011569533785857
ExpiryDate: 10/26
]]></system-err>
  </testcase>
  <testcase name="testCreditCardCVVNumbers" classname="uk.ac.ed.inf.OrderValidatorTest" time="0">
    <system-err><![CDATA[
 -- Order info 
OrderValidationCode: CVV_INVALID
OrderStatus: INVALID
OrderNo: 098BC448
Order Contents: [Pizza[name=Pizza A, priceInPence=2300]]
PriceTotalInPence: 2400
 -- Credit card info 
CreditCardNumber: 0000000000000000
CCV: 8210816762088513916091055091026
ExpiryDate: 01/24
]]></system-err>
  </testcase>
  <testcase name="testCreditCardCVVNumbers" classname="uk.ac.ed.inf.OrderValidatorTest" time="0">
    <system-err><![CDATA[
 -- Order info 
OrderValidationCode: CVV_INVALID
OrderStatus: INVALID
OrderNo: 74123FCD
Order Contents: [Pizza[name=Pizza B, priceInPence=2400]]
PriceTotalInPence: 2500
 -- Credit card info 
CreditCardNumber: 0000000000000000
CCV: 180700042491442186358460085164388948167020261247106183085148298089
ExpiryDate: 02/27
]]></system-err>
  </testcase>
  <testcase name="testCreditCardCVVNumbers" classname="uk.ac.ed.inf.OrderValidatorTest" time="0">
    <system-err><![CDATA[
 -- Order info 
OrderValidationCode: CVV_INVALID
OrderStatus: INVALID
OrderNo: 6E757D4D
Order Contents: [Pizza[name=Pizza A, priceInPence=2300]]
PriceTotalInPence: 2400
 -- Credit card info 
CreditCardNumber: 0000000000000000
CCV: 440868687494349532356036985091130107994157
ExpiryDate: 08/28
]]></system-err>
  </testcase>
  <testcase name="testCreditCardCVVNumbers" classname="uk.ac.ed.inf.OrderValidatorTest" time="0">
    <system-err><![CDATA[
 -- Order info 
OrderValidationCode: CVV_INVALID
OrderStatus: INVALID
OrderNo: 17354783
Order Contents: [Pizza[name=Pizza B, priceInPence=2400]]
PriceTotalInPence: 2500
 -- Credit card info 
CreditCardNumber: 0000000000000000
CCV: 98484863325994158511338047070784882352951439044835878801425516077988560
ExpiryDate: 03/25
]]></system-err>
  </testcase>
  <testcase name="testCreditCardCVVNumbers" classname="uk.ac.ed.inf.OrderValidatorTest" time="0">
    <system-err><![CDATA[
 -- Order info 
OrderValidationCode: CVV_INVALID
OrderStatus: INVALID
OrderNo: 0ADC092D
Order Contents: [Pizza[name=Pizza B, priceInPence=2400]]
PriceTotalInPence: 2500
 -- Credit card info 
CreditCardNumber: 0000000000000000
CCV: 3013723704596240323033983742090424977939673743281726420444739329495930988
ExpiryDate: 03/28
]]></system-err>
  </testcase>
  <testcase name="testCreditCardCVVNumbers" classname="uk.ac.ed.inf.OrderValidatorTest" time="0">
    <system-err><![CDATA[
 -- Order info 
OrderValidationCode: CVV_INVALID
OrderStatus: INVALID
OrderNo: 26282FA5
Order Contents: [Pizza[name=Pizza A, priceInPence=2300]]
PriceTotalInPence: 2400
 -- Credit card info 
CreditCardNumber: 0000000000000000
CCV: 684882788792295837879721903258384258060549401882922125696051160962566540243586
ExpiryDate: 02/29
]]></system-err>
  </testcase>
  <testcase name="testCreditCardCVVNumbers" classname="uk.ac.ed.inf.OrderValidatorTest" time="0">
    <system-err><![CDATA[
 -- Order info 
OrderValidationCode: CVV_INVALID
OrderStatus: INVALID
OrderNo: 19943243
Order Contents: [Pizza[name=Pizza B, priceInPence=2400]]
PriceTotalInPence: 2500
 -- Credit card info 
CreditCardNumber: 0000000000000000
CCV: 6163423503196850298936
ExpiryDate: 03/28
]]></system-err>
  </testcase>
  <testcase name="testCreditCardCVVNumbers" classname="uk.ac.ed.inf.OrderValidatorTest" time="0">
    <system-err><![CDATA[
 -- Order info 
OrderValidationCode: CVV_INVALID
OrderStatus: INVALID
OrderNo: 5371E8E5
Order Contents: [Pizza[name=Pizza A, priceInPence=2300]]
PriceTotalInPence: 2400
 -- Credit card info 
CreditCardNumber: 0000000000000000
CCV: 6757851948582878712290568
ExpiryDate: 05/29
]]></system-err>
  </testcase>
  <testcase name="testCreditCardCVVNumbers" classname="uk.ac.ed.inf.OrderValidatorTest" time="0">
    <system-err><![CDATA[
 -- Order info 
OrderValidationCode: CVV_INVALID
OrderStatus: INVALID
OrderNo: 21B58CAC
Order Contents: [Pizza[name=Pizza A, priceInPence=2300]]
PriceTotalInPence: 2400
 -- Credit card info 
CreditCardNumber: 0000000000000000
CCV: 52555904997192920582519219916088899583962381309215554404833335712110332151531467601776936
ExpiryDate: 10/25
]]></system-err>
  </testcase>
  <testcase name="testCreditCardCVVNumbers" classname="uk.ac.ed.inf.OrderValidatorTest" time="0">
    <system-err><![CDATA[
 -- Order info 
OrderValidationCode: CVV_INVALID
OrderStatus: INVALID
OrderNo: 31812598
Order Contents: [Pizza[name=Pizza A, priceInPence=2300]]
PriceTotalInPence: 2400
 -- Credit card info 
CreditCardNumber: 0000000000000000
CCV: 55381942978
ExpiryDate: 02/27
]]></system-err>
  </testcase>
  <testcase name="testCreditCardCVVNumbers" classname="uk.ac.ed.inf.OrderValidatorTest" time="0">
    <system-err><![CDATA[
 -- Order info 
OrderValidationCode: CVV_INVALID
OrderStatus: INVALID
OrderNo: 295899C9
Order Contents: [Pizza[name=Pizza A, priceInPence=2300]]
PriceTotalInPence: 2400
 -- Credit card info 
CreditCardNumber: 0000000000000000
CCV: 07976936153685341548397430503515308919653695481490
ExpiryDate: 07/26
]]></system-err>
  </testcase>
  <testcase name="testCreditCardCVVNumbers" classname="uk.ac.ed.inf.OrderValidatorTest" time="0">
    <system-err><![CDATA[
 -- Order info 
OrderValidationCode: CVV_INVALID
OrderStatus: INVALID
OrderNo: 493996FB
Order Contents: [Pizza[name=Pizza C, priceInPence=2500]]
PriceTotalInPence: 2600
 -- Credit card info 
CreditCardNumber: 0000000000000000
CCV: 02803
ExpiryDate: 01/25
]]></system-err>
  </testcase>
  <testcase name="testCreditCardCVVNumbers" classname="uk.ac.ed.inf.OrderValidatorTest" time="0">
    <system-err><![CDATA[
 -- Order info 
OrderValidationCode: CVV_INVALID
OrderStatus: INVALID
OrderNo: 1FF5016C
Order Contents: [Pizza[name=Pizza A, priceInPence=2300]]
PriceTotalInPence: 2400
 -- Credit card info 
CreditCardNumber: 0000000000000000
CCV: 43476400225123268483
ExpiryDate: 09/26
]]></system-err>
  </testcase>
  <testcase name="testCreditCardCVVNumbers" classname="uk.ac.ed.inf.OrderValidatorTest" time="0">
    <system-err><![CDATA[
 -- Order info 
OrderValidationCode: CVV_INVALID
OrderStatus: INVALID
OrderNo: 12BDE386
Order Contents: [Pizza[name=Pizza A, priceInPence=2300]]
PriceTotalInPence: 2400
 -- Credit card info 
CreditCardNumber: 0000000000000000
CCV: 858514718365005798402838430178956072306795601898710646328322648853322467679725531308856162379669758
ExpiryDate: 09/29
]]></system-err>
  </testcase>
  <testcase name="testCreditCardCVVNumbers" classname="uk.ac.ed.inf.OrderValidatorTest" time="0">
    <system-err><![CDATA[
 -- Order info 
OrderValidationCode: CVV_INVALID
OrderStatus: INVALID
OrderNo: 66F472C0
Order Contents: [Pizza[name=Pizza A, priceInPence=2300]]
PriceTotalInPence: 2400
 -- Credit card info 
CreditCardNumber: 0000000000000000
CCV: 7661078751705868742249483647517785206727
ExpiryDate: 03/24
]]></system-err>
  </testcase>
  <testcase name="testCreditCardCVVNumbers" classname="uk.ac.ed.inf.OrderValidatorTest" time="0">
    <system-err><![CDATA[
 -- Order info 
OrderValidationCode: CVV_INVALID
OrderStatus: INVALID
OrderNo: 46EE5779
Order Contents: [Pizza[name=Pizza C, priceInPence=2500]]
PriceTotalInPence: 2600
 -- Credit card info 
CreditCardNumber: 0000000000000000
CCV: 
ExpiryDate: 02/28
]]></system-err>
  </testcase>
  <testcase name="testCreditCardCVVNumbers" classname="uk.ac.ed.inf.OrderValidatorTest" time="0">
    <system-err><![CDATA[
 -- Order info 
OrderValidationCode: CVV_INVALID
OrderStatus: INVALID
OrderNo: 70FEE25A
Order Contents: [Pizza[name=Pizza C, priceInPence=2500]]
PriceTotalInPence: 2600
 -- Credit card info 
CreditCardNumber: 0000000000000000
CCV: 53975649154133881705656899256437658068770935783730146913782917664271494431
ExpiryDate: 07/28
]]></system-err>
  </testcase>
  <testcase name="testCreditCardCVVNumbers" classname="uk.ac.ed.inf.OrderValidatorTest" time="0">
    <system-err><![CDATA[
 -- Order info 
OrderValidationCode: CVV_INVALID
OrderStatus: INVALID
OrderNo: 22F41CC4
Order Contents: [Pizza[name=Pizza C, priceInPence=2500]]
PriceTotalInPence: 2600
 -- Credit card info 
CreditCardNumber: 0000000000000000
CCV: 8009273215672449122936737632418545206519461792757880957830800618720690678936895383590584968026
ExpiryDate: 06/25
]]></system-err>
  </testcase>
  <testcase name="testCreditCardCVVNumbers" classname="uk.ac.ed.inf.OrderValidatorTest" time="0">
    <system-err><![CDATA[
 -- Order info 
OrderValidationCode: CVV_INVALID
OrderStatus: INVALID
OrderNo: 2ED1E974
Order Contents: [Pizza[name=Pizza C, priceInPence=2500]]
PriceTotalInPence: 2600
 -- Credit card info 
CreditCardNumber: 0000000000000000
CCV: 408131635025423546956695083362
ExpiryDate: 11/29
]]></system-err>
  </testcase>
  <testcase name="testCreditCardCVVNumbers" classname="uk.ac.ed.inf.OrderValidatorTest" time="0">
    <system-err><![CDATA[
 -- Order info 
OrderValidationCode: CVV_INVALID
OrderStatus: INVALID
OrderNo: 324F6670
Order Contents: [Pizza[name=Pizza B, priceInPence=2400]]
PriceTotalInPence: 2500
 -- Credit card info 
CreditCardNumber: 0000000000000000
CCV: 669000681812191822796172113804617783317000134272242053
ExpiryDate: 02/29
]]></system-err>
  </testcase>
  <testcase name="testCreditCardCVVNumbers" classname="uk.ac.ed.inf.OrderValidatorTest" time="0">
    <system-err><![CDATA[
 -- Order info 
OrderValidationCode: CVV_INVALID
OrderStatus: INVALID
OrderNo: 605B9A09
Order Contents: [Pizza[name=Pizza C, priceInPence=2500]]
PriceTotalInPence: 2600
 -- Credit card info 
CreditCardNumber: 0000000000000000
CCV: 077721964579011083949817776234403064189121230
ExpiryDate: 05/28
]]></system-err>
  </testcase>
  <testcase name="testCreditCardCVVNumbers" classname="uk.ac.ed.inf.OrderValidatorTest" time="0">
    <system-err><![CDATA[
 -- Order info 
OrderValidationCode: CVV_INVALID
OrderStatus: INVALID
OrderNo: 487158BD
Order Contents: [Pizza[name=Pizza B, priceInPence=2400]]
PriceTotalInPence: 2500
 -- Credit card info 
CreditCardNumber: 0000000000000000
CCV: 91696265377
ExpiryDate: 09/26
]]></system-err>
  </testcase>
  <testcase name="testCreditCardCVVNumbers" classname="uk.ac.ed.inf.OrderValidatorTest" time="0">
    <system-err><![CDATA[
 -- Order info 
OrderValidationCode: CVV_INVALID
OrderStatus: INVALID
OrderNo: 0539F617
Order Contents: [Pizza[name=Pizza C, priceInPence=2500]]
PriceTotalInPence: 2600
 -- Credit card info 
CreditCardNumber: 0000000000000000
CCV: 3587287757217048892925496661248
ExpiryDate: 07/28
]]></system-err>
  </testcase>
  <testcase name="testCreditCardCVVNumbers" classname="uk.ac.ed.inf.OrderValidatorTest" time="0">
    <system-err><![CDATA[
 -- Order info 
OrderValidationCode: CVV_INVALID
OrderStatus: INVALID
OrderNo: 6606DD8B
Order Contents: [Pizza[name=Pizza B, priceInPence=2400]]
PriceTotalInPence: 2500
 -- Credit card info 
CreditCardNumber: 0000000000000000
CCV: 76266489315028025235142278624468120377445260577838847225100789046831185715631759346565631160526162
ExpiryDate: 06/27
]]></system-err>
  </testcase>
  <testcase name="testCreditCardCVVNumbers" classname="uk.ac.ed.inf.OrderValidatorTest" time="0">
    <system-err><![CDATA[
 -- Order info 
OrderValidationCode: CVV_INVALID
OrderStatus: INVALID
OrderNo: 6DDA555F
Order Contents: [Pizza[name=Pizza C, priceInPence=2500]]
PriceTotalInPence: 2600
 -- Credit card info 
CreditCardNumber: 0000000000000000
CCV: 945757971766255264
ExpiryDate: 08/26
]]></system-err>
  </testcase>
  <testcase name="testCreditCardCVVNumbers" classname="uk.ac.ed.inf.OrderValidatorTest" time="0">
    <system-err><![CDATA[
 -- Order info 
OrderValidationCode: CVV_INVALID
OrderStatus: INVALID
OrderNo: 7B0A0A2B
Order Contents: [Pizza[name=Pizza B, priceInPence=2400]]
PriceTotalInPence: 2500
 -- Credit card info 
CreditCardNumber: 0000000000000000
CCV: 940653327205090465269439782140
ExpiryDate: 01/25
]]></system-err>
  </testcase>
  <testcase name="testCreditCardCVVNumbers" classname="uk.ac.ed.inf.OrderValidatorTest" time="0">
    <system-err><![CDATA[
 -- Order info 
OrderValidationCode: CVV_INVALID
OrderStatus: INVALID
OrderNo: 27ED4F42
Order Contents: [Pizza[name=Pizza C, priceInPence=2500]]
PriceTotalInPence: 2600
 -- Credit card info 
CreditCardNumber: 0000000000000000
CCV: 5198408806988924218371075201719969126237731511918680164432462
ExpiryDate: 09/26
]]></system-err>
  </testcase>
  <testcase name="testCreditCardCVVNumbers" classname="uk.ac.ed.inf.OrderValidatorTest" time="0">
    <system-err><![CDATA[
 -- Order info 
OrderValidationCode: CVV_INVALID
OrderStatus: INVALID
OrderNo: 37496399
Order Contents: [Pizza[name=Pizza C, priceInPence=2500]]
PriceTotalInPence: 2600
 -- Credit card info 
CreditCardNumber: 0000000000000000
CCV: 934711273443555127484567257099091035695069
ExpiryDate: 06/24
]]></system-err>
  </testcase>
  <testcase name="testCreditCardCVVNumbers" classname="uk.ac.ed.inf.OrderValidatorTest" time="0">
    <system-err><![CDATA[
 -- Order info 
OrderValidationCode: CVV_INVALID
OrderStatus: INVALID
OrderNo: 379C93C2
Order Contents: [Pizza[name=Pizza B, priceInPence=2400]]
PriceTotalInPence: 2500
 -- Credit card info 
CreditCardNumber: 0000000000000000
CCV: 950388409561582906947940082272331002817446759015043107810075871331381096940
ExpiryDate: 07/24
]]></system-err>
  </testcase>
  <testcase name="testCreditCardCVVNumbers" classname="uk.ac.ed.inf.OrderValidatorTest" time="0">
    <system-err><![CDATA[
 -- Order info 
OrderValidationCode: CVV_INVALID
OrderStatus: INVALID
OrderNo: 70A84AD5
Order Contents: [Pizza[name=Pizza C, priceInPence=2500]]
PriceTotalInPence: 2600
 -- Credit card info 
CreditCardNumber: 0000000000000000
CCV: 422460331194875207995599248205832280
ExpiryDate: 04/25
]]></system-err>
  </testcase>
  <testcase name="testCreditCardCVVNumbers" classname="uk.ac.ed.inf.OrderValidatorTest" time="0">
    <system-err><![CDATA[
 -- Order info 
OrderValidationCode: CVV_INVALID
OrderStatus: INVALID
OrderNo: 31E6CDAF
Order Contents: [Pizza[name=Pizza C, priceInPence=2500]]
PriceTotalInPence: 2600
 -- Credit card info 
CreditCardNumber: 0000000000000000
CCV: 6053312964091197322842874660863839074001011150472624613180143684647259427937386783
ExpiryDate: 07/25
]]></system-err>
  </testcase>
  <testcase name="testCreditCardCVVNumbers" classname="uk.ac.ed.inf.OrderValidatorTest" time="0">
    <system-err><![CDATA[
 -- Order info 
OrderValidationCode: CVV_INVALID
OrderStatus: INVALID
OrderNo: 2A197AF4
Order Contents: [Pizza[name=Pizza B, priceInPence=2400]]
PriceTotalInPence: 2500
 -- Credit card info 
CreditCardNumber: 0000000000000000
CCV: 61032008558768361012608009335687578777401816267116647048915
ExpiryDate: 02/26
]]></system-err>
  </testcase>
  <testcase name="testCreditCardCVVNumbers" classname="uk.ac.ed.inf.OrderValidatorTest" time="0">
    <system-err><![CDATA[
 -- Order info 
OrderValidationCode: CVV_INVALID
OrderStatus: INVALID
OrderNo: 5F71E99E
Order Contents: [Pizza[name=Pizza C, priceInPence=2500]]
PriceTotalInPence: 2600
 -- Credit card info 
CreditCardNumber: 0000000000000000
CCV: 77971297096415249014796878491763003172778724355
ExpiryDate: 11/25
]]></system-err>
  </testcase>
  <testcase name="testCreditCardCVVNumbers" classname="uk.ac.ed.inf.OrderValidatorTest" time="0">
    <system-err><![CDATA[
 -- Order info 
OrderValidationCode: CVV_INVALID
OrderStatus: INVALID
OrderNo: 55076DE0
Order Contents: [Pizza[name=Pizza A, priceInPence=2300]]
PriceTotalInPence: 2400
 -- Credit card info 
CreditCardNumber: 0000000000000000
CCV: 65722278013303407096133558173829566159042214501383366647692223739833710931902072406
ExpiryDate: 11/28
]]></system-err>
  </testcase>
  <testcase name="testCreditCardCVVNumbers" classname="uk.ac.ed.inf.OrderValidatorTest" time="0">
    <system-err><![CDATA[
 -- Order info 
OrderValidationCode: CVV_INVALID
OrderStatus: INVALID
OrderNo: 76FE0499
Order Contents: [Pizza[name=Pizza A, priceInPence=2300]]
PriceTotalInPence: 2400
 -- Credit card info 
CreditCardNumber: 0000000000000000
CCV: 3342599943978067993103298164908
ExpiryDate: 06/26
]]></system-err>
  </testcase>
  <testcase name="testCreditCardCVVNumbers" classname="uk.ac.ed.inf.OrderValidatorTest" time="0">
    <system-err><![CDATA[
 -- Order info 
OrderValidationCode: CVV_INVALID
OrderStatus: INVALID
OrderNo: 20A56FB0
Order Contents: [Pizza[name=Pizza A, priceInPence=2300]]
PriceTotalInPence: 2400
 -- Credit card info 
CreditCardNumber: 0000000000000000
CCV: 18952143105724925773
ExpiryDate: 04/24
]]></system-err>
  </testcase>
  <testcase name="testCreditCardCVVNumbers" classname="uk.ac.ed.inf.OrderValidatorTest" time="0">
    <system-err><![CDATA[
 -- Order info 
OrderValidationCode: CVV_INVALID
OrderStatus: INVALID
OrderNo: 7AD84262
Order Contents: [Pizza[name=Pizza C, priceInPence=2500]]
PriceTotalInPence: 2600
 -- Credit card info 
CreditCardNumber: 0000000000000000
CCV: 58300081835579211870533271501279318217675396875322784762495223381849808
ExpiryDate: 02/29
]]></system-err>
  </testcase>
  <testcase name="testCreditCardCVVNumbers" classname="uk.ac.ed.inf.OrderValidatorTest" time="0">
    <system-err><![CDATA[
 -- Order info 
OrderValidationCode: CVV_INVALID
OrderStatus: INVALID
OrderNo: 24E91131
Order Contents: [Pizza[name=Pizza C, priceInPence=2500]]
PriceTotalInPence: 2600
 -- Credit card info 
CreditCardNumber: 0000000000000000
CCV: 4009868893272467076
ExpiryDate: 01/25
]]></system-err>
  </testcase>
  <testcase name="testCreditCardCVVNumbers" classname="uk.ac.ed.inf.OrderValidatorTest" time="0">
    <system-err><![CDATA[
 -- Order info 
OrderValidationCode: CVV_INVALID
OrderStatus: INVALID
OrderNo: 11EF55C7
Order Contents: [Pizza[name=Pizza C, priceInPence=2500]]
PriceTotalInPence: 2600
 -- Credit card info 
CreditCardNumber: 0000000000000000
CCV: 2143467951841849163113915859666838682300648214853113926997009147179981931431313109
ExpiryDate: 04/24
]]></system-err>
  </testcase>
  <testcase name="testCreditCardCVVNumbers" classname="uk.ac.ed.inf.OrderValidatorTest" time="0">
    <system-err><![CDATA[
 -- Order info 
OrderValidationCode: CVV_INVALID
OrderStatus: INVALID
OrderNo: 6779BBC9
Order Contents: [Pizza[name=Pizza A, priceInPence=2300]]
PriceTotalInPence: 2400
 -- Credit card info 
CreditCardNumber: 0000000000000000
CCV: 6134975541086887391676393827669330709780519486304548941481
ExpiryDate: 10/24
]]></system-err>
  </testcase>
  <testcase name="testCreditCardCVVNumbers" classname="uk.ac.ed.inf.OrderValidatorTest" time="0">
    <system-err><![CDATA[
 -- Order info 
OrderValidationCode: CVV_INVALID
OrderStatus: INVALID
OrderNo: 2E79E1BC
Order Contents: [Pizza[name=Pizza A, priceInPence=2300]]
PriceTotalInPence: 2400
 -- Credit card info 
CreditCardNumber: 0000000000000000
CCV: 38628778521201830081375528561262826256584417
ExpiryDate: 11/26
]]></system-err>
  </testcase>
  <testcase name="testCreditCardCVVNumbers" classname="uk.ac.ed.inf.OrderValidatorTest" time="0">
    <system-err><![CDATA[
 -- Order info 
OrderValidationCode: CVV_INVALID
OrderStatus: INVALID
OrderNo: 58848FBC
Order Contents: [Pizza[name=Pizza A, priceInPence=2300]]
PriceTotalInPence: 2400
 -- Credit card info 
CreditCardNumber: 0000000000000000
CCV: 6915360307277908449301778507213357782873775170
ExpiryDate: 09/29
]]></system-err>
  </testcase>
  <testcase name="testCreditCardCVVNumbers" classname="uk.ac.ed.inf.OrderValidatorTest" time="0">
    <system-err><![CDATA[
 -- Order info 
OrderValidationCode: CVV_INVALID
OrderStatus: INVALID
OrderNo: 2DADD8AB
Order Contents: [Pizza[name=Pizza B, priceInPence=2400]]
PriceTotalInPence: 2500
 -- Credit card info 
CreditCardNumber: 0000000000000000
CCV: 442181204763829212298089
ExpiryDate: 11/26
]]></system-err>
  </testcase>
  <testcase name="testCreditCardCVVNumbers" classname="uk.ac.ed.inf.OrderValidatorTest" time="0">
    <system-err><![CDATA[
 -- Order info 
OrderValidationCode: CVV_INVALID
OrderStatus: INVALID
OrderNo: 6DFD30F1
Order Contents: [Pizza[name=Pizza B, priceInPence=2400]]
PriceTotalInPence: 2500
 -- Credit card info 
CreditCardNumber: 0000000000000000
CCV: 069918619538540076481369478740555952029732001251705238331170958190467023614
ExpiryDate: 06/26
]]></system-err>
  </testcase>
  <testcase name="testCreditCardCVVNumbers" classname="uk.ac.ed.inf.OrderValidatorTest" time="0">
    <system-err><![CDATA[
 -- Order info 
OrderValidationCode: CVV_INVALID
OrderStatus: INVALID
OrderNo: 0E11A9EB
Order Contents: [Pizza[name=Pizza B, priceInPence=2400]]
PriceTotalInPence: 2500
 -- Credit card info 
CreditCardNumber: 0000000000000000
CCV: 149183813641334409516764184015736713254665369287909194714479815597563569192315647231255898958
ExpiryDate: 06/26
]]></system-err>
  </testcase>
  <testcase name="testCreditCardCVVNumbers" classname="uk.ac.ed.inf.OrderValidatorTest" time="0">
    <system-err><![CDATA[
 -- Order info 
OrderValidationCode: CVV_INVALID
OrderStatus: INVALID
OrderNo: 664807FC
Order Contents: [Pizza[name=Pizza B, priceInPence=2400]]
PriceTotalInPence: 2500
 -- Credit card info 
CreditCardNumber: 0000000000000000
CCV: 471052956872054206476070516159838339259446176070533192964085600345483738644482609882
ExpiryDate: 08/24
]]></system-err>
  </testcase>
  <testcase name="testCreditCardCVVNumbers" classname="uk.ac.ed.inf.OrderValidatorTest" time="0">
    <system-err><![CDATA[
 -- Order info 
OrderValidationCode: CVV_INVALID
OrderStatus: INVALID
OrderNo: 0036CFF3
Order Contents: [Pizza[name=Pizza B, priceInPence=2400]]
PriceTotalInPence: 2500
 -- Credit card info 
CreditCardNumber: 0000000000000000
CCV: 30790782862957868598997
ExpiryDate: 08/27
]]></system-err>
  </testcase>
  <testcase name="testCreditCardCVVNumbers" classname="uk.ac.ed.inf.OrderValidatorTest" time="0">
    <system-err><![CDATA[
 -- Order info 
OrderValidationCode: CVV_INVALID
OrderStatus: INVALID
OrderNo: 7C18A362
Order Contents: [Pizza[name=Pizza C, priceInPence=2500]]
PriceTotalInPence: 2600
 -- Credit card info 
CreditCardNumber: 0000000000000000
CCV: 19700019010124
ExpiryDate: 10/29
]]></system-err>
  </testcase>
  <testcase name="testCreditCardCVVNumbers" classname="uk.ac.ed.inf.OrderValidatorTest" time="0.016">
    <system-err><![CDATA[
 -- Order info 
OrderValidationCode: CVV_INVALID
OrderStatus: INVALID
OrderNo: 738E30CB
Order Contents: [Pizza[name=Pizza C, priceInPence=2500]]
PriceTotalInPence: 2600
 -- Credit card info 
CreditCardNumber: 0000000000000000
CCV: 5307329255062492408207886570098302716
ExpiryDate: 10/26
]]></system-err>
  </testcase>
  <testcase name="testCreditCardCVVNumbers" classname="uk.ac.ed.inf.OrderValidatorTest" time="0">
    <system-err><![CDATA[
 -- Order info 
OrderValidationCode: CVV_INVALID
OrderStatus: INVALID
OrderNo: 4B3E61F0
Order Contents: [Pizza[name=Pizza A, priceInPence=2300]]
PriceTotalInPence: 2400
 -- Credit card info 
CreditCardNumber: 0000000000000000
CCV: 96166753449617725708480464094733548305211522293069005913291546124175445344543395
ExpiryDate: 11/29
]]></system-err>
  </testcase>
  <testcase name="testCreditCardCVVNumbers" classname="uk.ac.ed.inf.OrderValidatorTest" time="0">
    <system-err><![CDATA[
 -- Order info 
OrderValidationCode: CVV_INVALID
OrderStatus: INVALID
OrderNo: 42097CBA
Order Contents: [Pizza[name=Pizza B, priceInPence=2400]]
PriceTotalInPence: 2500
 -- Credit card info 
CreditCardNumber: 0000000000000000
CCV: 09316830616221601624909220424406401212335
ExpiryDate: 02/29
]]></system-err>
  </testcase>
  <testcase name="testCreditCardCVVNumbers" classname="uk.ac.ed.inf.OrderValidatorTest" time="0">
    <system-err><![CDATA[
 -- Order info 
OrderValidationCode: CVV_INVALID
OrderStatus: INVALID
OrderNo: 37F7D287
Order Contents: [Pizza[name=Pizza C, priceInPence=2500]]
PriceTotalInPence: 2600
 -- Credit card info 
CreditCardNumber: 0000000000000000
CCV: 440744619499670605308712767212496479446920061492034528511353893140640336927105563703142
ExpiryDate: 06/28
]]></system-err>
  </testcase>
  <testcase name="testCreditCardCVVNumbers" classname="uk.ac.ed.inf.OrderValidatorTest" time="0">
    <system-err><![CDATA[
 -- Order info 
OrderValidationCode: CVV_INVALID
OrderStatus: INVALID
OrderNo: 3DC3F3FF
Order Contents: [Pizza[name=Pizza A, priceInPence=2300]]
PriceTotalInPence: 2400
 -- Credit card info 
CreditCardNumber: 0000000000000000
CCV: 17971878096144599433895439627445471844014902241768790656081847428260468867036536058141395620744676
ExpiryDate: 11/25
]]></system-err>
  </testcase>
  <testcase name="testCreditCardCVVNumbers" classname="uk.ac.ed.inf.OrderValidatorTest" time="0">
    <system-err><![CDATA[
 -- Order info 
OrderValidationCode: CVV_INVALID
OrderStatus: INVALID
OrderNo: 750CDF1F
Order Contents: [Pizza[name=Pizza A, priceInPence=2300]]
PriceTotalInPence: 2400
 -- Credit card info 
CreditCardNumber: 0000000000000000
CCV: 207373797035071619532429559841285091
ExpiryDate: 05/29
]]></system-err>
  </testcase>
  <testcase name="testCreditCardCVVNumbers" classname="uk.ac.ed.inf.OrderValidatorTest" time="0">
    <system-err><![CDATA[
 -- Order info 
OrderValidationCode: CVV_INVALID
OrderStatus: INVALID
OrderNo: 1796B408
Order Contents: [Pizza[name=Pizza A, priceInPence=2300]]
PriceTotalInPence: 2400
 -- Credit card info 
CreditCardNumber: 0000000000000000
CCV: 6449611755428109623717409198955878194276796930469
ExpiryDate: 07/29
]]></system-err>
  </testcase>
  <testcase name="testCreditCardCVVNumbers" classname="uk.ac.ed.inf.OrderValidatorTest" time="0">
    <system-err><![CDATA[
 -- Order info 
OrderValidationCode: CVV_INVALID
OrderStatus: INVALID
OrderNo: 32C5770B
Order Contents: [Pizza[name=Pizza A, priceInPence=2300]]
PriceTotalInPence: 2400
 -- Credit card info 
CreditCardNumber: 0000000000000000
CCV: 700804439363184330264684499760916107999978885691070
ExpiryDate: 02/29
]]></system-err>
  </testcase>
  <testcase name="testCreditCardCVVNumbers" classname="uk.ac.ed.inf.OrderValidatorTest" time="0">
    <system-err><![CDATA[
 -- Order info 
OrderValidationCode: CVV_INVALID
OrderStatus: INVALID
OrderNo: 57641193
Order Contents: [Pizza[name=Pizza C, priceInPence=2500]]
PriceTotalInPence: 2600
 -- Credit card info 
CreditCardNumber: 0000000000000000
CCV: 03704275593293985189027478803660158480084700514222819030512
ExpiryDate: 01/25
]]></system-err>
  </testcase>
  <testcase name="testCreditCardCVVNumbers" classname="uk.ac.ed.inf.OrderValidatorTest" time="0">
    <system-err><![CDATA[
 -- Order info 
OrderValidationCode: CVV_INVALID
OrderStatus: INVALID
OrderNo: 3F744FCB
Order Contents: [Pizza[name=Pizza C, priceInPence=2500]]
PriceTotalInPence: 2600
 -- Credit card info 
CreditCardNumber: 0000000000000000
CCV: 26461431162361596786838931031699370227431774765171636983179685757
ExpiryDate: 07/25
]]></system-err>
  </testcase>
  <testcase name="testCreditCardCVVNumbers" classname="uk.ac.ed.inf.OrderValidatorTest" time="0">
    <system-err><![CDATA[
 -- Order info 
OrderValidationCode: CVV_INVALID
OrderStatus: INVALID
OrderNo: 3D8D6EA0
Order Contents: [Pizza[name=Pizza B, priceInPence=2400]]
PriceTotalInPence: 2500
 -- Credit card info 
CreditCardNumber: 0000000000000000
CCV: 98850437786214189422066042085284734662643699609110560667383596160509904719227108720105
ExpiryDate: 05/28
]]></system-err>
  </testcase>
  <testcase name="testCreditCardCVVNumbers" classname="uk.ac.ed.inf.OrderValidatorTest" time="0">
    <system-err><![CDATA[
 -- Order info 
OrderValidationCode: CVV_INVALID
OrderStatus: INVALID
OrderNo: 57BB506E
Order Contents: [Pizza[name=Pizza C, priceInPence=2500]]
PriceTotalInPence: 2600
 -- Credit card info 
CreditCardNumber: 0000000000000000
CCV: 5793589033988596515467682275691985843859833692225473387638664559284151712600580191409039
ExpiryDate: 08/26
]]></system-err>
  </testcase>
  <testcase name="testCreditCardCVVNumbers" classname="uk.ac.ed.inf.OrderValidatorTest" time="0">
    <system-err><![CDATA[
 -- Order info 
OrderValidationCode: CVV_INVALID
OrderStatus: INVALID
OrderNo: 6C723BC5
Order Contents: [Pizza[name=Pizza A, priceInPence=2300]]
PriceTotalInPence: 2400
 -- Credit card info 
CreditCardNumber: 0000000000000000
CCV: 89639932314581615950831797031822527239396870285735754148139541
ExpiryDate: 05/29
]]></system-err>
  </testcase>
  <testcase name="testCreditCardCVVNumbers" classname="uk.ac.ed.inf.OrderValidatorTest" time="0">
    <system-err><![CDATA[
 -- Order info 
OrderValidationCode: CVV_INVALID
OrderStatus: INVALID
OrderNo: 46BA678C
Order Contents: [Pizza[name=Pizza C, priceInPence=2500]]
PriceTotalInPence: 2600
 -- Credit card info 
CreditCardNumber: 0000000000000000
CCV: 83631570513
ExpiryDate: 10/29
]]></system-err>
  </testcase>
  <testcase name="testCreditCardCVVNumbers" classname="uk.ac.ed.inf.OrderValidatorTest" time="0">
    <system-err><![CDATA[
 -- Order info 
OrderValidationCode: CVV_INVALID
OrderStatus: INVALID
OrderNo: 4626E97A
Order Contents: [Pizza[name=Pizza A, priceInPence=2300]]
PriceTotalInPence: 2400
 -- Credit card info 
CreditCardNumber: 0000000000000000
CCV: 16805900682759193462175264183997830060407154296702024092662943777666160575414433446982395
ExpiryDate: 02/29
]]></system-err>
  </testcase>
  <testcase name="testCreditCardCVVNumbers" classname="uk.ac.ed.inf.OrderValidatorTest" time="0">
    <system-err><![CDATA[
 -- Order info 
OrderValidationCode: CVV_INVALID
OrderStatus: INVALID
OrderNo: 39E3D3E7
Order Contents: [Pizza[name=Pizza A, priceInPence=2300]]
PriceTotalInPence: 2400
 -- Credit card info 
CreditCardNumber: 0000000000000000
CCV: 64463486628116944908997486669201835548412596111295111370688367514942456794916434498741
ExpiryDate: 02/26
]]></system-err>
  </testcase>
  <testcase name="testCreditCardCVVNumbers" classname="uk.ac.ed.inf.OrderValidatorTest" time="0">
    <system-err><![CDATA[
 -- Order info 
OrderValidationCode: CVV_INVALID
OrderStatus: INVALID
OrderNo: 5C1D0D68
Order Contents: [Pizza[name=Pizza C, priceInPence=2500]]
PriceTotalInPence: 2600
 -- Credit card info 
CreditCardNumber: 0000000000000000
CCV: 3842952833624990340323367396337694015376152108309729918658366902061963208660603
ExpiryDate: 11/24
]]></system-err>
  </testcase>
  <testcase name="testCreditCardCVVDigits" classname="uk.ac.ed.inf.OrderValidatorTest" time="0">
    <system-err><![CDATA[
 -- Order info 
OrderValidationCode: CVV_INVALID
OrderStatus: INVALID
OrderNo: 2CEEE2C3
Order Contents: [Pizza[name=Pizza C, priceInPence=2500]]
PriceTotalInPence: 2600
 -- Credit card info 
CreditCardNumber: 0000000000000000
CCV: &amp#28;}V&amp#16;&amp#14;/q	@>(&+&amp#28;U&amp#5;V`@&lHX&amp#8;&amp#8;&amp#1; &amp#20;S%g:Q&amp#4;<Yw&&amp#31;d&amp#0;&amp#16;{A&amp#0;FSt9&amp#17;<|,&amp#2;&amp#11;}s6N&amp#30;MZ4zqv IT&amp#31;tnzm
ExpiryDate: 01/28
]]></system-err>
  </testcase>
  <testcase name="testCreditCardCVVDigits" classname="uk.ac.ed.inf.OrderValidatorTest" time="0">
    <system-err><![CDATA[
 -- Order info 
OrderValidationCode: CVV_INVALID
OrderStatus: INVALID
OrderNo: 777CA7B1
Order Contents: [Pizza[name=Pizza A, priceInPence=2300]]
PriceTotalInPence: 2400
 -- Credit card info 
CreditCardNumber: 0000000000000000
CCV: &amp#25;y&amp#14;;CL`&amp#20;JV"+@'nk}g
&amp#0;&amp#12;.jl&amp#1;&amp#25;BsD&}]}-b^ZUt-&amp#14;H&amp#27;W&amp#28;*&amp#3;OTFCJ
ExpiryDate: 03/28
]]></system-err>
  </testcase>
  <testcase name="testCreditCardCVVDigits" classname="uk.ac.ed.inf.OrderValidatorTest" time="0">
    <system-err><![CDATA[
 -- Order info 
OrderValidationCode: CVV_INVALID
OrderStatus: INVALID
OrderNo: 370B923C
Order Contents: [Pizza[name=Pizza C, priceInPence=2500]]
PriceTotalInPence: 2600
 -- Credit card info 
CreditCardNumber: 0000000000000000
CCV: 
BIv5Uw6N-4&amp#27;Wpq&amp#1;B$>q$T ](m')Eh@m3-Gy&amp#26;6`&amp#25;&amp#12;s
ExpiryDate: 08/27
]]></system-err>
  </testcase>
  <testcase name="testCreditCardCVVDigits" classname="uk.ac.ed.inf.OrderValidatorTest" time="0">
    <system-err><![CDATA[
 -- Order info 
OrderValidationCode: CVV_INVALID
OrderStatus: INVALID
OrderNo: 06EA0D23
Order Contents: [Pizza[name=Pizza C, priceInPence=2500]]
PriceTotalInPence: 2600
 -- Credit card info 
CreditCardNumber: 0000000000000000
CCV: &amp#25;5md&amp#11;Q-cG]^&amp#4;2&amp#17;1
ExpiryDate: 09/29
]]></system-err>
  </testcase>
  <testcase name="testCreditCardCVVDigits" classname="uk.ac.ed.inf.OrderValidatorTest" time="0">
    <system-err><![CDATA[
 -- Order info 
OrderValidationCode: CVV_INVALID
OrderStatus: INVALID
OrderNo: 14B52DBE
Order Contents: [Pizza[name=Pizza C, priceInPence=2500]]
PriceTotalInPence: 2600
 -- Credit card info 
CreditCardNumber: 0000000000000000
CCV: C&amp#12;&amp#0;KCQ6OSrm&amp#24;3
X=@ob >(&amp#23;&amp#6;W&amp#28;Cjd&amp#12;XjC&amp#20;Qf&amp#11;cGMc&amp#1;&amp#6;Mnc>Y-W&amp#12;dpi&amp#15;k		:9Cjkf&amp#18;,< &amp#11;<&amp#25;-&amp#22;{&amp#19;0a&amp#29;r*&amp#23;S&amp#16;C
ExpiryDate: 06/26
]]></system-err>
  </testcase>
  <testcase name="testCreditCardCVVDigits" classname="uk.ac.ed.inf.OrderValidatorTest" time="0">
    <system-err><![CDATA[
 -- Order info 
OrderValidationCode: CVV_INVALID
OrderStatus: INVALID
OrderNo: 1210997E
Order Contents: [Pizza[name=Pizza A, priceInPence=2300]]
PriceTotalInPence: 2400
 -- Credit card info 
CreditCardNumber: 0000000000000000
CCV: ,dJL8]z\nq!Ot7wJ
ExpiryDate: 09/25
]]></system-err>
  </testcase>
  <testcase name="testCreditCardCVVDigits" classname="uk.ac.ed.inf.OrderValidatorTest" time="0">
    <system-err><![CDATA[
 -- Order info 
OrderValidationCode: CVV_INVALID
OrderStatus: INVALID
OrderNo: 026C1FD8
Order Contents: [Pizza[name=Pizza B, priceInPence=2400]]
PriceTotalInPence: 2500
 -- Credit card info 
CreditCardNumber: 0000000000000000
CCV: <2b%"&amp#11;B}T_&amp#21;%sho<Y:p&amp#0;m&amp#5;}&amp#23;&amp#6;`ux&amp#21;iCa?'m&amp#19;=&amp#22;&amp#24;&amp#3;&amp#2;Q}#&amp#24;	st9aWn&amp#17;(&amp#29;Xh!6$7	I&amp#25;~W#2TEkF?&amp#15;&amp#25;hEz(&amp#16;C&amp#23;	z
ExpiryDate: 06/28
]]></system-err>
  </testcase>
  <testcase name="testCreditCardCVVDigits" classname="uk.ac.ed.inf.OrderValidatorTest" time="0">
    <system-err><![CDATA[
 -- Order info 
OrderValidationCode: CVV_INVALID
OrderStatus: INVALID
OrderNo: 61E41580
Order Contents: [Pizza[name=Pizza B, priceInPence=2400]]
PriceTotalInPence: 2500
 -- Credit card info 
CreditCardNumber: 0000000000000000
CCV: H[Mt&amp#3;Y&amp#0;~U&amp#19;y&amp#20;*avfK&amp#19;05'm=`UR5>Y>&amp#24;/%yomc	0'qgfP,v&amp#17;3q0JJa"+Pc&amp#26;m&amp#21;n&amp#29;Q&amp#16;&amp#8;&amp#30;D:	m=&amp#25;$mi&amp#26;'

$&amp#1;i&amp#28;i&amp#5;`9~l'=- P-
7tT
ExpiryDate: 03/24
]]></system-err>
  </testcase>
  <testcase name="testCreditCardCVVDigits" classname="uk.ac.ed.inf.OrderValidatorTest" time="0">
    <system-err><![CDATA[
 -- Order info 
OrderValidationCode: CVV_INVALID
OrderStatus: INVALID
OrderNo: 16477E32
Order Contents: [Pizza[name=Pizza B, priceInPence=2400]]
PriceTotalInPence: 2500
 -- Credit card info 
CreditCardNumber: 0000000000000000
CCV: =./<6M
[bDj&amp#31;Be-w[NpQ9#0p6}3&amp#2;{!(qGtyo.Pz%N9&amp#14;|M&amp#6;^+&amp#22;W1&amp#16;4LExLlb&amp#29;NH+og_6&amp#23;9D_8N}YwI.&amp#5;=^w&amp#6;;&amp#3;&amp#25;&amp#21;.g_&amp#17;c#;Y}/.
ExpiryDate: 11/25
]]></system-err>
  </testcase>
  <testcase name="testCreditCardCVVDigits" classname="uk.ac.ed.inf.OrderValidatorTest" time="0">
    <system-err><![CDATA[
 -- Order info 
OrderValidationCode: CVV_INVALID
OrderStatus: INVALID
OrderNo: 5961C0EE
Order Contents: [Pizza[name=Pizza B, priceInPence=2400]]
PriceTotalInPence: 2500
 -- Credit card info 
CreditCardNumber: 0000000000000000
CCV: v&amp#22;mscmAg{&amp#1;.TYOW9&amp#1;8 F u&amp#21;w&amp#23;G
d:s&amp#2;VTmT&amp#29;nS&amp#11; P&amp#28;&amp#14;4H&amp#17;&amp#0;1){iB&amp#22;&amp#29;&amp#21;}&amp#0;d<3l\b&amp#8;yf&amp#0;E!(dl>DU&amp#12;PKz
ExpiryDate: 11/26
]]></system-err>
  </testcase>
  <testcase name="testCreditCardCVVDigits" classname="uk.ac.ed.inf.OrderValidatorTest" time="0">
    <system-err><![CDATA[
 -- Order info 
OrderValidationCode: CVV_INVALID
OrderStatus: INVALID
OrderNo: 55F4A2D5
Order Contents: [Pizza[name=Pizza A, priceInPence=2300]]
PriceTotalInPence: 2400
 -- Credit card info 
CreditCardNumber: 0000000000000000
CCV: }s{qX&amp#8;h
e Z.]&amp#18;W[-(zSD&amp#19;S4&amp#14;&amp#31;&amp#11;E;'L&amp#17;DJ_:.^&amp#22;&amp#6;&amp#16;$k=S=i79]J0 =a^&amp#6;V:EOK~IF&&amp#28;&amp#5;aG&ZH&amp#24;
ExpiryDate: 03/25
]]></system-err>
  </testcase>
  <testcase name="testCreditCardCVVDigits" classname="uk.ac.ed.inf.OrderValidatorTest" time="0">
    <system-err><![CDATA[
 -- Order info 
OrderValidationCode: CVV_INVALID
OrderStatus: INVALID
OrderNo: 78FCF5CA
Order Contents: [Pizza[name=Pizza B, priceInPence=2400]]
PriceTotalInPence: 2500
 -- Credit card info 
CreditCardNumber: 0000000000000000
CCV: I&amp#24;&amp#5;&amp#30;&amp#5;c+wC{O&amp#21;Uo&amp#17;
ExpiryDate: 04/26
]]></system-err>
  </testcase>
  <testcase name="testCreditCardCVVDigits" classname="uk.ac.ed.inf.OrderValidatorTest" time="0">
    <system-err><![CDATA[
 -- Order info 
OrderValidationCode: CVV_INVALID
OrderStatus: INVALID
OrderNo: 18B8429E
Order Contents: [Pizza[name=Pizza C, priceInPence=2500]]
PriceTotalInPence: 2600
 -- Credit card info 
CreditCardNumber: 0000000000000000
CCV: vV`&amp#26;gJ0;:7j mU$&amp#8;9r&amp#17;&amp#1;,u;
u&amp#30;ox~&amp#18;w&amp#29;@&amp#22;&amp#14;%Q&amp#26;&amp#16;CAyq'o%v+&amp#11;&amp#24;&amp#20;54
-RE&amp#17;C52a	Y}*q}n
ExpiryDate: 01/28
]]></system-err>
  </testcase>
  <testcase name="testCreditCardCVVDigits" classname="uk.ac.ed.inf.OrderValidatorTest" time="0">
    <system-err><![CDATA[
 -- Order info 
OrderValidationCode: CVV_INVALID
OrderStatus: INVALID
OrderNo: 3C76A37A
Order Contents: [Pizza[name=Pizza A, priceInPence=2300]]
PriceTotalInPence: 2400
 -- Credit card info 
CreditCardNumber: 0000000000000000
CCV: &amp#3;p&amp#2;up&amp#14;#Tg
&amp#25;l&m@&amp#0;
ExpiryDate: 02/27
]]></system-err>
  </testcase>
  <testcase name="testCreditCardCVVDigits" classname="uk.ac.ed.inf.OrderValidatorTest" time="0">
    <system-err><![CDATA[
 -- Order info 
OrderValidationCode: CVV_INVALID
OrderStatus: INVALID
OrderNo: 53595FDB
Order Contents: [Pizza[name=Pizza B, priceInPence=2400]]
PriceTotalInPence: 2500
 -- Credit card info 
CreditCardNumber: 0000000000000000
CCV: ]{j&amp#11;"h>;fT//<q
ExpiryDate: 01/27
]]></system-err>
  </testcase>
  <testcase name="testCreditCardCVVDigits" classname="uk.ac.ed.inf.OrderValidatorTest" time="0">
    <system-err><![CDATA[
 -- Order info 
OrderValidationCode: CVV_INVALID
OrderStatus: INVALID
OrderNo: 3C97A3BE
Order Contents: [Pizza[name=Pizza B, priceInPence=2400]]
PriceTotalInPence: 2500
 -- Credit card info 
CreditCardNumber: 0000000000000000
CCV: hcF_1Jf&amp#31;tVd&amp#4;Ic&amp#5;sO	7&amp#8;? B:=&amp#5;=<q&amp#29;B&V&amp#25;eTQ{a&amp#14;&amp#5;Y&amp#20;iea-l
&amp#28;#uFvh]x~^Z!i	%
ExpiryDate: 05/28
]]></system-err>
  </testcase>
  <testcase name="testCreditCardCVVDigits" classname="uk.ac.ed.inf.OrderValidatorTest" time="0">
    <system-err><![CDATA[
 -- Order info 
OrderValidationCode: CVV_INVALID
OrderStatus: INVALID
OrderNo: 0F4E003F
Order Contents: [Pizza[name=Pizza A, priceInPence=2300]]
PriceTotalInPence: 2400
 -- Credit card info 
CreditCardNumber: 0000000000000000
CCV: \&amp#6;\9j<(&amp#3;ZP"c.^rk`e9&amp#8;n&amp#1;0S&amp#25;`&amp#17;&hn5rsS~P]&amp#30;vU!B8*&amp#17;@&amp#14;Z&amp#28;%[mO7;6&amp#30;k
ExpiryDate: 02/24
]]></system-err>
  </testcase>
  <testcase name="testCreditCardCVVDigits" classname="uk.ac.ed.inf.OrderValidatorTest" time="0">
    <system-err><![CDATA[
 -- Order info 
OrderValidationCode: CVV_INVALID
OrderStatus: INVALID
OrderNo: 7CC2653A
Order Contents: [Pizza[name=Pizza C, priceInPence=2500]]
PriceTotalInPence: 2600
 -- Credit card info 
CreditCardNumber: 0000000000000000
CCV: ic&amp#25;_p%rB~&amp#29;1&amp#0;cv&amp#16;2"T}H@&amp#24;d^a0&amp#5;
U&hQ 1*&amp#24;<&amp#12;2+s&amp#27;M&amp#22;!c&amp#25;3>;'&amp#4;&amp#28;C
ExpiryDate: 04/29
]]></system-err>
  </testcase>
  <testcase name="testCreditCardCVVDigits" classname="uk.ac.ed.inf.OrderValidatorTest" time="0">
    <system-err><![CDATA[
 -- Order info 
OrderValidationCode: CVV_INVALID
OrderStatus: INVALID
OrderNo: 0A60F2A9
Order Contents: [Pizza[name=Pizza C, priceInPence=2500]]
PriceTotalInPence: 2600
 -- Credit card info 
CreditCardNumber: 0000000000000000
CCV: Bl&amp#21;&amp#23;5&amp#6;;&amp#24;Fh`&amp#31;R
ExpiryDate: 08/26
]]></system-err>
  </testcase>
  <testcase name="testCreditCardCVVDigits" classname="uk.ac.ed.inf.OrderValidatorTest" time="0">
    <system-err><![CDATA[
 -- Order info 
OrderValidationCode: CVV_INVALID
OrderStatus: INVALID
OrderNo: 3E7FEB93
Order Contents: [Pizza[name=Pizza B, priceInPence=2400]]
PriceTotalInPence: 2500
 -- Credit card info 
CreditCardNumber: 0000000000000000
CCV: S@%&amp#5;eU
ExpiryDate: 06/26
]]></system-err>
  </testcase>
  <testcase name="testCreditCardCVVDigits" classname="uk.ac.ed.inf.OrderValidatorTest" time="0">
    <system-err><![CDATA[
 -- Order info 
OrderValidationCode: CVV_INVALID
OrderStatus: INVALID
OrderNo: 6285A1F7
Order Contents: [Pizza[name=Pizza A, priceInPence=2300]]
PriceTotalInPence: 2400
 -- Credit card info 
CreditCardNumber: 0000000000000000
CCV: cuF&amp#23;$4&amp#14;pqI&amp#2;8&amp#14;x"yP&amp#1;0&amp#4;LF&amp#6;6P/$}&amp#23;Q&amp#8;&amp#26;7MB'^vG\=6&amp#4;C16v&amp#14;*x;&amp#30;&&amp#29;)KN?Ax&amp#25;&amp#24;w	*&amp#16;7&amp#17;v&amp#22;(P)
ExpiryDate: 05/29
]]></system-err>
  </testcase>
  <testcase name="testCreditCardCVVDigits" classname="uk.ac.ed.inf.OrderValidatorTest" time="0">
    <system-err><![CDATA[
 -- Order info 
OrderValidationCode: CVV_INVALID
OrderStatus: INVALID
OrderNo: 5B66968A
Order Contents: [Pizza[name=Pizza B, priceInPence=2400]]
PriceTotalInPence: 2500
 -- Credit card info 
CreditCardNumber: 0000000000000000
CCV: 3\J[F&amp#29;&amp#28;&amp#5;T~G~ `8z;RDlK&amp#19;&amp#22;g;c&amp#28;Q+tr&amp#0;Jx/$_@&amp#25;&amp#19;3&amp#18;c8t<2K[l\B&amp#17;>r&amp#7;N&amp#23;&amp#0;jC0&amp#19;X9
ExpiryDate: 07/25
]]></system-err>
  </testcase>
  <testcase name="testCreditCardCVVDigits" classname="uk.ac.ed.inf.OrderValidatorTest" time="0">
    <system-err><![CDATA[
 -- Order info 
OrderValidationCode: CVV_INVALID
OrderStatus: INVALID
OrderNo: 407E6CA2
Order Contents: [Pizza[name=Pizza A, priceInPence=2300]]
PriceTotalInPence: 2400
 -- Credit card info 
CreditCardNumber: 0000000000000000
CCV: zMz&amp#15;Q&amp#7;o?;{
mn&amp#12;f&amp#0;sz+p.&amp#24;7&amp#24;&amp#28;AzP\&amp#12;!;p>v]D&amp#0;&amp#6;onQ&amp#3;v6=l&amp#17;
ExpiryDate: 04/24
]]></system-err>
  </testcase>
  <testcase name="testCreditCardCVVDigits" classname="uk.ac.ed.inf.OrderValidatorTest" time="0">
    <system-err><![CDATA[
 -- Order info 
OrderValidationCode: CVV_INVALID
OrderStatus: INVALID
OrderNo: 5603F993
Order Contents: [Pizza[name=Pizza C, priceInPence=2500]]
PriceTotalInPence: 2600
 -- Credit card info 
CreditCardNumber: 0000000000000000
CCV: Oj&amp#19;
C}Q9W<&amp#22;D&amp#7;1X Z&amp#15;:'}
Ebg>T&amp#6;u&amp#6;UhV
ExpiryDate: 07/25
]]></system-err>
  </testcase>
  <testcase name="testCreditCardCVVDigits" classname="uk.ac.ed.inf.OrderValidatorTest" time="0">
    <system-err><![CDATA[
 -- Order info 
OrderValidationCode: CVV_INVALID
OrderStatus: INVALID
OrderNo: 4C7DECC0
Order Contents: [Pizza[name=Pizza B, priceInPence=2400]]
PriceTotalInPence: 2500
 -- Credit card info 
CreditCardNumber: 0000000000000000
CCV: L0('&amp#29;LcZ
(v?y&amp#27;/&amp#15;z$_v	U=-&amp#15;&amp#14;
H.nvL>&amp#7;B&amp#4;&amp#17;P%&amp#20;~_tN&amp#29;W|DO&amp#30;2&amp#29;&amp#0;S&amp#14;,/3>.	R2&oPO^3'Q<&amp#18;	E&amp#11;{J&amp#22;~?~ft&amp#4;a"}wP&amp#28;at
ExpiryDate: 11/27
]]></system-err>
  </testcase>
  <testcase name="testCreditCardCVVDigits" classname="uk.ac.ed.inf.OrderValidatorTest" time="0.005">
    <system-err><![CDATA[
 -- Order info 
OrderValidationCode: CVV_INVALID
OrderStatus: INVALID
OrderNo: 70804346
Order Contents: [Pizza[name=Pizza A, priceInPence=2300]]
PriceTotalInPence: 2400
 -- Credit card info 
CreditCardNumber: 0000000000000000
CCV: N&amp#18;]pJ&amp#28;nz&amp#11;
ExpiryDate: 09/26
]]></system-err>
  </testcase>
  <testcase name="testCreditCardCVVDigits" classname="uk.ac.ed.inf.OrderValidatorTest" time="0">
    <system-err><![CDATA[
 -- Order info 
OrderValidationCode: CVV_INVALID
OrderStatus: INVALID
OrderNo: 7C607468
Order Contents: [Pizza[name=Pizza C, priceInPence=2500]]
PriceTotalInPence: 2600
 -- Credit card info 
CreditCardNumber: 0000000000000000
CCV: >&amp#12;&amp#11;1 mP-M:+&amp#16;?w?7_f
ExpiryDate: 10/27
]]></system-err>
  </testcase>
  <testcase name="testCreditCardCVVDigits" classname="uk.ac.ed.inf.OrderValidatorTest" time="0">
    <system-err><![CDATA[
 -- Order info 
OrderValidationCode: CVV_INVALID
OrderStatus: INVALID
OrderNo: 117E92D7
Order Contents: [Pizza[name=Pizza B, priceInPence=2400]]
PriceTotalInPence: 2500
 -- Credit card info 
CreditCardNumber: 0000000000000000
CCV: &amp#30;a&amp#28;|&amp#22;oP&amp#31;4&amp#4;v2&amp#12;&amp#26;&amp#12;d&amp#31;&amp#8;2&amp#17;$&amp#0;o&amp#30;/&amp#19;>O
ExpiryDate: 09/24
]]></system-err>
  </testcase>
  <testcase name="testCreditCardCVVDigits" classname="uk.ac.ed.inf.OrderValidatorTest" time="0">
    <system-err><![CDATA[
 -- Order info 
OrderValidationCode: CVV_INVALID
OrderStatus: INVALID
OrderNo: 4F06FFDD
Order Contents: [Pizza[name=Pizza B, priceInPence=2400]]
PriceTotalInPence: 2500
 -- Credit card info 
CreditCardNumber: 0000000000000000
CCV: ibh$nz$&amp#14;V$#q-{#'+`n&amp#7;M}&amp#19; &amp#7;X:_Bn9@JfC
&amp#15;cCk!&amp#17;<&amp#7;-UjTFF'$i[&amp#16;&amp#3;;dhB&amp#20;>;S@AFW&amp#3;}&amp#22;u]&nm&amp#16;Lml_Np!&amp#23;&amp#16;5&amp#15;Rk@%
ExpiryDate: 04/27
]]></system-err>
  </testcase>
  <testcase name="testCreditCardCVVDigits" classname="uk.ac.ed.inf.OrderValidatorTest" time="0">
    <system-err><![CDATA[
 -- Order info 
OrderValidationCode: CVV_INVALID
OrderStatus: INVALID
OrderNo: 277948A0
Order Contents: [Pizza[name=Pizza B, priceInPence=2400]]
PriceTotalInPence: 2500
 -- Credit card info 
CreditCardNumber: 0000000000000000
CCV: e&amp#1;&amp#11;&amp#12;!6>&amp#30;&amp#24;&amp#14;^"	&amp#15;Fl.8]q0i+Q[&amp#3;/&amp#22;&amp#21;Kn>&amp#12;&amp#19;Ov.&amp#27;&(^4&amp#14;7d&{	$S&amp#14;E&amp#18;&amp#27;+]e&amp#2;HN
&amp#16;&amp#7;&[x&amp#7;
ExpiryDate: 10/26
]]></system-err>
  </testcase>
  <testcase name="testCreditCardCVVDigits" classname="uk.ac.ed.inf.OrderValidatorTest" time="0">
    <system-err><![CDATA[
 -- Order info 
OrderValidationCode: CVV_INVALID
OrderStatus: INVALID
OrderNo: 172F66BA
Order Contents: [Pizza[name=Pizza B, priceInPence=2400]]
PriceTotalInPence: 2500
 -- Credit card info 
CreditCardNumber: 0000000000000000
CCV: &amp#16;|wiu&amp#15;kd];r/UDg#&amp#29;&amp#14;&amp#7;&amp#5;S;DBq&amp#24;X|y9&amp#28;Enb&amp#25;)&amp#6;(_q&amp#28;W&amp#21;&k&amp#22;QTyI)&amp#15;P6
:sjG&amp#6;&amp#16;]u9qTu08&amp#6;Q&
ExpiryDate: 11/29
]]></system-err>
  </testcase>
  <testcase name="testCreditCardCVVDigits" classname="uk.ac.ed.inf.OrderValidatorTest" time="0">
    <system-err><![CDATA[
 -- Order info 
OrderValidationCode: CVV_INVALID
OrderStatus: INVALID
OrderNo: 13D309DA
Order Contents: [Pizza[name=Pizza A, priceInPence=2300]]
PriceTotalInPence: 2400
 -- Credit card info 
CreditCardNumber: 0000000000000000
CCV: &amp#2;L6&amp#12;O3&amp#30;MTyE&amp#3;z&amp#2;9
ExpiryDate: 10/29
]]></system-err>
  </testcase>
  <testcase name="testCreditCardCVVDigits" classname="uk.ac.ed.inf.OrderValidatorTest" time="0">
    <system-err><![CDATA[
 -- Order info 
OrderValidationCode: CVV_INVALID
OrderStatus: INVALID
OrderNo: 0E6B859B
Order Contents: [Pizza[name=Pizza A, priceInPence=2300]]
PriceTotalInPence: 2400
 -- Credit card info 
CreditCardNumber: 0000000000000000
CCV: >&amp#14;FmzkB[rG52*L&amp#17;C}'bxvJC8^n&amp#19;&amp#16;&amp#21;Wi&amp#15;%[Dp&amp#19;$&amp#6;~
ExpiryDate: 01/27
]]></system-err>
  </testcase>
  <testcase name="testCreditCardCVVDigits" classname="uk.ac.ed.inf.OrderValidatorTest" time="0">
    <system-err><![CDATA[
 -- Order info 
OrderValidationCode: CVV_INVALID
OrderStatus: INVALID
OrderNo: 2EF0FA67
Order Contents: [Pizza[name=Pizza C, priceInPence=2500]]
PriceTotalInPence: 2600
 -- Credit card info 
CreditCardNumber: 0000000000000000
CCV: 4#4Q)&amp#21;#&amp#18;B&amp#19;&amp#24;
ExpiryDate: 09/29
]]></system-err>
  </testcase>
  <testcase name="testCreditCardCVVDigits" classname="uk.ac.ed.inf.OrderValidatorTest" time="0">
    <system-err><![CDATA[
 -- Order info 
OrderValidationCode: CVV_INVALID
OrderStatus: INVALID
OrderNo: 1684CEF0
Order Contents: [Pizza[name=Pizza A, priceInPence=2300]]
PriceTotalInPence: 2400
 -- Credit card info 
CreditCardNumber: 0000000000000000
CCV: !&amp#1;}@R)*&amp#11;+qb52o)*hFp@+&amp#19;.&amp#6;&amp#0;)rMG8;j0*&amp#7;9mP)c)=_d8r#G&amp#15;;A4uW),z^&amp#6;&amp#18;(_&amp#15;lxH&amp#28;k&amp#7;
{(	|&amp#4;0}&amp#0;jB"dSV)
+a+J
ExpiryDate: 11/27
]]></system-err>
  </testcase>
  <testcase name="testCreditCardCVVDigits" classname="uk.ac.ed.inf.OrderValidatorTest" time="0">
    <system-err><![CDATA[
 -- Order info 
OrderValidationCode: CVV_INVALID
OrderStatus: INVALID
OrderNo: 152A2615
Order Contents: [Pizza[name=Pizza B, priceInPence=2400]]
PriceTotalInPence: 2500
 -- Credit card info 
CreditCardNumber: 0000000000000000
CCV: W\&amp#22;bq&amp#1;^f0&amp#31;6&amp#7; t67a+!ecJI&amp#15;pn1&amp#27;o:tgfd&amp#30;@ruMP\\5&amp#21;&amp#18;sb?h_|q/s\HnWb&amp#28;Qd&amp#5;&amp#5;aR*!u&amp#21;:&amp#19;h&amp#3;nN&amp#11;9l&amp#18;]?&amp#23;6yj"(O&amp#2;f2&amp#22;#v
ExpiryDate: 09/26
]]></system-err>
  </testcase>
  <testcase name="testCreditCardCVVDigits" classname="uk.ac.ed.inf.OrderValidatorTest" time="0">
    <system-err><![CDATA[
 -- Order info 
OrderValidationCode: CVV_INVALID
OrderStatus: INVALID
OrderNo: 7943739E
Order Contents: [Pizza[name=Pizza A, priceInPence=2300]]
PriceTotalInPence: 2400
 -- Credit card info 
CreditCardNumber: 0000000000000000
CCV: &amp#1;ho[0E&amp#19;Ai4&amp#25;&amp#18;&amp#7;&amp#19;>"1L&amp#31;yO6JW::&amp#17;x29"&amp#24;&amp#20;-T8LC"&amp#8;v&amp#30;+-&amp#7;>8&amp#14;&amp#12;{&amp#2;[];&amp#29;W&amp#8;K5M-q&amp#27;D)Aqw/l
ExpiryDate: 11/28
]]></system-err>
  </testcase>
  <testcase name="testCreditCardCVVDigits" classname="uk.ac.ed.inf.OrderValidatorTest" time="0">
    <system-err><![CDATA[
 -- Order info 
OrderValidationCode: CVV_INVALID
OrderStatus: INVALID
OrderNo: 5A96BE89
Order Contents: [Pizza[name=Pizza B, priceInPence=2400]]
PriceTotalInPence: 2500
 -- Credit card info 
CreditCardNumber: 0000000000000000
CCV: e`&&amp#29;W&amp#26;&amp#26;&amp#7;&amp#19;&amp#25;Cj]BMtz3&amp#15;&amp#8;LO7f&amp#31;yF&amp#8;A&amp#30;?OWy&amp#26;_n&amp#17;FP&amp#6;0c&amp#24;F&amp#5;&amp#8;9
ExpiryDate: 02/28
]]></system-err>
  </testcase>
  <testcase name="testCreditCardCVVDigits" classname="uk.ac.ed.inf.OrderValidatorTest" time="0">
    <system-err><![CDATA[
 -- Order info 
OrderValidationCode: CVV_INVALID
OrderStatus: INVALID
OrderNo: 264D69CF
Order Contents: [Pizza[name=Pizza A, priceInPence=2300]]
PriceTotalInPence: 2400
 -- Credit card info 
CreditCardNumber: 0000000000000000
CCV: R&amp#26;{&amp#22;iTluK`I'v[=1RmfcQ&amp#25;&amp#18;JPUHhC]&amp#15;&&amp#18;Cj	
ExpiryDate: 08/25
]]></system-err>
  </testcase>
  <testcase name="testCreditCardCVVDigits" classname="uk.ac.ed.inf.OrderValidatorTest" time="0">
    <system-err><![CDATA[
 -- Order info 
OrderValidationCode: CVV_INVALID
OrderStatus: INVALID
OrderNo: 245ED9B8
Order Contents: [Pizza[name=Pizza B, priceInPence=2400]]
PriceTotalInPence: 2500
 -- Credit card info 
CreditCardNumber: 0000000000000000
CCV: J!$EuFMNZv&amp#19;&amp#0;;_o/V&amp#3;8;{;\8_}LP0a8hi`|&amp#1;f_Y`;kgq@FJhp"$)
ExpiryDate: 05/24
]]></system-err>
  </testcase>
  <testcase name="testCreditCardCVVDigits" classname="uk.ac.ed.inf.OrderValidatorTest" time="0">
    <system-err><![CDATA[
 -- Order info 
OrderValidationCode: CVV_INVALID
OrderStatus: INVALID
OrderNo: 15BFC91E
Order Contents: [Pizza[name=Pizza B, priceInPence=2400]]
PriceTotalInPence: 2500
 -- Credit card info 
CreditCardNumber: 0000000000000000
CCV: ,JjxK9&amp#21;H)Jr&amp#24;r%&amp#5;&amp#30;Zs4feW-eb&amp#30;&amp#6;N74%$dYa&amp#15;A&amp#21;is
id?&amp#29;FY&amp#2;&amp#1;BQC*	;&amp#17;z&amp#17;&amp#14;X&amp#11;&amp#17;4v+3&
ExpiryDate: 11/29
]]></system-err>
  </testcase>
  <testcase name="testCreditCardCVVDigits" classname="uk.ac.ed.inf.OrderValidatorTest" time="0">
    <system-err><![CDATA[
 -- Order info 
OrderValidationCode: CVV_INVALID
OrderStatus: INVALID
OrderNo: 5929C8B8
Order Contents: [Pizza[name=Pizza C, priceInPence=2500]]
PriceTotalInPence: 2600
 -- Credit card info 
CreditCardNumber: 0000000000000000
CCV: &amp#8;S&amp#26;L;FF*	&amp#7;|&amp#27;p@;&amp#3;&#,XL&amp#11;vdcaQI~@YF9\$8i&amp#31;&amp#22;b&amp#20;&amp#20;sp#&amp#8;58Vn&amp#31;C
ExpiryDate: 06/28
]]></system-err>
  </testcase>
  <testcase name="testCreditCardCVVDigits" classname="uk.ac.ed.inf.OrderValidatorTest" time="0">
    <system-err><![CDATA[
 -- Order info 
OrderValidationCode: CVV_INVALID
OrderStatus: INVALID
OrderNo: 143C9F35
Order Contents: [Pizza[name=Pizza A, priceInPence=2300]]
PriceTotalInPence: 2400
 -- Credit card info 
CreditCardNumber: 0000000000000000
CCV: &amp#3;&amp#17;&amp#12;R2&amp#30;&amp#7;c9[dQ&amp#11;y&amp#20;&amp#27;x&amp#22;&amp#11;&amp#16;
OH&amp#4;2&amp#25;&amp#18;@$Q&amp#3;:~&amp#16;J&amp#5;/D
ExpiryDate: 06/28
]]></system-err>
  </testcase>
  <testcase name="testCreditCardCVVDigits" classname="uk.ac.ed.inf.OrderValidatorTest" time="0">
    <system-err><![CDATA[
 -- Order info 
OrderValidationCode: CVV_INVALID
OrderStatus: INVALID
OrderNo: 77A3EFFD
Order Contents: [Pizza[name=Pizza B, priceInPence=2400]]
PriceTotalInPence: 2500
 -- Credit card info 
CreditCardNumber: 0000000000000000
CCV: 
&amp#22;|Jxi&amp#2;)xX.o%qyk;FPWL*`<&amp#5;\e%a+
ExpiryDate: 02/28
]]></system-err>
  </testcase>
  <testcase name="testCreditCardCVVDigits" classname="uk.ac.ed.inf.OrderValidatorTest" time="0">
    <system-err><![CDATA[
 -- Order info 
OrderValidationCode: CVV_INVALID
OrderStatus: INVALID
OrderNo: 75C14D74
Order Contents: [Pizza[name=Pizza A, priceInPence=2300]]
PriceTotalInPence: 2400
 -- Credit card info 
CreditCardNumber: 0000000000000000
CCV: a"AV~&@*HGU{QX!pKAQfo&amp#18;"' \'[P<I="7&amp#15;&amp#18;QM WOH&amp#5;91T2JITFq&amp#20;r&amp#17;!VxWL&amp#3;^S
ExpiryDate: 01/29
]]></system-err>
  </testcase>
  <testcase name="testCreditCardCVVDigits" classname="uk.ac.ed.inf.OrderValidatorTest" time="0">
    <system-err><![CDATA[
 -- Order info 
OrderValidationCode: CVV_INVALID
OrderStatus: INVALID
OrderNo: 6D0C3F11
Order Contents: [Pizza[name=Pizza C, priceInPence=2500]]
PriceTotalInPence: 2600
 -- Credit card info 
CreditCardNumber: 0000000000000000
CCV: a#~Vj`&amp#16;(v&amp#25;F	&amp#25;VfrIq&amp#0;VD2uS0&amp#24;=#&amp#3;ydX$MUHREZEE"b&amp#17;&amp#18;E&amp#5;&amp#16;S&amp#1;E?&amp#6;8&amp#23;d5%!&amp#7;WuC v&amp#29;[&amp#17;&amp#17;gEVCL z$	WL
ExpiryDate: 03/24
]]></system-err>
  </testcase>
  <testcase name="testCreditCardCVVDigits" classname="uk.ac.ed.inf.OrderValidatorTest" time="0">
    <system-err><![CDATA[
 -- Order info 
OrderValidationCode: CVV_INVALID
OrderStatus: INVALID
OrderNo: 7D24A09D
Order Contents: [Pizza[name=Pizza C, priceInPence=2500]]
PriceTotalInPence: 2600
 -- Credit card info 
CreditCardNumber: 0000000000000000
CCV: l_Rcn=~n&amp#6;K&amp#31;&amp#8;;:&amp#26;]{ZY.+&amp#24;&amp#2;xHlV
%N#&amp#24;&amp#21;9c;0Gc#&amp#3;&amp#20;&amp#30;3&amp#16;maP&amp#25;G2{&amp#29;sn!"&amp#14;
ExpiryDate: 03/26
]]></system-err>
  </testcase>
  <testcase name="testCreditCardCVVDigits" classname="uk.ac.ed.inf.OrderValidatorTest" time="0">
    <system-err><![CDATA[
 -- Order info 
OrderValidationCode: CVV_INVALID
OrderStatus: INVALID
OrderNo: 672B21D2
Order Contents: [Pizza[name=Pizza A, priceInPence=2300]]
PriceTotalInPence: 2400
 -- Credit card info 
CreditCardNumber: 0000000000000000
CCV: 15=yo/
ExpiryDate: 03/27
]]></system-err>
  </testcase>
  <testcase name="testCreditCardCVVDigits" classname="uk.ac.ed.inf.OrderValidatorTest" time="0">
    <system-err><![CDATA[
 -- Order info 
OrderValidationCode: CVV_INVALID
OrderStatus: INVALID
OrderNo: 5AECE698
Order Contents: [Pizza[name=Pizza C, priceInPence=2500]]
PriceTotalInPence: 2600
 -- Credit card info 
CreditCardNumber: 0000000000000000
CCV: &amp#7;9i&amp#27;e&amp#17;&amp#14;
ExpiryDate: 03/25
]]></system-err>
  </testcase>
  <testcase name="testCreditCardCVVDigits" classname="uk.ac.ed.inf.OrderValidatorTest" time="0">
    <system-err><![CDATA[
 -- Order info 
OrderValidationCode: CVV_INVALID
OrderStatus: INVALID
OrderNo: 251E49FD
Order Contents: [Pizza[name=Pizza B, priceInPence=2400]]
PriceTotalInPence: 2500
 -- Credit card info 
CreditCardNumber: 0000000000000000
CCV: CC&amp#12;&amp#3;`&amp#5;%>&amp#27;O*&amp#28;w
<eQCyXu&amp#30;j;&amp#30;
&amp#30;3=5&amp#22;UyBc|w9&amp#14;\Z?7W&amp#6;&amp#0;&amp#15;?&amp#6;+;/l&amp#1;>)RuuO1	P&amp#28;&amp#19;q$&&amp#12;u>"j&amp#27;:-+&amp#4;&amp#22;I/&amp#22;&amp#1;%.[y k(&amp#20;&amp#16;)
ExpiryDate: 06/26
]]></system-err>
  </testcase>
  <testcase name="testCreditCardCVVDigits" classname="uk.ac.ed.inf.OrderValidatorTest" time="0">
    <system-err><![CDATA[
 -- Order info 
OrderValidationCode: CVV_INVALID
OrderStatus: INVALID
OrderNo: 2C6FED9B
Order Contents: [Pizza[name=Pizza B, priceInPence=2400]]
PriceTotalInPence: 2500
 -- Credit card info 
CreditCardNumber: 0000000000000000
CCV: &amp#28;>^;a5&cK<z^.&amp#31;!Qb5fB&amp#17;&amp#31;
RM|>wFG&amp#5;"'KL&amp#30;l/`kn&amp#21;	&amp#26;,&amp#15;o[MR9Te)v3w,@&amp#6;:1&amp#30;I &amp#1;*@&amp#19;Ns&amp#7;&amp#1;d$g&amp#26;&amp#31;ejX&amp#28;&amp#0;0?3H&amp#3;f$6)5&amp#15;
ExpiryDate: 11/25
]]></system-err>
  </testcase>
  <testcase name="testCreditCardCVVDigits" classname="uk.ac.ed.inf.OrderValidatorTest" time="0">
    <system-err><![CDATA[
 -- Order info 
OrderValidationCode: CVV_INVALID
OrderStatus: INVALID
OrderNo: 37FF2F3B
Order Contents: [Pizza[name=Pizza C, priceInPence=2500]]
PriceTotalInPence: 2600
 -- Credit card info 
CreditCardNumber: 0000000000000000
CCV: zo)]1r-%&amp#6;=&amp#15;6{3w;v&amp#30;m"&amp#15;uP|+a&amp#12;&I}&amp#11;.&amp#27;]knXRr}Pk>H@
ExpiryDate: 10/29
]]></system-err>
  </testcase>
  <testcase name="testCreditCardCVVDigits" classname="uk.ac.ed.inf.OrderValidatorTest" time="0">
    <system-err><![CDATA[
 -- Order info 
OrderValidationCode: CVV_INVALID
OrderStatus: INVALID
OrderNo: 6F2153E0
Order Contents: [Pizza[name=Pizza B, priceInPence=2400]]
PriceTotalInPence: 2500
 -- Credit card info 
CreditCardNumber: 0000000000000000
CCV: @{ggk%YP'&amp#26;&amp#18;2&amp#12;&amp#27;M\L4&amp#22;3oe
ExpiryDate: 09/27
]]></system-err>
  </testcase>
  <testcase name="testCreditCardCVVDigits" classname="uk.ac.ed.inf.OrderValidatorTest" time="0">
    <system-err><![CDATA[
 -- Order info 
OrderValidationCode: CVV_INVALID
OrderStatus: INVALID
OrderNo: 61903AD6
Order Contents: [Pizza[name=Pizza C, priceInPence=2500]]
PriceTotalInPence: 2600
 -- Credit card info 
CreditCardNumber: 0000000000000000
CCV: yF&amp#4;NQ&amp#25;a&amp#30;&amp#2;"*&{?&amp#17;t&amp#22;b
ExpiryDate: 02/24
]]></system-err>
  </testcase>
  <testcase name="testCreditCardCVVDigits" classname="uk.ac.ed.inf.OrderValidatorTest" time="0">
    <system-err><![CDATA[
 -- Order info 
OrderValidationCode: CVV_INVALID
OrderStatus: INVALID
OrderNo: 47323BB1
Order Contents: [Pizza[name=Pizza B, priceInPence=2400]]
PriceTotalInPence: 2500
 -- Credit card info 
CreditCardNumber: 0000000000000000
CCV:   K&amp#27;&amp#30;&amp#25;yoS7
ExpiryDate: 10/24
]]></system-err>
  </testcase>
  <testcase name="testCreditCardCVVDigits" classname="uk.ac.ed.inf.OrderValidatorTest" time="0">
    <system-err><![CDATA[
 -- Order info 
OrderValidationCode: CVV_INVALID
OrderStatus: INVALID
OrderNo: 5BC083E3
Order Contents: [Pizza[name=Pizza A, priceInPence=2300]]
PriceTotalInPence: 2400
 -- Credit card info 
CreditCardNumber: 0000000000000000
CCV: Ij0PBg9G
{I
ExpiryDate: 10/24
]]></system-err>
  </testcase>
  <testcase name="testCreditCardCVVDigits" classname="uk.ac.ed.inf.OrderValidatorTest" time="0">
    <system-err><![CDATA[
 -- Order info 
OrderValidationCode: CVV_INVALID
OrderStatus: INVALID
OrderNo: 0400E8CB
Order Contents: [Pizza[name=Pizza A, priceInPence=2300]]
PriceTotalInPence: 2400
 -- Credit card info 
CreditCardNumber: 0000000000000000
CCV: S&amp#26;"&amp#16;oJ&amp#17;'7>sr/#{;g83]#$@:>&amp#3;irJAZP|+$&amp#8;GC&amp#7;&amp#31;FSt*^DL:#/n&amp#22;z4p*&amp#0;
+@*W|m-BIM EBr^Gi&amp#25;1iS
ExpiryDate: 04/26
]]></system-err>
  </testcase>
  <testcase name="testCreditCardCVVDigits" classname="uk.ac.ed.inf.OrderValidatorTest" time="0">
    <system-err><![CDATA[
 -- Order info 
OrderValidationCode: CVV_INVALID
OrderStatus: INVALID
OrderNo: 7A383958
Order Contents: [Pizza[name=Pizza A, priceInPence=2300]]
PriceTotalInPence: 2400
 -- Credit card info 
CreditCardNumber: 0000000000000000
CCV: , /1W&amp#3;&amp#7;J&amp#17;eFY2&yBoFY&amp#8;
ExpiryDate: 06/27
]]></system-err>
  </testcase>
  <testcase name="testCreditCardCVVDigits" classname="uk.ac.ed.inf.OrderValidatorTest" time="0">
    <system-err><![CDATA[
 -- Order info 
OrderValidationCode: CVV_INVALID
OrderStatus: INVALID
OrderNo: 50F48423
Order Contents: [Pizza[name=Pizza A, priceInPence=2300]]
PriceTotalInPence: 2400
 -- Credit card info 
CreditCardNumber: 0000000000000000
CCV: :	G
&amp#2;&amp#27;g/{X&amp#14;	q@VBxO@y{&amp#1;gi&amp#21;&amp#24;xJ&amp#31;&amp#28;
ExpiryDate: 06/26
]]></system-err>
  </testcase>
  <testcase name="testCreditCardCVVDigits" classname="uk.ac.ed.inf.OrderValidatorTest" time="0">
    <system-err><![CDATA[
 -- Order info 
OrderValidationCode: CVV_INVALID
OrderStatus: INVALID
OrderNo: 5CBEFB18
Order Contents: [Pizza[name=Pizza C, priceInPence=2500]]
PriceTotalInPence: 2600
 -- Credit card info 
CreditCardNumber: 0000000000000000
CCV: w	#HPmR>aa#4C&amp#12;h-B{&amp#15;5?5&&amp#17;X&amp#12;!7E5[&amp#0;&amp#4;&amp#27;Z&amp#27;8oWDN&amp#3;|6aXo^_u&amp#15;Plz|~&amp#6;t\&iq\&amp#12;4WuiLqp#J+=l>&amp#29;&amp#16;#M&amp#22;;&amp#8;2KW|3
ExpiryDate: 11/29
]]></system-err>
  </testcase>
  <testcase name="testCreditCardCVVDigits" classname="uk.ac.ed.inf.OrderValidatorTest" time="0">
    <system-err><![CDATA[
 -- Order info 
OrderValidationCode: CVV_INVALID
OrderStatus: INVALID
OrderNo: 088562AF
Order Contents: [Pizza[name=Pizza B, priceInPence=2400]]
PriceTotalInPence: 2500
 -- Credit card info 
CreditCardNumber: 0000000000000000
CCV: o=:i.%<Z&amp#17;Yg&amp#1;|&amp#29;xql$:l&amp#19;kn&amp#28;&amp#26;E[DA3	8JyH&amp#14;&amp#23;mw&amp#22;&amp#17;&amp#18;&amp#2;&amp#6;Ld,yhu&amp#14;&amp#26;:8^&amp#28;*&amp#28;tm^\
*&amp#23;&amp#21;CT[&amp#24;nDT&amp#1;
ExpiryDate: 04/27
]]></system-err>
  </testcase>
  <testcase name="testCreditCardCVVDigits" classname="uk.ac.ed.inf.OrderValidatorTest" time="0">
    <system-err><![CDATA[
 -- Order info 
OrderValidationCode: CVV_INVALID
OrderStatus: INVALID
OrderNo: 73CCCCAB
Order Contents: [Pizza[name=Pizza C, priceInPence=2500]]
PriceTotalInPence: 2600
 -- Credit card info 
CreditCardNumber: 0000000000000000
CCV: \x&amp#8;i&amp#22;aB&amp#29;&amp#27;.cA&amp#30;^yZ&amp#21;]m-v!(aib&amp#16;H)&amp#7;pd)vq{&amp#12;G|'&amp#25;g3b&amp#18;>FK(&amp#20;&amp#4;)2040&amp#25;B&&amp#3;&amp#23;&amp#2;&amp#4;z &amp#24;m$&amp#31;>C&amp#15;e#DF^&amp#18;W&amp#26;&amp#5;S(%&amp#25;Qv&amp#11;&amp#16;|+&amp#3;
ExpiryDate: 09/28
]]></system-err>
  </testcase>
  <testcase name="testCreditCardCVVDigits" classname="uk.ac.ed.inf.OrderValidatorTest" time="0">
    <system-err><![CDATA[
 -- Order info 
OrderValidationCode: CVV_INVALID
OrderStatus: INVALID
OrderNo: 44504327
Order Contents: [Pizza[name=Pizza A, priceInPence=2300]]
PriceTotalInPence: 2400
 -- Credit card info 
CreditCardNumber: 0000000000000000
CCV: 
ExpiryDate: 02/25
]]></system-err>
  </testcase>
  <testcase name="testCreditCardCVVDigits" classname="uk.ac.ed.inf.OrderValidatorTest" time="0">
    <system-err><![CDATA[
 -- Order info 
OrderValidationCode: CVV_INVALID
OrderStatus: INVALID
OrderNo: 30F0C675
Order Contents: [Pizza[name=Pizza C, priceInPence=2500]]
PriceTotalInPence: 2600
 -- Credit card info 
CreditCardNumber: 0000000000000000
CCV: ,&amp#21;&amp#12;Vr%%
Y/p~8S&amp#6;]1&amp#20;*sI\&amp#6;K:C&amp#26;&amp#25;&amp#7;&amp#16;qZQ&amp#21;9iDD4&OcwR2(;
ExpiryDate: 09/26
]]></system-err>
  </testcase>
  <testcase name="testCreditCardCVVDigits" classname="uk.ac.ed.inf.OrderValidatorTest" time="0">
    <system-err><![CDATA[
 -- Order info 
OrderValidationCode: CVV_INVALID
OrderStatus: INVALID
OrderNo: 7A8F2012
Order Contents: [Pizza[name=Pizza A, priceInPence=2300]]
PriceTotalInPence: 2400
 -- Credit card info 
CreditCardNumber: 0000000000000000
CCV: {O&amp#22;!'h&amp#30;_!#r-HZ~bI9J%D&amp#16;8d/j		z]%ot#&amp#27;&amp#18;lie&amp#6;&amp#27;g
ExpiryDate: 06/28
]]></system-err>
  </testcase>
  <testcase name="testCreditCardCVVDigits" classname="uk.ac.ed.inf.OrderValidatorTest" time="0">
    <system-err><![CDATA[
 -- Order info 
OrderValidationCode: CVV_INVALID
OrderStatus: INVALID
OrderNo: 6965F1A2
Order Contents: [Pizza[name=Pizza C, priceInPence=2500]]
PriceTotalInPence: 2600
 -- Credit card info 
CreditCardNumber: 0000000000000000
CCV: *A0\&amp#29;J&amp#0;oA&amp#1;0&amp#27;&amp#22;wB5\&amp#0;M_e,3&amp#1;#$a8&amp#16;9U&amp#14;M:`l&amp#14;&amp#5;,L4`&amp#1;2;	C\U&amp#11;?8WR&&amp#21;T&amp#1;X&amp#29;&amp#7;&amp#3;f&amp#2;u`RxSQ&amp#24;b$&amp#21;qO&&amp#5;V'nfB!R~<x&amp#6;i&amp#20;]	
ExpiryDate: 05/28
]]></system-err>
  </testcase>
  <testcase name="testCreditCardCVVDigits" classname="uk.ac.ed.inf.OrderValidatorTest" time="0">
    <system-err><![CDATA[
 -- Order info 
OrderValidationCode: CVV_INVALID
OrderStatus: INVALID
OrderNo: 5C6B393B
Order Contents: [Pizza[name=Pizza B, priceInPence=2400]]
PriceTotalInPence: 2500
 -- Credit card info 
CreditCardNumber: 0000000000000000
CCV: l.A
zhd&amp#22;
ExpiryDate: 07/29
]]></system-err>
  </testcase>
  <testcase name="testCreditCardCVVDigits" classname="uk.ac.ed.inf.OrderValidatorTest" time="0">
    <system-err><![CDATA[
 -- Order info 
OrderValidationCode: CVV_INVALID
OrderStatus: INVALID
OrderNo: 37848C6A
Order Contents: [Pizza[name=Pizza A, priceInPence=2300]]
PriceTotalInPence: 2400
 -- Credit card info 
CreditCardNumber: 0000000000000000
CCV: Z&amp#26;	J&amp#27;`UA>/y C]&amp#23;=PBC\ &amp#29;&amp#29;/:9!&amp#31;fK=
ExpiryDate: 03/27
]]></system-err>
  </testcase>
  <testcase name="testCreditCardCVVDigits" classname="uk.ac.ed.inf.OrderValidatorTest" time="0">
    <system-err><![CDATA[
 -- Order info 
OrderValidationCode: CVV_INVALID
OrderStatus: INVALID
OrderNo: 602EE481
Order Contents: [Pizza[name=Pizza A, priceInPence=2300]]
PriceTotalInPence: 2400
 -- Credit card info 
CreditCardNumber: 0000000000000000
CCV: \&amp#30;#S>q`NI&amp#31;- F&amp#0;&amp#5;rE&amp#15;wwL=xNc&amp#12;&amp#11;&amp#24;&amp#14;
ExpiryDate: 11/29
]]></system-err>
  </testcase>
  <testcase name="testCreditCardCVVDigits" classname="uk.ac.ed.inf.OrderValidatorTest" time="0">
    <system-err><![CDATA[
 -- Order info 
OrderValidationCode: CVV_INVALID
OrderStatus: INVALID
OrderNo: 586502A5
Order Contents: [Pizza[name=Pizza C, priceInPence=2500]]
PriceTotalInPence: 2600
 -- Credit card info 
CreditCardNumber: 0000000000000000
CCV: %&amp#16;7KS``&amp#15;DoGi
RD0!&amp#1;vn/M&amp#30;t&amp#17;J3&amp#6;'5N]&amp#30;mj&amp#20;)6HkY.&amp#22;&&amp#14;1&amp#1;&amp#19;+~&amp#14;
ExpiryDate: 02/28
]]></system-err>
  </testcase>
  <testcase name="testCreditCardCVVDigits" classname="uk.ac.ed.inf.OrderValidatorTest" time="0">
    <system-err><![CDATA[
 -- Order info 
OrderValidationCode: CVV_INVALID
OrderStatus: INVALID
OrderNo: 033FC488
Order Contents: [Pizza[name=Pizza A, priceInPence=2300]]
PriceTotalInPence: 2400
 -- Credit card info 
CreditCardNumber: 0000000000000000
CCV: &amp#8;&amp#26;*7,tV;I&amp#8;<-Ig]@{v&amp#11;/]&amp#27;=$N_&amp#17;j0A&amp#19;fIH?GiWD|RD
fS*vO6~l&amp#25;[`&amp#21;:$3ag&amp#20;oO&amp#15;2
ExpiryDate: 02/24
]]></system-err>
  </testcase>
  <testcase name="testCreditCardCVVDigits" classname="uk.ac.ed.inf.OrderValidatorTest" time="0">
    <system-err><![CDATA[
 -- Order info 
OrderValidationCode: CVV_INVALID
OrderStatus: INVALID
OrderNo: 404F38F7
Order Contents: [Pizza[name=Pizza C, priceInPence=2500]]
PriceTotalInPence: 2600
 -- Credit card info 
CreditCardNumber: 0000000000000000
CCV: k
3#&amp#24;&amp#18;Wi&amp#15;q&amp#18;&amp#28;'|oJV?1Mwy;dMJ1G*^Y&amp#5;&amp#29;WL&amp#26;$a`&amp#19;v&amp#15;$8p/A&amp#17;IfK+	&amp#26;Z&amp#28;;&amp#15;YCaT&amp#29;T'`9&amp#19;\w&amp#15;_&amp#29;R*qR~Ke^&amp#4;Az&amp#18;I}&amp#21;a7e&amp#11;Z&amp#29;
ExpiryDate: 11/26
]]></system-err>
  </testcase>
  <testcase name="testCreditCardCVVDigits" classname="uk.ac.ed.inf.OrderValidatorTest" time="0">
    <system-err><![CDATA[
 -- Order info 
OrderValidationCode: CVV_INVALID
OrderStatus: INVALID
OrderNo: 1F73F13C
Order Contents: [Pizza[name=Pizza B, priceInPence=2400]]
PriceTotalInPence: 2500
 -- Credit card info 
CreditCardNumber: 0000000000000000
CCV: &amp#31;RSRI`"`9b
ExpiryDate: 09/29
]]></system-err>
  </testcase>
  <testcase name="testCreditCardCVVDigits" classname="uk.ac.ed.inf.OrderValidatorTest" time="0">
    <system-err><![CDATA[
 -- Order info 
OrderValidationCode: CVV_INVALID
OrderStatus: INVALID
OrderNo: 7D73C68D
Order Contents: [Pizza[name=Pizza C, priceInPence=2500]]
PriceTotalInPence: 2600
 -- Credit card info 
CreditCardNumber: 0000000000000000
CCV: &amp#26;LcQ&amp#27;'&amp#16;&amp#24;*;Q6&amp#2;f1&amp#12;h>A"0D;&amp#6;Yi;jpGR|&amp#4;
ExpiryDate: 03/25
]]></system-err>
  </testcase>
  <testcase name="testCreditCardCVVDigits" classname="uk.ac.ed.inf.OrderValidatorTest" time="0">
    <system-err><![CDATA[
 -- Order info 
OrderValidationCode: CVV_INVALID
OrderStatus: INVALID
OrderNo: 0738E6AB
Order Contents: [Pizza[name=Pizza C, priceInPence=2500]]
PriceTotalInPence: 2600
 -- Credit card info 
CreditCardNumber: 0000000000000000
CCV: :yL&amp#20;6&amp#5;-:l*p&amp#4;5 4G4N&&amp#30;)&amp#16;nU&amp#7;;l
C]#&amp#17;nHu&amp#24;&amp#5;Q&amp#16;&amp#11;&amp#7;U(9H|f7&amp#5;A&amp#31;&amp#4;71In,r*3R&amp#6;QjUQJ
ExpiryDate: 08/27
]]></system-err>
  </testcase>
  <testcase name="testCreditCardCVVDigits" classname="uk.ac.ed.inf.OrderValidatorTest" time="0">
    <system-err><![CDATA[
 -- Order info 
OrderValidationCode: CVV_INVALID
OrderStatus: INVALID
OrderNo: 448B7023
Order Contents: [Pizza[name=Pizza C, priceInPence=2500]]
PriceTotalInPence: 2600
 -- Credit card info 
CreditCardNumber: 0000000000000000
CCV: mX&amp#12;MpK6X.
ExpiryDate: 07/27
]]></system-err>
  </testcase>
  <testcase name="testCreditCardCVVDigits" classname="uk.ac.ed.inf.OrderValidatorTest" time="0">
    <system-err><![CDATA[
 -- Order info 
OrderValidationCode: CVV_INVALID
OrderStatus: INVALID
OrderNo: 34A6BBD9
Order Contents: [Pizza[name=Pizza C, priceInPence=2500]]
PriceTotalInPence: 2600
 -- Credit card info 
CreditCardNumber: 0000000000000000
CCV: z&amp#26;}QYv&amp#18;0&amp#16;;&amp#18;XQIh@6zXZr>TaI&amp#7;&amp#14;TAhNA&amp#26;x&amp#5;Fz|!TlD"6&amp#11;UlQzH_-&amp#22;q$3oBI8sq&amp#16;:kY&amp#3;h+&amp#29;Lg&amp#5;&amp#18;BS~^G&amp#3;D\P&amp#17;^CD
ExpiryDate: 03/28
]]></system-err>
  </testcase>
  <testcase name="testCreditCardCVVDigits" classname="uk.ac.ed.inf.OrderValidatorTest" time="0">
    <system-err><![CDATA[
 -- Order info 
OrderValidationCode: CVV_INVALID
OrderStatus: INVALID
OrderNo: 62E93D60
Order Contents: [Pizza[name=Pizza C, priceInPence=2500]]
PriceTotalInPence: 2600
 -- Credit card info 
CreditCardNumber: 0000000000000000
CCV: 
ExpiryDate: 09/24
]]></system-err>
  </testcase>
  <testcase name="testCreditCardCVVDigits" classname="uk.ac.ed.inf.OrderValidatorTest" time="0">
    <system-err><![CDATA[
 -- Order info 
OrderValidationCode: CVV_INVALID
OrderStatus: INVALID
OrderNo: 569C6F7D
Order Contents: [Pizza[name=Pizza C, priceInPence=2500]]
PriceTotalInPence: 2600
 -- Credit card info 
CreditCardNumber: 0000000000000000
CCV: &amp#6;
?r|]v&amp#24;Cb&amp#20;b{0&amp#3;-
ExpiryDate: 01/24
]]></system-err>
  </testcase>
  <testcase name="testCreditCardCVVDigits" classname="uk.ac.ed.inf.OrderValidatorTest" time="0">
    <system-err><![CDATA[
 -- Order info 
OrderValidationCode: CVV_INVALID
OrderStatus: INVALID
OrderNo: 1C279F33
Order Contents: [Pizza[name=Pizza A, priceInPence=2300]]
PriceTotalInPence: 2400
 -- Credit card info 
CreditCardNumber: 0000000000000000
CCV: vTm_&amp#29;=?&amp#21;Mr<&amp#29;W&amp#20;Z81g&amp#17;&amp#28;?HA&amp#7;T]R&amp#23;w&amp#29;
ExpiryDate: 01/24
]]></system-err>
  </testcase>
  <testcase name="testCreditCardCVVDigits" classname="uk.ac.ed.inf.OrderValidatorTest" time="0">
    <system-err><![CDATA[
 -- Order info 
OrderValidationCode: CVV_INVALID
OrderStatus: INVALID
OrderNo: 3A934844
Order Contents: [Pizza[name=Pizza C, priceInPence=2500]]
PriceTotalInPence: 2600
 -- Credit card info 
CreditCardNumber: 0000000000000000
CCV: i2
&amp#30;fy&amp#21;+ze&amp#22;8dF;Wz75\"Y\-.v&amp#7;&amp#4;Mh&amp#29;sC<l(\&amp#17;9r&amp#29;F&amp#23;&amp#3;=T|wSw&amp#16;&amp#20;P&amp#19;HS
ExpiryDate: 09/24
]]></system-err>
  </testcase>
  <testcase name="testCreditCardCVVDigits" classname="uk.ac.ed.inf.OrderValidatorTest" time="0">
    <system-err><![CDATA[
 -- Order info 
OrderValidationCode: CVV_INVALID
OrderStatus: INVALID
OrderNo: 283A292F
Order Contents: [Pizza[name=Pizza A, priceInPence=2300]]
PriceTotalInPence: 2400
 -- Credit card info 
CreditCardNumber: 0000000000000000
CCV: V3&amp#31;i&amp#25;&amp#19;\.&amp#11;/*R&amp#16;gj&amp#5;f&amp#8;&amp#0;F	aZ&amp#25;Y&amp#22;1xy3&amp#15;&amp#6;y&amp#4;&amp#16;
6#l&amp#26;&amp#0;Q4&amp#22;~	[XNRw)pUIvc.zB&amp#16;&amp#6;
ExpiryDate: 01/29
]]></system-err>
  </testcase>
  <testcase name="testCreditCardCVVDigits" classname="uk.ac.ed.inf.OrderValidatorTest" time="0">
    <system-err><![CDATA[
 -- Order info 
OrderValidationCode: CVV_INVALID
OrderStatus: INVALID
OrderNo: 038D0610
Order Contents: [Pizza[name=Pizza A, priceInPence=2300]]
PriceTotalInPence: 2400
 -- Credit card info 
CreditCardNumber: 0000000000000000
CCV: ^ga&amp#31;XG4k1#:&amp#14;Qb&amp#7;?&amp#5;\1&amp#12;&amp#14;=
&amp#16; A7Xb(e^)2&amp#21;zV.!&amp#25;{P&amp#0;,DGHb&amp#20;&amp#15;t&amp#24;n&amp#3;
ExpiryDate: 06/28
]]></system-err>
  </testcase>
  <testcase name="testCreditCardCVVDigits" classname="uk.ac.ed.inf.OrderValidatorTest" time="0">
    <system-err><![CDATA[
 -- Order info 
OrderValidationCode: CVV_INVALID
OrderStatus: INVALID
OrderNo: 40E1452D
Order Contents: [Pizza[name=Pizza A, priceInPence=2300]]
PriceTotalInPence: 2400
 -- Credit card info 
CreditCardNumber: 0000000000000000
CCV: &amp#16;&amp#22;50aw&amp#2;&amp#15;.G`8&amp#26;hyVz&amp#17;}RL-4Th&amp#3;R	u&amp#22;&amp#14;'&amp#30;Nt-&amp#4;WzouHRQ^&amp#8;~R~m(L\%3yzY9K&amp#14;F&amp#17;aOfwj	zL]5p)o;$]L&amp#21;:
ExpiryDate: 03/28
]]></system-err>
  </testcase>
  <testcase name="testCreditCardCVVDigits" classname="uk.ac.ed.inf.OrderValidatorTest" time="0">
    <system-err><![CDATA[
 -- Order info 
OrderValidationCode: CVV_INVALID
OrderStatus: INVALID
OrderNo: 05DF334E
Order Contents: [Pizza[name=Pizza B, priceInPence=2400]]
PriceTotalInPence: 2500
 -- Credit card info 
CreditCardNumber: 0000000000000000
CCV: &amp#3;3-A&amp#30;(JA
ExpiryDate: 09/29
]]></system-err>
  </testcase>
  <testcase name="testCreditCardCVVDigits" classname="uk.ac.ed.inf.OrderValidatorTest" time="0">
    <system-err><![CDATA[
 -- Order info 
OrderValidationCode: CVV_INVALID
OrderStatus: INVALID
OrderNo: 42B0E8C1
Order Contents: [Pizza[name=Pizza A, priceInPence=2300]]
PriceTotalInPence: 2400
 -- Credit card info 
CreditCardNumber: 0000000000000000
CCV: &amp#20;o&amp#2;"rT;&amp#21;jn&amp#12;&amp#21;"&amp#6;u&amp#12;S@&amp#11;&amp#20;&amp#26;Xh`&amp#11;/c[&amp#12;&amp#6;&amp#0;&amp#17;_&amp#8;*N&amp#0;&amp#31;&amp#4;0&amp#28;+
ExpiryDate: 11/24
]]></system-err>
  </testcase>
  <testcase name="testCreditCardCVVDigits" classname="uk.ac.ed.inf.OrderValidatorTest" time="0">
    <system-err><![CDATA[
 -- Order info 
OrderValidationCode: CVV_INVALID
OrderStatus: INVALID
OrderNo: 50E9F9C9
Order Contents: [Pizza[name=Pizza B, priceInPence=2400]]
PriceTotalInPence: 2500
 -- Credit card info 
CreditCardNumber: 0000000000000000
CCV: Q2&amp#24;&amp#1;t
ExpiryDate: 06/25
]]></system-err>
  </testcase>
  <testcase name="testCreditCardCVVDigits" classname="uk.ac.ed.inf.OrderValidatorTest" time="0">
    <system-err><![CDATA[
 -- Order info 
OrderValidationCode: CVV_INVALID
OrderStatus: INVALID
OrderNo: 14A8489A
Order Contents: [Pizza[name=Pizza A, priceInPence=2300]]
PriceTotalInPence: 2400
 -- Credit card info 
CreditCardNumber: 0000000000000000
CCV: dp0{435O&amp#8;&amp#24; 30+&amp#15;$\xj=^
ExpiryDate: 07/25
]]></system-err>
  </testcase>
  <testcase name="testCreditCardCVVDigits" classname="uk.ac.ed.inf.OrderValidatorTest" time="0">
    <system-err><![CDATA[
 -- Order info 
OrderValidationCode: CVV_INVALID
OrderStatus: INVALID
OrderNo: 63619B7D
Order Contents: [Pizza[name=Pizza A, priceInPence=2300]]
PriceTotalInPence: 2400
 -- Credit card info 
CreditCardNumber: 0000000000000000
CCV:  aQds"n*2de&amp#15;5&amp#17;)Z\L&amp#27;y6&amp#11;*SC4?*cAX<D&amp#19;Tx)A&amp#4;a&amp#31;`!n	&amp#3;&amp#0;0y&amp#5;&amp#3;:@&amp#5;R<H1Kq G6;XY=&amp#11;&amp#14;P&amp#26;&amp#6;H2&amp#17;e&amp#4;'!&amp#28;&amp#14;8v>&amp#16;Z!&amp#31;
ExpiryDate: 08/24
]]></system-err>
  </testcase>
  <testcase name="testCreditCardCVVDigits" classname="uk.ac.ed.inf.OrderValidatorTest" time="0">
    <system-err><![CDATA[
 -- Order info 
OrderValidationCode: CVV_INVALID
OrderStatus: INVALID
OrderNo: 0AFA5F1C
Order Contents: [Pizza[name=Pizza A, priceInPence=2300]]
PriceTotalInPence: 2400
 -- Credit card info 
CreditCardNumber: 0000000000000000
CCV: +
:Tz$U&amp#8;cb&amp#4;&amp#29;k(H%	"k[f's~yJfR=&amp#3; h$&amp#14;g#J&amp#19;<vm&amp#6;sr&amp#29;P&amp#6;/.%iwY&amp#16;&amp#30;5
ExpiryDate: 01/27
]]></system-err>
  </testcase>
  <testcase name="testCreditCardCVVDigits" classname="uk.ac.ed.inf.OrderValidatorTest" time="0">
    <system-err><![CDATA[
 -- Order info 
OrderValidationCode: CVV_INVALID
OrderStatus: INVALID
OrderNo: 03120F67
Order Contents: [Pizza[name=Pizza C, priceInPence=2500]]
PriceTotalInPence: 2600
 -- Credit card info 
CreditCardNumber: 0000000000000000
CCV: )5OpD2@tA&amp#8;P|]^&amp#5;~D&amp#22;Y&amp#5;j
,&amp#17;&amp#26;&amp#24;{;N`R&amp#29;ALpBP&amp#8;uKr^&amp#25;R&amp#12;QS^PFP\(R20&amp#28;U&amp#20;&amp#12;xs&amp#23;]u	&amp#3;
"&amp#25;l*&amp#27;q&amp#3;H{)j&amp#14;9EPKzVy&amp#0;.KjNr&amp#18;1
ExpiryDate: 09/24
]]></system-err>
  </testcase>
  <testcase name="testCreditCardCVVDigits" classname="uk.ac.ed.inf.OrderValidatorTest" time="0">
    <system-err><![CDATA[
 -- Order info 
OrderValidationCode: CVV_INVALID
OrderStatus: INVALID
OrderNo: 4790AB91
Order Contents: [Pizza[name=Pizza B, priceInPence=2400]]
PriceTotalInPence: 2500
 -- Credit card info 
CreditCardNumber: 0000000000000000
CCV: Cn
ExpiryDate: 04/25
]]></system-err>
  </testcase>
  <testcase name="testCreditCardCVVDigits" classname="uk.ac.ed.inf.OrderValidatorTest" time="0">
    <system-err><![CDATA[
 -- Order info 
OrderValidationCode: CVV_INVALID
OrderStatus: INVALID
OrderNo: 66ADD1EF
Order Contents: [Pizza[name=Pizza B, priceInPence=2400]]
PriceTotalInPence: 2500
 -- Credit card info 
CreditCardNumber: 0000000000000000
CCV: 7gv0Y[)3+WG&amp#12;&amp#26;<&amp#17;m;POZB~!&amp#26;&amp#17;Q'kqoh&amp#21;&amp#31;Eu;&amp#11;
ExpiryDate: 03/25
]]></system-err>
  </testcase>
  <testcase name="testCreditCardCVVDigits" classname="uk.ac.ed.inf.OrderValidatorTest" time="0">
    <system-err><![CDATA[
 -- Order info 
OrderValidationCode: CVV_INVALID
OrderStatus: INVALID
OrderNo: 634F68FC
Order Contents: [Pizza[name=Pizza B, priceInPence=2400]]
PriceTotalInPence: 2500
 -- Credit card info 
CreditCardNumber: 0000000000000000
CCV: Ms[K&amp#3;&amp#25;5$&amp#30;`>4?)].	&amp#23;C&amp#8;<b/q#ln&amp#2;0&amp#17;!3dBB&amp#16;tTh+)&amp#21;JT&amp#7; &amp#1;&amp#7;1r&amp#17;
ExpiryDate: 07/26
]]></system-err>
  </testcase>
  <testcase name="testCreditCardCVVDigits" classname="uk.ac.ed.inf.OrderValidatorTest" time="0">
    <system-err><![CDATA[
 -- Order info 
OrderValidationCode: CVV_INVALID
OrderStatus: INVALID
OrderNo: 1084B26A
Order Contents: [Pizza[name=Pizza B, priceInPence=2400]]
PriceTotalInPence: 2500
 -- Credit card info 
CreditCardNumber: 0000000000000000
CCV: &amp#11;<)g!z*&amp#15;G
ExpiryDate: 02/29
]]></system-err>
  </testcase>
  <testcase name="testCreditCardCVVDigits" classname="uk.ac.ed.inf.OrderValidatorTest" time="0">
    <system-err><![CDATA[
 -- Order info 
OrderValidationCode: CVV_INVALID
OrderStatus: INVALID
OrderNo: 1F32BE9B
Order Contents: [Pizza[name=Pizza B, priceInPence=2400]]
PriceTotalInPence: 2500
 -- Credit card info 
CreditCardNumber: 0000000000000000
CCV: e_&amp#0;c)O#&|y;v'
ExpiryDate: 07/27
]]></system-err>
  </testcase>
  <testcase name="testCreditCardCVVDigits" classname="uk.ac.ed.inf.OrderValidatorTest" time="0">
    <system-err><![CDATA[
 -- Order info 
OrderValidationCode: CVV_INVALID
OrderStatus: INVALID
OrderNo: 19229842
Order Contents: [Pizza[name=Pizza A, priceInPence=2300]]
PriceTotalInPence: 2400
 -- Credit card info 
CreditCardNumber: 0000000000000000
CCV: /(w1"&amp#18;BP&amp#28;`(wi(&amp#26;&amp#19;A; 1(
ExpiryDate: 09/29
]]></system-err>
  </testcase>
  <testcase name="testCreditCardCVVDigits" classname="uk.ac.ed.inf.OrderValidatorTest" time="0">
    <system-err><![CDATA[
 -- Order info 
OrderValidationCode: CVV_INVALID
OrderStatus: INVALID
OrderNo: 526AD35A
Order Contents: [Pizza[name=Pizza A, priceInPence=2300]]
PriceTotalInPence: 2400
 -- Credit card info 
CreditCardNumber: 0000000000000000
CCV: V/&amp#23;w76\k&amp#29;g>(&amp#8;Td_&amp#29;1v7rJ&amp#4;]&amp#8;8'^&amp#24;Oe8&amp#18;ZY-b	&amp#19;Zt*<&amp#8;z&amp#23;~Blo"'P&amp#8;z&amp#1;;$
ExpiryDate: 09/28
]]></system-err>
  </testcase>
  <testcase name="testCreditCardCVVDigits" classname="uk.ac.ed.inf.OrderValidatorTest" time="0">
    <system-err><![CDATA[
 -- Order info 
OrderValidationCode: CVV_INVALID
OrderStatus: INVALID
OrderNo: 75F377BD
Order Contents: [Pizza[name=Pizza B, priceInPence=2400]]
PriceTotalInPence: 2500
 -- Credit card info 
CreditCardNumber: 0000000000000000
CCV: &amp#21;&amp#23;b?<%vq2E&amp#28;i-uI31&amp#23;#x"v3'&amp#26;
YR}{U
ExpiryDate: 11/24
]]></system-err>
  </testcase>
  <testcase name="testCreditCardCVVDigits" classname="uk.ac.ed.inf.OrderValidatorTest" time="0">
    <system-err><![CDATA[
 -- Order info 
OrderValidationCode: CVV_INVALID
OrderStatus: INVALID
OrderNo: 4E66BA45
Order Contents: [Pizza[name=Pizza C, priceInPence=2500]]
PriceTotalInPence: 2600
 -- Credit card info 
CreditCardNumber: 0000000000000000
CCV: c&amp#17;=2X,
ExpiryDate: 01/27
]]></system-err>
  </testcase>
  <testcase name="testCreditCardCVV3Digits" classname="uk.ac.ed.inf.OrderValidatorTest" time="0">
    <system-err><![CDATA[
 -- Order info 
OrderValidationCode: CVV_INVALID
OrderStatus: INVALID
OrderNo: 5F925BE9
Order Contents: [Pizza[name=Pizza C, priceInPence=2500]]
PriceTotalInPence: 2600
 -- Credit card info 
CreditCardNumber: 0000000000000000
CCV: m(&amp#21;
ExpiryDate: 07/27
]]></system-err>
  </testcase>
  <testcase name="testCreditCardCVV3Digits" classname="uk.ac.ed.inf.OrderValidatorTest" time="0">
    <system-err><![CDATA[
 -- Order info 
OrderValidationCode: CVV_INVALID
OrderStatus: INVALID
OrderNo: 6038F295
Order Contents: [Pizza[name=Pizza A, priceInPence=2300]]
PriceTotalInPence: 2400
 -- Credit card info 
CreditCardNumber: 0000000000000000
CCV: Lfl
ExpiryDate: 08/26
]]></system-err>
  </testcase>
  <testcase name="testCreditCardCVV3Digits" classname="uk.ac.ed.inf.OrderValidatorTest" time="0">
    <system-err><![CDATA[
 -- Order info 
OrderValidationCode: CVV_INVALID
OrderStatus: INVALID
OrderNo: 2DC51AAC
Order Contents: [Pizza[name=Pizza C, priceInPence=2500]]
PriceTotalInPence: 2600
 -- Credit card info 
CreditCardNumber: 0000000000000000
CCV: 
% 
ExpiryDate: 07/25
]]></system-err>
  </testcase>
  <testcase name="testCreditCardCVV3Digits" classname="uk.ac.ed.inf.OrderValidatorTest" time="0">
    <system-err><![CDATA[
 -- Order info 
OrderValidationCode: CVV_INVALID
OrderStatus: INVALID
OrderNo: 6AE98A5F
Order Contents: [Pizza[name=Pizza B, priceInPence=2400]]
PriceTotalInPence: 2500
 -- Credit card info 
CreditCardNumber: 0000000000000000
CCV: h&amp#3;%
ExpiryDate: 02/24
]]></system-err>
  </testcase>
  <testcase name="testCreditCardCVV3Digits" classname="uk.ac.ed.inf.OrderValidatorTest" time="0">
    <system-err><![CDATA[
 -- Order info 
OrderValidationCode: CVV_INVALID
OrderStatus: INVALID
OrderNo: 3146ED44
Order Contents: [Pizza[name=Pizza C, priceInPence=2500]]
PriceTotalInPence: 2600
 -- Credit card info 
CreditCardNumber: 0000000000000000
CCV: xie
ExpiryDate: 05/28
]]></system-err>
  </testcase>
  <testcase name="testCreditCardCVV3Digits" classname="uk.ac.ed.inf.OrderValidatorTest" time="0">
    <system-err><![CDATA[
 -- Order info 
OrderValidationCode: CVV_INVALID
OrderStatus: INVALID
OrderNo: 5171CA37
Order Contents: [Pizza[name=Pizza C, priceInPence=2500]]
PriceTotalInPence: 2600
 -- Credit card info 
CreditCardNumber: 0000000000000000
CCV: 7&amp#16;s
ExpiryDate: 01/26
]]></system-err>
  </testcase>
  <testcase name="testCreditCardCVV3Digits" classname="uk.ac.ed.inf.OrderValidatorTest" time="0">
    <system-err><![CDATA[
 -- Order info 
OrderValidationCode: CVV_INVALID
OrderStatus: INVALID
OrderNo: 6391169B
Order Contents: [Pizza[name=Pizza C, priceInPence=2500]]
PriceTotalInPence: 2600
 -- Credit card info 
CreditCardNumber: 0000000000000000
CCV: aF&amp#6;
ExpiryDate: 03/24
]]></system-err>
  </testcase>
  <testcase name="testCreditCardCVV3Digits" classname="uk.ac.ed.inf.OrderValidatorTest" time="0">
    <system-err><![CDATA[
 -- Order info 
OrderValidationCode: CVV_INVALID
OrderStatus: INVALID
OrderNo: 21817D22
Order Contents: [Pizza[name=Pizza C, priceInPence=2500]]
PriceTotalInPence: 2600
 -- Credit card info 
CreditCardNumber: 0000000000000000
CCV: &amp#1;q$
ExpiryDate: 07/25
]]></system-err>
  </testcase>
  <testcase name="testCreditCardCVV3Digits" classname="uk.ac.ed.inf.OrderValidatorTest" time="0">
    <system-err><![CDATA[
 -- Order info 
OrderValidationCode: CVV_INVALID
OrderStatus: INVALID
OrderNo: 22319FA3
Order Contents: [Pizza[name=Pizza B, priceInPence=2400]]
PriceTotalInPence: 2500
 -- Credit card info 
CreditCardNumber: 0000000000000000
CCV: GT&amp#29;
ExpiryDate: 11/26
]]></system-err>
  </testcase>
  <testcase name="testCreditCardCVV3Digits" classname="uk.ac.ed.inf.OrderValidatorTest" time="0">
    <system-err><![CDATA[
 -- Order info 
OrderValidationCode: CVV_INVALID
OrderStatus: INVALID
OrderNo: 72299C29
Order Contents: [Pizza[name=Pizza B, priceInPence=2400]]
PriceTotalInPence: 2500
 -- Credit card info 
CreditCardNumber: 0000000000000000
CCV: &amp#29;&amp#16;:
ExpiryDate: 01/27
]]></system-err>
  </testcase>
  <testcase name="testCreditCardCVV3Digits" classname="uk.ac.ed.inf.OrderValidatorTest" time="0">
    <system-err><![CDATA[
 -- Order info 
OrderValidationCode: CVV_INVALID
OrderStatus: INVALID
OrderNo: 4CADA17D
Order Contents: [Pizza[name=Pizza C, priceInPence=2500]]
PriceTotalInPence: 2600
 -- Credit card info 
CreditCardNumber: 0000000000000000
CCV: {n6
ExpiryDate: 08/25
]]></system-err>
  </testcase>
  <testcase name="testCreditCardCVV3Digits" classname="uk.ac.ed.inf.OrderValidatorTest" time="0">
    <system-err><![CDATA[
 -- Order info 
OrderValidationCode: CVV_INVALID
OrderStatus: INVALID
OrderNo: 16376002
Order Contents: [Pizza[name=Pizza C, priceInPence=2500]]
PriceTotalInPence: 2600
 -- Credit card info 
CreditCardNumber: 0000000000000000
CCV: z[m
ExpiryDate: 06/29
]]></system-err>
  </testcase>
  <testcase name="testCreditCardCVV3Digits" classname="uk.ac.ed.inf.OrderValidatorTest" time="0">
    <system-err><![CDATA[
 -- Order info 
OrderValidationCode: CVV_INVALID
OrderStatus: INVALID
OrderNo: 42D1BAE0
Order Contents: [Pizza[name=Pizza A, priceInPence=2300]]
PriceTotalInPence: 2400
 -- Credit card info 
CreditCardNumber: 0000000000000000
CCV: '3S
ExpiryDate: 01/29
]]></system-err>
  </testcase>
  <testcase name="testCreditCardCVV3Digits" classname="uk.ac.ed.inf.OrderValidatorTest" time="0.016">
    <system-err><![CDATA[
 -- Order info 
OrderValidationCode: CVV_INVALID
OrderStatus: INVALID
OrderNo: 67CD4FEE
Order Contents: [Pizza[name=Pizza B, priceInPence=2400]]
PriceTotalInPence: 2500
 -- Credit card info 
CreditCardNumber: 0000000000000000
CCV: &amp#26;B'
ExpiryDate: 10/26
]]></system-err>
  </testcase>
  <testcase name="testCreditCardCVV3Digits" classname="uk.ac.ed.inf.OrderValidatorTest" time="0">
    <system-err><![CDATA[
 -- Order info 
OrderValidationCode: CVV_INVALID
OrderStatus: INVALID
OrderNo: 7EB5C448
Order Contents: [Pizza[name=Pizza B, priceInPence=2400]]
PriceTotalInPence: 2500
 -- Credit card info 
CreditCardNumber: 0000000000000000
CCV: F&amp#6;g
ExpiryDate: 07/29
]]></system-err>
  </testcase>
  <testcase name="testCreditCardCVV3Digits" classname="uk.ac.ed.inf.OrderValidatorTest" time="0">
    <system-err><![CDATA[
 -- Order info 
OrderValidationCode: CVV_INVALID
OrderStatus: INVALID
OrderNo: 3023E12E
Order Contents: [Pizza[name=Pizza B, priceInPence=2400]]
PriceTotalInPence: 2500
 -- Credit card info 
CreditCardNumber: 0000000000000000
CCV: &amp#17;:&amp#6;
ExpiryDate: 09/27
]]></system-err>
  </testcase>
  <testcase name="testCreditCardCVV3Digits" classname="uk.ac.ed.inf.OrderValidatorTest" time="0">
    <system-err><![CDATA[
 -- Order info 
OrderValidationCode: CVV_INVALID
OrderStatus: INVALID
OrderNo: 1503E988
Order Contents: [Pizza[name=Pizza C, priceInPence=2500]]
PriceTotalInPence: 2600
 -- Credit card info 
CreditCardNumber: 0000000000000000
CCV: &&amp#15;\
ExpiryDate: 02/25
]]></system-err>
  </testcase>
  <testcase name="testCreditCardCVV3Digits" classname="uk.ac.ed.inf.OrderValidatorTest" time="0">
    <system-err><![CDATA[
 -- Order info 
OrderValidationCode: CVV_INVALID
OrderStatus: INVALID
OrderNo: 1ABD62F3
Order Contents: [Pizza[name=Pizza B, priceInPence=2400]]
PriceTotalInPence: 2500
 -- Credit card info 
CreditCardNumber: 0000000000000000
CCV: 
<]
ExpiryDate: 08/25
]]></system-err>
  </testcase>
  <testcase name="testCreditCardCVV3Digits" classname="uk.ac.ed.inf.OrderValidatorTest" time="0">
    <system-err><![CDATA[
 -- Order info 
OrderValidationCode: CVV_INVALID
OrderStatus: INVALID
OrderNo: 31E8F34D
Order Contents: [Pizza[name=Pizza A, priceInPence=2300]]
PriceTotalInPence: 2400
 -- Credit card info 
CreditCardNumber: 0000000000000000
CCV: m9
ExpiryDate: 08/29
]]></system-err>
  </testcase>
  <testcase name="testCreditCardCVV3Digits" classname="uk.ac.ed.inf.OrderValidatorTest" time="0">
    <system-err><![CDATA[
 -- Order info 
OrderValidationCode: CVV_INVALID
OrderStatus: INVALID
OrderNo: 44149B42
Order Contents: [Pizza[name=Pizza C, priceInPence=2500]]
PriceTotalInPence: 2600
 -- Credit card info 
CreditCardNumber: 0000000000000000
CCV: BF3
ExpiryDate: 11/29
]]></system-err>
  </testcase>
  <testcase name="testCreditCardCVV3Digits" classname="uk.ac.ed.inf.OrderValidatorTest" time="0">
    <system-err><![CDATA[
 -- Order info 
OrderValidationCode: CVV_INVALID
OrderStatus: INVALID
OrderNo: 6B2E2B8C
Order Contents: [Pizza[name=Pizza B, priceInPence=2400]]
PriceTotalInPence: 2500
 -- Credit card info 
CreditCardNumber: 0000000000000000
CCV: &amp#17;2L
ExpiryDate: 07/25
]]></system-err>
  </testcase>
  <testcase name="testCreditCardCVV3Digits" classname="uk.ac.ed.inf.OrderValidatorTest" time="0">
    <system-err><![CDATA[
 -- Order info 
OrderValidationCode: CVV_INVALID
OrderStatus: INVALID
OrderNo: 3DD0620D
Order Contents: [Pizza[name=Pizza A, priceInPence=2300]]
PriceTotalInPence: 2400
 -- Credit card info 
CreditCardNumber: 0000000000000000
CCV: &amp#11;YB
ExpiryDate: 09/24
]]></system-err>
  </testcase>
  <testcase name="testCreditCardCVV3Digits" classname="uk.ac.ed.inf.OrderValidatorTest" time="0">
    <system-err><![CDATA[
 -- Order info 
OrderValidationCode: CVV_INVALID
OrderStatus: INVALID
OrderNo: 16261F37
Order Contents: [Pizza[name=Pizza C, priceInPence=2500]]
PriceTotalInPence: 2600
 -- Credit card info 
CreditCardNumber: 0000000000000000
CCV: _m]
ExpiryDate: 09/29
]]></system-err>
  </testcase>
  <testcase name="testCreditCardCVV3Digits" classname="uk.ac.ed.inf.OrderValidatorTest" time="0">
    <system-err><![CDATA[
 -- Order info 
OrderValidationCode: CVV_INVALID
OrderStatus: INVALID
OrderNo: 402B6275
Order Contents: [Pizza[name=Pizza C, priceInPence=2500]]
PriceTotalInPence: 2600
 -- Credit card info 
CreditCardNumber: 0000000000000000
CCV: Kyy
ExpiryDate: 11/26
]]></system-err>
  </testcase>
  <testcase name="testCreditCardCVV3Digits" classname="uk.ac.ed.inf.OrderValidatorTest" time="0">
    <system-err><![CDATA[
 -- Order info 
OrderValidationCode: CVV_INVALID
OrderStatus: INVALID
OrderNo: 1E4AF6E8
Order Contents: [Pizza[name=Pizza A, priceInPence=2300]]
PriceTotalInPence: 2400
 -- Credit card info 
CreditCardNumber: 0000000000000000
CCV: u#y
ExpiryDate: 07/28
]]></system-err>
  </testcase>
  <testcase name="testCreditCardCVV3Digits" classname="uk.ac.ed.inf.OrderValidatorTest" time="0">
    <system-err><![CDATA[
 -- Order info 
OrderValidationCode: CVV_INVALID
OrderStatus: INVALID
OrderNo: 32D07FBE
Order Contents: [Pizza[name=Pizza A, priceInPence=2300]]
PriceTotalInPence: 2400
 -- Credit card info 
CreditCardNumber: 0000000000000000
CCV: z1{
ExpiryDate: 11/29
]]></system-err>
  </testcase>
  <testcase name="testCreditCardCVV3Digits" classname="uk.ac.ed.inf.OrderValidatorTest" time="0">
    <system-err><![CDATA[
 -- Order info 
OrderValidationCode: CVV_INVALID
OrderStatus: INVALID
OrderNo: 3901BF15
Order Contents: [Pizza[name=Pizza B, priceInPence=2400]]
PriceTotalInPence: 2500
 -- Credit card info 
CreditCardNumber: 0000000000000000
CCV: GMM
ExpiryDate: 04/29
]]></system-err>
  </testcase>
  <testcase name="testCreditCardCVV3Digits" classname="uk.ac.ed.inf.OrderValidatorTest" time="0">
    <system-err><![CDATA[
 -- Order info 
OrderValidationCode: CVV_INVALID
OrderStatus: INVALID
OrderNo: 400B05AF
Order Contents: [Pizza[name=Pizza B, priceInPence=2400]]
PriceTotalInPence: 2500
 -- Credit card info 
CreditCardNumber: 0000000000000000
CCV: (&amp#12;&amp#30;
ExpiryDate: 11/28
]]></system-err>
  </testcase>
  <testcase name="testCreditCardCVV3Digits" classname="uk.ac.ed.inf.OrderValidatorTest" time="0">
    <system-err><![CDATA[
 -- Order info 
OrderValidationCode: CVV_INVALID
OrderStatus: INVALID
OrderNo: 2B0594B3
Order Contents: [Pizza[name=Pizza A, priceInPence=2300]]
PriceTotalInPence: 2400
 -- Credit card info 
CreditCardNumber: 0000000000000000
CCV: &amp#30;,x
ExpiryDate: 07/28
]]></system-err>
  </testcase>
  <testcase name="testCreditCardCVV3Digits" classname="uk.ac.ed.inf.OrderValidatorTest" time="0">
    <system-err><![CDATA[
 -- Order info 
OrderValidationCode: CVV_INVALID
OrderStatus: INVALID
OrderNo: 5EEBD7B2
Order Contents: [Pizza[name=Pizza C, priceInPence=2500]]
PriceTotalInPence: 2600
 -- Credit card info 
CreditCardNumber: 0000000000000000
CCV: t&amp#29;m
ExpiryDate: 07/26
]]></system-err>
  </testcase>
  <testcase name="testCreditCardCVV3Digits" classname="uk.ac.ed.inf.OrderValidatorTest" time="0">
    <system-err><![CDATA[
 -- Order info 
OrderValidationCode: CVV_INVALID
OrderStatus: INVALID
OrderNo: 27553279
Order Contents: [Pizza[name=Pizza B, priceInPence=2400]]
PriceTotalInPence: 2500
 -- Credit card info 
CreditCardNumber: 0000000000000000
CCV: &amp#20;B&amp#16;
ExpiryDate: 02/25
]]></system-err>
  </testcase>
  <testcase name="testCreditCardCVV3Digits" classname="uk.ac.ed.inf.OrderValidatorTest" time="0">
    <system-err><![CDATA[
 -- Order info 
OrderValidationCode: CVV_INVALID
OrderStatus: INVALID
OrderNo: 655B74CF
Order Contents: [Pizza[name=Pizza C, priceInPence=2500]]
PriceTotalInPence: 2600
 -- Credit card info 
CreditCardNumber: 0000000000000000
CCV: &amp#22;x'
ExpiryDate: 08/26
]]></system-err>
  </testcase>
  <testcase name="testCreditCardCVV3Digits" classname="uk.ac.ed.inf.OrderValidatorTest" time="0">
    <system-err><![CDATA[
 -- Order info 
OrderValidationCode: CVV_INVALID
OrderStatus: INVALID
OrderNo: 1D465208
Order Contents: [Pizza[name=Pizza A, priceInPence=2300]]
PriceTotalInPence: 2400
 -- Credit card info 
CreditCardNumber: 0000000000000000
CCV: &amp#25;V&amp#30;
ExpiryDate: 04/27
]]></system-err>
  </testcase>
  <testcase name="testCreditCardCVV3Digits" classname="uk.ac.ed.inf.OrderValidatorTest" time="0">
    <system-err><![CDATA[
 -- Order info 
OrderValidationCode: CVV_INVALID
OrderStatus: INVALID
OrderNo: 6A20BE89
Order Contents: [Pizza[name=Pizza C, priceInPence=2500]]
PriceTotalInPence: 2600
 -- Credit card info 
CreditCardNumber: 0000000000000000
CCV: V6=
ExpiryDate: 03/24
]]></system-err>
  </testcase>
  <testcase name="testCreditCardCVV3Digits" classname="uk.ac.ed.inf.OrderValidatorTest" time="0">
    <system-err><![CDATA[
 -- Order info 
OrderValidationCode: CVV_INVALID
OrderStatus: INVALID
OrderNo: 38BEEEE7
Order Contents: [Pizza[name=Pizza B, priceInPence=2400]]
PriceTotalInPence: 2500
 -- Credit card info 
CreditCardNumber: 0000000000000000
CCV: qt&amp#29;
ExpiryDate: 08/28
]]></system-err>
  </testcase>
  <testcase name="testCreditCardCVV3Digits" classname="uk.ac.ed.inf.OrderValidatorTest" time="0">
    <system-err><![CDATA[
 -- Order info 
OrderValidationCode: CVV_INVALID
OrderStatus: INVALID
OrderNo: 47BC30EE
Order Contents: [Pizza[name=Pizza C, priceInPence=2500]]
PriceTotalInPence: 2600
 -- Credit card info 
CreditCardNumber: 0000000000000000
CCV: &amp#18;uX
ExpiryDate: 04/27
]]></system-err>
  </testcase>
  <testcase name="testCreditCardCVV3Digits" classname="uk.ac.ed.inf.OrderValidatorTest" time="0">
    <system-err><![CDATA[
 -- Order info 
OrderValidationCode: CVV_INVALID
OrderStatus: INVALID
OrderNo: 531F2D6E
Order Contents: [Pizza[name=Pizza A, priceInPence=2300]]
PriceTotalInPence: 2400
 -- Credit card info 
CreditCardNumber: 0000000000000000
CCV: 4k
ExpiryDate: 11/27
]]></system-err>
  </testcase>
  <testcase name="testCreditCardCVV3Digits" classname="uk.ac.ed.inf.OrderValidatorTest" time="0">
    <system-err><![CDATA[
 -- Order info 
OrderValidationCode: CVV_INVALID
OrderStatus: INVALID
OrderNo: 545060C8
Order Contents: [Pizza[name=Pizza A, priceInPence=2300]]
PriceTotalInPence: 2400
 -- Credit card info 
CreditCardNumber: 0000000000000000
CCV: <VP
ExpiryDate: 08/29
]]></system-err>
  </testcase>
  <testcase name="testCreditCardCVV3Digits" classname="uk.ac.ed.inf.OrderValidatorTest" time="0">
    <system-err><![CDATA[
 -- Order info 
OrderValidationCode: CVV_INVALID
OrderStatus: INVALID
OrderNo: 1CB52EED
Order Contents: [Pizza[name=Pizza A, priceInPence=2300]]
PriceTotalInPence: 2400
 -- Credit card info 
CreditCardNumber: 0000000000000000
CCV: MM(
ExpiryDate: 01/28
]]></system-err>
  </testcase>
  <testcase name="testCreditCardCVV3Digits" classname="uk.ac.ed.inf.OrderValidatorTest" time="0">
    <system-err><![CDATA[
 -- Order info 
OrderValidationCode: CVV_INVALID
OrderStatus: INVALID
OrderNo: 2F8F57E1
Order Contents: [Pizza[name=Pizza A, priceInPence=2300]]
PriceTotalInPence: 2400
 -- Credit card info 
CreditCardNumber: 0000000000000000
CCV: Z}6
ExpiryDate: 02/27
]]></system-err>
  </testcase>
  <testcase name="testCreditCardCVV3Digits" classname="uk.ac.ed.inf.OrderValidatorTest" time="0">
    <system-err><![CDATA[
 -- Order info 
OrderValidationCode: CVV_INVALID
OrderStatus: INVALID
OrderNo: 5DAEE024
Order Contents: [Pizza[name=Pizza C, priceInPence=2500]]
PriceTotalInPence: 2600
 -- Credit card info 
CreditCardNumber: 0000000000000000
CCV: |rq
ExpiryDate: 06/28
]]></system-err>
  </testcase>
  <testcase name="testCreditCardCVV3Digits" classname="uk.ac.ed.inf.OrderValidatorTest" time="0">
    <system-err><![CDATA[
 -- Order info 
OrderValidationCode: CVV_INVALID
OrderStatus: INVALID
OrderNo: 70858667
Order Contents: [Pizza[name=Pizza C, priceInPence=2500]]
PriceTotalInPence: 2600
 -- Credit card info 
CreditCardNumber: 0000000000000000
CCV: &amp#5;&amp#21;K
ExpiryDate: 05/25
]]></system-err>
  </testcase>
  <testcase name="testCreditCardCVV3Digits" classname="uk.ac.ed.inf.OrderValidatorTest" time="0">
    <system-err><![CDATA[
 -- Order info 
OrderValidationCode: CVV_INVALID
OrderStatus: INVALID
OrderNo: 3896D6A3
Order Contents: [Pizza[name=Pizza A, priceInPence=2300]]
PriceTotalInPence: 2400
 -- Credit card info 
CreditCardNumber: 0000000000000000
CCV: Tu&
ExpiryDate: 04/29
]]></system-err>
  </testcase>
  <testcase name="testCreditCardCVV3Digits" classname="uk.ac.ed.inf.OrderValidatorTest" time="0">
    <system-err><![CDATA[
 -- Order info 
OrderValidationCode: CVV_INVALID
OrderStatus: INVALID
OrderNo: 4FE47B7D
Order Contents: [Pizza[name=Pizza C, priceInPence=2500]]
PriceTotalInPence: 2600
 -- Credit card info 
CreditCardNumber: 0000000000000000
CCV: jI&amp#7;
ExpiryDate: 07/24
]]></system-err>
  </testcase>
  <testcase name="testCreditCardCVV3Digits" classname="uk.ac.ed.inf.OrderValidatorTest" time="0">
    <system-err><![CDATA[
 -- Order info 
OrderValidationCode: CVV_INVALID
OrderStatus: INVALID
OrderNo: 1B402194
Order Contents: [Pizza[name=Pizza B, priceInPence=2400]]
PriceTotalInPence: 2500
 -- Credit card info 
CreditCardNumber: 0000000000000000
CCV: =5&amp#8;
ExpiryDate: 08/27
]]></system-err>
  </testcase>
  <testcase name="testCreditCardCVV3Digits" classname="uk.ac.ed.inf.OrderValidatorTest" time="0">
    <system-err><![CDATA[
 -- Order info 
OrderValidationCode: CVV_INVALID
OrderStatus: INVALID
OrderNo: 36ADCB1F
Order Contents: [Pizza[name=Pizza A, priceInPence=2300]]
PriceTotalInPence: 2400
 -- Credit card info 
CreditCardNumber: 0000000000000000
CCV: LL&amp#19;
ExpiryDate: 04/25
]]></system-err>
  </testcase>
  <testcase name="testCreditCardCVV3Digits" classname="uk.ac.ed.inf.OrderValidatorTest" time="0">
    <system-err><![CDATA[
 -- Order info 
OrderValidationCode: CVV_INVALID
OrderStatus: INVALID
OrderNo: 7A01EEC9
Order Contents: [Pizza[name=Pizza A, priceInPence=2300]]
PriceTotalInPence: 2400
 -- Credit card info 
CreditCardNumber: 0000000000000000
CCV: sVM
ExpiryDate: 01/28
]]></system-err>
  </testcase>
  <testcase name="testCreditCardCVV3Digits" classname="uk.ac.ed.inf.OrderValidatorTest" time="0">
    <system-err><![CDATA[
 -- Order info 
OrderValidationCode: CVV_INVALID
OrderStatus: INVALID
OrderNo: 62E5D5AA
Order Contents: [Pizza[name=Pizza A, priceInPence=2300]]
PriceTotalInPence: 2400
 -- Credit card info 
CreditCardNumber: 0000000000000000
CCV: RO
ExpiryDate: 11/24
]]></system-err>
  </testcase>
  <testcase name="testCreditCardCVV3Digits" classname="uk.ac.ed.inf.OrderValidatorTest" time="0">
    <system-err><![CDATA[
 -- Order info 
OrderValidationCode: CVV_INVALID
OrderStatus: INVALID
OrderNo: 1A2770AE
Order Contents: [Pizza[name=Pizza C, priceInPence=2500]]
PriceTotalInPence: 2600
 -- Credit card info 
CreditCardNumber: 0000000000000000
CCV: &amp#5;>&amp#27;
ExpiryDate: 06/28
]]></system-err>
  </testcase>
  <testcase name="testCreditCardCVV3Digits" classname="uk.ac.ed.inf.OrderValidatorTest" time="0">
    <system-err><![CDATA[
 -- Order info 
OrderValidationCode: CVV_INVALID
OrderStatus: INVALID
OrderNo: 34FFC41E
Order Contents: [Pizza[name=Pizza A, priceInPence=2300]]
PriceTotalInPence: 2400
 -- Credit card info 
CreditCardNumber: 0000000000000000
CCV: o&amp#21;M
ExpiryDate: 08/28
]]></system-err>
  </testcase>
  <testcase name="testCreditCardCVV3Digits" classname="uk.ac.ed.inf.OrderValidatorTest" time="0">
    <system-err><![CDATA[
 -- Order info 
OrderValidationCode: CVV_INVALID
OrderStatus: INVALID
OrderNo: 4EF4D950
Order Contents: [Pizza[name=Pizza A, priceInPence=2300]]
PriceTotalInPence: 2400
 -- Credit card info 
CreditCardNumber: 0000000000000000
CCV: W&amp#24;&amp#16;
ExpiryDate: 07/29
]]></system-err>
  </testcase>
  <testcase name="testCreditCardCVV3Digits" classname="uk.ac.ed.inf.OrderValidatorTest" time="0">
    <system-err><![CDATA[
 -- Order info 
OrderValidationCode: CVV_INVALID
OrderStatus: INVALID
OrderNo: 387669AA
Order Contents: [Pizza[name=Pizza C, priceInPence=2500]]
PriceTotalInPence: 2600
 -- Credit card info 
CreditCardNumber: 0000000000000000
CCV: &amp#23;QS
ExpiryDate: 01/29
]]></system-err>
  </testcase>
  <testcase name="testCreditCardCVV3Digits" classname="uk.ac.ed.inf.OrderValidatorTest" time="0">
    <system-err><![CDATA[
 -- Order info 
OrderValidationCode: CVV_INVALID
OrderStatus: INVALID
OrderNo: 60E5C8B5
Order Contents: [Pizza[name=Pizza A, priceInPence=2300]]
PriceTotalInPence: 2400
 -- Credit card info 
CreditCardNumber: 0000000000000000
CCV:  T=
ExpiryDate: 09/26
]]></system-err>
  </testcase>
  <testcase name="testCreditCardCVV3Digits" classname="uk.ac.ed.inf.OrderValidatorTest" time="0">
    <system-err><![CDATA[
 -- Order info 
OrderValidationCode: CVV_INVALID
OrderStatus: INVALID
OrderNo: 3E4AF597
Order Contents: [Pizza[name=Pizza A, priceInPence=2300]]
PriceTotalInPence: 2400
 -- Credit card info 
CreditCardNumber: 0000000000000000
CCV: &amp#11;H^
ExpiryDate: 06/29
]]></system-err>
  </testcase>
  <testcase name="testCreditCardCVV3Digits" classname="uk.ac.ed.inf.OrderValidatorTest" time="0">
    <system-err><![CDATA[
 -- Order info 
OrderValidationCode: CVV_INVALID
OrderStatus: INVALID
OrderNo: 08444172
Order Contents: [Pizza[name=Pizza A, priceInPence=2300]]
PriceTotalInPence: 2400
 -- Credit card info 
CreditCardNumber: 0000000000000000
CCV: m%&
ExpiryDate: 03/25
]]></system-err>
  </testcase>
  <testcase name="testCreditCardCVV3Digits" classname="uk.ac.ed.inf.OrderValidatorTest" time="0">
    <system-err><![CDATA[
 -- Order info 
OrderValidationCode: CVV_INVALID
OrderStatus: INVALID
OrderNo: 4F3DFDFC
Order Contents: [Pizza[name=Pizza B, priceInPence=2400]]
PriceTotalInPence: 2500
 -- Credit card info 
CreditCardNumber: 0000000000000000
CCV: n>&amp#26;
ExpiryDate: 11/24
]]></system-err>
  </testcase>
  <testcase name="testCreditCardCVV3Digits" classname="uk.ac.ed.inf.OrderValidatorTest" time="0">
    <system-err><![CDATA[
 -- Order info 
OrderValidationCode: CVV_INVALID
OrderStatus: INVALID
OrderNo: 48AB91DD
Order Contents: [Pizza[name=Pizza A, priceInPence=2300]]
PriceTotalInPence: 2400
 -- Credit card info 
CreditCardNumber: 0000000000000000
CCV: &amp#28;&amp#1;D
ExpiryDate: 03/29
]]></system-err>
  </testcase>
  <testcase name="testCreditCardCVV3Digits" classname="uk.ac.ed.inf.OrderValidatorTest" time="0">
    <system-err><![CDATA[
 -- Order info 
OrderValidationCode: CVV_INVALID
OrderStatus: INVALID
OrderNo: 54372439
Order Contents: [Pizza[name=Pizza A, priceInPence=2300]]
PriceTotalInPence: 2400
 -- Credit card info 
CreditCardNumber: 0000000000000000
CCV: |~j
ExpiryDate: 09/26
]]></system-err>
  </testcase>
  <testcase name="testCreditCardCVV3Digits" classname="uk.ac.ed.inf.OrderValidatorTest" time="0">
    <system-err><![CDATA[
 -- Order info 
OrderValidationCode: CVV_INVALID
OrderStatus: INVALID
OrderNo: 6BDB2A1C
Order Contents: [Pizza[name=Pizza A, priceInPence=2300]]
PriceTotalInPence: 2400
 -- Credit card info 
CreditCardNumber: 0000000000000000
CCV: b%&amp#3;
ExpiryDate: 09/27
]]></system-err>
  </testcase>
  <testcase name="testCreditCardCVV3Digits" classname="uk.ac.ed.inf.OrderValidatorTest" time="0">
    <system-err><![CDATA[
 -- Order info 
OrderValidationCode: CVV_INVALID
OrderStatus: INVALID
OrderNo: 4A6E8316
Order Contents: [Pizza[name=Pizza C, priceInPence=2500]]
PriceTotalInPence: 2600
 -- Credit card info 
CreditCardNumber: 0000000000000000
CCV: &amp#2;Sf
ExpiryDate: 04/25
]]></system-err>
  </testcase>
  <testcase name="testCreditCardCVV3Digits" classname="uk.ac.ed.inf.OrderValidatorTest" time="0">
    <system-err><![CDATA[
 -- Order info 
OrderValidationCode: CVV_INVALID
OrderStatus: INVALID
OrderNo: 23607906
Order Contents: [Pizza[name=Pizza B, priceInPence=2400]]
PriceTotalInPence: 2500
 -- Credit card info 
CreditCardNumber: 0000000000000000
CCV: F&amp#15;D
ExpiryDate: 09/26
]]></system-err>
  </testcase>
  <testcase name="testCreditCardCVV3Digits" classname="uk.ac.ed.inf.OrderValidatorTest" time="0">
    <system-err><![CDATA[
 -- Order info 
OrderValidationCode: CVV_INVALID
OrderStatus: INVALID
OrderNo: 0BFB2A12
Order Contents: [Pizza[name=Pizza A, priceInPence=2300]]
PriceTotalInPence: 2400
 -- Credit card info 
CreditCardNumber: 0000000000000000
CCV: a&amp#16;X
ExpiryDate: 05/24
]]></system-err>
  </testcase>
  <testcase name="testCreditCardCVV3Digits" classname="uk.ac.ed.inf.OrderValidatorTest" time="0">
    <system-err><![CDATA[
 -- Order info 
OrderValidationCode: CVV_INVALID
OrderStatus: INVALID
OrderNo: 459391E2
Order Contents: [Pizza[name=Pizza C, priceInPence=2500]]
PriceTotalInPence: 2600
 -- Credit card info 
CreditCardNumber: 0000000000000000
CCV: #&amp#2;\
ExpiryDate: 10/27
]]></system-err>
  </testcase>
  <testcase name="testCreditCardCVV3Digits" classname="uk.ac.ed.inf.OrderValidatorTest" time="0">
    <system-err><![CDATA[
 -- Order info 
OrderValidationCode: CVV_INVALID
OrderStatus: INVALID
OrderNo: 161268C9
Order Contents: [Pizza[name=Pizza C, priceInPence=2500]]
PriceTotalInPence: 2600
 -- Credit card info 
CreditCardNumber: 0000000000000000
CCV: &amp#15;	>
ExpiryDate: 04/25
]]></system-err>
  </testcase>
  <testcase name="testCreditCardCVV3Digits" classname="uk.ac.ed.inf.OrderValidatorTest" time="0">
    <system-err><![CDATA[
 -- Order info 
OrderValidationCode: CVV_INVALID
OrderStatus: INVALID
OrderNo: 48CD6616
Order Contents: [Pizza[name=Pizza A, priceInPence=2300]]
PriceTotalInPence: 2400
 -- Credit card info 
CreditCardNumber: 0000000000000000
CCV: *&amp#5;&amp#19;
ExpiryDate: 09/29
]]></system-err>
  </testcase>
  <testcase name="testCreditCardCVV3Digits" classname="uk.ac.ed.inf.OrderValidatorTest" time="0">
    <system-err><![CDATA[
 -- Order info 
OrderValidationCode: CVV_INVALID
OrderStatus: INVALID
OrderNo: 6CCFED84
Order Contents: [Pizza[name=Pizza C, priceInPence=2500]]
PriceTotalInPence: 2600
 -- Credit card info 
CreditCardNumber: 0000000000000000
CCV: &amp#21;&amp#23;L
ExpiryDate: 09/24
]]></system-err>
  </testcase>
  <testcase name="testCreditCardCVV3Digits" classname="uk.ac.ed.inf.OrderValidatorTest" time="0">
    <system-err><![CDATA[
 -- Order info 
OrderValidationCode: CVV_INVALID
OrderStatus: INVALID
OrderNo: 0C5C30C7
Order Contents: [Pizza[name=Pizza C, priceInPence=2500]]
PriceTotalInPence: 2600
 -- Credit card info 
CreditCardNumber: 0000000000000000
CCV: ]d&
ExpiryDate: 04/28
]]></system-err>
  </testcase>
  <testcase name="testCreditCardCVV3Digits" classname="uk.ac.ed.inf.OrderValidatorTest" time="0.016">
    <system-err><![CDATA[
 -- Order info 
OrderValidationCode: CVV_INVALID
OrderStatus: INVALID
OrderNo: 311F98D7
Order Contents: [Pizza[name=Pizza A, priceInPence=2300]]
PriceTotalInPence: 2400
 -- Credit card info 
CreditCardNumber: 0000000000000000
CCV: &amp#18;&amp#25;g
ExpiryDate: 01/28
]]></system-err>
  </testcase>
  <testcase name="testCreditCardCVV3Digits" classname="uk.ac.ed.inf.OrderValidatorTest" time="0">
    <system-err><![CDATA[
 -- Order info 
OrderValidationCode: CVV_INVALID
OrderStatus: INVALID
OrderNo: 71E83AF1
Order Contents: [Pizza[name=Pizza A, priceInPence=2300]]
PriceTotalInPence: 2400
 -- Credit card info 
CreditCardNumber: 0000000000000000
CCV: &amp#22;.F
ExpiryDate: 01/26
]]></system-err>
  </testcase>
  <testcase name="testCreditCardCVV3Digits" classname="uk.ac.ed.inf.OrderValidatorTest" time="0">
    <system-err><![CDATA[
 -- Order info 
OrderValidationCode: CVV_INVALID
OrderStatus: INVALID
OrderNo: 730A4374
Order Contents: [Pizza[name=Pizza C, priceInPence=2500]]
PriceTotalInPence: 2600
 -- Credit card info 
CreditCardNumber: 0000000000000000
CCV: 6m*
ExpiryDate: 02/29
]]></system-err>
  </testcase>
  <testcase name="testCreditCardCVV3Digits" classname="uk.ac.ed.inf.OrderValidatorTest" time="0">
    <system-err><![CDATA[
 -- Order info 
OrderValidationCode: CVV_INVALID
OrderStatus: INVALID
OrderNo: 3A5B3191
Order Contents: [Pizza[name=Pizza A, priceInPence=2300]]
PriceTotalInPence: 2400
 -- Credit card info 
CreditCardNumber: 0000000000000000
CCV: ~5&amp#23;
ExpiryDate: 02/27
]]></system-err>
  </testcase>
  <testcase name="testCreditCardCVV3Digits" classname="uk.ac.ed.inf.OrderValidatorTest" time="0">
    <system-err><![CDATA[
 -- Order info 
OrderValidationCode: CVV_INVALID
OrderStatus: INVALID
OrderNo: 1C51D934
Order Contents: [Pizza[name=Pizza B, priceInPence=2400]]
PriceTotalInPence: 2500
 -- Credit card info 
CreditCardNumber: 0000000000000000
CCV: H{e
ExpiryDate: 04/26
]]></system-err>
  </testcase>
  <testcase name="testCreditCardCVV3Digits" classname="uk.ac.ed.inf.OrderValidatorTest" time="0">
    <system-err><![CDATA[
 -- Order info 
OrderValidationCode: CVV_INVALID
OrderStatus: INVALID
OrderNo: 2476DD75
Order Contents: [Pizza[name=Pizza B, priceInPence=2400]]
PriceTotalInPence: 2500
 -- Credit card info 
CreditCardNumber: 0000000000000000
CCV: &amp#22;&amp#17;2
ExpiryDate: 05/26
]]></system-err>
  </testcase>
  <testcase name="testCreditCardCVV3Digits" classname="uk.ac.ed.inf.OrderValidatorTest" time="0">
    <system-err><![CDATA[
 -- Order info 
OrderValidationCode: CVV_INVALID
OrderStatus: INVALID
OrderNo: 7CC56D61
Order Contents: [Pizza[name=Pizza A, priceInPence=2300]]
PriceTotalInPence: 2400
 -- Credit card info 
CreditCardNumber: 0000000000000000
CCV: !*&amp#25;
ExpiryDate: 03/28
]]></system-err>
  </testcase>
  <testcase name="testCreditCardCVV3Digits" classname="uk.ac.ed.inf.OrderValidatorTest" time="0">
    <system-err><![CDATA[
 -- Order info 
OrderValidationCode: CVV_INVALID
OrderStatus: INVALID
OrderNo: 249983BD
Order Contents: [Pizza[name=Pizza C, priceInPence=2500]]
PriceTotalInPence: 2600
 -- Credit card info 
CreditCardNumber: 0000000000000000
CCV: 1&amp#29;#
ExpiryDate: 11/27
]]></system-err>
  </testcase>
  <testcase name="testCreditCardCVV3Digits" classname="uk.ac.ed.inf.OrderValidatorTest" time="0">
    <system-err><![CDATA[
 -- Order info 
OrderValidationCode: CVV_INVALID
OrderStatus: INVALID
OrderNo: 6121D3B8
Order Contents: [Pizza[name=Pizza B, priceInPence=2400]]
PriceTotalInPence: 2500
 -- Credit card info 
CreditCardNumber: 0000000000000000
CCV: /i}
ExpiryDate: 06/26
]]></system-err>
  </testcase>
  <testcase name="testCreditCardCVV3Digits" classname="uk.ac.ed.inf.OrderValidatorTest" time="0">
    <system-err><![CDATA[
 -- Order info 
OrderValidationCode: CVV_INVALID
OrderStatus: INVALID
OrderNo: 2F422358
Order Contents: [Pizza[name=Pizza B, priceInPence=2400]]
PriceTotalInPence: 2500
 -- Credit card info 
CreditCardNumber: 0000000000000000
CCV: xyk
ExpiryDate: 09/25
]]></system-err>
  </testcase>
  <testcase name="testCreditCardCVV3Digits" classname="uk.ac.ed.inf.OrderValidatorTest" time="0">
    <system-err><![CDATA[
 -- Order info 
OrderValidationCode: CVV_INVALID
OrderStatus: INVALID
OrderNo: 2B0A321D
Order Contents: [Pizza[name=Pizza B, priceInPence=2400]]
PriceTotalInPence: 2500
 -- Credit card info 
CreditCardNumber: 0000000000000000
CCV: s(|
ExpiryDate: 07/29
]]></system-err>
  </testcase>
  <testcase name="testCreditCardCVV3Digits" classname="uk.ac.ed.inf.OrderValidatorTest" time="0">
    <system-err><![CDATA[
 -- Order info 
OrderValidationCode: CVV_INVALID
OrderStatus: INVALID
OrderNo: 2B996D96
Order Contents: [Pizza[name=Pizza B, priceInPence=2400]]
PriceTotalInPence: 2500
 -- Credit card info 
CreditCardNumber: 0000000000000000
CCV: e&amp#6;
ExpiryDate: 02/25
]]></system-err>
  </testcase>
  <testcase name="testCreditCardCVV3Digits" classname="uk.ac.ed.inf.OrderValidatorTest" time="0">
    <system-err><![CDATA[
 -- Order info 
OrderValidationCode: CVV_INVALID
OrderStatus: INVALID
OrderNo: 2D85E25D
Order Contents: [Pizza[name=Pizza A, priceInPence=2300]]
PriceTotalInPence: 2400
 -- Credit card info 
CreditCardNumber: 0000000000000000
CCV: &amp#3;\5
ExpiryDate: 06/29
]]></system-err>
  </testcase>
  <testcase name="testCreditCardCVV3Digits" classname="uk.ac.ed.inf.OrderValidatorTest" time="0">
    <system-err><![CDATA[
 -- Order info 
OrderValidationCode: CVV_INVALID
OrderStatus: INVALID
OrderNo: 4D4CFA4E
Order Contents: [Pizza[name=Pizza B, priceInPence=2400]]
PriceTotalInPence: 2500
 -- Credit card info 
CreditCardNumber: 0000000000000000
CCV: HmG
ExpiryDate: 07/28
]]></system-err>
  </testcase>
  <testcase name="testCreditCardCVV3Digits" classname="uk.ac.ed.inf.OrderValidatorTest" time="0">
    <system-err><![CDATA[
 -- Order info 
OrderValidationCode: CVV_INVALID
OrderStatus: INVALID
OrderNo: 046ED38F
Order Contents: [Pizza[name=Pizza C, priceInPence=2500]]
PriceTotalInPence: 2600
 -- Credit card info 
CreditCardNumber: 0000000000000000
CCV: &amp#8;~z
ExpiryDate: 06/24
]]></system-err>
  </testcase>
  <testcase name="testCreditCardCVV3Digits" classname="uk.ac.ed.inf.OrderValidatorTest" time="0">
    <system-err><![CDATA[
 -- Order info 
OrderValidationCode: CVV_INVALID
OrderStatus: INVALID
OrderNo: 0002C17C
Order Contents: [Pizza[name=Pizza B, priceInPence=2400]]
PriceTotalInPence: 2500
 -- Credit card info 
CreditCardNumber: 0000000000000000
CCV: E&amp#25; 
ExpiryDate: 05/28
]]></system-err>
  </testcase>
  <testcase name="testCreditCardCVV3Digits" classname="uk.ac.ed.inf.OrderValidatorTest" time="0">
    <system-err><![CDATA[
 -- Order info 
OrderValidationCode: CVV_INVALID
OrderStatus: INVALID
OrderNo: 39102F25
Order Contents: [Pizza[name=Pizza A, priceInPence=2300]]
PriceTotalInPence: 2400
 -- Credit card info 
CreditCardNumber: 0000000000000000
CCV: AQ
ExpiryDate: 04/25
]]></system-err>
  </testcase>
  <testcase name="testCreditCardCVV3Digits" classname="uk.ac.ed.inf.OrderValidatorTest" time="0">
    <system-err><![CDATA[
 -- Order info 
OrderValidationCode: CVV_INVALID
OrderStatus: INVALID
OrderNo: 15DA6D22
Order Contents: [Pizza[name=Pizza C, priceInPence=2500]]
PriceTotalInPence: 2600
 -- Credit card info 
CreditCardNumber: 0000000000000000
CCV: T8[
ExpiryDate: 06/24
]]></system-err>
  </testcase>
  <testcase name="testCreditCardCVV3Digits" classname="uk.ac.ed.inf.OrderValidatorTest" time="0">
    <system-err><![CDATA[
 -- Order info 
OrderValidationCode: CVV_INVALID
OrderStatus: INVALID
OrderNo: 4E2263BC
Order Contents: [Pizza[name=Pizza A, priceInPence=2300]]
PriceTotalInPence: 2400
 -- Credit card info 
CreditCardNumber: 0000000000000000
CCV: &amp#7;v
ExpiryDate: 04/29
]]></system-err>
  </testcase>
  <testcase name="testCreditCardCVV3Digits" classname="uk.ac.ed.inf.OrderValidatorTest" time="0">
    <system-err><![CDATA[
 -- Order info 
OrderValidationCode: CVV_INVALID
OrderStatus: INVALID
OrderNo: 27736EFE
Order Contents: [Pizza[name=Pizza A, priceInPence=2300]]
PriceTotalInPence: 2400
 -- Credit card info 
CreditCardNumber: 0000000000000000
CCV: @=<
ExpiryDate: 01/28
]]></system-err>
  </testcase>
  <testcase name="testCreditCardCVV3Digits" classname="uk.ac.ed.inf.OrderValidatorTest" time="0">
    <system-err><![CDATA[
 -- Order info 
OrderValidationCode: CVV_INVALID
OrderStatus: INVALID
OrderNo: 5928C286
Order Contents: [Pizza[name=Pizza C, priceInPence=2500]]
PriceTotalInPence: 2600
 -- Credit card info 
CreditCardNumber: 0000000000000000
CCV: 'tW
ExpiryDate: 03/26
]]></system-err>
  </testcase>
  <testcase name="testCreditCardCVV3Digits" classname="uk.ac.ed.inf.OrderValidatorTest" time="0">
    <system-err><![CDATA[
 -- Order info 
OrderValidationCode: CVV_INVALID
OrderStatus: INVALID
OrderNo: 18277238
Order Contents: [Pizza[name=Pizza B, priceInPence=2400]]
PriceTotalInPence: 2500
 -- Credit card info 
CreditCardNumber: 0000000000000000
CCV: )a{
ExpiryDate: 08/24
]]></system-err>
  </testcase>
  <testcase name="testCreditCardCVV3Digits" classname="uk.ac.ed.inf.OrderValidatorTest" time="0">
    <system-err><![CDATA[
 -- Order info 
OrderValidationCode: CVV_INVALID
OrderStatus: INVALID
OrderNo: 7E7A046A
Order Contents: [Pizza[name=Pizza A, priceInPence=2300]]
PriceTotalInPence: 2400
 -- Credit card info 
CreditCardNumber: 0000000000000000
CCV: 3\&amp#22;
ExpiryDate: 03/29
]]></system-err>
  </testcase>
  <testcase name="testCreditCardCVV3Digits" classname="uk.ac.ed.inf.OrderValidatorTest" time="0">
    <system-err><![CDATA[
 -- Order info 
OrderValidationCode: CVV_INVALID
OrderStatus: INVALID
OrderNo: 237C8371
Order Contents: [Pizza[name=Pizza C, priceInPence=2500]]
PriceTotalInPence: 2600
 -- Credit card info 
CreditCardNumber: 0000000000000000
CCV: &amp#2;&amp#30;F
ExpiryDate: 11/24
]]></system-err>
  </testcase>
  <testcase name="testCreditCardCVV3Digits" classname="uk.ac.ed.inf.OrderValidatorTest" time="0">
    <system-err><![CDATA[
 -- Order info 
OrderValidationCode: CVV_INVALID
OrderStatus: INVALID
OrderNo: 582220EE
Order Contents: [Pizza[name=Pizza B, priceInPence=2400]]
PriceTotalInPence: 2500
 -- Credit card info 
CreditCardNumber: 0000000000000000
CCV: 1K&amp#11;
ExpiryDate: 03/28
]]></system-err>
  </testcase>
  <testcase name="testCreditCardCVV3Digits" classname="uk.ac.ed.inf.OrderValidatorTest" time="0">
    <system-err><![CDATA[
 -- Order info 
OrderValidationCode: CVV_INVALID
OrderStatus: INVALID
OrderNo: 4F58C1D7
Order Contents: [Pizza[name=Pizza B, priceInPence=2400]]
PriceTotalInPence: 2500
 -- Credit card info 
CreditCardNumber: 0000000000000000
CCV: &amp#19;3=
ExpiryDate: 04/25
]]></system-err>
  </testcase>
  <testcase name="testCreditCardCVV3Digits" classname="uk.ac.ed.inf.OrderValidatorTest" time="0">
    <system-err><![CDATA[
 -- Order info 
OrderValidationCode: CVV_INVALID
OrderStatus: INVALID
OrderNo: 5516C7FE
Order Contents: [Pizza[name=Pizza C, priceInPence=2500]]
PriceTotalInPence: 2600
 -- Credit card info 
CreditCardNumber: 0000000000000000
CCV: BT@
ExpiryDate: 02/24
]]></system-err>
  </testcase>
  <testcase name="testCreditCardCVV3Digits" classname="uk.ac.ed.inf.OrderValidatorTest" time="0">
    <system-err><![CDATA[
 -- Order info 
OrderValidationCode: CVV_INVALID
OrderStatus: INVALID
OrderNo: 3D86B283
Order Contents: [Pizza[name=Pizza C, priceInPence=2500]]
PriceTotalInPence: 2600
 -- Credit card info 
CreditCardNumber: 0000000000000000
CCV: x#u
ExpiryDate: 01/24
]]></system-err>
  </testcase>
  <testcase name="testCreditCardCVV3Digits" classname="uk.ac.ed.inf.OrderValidatorTest" time="0">
    <system-err><![CDATA[
 -- Order info 
OrderValidationCode: CVV_INVALID
OrderStatus: INVALID
OrderNo: 3BF6F2D6
Order Contents: [Pizza[name=Pizza C, priceInPence=2500]]
PriceTotalInPence: 2600
 -- Credit card info 
CreditCardNumber: 0000000000000000
CCV: &amp#28;&amp#11;s
ExpiryDate: 06/27
]]></system-err>
  </testcase>
  <testcase name="testCreditCardCVV3Digits" classname="uk.ac.ed.inf.OrderValidatorTest" time="0">
    <system-err><![CDATA[
 -- Order info 
OrderValidationCode: CVV_INVALID
OrderStatus: INVALID
OrderNo: 01965398
Order Contents: [Pizza[name=Pizza A, priceInPence=2300]]
PriceTotalInPence: 2400
 -- Credit card info 
CreditCardNumber: 0000000000000000
CCV:  5v
ExpiryDate: 01/27
]]></system-err>
  </testcase>
  <testcase name="testCreditCardCVV3Digits" classname="uk.ac.ed.inf.OrderValidatorTest" time="0">
    <system-err><![CDATA[
 -- Order info 
OrderValidationCode: CVV_INVALID
OrderStatus: INVALID
OrderNo: 6B9BE024
Order Contents: [Pizza[name=Pizza B, priceInPence=2400]]
PriceTotalInPence: 2500
 -- Credit card info 
CreditCardNumber: 0000000000000000
CCV: 	
&amp#23;
ExpiryDate: 02/26
]]></system-err>
  </testcase>
  <testcase name="testCreditCardCVV3Digits" classname="uk.ac.ed.inf.OrderValidatorTest" time="0">
    <system-err><![CDATA[
 -- Order info 
OrderValidationCode: CVV_INVALID
OrderStatus: INVALID
OrderNo: 6C7EFA7C
Order Contents: [Pizza[name=Pizza B, priceInPence=2400]]
PriceTotalInPence: 2500
 -- Credit card info 
CreditCardNumber: 0000000000000000
CCV: Ou=
ExpiryDate: 02/25
]]></system-err>
  </testcase>
  <testcase name="testCreditCardCVV3Digits" classname="uk.ac.ed.inf.OrderValidatorTest" time="0">
    <system-err><![CDATA[
 -- Order info 
OrderValidationCode: CVV_INVALID
OrderStatus: INVALID
OrderNo: 5D35A670
Order Contents: [Pizza[name=Pizza A, priceInPence=2300]]
PriceTotalInPence: 2400
 -- Credit card info 
CreditCardNumber: 0000000000000000
CCV: fmS
ExpiryDate: 01/29
]]></system-err>
  </testcase>
  <testcase name="testTotalPriceOnePizzaNoOrderFee" classname="uk.ac.ed.inf.OrderValidatorTest" time="0">
    <system-err><![CDATA[
 -- Order info 
OrderValidationCode: TOTAL_INCORRECT
OrderStatus: INVALID
OrderNo: 3ADC1D2F
Order Contents: [Pizza[name=Pizza B, priceInPence=2400]]
PriceTotalInPence: -7047
 -- Credit card info 
CreditCardNumber: 0000000000000000
CCV: 222
ExpiryDate: 07/28
]]></system-err>
  </testcase>
  <testcase name="testTotalPriceOnePizzaNoOrderFee" classname="uk.ac.ed.inf.OrderValidatorTest" time="0">
    <system-err><![CDATA[
 -- Order info 
OrderValidationCode: TOTAL_INCORRECT
OrderStatus: INVALID
OrderNo: 33E9624B
Order Contents: [Pizza[name=Pizza C, priceInPence=2500]]
PriceTotalInPence: -38394
 -- Credit card info 
CreditCardNumber: 0000000000000000
CCV: 222
ExpiryDate: 09/25
]]></system-err>
  </testcase>
  <testcase name="testTotalPriceOnePizzaNoOrderFee" classname="uk.ac.ed.inf.OrderValidatorTest" time="0">
    <system-err><![CDATA[
 -- Order info 
OrderValidationCode: TOTAL_INCORRECT
OrderStatus: INVALID
OrderNo: 39F844B8
Order Contents: [Pizza[name=Pizza B, priceInPence=2400]]
PriceTotalInPence: -63573
 -- Credit card info 
CreditCardNumber: 0000000000000000
CCV: 222
ExpiryDate: 01/24
]]></system-err>
  </testcase>
  <testcase name="testTotalPriceOnePizzaNoOrderFee" classname="uk.ac.ed.inf.OrderValidatorTest" time="0">
    <system-err><![CDATA[
 -- Order info 
OrderValidationCode: TOTAL_INCORRECT
OrderStatus: INVALID
OrderNo: 6FB7744B
Order Contents: [Pizza[name=Pizza C, priceInPence=2500]]
PriceTotalInPence: -88188
 -- Credit card info 
CreditCardNumber: 0000000000000000
CCV: 222
ExpiryDate: 01/24
]]></system-err>
  </testcase>
  <testcase name="testTotalPriceOnePizzaNoOrderFee" classname="uk.ac.ed.inf.OrderValidatorTest" time="0">
    <system-err><![CDATA[
 -- Order info 
OrderValidationCode: TOTAL_INCORRECT
OrderStatus: INVALID
OrderNo: 7992D063
Order Contents: [Pizza[name=Pizza C, priceInPence=2500]]
PriceTotalInPence: -2881
 -- Credit card info 
CreditCardNumber: 0000000000000000
CCV: 222
ExpiryDate: 04/24
]]></system-err>
  </testcase>
  <testcase name="testTotalPriceOnePizzaNoOrderFee" classname="uk.ac.ed.inf.OrderValidatorTest" time="0">
    <system-err><![CDATA[
 -- Order info 
OrderValidationCode: TOTAL_INCORRECT
OrderStatus: INVALID
OrderNo: 11C0C500
Order Contents: [Pizza[name=Pizza B, priceInPence=2400]]
PriceTotalInPence: -98772
 -- Credit card info 
CreditCardNumber: 0000000000000000
CCV: 222
ExpiryDate: 03/29
]]></system-err>
  </testcase>
  <testcase name="testTotalPriceOnePizzaNoOrderFee" classname="uk.ac.ed.inf.OrderValidatorTest" time="0">
    <system-err><![CDATA[
 -- Order info 
OrderValidationCode: TOTAL_INCORRECT
OrderStatus: INVALID
OrderNo: 3D34F3B5
Order Contents: [Pizza[name=Pizza A, priceInPence=2300]]
PriceTotalInPence: -1868
 -- Credit card info 
CreditCardNumber: 0000000000000000
CCV: 222
ExpiryDate: 08/26
]]></system-err>
  </testcase>
  <testcase name="testTotalPriceOnePizzaNoOrderFee" classname="uk.ac.ed.inf.OrderValidatorTest" time="0">
    <system-err><![CDATA[
 -- Order info 
OrderValidationCode: TOTAL_INCORRECT
OrderStatus: INVALID
OrderNo: 3EE1814D
Order Contents: [Pizza[name=Pizza C, priceInPence=2500]]
PriceTotalInPence: -90903
 -- Credit card info 
CreditCardNumber: 0000000000000000
CCV: 222
ExpiryDate: 11/24
]]></system-err>
  </testcase>
  <testcase name="testTotalPriceOnePizzaNoOrderFee" classname="uk.ac.ed.inf.OrderValidatorTest" time="0">
    <system-err><![CDATA[
 -- Order info 
OrderValidationCode: TOTAL_INCORRECT
OrderStatus: INVALID
OrderNo: 00EACFE1
Order Contents: [Pizza[name=Pizza A, priceInPence=2300]]
PriceTotalInPence: -68776
 -- Credit card info 
CreditCardNumber: 0000000000000000
CCV: 222
ExpiryDate: 03/24
]]></system-err>
  </testcase>
  <testcase name="testTotalPriceOnePizzaNoOrderFee" classname="uk.ac.ed.inf.OrderValidatorTest" time="0">
    <system-err><![CDATA[
 -- Order info 
OrderValidationCode: TOTAL_INCORRECT
OrderStatus: INVALID
OrderNo: 25E639D7
Order Contents: [Pizza[name=Pizza C, priceInPence=2500]]
PriceTotalInPence: -94255
 -- Credit card info 
CreditCardNumber: 0000000000000000
CCV: 222
ExpiryDate: 04/27
]]></system-err>
  </testcase>
  <testcase name="testTotalPriceOnePizzaNoOrderFee" classname="uk.ac.ed.inf.OrderValidatorTest" time="0">
    <system-err><![CDATA[
 -- Order info 
OrderValidationCode: TOTAL_INCORRECT
OrderStatus: INVALID
OrderNo: 5A7D12E9
Order Contents: [Pizza[name=Pizza B, priceInPence=2400]]
PriceTotalInPence: -78520
 -- Credit card info 
CreditCardNumber: 0000000000000000
CCV: 222
ExpiryDate: 04/27
]]></system-err>
  </testcase>
  <testcase name="testTotalPriceOnePizzaNoOrderFee" classname="uk.ac.ed.inf.OrderValidatorTest" time="0">
    <system-err><![CDATA[
 -- Order info 
OrderValidationCode: TOTAL_INCORRECT
OrderStatus: INVALID
OrderNo: 7EC74BEE
Order Contents: [Pizza[name=Pizza A, priceInPence=2300]]
PriceTotalInPence: -26183
 -- Credit card info 
CreditCardNumber: 0000000000000000
CCV: 222
ExpiryDate: 09/29
]]></system-err>
  </testcase>
  <testcase name="testTotalPriceOnePizzaNoOrderFee" classname="uk.ac.ed.inf.OrderValidatorTest" time="0">
    <system-err><![CDATA[
 -- Order info 
OrderValidationCode: TOTAL_INCORRECT
OrderStatus: INVALID
OrderNo: 55B55144
Order Contents: [Pizza[name=Pizza B, priceInPence=2400]]
PriceTotalInPence: -16269
 -- Credit card info 
CreditCardNumber: 0000000000000000
CCV: 222
ExpiryDate: 08/25
]]></system-err>
  </testcase>
  <testcase name="testTotalPriceOnePizzaNoOrderFee" classname="uk.ac.ed.inf.OrderValidatorTest" time="0">
    <system-err><![CDATA[
 -- Order info 
OrderValidationCode: TOTAL_INCORRECT
OrderStatus: INVALID
OrderNo: 69494CC0
Order Contents: [Pizza[name=Pizza C, priceInPence=2500]]
PriceTotalInPence: -61884
 -- Credit card info 
CreditCardNumber: 0000000000000000
CCV: 222
ExpiryDate: 02/29
]]></system-err>
  </testcase>
  <testcase name="testTotalPriceOnePizzaNoOrderFee" classname="uk.ac.ed.inf.OrderValidatorTest" time="0.016">
    <system-err><![CDATA[
 -- Order info 
OrderValidationCode: TOTAL_INCORRECT
OrderStatus: INVALID
OrderNo: 3B5AA1C8
Order Contents: [Pizza[name=Pizza C, priceInPence=2500]]
PriceTotalInPence: -36323
 -- Credit card info 
CreditCardNumber: 0000000000000000
CCV: 222
ExpiryDate: 08/27
]]></system-err>
  </testcase>
  <testcase name="testTotalPriceOnePizzaNoOrderFee" classname="uk.ac.ed.inf.OrderValidatorTest" time="0">
    <system-err><![CDATA[
 -- Order info 
OrderValidationCode: TOTAL_INCORRECT
OrderStatus: INVALID
OrderNo: 44A1BE06
Order Contents: [Pizza[name=Pizza C, priceInPence=2500]]
PriceTotalInPence: -4649
 -- Credit card info 
CreditCardNumber: 0000000000000000
CCV: 222
ExpiryDate: 10/26
]]></system-err>
  </testcase>
  <testcase name="testTotalPriceOnePizzaNoOrderFee" classname="uk.ac.ed.inf.OrderValidatorTest" time="0">
    <system-err><![CDATA[
 -- Order info 
OrderValidationCode: TOTAL_INCORRECT
OrderStatus: INVALID
OrderNo: 55F7DF0E
Order Contents: [Pizza[name=Pizza B, priceInPence=2400]]
PriceTotalInPence: -28226
 -- Credit card info 
CreditCardNumber: 0000000000000000
CCV: 222
ExpiryDate: 10/24
]]></system-err>
  </testcase>
  <testcase name="testTotalPriceOnePizzaNoOrderFee" classname="uk.ac.ed.inf.OrderValidatorTest" time="0">
    <system-err><![CDATA[
 -- Order info 
OrderValidationCode: TOTAL_INCORRECT
OrderStatus: INVALID
OrderNo: 018A0912
Order Contents: [Pizza[name=Pizza B, priceInPence=2400]]
PriceTotalInPence: -38872
 -- Credit card info 
CreditCardNumber: 0000000000000000
CCV: 222
ExpiryDate: 01/24
]]></system-err>
  </testcase>
  <testcase name="testTotalPriceOnePizzaNoOrderFee" classname="uk.ac.ed.inf.OrderValidatorTest" time="0">
    <system-err><![CDATA[
 -- Order info 
OrderValidationCode: TOTAL_INCORRECT
OrderStatus: INVALID
OrderNo: 7C25624B
Order Contents: [Pizza[name=Pizza C, priceInPence=2500]]
PriceTotalInPence: -30646
 -- Credit card info 
CreditCardNumber: 0000000000000000
CCV: 222
ExpiryDate: 03/27
]]></system-err>
  </testcase>
  <testcase name="testTotalPriceOnePizzaNoOrderFee" classname="uk.ac.ed.inf.OrderValidatorTest" time="0">
    <system-err><![CDATA[
 -- Order info 
OrderValidationCode: TOTAL_INCORRECT
OrderStatus: INVALID
OrderNo: 005A4F34
Order Contents: [Pizza[name=Pizza C, priceInPence=2500]]
PriceTotalInPence: -43116
 -- Credit card info 
CreditCardNumber: 0000000000000000
CCV: 222
ExpiryDate: 02/25
]]></system-err>
  </testcase>
  <testcase name="testTotalPriceOnePizzaNoOrderFee" classname="uk.ac.ed.inf.OrderValidatorTest" time="0">
    <system-err><![CDATA[
 -- Order info 
OrderValidationCode: TOTAL_INCORRECT
OrderStatus: INVALID
OrderNo: 44EB5863
Order Contents: [Pizza[name=Pizza A, priceInPence=2300]]
PriceTotalInPence: -20436
 -- Credit card info 
CreditCardNumber: 0000000000000000
CCV: 222
ExpiryDate: 11/27
]]></system-err>
  </testcase>
  <testcase name="testTotalPriceOnePizzaNoOrderFee" classname="uk.ac.ed.inf.OrderValidatorTest" time="0">
    <system-err><![CDATA[
 -- Order info 
OrderValidationCode: TOTAL_INCORRECT
OrderStatus: INVALID
OrderNo: 6EC4C9C0
Order Contents: [Pizza[name=Pizza C, priceInPence=2500]]
PriceTotalInPence: -41489
 -- Credit card info 
CreditCardNumber: 0000000000000000
CCV: 222
ExpiryDate: 06/27
]]></system-err>
  </testcase>
  <testcase name="testTotalPriceOnePizzaNoOrderFee" classname="uk.ac.ed.inf.OrderValidatorTest" time="0">
    <system-err><![CDATA[
 -- Order info 
OrderValidationCode: TOTAL_INCORRECT
OrderStatus: INVALID
OrderNo: 19785B2B
Order Contents: [Pizza[name=Pizza C, priceInPence=2500]]
PriceTotalInPence: -6005
 -- Credit card info 
CreditCardNumber: 0000000000000000
CCV: 222
ExpiryDate: 01/25
]]></system-err>
  </testcase>
  <testcase name="testTotalPriceOnePizzaNoOrderFee" classname="uk.ac.ed.inf.OrderValidatorTest" time="0">
    <system-err><![CDATA[
 -- Order info 
OrderValidationCode: TOTAL_INCORRECT
OrderStatus: INVALID
OrderNo: 384AD1AA
Order Contents: [Pizza[name=Pizza A, priceInPence=2300]]
PriceTotalInPence: -6186
 -- Credit card info 
CreditCardNumber: 0000000000000000
CCV: 222
ExpiryDate: 11/28
]]></system-err>
  </testcase>
  <testcase name="testTotalPriceOnePizzaNoOrderFee" classname="uk.ac.ed.inf.OrderValidatorTest" time="0">
    <system-err><![CDATA[
 -- Order info 
OrderValidationCode: TOTAL_INCORRECT
OrderStatus: INVALID
OrderNo: 005A85B8
Order Contents: [Pizza[name=Pizza A, priceInPence=2300]]
PriceTotalInPence: -24081
 -- Credit card info 
CreditCardNumber: 0000000000000000
CCV: 222
ExpiryDate: 05/24
]]></system-err>
  </testcase>
  <testcase name="testTotalPriceOnePizzaNoOrderFee" classname="uk.ac.ed.inf.OrderValidatorTest" time="0">
    <system-err><![CDATA[
 -- Order info 
OrderValidationCode: TOTAL_INCORRECT
OrderStatus: INVALID
OrderNo: 490F67C4
Order Contents: [Pizza[name=Pizza A, priceInPence=2300]]
PriceTotalInPence: -66911
 -- Credit card info 
CreditCardNumber: 0000000000000000
CCV: 222
ExpiryDate: 05/29
]]></system-err>
  </testcase>
  <testcase name="testTotalPriceOnePizzaNoOrderFee" classname="uk.ac.ed.inf.OrderValidatorTest" time="0">
    <system-err><![CDATA[
 -- Order info 
OrderValidationCode: TOTAL_INCORRECT
OrderStatus: INVALID
OrderNo: 34BE2058
Order Contents: [Pizza[name=Pizza A, priceInPence=2300]]
PriceTotalInPence: -88708
 -- Credit card info 
CreditCardNumber: 0000000000000000
CCV: 222
ExpiryDate: 08/25
]]></system-err>
  </testcase>
  <testcase name="testTotalPriceOnePizzaNoOrderFee" classname="uk.ac.ed.inf.OrderValidatorTest" time="0">
    <system-err><![CDATA[
 -- Order info 
OrderValidationCode: TOTAL_INCORRECT
OrderStatus: INVALID
OrderNo: 511B073D
Order Contents: [Pizza[name=Pizza B, priceInPence=2400]]
PriceTotalInPence: -92139
 -- Credit card info 
CreditCardNumber: 0000000000000000
CCV: 222
ExpiryDate: 06/24
]]></system-err>
  </testcase>
  <testcase name="testTotalPriceOnePizzaNoOrderFee" classname="uk.ac.ed.inf.OrderValidatorTest" time="0">
    <system-err><![CDATA[
 -- Order info 
OrderValidationCode: TOTAL_INCORRECT
OrderStatus: INVALID
OrderNo: 5675CAD4
Order Contents: [Pizza[name=Pizza A, priceInPence=2300]]
PriceTotalInPence: -43715
 -- Credit card info 
CreditCardNumber: 0000000000000000
CCV: 222
ExpiryDate: 02/27
]]></system-err>
  </testcase>
  <testcase name="testTotalPriceOnePizzaNoOrderFee" classname="uk.ac.ed.inf.OrderValidatorTest" time="0">
    <system-err><![CDATA[
 -- Order info 
OrderValidationCode: TOTAL_INCORRECT
OrderStatus: INVALID
OrderNo: 3C1FFB14
Order Contents: [Pizza[name=Pizza C, priceInPence=2500]]
PriceTotalInPence: -63882
 -- Credit card info 
CreditCardNumber: 0000000000000000
CCV: 222
ExpiryDate: 10/29
]]></system-err>
  </testcase>
  <testcase name="testTotalPriceOnePizzaNoOrderFee" classname="uk.ac.ed.inf.OrderValidatorTest" time="0">
    <system-err><![CDATA[
 -- Order info 
OrderValidationCode: TOTAL_INCORRECT
OrderStatus: INVALID
OrderNo: 7833CA7F
Order Contents: [Pizza[name=Pizza C, priceInPence=2500]]
PriceTotalInPence: -56036
 -- Credit card info 
CreditCardNumber: 0000000000000000
CCV: 222
ExpiryDate: 02/25
]]></system-err>
  </testcase>
  <testcase name="testTotalPriceOnePizzaNoOrderFee" classname="uk.ac.ed.inf.OrderValidatorTest" time="0">
    <system-err><![CDATA[
 -- Order info 
OrderValidationCode: TOTAL_INCORRECT
OrderStatus: INVALID
OrderNo: 2FEC5EB0
Order Contents: [Pizza[name=Pizza C, priceInPence=2500]]
PriceTotalInPence: -2887
 -- Credit card info 
CreditCardNumber: 0000000000000000
CCV: 222
ExpiryDate: 04/25
]]></system-err>
  </testcase>
  <testcase name="testTotalPriceOnePizzaNoOrderFee" classname="uk.ac.ed.inf.OrderValidatorTest" time="0">
    <system-err><![CDATA[
 -- Order info 
OrderValidationCode: TOTAL_INCORRECT
OrderStatus: INVALID
OrderNo: 4B6F4723
Order Contents: [Pizza[name=Pizza B, priceInPence=2400]]
PriceTotalInPence: -68818
 -- Credit card info 
CreditCardNumber: 0000000000000000
CCV: 222
ExpiryDate: 08/24
]]></system-err>
  </testcase>
  <testcase name="testTotalPriceOnePizzaNoOrderFee" classname="uk.ac.ed.inf.OrderValidatorTest" time="0">
    <system-err><![CDATA[
 -- Order info 
OrderValidationCode: TOTAL_INCORRECT
OrderStatus: INVALID
OrderNo: 0A13999B
Order Contents: [Pizza[name=Pizza A, priceInPence=2300]]
PriceTotalInPence: -29001
 -- Credit card info 
CreditCardNumber: 0000000000000000
CCV: 222
ExpiryDate: 08/28
]]></system-err>
  </testcase>
  <testcase name="testTotalPriceOnePizzaNoOrderFee" classname="uk.ac.ed.inf.OrderValidatorTest" time="0">
    <system-err><![CDATA[
 -- Order info 
OrderValidationCode: TOTAL_INCORRECT
OrderStatus: INVALID
OrderNo: 0772652F
Order Contents: [Pizza[name=Pizza B, priceInPence=2400]]
PriceTotalInPence: -55764
 -- Credit card info 
CreditCardNumber: 0000000000000000
CCV: 222
ExpiryDate: 08/26
]]></system-err>
  </testcase>
  <testcase name="testTotalPriceOnePizzaNoOrderFee" classname="uk.ac.ed.inf.OrderValidatorTest" time="0">
    <system-err><![CDATA[
 -- Order info 
OrderValidationCode: TOTAL_INCORRECT
OrderStatus: INVALID
OrderNo: 4FF99800
Order Contents: [Pizza[name=Pizza A, priceInPence=2300]]
PriceTotalInPence: -97891
 -- Credit card info 
CreditCardNumber: 0000000000000000
CCV: 222
ExpiryDate: 07/24
]]></system-err>
  </testcase>
  <testcase name="testTotalPriceOnePizzaNoOrderFee" classname="uk.ac.ed.inf.OrderValidatorTest" time="0">
    <system-err><![CDATA[
 -- Order info 
OrderValidationCode: TOTAL_INCORRECT
OrderStatus: INVALID
OrderNo: 28BD6E90
Order Contents: [Pizza[name=Pizza A, priceInPence=2300]]
PriceTotalInPence: -83237
 -- Credit card info 
CreditCardNumber: 0000000000000000
CCV: 222
ExpiryDate: 10/28
]]></system-err>
  </testcase>
  <testcase name="testTotalPriceOnePizzaNoOrderFee" classname="uk.ac.ed.inf.OrderValidatorTest" time="0">
    <system-err><![CDATA[
 -- Order info 
OrderValidationCode: TOTAL_INCORRECT
OrderStatus: INVALID
OrderNo: 12FFF41F
Order Contents: [Pizza[name=Pizza B, priceInPence=2400]]
PriceTotalInPence: -99904
 -- Credit card info 
CreditCardNumber: 0000000000000000
CCV: 222
ExpiryDate: 09/26
]]></system-err>
  </testcase>
  <testcase name="testTotalPriceOnePizzaNoOrderFee" classname="uk.ac.ed.inf.OrderValidatorTest" time="0">
    <system-err><![CDATA[
 -- Order info 
OrderValidationCode: TOTAL_INCORRECT
OrderStatus: INVALID
OrderNo: 1D63BA91
Order Contents: [Pizza[name=Pizza C, priceInPence=2500]]
PriceTotalInPence: -71699
 -- Credit card info 
CreditCardNumber: 0000000000000000
CCV: 222
ExpiryDate: 05/28
]]></system-err>
  </testcase>
  <testcase name="testTotalPriceOnePizzaNoOrderFee" classname="uk.ac.ed.inf.OrderValidatorTest" time="0">
    <system-err><![CDATA[
 -- Order info 
OrderValidationCode: TOTAL_INCORRECT
OrderStatus: INVALID
OrderNo: 4A3ED1F0
Order Contents: [Pizza[name=Pizza A, priceInPence=2300]]
PriceTotalInPence: -14033
 -- Credit card info 
CreditCardNumber: 0000000000000000
CCV: 222
ExpiryDate: 09/28
]]></system-err>
  </testcase>
  <testcase name="testTotalPriceOnePizzaNoOrderFee" classname="uk.ac.ed.inf.OrderValidatorTest" time="0">
    <system-err><![CDATA[
 -- Order info 
OrderValidationCode: TOTAL_INCORRECT
OrderStatus: INVALID
OrderNo: 52843B1E
Order Contents: [Pizza[name=Pizza A, priceInPence=2300]]
PriceTotalInPence: -49215
 -- Credit card info 
CreditCardNumber: 0000000000000000
CCV: 222
ExpiryDate: 03/28
]]></system-err>
  </testcase>
  <testcase name="testTotalPriceOnePizzaNoOrderFee" classname="uk.ac.ed.inf.OrderValidatorTest" time="0">
    <system-err><![CDATA[
 -- Order info 
OrderValidationCode: TOTAL_INCORRECT
OrderStatus: INVALID
OrderNo: 332BDB73
Order Contents: [Pizza[name=Pizza C, priceInPence=2500]]
PriceTotalInPence: -71519
 -- Credit card info 
CreditCardNumber: 0000000000000000
CCV: 222
ExpiryDate: 10/24
]]></system-err>
  </testcase>
  <testcase name="testTotalPriceOnePizzaNoOrderFee" classname="uk.ac.ed.inf.OrderValidatorTest" time="0">
    <system-err><![CDATA[
 -- Order info 
OrderValidationCode: TOTAL_INCORRECT
OrderStatus: INVALID
OrderNo: 05EC1413
Order Contents: [Pizza[name=Pizza B, priceInPence=2400]]
PriceTotalInPence: -71451
 -- Credit card info 
CreditCardNumber: 0000000000000000
CCV: 222
ExpiryDate: 06/29
]]></system-err>
  </testcase>
  <testcase name="testTotalPriceOnePizzaNoOrderFee" classname="uk.ac.ed.inf.OrderValidatorTest" time="0">
    <system-err><![CDATA[
 -- Order info 
OrderValidationCode: TOTAL_INCORRECT
OrderStatus: INVALID
OrderNo: 50BEA5D3
Order Contents: [Pizza[name=Pizza B, priceInPence=2400]]
PriceTotalInPence: -50035
 -- Credit card info 
CreditCardNumber: 0000000000000000
CCV: 222
ExpiryDate: 07/28
]]></system-err>
  </testcase>
  <testcase name="testTotalPriceOnePizzaNoOrderFee" classname="uk.ac.ed.inf.OrderValidatorTest" time="0">
    <system-err><![CDATA[
 -- Order info 
OrderValidationCode: TOTAL_INCORRECT
OrderStatus: INVALID
OrderNo: 6AC9DE20
Order Contents: [Pizza[name=Pizza C, priceInPence=2500]]
PriceTotalInPence: -40644
 -- Credit card info 
CreditCardNumber: 0000000000000000
CCV: 222
ExpiryDate: 02/28
]]></system-err>
  </testcase>
  <testcase name="testTotalPriceOnePizzaNoOrderFee" classname="uk.ac.ed.inf.OrderValidatorTest" time="0">
    <system-err><![CDATA[
 -- Order info 
OrderValidationCode: TOTAL_INCORRECT
OrderStatus: INVALID
OrderNo: 2B2D330B
Order Contents: [Pizza[name=Pizza A, priceInPence=2300]]
PriceTotalInPence: -60168
 -- Credit card info 
CreditCardNumber: 0000000000000000
CCV: 222
ExpiryDate: 08/24
]]></system-err>
  </testcase>
  <testcase name="testTotalPriceOnePizzaNoOrderFee" classname="uk.ac.ed.inf.OrderValidatorTest" time="0">
    <system-err><![CDATA[
 -- Order info 
OrderValidationCode: TOTAL_INCORRECT
OrderStatus: INVALID
OrderNo: 33330B2E
Order Contents: [Pizza[name=Pizza C, priceInPence=2500]]
PriceTotalInPence: -82822
 -- Credit card info 
CreditCardNumber: 0000000000000000
CCV: 222
ExpiryDate: 11/26
]]></system-err>
  </testcase>
  <testcase name="testTotalPriceOnePizzaNoOrderFee" classname="uk.ac.ed.inf.OrderValidatorTest" time="0">
    <system-err><![CDATA[
 -- Order info 
OrderValidationCode: TOTAL_INCORRECT
OrderStatus: INVALID
OrderNo: 752974BA
Order Contents: [Pizza[name=Pizza A, priceInPence=2300]]
PriceTotalInPence: -11064
 -- Credit card info 
CreditCardNumber: 0000000000000000
CCV: 222
ExpiryDate: 03/28
]]></system-err>
  </testcase>
  <testcase name="testTotalPriceOnePizzaNoOrderFee" classname="uk.ac.ed.inf.OrderValidatorTest" time="0">
    <system-err><![CDATA[
 -- Order info 
OrderValidationCode: TOTAL_INCORRECT
OrderStatus: INVALID
OrderNo: 059ECA03
Order Contents: [Pizza[name=Pizza A, priceInPence=2300]]
PriceTotalInPence: -22037
 -- Credit card info 
CreditCardNumber: 0000000000000000
CCV: 222
ExpiryDate: 01/27
]]></system-err>
  </testcase>
  <testcase name="testTotalPriceOnePizzaNoOrderFee" classname="uk.ac.ed.inf.OrderValidatorTest" time="0">
    <system-err><![CDATA[
 -- Order info 
OrderValidationCode: TOTAL_INCORRECT
OrderStatus: INVALID
OrderNo: 589F86DD
Order Contents: [Pizza[name=Pizza B, priceInPence=2400]]
PriceTotalInPence: -34057
 -- Credit card info 
CreditCardNumber: 0000000000000000
CCV: 222
ExpiryDate: 02/25
]]></system-err>
  </testcase>
  <testcase name="testTotalPriceOnePizzaNoOrderFee" classname="uk.ac.ed.inf.OrderValidatorTest" time="0">
    <system-err><![CDATA[
 -- Order info 
OrderValidationCode: TOTAL_INCORRECT
OrderStatus: INVALID
OrderNo: 49B9EBB3
Order Contents: [Pizza[name=Pizza A, priceInPence=2300]]
PriceTotalInPence: -20492
 -- Credit card info 
CreditCardNumber: 0000000000000000
CCV: 222
ExpiryDate: 07/24
]]></system-err>
  </testcase>
  <testcase name="testTotalPriceOnePizzaNoOrderFee" classname="uk.ac.ed.inf.OrderValidatorTest" time="0">
    <system-err><![CDATA[
 -- Order info 
OrderValidationCode: TOTAL_INCORRECT
OrderStatus: INVALID
OrderNo: 3B0984D6
Order Contents: [Pizza[name=Pizza B, priceInPence=2400]]
PriceTotalInPence: -62780
 -- Credit card info 
CreditCardNumber: 0000000000000000
CCV: 222
ExpiryDate: 10/27
]]></system-err>
  </testcase>
  <testcase name="testTotalPriceOnePizzaNoOrderFee" classname="uk.ac.ed.inf.OrderValidatorTest" time="0">
    <system-err><![CDATA[
 -- Order info 
OrderValidationCode: TOTAL_INCORRECT
OrderStatus: INVALID
OrderNo: 09B2C7FD
Order Contents: [Pizza[name=Pizza C, priceInPence=2500]]
PriceTotalInPence: -73518
 -- Credit card info 
CreditCardNumber: 0000000000000000
CCV: 222
ExpiryDate: 09/25
]]></system-err>
  </testcase>
  <testcase name="testTotalPriceOnePizzaNoOrderFee" classname="uk.ac.ed.inf.OrderValidatorTest" time="0">
    <system-err><![CDATA[
 -- Order info 
OrderValidationCode: TOTAL_INCORRECT
OrderStatus: INVALID
OrderNo: 10CFCD73
Order Contents: [Pizza[name=Pizza A, priceInPence=2300]]
PriceTotalInPence: -29084
 -- Credit card info 
CreditCardNumber: 0000000000000000
CCV: 222
ExpiryDate: 04/25
]]></system-err>
  </testcase>
  <testcase name="testTotalPriceOnePizzaNoOrderFee" classname="uk.ac.ed.inf.OrderValidatorTest" time="0">
    <system-err><![CDATA[
 -- Order info 
OrderValidationCode: TOTAL_INCORRECT
OrderStatus: INVALID
OrderNo: 52DBAC00
Order Contents: [Pizza[name=Pizza B, priceInPence=2400]]
PriceTotalInPence: -31521
 -- Credit card info 
CreditCardNumber: 0000000000000000
CCV: 222
ExpiryDate: 01/25
]]></system-err>
  </testcase>
  <testcase name="testTotalPriceOnePizzaNoOrderFee" classname="uk.ac.ed.inf.OrderValidatorTest" time="0">
    <system-err><![CDATA[
 -- Order info 
OrderValidationCode: TOTAL_INCORRECT
OrderStatus: INVALID
OrderNo: 7AEADBD8
Order Contents: [Pizza[name=Pizza C, priceInPence=2500]]
PriceTotalInPence: -72458
 -- Credit card info 
CreditCardNumber: 0000000000000000
CCV: 222
ExpiryDate: 03/24
]]></system-err>
  </testcase>
  <testcase name="testTotalPriceOnePizzaNoOrderFee" classname="uk.ac.ed.inf.OrderValidatorTest" time="0">
    <system-err><![CDATA[
 -- Order info 
OrderValidationCode: TOTAL_INCORRECT
OrderStatus: INVALID
OrderNo: 7FE399FE
Order Contents: [Pizza[name=Pizza C, priceInPence=2500]]
PriceTotalInPence: -28237
 -- Credit card info 
CreditCardNumber: 0000000000000000
CCV: 222
ExpiryDate: 03/27
]]></system-err>
  </testcase>
  <testcase name="testTotalPriceOnePizzaNoOrderFee" classname="uk.ac.ed.inf.OrderValidatorTest" time="0">
    <system-err><![CDATA[
 -- Order info 
OrderValidationCode: TOTAL_INCORRECT
OrderStatus: INVALID
OrderNo: 53F4FCC6
Order Contents: [Pizza[name=Pizza B, priceInPence=2400]]
PriceTotalInPence: -92749
 -- Credit card info 
CreditCardNumber: 0000000000000000
CCV: 222
ExpiryDate: 10/28
]]></system-err>
  </testcase>
  <testcase name="testTotalPriceOnePizzaNoOrderFee" classname="uk.ac.ed.inf.OrderValidatorTest" time="0">
    <system-err><![CDATA[
 -- Order info 
OrderValidationCode: TOTAL_INCORRECT
OrderStatus: INVALID
OrderNo: 7D1A6F63
Order Contents: [Pizza[name=Pizza B, priceInPence=2400]]
PriceTotalInPence: -16922
 -- Credit card info 
CreditCardNumber: 0000000000000000
CCV: 222
ExpiryDate: 08/27
]]></system-err>
  </testcase>
  <testcase name="testTotalPriceOnePizzaNoOrderFee" classname="uk.ac.ed.inf.OrderValidatorTest" time="0.015">
    <system-err><![CDATA[
 -- Order info 
OrderValidationCode: TOTAL_INCORRECT
OrderStatus: INVALID
OrderNo: 7F95803F
Order Contents: [Pizza[name=Pizza A, priceInPence=2300]]
PriceTotalInPence: -65148
 -- Credit card info 
CreditCardNumber: 0000000000000000
CCV: 222
ExpiryDate: 07/29
]]></system-err>
  </testcase>
  <testcase name="testTotalPriceOnePizzaNoOrderFee" classname="uk.ac.ed.inf.OrderValidatorTest" time="0">
    <system-err><![CDATA[
 -- Order info 
OrderValidationCode: TOTAL_INCORRECT
OrderStatus: INVALID
OrderNo: 0D83AB16
Order Contents: [Pizza[name=Pizza A, priceInPence=2300]]
PriceTotalInPence: -5133
 -- Credit card info 
CreditCardNumber: 0000000000000000
CCV: 222
ExpiryDate: 04/24
]]></system-err>
  </testcase>
  <testcase name="testTotalPriceOnePizzaNoOrderFee" classname="uk.ac.ed.inf.OrderValidatorTest" time="0">
    <system-err><![CDATA[
 -- Order info 
OrderValidationCode: TOTAL_INCORRECT
OrderStatus: INVALID
OrderNo: 4D63B241
Order Contents: [Pizza[name=Pizza A, priceInPence=2300]]
PriceTotalInPence: -57650
 -- Credit card info 
CreditCardNumber: 0000000000000000
CCV: 222
ExpiryDate: 05/26
]]></system-err>
  </testcase>
  <testcase name="testTotalPriceOnePizzaNoOrderFee" classname="uk.ac.ed.inf.OrderValidatorTest" time="0">
    <system-err><![CDATA[
 -- Order info 
OrderValidationCode: TOTAL_INCORRECT
OrderStatus: INVALID
OrderNo: 0BE98E94
Order Contents: [Pizza[name=Pizza B, priceInPence=2400]]
PriceTotalInPence: -39207
 -- Credit card info 
CreditCardNumber: 0000000000000000
CCV: 222
ExpiryDate: 04/27
]]></system-err>
  </testcase>
  <testcase name="testTotalPriceOnePizzaNoOrderFee" classname="uk.ac.ed.inf.OrderValidatorTest" time="0">
    <system-err><![CDATA[
 -- Order info 
OrderValidationCode: TOTAL_INCORRECT
OrderStatus: INVALID
OrderNo: 6FF6EC54
Order Contents: [Pizza[name=Pizza A, priceInPence=2300]]
PriceTotalInPence: -84440
 -- Credit card info 
CreditCardNumber: 0000000000000000
CCV: 222
ExpiryDate: 09/27
]]></system-err>
  </testcase>
  <testcase name="testTotalPriceOnePizzaNoOrderFee" classname="uk.ac.ed.inf.OrderValidatorTest" time="0">
    <system-err><![CDATA[
 -- Order info 
OrderValidationCode: TOTAL_INCORRECT
OrderStatus: INVALID
OrderNo: 5BFCA2CC
Order Contents: [Pizza[name=Pizza C, priceInPence=2500]]
PriceTotalInPence: -49221
 -- Credit card info 
CreditCardNumber: 0000000000000000
CCV: 222
ExpiryDate: 02/26
]]></system-err>
  </testcase>
  <testcase name="testTotalPriceOnePizzaNoOrderFee" classname="uk.ac.ed.inf.OrderValidatorTest" time="0">
    <system-err><![CDATA[
 -- Order info 
OrderValidationCode: TOTAL_INCORRECT
OrderStatus: INVALID
OrderNo: 0AB742EF
Order Contents: [Pizza[name=Pizza C, priceInPence=2500]]
PriceTotalInPence: -66707
 -- Credit card info 
CreditCardNumber: 0000000000000000
CCV: 222
ExpiryDate: 06/26
]]></system-err>
  </testcase>
  <testcase name="testTotalPriceOnePizzaNoOrderFee" classname="uk.ac.ed.inf.OrderValidatorTest" time="0">
    <system-err><![CDATA[
 -- Order info 
OrderValidationCode: TOTAL_INCORRECT
OrderStatus: INVALID
OrderNo: 71B8DEC3
Order Contents: [Pizza[name=Pizza B, priceInPence=2400]]
PriceTotalInPence: -20441
 -- Credit card info 
CreditCardNumber: 0000000000000000
CCV: 222
ExpiryDate: 07/28
]]></system-err>
  </testcase>
  <testcase name="testTotalPriceOnePizzaNoOrderFee" classname="uk.ac.ed.inf.OrderValidatorTest" time="0">
    <system-err><![CDATA[
 -- Order info 
OrderValidationCode: TOTAL_INCORRECT
OrderStatus: INVALID
OrderNo: 0C7C2BE0
Order Contents: [Pizza[name=Pizza C, priceInPence=2500]]
PriceTotalInPence: -63667
 -- Credit card info 
CreditCardNumber: 0000000000000000
CCV: 222
ExpiryDate: 09/25
]]></system-err>
  </testcase>
  <testcase name="testTotalPriceOnePizzaNoOrderFee" classname="uk.ac.ed.inf.OrderValidatorTest" time="0">
    <system-err><![CDATA[
 -- Order info 
OrderValidationCode: TOTAL_INCORRECT
OrderStatus: INVALID
OrderNo: 5FDF6B91
Order Contents: [Pizza[name=Pizza A, priceInPence=2300]]
PriceTotalInPence: -22124
 -- Credit card info 
CreditCardNumber: 0000000000000000
CCV: 222
ExpiryDate: 09/26
]]></system-err>
  </testcase>
  <testcase name="testTotalPriceOnePizzaNoOrderFee" classname="uk.ac.ed.inf.OrderValidatorTest" time="0">
    <system-err><![CDATA[
 -- Order info 
OrderValidationCode: TOTAL_INCORRECT
OrderStatus: INVALID
OrderNo: 34AB0DCB
Order Contents: [Pizza[name=Pizza A, priceInPence=2300]]
PriceTotalInPence: -84258
 -- Credit card info 
CreditCardNumber: 0000000000000000
CCV: 222
ExpiryDate: 02/29
]]></system-err>
  </testcase>
  <testcase name="testTotalPriceOnePizzaNoOrderFee" classname="uk.ac.ed.inf.OrderValidatorTest" time="0">
    <system-err><![CDATA[
 -- Order info 
OrderValidationCode: TOTAL_INCORRECT
OrderStatus: INVALID
OrderNo: 6F52AD88
Order Contents: [Pizza[name=Pizza C, priceInPence=2500]]
PriceTotalInPence: -61116
 -- Credit card info 
CreditCardNumber: 0000000000000000
CCV: 222
ExpiryDate: 07/26
]]></system-err>
  </testcase>
  <testcase name="testTotalPriceOnePizzaNoOrderFee" classname="uk.ac.ed.inf.OrderValidatorTest" time="0">
    <system-err><![CDATA[
 -- Order info 
OrderValidationCode: TOTAL_INCORRECT
OrderStatus: INVALID
OrderNo: 5FA3809C
Order Contents: [Pizza[name=Pizza C, priceInPence=2500]]
PriceTotalInPence: -24528
 -- Credit card info 
CreditCardNumber: 0000000000000000
CCV: 222
ExpiryDate: 01/25
]]></system-err>
  </testcase>
  <testcase name="testTotalPriceOnePizzaNoOrderFee" classname="uk.ac.ed.inf.OrderValidatorTest" time="0">
    <system-err><![CDATA[
 -- Order info 
OrderValidationCode: TOTAL_INCORRECT
OrderStatus: INVALID
OrderNo: 2613F6F1
Order Contents: [Pizza[name=Pizza C, priceInPence=2500]]
PriceTotalInPence: -4919
 -- Credit card info 
CreditCardNumber: 0000000000000000
CCV: 222
ExpiryDate: 01/24
]]></system-err>
  </testcase>
  <testcase name="testTotalPriceOnePizzaNoOrderFee" classname="uk.ac.ed.inf.OrderValidatorTest" time="0">
    <system-err><![CDATA[
 -- Order info 
OrderValidationCode: TOTAL_INCORRECT
OrderStatus: INVALID
OrderNo: 57AB9A7F
Order Contents: [Pizza[name=Pizza C, priceInPence=2500]]
PriceTotalInPence: -68483
 -- Credit card info 
CreditCardNumber: 0000000000000000
CCV: 222
ExpiryDate: 03/26
]]></system-err>
  </testcase>
  <testcase name="testTotalPriceOnePizzaNoOrderFee" classname="uk.ac.ed.inf.OrderValidatorTest" time="0">
    <system-err><![CDATA[
 -- Order info 
OrderValidationCode: TOTAL_INCORRECT
OrderStatus: INVALID
OrderNo: 0E61BF2A
Order Contents: [Pizza[name=Pizza A, priceInPence=2300]]
PriceTotalInPence: -81724
 -- Credit card info 
CreditCardNumber: 0000000000000000
CCV: 222
ExpiryDate: 01/24
]]></system-err>
  </testcase>
  <testcase name="testTotalPriceOnePizzaNoOrderFee" classname="uk.ac.ed.inf.OrderValidatorTest" time="0">
    <system-err><![CDATA[
 -- Order info 
OrderValidationCode: TOTAL_INCORRECT
OrderStatus: INVALID
OrderNo: 349390D6
Order Contents: [Pizza[name=Pizza A, priceInPence=2300]]
PriceTotalInPence: -18657
 -- Credit card info 
CreditCardNumber: 0000000000000000
CCV: 222
ExpiryDate: 03/26
]]></system-err>
  </testcase>
  <testcase name="testTotalPriceOnePizzaNoOrderFee" classname="uk.ac.ed.inf.OrderValidatorTest" time="0">
    <system-err><![CDATA[
 -- Order info 
OrderValidationCode: TOTAL_INCORRECT
OrderStatus: INVALID
OrderNo: 1C42B0BB
Order Contents: [Pizza[name=Pizza B, priceInPence=2400]]
PriceTotalInPence: -48280
 -- Credit card info 
CreditCardNumber: 0000000000000000
CCV: 222
ExpiryDate: 04/28
]]></system-err>
  </testcase>
  <testcase name="testTotalPriceOnePizzaNoOrderFee" classname="uk.ac.ed.inf.OrderValidatorTest" time="0">
    <system-err><![CDATA[
 -- Order info 
OrderValidationCode: TOTAL_INCORRECT
OrderStatus: INVALID
OrderNo: 6E5D3DF9
Order Contents: [Pizza[name=Pizza A, priceInPence=2300]]
PriceTotalInPence: -74244
 -- Credit card info 
CreditCardNumber: 0000000000000000
CCV: 222
ExpiryDate: 02/24
]]></system-err>
  </testcase>
  <testcase name="testTotalPriceOnePizzaNoOrderFee" classname="uk.ac.ed.inf.OrderValidatorTest" time="0">
    <system-err><![CDATA[
 -- Order info 
OrderValidationCode: TOTAL_INCORRECT
OrderStatus: INVALID
OrderNo: 3B80EE68
Order Contents: [Pizza[name=Pizza A, priceInPence=2300]]
PriceTotalInPence: -87843
 -- Credit card info 
CreditCardNumber: 0000000000000000
CCV: 222
ExpiryDate: 06/29
]]></system-err>
  </testcase>
  <testcase name="testTotalPriceOnePizzaNoOrderFee" classname="uk.ac.ed.inf.OrderValidatorTest" time="0">
    <system-err><![CDATA[
 -- Order info 
OrderValidationCode: TOTAL_INCORRECT
OrderStatus: INVALID
OrderNo: 31CE256F
Order Contents: [Pizza[name=Pizza C, priceInPence=2500]]
PriceTotalInPence: -68259
 -- Credit card info 
CreditCardNumber: 0000000000000000
CCV: 222
ExpiryDate: 01/29
]]></system-err>
  </testcase>
  <testcase name="testTotalPriceOnePizzaNoOrderFee" classname="uk.ac.ed.inf.OrderValidatorTest" time="0">
    <system-err><![CDATA[
 -- Order info 
OrderValidationCode: TOTAL_INCORRECT
OrderStatus: INVALID
OrderNo: 5F3E9C60
Order Contents: [Pizza[name=Pizza C, priceInPence=2500]]
PriceTotalInPence: -69727
 -- Credit card info 
CreditCardNumber: 0000000000000000
CCV: 222
ExpiryDate: 10/24
]]></system-err>
  </testcase>
  <testcase name="testTotalPriceOnePizzaNoOrderFee" classname="uk.ac.ed.inf.OrderValidatorTest" time="0">
    <system-err><![CDATA[
 -- Order info 
OrderValidationCode: TOTAL_INCORRECT
OrderStatus: INVALID
OrderNo: 3E828AC1
Order Contents: [Pizza[name=Pizza C, priceInPence=2500]]
PriceTotalInPence: -46948
 -- Credit card info 
CreditCardNumber: 0000000000000000
CCV: 222
ExpiryDate: 10/24
]]></system-err>
  </testcase>
  <testcase name="testTotalPriceOnePizzaNoOrderFee" classname="uk.ac.ed.inf.OrderValidatorTest" time="0">
    <system-err><![CDATA[
 -- Order info 
OrderValidationCode: TOTAL_INCORRECT
OrderStatus: INVALID
OrderNo: 6214F009
Order Contents: [Pizza[name=Pizza B, priceInPence=2400]]
PriceTotalInPence: -471
 -- Credit card info 
CreditCardNumber: 0000000000000000
CCV: 222
ExpiryDate: 08/24
]]></system-err>
  </testcase>
  <testcase name="testTotalPriceOnePizzaNoOrderFee" classname="uk.ac.ed.inf.OrderValidatorTest" time="0">
    <system-err><![CDATA[
 -- Order info 
OrderValidationCode: TOTAL_INCORRECT
OrderStatus: INVALID
OrderNo: 108261FE
Order Contents: [Pizza[name=Pizza B, priceInPence=2400]]
PriceTotalInPence: -13829
 -- Credit card info 
CreditCardNumber: 0000000000000000
CCV: 222
ExpiryDate: 11/27
]]></system-err>
  </testcase>
  <testcase name="testTotalPriceOnePizzaNoOrderFee" classname="uk.ac.ed.inf.OrderValidatorTest" time="0">
    <system-err><![CDATA[
 -- Order info 
OrderValidationCode: TOTAL_INCORRECT
OrderStatus: INVALID
OrderNo: 7C0711B8
Order Contents: [Pizza[name=Pizza A, priceInPence=2300]]
PriceTotalInPence: -69627
 -- Credit card info 
CreditCardNumber: 0000000000000000
CCV: 222
ExpiryDate: 05/26
]]></system-err>
  </testcase>
  <testcase name="testTotalPriceOnePizzaNoOrderFee" classname="uk.ac.ed.inf.OrderValidatorTest" time="0">
    <system-err><![CDATA[
 -- Order info 
OrderValidationCode: TOTAL_INCORRECT
OrderStatus: INVALID
OrderNo: 32BA7E40
Order Contents: [Pizza[name=Pizza C, priceInPence=2500]]
PriceTotalInPence: -23822
 -- Credit card info 
CreditCardNumber: 0000000000000000
CCV: 222
ExpiryDate: 07/25
]]></system-err>
  </testcase>
  <testcase name="testTotalPriceOnePizzaNoOrderFee" classname="uk.ac.ed.inf.OrderValidatorTest" time="0">
    <system-err><![CDATA[
 -- Order info 
OrderValidationCode: TOTAL_INCORRECT
OrderStatus: INVALID
OrderNo: 2957C0F6
Order Contents: [Pizza[name=Pizza B, priceInPence=2400]]
PriceTotalInPence: -9503
 -- Credit card info 
CreditCardNumber: 0000000000000000
CCV: 222
ExpiryDate: 02/25
]]></system-err>
  </testcase>
  <testcase name="testTotalPriceOnePizzaNoOrderFee" classname="uk.ac.ed.inf.OrderValidatorTest" time="0">
    <system-err><![CDATA[
 -- Order info 
OrderValidationCode: TOTAL_INCORRECT
OrderStatus: INVALID
OrderNo: 4DD78D20
Order Contents: [Pizza[name=Pizza C, priceInPence=2500]]
PriceTotalInPence: -63328
 -- Credit card info 
CreditCardNumber: 0000000000000000
CCV: 222
ExpiryDate: 11/29
]]></system-err>
  </testcase>
  <testcase name="testTotalPriceOnePizzaNoOrderFee" classname="uk.ac.ed.inf.OrderValidatorTest" time="0">
    <system-err><![CDATA[
 -- Order info 
OrderValidationCode: TOTAL_INCORRECT
OrderStatus: INVALID
OrderNo: 514903F4
Order Contents: [Pizza[name=Pizza A, priceInPence=2300]]
PriceTotalInPence: -40985
 -- Credit card info 
CreditCardNumber: 0000000000000000
CCV: 222
ExpiryDate: 05/29
]]></system-err>
  </testcase>
  <testcase name="testTotalPriceOnePizzaNoOrderFee" classname="uk.ac.ed.inf.OrderValidatorTest" time="0">
    <system-err><![CDATA[
 -- Order info 
OrderValidationCode: TOTAL_INCORRECT
OrderStatus: INVALID
OrderNo: 10255304
Order Contents: [Pizza[name=Pizza C, priceInPence=2500]]
PriceTotalInPence: -86845
 -- Credit card info 
CreditCardNumber: 0000000000000000
CCV: 222
ExpiryDate: 05/29
]]></system-err>
  </testcase>
  <testcase name="testTotalPriceOnePizzaNoOrderFee" classname="uk.ac.ed.inf.OrderValidatorTest" time="0">
    <system-err><![CDATA[
 -- Order info 
OrderValidationCode: TOTAL_INCORRECT
OrderStatus: INVALID
OrderNo: 1F2E6899
Order Contents: [Pizza[name=Pizza A, priceInPence=2300]]
PriceTotalInPence: -61886
 -- Credit card info 
CreditCardNumber: 0000000000000000
CCV: 222
ExpiryDate: 03/25
]]></system-err>
  </testcase>
  <testcase name="testTotalPriceOnePizzaNoOrderFee" classname="uk.ac.ed.inf.OrderValidatorTest" time="0">
    <system-err><![CDATA[
 -- Order info 
OrderValidationCode: TOTAL_INCORRECT
OrderStatus: INVALID
OrderNo: 37799D25
Order Contents: [Pizza[name=Pizza C, priceInPence=2500]]
PriceTotalInPence: -22334
 -- Credit card info 
CreditCardNumber: 0000000000000000
CCV: 222
ExpiryDate: 06/29
]]></system-err>
  </testcase>
  <testcase name="testTotalPriceOnePizzaNoOrderFee" classname="uk.ac.ed.inf.OrderValidatorTest" time="0">
    <system-err><![CDATA[
 -- Order info 
OrderValidationCode: TOTAL_INCORRECT
OrderStatus: INVALID
OrderNo: 16444BF7
Order Contents: [Pizza[name=Pizza B, priceInPence=2400]]
PriceTotalInPence: -98722
 -- Credit card info 
CreditCardNumber: 0000000000000000
CCV: 222
ExpiryDate: 11/29
]]></system-err>
  </testcase>
  <testcase name="testTotalPriceOnePizzaNoOrderFee" classname="uk.ac.ed.inf.OrderValidatorTest" time="0">
    <system-err><![CDATA[
 -- Order info 
OrderValidationCode: TOTAL_INCORRECT
OrderStatus: INVALID
OrderNo: 7939BB6D
Order Contents: [Pizza[name=Pizza A, priceInPence=2300]]
PriceTotalInPence: -66649
 -- Credit card info 
CreditCardNumber: 0000000000000000
CCV: 222
ExpiryDate: 04/26
]]></system-err>
  </testcase>
  <testcase name="testTotalPriceOnePizzaNoOrderFee" classname="uk.ac.ed.inf.OrderValidatorTest" time="0">
    <system-err><![CDATA[
 -- Order info 
OrderValidationCode: TOTAL_INCORRECT
OrderStatus: INVALID
OrderNo: 5B2361B4
Order Contents: [Pizza[name=Pizza C, priceInPence=2500]]
PriceTotalInPence: -74645
 -- Credit card info 
CreditCardNumber: 0000000000000000
CCV: 222
ExpiryDate: 08/26
]]></system-err>
  </testcase>
  <testcase name="testTotalPriceOnePizzaNoOrderFee" classname="uk.ac.ed.inf.OrderValidatorTest" time="0">
    <system-err><![CDATA[
 -- Order info 
OrderValidationCode: TOTAL_INCORRECT
OrderStatus: INVALID
OrderNo: 71D57F96
Order Contents: [Pizza[name=Pizza B, priceInPence=2400]]
PriceTotalInPence: -4246
 -- Credit card info 
CreditCardNumber: 0000000000000000
CCV: 222
ExpiryDate: 07/24
]]></system-err>
  </testcase>
  <testcase name="testTotalPriceOnePizzaNoOrderFee" classname="uk.ac.ed.inf.OrderValidatorTest" time="0">
    <system-err><![CDATA[
 -- Order info 
OrderValidationCode: TOTAL_INCORRECT
OrderStatus: INVALID
OrderNo: 7B085D85
Order Contents: [Pizza[name=Pizza C, priceInPence=2500]]
PriceTotalInPence: -35711
 -- Credit card info 
CreditCardNumber: 0000000000000000
CCV: 222
ExpiryDate: 04/24
]]></system-err>
  </testcase>
  <testcase name="testTotalPriceOnePizzaNoOrderFee" classname="uk.ac.ed.inf.OrderValidatorTest" time="0">
    <system-err><![CDATA[
 -- Order info 
OrderValidationCode: TOTAL_INCORRECT
OrderStatus: INVALID
OrderNo: 69924608
Order Contents: [Pizza[name=Pizza B, priceInPence=2400]]
PriceTotalInPence: -60887
 -- Credit card info 
CreditCardNumber: 0000000000000000
CCV: 222
ExpiryDate: 07/24
]]></system-err>
  </testcase>
  <testcase name="testTotalPriceOnePizzaNoOrderFee" classname="uk.ac.ed.inf.OrderValidatorTest" time="0">
    <system-err><![CDATA[
 -- Order info 
OrderValidationCode: TOTAL_INCORRECT
OrderStatus: INVALID
OrderNo: 1CB6DAB2
Order Contents: [Pizza[name=Pizza A, priceInPence=2300]]
PriceTotalInPence: -97315
 -- Credit card info 
CreditCardNumber: 0000000000000000
CCV: 222
ExpiryDate: 01/25
]]></system-err>
  </testcase>
  <testcase name="testTotalPriceOnePizzaNoOrderFee" classname="uk.ac.ed.inf.OrderValidatorTest" time="0">
    <system-err><![CDATA[
 -- Order info 
OrderValidationCode: TOTAL_INCORRECT
OrderStatus: INVALID
OrderNo: 69BFC5A5
Order Contents: [Pizza[name=Pizza A, priceInPence=2300]]
PriceTotalInPence: -19724
 -- Credit card info 
CreditCardNumber: 0000000000000000
CCV: 222
ExpiryDate: 05/27
]]></system-err>
  </testcase>
  <testcase name="test3OrLessPizzasInOneOrder" classname="uk.ac.ed.inf.OrderValidatorTest" time="0.007">
    <system-err><![CDATA[
 -- Order info 
OrderValidationCode: NO_ERROR
OrderStatus: VALID_BUT_NOT_DELIVERED
OrderNo: 7ADC8687
Order Contents: [Pizza[name=Pizza C, priceInPence=2500], Pizza[name=Pizza A, priceInPence=2300]]
PriceTotalInPence: 4900
 -- Credit card info 
CreditCardNumber: 0000000000000000
CCV: 222
ExpiryDate: 01/29
]]></system-err>
  </testcase>
  <testcase name="test3OrLessPizzasInOneOrder" classname="uk.ac.ed.inf.OrderValidatorTest" time="0">
    <system-err><![CDATA[
 -- Order info 
OrderValidationCode: NO_ERROR
OrderStatus: VALID_BUT_NOT_DELIVERED
OrderNo: 00EA71E0
Order Contents: [Pizza[name=Pizza A, priceInPence=2300]]
PriceTotalInPence: 2400
 -- Credit card info 
CreditCardNumber: 0000000000000000
CCV: 222
ExpiryDate: 02/28
]]></system-err>
  </testcase>
  <testcase name="test3OrLessPizzasInOneOrder" classname="uk.ac.ed.inf.OrderValidatorTest" time="0">
    <system-err><![CDATA[
 -- Order info 
OrderValidationCode: NO_ERROR
OrderStatus: VALID_BUT_NOT_DELIVERED
OrderNo: 2E1F7B66
Order Contents: [Pizza[name=Pizza C, priceInPence=2500], Pizza[name=Pizza C, priceInPence=2500], Pizza[name=Pizza C, priceInPence=2500]]
PriceTotalInPence: 7600
 -- Credit card info 
CreditCardNumber: 0000000000000000
CCV: 222
ExpiryDate: 09/25
]]></system-err>
  </testcase>
  <testcase name="test3OrLessPizzasInOneOrder" classname="uk.ac.ed.inf.OrderValidatorTest" time="0">
    <system-err><![CDATA[
 -- Order info 
OrderValidationCode: NO_ERROR
OrderStatus: VALID_BUT_NOT_DELIVERED
OrderNo: 4C777C9B
Order Contents: [Pizza[name=Pizza B, priceInPence=2400]]
PriceTotalInPence: 2500
 -- Credit card info 
CreditCardNumber: 0000000000000000
CCV: 222
ExpiryDate: 05/24
]]></system-err>
  </testcase>
  <testcase name="test3OrLessPizzasInOneOrder" classname="uk.ac.ed.inf.OrderValidatorTest" time="0">
    <system-err><![CDATA[
 -- Order info 
OrderValidationCode: NO_ERROR
OrderStatus: VALID_BUT_NOT_DELIVERED
OrderNo: 053E393C
Order Contents: [Pizza[name=Pizza C, priceInPence=2500]]
PriceTotalInPence: 2600
 -- Credit card info 
CreditCardNumber: 0000000000000000
CCV: 222
ExpiryDate: 05/29
]]></system-err>
  </testcase>
  <testcase name="test3OrLessPizzasInOneOrder" classname="uk.ac.ed.inf.OrderValidatorTest" time="0">
    <system-err><![CDATA[
 -- Order info 
OrderValidationCode: NO_ERROR
OrderStatus: VALID_BUT_NOT_DELIVERED
OrderNo: 2933AA5F
Order Contents: [Pizza[name=Pizza B, priceInPence=2400], Pizza[name=Pizza C, priceInPence=2500]]
PriceTotalInPence: 5000
 -- Credit card info 
CreditCardNumber: 0000000000000000
CCV: 222
ExpiryDate: 02/25
]]></system-err>
  </testcase>
  <testcase name="test3OrLessPizzasInOneOrder" classname="uk.ac.ed.inf.OrderValidatorTest" time="0">
    <system-err><![CDATA[
 -- Order info 
OrderValidationCode: NO_ERROR
OrderStatus: VALID_BUT_NOT_DELIVERED
OrderNo: 59E563C9
Order Contents: [Pizza[name=Pizza C, priceInPence=2500]]
PriceTotalInPence: 2600
 -- Credit card info 
CreditCardNumber: 0000000000000000
CCV: 222
ExpiryDate: 05/27
]]></system-err>
  </testcase>
  <testcase name="test3OrLessPizzasInOneOrder" classname="uk.ac.ed.inf.OrderValidatorTest" time="0">
    <system-err><![CDATA[
 -- Order info 
OrderValidationCode: NO_ERROR
OrderStatus: VALID_BUT_NOT_DELIVERED
OrderNo: 14782EBE
Order Contents: [Pizza[name=Pizza A, priceInPence=2300]]
PriceTotalInPence: 2400
 -- Credit card info 
CreditCardNumber: 0000000000000000
CCV: 222
ExpiryDate: 07/26
]]></system-err>
  </testcase>
  <testcase name="test3OrLessPizzasInOneOrder" classname="uk.ac.ed.inf.OrderValidatorTest" time="0">
    <system-err><![CDATA[
 -- Order info 
OrderValidationCode: NO_ERROR
OrderStatus: VALID_BUT_NOT_DELIVERED
OrderNo: 1C8EC934
Order Contents: [Pizza[name=Pizza B, priceInPence=2400], Pizza[name=Pizza B, priceInPence=2400], Pizza[name=Pizza B, priceInPence=2400]]
PriceTotalInPence: 7300
 -- Credit card info 
CreditCardNumber: 0000000000000000
CCV: 222
ExpiryDate: 11/29
]]></system-err>
  </testcase>
  <testcase name="test3OrLessPizzasInOneOrder" classname="uk.ac.ed.inf.OrderValidatorTest" time="0">
    <system-err><![CDATA[
 -- Order info 
OrderValidationCode: NO_ERROR
OrderStatus: VALID_BUT_NOT_DELIVERED
OrderNo: 29B05630
Order Contents: [Pizza[name=Pizza A, priceInPence=2300], Pizza[name=Pizza B, priceInPence=2400]]
PriceTotalInPence: 4800
 -- Credit card info 
CreditCardNumber: 0000000000000000
CCV: 222
ExpiryDate: 09/29
]]></system-err>
  </testcase>
  <testcase name="test3OrLessPizzasInOneOrder" classname="uk.ac.ed.inf.OrderValidatorTest" time="0">
    <system-err><![CDATA[
 -- Order info 
OrderValidationCode: NO_ERROR
OrderStatus: VALID_BUT_NOT_DELIVERED
OrderNo: 301630A2
Order Contents: [Pizza[name=Pizza A, priceInPence=2300], Pizza[name=Pizza A, priceInPence=2300], Pizza[name=Pizza B, priceInPence=2400]]
PriceTotalInPence: 7100
 -- Credit card info 
CreditCardNumber: 0000000000000000
CCV: 222
ExpiryDate: 08/29
]]></system-err>
  </testcase>
  <testcase name="test3OrLessPizzasInOneOrder" classname="uk.ac.ed.inf.OrderValidatorTest" time="0">
    <system-err><![CDATA[
 -- Order info 
OrderValidationCode: NO_ERROR
OrderStatus: VALID_BUT_NOT_DELIVERED
OrderNo: 129C9722
Order Contents: [Pizza[name=Pizza C, priceInPence=2500]]
PriceTotalInPence: 2600
 -- Credit card info 
CreditCardNumber: 0000000000000000
CCV: 222
ExpiryDate: 04/28
]]></system-err>
  </testcase>
  <testcase name="test3OrLessPizzasInOneOrder" classname="uk.ac.ed.inf.OrderValidatorTest" time="0">
    <system-err><![CDATA[
 -- Order info 
OrderValidationCode: NO_ERROR
OrderStatus: VALID_BUT_NOT_DELIVERED
OrderNo: 50EC032E
Order Contents: [Pizza[name=Pizza A, priceInPence=2300], Pizza[name=Pizza C, priceInPence=2500]]
PriceTotalInPence: 4900
 -- Credit card info 
CreditCardNumber: 0000000000000000
CCV: 222
ExpiryDate: 01/27
]]></system-err>
  </testcase>
  <testcase name="test3OrLessPizzasInOneOrder" classname="uk.ac.ed.inf.OrderValidatorTest" time="0">
    <system-err><![CDATA[
 -- Order info 
OrderValidationCode: NO_ERROR
OrderStatus: VALID_BUT_NOT_DELIVERED
OrderNo: 22759BFD
Order Contents: [Pizza[name=Pizza A, priceInPence=2300]]
PriceTotalInPence: 2400
 -- Credit card info 
CreditCardNumber: 0000000000000000
CCV: 222
ExpiryDate: 07/28
]]></system-err>
  </testcase>
  <testcase name="test3OrLessPizzasInOneOrder" classname="uk.ac.ed.inf.OrderValidatorTest" time="0">
    <system-err><![CDATA[
 -- Order info 
OrderValidationCode: NO_ERROR
OrderStatus: VALID_BUT_NOT_DELIVERED
OrderNo: 1CBE9329
Order Contents: [Pizza[name=Pizza C, priceInPence=2500], Pizza[name=Pizza B, priceInPence=2400], Pizza[name=Pizza C, priceInPence=2500]]
PriceTotalInPence: 7500
 -- Credit card info 
CreditCardNumber: 0000000000000000
CCV: 222
ExpiryDate: 08/26
]]></system-err>
  </testcase>
  <testcase name="test3OrLessPizzasInOneOrder" classname="uk.ac.ed.inf.OrderValidatorTest" time="0">
    <system-err><![CDATA[
 -- Order info 
OrderValidationCode: NO_ERROR
OrderStatus: VALID_BUT_NOT_DELIVERED
OrderNo: 466E9D54
Order Contents: [Pizza[name=Pizza C, priceInPence=2500]]
PriceTotalInPence: 2600
 -- Credit card info 
CreditCardNumber: 0000000000000000
CCV: 222
ExpiryDate: 10/29
]]></system-err>
  </testcase>
  <testcase name="test3OrLessPizzasInOneOrder" classname="uk.ac.ed.inf.OrderValidatorTest" time="0">
    <system-err><![CDATA[
 -- Order info 
OrderValidationCode: NO_ERROR
OrderStatus: VALID_BUT_NOT_DELIVERED
OrderNo: 410F700A
Order Contents: [Pizza[name=Pizza C, priceInPence=2500], Pizza[name=Pizza C, priceInPence=2500], Pizza[name=Pizza A, priceInPence=2300]]
PriceTotalInPence: 7400
 -- Credit card info 
CreditCardNumber: 0000000000000000
CCV: 222
ExpiryDate: 09/27
]]></system-err>
  </testcase>
  <testcase name="test3OrLessPizzasInOneOrder" classname="uk.ac.ed.inf.OrderValidatorTest" time="0">
    <system-err><![CDATA[
 -- Order info 
OrderValidationCode: NO_ERROR
OrderStatus: VALID_BUT_NOT_DELIVERED
OrderNo: 28C91BF5
Order Contents: [Pizza[name=Pizza A, priceInPence=2300]]
PriceTotalInPence: 2400
 -- Credit card info 
CreditCardNumber: 0000000000000000
CCV: 222
ExpiryDate: 01/28
]]></system-err>
  </testcase>
  <testcase name="test3OrLessPizzasInOneOrder" classname="uk.ac.ed.inf.OrderValidatorTest" time="0">
    <system-err><![CDATA[
 -- Order info 
OrderValidationCode: NO_ERROR
OrderStatus: VALID_BUT_NOT_DELIVERED
OrderNo: 1AF4CB75
Order Contents: [Pizza[name=Pizza A, priceInPence=2300]]
PriceTotalInPence: 2400
 -- Credit card info 
CreditCardNumber: 0000000000000000
CCV: 222
ExpiryDate: 06/28
]]></system-err>
  </testcase>
  <testcase name="test3OrLessPizzasInOneOrder" classname="uk.ac.ed.inf.OrderValidatorTest" time="0">
    <system-err><![CDATA[
 -- Order info 
OrderValidationCode: NO_ERROR
OrderStatus: VALID_BUT_NOT_DELIVERED
OrderNo: 07DDD4A1
Order Contents: [Pizza[name=Pizza C, priceInPence=2500]]
PriceTotalInPence: 2600
 -- Credit card info 
CreditCardNumber: 0000000000000000
CCV: 222
ExpiryDate: 07/29
]]></system-err>
  </testcase>
  <testcase name="test3OrLessPizzasInOneOrder" classname="uk.ac.ed.inf.OrderValidatorTest" time="0">
    <system-err><![CDATA[
 -- Order info 
OrderValidationCode: NO_ERROR
OrderStatus: VALID_BUT_NOT_DELIVERED
OrderNo: 3C1878DD
Order Contents: [Pizza[name=Pizza B, priceInPence=2400]]
PriceTotalInPence: 2500
 -- Credit card info 
CreditCardNumber: 0000000000000000
CCV: 222
ExpiryDate: 06/29
]]></system-err>
  </testcase>
  <testcase name="test3OrLessPizzasInOneOrder" classname="uk.ac.ed.inf.OrderValidatorTest" time="0">
    <system-err><![CDATA[
 -- Order info 
OrderValidationCode: NO_ERROR
OrderStatus: VALID_BUT_NOT_DELIVERED
OrderNo: 461983C2
Order Contents: [Pizza[name=Pizza C, priceInPence=2500], Pizza[name=Pizza A, priceInPence=2300]]
PriceTotalInPence: 4900
 -- Credit card info 
CreditCardNumber: 0000000000000000
CCV: 222
ExpiryDate: 04/28
]]></system-err>
  </testcase>
  <testcase name="test3OrLessPizzasInOneOrder" classname="uk.ac.ed.inf.OrderValidatorTest" time="0">
    <system-err><![CDATA[
 -- Order info 
OrderValidationCode: NO_ERROR
OrderStatus: VALID_BUT_NOT_DELIVERED
OrderNo: 37732AE9
Order Contents: [Pizza[name=Pizza B, priceInPence=2400], Pizza[name=Pizza A, priceInPence=2300]]
PriceTotalInPence: 4800
 -- Credit card info 
CreditCardNumber: 0000000000000000
CCV: 222
ExpiryDate: 04/29
]]></system-err>
  </testcase>
  <testcase name="test3OrLessPizzasInOneOrder" classname="uk.ac.ed.inf.OrderValidatorTest" time="0">
    <system-err><![CDATA[
 -- Order info 
OrderValidationCode: NO_ERROR
OrderStatus: VALID_BUT_NOT_DELIVERED
OrderNo: 551AE8EC
Order Contents: [Pizza[name=Pizza A, priceInPence=2300]]
PriceTotalInPence: 2400
 -- Credit card info 
CreditCardNumber: 0000000000000000
CCV: 222
ExpiryDate: 04/29
]]></system-err>
  </testcase>
  <testcase name="test3OrLessPizzasInOneOrder" classname="uk.ac.ed.inf.OrderValidatorTest" time="0">
    <system-err><![CDATA[
 -- Order info 
OrderValidationCode: NO_ERROR
OrderStatus: VALID_BUT_NOT_DELIVERED
OrderNo: 7A2BB996
Order Contents: [Pizza[name=Pizza A, priceInPence=2300]]
PriceTotalInPence: 2400
 -- Credit card info 
CreditCardNumber: 0000000000000000
CCV: 222
ExpiryDate: 09/29
]]></system-err>
  </testcase>
  <testcase name="test3OrLessPizzasInOneOrder" classname="uk.ac.ed.inf.OrderValidatorTest" time="0">
    <system-err><![CDATA[
 -- Order info 
OrderValidationCode: NO_ERROR
OrderStatus: VALID_BUT_NOT_DELIVERED
OrderNo: 651F07E7
Order Contents: [Pizza[name=Pizza C, priceInPence=2500], Pizza[name=Pizza B, priceInPence=2400], Pizza[name=Pizza B, priceInPence=2400]]
PriceTotalInPence: 7400
 -- Credit card info 
CreditCardNumber: 0000000000000000
CCV: 222
ExpiryDate: 07/25
]]></system-err>
  </testcase>
  <testcase name="test3OrLessPizzasInOneOrder" classname="uk.ac.ed.inf.OrderValidatorTest" time="0">
    <system-err><![CDATA[
 -- Order info 
OrderValidationCode: NO_ERROR
OrderStatus: VALID_BUT_NOT_DELIVERED
OrderNo: 2736B0F8
Order Contents: [Pizza[name=Pizza A, priceInPence=2300]]
PriceTotalInPence: 2400
 -- Credit card info 
CreditCardNumber: 0000000000000000
CCV: 222
ExpiryDate: 09/25
]]></system-err>
  </testcase>
  <testcase name="test3OrLessPizzasInOneOrder" classname="uk.ac.ed.inf.OrderValidatorTest" time="0">
    <system-err><![CDATA[
 -- Order info 
OrderValidationCode: NO_ERROR
OrderStatus: VALID_BUT_NOT_DELIVERED
OrderNo: 083E7BC4
Order Contents: [Pizza[name=Pizza B, priceInPence=2400]]
PriceTotalInPence: 2500
 -- Credit card info 
CreditCardNumber: 0000000000000000
CCV: 222
ExpiryDate: 01/28
]]></system-err>
  </testcase>
  <testcase name="test3OrLessPizzasInOneOrder" classname="uk.ac.ed.inf.OrderValidatorTest" time="0">
    <system-err><![CDATA[
 -- Order info 
OrderValidationCode: NO_ERROR
OrderStatus: VALID_BUT_NOT_DELIVERED
OrderNo: 48611B2B
Order Contents: [Pizza[name=Pizza C, priceInPence=2500], Pizza[name=Pizza C, priceInPence=2500]]
PriceTotalInPence: 5100
 -- Credit card info 
CreditCardNumber: 0000000000000000
CCV: 222
ExpiryDate: 07/25
]]></system-err>
  </testcase>
  <testcase name="test3OrLessPizzasInOneOrder" classname="uk.ac.ed.inf.OrderValidatorTest" time="0">
    <system-err><![CDATA[
 -- Order info 
OrderValidationCode: NO_ERROR
OrderStatus: VALID_BUT_NOT_DELIVERED
OrderNo: 57FD0F0D
Order Contents: [Pizza[name=Pizza C, priceInPence=2500]]
PriceTotalInPence: 2600
 -- Credit card info 
CreditCardNumber: 0000000000000000
CCV: 222
ExpiryDate: 06/29
]]></system-err>
  </testcase>
  <testcase name="test3OrLessPizzasInOneOrder" classname="uk.ac.ed.inf.OrderValidatorTest" time="0">
    <system-err><![CDATA[
 -- Order info 
OrderValidationCode: NO_ERROR
OrderStatus: VALID_BUT_NOT_DELIVERED
OrderNo: 4902E452
Order Contents: [Pizza[name=Pizza A, priceInPence=2300]]
PriceTotalInPence: 2400
 -- Credit card info 
CreditCardNumber: 0000000000000000
CCV: 222
ExpiryDate: 02/26
]]></system-err>
  </testcase>
  <testcase name="test3OrLessPizzasInOneOrder" classname="uk.ac.ed.inf.OrderValidatorTest" time="0">
    <system-err><![CDATA[
 -- Order info 
OrderValidationCode: NO_ERROR
OrderStatus: VALID_BUT_NOT_DELIVERED
OrderNo: 2846529A
Order Contents: [Pizza[name=Pizza A, priceInPence=2300], Pizza[name=Pizza C, priceInPence=2500], Pizza[name=Pizza B, priceInPence=2400]]
PriceTotalInPence: 7300
 -- Credit card info 
CreditCardNumber: 0000000000000000
CCV: 222
ExpiryDate: 06/25
]]></system-err>
  </testcase>
  <testcase name="test3OrLessPizzasInOneOrder" classname="uk.ac.ed.inf.OrderValidatorTest" time="0">
    <system-err><![CDATA[
 -- Order info 
OrderValidationCode: NO_ERROR
OrderStatus: VALID_BUT_NOT_DELIVERED
OrderNo: 072CC1A8
Order Contents: [Pizza[name=Pizza C, priceInPence=2500], Pizza[name=Pizza C, priceInPence=2500], Pizza[name=Pizza C, priceInPence=2500]]
PriceTotalInPence: 7600
 -- Credit card info 
CreditCardNumber: 0000000000000000
CCV: 222
ExpiryDate: 04/27
]]></system-err>
  </testcase>
  <testcase name="test3OrLessPizzasInOneOrder" classname="uk.ac.ed.inf.OrderValidatorTest" time="0">
    <system-err><![CDATA[
 -- Order info 
OrderValidationCode: NO_ERROR
OrderStatus: VALID_BUT_NOT_DELIVERED
OrderNo: 358378E3
Order Contents: [Pizza[name=Pizza A, priceInPence=2300], Pizza[name=Pizza A, priceInPence=2300], Pizza[name=Pizza C, priceInPence=2500]]
PriceTotalInPence: 7200
 -- Credit card info 
CreditCardNumber: 0000000000000000
CCV: 222
ExpiryDate: 02/29
]]></system-err>
  </testcase>
  <testcase name="test3OrLessPizzasInOneOrder" classname="uk.ac.ed.inf.OrderValidatorTest" time="0">
    <system-err><![CDATA[
 -- Order info 
OrderValidationCode: NO_ERROR
OrderStatus: VALID_BUT_NOT_DELIVERED
OrderNo: 26CB2EFD
Order Contents: [Pizza[name=Pizza A, priceInPence=2300]]
PriceTotalInPence: 2400
 -- Credit card info 
CreditCardNumber: 0000000000000000
CCV: 222
ExpiryDate: 08/27
]]></system-err>
  </testcase>
  <testcase name="test3OrLessPizzasInOneOrder" classname="uk.ac.ed.inf.OrderValidatorTest" time="0">
    <system-err><![CDATA[
 -- Order info 
OrderValidationCode: NO_ERROR
OrderStatus: VALID_BUT_NOT_DELIVERED
OrderNo: 725BBC99
Order Contents: [Pizza[name=Pizza C, priceInPence=2500]]
PriceTotalInPence: 2600
 -- Credit card info 
CreditCardNumber: 0000000000000000
CCV: 222
ExpiryDate: 05/29
]]></system-err>
  </testcase>
  <testcase name="test3OrLessPizzasInOneOrder" classname="uk.ac.ed.inf.OrderValidatorTest" time="0">
    <system-err><![CDATA[
 -- Order info 
OrderValidationCode: NO_ERROR
OrderStatus: VALID_BUT_NOT_DELIVERED
OrderNo: 5354BE87
Order Contents: [Pizza[name=Pizza A, priceInPence=2300], Pizza[name=Pizza C, priceInPence=2500]]
PriceTotalInPence: 4900
 -- Credit card info 
CreditCardNumber: 0000000000000000
CCV: 222
ExpiryDate: 06/29
]]></system-err>
  </testcase>
  <testcase name="test3OrLessPizzasInOneOrder" classname="uk.ac.ed.inf.OrderValidatorTest" time="0">
    <system-err><![CDATA[
 -- Order info 
OrderValidationCode: NO_ERROR
OrderStatus: VALID_BUT_NOT_DELIVERED
OrderNo: 158BBC9F
Order Contents: [Pizza[name=Pizza A, priceInPence=2300], Pizza[name=Pizza B, priceInPence=2400], Pizza[name=Pizza C, priceInPence=2500]]
PriceTotalInPence: 7300
 -- Credit card info 
CreditCardNumber: 0000000000000000
CCV: 222
ExpiryDate: 10/25
]]></system-err>
  </testcase>
  <testcase name="test3OrLessPizzasInOneOrder" classname="uk.ac.ed.inf.OrderValidatorTest" time="0">
    <system-err><![CDATA[
 -- Order info 
OrderValidationCode: NO_ERROR
OrderStatus: VALID_BUT_NOT_DELIVERED
OrderNo: 72387D4F
Order Contents: [Pizza[name=Pizza C, priceInPence=2500], Pizza[name=Pizza B, priceInPence=2400], Pizza[name=Pizza C, priceInPence=2500]]
PriceTotalInPence: 7500
 -- Credit card info 
CreditCardNumber: 0000000000000000
CCV: 222
ExpiryDate: 09/27
]]></system-err>
  </testcase>
  <testcase name="test3OrLessPizzasInOneOrder" classname="uk.ac.ed.inf.OrderValidatorTest" time="0">
    <system-err><![CDATA[
 -- Order info 
OrderValidationCode: NO_ERROR
OrderStatus: VALID_BUT_NOT_DELIVERED
OrderNo: 06BA7216
Order Contents: [Pizza[name=Pizza A, priceInPence=2300], Pizza[name=Pizza B, priceInPence=2400]]
PriceTotalInPence: 4800
 -- Credit card info 
CreditCardNumber: 0000000000000000
CCV: 222
ExpiryDate: 09/27
]]></system-err>
  </testcase>
  <testcase name="test3OrLessPizzasInOneOrder" classname="uk.ac.ed.inf.OrderValidatorTest" time="0">
    <system-err><![CDATA[
 -- Order info 
OrderValidationCode: NO_ERROR
OrderStatus: VALID_BUT_NOT_DELIVERED
OrderNo: 12272F71
Order Contents: [Pizza[name=Pizza A, priceInPence=2300]]
PriceTotalInPence: 2400
 -- Credit card info 
CreditCardNumber: 0000000000000000
CCV: 222
ExpiryDate: 02/26
]]></system-err>
  </testcase>
  <testcase name="test3OrLessPizzasInOneOrder" classname="uk.ac.ed.inf.OrderValidatorTest" time="0">
    <system-err><![CDATA[
 -- Order info 
OrderValidationCode: NO_ERROR
OrderStatus: VALID_BUT_NOT_DELIVERED
OrderNo: 274777AE
Order Contents: [Pizza[name=Pizza C, priceInPence=2500], Pizza[name=Pizza B, priceInPence=2400]]
PriceTotalInPence: 5000
 -- Credit card info 
CreditCardNumber: 0000000000000000
CCV: 222
ExpiryDate: 09/24
]]></system-err>
  </testcase>
  <testcase name="test3OrLessPizzasInOneOrder" classname="uk.ac.ed.inf.OrderValidatorTest" time="0">
    <system-err><![CDATA[
 -- Order info 
OrderValidationCode: NO_ERROR
OrderStatus: VALID_BUT_NOT_DELIVERED
OrderNo: 0D427E78
Order Contents: [Pizza[name=Pizza A, priceInPence=2300]]
PriceTotalInPence: 2400
 -- Credit card info 
CreditCardNumber: 0000000000000000
CCV: 222
ExpiryDate: 08/25
]]></system-err>
  </testcase>
  <testcase name="test3OrLessPizzasInOneOrder" classname="uk.ac.ed.inf.OrderValidatorTest" time="0.015">
    <system-err><![CDATA[
 -- Order info 
OrderValidationCode: NO_ERROR
OrderStatus: VALID_BUT_NOT_DELIVERED
OrderNo: 3DD38A6B
Order Contents: [Pizza[name=Pizza A, priceInPence=2300], Pizza[name=Pizza A, priceInPence=2300], Pizza[name=Pizza A, priceInPence=2300]]
PriceTotalInPence: 7000
 -- Credit card info 
CreditCardNumber: 0000000000000000
CCV: 222
ExpiryDate: 06/24
]]></system-err>
  </testcase>
  <testcase name="test3OrLessPizzasInOneOrder" classname="uk.ac.ed.inf.OrderValidatorTest" time="0">
    <system-err><![CDATA[
 -- Order info 
OrderValidationCode: NO_ERROR
OrderStatus: VALID_BUT_NOT_DELIVERED
OrderNo: 05976448
Order Contents: [Pizza[name=Pizza C, priceInPence=2500], Pizza[name=Pizza C, priceInPence=2500]]
PriceTotalInPence: 5100
 -- Credit card info 
CreditCardNumber: 0000000000000000
CCV: 222
ExpiryDate: 02/25
]]></system-err>
  </testcase>
  <testcase name="test3OrLessPizzasInOneOrder" classname="uk.ac.ed.inf.OrderValidatorTest" time="0">
    <system-err><![CDATA[
 -- Order info 
OrderValidationCode: NO_ERROR
OrderStatus: VALID_BUT_NOT_DELIVERED
OrderNo: 199EE3B7
Order Contents: [Pizza[name=Pizza C, priceInPence=2500], Pizza[name=Pizza A, priceInPence=2300], Pizza[name=Pizza A, priceInPence=2300]]
PriceTotalInPence: 7200
 -- Credit card info 
CreditCardNumber: 0000000000000000
CCV: 222
ExpiryDate: 03/24
]]></system-err>
  </testcase>
  <testcase name="test3OrLessPizzasInOneOrder" classname="uk.ac.ed.inf.OrderValidatorTest" time="0">
    <system-err><![CDATA[
 -- Order info 
OrderValidationCode: NO_ERROR
OrderStatus: VALID_BUT_NOT_DELIVERED
OrderNo: 21450E02
Order Contents: [Pizza[name=Pizza B, priceInPence=2400], Pizza[name=Pizza C, priceInPence=2500]]
PriceTotalInPence: 5000
 -- Credit card info 
CreditCardNumber: 0000000000000000
CCV: 222
ExpiryDate: 08/27
]]></system-err>
  </testcase>
  <testcase name="test3OrLessPizzasInOneOrder" classname="uk.ac.ed.inf.OrderValidatorTest" time="0">
    <system-err><![CDATA[
 -- Order info 
OrderValidationCode: NO_ERROR
OrderStatus: VALID_BUT_NOT_DELIVERED
OrderNo: 10CCE937
Order Contents: [Pizza[name=Pizza C, priceInPence=2500], Pizza[name=Pizza C, priceInPence=2500], Pizza[name=Pizza A, priceInPence=2300]]
PriceTotalInPence: 7400
 -- Credit card info 
CreditCardNumber: 0000000000000000
CCV: 222
ExpiryDate: 07/28
]]></system-err>
  </testcase>
  <testcase name="test3OrLessPizzasInOneOrder" classname="uk.ac.ed.inf.OrderValidatorTest" time="0">
    <system-err><![CDATA[
 -- Order info 
OrderValidationCode: NO_ERROR
OrderStatus: VALID_BUT_NOT_DELIVERED
OrderNo: 1A39D12B
Order Contents: [Pizza[name=Pizza B, priceInPence=2400], Pizza[name=Pizza C, priceInPence=2500]]
PriceTotalInPence: 5000
 -- Credit card info 
CreditCardNumber: 0000000000000000
CCV: 222
ExpiryDate: 04/26
]]></system-err>
  </testcase>
  <testcase name="test3OrLessPizzasInOneOrder" classname="uk.ac.ed.inf.OrderValidatorTest" time="0">
    <system-err><![CDATA[
 -- Order info 
OrderValidationCode: NO_ERROR
OrderStatus: VALID_BUT_NOT_DELIVERED
OrderNo: 169DA5E7
Order Contents: [Pizza[name=Pizza A, priceInPence=2300], Pizza[name=Pizza C, priceInPence=2500], Pizza[name=Pizza A, priceInPence=2300]]
PriceTotalInPence: 7200
 -- Credit card info 
CreditCardNumber: 0000000000000000
CCV: 222
ExpiryDate: 11/25
]]></system-err>
  </testcase>
  <testcase name="test3OrLessPizzasInOneOrder" classname="uk.ac.ed.inf.OrderValidatorTest" time="0">
    <system-err><![CDATA[
 -- Order info 
OrderValidationCode: NO_ERROR
OrderStatus: VALID_BUT_NOT_DELIVERED
OrderNo: 1A6683A8
Order Contents: [Pizza[name=Pizza B, priceInPence=2400]]
PriceTotalInPence: 2500
 -- Credit card info 
CreditCardNumber: 0000000000000000
CCV: 222
ExpiryDate: 11/28
]]></system-err>
  </testcase>
  <testcase name="test3OrLessPizzasInOneOrder" classname="uk.ac.ed.inf.OrderValidatorTest" time="0">
    <system-err><![CDATA[
 -- Order info 
OrderValidationCode: NO_ERROR
OrderStatus: VALID_BUT_NOT_DELIVERED
OrderNo: 7BA274D8
Order Contents: [Pizza[name=Pizza A, priceInPence=2300]]
PriceTotalInPence: 2400
 -- Credit card info 
CreditCardNumber: 0000000000000000
CCV: 222
ExpiryDate: 07/26
]]></system-err>
  </testcase>
  <testcase name="test3OrLessPizzasInOneOrder" classname="uk.ac.ed.inf.OrderValidatorTest" time="0">
    <system-err><![CDATA[
 -- Order info 
OrderValidationCode: NO_ERROR
OrderStatus: VALID_BUT_NOT_DELIVERED
OrderNo: 1CFA623D
Order Contents: [Pizza[name=Pizza B, priceInPence=2400], Pizza[name=Pizza C, priceInPence=2500]]
PriceTotalInPence: 5000
 -- Credit card info 
CreditCardNumber: 0000000000000000
CCV: 222
ExpiryDate: 08/28
]]></system-err>
  </testcase>
  <testcase name="test3OrLessPizzasInOneOrder" classname="uk.ac.ed.inf.OrderValidatorTest" time="0">
    <system-err><![CDATA[
 -- Order info 
OrderValidationCode: NO_ERROR
OrderStatus: VALID_BUT_NOT_DELIVERED
OrderNo: 3B593DE9
Order Contents: [Pizza[name=Pizza A, priceInPence=2300], Pizza[name=Pizza B, priceInPence=2400]]
PriceTotalInPence: 4800
 -- Credit card info 
CreditCardNumber: 0000000000000000
CCV: 222
ExpiryDate: 04/25
]]></system-err>
  </testcase>
  <testcase name="test3OrLessPizzasInOneOrder" classname="uk.ac.ed.inf.OrderValidatorTest" time="0">
    <system-err><![CDATA[
 -- Order info 
OrderValidationCode: NO_ERROR
OrderStatus: VALID_BUT_NOT_DELIVERED
OrderNo: 25A96D87
Order Contents: [Pizza[name=Pizza B, priceInPence=2400], Pizza[name=Pizza A, priceInPence=2300], Pizza[name=Pizza A, priceInPence=2300]]
PriceTotalInPence: 7100
 -- Credit card info 
CreditCardNumber: 0000000000000000
CCV: 222
ExpiryDate: 07/29
]]></system-err>
  </testcase>
  <testcase name="test3OrLessPizzasInOneOrder" classname="uk.ac.ed.inf.OrderValidatorTest" time="0">
    <system-err><![CDATA[
 -- Order info 
OrderValidationCode: NO_ERROR
OrderStatus: VALID_BUT_NOT_DELIVERED
OrderNo: 32237E8B
Order Contents: [Pizza[name=Pizza A, priceInPence=2300], Pizza[name=Pizza A, priceInPence=2300]]
PriceTotalInPence: 4700
 -- Credit card info 
CreditCardNumber: 0000000000000000
CCV: 222
ExpiryDate: 04/28
]]></system-err>
  </testcase>
  <testcase name="test3OrLessPizzasInOneOrder" classname="uk.ac.ed.inf.OrderValidatorTest" time="0">
    <system-err><![CDATA[
 -- Order info 
OrderValidationCode: NO_ERROR
OrderStatus: VALID_BUT_NOT_DELIVERED
OrderNo: 285DDCCB
Order Contents: [Pizza[name=Pizza C, priceInPence=2500]]
PriceTotalInPence: 2600
 -- Credit card info 
CreditCardNumber: 0000000000000000
CCV: 222
ExpiryDate: 10/26
]]></system-err>
  </testcase>
  <testcase name="test3OrLessPizzasInOneOrder" classname="uk.ac.ed.inf.OrderValidatorTest" time="0">
    <system-err><![CDATA[
 -- Order info 
OrderValidationCode: NO_ERROR
OrderStatus: VALID_BUT_NOT_DELIVERED
OrderNo: 0C36408B
Order Contents: [Pizza[name=Pizza B, priceInPence=2400], Pizza[name=Pizza C, priceInPence=2500], Pizza[name=Pizza B, priceInPence=2400]]
PriceTotalInPence: 7400
 -- Credit card info 
CreditCardNumber: 0000000000000000
CCV: 222
ExpiryDate: 07/24
]]></system-err>
  </testcase>
  <testcase name="test3OrLessPizzasInOneOrder" classname="uk.ac.ed.inf.OrderValidatorTest" time="0">
    <system-err><![CDATA[
 -- Order info 
OrderValidationCode: NO_ERROR
OrderStatus: VALID_BUT_NOT_DELIVERED
OrderNo: 58A09768
Order Contents: [Pizza[name=Pizza A, priceInPence=2300]]
PriceTotalInPence: 2400
 -- Credit card info 
CreditCardNumber: 0000000000000000
CCV: 222
ExpiryDate: 07/24
]]></system-err>
  </testcase>
  <testcase name="test3OrLessPizzasInOneOrder" classname="uk.ac.ed.inf.OrderValidatorTest" time="0">
    <system-err><![CDATA[
 -- Order info 
OrderValidationCode: NO_ERROR
OrderStatus: VALID_BUT_NOT_DELIVERED
OrderNo: 073CB419
Order Contents: [Pizza[name=Pizza A, priceInPence=2300]]
PriceTotalInPence: 2400
 -- Credit card info 
CreditCardNumber: 0000000000000000
CCV: 222
ExpiryDate: 08/25
]]></system-err>
  </testcase>
  <testcase name="test3OrLessPizzasInOneOrder" classname="uk.ac.ed.inf.OrderValidatorTest" time="0">
    <system-err><![CDATA[
 -- Order info 
OrderValidationCode: NO_ERROR
OrderStatus: VALID_BUT_NOT_DELIVERED
OrderNo: 4113E097
Order Contents: [Pizza[name=Pizza A, priceInPence=2300], Pizza[name=Pizza C, priceInPence=2500]]
PriceTotalInPence: 4900
 -- Credit card info 
CreditCardNumber: 0000000000000000
CCV: 222
ExpiryDate: 10/24
]]></system-err>
  </testcase>
  <testcase name="test3OrLessPizzasInOneOrder" classname="uk.ac.ed.inf.OrderValidatorTest" time="0">
    <system-err><![CDATA[
 -- Order info 
OrderValidationCode: NO_ERROR
OrderStatus: VALID_BUT_NOT_DELIVERED
OrderNo: 0F4DFC5D
Order Contents: [Pizza[name=Pizza C, priceInPence=2500], Pizza[name=Pizza C, priceInPence=2500]]
PriceTotalInPence: 5100
 -- Credit card info 
CreditCardNumber: 0000000000000000
CCV: 222
ExpiryDate: 03/25
]]></system-err>
  </testcase>
  <testcase name="test3OrLessPizzasInOneOrder" classname="uk.ac.ed.inf.OrderValidatorTest" time="0">
    <system-err><![CDATA[
 -- Order info 
OrderValidationCode: NO_ERROR
OrderStatus: VALID_BUT_NOT_DELIVERED
OrderNo: 6DE516CB
Order Contents: [Pizza[name=Pizza B, priceInPence=2400], Pizza[name=Pizza C, priceInPence=2500], Pizza[name=Pizza B, priceInPence=2400]]
PriceTotalInPence: 7400
 -- Credit card info 
CreditCardNumber: 0000000000000000
CCV: 222
ExpiryDate: 07/29
]]></system-err>
  </testcase>
  <testcase name="test3OrLessPizzasInOneOrder" classname="uk.ac.ed.inf.OrderValidatorTest" time="0">
    <system-err><![CDATA[
 -- Order info 
OrderValidationCode: NO_ERROR
OrderStatus: VALID_BUT_NOT_DELIVERED
OrderNo: 2960ED03
Order Contents: [Pizza[name=Pizza A, priceInPence=2300]]
PriceTotalInPence: 2400
 -- Credit card info 
CreditCardNumber: 0000000000000000
CCV: 222
ExpiryDate: 07/29
]]></system-err>
  </testcase>
  <testcase name="test3OrLessPizzasInOneOrder" classname="uk.ac.ed.inf.OrderValidatorTest" time="0">
    <system-err><![CDATA[
 -- Order info 
OrderValidationCode: NO_ERROR
OrderStatus: VALID_BUT_NOT_DELIVERED
OrderNo: 71CF8E31
Order Contents: [Pizza[name=Pizza A, priceInPence=2300]]
PriceTotalInPence: 2400
 -- Credit card info 
CreditCardNumber: 0000000000000000
CCV: 222
ExpiryDate: 08/26
]]></system-err>
  </testcase>
  <testcase name="test3OrLessPizzasInOneOrder" classname="uk.ac.ed.inf.OrderValidatorTest" time="0">
    <system-err><![CDATA[
 -- Order info 
OrderValidationCode: NO_ERROR
OrderStatus: VALID_BUT_NOT_DELIVERED
OrderNo: 5452359D
Order Contents: [Pizza[name=Pizza A, priceInPence=2300], Pizza[name=Pizza B, priceInPence=2400]]
PriceTotalInPence: 4800
 -- Credit card info 
CreditCardNumber: 0000000000000000
CCV: 222
ExpiryDate: 06/24
]]></system-err>
  </testcase>
  <testcase name="test3OrLessPizzasInOneOrder" classname="uk.ac.ed.inf.OrderValidatorTest" time="0">
    <system-err><![CDATA[
 -- Order info 
OrderValidationCode: NO_ERROR
OrderStatus: VALID_BUT_NOT_DELIVERED
OrderNo: 2883EA17
Order Contents: [Pizza[name=Pizza A, priceInPence=2300], Pizza[name=Pizza A, priceInPence=2300], Pizza[name=Pizza B, priceInPence=2400]]
PriceTotalInPence: 7100
 -- Credit card info 
CreditCardNumber: 0000000000000000
CCV: 222
ExpiryDate: 01/26
]]></system-err>
  </testcase>
  <testcase name="test3OrLessPizzasInOneOrder" classname="uk.ac.ed.inf.OrderValidatorTest" time="0">
    <system-err><![CDATA[
 -- Order info 
OrderValidationCode: NO_ERROR
OrderStatus: VALID_BUT_NOT_DELIVERED
OrderNo: 24E73E7B
Order Contents: [Pizza[name=Pizza A, priceInPence=2300], Pizza[name=Pizza C, priceInPence=2500], Pizza[name=Pizza A, priceInPence=2300]]
PriceTotalInPence: 7200
 -- Credit card info 
CreditCardNumber: 0000000000000000
CCV: 222
ExpiryDate: 07/29
]]></system-err>
  </testcase>
  <testcase name="test3OrLessPizzasInOneOrder" classname="uk.ac.ed.inf.OrderValidatorTest" time="0">
    <system-err><![CDATA[
 -- Order info 
OrderValidationCode: NO_ERROR
OrderStatus: VALID_BUT_NOT_DELIVERED
OrderNo: 41E75241
Order Contents: [Pizza[name=Pizza C, priceInPence=2500], Pizza[name=Pizza B, priceInPence=2400], Pizza[name=Pizza B, priceInPence=2400]]
PriceTotalInPence: 7400
 -- Credit card info 
CreditCardNumber: 0000000000000000
CCV: 222
ExpiryDate: 01/28
]]></system-err>
  </testcase>
  <testcase name="test3OrLessPizzasInOneOrder" classname="uk.ac.ed.inf.OrderValidatorTest" time="0">
    <system-err><![CDATA[
 -- Order info 
OrderValidationCode: NO_ERROR
OrderStatus: VALID_BUT_NOT_DELIVERED
OrderNo: 49A9EA21
Order Contents: [Pizza[name=Pizza C, priceInPence=2500], Pizza[name=Pizza A, priceInPence=2300], Pizza[name=Pizza A, priceInPence=2300]]
PriceTotalInPence: 7200
 -- Credit card info 
CreditCardNumber: 0000000000000000
CCV: 222
ExpiryDate: 05/25
]]></system-err>
  </testcase>
  <testcase name="test3OrLessPizzasInOneOrder" classname="uk.ac.ed.inf.OrderValidatorTest" time="0">
    <system-err><![CDATA[
 -- Order info 
OrderValidationCode: NO_ERROR
OrderStatus: VALID_BUT_NOT_DELIVERED
OrderNo: 2B5CAAAB
Order Contents: [Pizza[name=Pizza C, priceInPence=2500], Pizza[name=Pizza A, priceInPence=2300], Pizza[name=Pizza A, priceInPence=2300]]
PriceTotalInPence: 7200
 -- Credit card info 
CreditCardNumber: 0000000000000000
CCV: 222
ExpiryDate: 04/28
]]></system-err>
  </testcase>
  <testcase name="test3OrLessPizzasInOneOrder" classname="uk.ac.ed.inf.OrderValidatorTest" time="0">
    <system-err><![CDATA[
 -- Order info 
OrderValidationCode: NO_ERROR
OrderStatus: VALID_BUT_NOT_DELIVERED
OrderNo: 5904E9E3
Order Contents: [Pizza[name=Pizza A, priceInPence=2300], Pizza[name=Pizza C, priceInPence=2500]]
PriceTotalInPence: 4900
 -- Credit card info 
CreditCardNumber: 0000000000000000
CCV: 222
ExpiryDate: 01/28
]]></system-err>
  </testcase>
  <testcase name="test3OrLessPizzasInOneOrder" classname="uk.ac.ed.inf.OrderValidatorTest" time="0">
    <system-err><![CDATA[
 -- Order info 
OrderValidationCode: NO_ERROR
OrderStatus: VALID_BUT_NOT_DELIVERED
OrderNo: 1F494A15
Order Contents: [Pizza[name=Pizza B, priceInPence=2400]]
PriceTotalInPence: 2500
 -- Credit card info 
CreditCardNumber: 0000000000000000
CCV: 222
ExpiryDate: 09/29
]]></system-err>
  </testcase>
  <testcase name="test3OrLessPizzasInOneOrder" classname="uk.ac.ed.inf.OrderValidatorTest" time="0">
    <system-err><![CDATA[
 -- Order info 
OrderValidationCode: NO_ERROR
OrderStatus: VALID_BUT_NOT_DELIVERED
OrderNo: 417CDA41
Order Contents: [Pizza[name=Pizza C, priceInPence=2500], Pizza[name=Pizza A, priceInPence=2300]]
PriceTotalInPence: 4900
 -- Credit card info 
CreditCardNumber: 0000000000000000
CCV: 222
ExpiryDate: 05/25
]]></system-err>
  </testcase>
  <testcase name="test3OrLessPizzasInOneOrder" classname="uk.ac.ed.inf.OrderValidatorTest" time="0">
    <system-err><![CDATA[
 -- Order info 
OrderValidationCode: NO_ERROR
OrderStatus: VALID_BUT_NOT_DELIVERED
OrderNo: 1C3AEE28
Order Contents: [Pizza[name=Pizza B, priceInPence=2400], Pizza[name=Pizza C, priceInPence=2500], Pizza[name=Pizza C, priceInPence=2500]]
PriceTotalInPence: 7500
 -- Credit card info 
CreditCardNumber: 0000000000000000
CCV: 222
ExpiryDate: 02/26
]]></system-err>
  </testcase>
  <testcase name="test3OrLessPizzasInOneOrder" classname="uk.ac.ed.inf.OrderValidatorTest" time="0">
    <system-err><![CDATA[
 -- Order info 
OrderValidationCode: NO_ERROR
OrderStatus: VALID_BUT_NOT_DELIVERED
OrderNo: 1911BEC1
Order Contents: [Pizza[name=Pizza C, priceInPence=2500], Pizza[name=Pizza A, priceInPence=2300]]
PriceTotalInPence: 4900
 -- Credit card info 
CreditCardNumber: 0000000000000000
CCV: 222
ExpiryDate: 04/24
]]></system-err>
  </testcase>
  <testcase name="test3OrLessPizzasInOneOrder" classname="uk.ac.ed.inf.OrderValidatorTest" time="0">
    <system-err><![CDATA[
 -- Order info 
OrderValidationCode: NO_ERROR
OrderStatus: VALID_BUT_NOT_DELIVERED
OrderNo: 1AB392A2
Order Contents: [Pizza[name=Pizza B, priceInPence=2400]]
PriceTotalInPence: 2500
 -- Credit card info 
CreditCardNumber: 0000000000000000
CCV: 222
ExpiryDate: 11/27
]]></system-err>
  </testcase>
  <testcase name="test3OrLessPizzasInOneOrder" classname="uk.ac.ed.inf.OrderValidatorTest" time="0">
    <system-err><![CDATA[
 -- Order info 
OrderValidationCode: NO_ERROR
OrderStatus: VALID_BUT_NOT_DELIVERED
OrderNo: 3C497EF5
Order Contents: [Pizza[name=Pizza A, priceInPence=2300]]
PriceTotalInPence: 2400
 -- Credit card info 
CreditCardNumber: 0000000000000000
CCV: 222
ExpiryDate: 03/26
]]></system-err>
  </testcase>
  <testcase name="test3OrLessPizzasInOneOrder" classname="uk.ac.ed.inf.OrderValidatorTest" time="0">
    <system-err><![CDATA[
 -- Order info 
OrderValidationCode: NO_ERROR
OrderStatus: VALID_BUT_NOT_DELIVERED
OrderNo: 136634B6
Order Contents: [Pizza[name=Pizza A, priceInPence=2300], Pizza[name=Pizza A, priceInPence=2300]]
PriceTotalInPence: 4700
 -- Credit card info 
CreditCardNumber: 0000000000000000
CCV: 222
ExpiryDate: 09/27
]]></system-err>
  </testcase>
  <testcase name="test3OrLessPizzasInOneOrder" classname="uk.ac.ed.inf.OrderValidatorTest" time="0">
    <system-err><![CDATA[
 -- Order info 
OrderValidationCode: NO_ERROR
OrderStatus: VALID_BUT_NOT_DELIVERED
OrderNo: 17930F3E
Order Contents: [Pizza[name=Pizza C, priceInPence=2500]]
PriceTotalInPence: 2600
 -- Credit card info 
CreditCardNumber: 0000000000000000
CCV: 222
ExpiryDate: 08/27
]]></system-err>
  </testcase>
  <testcase name="test3OrLessPizzasInOneOrder" classname="uk.ac.ed.inf.OrderValidatorTest" time="0">
    <system-err><![CDATA[
 -- Order info 
OrderValidationCode: NO_ERROR
OrderStatus: VALID_BUT_NOT_DELIVERED
OrderNo: 3A82E9AD
Order Contents: [Pizza[name=Pizza A, priceInPence=2300], Pizza[name=Pizza B, priceInPence=2400], Pizza[name=Pizza B, priceInPence=2400]]
PriceTotalInPence: 7200
 -- Credit card info 
CreditCardNumber: 0000000000000000
CCV: 222
ExpiryDate: 11/27
]]></system-err>
  </testcase>
  <testcase name="test3OrLessPizzasInOneOrder" classname="uk.ac.ed.inf.OrderValidatorTest" time="0">
    <system-err><![CDATA[
 -- Order info 
OrderValidationCode: NO_ERROR
OrderStatus: VALID_BUT_NOT_DELIVERED
OrderNo: 469730A9
Order Contents: [Pizza[name=Pizza A, priceInPence=2300], Pizza[name=Pizza B, priceInPence=2400], Pizza[name=Pizza C, priceInPence=2500]]
PriceTotalInPence: 7300
 -- Credit card info 
CreditCardNumber: 0000000000000000
CCV: 222
ExpiryDate: 03/29
]]></system-err>
  </testcase>
  <testcase name="test3OrLessPizzasInOneOrder" classname="uk.ac.ed.inf.OrderValidatorTest" time="0">
    <system-err><![CDATA[
 -- Order info 
OrderValidationCode: NO_ERROR
OrderStatus: VALID_BUT_NOT_DELIVERED
OrderNo: 55EB2051
Order Contents: [Pizza[name=Pizza A, priceInPence=2300], Pizza[name=Pizza C, priceInPence=2500]]
PriceTotalInPence: 4900
 -- Credit card info 
CreditCardNumber: 0000000000000000
CCV: 222
ExpiryDate: 03/27
]]></system-err>
  </testcase>
  <testcase name="test3OrLessPizzasInOneOrder" classname="uk.ac.ed.inf.OrderValidatorTest" time="0">
    <system-err><![CDATA[
 -- Order info 
OrderValidationCode: NO_ERROR
OrderStatus: VALID_BUT_NOT_DELIVERED
OrderNo: 78B052E4
Order Contents: [Pizza[name=Pizza C, priceInPence=2500], Pizza[name=Pizza A, priceInPence=2300]]
PriceTotalInPence: 4900
 -- Credit card info 
CreditCardNumber: 0000000000000000
CCV: 222
ExpiryDate: 05/29
]]></system-err>
  </testcase>
  <testcase name="test3OrLessPizzasInOneOrder" classname="uk.ac.ed.inf.OrderValidatorTest" time="0">
    <system-err><![CDATA[
 -- Order info 
OrderValidationCode: NO_ERROR
OrderStatus: VALID_BUT_NOT_DELIVERED
OrderNo: 6B076C41
Order Contents: [Pizza[name=Pizza C, priceInPence=2500], Pizza[name=Pizza B, priceInPence=2400]]
PriceTotalInPence: 5000
 -- Credit card info 
CreditCardNumber: 0000000000000000
CCV: 222
ExpiryDate: 04/28
]]></system-err>
  </testcase>
  <testcase name="test3OrLessPizzasInOneOrder" classname="uk.ac.ed.inf.OrderValidatorTest" time="0">
    <system-err><![CDATA[
 -- Order info 
OrderValidationCode: NO_ERROR
OrderStatus: VALID_BUT_NOT_DELIVERED
OrderNo: 7946D24E
Order Contents: [Pizza[name=Pizza B, priceInPence=2400], Pizza[name=Pizza C, priceInPence=2500], Pizza[name=Pizza B, priceInPence=2400]]
PriceTotalInPence: 7400
 -- Credit card info 
CreditCardNumber: 0000000000000000
CCV: 222
ExpiryDate: 08/26
]]></system-err>
  </testcase>
  <testcase name="test3OrLessPizzasInOneOrder" classname="uk.ac.ed.inf.OrderValidatorTest" time="0">
    <system-err><![CDATA[
 -- Order info 
OrderValidationCode: NO_ERROR
OrderStatus: VALID_BUT_NOT_DELIVERED
OrderNo: 1B853FA5
Order Contents: [Pizza[name=Pizza C, priceInPence=2500], Pizza[name=Pizza A, priceInPence=2300], Pizza[name=Pizza C, priceInPence=2500]]
PriceTotalInPence: 7400
 -- Credit card info 
CreditCardNumber: 0000000000000000
CCV: 222
ExpiryDate: 09/25
]]></system-err>
  </testcase>
  <testcase name="test3OrLessPizzasInOneOrder" classname="uk.ac.ed.inf.OrderValidatorTest" time="0">
    <system-err><![CDATA[
 -- Order info 
OrderValidationCode: NO_ERROR
OrderStatus: VALID_BUT_NOT_DELIVERED
OrderNo: 3E00DB10
Order Contents: [Pizza[name=Pizza C, priceInPence=2500], Pizza[name=Pizza B, priceInPence=2400], Pizza[name=Pizza B, priceInPence=2400]]
PriceTotalInPence: 7400
 -- Credit card info 
CreditCardNumber: 0000000000000000
CCV: 222
ExpiryDate: 10/29
]]></system-err>
  </testcase>
  <testcase name="test3OrLessPizzasInOneOrder" classname="uk.ac.ed.inf.OrderValidatorTest" time="0">
    <system-err><![CDATA[
 -- Order info 
OrderValidationCode: NO_ERROR
OrderStatus: VALID_BUT_NOT_DELIVERED
OrderNo: 4E909ED9
Order Contents: [Pizza[name=Pizza A, priceInPence=2300], Pizza[name=Pizza B, priceInPence=2400], Pizza[name=Pizza B, priceInPence=2400]]
PriceTotalInPence: 7200
 -- Credit card info 
CreditCardNumber: 0000000000000000
CCV: 222
ExpiryDate: 05/29
]]></system-err>
  </testcase>
  <testcase name="test3OrLessPizzasInOneOrder" classname="uk.ac.ed.inf.OrderValidatorTest" time="0">
    <system-err><![CDATA[
 -- Order info 
OrderValidationCode: NO_ERROR
OrderStatus: VALID_BUT_NOT_DELIVERED
OrderNo: 21C2E554
Order Contents: [Pizza[name=Pizza C, priceInPence=2500]]
PriceTotalInPence: 2600
 -- Credit card info 
CreditCardNumber: 0000000000000000
CCV: 222
ExpiryDate: 05/26
]]></system-err>
  </testcase>
  <testcase name="test3OrLessPizzasInOneOrder" classname="uk.ac.ed.inf.OrderValidatorTest" time="0">
    <system-err><![CDATA[
 -- Order info 
OrderValidationCode: NO_ERROR
OrderStatus: VALID_BUT_NOT_DELIVERED
OrderNo: 4B3887E7
Order Contents: [Pizza[name=Pizza A, priceInPence=2300], Pizza[name=Pizza A, priceInPence=2300]]
PriceTotalInPence: 4700
 -- Credit card info 
CreditCardNumber: 0000000000000000
CCV: 222
ExpiryDate: 04/27
]]></system-err>
  </testcase>
  <testcase name="test3OrLessPizzasInOneOrder" classname="uk.ac.ed.inf.OrderValidatorTest" time="0">
    <system-err><![CDATA[
 -- Order info 
OrderValidationCode: NO_ERROR
OrderStatus: VALID_BUT_NOT_DELIVERED
OrderNo: 7E91D6E9
Order Contents: [Pizza[name=Pizza A, priceInPence=2300], Pizza[name=Pizza A, priceInPence=2300], Pizza[name=Pizza A, priceInPence=2300]]
PriceTotalInPence: 7000
 -- Credit card info 
CreditCardNumber: 0000000000000000
CCV: 222
ExpiryDate: 05/28
]]></system-err>
  </testcase>
  <testcase name="test3OrLessPizzasInOneOrder" classname="uk.ac.ed.inf.OrderValidatorTest" time="0">
    <system-err><![CDATA[
 -- Order info 
OrderValidationCode: NO_ERROR
OrderStatus: VALID_BUT_NOT_DELIVERED
OrderNo: 7950EE14
Order Contents: [Pizza[name=Pizza A, priceInPence=2300], Pizza[name=Pizza A, priceInPence=2300], Pizza[name=Pizza A, priceInPence=2300]]
PriceTotalInPence: 7000
 -- Credit card info 
CreditCardNumber: 0000000000000000
CCV: 222
ExpiryDate: 05/27
]]></system-err>
  </testcase>
  <testcase name="test3OrLessPizzasInOneOrder" classname="uk.ac.ed.inf.OrderValidatorTest" time="0">
    <system-err><![CDATA[
 -- Order info 
OrderValidationCode: NO_ERROR
OrderStatus: VALID_BUT_NOT_DELIVERED
OrderNo: 61D8499E
Order Contents: [Pizza[name=Pizza B, priceInPence=2400], Pizza[name=Pizza A, priceInPence=2300], Pizza[name=Pizza B, priceInPence=2400]]
PriceTotalInPence: 7200
 -- Credit card info 
CreditCardNumber: 0000000000000000
CCV: 222
ExpiryDate: 03/25
]]></system-err>
  </testcase>
  <testcase name="test3OrLessPizzasInOneOrder" classname="uk.ac.ed.inf.OrderValidatorTest" time="0">
    <system-err><![CDATA[
 -- Order info 
OrderValidationCode: NO_ERROR
OrderStatus: VALID_BUT_NOT_DELIVERED
OrderNo: 67AA16E5
Order Contents: [Pizza[name=Pizza A, priceInPence=2300], Pizza[name=Pizza C, priceInPence=2500]]
PriceTotalInPence: 4900
 -- Credit card info 
CreditCardNumber: 0000000000000000
CCV: 222
ExpiryDate: 07/28
]]></system-err>
  </testcase>
  <testcase name="test3OrLessPizzasInOneOrder" classname="uk.ac.ed.inf.OrderValidatorTest" time="0">
    <system-err><![CDATA[
 -- Order info 
OrderValidationCode: NO_ERROR
OrderStatus: VALID_BUT_NOT_DELIVERED
OrderNo: 7B70B161
Order Contents: [Pizza[name=Pizza B, priceInPence=2400], Pizza[name=Pizza A, priceInPence=2300], Pizza[name=Pizza A, priceInPence=2300]]
PriceTotalInPence: 7100
 -- Credit card info 
CreditCardNumber: 0000000000000000
CCV: 222
ExpiryDate: 09/25
]]></system-err>
  </testcase>
  <testcase name="test3OrLessPizzasInOneOrder" classname="uk.ac.ed.inf.OrderValidatorTest" time="0">
    <system-err><![CDATA[
 -- Order info 
OrderValidationCode: NO_ERROR
OrderStatus: VALID_BUT_NOT_DELIVERED
OrderNo: 2B7DA11C
Order Contents: [Pizza[name=Pizza C, priceInPence=2500], Pizza[name=Pizza C, priceInPence=2500]]
PriceTotalInPence: 5100
 -- Credit card info 
CreditCardNumber: 0000000000000000
CCV: 222
ExpiryDate: 09/25
]]></system-err>
  </testcase>
  <testcase name="test3OrLessPizzasInOneOrder" classname="uk.ac.ed.inf.OrderValidatorTest" time="0">
    <system-err><![CDATA[
 -- Order info 
OrderValidationCode: NO_ERROR
OrderStatus: VALID_BUT_NOT_DELIVERED
OrderNo: 6740A826
Order Contents: [Pizza[name=Pizza A, priceInPence=2300], Pizza[name=Pizza A, priceInPence=2300], Pizza[name=Pizza A, priceInPence=2300]]
PriceTotalInPence: 7000
 -- Credit card info 
CreditCardNumber: 0000000000000000
CCV: 222
ExpiryDate: 01/24
]]></system-err>
  </testcase>
  <testcase name="test3OrLessPizzasInOneOrder" classname="uk.ac.ed.inf.OrderValidatorTest" time="0">
    <system-err><![CDATA[
 -- Order info 
OrderValidationCode: NO_ERROR
OrderStatus: VALID_BUT_NOT_DELIVERED
OrderNo: 4B9763F5
Order Contents: [Pizza[name=Pizza B, priceInPence=2400], Pizza[name=Pizza A, priceInPence=2300], Pizza[name=Pizza B, priceInPence=2400]]
PriceTotalInPence: 7200
 -- Credit card info 
CreditCardNumber: 0000000000000000
CCV: 222
ExpiryDate: 07/25
]]></system-err>
  </testcase>
  <testcase name="test3OrLessPizzasInOneOrder" classname="uk.ac.ed.inf.OrderValidatorTest" time="0">
    <system-err><![CDATA[
 -- Order info 
OrderValidationCode: NO_ERROR
OrderStatus: VALID_BUT_NOT_DELIVERED
OrderNo: 106788A3
Order Contents: [Pizza[name=Pizza C, priceInPence=2500]]
PriceTotalInPence: 2600
 -- Credit card info 
CreditCardNumber: 0000000000000000
CCV: 222
ExpiryDate: 02/29
]]></system-err>
  </testcase>
  <testcase name="testPizzasFromDifferentRestaurants" classname="uk.ac.ed.inf.OrderValidatorTest" time="0">
    <system-err><![CDATA[
 -- Order info 
OrderValidationCode: PIZZA_FROM_MULTIPLE_RESTAURANTS
OrderStatus: INVALID
OrderNo: 1E93929A
Order Contents: [Pizza[name=Pizza A, priceInPence=2300], Pizza[name=Yucky Pizza, priceInPence=2000]]
PriceTotalInPence: 4400
 -- Credit card info 
CreditCardNumber: 0000000000000000
CCV: 222
ExpiryDate: 07/26
]]></system-err>
  </testcase>
  <testcase name="testPizzasFromDifferentRestaurants" classname="uk.ac.ed.inf.OrderValidatorTest" time="0">
    <system-err><![CDATA[
 -- Order info 
OrderValidationCode: PIZZA_FROM_MULTIPLE_RESTAURANTS
OrderStatus: INVALID
OrderNo: 58F0E355
Order Contents: [Pizza[name=Pizza A, priceInPence=2300], Pizza[name=Yucky Pizza, priceInPence=2000]]
PriceTotalInPence: 4400
 -- Credit card info 
CreditCardNumber: 0000000000000000
CCV: 222
ExpiryDate: 09/28
]]></system-err>
  </testcase>
  <testcase name="testPizzasFromDifferentRestaurants" classname="uk.ac.ed.inf.OrderValidatorTest" time="0">
    <system-err><![CDATA[
 -- Order info 
OrderValidationCode: PIZZA_FROM_MULTIPLE_RESTAURANTS
OrderStatus: INVALID
OrderNo: 073DAF9B
Order Contents: [Pizza[name=Pizza C, priceInPence=2500], Pizza[name=Yucky Pizza, priceInPence=2000]]
PriceTotalInPence: 4600
 -- Credit card info 
CreditCardNumber: 0000000000000000
CCV: 222
ExpiryDate: 11/26
]]></system-err>
  </testcase>
  <testcase name="testPizzasFromDifferentRestaurants" classname="uk.ac.ed.inf.OrderValidatorTest" time="0">
    <system-err><![CDATA[
 -- Order info 
OrderValidationCode: PIZZA_FROM_MULTIPLE_RESTAURANTS
OrderStatus: INVALID
OrderNo: 77B454A9
Order Contents: [Pizza[name=Pizza C, priceInPence=2500], Pizza[name=Yucky Pizza, priceInPence=2000]]
PriceTotalInPence: 4600
 -- Credit card info 
CreditCardNumber: 0000000000000000
CCV: 222
ExpiryDate: 01/24
]]></system-err>
  </testcase>
  <testcase name="testPizzasFromDifferentRestaurants" classname="uk.ac.ed.inf.OrderValidatorTest" time="0">
    <system-err><![CDATA[
 -- Order info 
OrderValidationCode: PIZZA_FROM_MULTIPLE_RESTAURANTS
OrderStatus: INVALID
OrderNo: 3B99AB6F
Order Contents: [Pizza[name=Pizza B, priceInPence=2400], Pizza[name=Yucky Pizza, priceInPence=2000]]
PriceTotalInPence: 4500
 -- Credit card info 
CreditCardNumber: 0000000000000000
CCV: 222
ExpiryDate: 05/28
]]></system-err>
  </testcase>
  <testcase name="testPizzasFromDifferentRestaurants" classname="uk.ac.ed.inf.OrderValidatorTest" time="0">
    <system-err><![CDATA[
 -- Order info 
OrderValidationCode: PIZZA_FROM_MULTIPLE_RESTAURANTS
OrderStatus: INVALID
OrderNo: 1EF24986
Order Contents: [Pizza[name=Pizza A, priceInPence=2300], Pizza[name=Yucky Pizza, priceInPence=2000]]
PriceTotalInPence: 4400
 -- Credit card info 
CreditCardNumber: 0000000000000000
CCV: 222
ExpiryDate: 05/28
]]></system-err>
  </testcase>
  <testcase name="testPizzasFromDifferentRestaurants" classname="uk.ac.ed.inf.OrderValidatorTest" time="0">
    <system-err><![CDATA[
 -- Order info 
OrderValidationCode: PIZZA_FROM_MULTIPLE_RESTAURANTS
OrderStatus: INVALID
OrderNo: 0B0B4C6E
Order Contents: [Pizza[name=Pizza C, priceInPence=2500], Pizza[name=Yucky Pizza, priceInPence=2000]]
PriceTotalInPence: 4600
 -- Credit card info 
CreditCardNumber: 0000000000000000
CCV: 222
ExpiryDate: 03/25
]]></system-err>
  </testcase>
  <testcase name="testPizzasFromDifferentRestaurants" classname="uk.ac.ed.inf.OrderValidatorTest" time="0">
    <system-err><![CDATA[
 -- Order info 
OrderValidationCode: PIZZA_FROM_MULTIPLE_RESTAURANTS
OrderStatus: INVALID
OrderNo: 2E9476BA
Order Contents: [Pizza[name=Pizza C, priceInPence=2500], Pizza[name=Yucky Pizza, priceInPence=2000]]
PriceTotalInPence: 4600
 -- Credit card info 
CreditCardNumber: 0000000000000000
CCV: 222
ExpiryDate: 05/24
]]></system-err>
  </testcase>
  <testcase name="testPizzasFromDifferentRestaurants" classname="uk.ac.ed.inf.OrderValidatorTest" time="0">
    <system-err><![CDATA[
 -- Order info 
OrderValidationCode: PIZZA_FROM_MULTIPLE_RESTAURANTS
OrderStatus: INVALID
OrderNo: 4B13732E
Order Contents: [Pizza[name=Pizza B, priceInPence=2400], Pizza[name=Yucky Pizza, priceInPence=2000]]
PriceTotalInPence: 4500
 -- Credit card info 
CreditCardNumber: 0000000000000000
CCV: 222
ExpiryDate: 03/27
]]></system-err>
  </testcase>
  <testcase name="testPizzasFromDifferentRestaurants" classname="uk.ac.ed.inf.OrderValidatorTest" time="0">
    <system-err><![CDATA[
 -- Order info 
OrderValidationCode: PIZZA_FROM_MULTIPLE_RESTAURANTS
OrderStatus: INVALID
OrderNo: 7F048806
Order Contents: [Pizza[name=Pizza A, priceInPence=2300], Pizza[name=Yucky Pizza, priceInPence=2000]]
PriceTotalInPence: 4400
 -- Credit card info 
CreditCardNumber: 0000000000000000
CCV: 222
ExpiryDate: 04/25
]]></system-err>
  </testcase>
  <testcase name="testPizzasFromDifferentRestaurants" classname="uk.ac.ed.inf.OrderValidatorTest" time="0">
    <system-err><![CDATA[
 -- Order info 
OrderValidationCode: PIZZA_FROM_MULTIPLE_RESTAURANTS
OrderStatus: INVALID
OrderNo: 76509EAB
Order Contents: [Pizza[name=Pizza C, priceInPence=2500], Pizza[name=Yucky Pizza, priceInPence=2000]]
PriceTotalInPence: 4600
 -- Credit card info 
CreditCardNumber: 0000000000000000
CCV: 222
ExpiryDate: 08/26
]]></system-err>
  </testcase>
  <testcase name="testPizzasFromDifferentRestaurants" classname="uk.ac.ed.inf.OrderValidatorTest" time="0">
    <system-err><![CDATA[
 -- Order info 
OrderValidationCode: PIZZA_FROM_MULTIPLE_RESTAURANTS
OrderStatus: INVALID
OrderNo: 0612331A
Order Contents: [Pizza[name=Pizza C, priceInPence=2500], Pizza[name=Yucky Pizza, priceInPence=2000]]
PriceTotalInPence: 4600
 -- Credit card info 
CreditCardNumber: 0000000000000000
CCV: 222
ExpiryDate: 11/27
]]></system-err>
  </testcase>
  <testcase name="testPizzasFromDifferentRestaurants" classname="uk.ac.ed.inf.OrderValidatorTest" time="0">
    <system-err><![CDATA[
 -- Order info 
OrderValidationCode: PIZZA_FROM_MULTIPLE_RESTAURANTS
OrderStatus: INVALID
OrderNo: 3F5F89E9
Order Contents: [Pizza[name=Pizza B, priceInPence=2400], Pizza[name=Yucky Pizza, priceInPence=2000]]
PriceTotalInPence: 4500
 -- Credit card info 
CreditCardNumber: 0000000000000000
CCV: 222
ExpiryDate: 08/24
]]></system-err>
  </testcase>
  <testcase name="testPizzasFromDifferentRestaurants" classname="uk.ac.ed.inf.OrderValidatorTest" time="0">
    <system-err><![CDATA[
 -- Order info 
OrderValidationCode: PIZZA_FROM_MULTIPLE_RESTAURANTS
OrderStatus: INVALID
OrderNo: 1D855C6F
Order Contents: [Pizza[name=Pizza C, priceInPence=2500], Pizza[name=Yucky Pizza, priceInPence=2000]]
PriceTotalInPence: 4600
 -- Credit card info 
CreditCardNumber: 0000000000000000
CCV: 222
ExpiryDate: 04/27
]]></system-err>
  </testcase>
  <testcase name="testPizzasFromDifferentRestaurants" classname="uk.ac.ed.inf.OrderValidatorTest" time="0">
    <system-err><![CDATA[
 -- Order info 
OrderValidationCode: PIZZA_FROM_MULTIPLE_RESTAURANTS
OrderStatus: INVALID
OrderNo: 6A55901E
Order Contents: [Pizza[name=Pizza A, priceInPence=2300], Pizza[name=Yucky Pizza, priceInPence=2000]]
PriceTotalInPence: 4400
 -- Credit card info 
CreditCardNumber: 0000000000000000
CCV: 222
ExpiryDate: 04/25
]]></system-err>
  </testcase>
  <testcase name="testPizzasFromDifferentRestaurants" classname="uk.ac.ed.inf.OrderValidatorTest" time="0">
    <system-err><![CDATA[
 -- Order info 
OrderValidationCode: PIZZA_FROM_MULTIPLE_RESTAURANTS
OrderStatus: INVALID
OrderNo: 3A61C915
Order Contents: [Pizza[name=Pizza B, priceInPence=2400], Pizza[name=Yucky Pizza, priceInPence=2000]]
PriceTotalInPence: 4500
 -- Credit card info 
CreditCardNumber: 0000000000000000
CCV: 222
ExpiryDate: 03/27
]]></system-err>
  </testcase>
  <testcase name="testPizzasFromDifferentRestaurants" classname="uk.ac.ed.inf.OrderValidatorTest" time="0">
    <system-err><![CDATA[
 -- Order info 
OrderValidationCode: PIZZA_FROM_MULTIPLE_RESTAURANTS
OrderStatus: INVALID
OrderNo: 2E34E5FC
Order Contents: [Pizza[name=Pizza A, priceInPence=2300], Pizza[name=Yucky Pizza, priceInPence=2000]]
PriceTotalInPence: 4400
 -- Credit card info 
CreditCardNumber: 0000000000000000
CCV: 222
ExpiryDate: 04/29
]]></system-err>
  </testcase>
  <testcase name="testPizzasFromDifferentRestaurants" classname="uk.ac.ed.inf.OrderValidatorTest" time="0">
    <system-err><![CDATA[
 -- Order info 
OrderValidationCode: PIZZA_FROM_MULTIPLE_RESTAURANTS
OrderStatus: INVALID
OrderNo: 7E1E10F4
Order Contents: [Pizza[name=Pizza B, priceInPence=2400], Pizza[name=Yucky Pizza, priceInPence=2000]]
PriceTotalInPence: 4500
 -- Credit card info 
CreditCardNumber: 0000000000000000
CCV: 222
ExpiryDate: 11/26
]]></system-err>
  </testcase>
  <testcase name="testPizzasFromDifferentRestaurants" classname="uk.ac.ed.inf.OrderValidatorTest" time="0">
    <system-err><![CDATA[
 -- Order info 
OrderValidationCode: PIZZA_FROM_MULTIPLE_RESTAURANTS
OrderStatus: INVALID
OrderNo: 0030AD2F
Order Contents: [Pizza[name=Pizza C, priceInPence=2500], Pizza[name=Yucky Pizza, priceInPence=2000]]
PriceTotalInPence: 4600
 -- Credit card info 
CreditCardNumber: 0000000000000000
CCV: 222
ExpiryDate: 05/28
]]></system-err>
  </testcase>
  <testcase name="testPizzasFromDifferentRestaurants" classname="uk.ac.ed.inf.OrderValidatorTest" time="0">
    <system-err><![CDATA[
 -- Order info 
OrderValidationCode: PIZZA_FROM_MULTIPLE_RESTAURANTS
OrderStatus: INVALID
OrderNo: 7ABEF9F3
Order Contents: [Pizza[name=Pizza A, priceInPence=2300], Pizza[name=Yucky Pizza, priceInPence=2000]]
PriceTotalInPence: 4400
 -- Credit card info 
CreditCardNumber: 0000000000000000
CCV: 222
ExpiryDate: 05/29
]]></system-err>
  </testcase>
  <testcase name="testPizzasFromDifferentRestaurants" classname="uk.ac.ed.inf.OrderValidatorTest" time="0">
    <system-err><![CDATA[
 -- Order info 
OrderValidationCode: PIZZA_FROM_MULTIPLE_RESTAURANTS
OrderStatus: INVALID
OrderNo: 57A4EA7D
Order Contents: [Pizza[name=Pizza B, priceInPence=2400], Pizza[name=Yucky Pizza, priceInPence=2000]]
PriceTotalInPence: 4500
 -- Credit card info 
CreditCardNumber: 0000000000000000
CCV: 222
ExpiryDate: 02/28
]]></system-err>
  </testcase>
  <testcase name="testPizzasFromDifferentRestaurants" classname="uk.ac.ed.inf.OrderValidatorTest" time="0">
    <system-err><![CDATA[
 -- Order info 
OrderValidationCode: PIZZA_FROM_MULTIPLE_RESTAURANTS
OrderStatus: INVALID
OrderNo: 104BF449
Order Contents: [Pizza[name=Pizza B, priceInPence=2400], Pizza[name=Yucky Pizza, priceInPence=2000]]
PriceTotalInPence: 4500
 -- Credit card info 
CreditCardNumber: 0000000000000000
CCV: 222
ExpiryDate: 04/28
]]></system-err>
  </testcase>
  <testcase name="testPizzasFromDifferentRestaurants" classname="uk.ac.ed.inf.OrderValidatorTest" time="0">
    <system-err><![CDATA[
 -- Order info 
OrderValidationCode: PIZZA_FROM_MULTIPLE_RESTAURANTS
OrderStatus: INVALID
OrderNo: 3EA865DA
Order Contents: [Pizza[name=Pizza A, priceInPence=2300], Pizza[name=Yucky Pizza, priceInPence=2000]]
PriceTotalInPence: 4400
 -- Credit card info 
CreditCardNumber: 0000000000000000
CCV: 222
ExpiryDate: 10/25
]]></system-err>
  </testcase>
  <testcase name="testPizzasFromDifferentRestaurants" classname="uk.ac.ed.inf.OrderValidatorTest" time="0">
    <system-err><![CDATA[
 -- Order info 
OrderValidationCode: PIZZA_FROM_MULTIPLE_RESTAURANTS
OrderStatus: INVALID
OrderNo: 7E9C2AD2
Order Contents: [Pizza[name=Pizza B, priceInPence=2400], Pizza[name=Yucky Pizza, priceInPence=2000]]
PriceTotalInPence: 4500
 -- Credit card info 
CreditCardNumber: 0000000000000000
CCV: 222
ExpiryDate: 02/29
]]></system-err>
  </testcase>
  <testcase name="testPizzasFromDifferentRestaurants" classname="uk.ac.ed.inf.OrderValidatorTest" time="0">
    <system-err><![CDATA[
 -- Order info 
OrderValidationCode: PIZZA_FROM_MULTIPLE_RESTAURANTS
OrderStatus: INVALID
OrderNo: 4714DEA3
Order Contents: [Pizza[name=Pizza B, priceInPence=2400], Pizza[name=Yucky Pizza, priceInPence=2000]]
PriceTotalInPence: 4500
 -- Credit card info 
CreditCardNumber: 0000000000000000
CCV: 222
ExpiryDate: 02/24
]]></system-err>
  </testcase>
  <testcase name="testPizzasFromDifferentRestaurants" classname="uk.ac.ed.inf.OrderValidatorTest" time="0">
    <system-err><![CDATA[
 -- Order info 
OrderValidationCode: PIZZA_FROM_MULTIPLE_RESTAURANTS
OrderStatus: INVALID
OrderNo: 4A1875B5
Order Contents: [Pizza[name=Pizza B, priceInPence=2400], Pizza[name=Yucky Pizza, priceInPence=2000]]
PriceTotalInPence: 4500
 -- Credit card info 
CreditCardNumber: 0000000000000000
CCV: 222
ExpiryDate: 09/29
]]></system-err>
  </testcase>
  <testcase name="testPizzasFromDifferentRestaurants" classname="uk.ac.ed.inf.OrderValidatorTest" time="0">
    <system-err><![CDATA[
 -- Order info 
OrderValidationCode: PIZZA_FROM_MULTIPLE_RESTAURANTS
OrderStatus: INVALID
OrderNo: 3B5E6D1A
Order Contents: [Pizza[name=Pizza C, priceInPence=2500], Pizza[name=Yucky Pizza, priceInPence=2000]]
PriceTotalInPence: 4600
 -- Credit card info 
CreditCardNumber: 0000000000000000
CCV: 222
ExpiryDate: 09/26
]]></system-err>
  </testcase>
  <testcase name="testPizzasFromDifferentRestaurants" classname="uk.ac.ed.inf.OrderValidatorTest" time="0">
    <system-err><![CDATA[
 -- Order info 
OrderValidationCode: PIZZA_FROM_MULTIPLE_RESTAURANTS
OrderStatus: INVALID
OrderNo: 44C88849
Order Contents: [Pizza[name=Pizza B, priceInPence=2400], Pizza[name=Yucky Pizza, priceInPence=2000]]
PriceTotalInPence: 4500
 -- Credit card info 
CreditCardNumber: 0000000000000000
CCV: 222
ExpiryDate: 06/26
]]></system-err>
  </testcase>
  <testcase name="testPizzasFromDifferentRestaurants" classname="uk.ac.ed.inf.OrderValidatorTest" time="0">
    <system-err><![CDATA[
 -- Order info 
OrderValidationCode: PIZZA_FROM_MULTIPLE_RESTAURANTS
OrderStatus: INVALID
OrderNo: 7B7C0BCB
Order Contents: [Pizza[name=Pizza B, priceInPence=2400], Pizza[name=Yucky Pizza, priceInPence=2000]]
PriceTotalInPence: 4500
 -- Credit card info 
CreditCardNumber: 0000000000000000
CCV: 222
ExpiryDate: 08/29
]]></system-err>
  </testcase>
  <testcase name="testPizzasFromDifferentRestaurants" classname="uk.ac.ed.inf.OrderValidatorTest" time="0">
    <system-err><![CDATA[
 -- Order info 
OrderValidationCode: PIZZA_FROM_MULTIPLE_RESTAURANTS
OrderStatus: INVALID
OrderNo: 227C3D67
Order Contents: [Pizza[name=Pizza A, priceInPence=2300], Pizza[name=Yucky Pizza, priceInPence=2000]]
PriceTotalInPence: 4400
 -- Credit card info 
CreditCardNumber: 0000000000000000
CCV: 222
ExpiryDate: 09/29
]]></system-err>
  </testcase>
  <testcase name="testPizzasFromDifferentRestaurants" classname="uk.ac.ed.inf.OrderValidatorTest" time="0">
    <system-err><![CDATA[
 -- Order info 
OrderValidationCode: PIZZA_FROM_MULTIPLE_RESTAURANTS
OrderStatus: INVALID
OrderNo: 40C07D97
Order Contents: [Pizza[name=Pizza B, priceInPence=2400], Pizza[name=Yucky Pizza, priceInPence=2000]]
PriceTotalInPence: 4500
 -- Credit card info 
CreditCardNumber: 0000000000000000
CCV: 222
ExpiryDate: 01/28
]]></system-err>
  </testcase>
  <testcase name="testPizzasFromDifferentRestaurants" classname="uk.ac.ed.inf.OrderValidatorTest" time="0">
    <system-err><![CDATA[
 -- Order info 
OrderValidationCode: PIZZA_FROM_MULTIPLE_RESTAURANTS
OrderStatus: INVALID
OrderNo: 427C600F
Order Contents: [Pizza[name=Pizza C, priceInPence=2500], Pizza[name=Yucky Pizza, priceInPence=2000]]
PriceTotalInPence: 4600
 -- Credit card info 
CreditCardNumber: 0000000000000000
CCV: 222
ExpiryDate: 02/29
]]></system-err>
  </testcase>
  <testcase name="testPizzasFromDifferentRestaurants" classname="uk.ac.ed.inf.OrderValidatorTest" time="0">
    <system-err><![CDATA[
 -- Order info 
OrderValidationCode: PIZZA_FROM_MULTIPLE_RESTAURANTS
OrderStatus: INVALID
OrderNo: 431FB77B
Order Contents: [Pizza[name=Pizza C, priceInPence=2500], Pizza[name=Yucky Pizza, priceInPence=2000]]
PriceTotalInPence: 4600
 -- Credit card info 
CreditCardNumber: 0000000000000000
CCV: 222
ExpiryDate: 10/25
]]></system-err>
  </testcase>
  <testcase name="testPizzasFromDifferentRestaurants" classname="uk.ac.ed.inf.OrderValidatorTest" time="0">
    <system-err><![CDATA[
 -- Order info 
OrderValidationCode: PIZZA_FROM_MULTIPLE_RESTAURANTS
OrderStatus: INVALID
OrderNo: 063623C2
Order Contents: [Pizza[name=Pizza A, priceInPence=2300], Pizza[name=Yucky Pizza, priceInPence=2000]]
PriceTotalInPence: 4400
 -- Credit card info 
CreditCardNumber: 0000000000000000
CCV: 222
ExpiryDate: 07/27
]]></system-err>
  </testcase>
  <testcase name="testPizzasFromDifferentRestaurants" classname="uk.ac.ed.inf.OrderValidatorTest" time="0">
    <system-err><![CDATA[
 -- Order info 
OrderValidationCode: PIZZA_FROM_MULTIPLE_RESTAURANTS
OrderStatus: INVALID
OrderNo: 04F77973
Order Contents: [Pizza[name=Pizza C, priceInPence=2500], Pizza[name=Yucky Pizza, priceInPence=2000]]
PriceTotalInPence: 4600
 -- Credit card info 
CreditCardNumber: 0000000000000000
CCV: 222
ExpiryDate: 07/24
]]></system-err>
  </testcase>
  <testcase name="testPizzasFromDifferentRestaurants" classname="uk.ac.ed.inf.OrderValidatorTest" time="0">
    <system-err><![CDATA[
 -- Order info 
OrderValidationCode: PIZZA_FROM_MULTIPLE_RESTAURANTS
OrderStatus: INVALID
OrderNo: 77B4033C
Order Contents: [Pizza[name=Pizza A, priceInPence=2300], Pizza[name=Yucky Pizza, priceInPence=2000]]
PriceTotalInPence: 4400
 -- Credit card info 
CreditCardNumber: 0000000000000000
CCV: 222
ExpiryDate: 09/24
]]></system-err>
  </testcase>
  <testcase name="testPizzasFromDifferentRestaurants" classname="uk.ac.ed.inf.OrderValidatorTest" time="0.016">
    <system-err><![CDATA[
 -- Order info 
OrderValidationCode: PIZZA_FROM_MULTIPLE_RESTAURANTS
OrderStatus: INVALID
OrderNo: 5AE3BFE5
Order Contents: [Pizza[name=Pizza C, priceInPence=2500], Pizza[name=Yucky Pizza, priceInPence=2000]]
PriceTotalInPence: 4600
 -- Credit card info 
CreditCardNumber: 0000000000000000
CCV: 222
ExpiryDate: 04/27
]]></system-err>
  </testcase>
  <testcase name="testPizzasFromDifferentRestaurants" classname="uk.ac.ed.inf.OrderValidatorTest" time="0">
    <system-err><![CDATA[
 -- Order info 
OrderValidationCode: PIZZA_FROM_MULTIPLE_RESTAURANTS
OrderStatus: INVALID
OrderNo: 545044B5
Order Contents: [Pizza[name=Pizza B, priceInPence=2400], Pizza[name=Yucky Pizza, priceInPence=2000]]
PriceTotalInPence: 4500
 -- Credit card info 
CreditCardNumber: 0000000000000000
CCV: 222
ExpiryDate: 07/27
]]></system-err>
  </testcase>
  <testcase name="testPizzasFromDifferentRestaurants" classname="uk.ac.ed.inf.OrderValidatorTest" time="0">
    <system-err><![CDATA[
 -- Order info 
OrderValidationCode: PIZZA_FROM_MULTIPLE_RESTAURANTS
OrderStatus: INVALID
OrderNo: 05352A07
Order Contents: [Pizza[name=Pizza A, priceInPence=2300], Pizza[name=Yucky Pizza, priceInPence=2000]]
PriceTotalInPence: 4400
 -- Credit card info 
CreditCardNumber: 0000000000000000
CCV: 222
ExpiryDate: 04/25
]]></system-err>
  </testcase>
  <testcase name="testPizzasFromDifferentRestaurants" classname="uk.ac.ed.inf.OrderValidatorTest" time="0">
    <system-err><![CDATA[
 -- Order info 
OrderValidationCode: PIZZA_FROM_MULTIPLE_RESTAURANTS
OrderStatus: INVALID
OrderNo: 7640EAF6
Order Contents: [Pizza[name=Pizza A, priceInPence=2300], Pizza[name=Yucky Pizza, priceInPence=2000]]
PriceTotalInPence: 4400
 -- Credit card info 
CreditCardNumber: 0000000000000000
CCV: 222
ExpiryDate: 09/27
]]></system-err>
  </testcase>
  <testcase name="testPizzasFromDifferentRestaurants" classname="uk.ac.ed.inf.OrderValidatorTest" time="0">
    <system-err><![CDATA[
 -- Order info 
OrderValidationCode: PIZZA_FROM_MULTIPLE_RESTAURANTS
OrderStatus: INVALID
OrderNo: 12239CD8
Order Contents: [Pizza[name=Pizza C, priceInPence=2500], Pizza[name=Yucky Pizza, priceInPence=2000]]
PriceTotalInPence: 4600
 -- Credit card info 
CreditCardNumber: 0000000000000000
CCV: 222
ExpiryDate: 06/28
]]></system-err>
  </testcase>
  <testcase name="testPizzasFromDifferentRestaurants" classname="uk.ac.ed.inf.OrderValidatorTest" time="0">
    <system-err><![CDATA[
 -- Order info 
OrderValidationCode: PIZZA_FROM_MULTIPLE_RESTAURANTS
OrderStatus: INVALID
OrderNo: 6C11E059
Order Contents: [Pizza[name=Pizza C, priceInPence=2500], Pizza[name=Yucky Pizza, priceInPence=2000]]
PriceTotalInPence: 4600
 -- Credit card info 
CreditCardNumber: 0000000000000000
CCV: 222
ExpiryDate: 01/24
]]></system-err>
  </testcase>
  <testcase name="testPizzasFromDifferentRestaurants" classname="uk.ac.ed.inf.OrderValidatorTest" time="0">
    <system-err><![CDATA[
 -- Order info 
OrderValidationCode: PIZZA_FROM_MULTIPLE_RESTAURANTS
OrderStatus: INVALID
OrderNo: 057BA4F8
Order Contents: [Pizza[name=Pizza A, priceInPence=2300], Pizza[name=Yucky Pizza, priceInPence=2000]]
PriceTotalInPence: 4400
 -- Credit card info 
CreditCardNumber: 0000000000000000
CCV: 222
ExpiryDate: 02/27
]]></system-err>
  </testcase>
  <testcase name="testPizzasFromDifferentRestaurants" classname="uk.ac.ed.inf.OrderValidatorTest" time="0">
    <system-err><![CDATA[
 -- Order info 
OrderValidationCode: PIZZA_FROM_MULTIPLE_RESTAURANTS
OrderStatus: INVALID
OrderNo: 0FD6E652
Order Contents: [Pizza[name=Pizza B, priceInPence=2400], Pizza[name=Yucky Pizza, priceInPence=2000]]
PriceTotalInPence: 4500
 -- Credit card info 
CreditCardNumber: 0000000000000000
CCV: 222
ExpiryDate: 09/27
]]></system-err>
  </testcase>
  <testcase name="testPizzasFromDifferentRestaurants" classname="uk.ac.ed.inf.OrderValidatorTest" time="0">
    <system-err><![CDATA[
 -- Order info 
OrderValidationCode: PIZZA_FROM_MULTIPLE_RESTAURANTS
OrderStatus: INVALID
OrderNo: 3D13C6C6
Order Contents: [Pizza[name=Pizza A, priceInPence=2300], Pizza[name=Yucky Pizza, priceInPence=2000]]
PriceTotalInPence: 4400
 -- Credit card info 
CreditCardNumber: 0000000000000000
CCV: 222
ExpiryDate: 04/26
]]></system-err>
  </testcase>
  <testcase name="testPizzasFromDifferentRestaurants" classname="uk.ac.ed.inf.OrderValidatorTest" time="0">
    <system-err><![CDATA[
 -- Order info 
OrderValidationCode: PIZZA_FROM_MULTIPLE_RESTAURANTS
OrderStatus: INVALID
OrderNo: 298FBE04
Order Contents: [Pizza[name=Pizza C, priceInPence=2500], Pizza[name=Yucky Pizza, priceInPence=2000]]
PriceTotalInPence: 4600
 -- Credit card info 
CreditCardNumber: 0000000000000000
CCV: 222
ExpiryDate: 07/29
]]></system-err>
  </testcase>
  <testcase name="testPizzasFromDifferentRestaurants" classname="uk.ac.ed.inf.OrderValidatorTest" time="0">
    <system-err><![CDATA[
 -- Order info 
OrderValidationCode: PIZZA_FROM_MULTIPLE_RESTAURANTS
OrderStatus: INVALID
OrderNo: 368BACAA
Order Contents: [Pizza[name=Pizza A, priceInPence=2300], Pizza[name=Yucky Pizza, priceInPence=2000]]
PriceTotalInPence: 4400
 -- Credit card info 
CreditCardNumber: 0000000000000000
CCV: 222
ExpiryDate: 07/26
]]></system-err>
  </testcase>
  <testcase name="testPizzasFromDifferentRestaurants" classname="uk.ac.ed.inf.OrderValidatorTest" time="0">
    <system-err><![CDATA[
 -- Order info 
OrderValidationCode: PIZZA_FROM_MULTIPLE_RESTAURANTS
OrderStatus: INVALID
OrderNo: 7645D439
Order Contents: [Pizza[name=Pizza C, priceInPence=2500], Pizza[name=Yucky Pizza, priceInPence=2000]]
PriceTotalInPence: 4600
 -- Credit card info 
CreditCardNumber: 0000000000000000
CCV: 222
ExpiryDate: 09/29
]]></system-err>
  </testcase>
  <testcase name="testPizzasFromDifferentRestaurants" classname="uk.ac.ed.inf.OrderValidatorTest" time="0">
    <system-err><![CDATA[
 -- Order info 
OrderValidationCode: PIZZA_FROM_MULTIPLE_RESTAURANTS
OrderStatus: INVALID
OrderNo: 23C86C46
Order Contents: [Pizza[name=Pizza A, priceInPence=2300], Pizza[name=Yucky Pizza, priceInPence=2000]]
PriceTotalInPence: 4400
 -- Credit card info 
CreditCardNumber: 0000000000000000
CCV: 222
ExpiryDate: 04/29
]]></system-err>
  </testcase>
  <testcase name="testPizzasFromDifferentRestaurants" classname="uk.ac.ed.inf.OrderValidatorTest" time="0">
    <system-err><![CDATA[
 -- Order info 
OrderValidationCode: PIZZA_FROM_MULTIPLE_RESTAURANTS
OrderStatus: INVALID
OrderNo: 6C2B801B
Order Contents: [Pizza[name=Pizza C, priceInPence=2500], Pizza[name=Yucky Pizza, priceInPence=2000]]
PriceTotalInPence: 4600
 -- Credit card info 
CreditCardNumber: 0000000000000000
CCV: 222
ExpiryDate: 04/29
]]></system-err>
  </testcase>
  <testcase name="testPizzasFromDifferentRestaurants" classname="uk.ac.ed.inf.OrderValidatorTest" time="0">
    <system-err><![CDATA[
 -- Order info 
OrderValidationCode: PIZZA_FROM_MULTIPLE_RESTAURANTS
OrderStatus: INVALID
OrderNo: 6CA1FE23
Order Contents: [Pizza[name=Pizza C, priceInPence=2500], Pizza[name=Yucky Pizza, priceInPence=2000]]
PriceTotalInPence: 4600
 -- Credit card info 
CreditCardNumber: 0000000000000000
CCV: 222
ExpiryDate: 10/26
]]></system-err>
  </testcase>
  <testcase name="testPizzasFromDifferentRestaurants" classname="uk.ac.ed.inf.OrderValidatorTest" time="0">
    <system-err><![CDATA[
 -- Order info 
OrderValidationCode: PIZZA_FROM_MULTIPLE_RESTAURANTS
OrderStatus: INVALID
OrderNo: 32D2190D
Order Contents: [Pizza[name=Pizza C, priceInPence=2500], Pizza[name=Yucky Pizza, priceInPence=2000]]
PriceTotalInPence: 4600
 -- Credit card info 
CreditCardNumber: 0000000000000000
CCV: 222
ExpiryDate: 07/25
]]></system-err>
  </testcase>
  <testcase name="testPizzasFromDifferentRestaurants" classname="uk.ac.ed.inf.OrderValidatorTest" time="0">
    <system-err><![CDATA[
 -- Order info 
OrderValidationCode: PIZZA_FROM_MULTIPLE_RESTAURANTS
OrderStatus: INVALID
OrderNo: 21DFD150
Order Contents: [Pizza[name=Pizza B, priceInPence=2400], Pizza[name=Yucky Pizza, priceInPence=2000]]
PriceTotalInPence: 4500
 -- Credit card info 
CreditCardNumber: 0000000000000000
CCV: 222
ExpiryDate: 10/27
]]></system-err>
  </testcase>
  <testcase name="testPizzasFromDifferentRestaurants" classname="uk.ac.ed.inf.OrderValidatorTest" time="0">
    <system-err><![CDATA[
 -- Order info 
OrderValidationCode: PIZZA_FROM_MULTIPLE_RESTAURANTS
OrderStatus: INVALID
OrderNo: 501E099A
Order Contents: [Pizza[name=Pizza A, priceInPence=2300], Pizza[name=Yucky Pizza, priceInPence=2000]]
PriceTotalInPence: 4400
 -- Credit card info 
CreditCardNumber: 0000000000000000
CCV: 222
ExpiryDate: 11/29
]]></system-err>
  </testcase>
  <testcase name="testPizzasFromDifferentRestaurants" classname="uk.ac.ed.inf.OrderValidatorTest" time="0">
    <system-err><![CDATA[
 -- Order info 
OrderValidationCode: PIZZA_FROM_MULTIPLE_RESTAURANTS
OrderStatus: INVALID
OrderNo: 60351E78
Order Contents: [Pizza[name=Pizza A, priceInPence=2300], Pizza[name=Yucky Pizza, priceInPence=2000]]
PriceTotalInPence: 4400
 -- Credit card info 
CreditCardNumber: 0000000000000000
CCV: 222
ExpiryDate: 01/25
]]></system-err>
  </testcase>
  <testcase name="testPizzasFromDifferentRestaurants" classname="uk.ac.ed.inf.OrderValidatorTest" time="0">
    <system-err><![CDATA[
 -- Order info 
OrderValidationCode: PIZZA_FROM_MULTIPLE_RESTAURANTS
OrderStatus: INVALID
OrderNo: 3F7B6249
Order Contents: [Pizza[name=Pizza C, priceInPence=2500], Pizza[name=Yucky Pizza, priceInPence=2000]]
PriceTotalInPence: 4600
 -- Credit card info 
CreditCardNumber: 0000000000000000
CCV: 222
ExpiryDate: 02/26
]]></system-err>
  </testcase>
  <testcase name="testPizzasFromDifferentRestaurants" classname="uk.ac.ed.inf.OrderValidatorTest" time="0">
    <system-err><![CDATA[
 -- Order info 
OrderValidationCode: PIZZA_FROM_MULTIPLE_RESTAURANTS
OrderStatus: INVALID
OrderNo: 68E9B0F9
Order Contents: [Pizza[name=Pizza C, priceInPence=2500], Pizza[name=Yucky Pizza, priceInPence=2000]]
PriceTotalInPence: 4600
 -- Credit card info 
CreditCardNumber: 0000000000000000
CCV: 222
ExpiryDate: 08/28
]]></system-err>
  </testcase>
  <testcase name="testPizzasFromDifferentRestaurants" classname="uk.ac.ed.inf.OrderValidatorTest" time="0">
    <system-err><![CDATA[
 -- Order info 
OrderValidationCode: PIZZA_FROM_MULTIPLE_RESTAURANTS
OrderStatus: INVALID
OrderNo: 0FB60025
Order Contents: [Pizza[name=Pizza B, priceInPence=2400], Pizza[name=Yucky Pizza, priceInPence=2000]]
PriceTotalInPence: 4500
 -- Credit card info 
CreditCardNumber: 0000000000000000
CCV: 222
ExpiryDate: 08/26
]]></system-err>
  </testcase>
  <testcase name="testPizzasFromDifferentRestaurants" classname="uk.ac.ed.inf.OrderValidatorTest" time="0">
    <system-err><![CDATA[
 -- Order info 
OrderValidationCode: PIZZA_FROM_MULTIPLE_RESTAURANTS
OrderStatus: INVALID
OrderNo: 42CCB62B
Order Contents: [Pizza[name=Pizza A, priceInPence=2300], Pizza[name=Yucky Pizza, priceInPence=2000]]
PriceTotalInPence: 4400
 -- Credit card info 
CreditCardNumber: 0000000000000000
CCV: 222
ExpiryDate: 09/27
]]></system-err>
  </testcase>
  <testcase name="testPizzasFromDifferentRestaurants" classname="uk.ac.ed.inf.OrderValidatorTest" time="0">
    <system-err><![CDATA[
 -- Order info 
OrderValidationCode: PIZZA_FROM_MULTIPLE_RESTAURANTS
OrderStatus: INVALID
OrderNo: 52EB78FE
Order Contents: [Pizza[name=Pizza B, priceInPence=2400], Pizza[name=Yucky Pizza, priceInPence=2000]]
PriceTotalInPence: 4500
 -- Credit card info 
CreditCardNumber: 0000000000000000
CCV: 222
ExpiryDate: 09/25
]]></system-err>
  </testcase>
  <testcase name="testPizzasFromDifferentRestaurants" classname="uk.ac.ed.inf.OrderValidatorTest" time="0">
    <system-err><![CDATA[
 -- Order info 
OrderValidationCode: PIZZA_FROM_MULTIPLE_RESTAURANTS
OrderStatus: INVALID
OrderNo: 59334C53
Order Contents: [Pizza[name=Pizza A, priceInPence=2300], Pizza[name=Yucky Pizza, priceInPence=2000]]
PriceTotalInPence: 4400
 -- Credit card info 
CreditCardNumber: 0000000000000000
CCV: 222
ExpiryDate: 03/29
]]></system-err>
  </testcase>
  <testcase name="testPizzasFromDifferentRestaurants" classname="uk.ac.ed.inf.OrderValidatorTest" time="0">
    <system-err><![CDATA[
 -- Order info 
OrderValidationCode: PIZZA_FROM_MULTIPLE_RESTAURANTS
OrderStatus: INVALID
OrderNo: 3654056A
Order Contents: [Pizza[name=Pizza B, priceInPence=2400], Pizza[name=Yucky Pizza, priceInPence=2000]]
PriceTotalInPence: 4500
 -- Credit card info 
CreditCardNumber: 0000000000000000
CCV: 222
ExpiryDate: 03/27
]]></system-err>
  </testcase>
  <testcase name="testPizzasFromDifferentRestaurants" classname="uk.ac.ed.inf.OrderValidatorTest" time="0">
    <system-err><![CDATA[
 -- Order info 
OrderValidationCode: PIZZA_FROM_MULTIPLE_RESTAURANTS
OrderStatus: INVALID
OrderNo: 7C4BBCF9
Order Contents: [Pizza[name=Pizza B, priceInPence=2400], Pizza[name=Yucky Pizza, priceInPence=2000]]
PriceTotalInPence: 4500
 -- Credit card info 
CreditCardNumber: 0000000000000000
CCV: 222
ExpiryDate: 04/29
]]></system-err>
  </testcase>
  <testcase name="testPizzasFromDifferentRestaurants" classname="uk.ac.ed.inf.OrderValidatorTest" time="0">
    <system-err><![CDATA[
 -- Order info 
OrderValidationCode: PIZZA_FROM_MULTIPLE_RESTAURANTS
OrderStatus: INVALID
OrderNo: 5DA88915
Order Contents: [Pizza[name=Pizza C, priceInPence=2500], Pizza[name=Yucky Pizza, priceInPence=2000]]
PriceTotalInPence: 4600
 -- Credit card info 
CreditCardNumber: 0000000000000000
CCV: 222
ExpiryDate: 10/24
]]></system-err>
  </testcase>
  <testcase name="testPizzasFromDifferentRestaurants" classname="uk.ac.ed.inf.OrderValidatorTest" time="0">
    <system-err><![CDATA[
 -- Order info 
OrderValidationCode: PIZZA_FROM_MULTIPLE_RESTAURANTS
OrderStatus: INVALID
OrderNo: 7AB65B0E
Order Contents: [Pizza[name=Pizza A, priceInPence=2300], Pizza[name=Yucky Pizza, priceInPence=2000]]
PriceTotalInPence: 4400
 -- Credit card info 
CreditCardNumber: 0000000000000000
CCV: 222
ExpiryDate: 02/26
]]></system-err>
  </testcase>
  <testcase name="testPizzasFromDifferentRestaurants" classname="uk.ac.ed.inf.OrderValidatorTest" time="0">
    <system-err><![CDATA[
 -- Order info 
OrderValidationCode: PIZZA_FROM_MULTIPLE_RESTAURANTS
OrderStatus: INVALID
OrderNo: 0FE33A8E
Order Contents: [Pizza[name=Pizza A, priceInPence=2300], Pizza[name=Yucky Pizza, priceInPence=2000]]
PriceTotalInPence: 4400
 -- Credit card info 
CreditCardNumber: 0000000000000000
CCV: 222
ExpiryDate: 07/27
]]></system-err>
  </testcase>
  <testcase name="testPizzasFromDifferentRestaurants" classname="uk.ac.ed.inf.OrderValidatorTest" time="0">
    <system-err><![CDATA[
 -- Order info 
OrderValidationCode: PIZZA_FROM_MULTIPLE_RESTAURANTS
OrderStatus: INVALID
OrderNo: 06CF38BA
Order Contents: [Pizza[name=Pizza C, priceInPence=2500], Pizza[name=Yucky Pizza, priceInPence=2000]]
PriceTotalInPence: 4600
 -- Credit card info 
CreditCardNumber: 0000000000000000
CCV: 222
ExpiryDate: 09/28
]]></system-err>
  </testcase>
  <testcase name="testPizzasFromDifferentRestaurants" classname="uk.ac.ed.inf.OrderValidatorTest" time="0">
    <system-err><![CDATA[
 -- Order info 
OrderValidationCode: PIZZA_FROM_MULTIPLE_RESTAURANTS
OrderStatus: INVALID
OrderNo: 1C42638A
Order Contents: [Pizza[name=Pizza C, priceInPence=2500], Pizza[name=Yucky Pizza, priceInPence=2000]]
PriceTotalInPence: 4600
 -- Credit card info 
CreditCardNumber: 0000000000000000
CCV: 222
ExpiryDate: 02/27
]]></system-err>
  </testcase>
  <testcase name="testPizzasFromDifferentRestaurants" classname="uk.ac.ed.inf.OrderValidatorTest" time="0">
    <system-err><![CDATA[
 -- Order info 
OrderValidationCode: PIZZA_FROM_MULTIPLE_RESTAURANTS
OrderStatus: INVALID
OrderNo: 385CF98C
Order Contents: [Pizza[name=Pizza B, priceInPence=2400], Pizza[name=Yucky Pizza, priceInPence=2000]]
PriceTotalInPence: 4500
 -- Credit card info 
CreditCardNumber: 0000000000000000
CCV: 222
ExpiryDate: 04/24
]]></system-err>
  </testcase>
  <testcase name="testPizzasFromDifferentRestaurants" classname="uk.ac.ed.inf.OrderValidatorTest" time="0">
    <system-err><![CDATA[
 -- Order info 
OrderValidationCode: PIZZA_FROM_MULTIPLE_RESTAURANTS
OrderStatus: INVALID
OrderNo: 4C368EED
Order Contents: [Pizza[name=Pizza B, priceInPence=2400], Pizza[name=Yucky Pizza, priceInPence=2000]]
PriceTotalInPence: 4500
 -- Credit card info 
CreditCardNumber: 0000000000000000
CCV: 222
ExpiryDate: 09/28
]]></system-err>
  </testcase>
  <testcase name="testPizzasFromDifferentRestaurants" classname="uk.ac.ed.inf.OrderValidatorTest" time="0">
    <system-err><![CDATA[
 -- Order info 
OrderValidationCode: PIZZA_FROM_MULTIPLE_RESTAURANTS
OrderStatus: INVALID
OrderNo: 5DAB5212
Order Contents: [Pizza[name=Pizza B, priceInPence=2400], Pizza[name=Yucky Pizza, priceInPence=2000]]
PriceTotalInPence: 4500
 -- Credit card info 
CreditCardNumber: 0000000000000000
CCV: 222
ExpiryDate: 02/24
]]></system-err>
  </testcase>
  <testcase name="testPizzasFromDifferentRestaurants" classname="uk.ac.ed.inf.OrderValidatorTest" time="0">
    <system-err><![CDATA[
 -- Order info 
OrderValidationCode: PIZZA_FROM_MULTIPLE_RESTAURANTS
OrderStatus: INVALID
OrderNo: 148429B0
Order Contents: [Pizza[name=Pizza A, priceInPence=2300], Pizza[name=Yucky Pizza, priceInPence=2000]]
PriceTotalInPence: 4400
 -- Credit card info 
CreditCardNumber: 0000000000000000
CCV: 222
ExpiryDate: 04/25
]]></system-err>
  </testcase>
  <testcase name="testPizzasFromDifferentRestaurants" classname="uk.ac.ed.inf.OrderValidatorTest" time="0">
    <system-err><![CDATA[
 -- Order info 
OrderValidationCode: PIZZA_FROM_MULTIPLE_RESTAURANTS
OrderStatus: INVALID
OrderNo: 5C67DA07
Order Contents: [Pizza[name=Pizza A, priceInPence=2300], Pizza[name=Yucky Pizza, priceInPence=2000]]
PriceTotalInPence: 4400
 -- Credit card info 
CreditCardNumber: 0000000000000000
CCV: 222
ExpiryDate: 07/25
]]></system-err>
  </testcase>
  <testcase name="testPizzasFromDifferentRestaurants" classname="uk.ac.ed.inf.OrderValidatorTest" time="0">
    <system-err><![CDATA[
 -- Order info 
OrderValidationCode: PIZZA_FROM_MULTIPLE_RESTAURANTS
OrderStatus: INVALID
OrderNo: 77ACF226
Order Contents: [Pizza[name=Pizza B, priceInPence=2400], Pizza[name=Yucky Pizza, priceInPence=2000]]
PriceTotalInPence: 4500
 -- Credit card info 
CreditCardNumber: 0000000000000000
CCV: 222
ExpiryDate: 03/27
]]></system-err>
  </testcase>
  <testcase name="testPizzasFromDifferentRestaurants" classname="uk.ac.ed.inf.OrderValidatorTest" time="0">
    <system-err><![CDATA[
 -- Order info 
OrderValidationCode: PIZZA_FROM_MULTIPLE_RESTAURANTS
OrderStatus: INVALID
OrderNo: 70B67AE5
Order Contents: [Pizza[name=Pizza A, priceInPence=2300], Pizza[name=Yucky Pizza, priceInPence=2000]]
PriceTotalInPence: 4400
 -- Credit card info 
CreditCardNumber: 0000000000000000
CCV: 222
ExpiryDate: 03/29
]]></system-err>
  </testcase>
  <testcase name="testPizzasFromDifferentRestaurants" classname="uk.ac.ed.inf.OrderValidatorTest" time="0">
    <system-err><![CDATA[
 -- Order info 
OrderValidationCode: PIZZA_FROM_MULTIPLE_RESTAURANTS
OrderStatus: INVALID
OrderNo: 520F1E0C
Order Contents: [Pizza[name=Pizza C, priceInPence=2500], Pizza[name=Yucky Pizza, priceInPence=2000]]
PriceTotalInPence: 4600
 -- Credit card info 
CreditCardNumber: 0000000000000000
CCV: 222
ExpiryDate: 03/28
]]></system-err>
  </testcase>
  <testcase name="testPizzasFromDifferentRestaurants" classname="uk.ac.ed.inf.OrderValidatorTest" time="0">
    <system-err><![CDATA[
 -- Order info 
OrderValidationCode: PIZZA_FROM_MULTIPLE_RESTAURANTS
OrderStatus: INVALID
OrderNo: 075F7842
Order Contents: [Pizza[name=Pizza C, priceInPence=2500], Pizza[name=Yucky Pizza, priceInPence=2000]]
PriceTotalInPence: 4600
 -- Credit card info 
CreditCardNumber: 0000000000000000
CCV: 222
ExpiryDate: 10/26
]]></system-err>
  </testcase>
  <testcase name="testPizzasFromDifferentRestaurants" classname="uk.ac.ed.inf.OrderValidatorTest" time="0">
    <system-err><![CDATA[
 -- Order info 
OrderValidationCode: PIZZA_FROM_MULTIPLE_RESTAURANTS
OrderStatus: INVALID
OrderNo: 654C1B5D
Order Contents: [Pizza[name=Pizza B, priceInPence=2400], Pizza[name=Yucky Pizza, priceInPence=2000]]
PriceTotalInPence: 4500
 -- Credit card info 
CreditCardNumber: 0000000000000000
CCV: 222
ExpiryDate: 09/26
]]></system-err>
  </testcase>
  <testcase name="testPizzasFromDifferentRestaurants" classname="uk.ac.ed.inf.OrderValidatorTest" time="0">
    <system-err><![CDATA[
 -- Order info 
OrderValidationCode: PIZZA_FROM_MULTIPLE_RESTAURANTS
OrderStatus: INVALID
OrderNo: 212F9E23
Order Contents: [Pizza[name=Pizza C, priceInPence=2500], Pizza[name=Yucky Pizza, priceInPence=2000]]
PriceTotalInPence: 4600
 -- Credit card info 
CreditCardNumber: 0000000000000000
CCV: 222
ExpiryDate: 11/28
]]></system-err>
  </testcase>
  <testcase name="testPizzasFromDifferentRestaurants" classname="uk.ac.ed.inf.OrderValidatorTest" time="0">
    <system-err><![CDATA[
 -- Order info 
OrderValidationCode: PIZZA_FROM_MULTIPLE_RESTAURANTS
OrderStatus: INVALID
OrderNo: 24D662F0
Order Contents: [Pizza[name=Pizza B, priceInPence=2400], Pizza[name=Yucky Pizza, priceInPence=2000]]
PriceTotalInPence: 4500
 -- Credit card info 
CreditCardNumber: 0000000000000000
CCV: 222
ExpiryDate: 03/26
]]></system-err>
  </testcase>
  <testcase name="testPizzasFromDifferentRestaurants" classname="uk.ac.ed.inf.OrderValidatorTest" time="0">
    <system-err><![CDATA[
 -- Order info 
OrderValidationCode: PIZZA_FROM_MULTIPLE_RESTAURANTS
OrderStatus: INVALID
OrderNo: 3B98A46D
Order Contents: [Pizza[name=Pizza B, priceInPence=2400], Pizza[name=Yucky Pizza, priceInPence=2000]]
PriceTotalInPence: 4500
 -- Credit card info 
CreditCardNumber: 0000000000000000
CCV: 222
ExpiryDate: 06/27
]]></system-err>
  </testcase>
  <testcase name="testPizzasFromDifferentRestaurants" classname="uk.ac.ed.inf.OrderValidatorTest" time="0">
    <system-err><![CDATA[
 -- Order info 
OrderValidationCode: PIZZA_FROM_MULTIPLE_RESTAURANTS
OrderStatus: INVALID
OrderNo: 5F48943D
Order Contents: [Pizza[name=Pizza A, priceInPence=2300], Pizza[name=Yucky Pizza, priceInPence=2000]]
PriceTotalInPence: 4400
 -- Credit card info 
CreditCardNumber: 0000000000000000
CCV: 222
ExpiryDate: 06/28
]]></system-err>
  </testcase>
  <testcase name="testPizzasFromDifferentRestaurants" classname="uk.ac.ed.inf.OrderValidatorTest" time="0">
    <system-err><![CDATA[
 -- Order info 
OrderValidationCode: PIZZA_FROM_MULTIPLE_RESTAURANTS
OrderStatus: INVALID
OrderNo: 35259D1B
Order Contents: [Pizza[name=Pizza B, priceInPence=2400], Pizza[name=Yucky Pizza, priceInPence=2000]]
PriceTotalInPence: 4500
 -- Credit card info 
CreditCardNumber: 0000000000000000
CCV: 222
ExpiryDate: 08/28
]]></system-err>
  </testcase>
  <testcase name="testPizzasFromDifferentRestaurants" classname="uk.ac.ed.inf.OrderValidatorTest" time="0">
    <system-err><![CDATA[
 -- Order info 
OrderValidationCode: PIZZA_FROM_MULTIPLE_RESTAURANTS
OrderStatus: INVALID
OrderNo: 3777C74B
Order Contents: [Pizza[name=Pizza A, priceInPence=2300], Pizza[name=Yucky Pizza, priceInPence=2000]]
PriceTotalInPence: 4400
 -- Credit card info 
CreditCardNumber: 0000000000000000
CCV: 222
ExpiryDate: 05/28
]]></system-err>
  </testcase>
  <testcase name="testPizzasFromDifferentRestaurants" classname="uk.ac.ed.inf.OrderValidatorTest" time="0">
    <system-err><![CDATA[
 -- Order info 
OrderValidationCode: PIZZA_FROM_MULTIPLE_RESTAURANTS
OrderStatus: INVALID
OrderNo: 3FC545C2
Order Contents: [Pizza[name=Pizza C, priceInPence=2500], Pizza[name=Yucky Pizza, priceInPence=2000]]
PriceTotalInPence: 4600
 -- Credit card info 
CreditCardNumber: 0000000000000000
CCV: 222
ExpiryDate: 03/26
]]></system-err>
  </testcase>
  <testcase name="testPizzasFromDifferentRestaurants" classname="uk.ac.ed.inf.OrderValidatorTest" time="0">
    <system-err><![CDATA[
 -- Order info 
OrderValidationCode: PIZZA_FROM_MULTIPLE_RESTAURANTS
OrderStatus: INVALID
OrderNo: 2A1A8498
Order Contents: [Pizza[name=Pizza A, priceInPence=2300], Pizza[name=Yucky Pizza, priceInPence=2000]]
PriceTotalInPence: 4400
 -- Credit card info 
CreditCardNumber: 0000000000000000
CCV: 222
ExpiryDate: 01/29
]]></system-err>
  </testcase>
  <testcase name="testPizzasFromDifferentRestaurants" classname="uk.ac.ed.inf.OrderValidatorTest" time="0">
    <system-err><![CDATA[
 -- Order info 
OrderValidationCode: PIZZA_FROM_MULTIPLE_RESTAURANTS
OrderStatus: INVALID
OrderNo: 3A46040D
Order Contents: [Pizza[name=Pizza A, priceInPence=2300], Pizza[name=Yucky Pizza, priceInPence=2000]]
PriceTotalInPence: 4400
 -- Credit card info 
CreditCardNumber: 0000000000000000
CCV: 222
ExpiryDate: 05/26
]]></system-err>
  </testcase>
  <testcase name="testPizzasFromDifferentRestaurants" classname="uk.ac.ed.inf.OrderValidatorTest" time="0">
    <system-err><![CDATA[
 -- Order info 
OrderValidationCode: PIZZA_FROM_MULTIPLE_RESTAURANTS
OrderStatus: INVALID
OrderNo: 5DD261A5
Order Contents: [Pizza[name=Pizza B, priceInPence=2400], Pizza[name=Yucky Pizza, priceInPence=2000]]
PriceTotalInPence: 4500
 -- Credit card info 
CreditCardNumber: 0000000000000000
CCV: 222
ExpiryDate: 03/25
]]></system-err>
  </testcase>
  <testcase name="testPizzasFromDifferentRestaurants" classname="uk.ac.ed.inf.OrderValidatorTest" time="0">
    <system-err><![CDATA[
 -- Order info 
OrderValidationCode: PIZZA_FROM_MULTIPLE_RESTAURANTS
OrderStatus: INVALID
OrderNo: 79578A1F
Order Contents: [Pizza[name=Pizza A, priceInPence=2300], Pizza[name=Yucky Pizza, priceInPence=2000]]
PriceTotalInPence: 4400
 -- Credit card info 
CreditCardNumber: 0000000000000000
CCV: 222
ExpiryDate: 01/28
]]></system-err>
  </testcase>
  <testcase name="testPizzasFromDifferentRestaurants" classname="uk.ac.ed.inf.OrderValidatorTest" time="0">
    <system-err><![CDATA[
 -- Order info 
OrderValidationCode: PIZZA_FROM_MULTIPLE_RESTAURANTS
OrderStatus: INVALID
OrderNo: 013ECC20
Order Contents: [Pizza[name=Pizza B, priceInPence=2400], Pizza[name=Yucky Pizza, priceInPence=2000]]
PriceTotalInPence: 4500
 -- Credit card info 
CreditCardNumber: 0000000000000000
CCV: 222
ExpiryDate: 01/26
]]></system-err>
  </testcase>
  <testcase name="testPizzasFromDifferentRestaurants" classname="uk.ac.ed.inf.OrderValidatorTest" time="0">
    <system-err><![CDATA[
 -- Order info 
OrderValidationCode: PIZZA_FROM_MULTIPLE_RESTAURANTS
OrderStatus: INVALID
OrderNo: 0AE39732
Order Contents: [Pizza[name=Pizza C, priceInPence=2500], Pizza[name=Yucky Pizza, priceInPence=2000]]
PriceTotalInPence: 4600
 -- Credit card info 
CreditCardNumber: 0000000000000000
CCV: 222
ExpiryDate: 02/25
]]></system-err>
  </testcase>
  <testcase name="testPizzasFromDifferentRestaurants" classname="uk.ac.ed.inf.OrderValidatorTest" time="0">
    <system-err><![CDATA[
 -- Order info 
OrderValidationCode: PIZZA_FROM_MULTIPLE_RESTAURANTS
OrderStatus: INVALID
OrderNo: 191C7CE4
Order Contents: [Pizza[name=Pizza C, priceInPence=2500], Pizza[name=Yucky Pizza, priceInPence=2000]]
PriceTotalInPence: 4600
 -- Credit card info 
CreditCardNumber: 0000000000000000
CCV: 222
ExpiryDate: 01/25
]]></system-err>
  </testcase>
  <testcase name="testPizzasFromDifferentRestaurants" classname="uk.ac.ed.inf.OrderValidatorTest" time="0">
    <system-err><![CDATA[
 -- Order info 
OrderValidationCode: PIZZA_FROM_MULTIPLE_RESTAURANTS
OrderStatus: INVALID
OrderNo: 2C779E70
Order Contents: [Pizza[name=Pizza B, priceInPence=2400], Pizza[name=Yucky Pizza, priceInPence=2000]]
PriceTotalInPence: 4500
 -- Credit card info 
CreditCardNumber: 0000000000000000
CCV: 222
ExpiryDate: 06/26
]]></system-err>
  </testcase>
  <testcase name="testPizzasFromDifferentRestaurants" classname="uk.ac.ed.inf.OrderValidatorTest" time="0">
    <system-err><![CDATA[
 -- Order info 
OrderValidationCode: PIZZA_FROM_MULTIPLE_RESTAURANTS
OrderStatus: INVALID
OrderNo: 2BD511E5
Order Contents: [Pizza[name=Pizza A, priceInPence=2300], Pizza[name=Yucky Pizza, priceInPence=2000]]
PriceTotalInPence: 4400
 -- Credit card info 
CreditCardNumber: 0000000000000000
CCV: 222
ExpiryDate: 06/25
]]></system-err>
  </testcase>
  <testcase name="testPizzasFromDifferentRestaurants" classname="uk.ac.ed.inf.OrderValidatorTest" time="0">
    <system-err><![CDATA[
 -- Order info 
OrderValidationCode: PIZZA_FROM_MULTIPLE_RESTAURANTS
OrderStatus: INVALID
OrderNo: 2ADD47D1
Order Contents: [Pizza[name=Pizza A, priceInPence=2300], Pizza[name=Yucky Pizza, priceInPence=2000]]
PriceTotalInPence: 4400
 -- Credit card info 
CreditCardNumber: 0000000000000000
CCV: 222
ExpiryDate: 01/29
]]></system-err>
  </testcase>
  <testcase name="testPizzasFromDifferentRestaurants" classname="uk.ac.ed.inf.OrderValidatorTest" time="0">
    <system-err><![CDATA[
 -- Order info 
OrderValidationCode: PIZZA_FROM_MULTIPLE_RESTAURANTS
OrderStatus: INVALID
OrderNo: 177F13EE
Order Contents: [Pizza[name=Pizza B, priceInPence=2400], Pizza[name=Yucky Pizza, priceInPence=2000]]
PriceTotalInPence: 4500
 -- Credit card info 
CreditCardNumber: 0000000000000000
CCV: 222
ExpiryDate: 08/29
]]></system-err>
  </testcase>
  <testcase name="testPizzasFromDifferentRestaurants" classname="uk.ac.ed.inf.OrderValidatorTest" time="0">
    <system-err><![CDATA[
 -- Order info 
OrderValidationCode: PIZZA_FROM_MULTIPLE_RESTAURANTS
OrderStatus: INVALID
OrderNo: 5F74E72A
Order Contents: [Pizza[name=Pizza C, priceInPence=2500], Pizza[name=Yucky Pizza, priceInPence=2000]]
PriceTotalInPence: 4600
 -- Credit card info 
CreditCardNumber: 0000000000000000
CCV: 222
ExpiryDate: 02/27
]]></system-err>
  </testcase>
  <testcase name="testPizzasFromDifferentRestaurants" classname="uk.ac.ed.inf.OrderValidatorTest" time="0">
    <system-err><![CDATA[
 -- Order info 
OrderValidationCode: PIZZA_FROM_MULTIPLE_RESTAURANTS
OrderStatus: INVALID
OrderNo: 4A434A38
Order Contents: [Pizza[name=Pizza B, priceInPence=2400], Pizza[name=Yucky Pizza, priceInPence=2000]]
PriceTotalInPence: 4500
 -- Credit card info 
CreditCardNumber: 0000000000000000
CCV: 222
ExpiryDate: 04/24
]]></system-err>
  </testcase>
  <testcase name="testPizzasFromDifferentRestaurants" classname="uk.ac.ed.inf.OrderValidatorTest" time="0">
    <system-err><![CDATA[
 -- Order info 
OrderValidationCode: PIZZA_FROM_MULTIPLE_RESTAURANTS
OrderStatus: INVALID
OrderNo: 303357E1
Order Contents: [Pizza[name=Pizza B, priceInPence=2400], Pizza[name=Yucky Pizza, priceInPence=2000]]
PriceTotalInPence: 4500
 -- Credit card info 
CreditCardNumber: 0000000000000000
CCV: 222
ExpiryDate: 11/27
]]></system-err>
  </testcase>
  <testcase name="testPizzasFromDifferentRestaurants" classname="uk.ac.ed.inf.OrderValidatorTest" time="0">
    <system-err><![CDATA[
 -- Order info 
OrderValidationCode: PIZZA_FROM_MULTIPLE_RESTAURANTS
OrderStatus: INVALID
OrderNo: 02809790
Order Contents: [Pizza[name=Pizza C, priceInPence=2500], Pizza[name=Yucky Pizza, priceInPence=2000]]
PriceTotalInPence: 4600
 -- Credit card info 
CreditCardNumber: 0000000000000000
CCV: 222
ExpiryDate: 07/24
]]></system-err>
  </testcase>
  <testcase name="testCreditCardCVV3Numbers" classname="uk.ac.ed.inf.OrderValidatorTest" time="0">
    <system-err><![CDATA[
 -- Order info 
OrderValidationCode: NO_ERROR
OrderStatus: VALID_BUT_NOT_DELIVERED
OrderNo: 5EB985B0
Order Contents: [Pizza[name=Pizza A, priceInPence=2300]]
PriceTotalInPence: 2400
 -- Credit card info 
CreditCardNumber: 0000000000000000
CCV: 860
ExpiryDate: 09/26
]]></system-err>
  </testcase>
  <testcase name="testCreditCardCVV3Numbers" classname="uk.ac.ed.inf.OrderValidatorTest" time="0">
    <system-err><![CDATA[
 -- Order info 
OrderValidationCode: NO_ERROR
OrderStatus: VALID_BUT_NOT_DELIVERED
OrderNo: 38E10A99
Order Contents: [Pizza[name=Pizza B, priceInPence=2400]]
PriceTotalInPence: 2500
 -- Credit card info 
CreditCardNumber: 0000000000000000
CCV: 579
ExpiryDate: 01/24
]]></system-err>
  </testcase>
  <testcase name="testCreditCardCVV3Numbers" classname="uk.ac.ed.inf.OrderValidatorTest" time="0">
    <system-err><![CDATA[
 -- Order info 
OrderValidationCode: NO_ERROR
OrderStatus: VALID_BUT_NOT_DELIVERED
OrderNo: 33A5C6A9
Order Contents: [Pizza[name=Pizza B, priceInPence=2400]]
PriceTotalInPence: 2500
 -- Credit card info 
CreditCardNumber: 0000000000000000
CCV: 733
ExpiryDate: 06/28
]]></system-err>
  </testcase>
  <testcase name="testCreditCardCVV3Numbers" classname="uk.ac.ed.inf.OrderValidatorTest" time="0">
    <system-err><![CDATA[
 -- Order info 
OrderValidationCode: NO_ERROR
OrderStatus: VALID_BUT_NOT_DELIVERED
OrderNo: 116946C6
Order Contents: [Pizza[name=Pizza A, priceInPence=2300]]
PriceTotalInPence: 2400
 -- Credit card info 
CreditCardNumber: 0000000000000000
CCV: 357
ExpiryDate: 02/29
]]></system-err>
  </testcase>
  <testcase name="testCreditCardCVV3Numbers" classname="uk.ac.ed.inf.OrderValidatorTest" time="0">
    <system-err><![CDATA[
 -- Order info 
OrderValidationCode: NO_ERROR
OrderStatus: VALID_BUT_NOT_DELIVERED
OrderNo: 5BBA517F
Order Contents: [Pizza[name=Pizza B, priceInPence=2400]]
PriceTotalInPence: 2500
 -- Credit card info 
CreditCardNumber: 0000000000000000
CCV: 808
ExpiryDate: 06/24
]]></system-err>
  </testcase>
  <testcase name="testCreditCardCVV3Numbers" classname="uk.ac.ed.inf.OrderValidatorTest" time="0">
    <system-err><![CDATA[
 -- Order info 
OrderValidationCode: NO_ERROR
OrderStatus: VALID_BUT_NOT_DELIVERED
OrderNo: 1AEFA4FE
Order Contents: [Pizza[name=Pizza C, priceInPence=2500]]
PriceTotalInPence: 2600
 -- Credit card info 
CreditCardNumber: 0000000000000000
CCV: 464
ExpiryDate: 08/27
]]></system-err>
  </testcase>
  <testcase name="testCreditCardCVV3Numbers" classname="uk.ac.ed.inf.OrderValidatorTest" time="0">
    <system-err><![CDATA[
 -- Order info 
OrderValidationCode: NO_ERROR
OrderStatus: VALID_BUT_NOT_DELIVERED
OrderNo: 51A1B639
Order Contents: [Pizza[name=Pizza B, priceInPence=2400]]
PriceTotalInPence: 2500
 -- Credit card info 
CreditCardNumber: 0000000000000000
CCV: 686
ExpiryDate: 03/27
]]></system-err>
  </testcase>
  <testcase name="testCreditCardCVV3Numbers" classname="uk.ac.ed.inf.OrderValidatorTest" time="0">
    <system-err><![CDATA[
 -- Order info 
OrderValidationCode: NO_ERROR
OrderStatus: VALID_BUT_NOT_DELIVERED
OrderNo: 6FC589FD
Order Contents: [Pizza[name=Pizza B, priceInPence=2400]]
PriceTotalInPence: 2500
 -- Credit card info 
CreditCardNumber: 0000000000000000
CCV: 951
ExpiryDate: 01/26
]]></system-err>
  </testcase>
  <testcase name="testCreditCardCVV3Numbers" classname="uk.ac.ed.inf.OrderValidatorTest" time="0">
    <system-err><![CDATA[
 -- Order info 
OrderValidationCode: NO_ERROR
OrderStatus: VALID_BUT_NOT_DELIVERED
OrderNo: 268A9BE9
Order Contents: [Pizza[name=Pizza B, priceInPence=2400]]
PriceTotalInPence: 2500
 -- Credit card info 
CreditCardNumber: 0000000000000000
CCV: 831
ExpiryDate: 02/24
]]></system-err>
  </testcase>
  <testcase name="testCreditCardCVV3Numbers" classname="uk.ac.ed.inf.OrderValidatorTest" time="0">
    <system-err><![CDATA[
 -- Order info 
OrderValidationCode: NO_ERROR
OrderStatus: VALID_BUT_NOT_DELIVERED
OrderNo: 37976CA8
Order Contents: [Pizza[name=Pizza B, priceInPence=2400]]
PriceTotalInPence: 2500
 -- Credit card info 
CreditCardNumber: 0000000000000000
CCV: 145
ExpiryDate: 03/24
]]></system-err>
  </testcase>
  <testcase name="testCreditCardCVV3Numbers" classname="uk.ac.ed.inf.OrderValidatorTest" time="0">
    <system-err><![CDATA[
 -- Order info 
OrderValidationCode: NO_ERROR
OrderStatus: VALID_BUT_NOT_DELIVERED
OrderNo: 4479BA49
Order Contents: [Pizza[name=Pizza C, priceInPence=2500]]
PriceTotalInPence: 2600
 -- Credit card info 
CreditCardNumber: 0000000000000000
CCV: 812
ExpiryDate: 03/26
]]></system-err>
  </testcase>
  <testcase name="testCreditCardCVV3Numbers" classname="uk.ac.ed.inf.OrderValidatorTest" time="0">
    <system-err><![CDATA[
 -- Order info 
OrderValidationCode: NO_ERROR
OrderStatus: VALID_BUT_NOT_DELIVERED
OrderNo: 0B50880E
Order Contents: [Pizza[name=Pizza C, priceInPence=2500]]
PriceTotalInPence: 2600
 -- Credit card info 
CreditCardNumber: 0000000000000000
CCV: 690
ExpiryDate: 04/29
]]></system-err>
  </testcase>
  <testcase name="testCreditCardCVV3Numbers" classname="uk.ac.ed.inf.OrderValidatorTest" time="0">
    <system-err><![CDATA[
 -- Order info 
OrderValidationCode: NO_ERROR
OrderStatus: VALID_BUT_NOT_DELIVERED
OrderNo: 744E6837
Order Contents: [Pizza[name=Pizza B, priceInPence=2400]]
PriceTotalInPence: 2500
 -- Credit card info 
CreditCardNumber: 0000000000000000
CCV: 633
ExpiryDate: 07/24
]]></system-err>
  </testcase>
  <testcase name="testCreditCardCVV3Numbers" classname="uk.ac.ed.inf.OrderValidatorTest" time="0">
    <system-err><![CDATA[
 -- Order info 
OrderValidationCode: NO_ERROR
OrderStatus: VALID_BUT_NOT_DELIVERED
OrderNo: 5E98BFED
Order Contents: [Pizza[name=Pizza A, priceInPence=2300]]
PriceTotalInPence: 2400
 -- Credit card info 
CreditCardNumber: 0000000000000000
CCV: 530
ExpiryDate: 04/25
]]></system-err>
  </testcase>
  <testcase name="testCreditCardCVV3Numbers" classname="uk.ac.ed.inf.OrderValidatorTest" time="0">
    <system-err><![CDATA[
 -- Order info 
OrderValidationCode: NO_ERROR
OrderStatus: VALID_BUT_NOT_DELIVERED
OrderNo: 1D4E991D
Order Contents: [Pizza[name=Pizza C, priceInPence=2500]]
PriceTotalInPence: 2600
 -- Credit card info 
CreditCardNumber: 0000000000000000
CCV: 265
ExpiryDate: 08/26
]]></system-err>
  </testcase>
  <testcase name="testCreditCardCVV3Numbers" classname="uk.ac.ed.inf.OrderValidatorTest" time="0">
    <system-err><![CDATA[
 -- Order info 
OrderValidationCode: NO_ERROR
OrderStatus: VALID_BUT_NOT_DELIVERED
OrderNo: 3BF13F77
Order Contents: [Pizza[name=Pizza B, priceInPence=2400]]
PriceTotalInPence: 2500
 -- Credit card info 
CreditCardNumber: 0000000000000000
CCV: 049
ExpiryDate: 11/27
]]></system-err>
  </testcase>
  <testcase name="testCreditCardCVV3Numbers" classname="uk.ac.ed.inf.OrderValidatorTest" time="0">
    <system-err><![CDATA[
 -- Order info 
OrderValidationCode: NO_ERROR
OrderStatus: VALID_BUT_NOT_DELIVERED
OrderNo: 2CC612D1
Order Contents: [Pizza[name=Pizza C, priceInPence=2500]]
PriceTotalInPence: 2600
 -- Credit card info 
CreditCardNumber: 0000000000000000
CCV: 907
ExpiryDate: 03/26
]]></system-err>
  </testcase>
  <testcase name="testCreditCardCVV3Numbers" classname="uk.ac.ed.inf.OrderValidatorTest" time="0">
    <system-err><![CDATA[
 -- Order info 
OrderValidationCode: NO_ERROR
OrderStatus: VALID_BUT_NOT_DELIVERED
OrderNo: 5642C161
Order Contents: [Pizza[name=Pizza A, priceInPence=2300]]
PriceTotalInPence: 2400
 -- Credit card info 
CreditCardNumber: 0000000000000000
CCV: 962
ExpiryDate: 03/24
]]></system-err>
  </testcase>
  <testcase name="testCreditCardCVV3Numbers" classname="uk.ac.ed.inf.OrderValidatorTest" time="0">
    <system-err><![CDATA[
 -- Order info 
OrderValidationCode: NO_ERROR
OrderStatus: VALID_BUT_NOT_DELIVERED
OrderNo: 17F05F58
Order Contents: [Pizza[name=Pizza C, priceInPence=2500]]
PriceTotalInPence: 2600
 -- Credit card info 
CreditCardNumber: 0000000000000000
CCV: 284
ExpiryDate: 05/24
]]></system-err>
  </testcase>
  <testcase name="testCreditCardCVV3Numbers" classname="uk.ac.ed.inf.OrderValidatorTest" time="0">
    <system-err><![CDATA[
 -- Order info 
OrderValidationCode: NO_ERROR
OrderStatus: VALID_BUT_NOT_DELIVERED
OrderNo: 6639C6B7
Order Contents: [Pizza[name=Pizza C, priceInPence=2500]]
PriceTotalInPence: 2600
 -- Credit card info 
CreditCardNumber: 0000000000000000
CCV: 964
ExpiryDate: 01/26
]]></system-err>
  </testcase>
  <testcase name="testCreditCardCVV3Numbers" classname="uk.ac.ed.inf.OrderValidatorTest" time="0">
    <system-err><![CDATA[
 -- Order info 
OrderValidationCode: NO_ERROR
OrderStatus: VALID_BUT_NOT_DELIVERED
OrderNo: 19FF9850
Order Contents: [Pizza[name=Pizza C, priceInPence=2500]]
PriceTotalInPence: 2600
 -- Credit card info 
CreditCardNumber: 0000000000000000
CCV: 244
ExpiryDate: 01/29
]]></system-err>
  </testcase>
  <testcase name="testCreditCardCVV3Numbers" classname="uk.ac.ed.inf.OrderValidatorTest" time="0">
    <system-err><![CDATA[
 -- Order info 
OrderValidationCode: NO_ERROR
OrderStatus: VALID_BUT_NOT_DELIVERED
OrderNo: 5A642721
Order Contents: [Pizza[name=Pizza C, priceInPence=2500]]
PriceTotalInPence: 2600
 -- Credit card info 
CreditCardNumber: 0000000000000000
CCV: 705
ExpiryDate: 11/29
]]></system-err>
  </testcase>
  <testcase name="testCreditCardCVV3Numbers" classname="uk.ac.ed.inf.OrderValidatorTest" time="0">
    <system-err><![CDATA[
 -- Order info 
OrderValidationCode: NO_ERROR
OrderStatus: VALID_BUT_NOT_DELIVERED
OrderNo: 0E1C7121
Order Contents: [Pizza[name=Pizza B, priceInPence=2400]]
PriceTotalInPence: 2500
 -- Credit card info 
CreditCardNumber: 0000000000000000
CCV: 888
ExpiryDate: 07/29
]]></system-err>
  </testcase>
  <testcase name="testCreditCardCVV3Numbers" classname="uk.ac.ed.inf.OrderValidatorTest" time="0">
    <system-err><![CDATA[
 -- Order info 
OrderValidationCode: NO_ERROR
OrderStatus: VALID_BUT_NOT_DELIVERED
OrderNo: 312FD2BC
Order Contents: [Pizza[name=Pizza C, priceInPence=2500]]
PriceTotalInPence: 2600
 -- Credit card info 
CreditCardNumber: 0000000000000000
CCV: 901
ExpiryDate: 06/24
]]></system-err>
  </testcase>
  <testcase name="testCreditCardCVV3Numbers" classname="uk.ac.ed.inf.OrderValidatorTest" time="0">
    <system-err><![CDATA[
 -- Order info 
OrderValidationCode: NO_ERROR
OrderStatus: VALID_BUT_NOT_DELIVERED
OrderNo: 4456646F
Order Contents: [Pizza[name=Pizza C, priceInPence=2500]]
PriceTotalInPence: 2600
 -- Credit card info 
CreditCardNumber: 0000000000000000
CCV: 139
ExpiryDate: 01/25
]]></system-err>
  </testcase>
  <testcase name="testCreditCardCVV3Numbers" classname="uk.ac.ed.inf.OrderValidatorTest" time="0">
    <system-err><![CDATA[
 -- Order info 
OrderValidationCode: NO_ERROR
OrderStatus: VALID_BUT_NOT_DELIVERED
OrderNo: 350D9EAB
Order Contents: [Pizza[name=Pizza C, priceInPence=2500]]
PriceTotalInPence: 2600
 -- Credit card info 
CreditCardNumber: 0000000000000000
CCV: 261
ExpiryDate: 09/28
]]></system-err>
  </testcase>
  <testcase name="testCreditCardCVV3Numbers" classname="uk.ac.ed.inf.OrderValidatorTest" time="0">
    <system-err><![CDATA[
 -- Order info 
OrderValidationCode: NO_ERROR
OrderStatus: VALID_BUT_NOT_DELIVERED
OrderNo: 47D0350C
Order Contents: [Pizza[name=Pizza A, priceInPence=2300]]
PriceTotalInPence: 2400
 -- Credit card info 
CreditCardNumber: 0000000000000000
CCV: 400
ExpiryDate: 10/25
]]></system-err>
  </testcase>
  <testcase name="testCreditCardCVV3Numbers" classname="uk.ac.ed.inf.OrderValidatorTest" time="0">
    <system-err><![CDATA[
 -- Order info 
OrderValidationCode: NO_ERROR
OrderStatus: VALID_BUT_NOT_DELIVERED
OrderNo: 2CE665BC
Order Contents: [Pizza[name=Pizza C, priceInPence=2500]]
PriceTotalInPence: 2600
 -- Credit card info 
CreditCardNumber: 0000000000000000
CCV: 002
ExpiryDate: 08/25
]]></system-err>
  </testcase>
  <testcase name="testCreditCardCVV3Numbers" classname="uk.ac.ed.inf.OrderValidatorTest" time="0">
    <system-err><![CDATA[
 -- Order info 
OrderValidationCode: NO_ERROR
OrderStatus: VALID_BUT_NOT_DELIVERED
OrderNo: 5DD45DC6
Order Contents: [Pizza[name=Pizza A, priceInPence=2300]]
PriceTotalInPence: 2400
 -- Credit card info 
CreditCardNumber: 0000000000000000
CCV: 990
ExpiryDate: 11/28
]]></system-err>
  </testcase>
  <testcase name="testCreditCardCVV3Numbers" classname="uk.ac.ed.inf.OrderValidatorTest" time="0">
    <system-err><![CDATA[
 -- Order info 
OrderValidationCode: NO_ERROR
OrderStatus: VALID_BUT_NOT_DELIVERED
OrderNo: 4BCA4D73
Order Contents: [Pizza[name=Pizza C, priceInPence=2500]]
PriceTotalInPence: 2600
 -- Credit card info 
CreditCardNumber: 0000000000000000
CCV: 804
ExpiryDate: 09/24
]]></system-err>
  </testcase>
  <testcase name="testCreditCardCVV3Numbers" classname="uk.ac.ed.inf.OrderValidatorTest" time="0.016">
    <system-err><![CDATA[
 -- Order info 
OrderValidationCode: NO_ERROR
OrderStatus: VALID_BUT_NOT_DELIVERED
OrderNo: 67F690DF
Order Contents: [Pizza[name=Pizza A, priceInPence=2300]]
PriceTotalInPence: 2400
 -- Credit card info 
CreditCardNumber: 0000000000000000
CCV: 541
ExpiryDate: 01/28
]]></system-err>
  </testcase>
  <testcase name="testCreditCardCVV3Numbers" classname="uk.ac.ed.inf.OrderValidatorTest" time="0">
    <system-err><![CDATA[
 -- Order info 
OrderValidationCode: NO_ERROR
OrderStatus: VALID_BUT_NOT_DELIVERED
OrderNo: 22E9A28D
Order Contents: [Pizza[name=Pizza B, priceInPence=2400]]
PriceTotalInPence: 2500
 -- Credit card info 
CreditCardNumber: 0000000000000000
CCV: 661
ExpiryDate: 09/25
]]></system-err>
  </testcase>
  <testcase name="testCreditCardCVV3Numbers" classname="uk.ac.ed.inf.OrderValidatorTest" time="0">
    <system-err><![CDATA[
 -- Order info 
OrderValidationCode: NO_ERROR
OrderStatus: VALID_BUT_NOT_DELIVERED
OrderNo: 15939320
Order Contents: [Pizza[name=Pizza A, priceInPence=2300]]
PriceTotalInPence: 2400
 -- Credit card info 
CreditCardNumber: 0000000000000000
CCV: 968
ExpiryDate: 11/27
]]></system-err>
  </testcase>
  <testcase name="testCreditCardCVV3Numbers" classname="uk.ac.ed.inf.OrderValidatorTest" time="0">
    <system-err><![CDATA[
 -- Order info 
OrderValidationCode: NO_ERROR
OrderStatus: VALID_BUT_NOT_DELIVERED
OrderNo: 52D0CDDC
Order Contents: [Pizza[name=Pizza A, priceInPence=2300]]
PriceTotalInPence: 2400
 -- Credit card info 
CreditCardNumber: 0000000000000000
CCV: 437
ExpiryDate: 05/29
]]></system-err>
  </testcase>
  <testcase name="testCreditCardCVV3Numbers" classname="uk.ac.ed.inf.OrderValidatorTest" time="0">
    <system-err><![CDATA[
 -- Order info 
OrderValidationCode: NO_ERROR
OrderStatus: VALID_BUT_NOT_DELIVERED
OrderNo: 1B8AAA83
Order Contents: [Pizza[name=Pizza C, priceInPence=2500]]
PriceTotalInPence: 2600
 -- Credit card info 
CreditCardNumber: 0000000000000000
CCV: 766
ExpiryDate: 07/27
]]></system-err>
  </testcase>
  <testcase name="testCreditCardCVV3Numbers" classname="uk.ac.ed.inf.OrderValidatorTest" time="0">
    <system-err><![CDATA[
 -- Order info 
OrderValidationCode: NO_ERROR
OrderStatus: VALID_BUT_NOT_DELIVERED
OrderNo: 70B82BD6
Order Contents: [Pizza[name=Pizza B, priceInPence=2400]]
PriceTotalInPence: 2500
 -- Credit card info 
CreditCardNumber: 0000000000000000
CCV: 957
ExpiryDate: 01/26
]]></system-err>
  </testcase>
  <testcase name="testCreditCardCVV3Numbers" classname="uk.ac.ed.inf.OrderValidatorTest" time="0">
    <system-err><![CDATA[
 -- Order info 
OrderValidationCode: NO_ERROR
OrderStatus: VALID_BUT_NOT_DELIVERED
OrderNo: 084024BE
Order Contents: [Pizza[name=Pizza C, priceInPence=2500]]
PriceTotalInPence: 2600
 -- Credit card info 
CreditCardNumber: 0000000000000000
CCV: 267
ExpiryDate: 03/24
]]></system-err>
  </testcase>
  <testcase name="testCreditCardCVV3Numbers" classname="uk.ac.ed.inf.OrderValidatorTest" time="0">
    <system-err><![CDATA[
 -- Order info 
OrderValidationCode: NO_ERROR
OrderStatus: VALID_BUT_NOT_DELIVERED
OrderNo: 7022231F
Order Contents: [Pizza[name=Pizza C, priceInPence=2500]]
PriceTotalInPence: 2600
 -- Credit card info 
CreditCardNumber: 0000000000000000
CCV: 750
ExpiryDate: 10/28
]]></system-err>
  </testcase>
  <testcase name="testCreditCardCVV3Numbers" classname="uk.ac.ed.inf.OrderValidatorTest" time="0">
    <system-err><![CDATA[
 -- Order info 
OrderValidationCode: NO_ERROR
OrderStatus: VALID_BUT_NOT_DELIVERED
OrderNo: 0CC20057
Order Contents: [Pizza[name=Pizza C, priceInPence=2500]]
PriceTotalInPence: 2600
 -- Credit card info 
CreditCardNumber: 0000000000000000
CCV: 613
ExpiryDate: 11/28
]]></system-err>
  </testcase>
  <testcase name="testCreditCardCVV3Numbers" classname="uk.ac.ed.inf.OrderValidatorTest" time="0">
    <system-err><![CDATA[
 -- Order info 
OrderValidationCode: NO_ERROR
OrderStatus: VALID_BUT_NOT_DELIVERED
OrderNo: 08D63FDC
Order Contents: [Pizza[name=Pizza B, priceInPence=2400]]
PriceTotalInPence: 2500
 -- Credit card info 
CreditCardNumber: 0000000000000000
CCV: 584
ExpiryDate: 11/29
]]></system-err>
  </testcase>
  <testcase name="testCreditCardCVV3Numbers" classname="uk.ac.ed.inf.OrderValidatorTest" time="0">
    <system-err><![CDATA[
 -- Order info 
OrderValidationCode: NO_ERROR
OrderStatus: VALID_BUT_NOT_DELIVERED
OrderNo: 77ECD714
Order Contents: [Pizza[name=Pizza C, priceInPence=2500]]
PriceTotalInPence: 2600
 -- Credit card info 
CreditCardNumber: 0000000000000000
CCV: 372
ExpiryDate: 03/24
]]></system-err>
  </testcase>
  <testcase name="testCreditCardCVV3Numbers" classname="uk.ac.ed.inf.OrderValidatorTest" time="0">
    <system-err><![CDATA[
 -- Order info 
OrderValidationCode: NO_ERROR
OrderStatus: VALID_BUT_NOT_DELIVERED
OrderNo: 5921ED1A
Order Contents: [Pizza[name=Pizza B, priceInPence=2400]]
PriceTotalInPence: 2500
 -- Credit card info 
CreditCardNumber: 0000000000000000
CCV: 620
ExpiryDate: 01/28
]]></system-err>
  </testcase>
  <testcase name="testCreditCardCVV3Numbers" classname="uk.ac.ed.inf.OrderValidatorTest" time="0">
    <system-err><![CDATA[
 -- Order info 
OrderValidationCode: NO_ERROR
OrderStatus: VALID_BUT_NOT_DELIVERED
OrderNo: 025443DB
Order Contents: [Pizza[name=Pizza B, priceInPence=2400]]
PriceTotalInPence: 2500
 -- Credit card info 
CreditCardNumber: 0000000000000000
CCV: 874
ExpiryDate: 11/25
]]></system-err>
  </testcase>
  <testcase name="testCreditCardCVV3Numbers" classname="uk.ac.ed.inf.OrderValidatorTest" time="0">
    <system-err><![CDATA[
 -- Order info 
OrderValidationCode: NO_ERROR
OrderStatus: VALID_BUT_NOT_DELIVERED
OrderNo: 563DA3A7
Order Contents: [Pizza[name=Pizza B, priceInPence=2400]]
PriceTotalInPence: 2500
 -- Credit card info 
CreditCardNumber: 0000000000000000
CCV: 696
ExpiryDate: 11/27
]]></system-err>
  </testcase>
  <testcase name="testCreditCardCVV3Numbers" classname="uk.ac.ed.inf.OrderValidatorTest" time="0">
    <system-err><![CDATA[
 -- Order info 
OrderValidationCode: NO_ERROR
OrderStatus: VALID_BUT_NOT_DELIVERED
OrderNo: 1134589C
Order Contents: [Pizza[name=Pizza C, priceInPence=2500]]
PriceTotalInPence: 2600
 -- Credit card info 
CreditCardNumber: 0000000000000000
CCV: 393
ExpiryDate: 01/26
]]></system-err>
  </testcase>
  <testcase name="testCreditCardCVV3Numbers" classname="uk.ac.ed.inf.OrderValidatorTest" time="0">
    <system-err><![CDATA[
 -- Order info 
OrderValidationCode: NO_ERROR
OrderStatus: VALID_BUT_NOT_DELIVERED
OrderNo: 65C6512B
Order Contents: [Pizza[name=Pizza A, priceInPence=2300]]
PriceTotalInPence: 2400
 -- Credit card info 
CreditCardNumber: 0000000000000000
CCV: 826
ExpiryDate: 05/29
]]></system-err>
  </testcase>
  <testcase name="testCreditCardCVV3Numbers" classname="uk.ac.ed.inf.OrderValidatorTest" time="0">
    <system-err><![CDATA[
 -- Order info 
OrderValidationCode: NO_ERROR
OrderStatus: VALID_BUT_NOT_DELIVERED
OrderNo: 38D13EB3
Order Contents: [Pizza[name=Pizza C, priceInPence=2500]]
PriceTotalInPence: 2600
 -- Credit card info 
CreditCardNumber: 0000000000000000
CCV: 497
ExpiryDate: 07/27
]]></system-err>
  </testcase>
  <testcase name="testCreditCardCVV3Numbers" classname="uk.ac.ed.inf.OrderValidatorTest" time="0">
    <system-err><![CDATA[
 -- Order info 
OrderValidationCode: NO_ERROR
OrderStatus: VALID_BUT_NOT_DELIVERED
OrderNo: 198E4951
Order Contents: [Pizza[name=Pizza B, priceInPence=2400]]
PriceTotalInPence: 2500
 -- Credit card info 
CreditCardNumber: 0000000000000000
CCV: 091
ExpiryDate: 01/26
]]></system-err>
  </testcase>
  <testcase name="testCreditCardCVV3Numbers" classname="uk.ac.ed.inf.OrderValidatorTest" time="0">
    <system-err><![CDATA[
 -- Order info 
OrderValidationCode: NO_ERROR
OrderStatus: VALID_BUT_NOT_DELIVERED
OrderNo: 5F6F7ED9
Order Contents: [Pizza[name=Pizza A, priceInPence=2300]]
PriceTotalInPence: 2400
 -- Credit card info 
CreditCardNumber: 0000000000000000
CCV: 709
ExpiryDate: 05/26
]]></system-err>
  </testcase>
  <testcase name="testCreditCardCVV3Numbers" classname="uk.ac.ed.inf.OrderValidatorTest" time="0">
    <system-err><![CDATA[
 -- Order info 
OrderValidationCode: NO_ERROR
OrderStatus: VALID_BUT_NOT_DELIVERED
OrderNo: 253D44DB
Order Contents: [Pizza[name=Pizza A, priceInPence=2300]]
PriceTotalInPence: 2400
 -- Credit card info 
CreditCardNumber: 0000000000000000
CCV: 589
ExpiryDate: 10/27
]]></system-err>
  </testcase>
  <testcase name="testCreditCardCVV3Numbers" classname="uk.ac.ed.inf.OrderValidatorTest" time="0">
    <system-err><![CDATA[
 -- Order info 
OrderValidationCode: NO_ERROR
OrderStatus: VALID_BUT_NOT_DELIVERED
OrderNo: 2BEA6B24
Order Contents: [Pizza[name=Pizza A, priceInPence=2300]]
PriceTotalInPence: 2400
 -- Credit card info 
CreditCardNumber: 0000000000000000
CCV: 415
ExpiryDate: 10/27
]]></system-err>
  </testcase>
  <testcase name="testCreditCardCVV3Numbers" classname="uk.ac.ed.inf.OrderValidatorTest" time="0">
    <system-err><![CDATA[
 -- Order info 
OrderValidationCode: NO_ERROR
OrderStatus: VALID_BUT_NOT_DELIVERED
OrderNo: 460983C6
Order Contents: [Pizza[name=Pizza C, priceInPence=2500]]
PriceTotalInPence: 2600
 -- Credit card info 
CreditCardNumber: 0000000000000000
CCV: 166
ExpiryDate: 07/28
]]></system-err>
  </testcase>
  <testcase name="testCreditCardCVV3Numbers" classname="uk.ac.ed.inf.OrderValidatorTest" time="0">
    <system-err><![CDATA[
 -- Order info 
OrderValidationCode: NO_ERROR
OrderStatus: VALID_BUT_NOT_DELIVERED
OrderNo: 6E23D521
Order Contents: [Pizza[name=Pizza B, priceInPence=2400]]
PriceTotalInPence: 2500
 -- Credit card info 
CreditCardNumber: 0000000000000000
CCV: 132
ExpiryDate: 06/24
]]></system-err>
  </testcase>
  <testcase name="testCreditCardCVV3Numbers" classname="uk.ac.ed.inf.OrderValidatorTest" time="0">
    <system-err><![CDATA[
 -- Order info 
OrderValidationCode: NO_ERROR
OrderStatus: VALID_BUT_NOT_DELIVERED
OrderNo: 0782ED1E
Order Contents: [Pizza[name=Pizza B, priceInPence=2400]]
PriceTotalInPence: 2500
 -- Credit card info 
CreditCardNumber: 0000000000000000
CCV: 363
ExpiryDate: 02/25
]]></system-err>
  </testcase>
  <testcase name="testCreditCardCVV3Numbers" classname="uk.ac.ed.inf.OrderValidatorTest" time="0">
    <system-err><![CDATA[
 -- Order info 
OrderValidationCode: NO_ERROR
OrderStatus: VALID_BUT_NOT_DELIVERED
OrderNo: 7ADB29A4
Order Contents: [Pizza[name=Pizza B, priceInPence=2400]]
PriceTotalInPence: 2500
 -- Credit card info 
CreditCardNumber: 0000000000000000
CCV: 157
ExpiryDate: 06/26
]]></system-err>
  </testcase>
  <testcase name="testCreditCardCVV3Numbers" classname="uk.ac.ed.inf.OrderValidatorTest" time="0">
    <system-err><![CDATA[
 -- Order info 
OrderValidationCode: NO_ERROR
OrderStatus: VALID_BUT_NOT_DELIVERED
OrderNo: 7219181A
Order Contents: [Pizza[name=Pizza A, priceInPence=2300]]
PriceTotalInPence: 2400
 -- Credit card info 
CreditCardNumber: 0000000000000000
CCV: 920
ExpiryDate: 06/25
]]></system-err>
  </testcase>
  <testcase name="testCreditCardCVV3Numbers" classname="uk.ac.ed.inf.OrderValidatorTest" time="0">
    <system-err><![CDATA[
 -- Order info 
OrderValidationCode: NO_ERROR
OrderStatus: VALID_BUT_NOT_DELIVERED
OrderNo: 5E633278
Order Contents: [Pizza[name=Pizza A, priceInPence=2300]]
PriceTotalInPence: 2400
 -- Credit card info 
CreditCardNumber: 0000000000000000
CCV: 868
ExpiryDate: 04/24
]]></system-err>
  </testcase>
  <testcase name="testCreditCardCVV3Numbers" classname="uk.ac.ed.inf.OrderValidatorTest" time="0">
    <system-err><![CDATA[
 -- Order info 
OrderValidationCode: NO_ERROR
OrderStatus: VALID_BUT_NOT_DELIVERED
OrderNo: 085F0E5A
Order Contents: [Pizza[name=Pizza A, priceInPence=2300]]
PriceTotalInPence: 2400
 -- Credit card info 
CreditCardNumber: 0000000000000000
CCV: 345
ExpiryDate: 05/26
]]></system-err>
  </testcase>
  <testcase name="testCreditCardCVV3Numbers" classname="uk.ac.ed.inf.OrderValidatorTest" time="0">
    <system-err><![CDATA[
 -- Order info 
OrderValidationCode: NO_ERROR
OrderStatus: VALID_BUT_NOT_DELIVERED
OrderNo: 77F15801
Order Contents: [Pizza[name=Pizza A, priceInPence=2300]]
PriceTotalInPence: 2400
 -- Credit card info 
CreditCardNumber: 0000000000000000
CCV: 213
ExpiryDate: 05/24
]]></system-err>
  </testcase>
  <testcase name="testCreditCardCVV3Numbers" classname="uk.ac.ed.inf.OrderValidatorTest" time="0">
    <system-err><![CDATA[
 -- Order info 
OrderValidationCode: NO_ERROR
OrderStatus: VALID_BUT_NOT_DELIVERED
OrderNo: 2D5430BB
Order Contents: [Pizza[name=Pizza A, priceInPence=2300]]
PriceTotalInPence: 2400
 -- Credit card info 
CreditCardNumber: 0000000000000000
CCV: 019
ExpiryDate: 11/26
]]></system-err>
  </testcase>
  <testcase name="testCreditCardCVV3Numbers" classname="uk.ac.ed.inf.OrderValidatorTest" time="0">
    <system-err><![CDATA[
 -- Order info 
OrderValidationCode: NO_ERROR
OrderStatus: VALID_BUT_NOT_DELIVERED
OrderNo: 789DA599
Order Contents: [Pizza[name=Pizza A, priceInPence=2300]]
PriceTotalInPence: 2400
 -- Credit card info 
CreditCardNumber: 0000000000000000
CCV: 801
ExpiryDate: 11/29
]]></system-err>
  </testcase>
  <testcase name="testCreditCardCVV3Numbers" classname="uk.ac.ed.inf.OrderValidatorTest" time="0">
    <system-err><![CDATA[
 -- Order info 
OrderValidationCode: NO_ERROR
OrderStatus: VALID_BUT_NOT_DELIVERED
OrderNo: 0DAFF742
Order Contents: [Pizza[name=Pizza C, priceInPence=2500]]
PriceTotalInPence: 2600
 -- Credit card info 
CreditCardNumber: 0000000000000000
CCV: 221
ExpiryDate: 10/28
]]></system-err>
  </testcase>
  <testcase name="testCreditCardCVV3Numbers" classname="uk.ac.ed.inf.OrderValidatorTest" time="0">
    <system-err><![CDATA[
 -- Order info 
OrderValidationCode: NO_ERROR
OrderStatus: VALID_BUT_NOT_DELIVERED
OrderNo: 6856954B
Order Contents: [Pizza[name=Pizza A, priceInPence=2300]]
PriceTotalInPence: 2400
 -- Credit card info 
CreditCardNumber: 0000000000000000
CCV: 025
ExpiryDate: 07/29
]]></system-err>
  </testcase>
  <testcase name="testCreditCardCVV3Numbers" classname="uk.ac.ed.inf.OrderValidatorTest" time="0">
    <system-err><![CDATA[
 -- Order info 
OrderValidationCode: NO_ERROR
OrderStatus: VALID_BUT_NOT_DELIVERED
OrderNo: 213096E8
Order Contents: [Pizza[name=Pizza B, priceInPence=2400]]
PriceTotalInPence: 2500
 -- Credit card info 
CreditCardNumber: 0000000000000000
CCV: 480
ExpiryDate: 08/25
]]></system-err>
  </testcase>
  <testcase name="testCreditCardCVV3Numbers" classname="uk.ac.ed.inf.OrderValidatorTest" time="0">
    <system-err><![CDATA[
 -- Order info 
OrderValidationCode: NO_ERROR
OrderStatus: VALID_BUT_NOT_DELIVERED
OrderNo: 4E6FAEEC
Order Contents: [Pizza[name=Pizza B, priceInPence=2400]]
PriceTotalInPence: 2500
 -- Credit card info 
CreditCardNumber: 0000000000000000
CCV: 936
ExpiryDate: 06/24
]]></system-err>
  </testcase>
  <testcase name="testCreditCardCVV3Numbers" classname="uk.ac.ed.inf.OrderValidatorTest" time="0">
    <system-err><![CDATA[
 -- Order info 
OrderValidationCode: NO_ERROR
OrderStatus: VALID_BUT_NOT_DELIVERED
OrderNo: 57FE8F35
Order Contents: [Pizza[name=Pizza B, priceInPence=2400]]
PriceTotalInPence: 2500
 -- Credit card info 
CreditCardNumber: 0000000000000000
CCV: 680
ExpiryDate: 04/25
]]></system-err>
  </testcase>
  <testcase name="testCreditCardCVV3Numbers" classname="uk.ac.ed.inf.OrderValidatorTest" time="0">
    <system-err><![CDATA[
 -- Order info 
OrderValidationCode: NO_ERROR
OrderStatus: VALID_BUT_NOT_DELIVERED
OrderNo: 29330BC7
Order Contents: [Pizza[name=Pizza C, priceInPence=2500]]
PriceTotalInPence: 2600
 -- Credit card info 
CreditCardNumber: 0000000000000000
CCV: 996
ExpiryDate: 08/26
]]></system-err>
  </testcase>
  <testcase name="testCreditCardCVV3Numbers" classname="uk.ac.ed.inf.OrderValidatorTest" time="0">
    <system-err><![CDATA[
 -- Order info 
OrderValidationCode: NO_ERROR
OrderStatus: VALID_BUT_NOT_DELIVERED
OrderNo: 3B52D0DF
Order Contents: [Pizza[name=Pizza A, priceInPence=2300]]
PriceTotalInPence: 2400
 -- Credit card info 
CreditCardNumber: 0000000000000000
CCV: 184
ExpiryDate: 07/24
]]></system-err>
  </testcase>
  <testcase name="testCreditCardCVV3Numbers" classname="uk.ac.ed.inf.OrderValidatorTest" time="0">
    <system-err><![CDATA[
 -- Order info 
OrderValidationCode: NO_ERROR
OrderStatus: VALID_BUT_NOT_DELIVERED
OrderNo: 159D3803
Order Contents: [Pizza[name=Pizza B, priceInPence=2400]]
PriceTotalInPence: 2500
 -- Credit card info 
CreditCardNumber: 0000000000000000
CCV: 329
ExpiryDate: 11/28
]]></system-err>
  </testcase>
  <testcase name="testCreditCardCVV3Numbers" classname="uk.ac.ed.inf.OrderValidatorTest" time="0">
    <system-err><![CDATA[
 -- Order info 
OrderValidationCode: NO_ERROR
OrderStatus: VALID_BUT_NOT_DELIVERED
OrderNo: 467358F6
Order Contents: [Pizza[name=Pizza A, priceInPence=2300]]
PriceTotalInPence: 2400
 -- Credit card info 
CreditCardNumber: 0000000000000000
CCV: 174
ExpiryDate: 01/28
]]></system-err>
  </testcase>
  <testcase name="testCreditCardCVV3Numbers" classname="uk.ac.ed.inf.OrderValidatorTest" time="0">
    <system-err><![CDATA[
 -- Order info 
OrderValidationCode: NO_ERROR
OrderStatus: VALID_BUT_NOT_DELIVERED
OrderNo: 5F90F64D
Order Contents: [Pizza[name=Pizza C, priceInPence=2500]]
PriceTotalInPence: 2600
 -- Credit card info 
CreditCardNumber: 0000000000000000
CCV: 754
ExpiryDate: 03/25
]]></system-err>
  </testcase>
  <testcase name="testCreditCardCVV3Numbers" classname="uk.ac.ed.inf.OrderValidatorTest" time="0">
    <system-err><![CDATA[
 -- Order info 
OrderValidationCode: NO_ERROR
OrderStatus: VALID_BUT_NOT_DELIVERED
OrderNo: 633E4B24
Order Contents: [Pizza[name=Pizza B, priceInPence=2400]]
PriceTotalInPence: 2500
 -- Credit card info 
CreditCardNumber: 0000000000000000
CCV: 667
ExpiryDate: 10/27
]]></system-err>
  </testcase>
  <testcase name="testCreditCardCVV3Numbers" classname="uk.ac.ed.inf.OrderValidatorTest" time="0">
    <system-err><![CDATA[
 -- Order info 
OrderValidationCode: NO_ERROR
OrderStatus: VALID_BUT_NOT_DELIVERED
OrderNo: 78755DA8
Order Contents: [Pizza[name=Pizza B, priceInPence=2400]]
PriceTotalInPence: 2500
 -- Credit card info 
CreditCardNumber: 0000000000000000
CCV: 578
ExpiryDate: 09/25
]]></system-err>
  </testcase>
  <testcase name="testCreditCardCVV3Numbers" classname="uk.ac.ed.inf.OrderValidatorTest" time="0">
    <system-err><![CDATA[
 -- Order info 
OrderValidationCode: NO_ERROR
OrderStatus: VALID_BUT_NOT_DELIVERED
OrderNo: 6E9CB92E
Order Contents: [Pizza[name=Pizza C, priceInPence=2500]]
PriceTotalInPence: 2600
 -- Credit card info 
CreditCardNumber: 0000000000000000
CCV: 474
ExpiryDate: 09/28
]]></system-err>
  </testcase>
  <testcase name="testCreditCardCVV3Numbers" classname="uk.ac.ed.inf.OrderValidatorTest" time="0">
    <system-err><![CDATA[
 -- Order info 
OrderValidationCode: NO_ERROR
OrderStatus: VALID_BUT_NOT_DELIVERED
OrderNo: 21BF9605
Order Contents: [Pizza[name=Pizza B, priceInPence=2400]]
PriceTotalInPence: 2500
 -- Credit card info 
CreditCardNumber: 0000000000000000
CCV: 676
ExpiryDate: 03/28
]]></system-err>
  </testcase>
  <testcase name="testCreditCardCVV3Numbers" classname="uk.ac.ed.inf.OrderValidatorTest" time="0">
    <system-err><![CDATA[
 -- Order info 
OrderValidationCode: NO_ERROR
OrderStatus: VALID_BUT_NOT_DELIVERED
OrderNo: 6F3747B6
Order Contents: [Pizza[name=Pizza C, priceInPence=2500]]
PriceTotalInPence: 2600
 -- Credit card info 
CreditCardNumber: 0000000000000000
CCV: 587
ExpiryDate: 09/27
]]></system-err>
  </testcase>
  <testcase name="testCreditCardCVV3Numbers" classname="uk.ac.ed.inf.OrderValidatorTest" time="0">
    <system-err><![CDATA[
 -- Order info 
OrderValidationCode: NO_ERROR
OrderStatus: VALID_BUT_NOT_DELIVERED
OrderNo: 7A3C6E3E
Order Contents: [Pizza[name=Pizza B, priceInPence=2400]]
PriceTotalInPence: 2500
 -- Credit card info 
CreditCardNumber: 0000000000000000
CCV: 416
ExpiryDate: 02/29
]]></system-err>
  </testcase>
  <testcase name="testCreditCardCVV3Numbers" classname="uk.ac.ed.inf.OrderValidatorTest" time="0">
    <system-err><![CDATA[
 -- Order info 
OrderValidationCode: NO_ERROR
OrderStatus: VALID_BUT_NOT_DELIVERED
OrderNo: 25DE06FE
Order Contents: [Pizza[name=Pizza C, priceInPence=2500]]
PriceTotalInPence: 2600
 -- Credit card info 
CreditCardNumber: 0000000000000000
CCV: 822
ExpiryDate: 01/26
]]></system-err>
  </testcase>
  <testcase name="testCreditCardCVV3Numbers" classname="uk.ac.ed.inf.OrderValidatorTest" time="0">
    <system-err><![CDATA[
 -- Order info 
OrderValidationCode: NO_ERROR
OrderStatus: VALID_BUT_NOT_DELIVERED
OrderNo: 47736FCF
Order Contents: [Pizza[name=Pizza A, priceInPence=2300]]
PriceTotalInPence: 2400
 -- Credit card info 
CreditCardNumber: 0000000000000000
CCV: 395
ExpiryDate: 10/29
]]></system-err>
  </testcase>
  <testcase name="testCreditCardCVV3Numbers" classname="uk.ac.ed.inf.OrderValidatorTest" time="0">
    <system-err><![CDATA[
 -- Order info 
OrderValidationCode: NO_ERROR
OrderStatus: VALID_BUT_NOT_DELIVERED
OrderNo: 0B3796D7
Order Contents: [Pizza[name=Pizza B, priceInPence=2400]]
PriceTotalInPence: 2500
 -- Credit card info 
CreditCardNumber: 0000000000000000
CCV: 001
ExpiryDate: 11/29
]]></system-err>
  </testcase>
  <testcase name="testCreditCardCVV3Numbers" classname="uk.ac.ed.inf.OrderValidatorTest" time="0">
    <system-err><![CDATA[
 -- Order info 
OrderValidationCode: NO_ERROR
OrderStatus: VALID_BUT_NOT_DELIVERED
OrderNo: 2B73320A
Order Contents: [Pizza[name=Pizza C, priceInPence=2500]]
PriceTotalInPence: 2600
 -- Credit card info 
CreditCardNumber: 0000000000000000
CCV: 749
ExpiryDate: 11/24
]]></system-err>
  </testcase>
  <testcase name="testCreditCardCVV3Numbers" classname="uk.ac.ed.inf.OrderValidatorTest" time="0">
    <system-err><![CDATA[
 -- Order info 
OrderValidationCode: NO_ERROR
OrderStatus: VALID_BUT_NOT_DELIVERED
OrderNo: 051EC84F
Order Contents: [Pizza[name=Pizza C, priceInPence=2500]]
PriceTotalInPence: 2600
 -- Credit card info 
CreditCardNumber: 0000000000000000
CCV: 324
ExpiryDate: 04/26
]]></system-err>
  </testcase>
  <testcase name="testCreditCardCVV3Numbers" classname="uk.ac.ed.inf.OrderValidatorTest" time="0">
    <system-err><![CDATA[
 -- Order info 
OrderValidationCode: NO_ERROR
OrderStatus: VALID_BUT_NOT_DELIVERED
OrderNo: 32099773
Order Contents: [Pizza[name=Pizza B, priceInPence=2400]]
PriceTotalInPence: 2500
 -- Credit card info 
CreditCardNumber: 0000000000000000
CCV: 863
ExpiryDate: 03/25
]]></system-err>
  </testcase>
  <testcase name="testCreditCardCVV3Numbers" classname="uk.ac.ed.inf.OrderValidatorTest" time="0">
    <system-err><![CDATA[
 -- Order info 
OrderValidationCode: NO_ERROR
OrderStatus: VALID_BUT_NOT_DELIVERED
OrderNo: 0C881502
Order Contents: [Pizza[name=Pizza C, priceInPence=2500]]
PriceTotalInPence: 2600
 -- Credit card info 
CreditCardNumber: 0000000000000000
CCV: 587
ExpiryDate: 06/25
]]></system-err>
  </testcase>
  <testcase name="testCreditCardCVV3Numbers" classname="uk.ac.ed.inf.OrderValidatorTest" time="0">
    <system-err><![CDATA[
 -- Order info 
OrderValidationCode: NO_ERROR
OrderStatus: VALID_BUT_NOT_DELIVERED
OrderNo: 6E1F3ADF
Order Contents: [Pizza[name=Pizza A, priceInPence=2300]]
PriceTotalInPence: 2400
 -- Credit card info 
CreditCardNumber: 0000000000000000
CCV: 274
ExpiryDate: 06/25
]]></system-err>
  </testcase>
  <testcase name="testCreditCardCVV3Numbers" classname="uk.ac.ed.inf.OrderValidatorTest" time="0.002">
    <system-err><![CDATA[
 -- Order info 
OrderValidationCode: NO_ERROR
OrderStatus: VALID_BUT_NOT_DELIVERED
OrderNo: 4FBE0D81
Order Contents: [Pizza[name=Pizza B, priceInPence=2400]]
PriceTotalInPence: 2500
 -- Credit card info 
CreditCardNumber: 0000000000000000
CCV: 518
ExpiryDate: 11/29
]]></system-err>
  </testcase>
  <testcase name="testCreditCardCVV3Numbers" classname="uk.ac.ed.inf.OrderValidatorTest" time="0">
    <system-err><![CDATA[
 -- Order info 
OrderValidationCode: NO_ERROR
OrderStatus: VALID_BUT_NOT_DELIVERED
OrderNo: 25FC4966
Order Contents: [Pizza[name=Pizza B, priceInPence=2400]]
PriceTotalInPence: 2500
 -- Credit card info 
CreditCardNumber: 0000000000000000
CCV: 080
ExpiryDate: 04/29
]]></system-err>
  </testcase>
  <testcase name="testCreditCardCVV3Numbers" classname="uk.ac.ed.inf.OrderValidatorTest" time="0">
    <system-err><![CDATA[
 -- Order info 
OrderValidationCode: NO_ERROR
OrderStatus: VALID_BUT_NOT_DELIVERED
OrderNo: 70FE461B
Order Contents: [Pizza[name=Pizza B, priceInPence=2400]]
PriceTotalInPence: 2500
 -- Credit card info 
CreditCardNumber: 0000000000000000
CCV: 051
ExpiryDate: 09/27
]]></system-err>
  </testcase>
  <testcase name="testCreditCardCVV3Numbers" classname="uk.ac.ed.inf.OrderValidatorTest" time="0">
    <system-err><![CDATA[
 -- Order info 
OrderValidationCode: NO_ERROR
OrderStatus: VALID_BUT_NOT_DELIVERED
OrderNo: 1BF8B045
Order Contents: [Pizza[name=Pizza A, priceInPence=2300]]
PriceTotalInPence: 2400
 -- Credit card info 
CreditCardNumber: 0000000000000000
CCV: 768
ExpiryDate: 11/27
]]></system-err>
  </testcase>
  <testcase name="testCreditCardCVV3Numbers" classname="uk.ac.ed.inf.OrderValidatorTest" time="0">
    <system-err><![CDATA[
 -- Order info 
OrderValidationCode: NO_ERROR
OrderStatus: VALID_BUT_NOT_DELIVERED
OrderNo: 661D5EBC
Order Contents: [Pizza[name=Pizza A, priceInPence=2300]]
PriceTotalInPence: 2400
 -- Credit card info 
CreditCardNumber: 0000000000000000
CCV: 319
ExpiryDate: 09/24
]]></system-err>
  </testcase>
  <testcase name="testCreditCardCVV3Numbers" classname="uk.ac.ed.inf.OrderValidatorTest" time="0">
    <system-err><![CDATA[
 -- Order info 
OrderValidationCode: NO_ERROR
OrderStatus: VALID_BUT_NOT_DELIVERED
OrderNo: 786F1634
Order Contents: [Pizza[name=Pizza B, priceInPence=2400]]
PriceTotalInPence: 2500
 -- Credit card info 
CreditCardNumber: 0000000000000000
CCV: 424
ExpiryDate: 03/28
]]></system-err>
  </testcase>
  <testcase name="testCreditCardCVV3Numbers" classname="uk.ac.ed.inf.OrderValidatorTest" time="0">
    <system-err><![CDATA[
 -- Order info 
OrderValidationCode: NO_ERROR
OrderStatus: VALID_BUT_NOT_DELIVERED
OrderNo: 2828400B
Order Contents: [Pizza[name=Pizza A, priceInPence=2300]]
PriceTotalInPence: 2400
 -- Credit card info 
CreditCardNumber: 0000000000000000
CCV: 989
ExpiryDate: 06/29
]]></system-err>
  </testcase>
  <testcase name="testCreditCardCVV3Numbers" classname="uk.ac.ed.inf.OrderValidatorTest" time="0">
    <system-err><![CDATA[
 -- Order info 
OrderValidationCode: NO_ERROR
OrderStatus: VALID_BUT_NOT_DELIVERED
OrderNo: 3A1C1FC4
Order Contents: [Pizza[name=Pizza C, priceInPence=2500]]
PriceTotalInPence: 2600
 -- Credit card info 
CreditCardNumber: 0000000000000000
CCV: 028
ExpiryDate: 11/28
]]></system-err>
  </testcase>
  <testcase name="testCreditCardCVV3Numbers" classname="uk.ac.ed.inf.OrderValidatorTest" time="0">
    <system-err><![CDATA[
 -- Order info 
OrderValidationCode: NO_ERROR
OrderStatus: VALID_BUT_NOT_DELIVERED
OrderNo: 0FF7F359
Order Contents: [Pizza[name=Pizza C, priceInPence=2500]]
PriceTotalInPence: 2600
 -- Credit card info 
CreditCardNumber: 0000000000000000
CCV: 433
ExpiryDate: 06/29
]]></system-err>
  </testcase>
  <testcase name="testCreditCardCVV3Numbers" classname="uk.ac.ed.inf.OrderValidatorTest" time="0">
    <system-err><![CDATA[
 -- Order info 
OrderValidationCode: NO_ERROR
OrderStatus: VALID_BUT_NOT_DELIVERED
OrderNo: 0CC1A186
Order Contents: [Pizza[name=Pizza B, priceInPence=2400]]
PriceTotalInPence: 2500
 -- Credit card info 
CreditCardNumber: 0000000000000000
CCV: 359
ExpiryDate: 05/28
]]></system-err>
  </testcase>
  <testcase name="testCreditCardCVV3Numbers" classname="uk.ac.ed.inf.OrderValidatorTest" time="0">
    <system-err><![CDATA[
 -- Order info 
OrderValidationCode: NO_ERROR
OrderStatus: VALID_BUT_NOT_DELIVERED
OrderNo: 3FAEE7A3
Order Contents: [Pizza[name=Pizza C, priceInPence=2500]]
PriceTotalInPence: 2600
 -- Credit card info 
CreditCardNumber: 0000000000000000
CCV: 986
ExpiryDate: 08/25
]]></system-err>
  </testcase>
  <testcase name="testCreditCardCVV3Numbers" classname="uk.ac.ed.inf.OrderValidatorTest" time="0">
    <system-err><![CDATA[
 -- Order info 
OrderValidationCode: NO_ERROR
OrderStatus: VALID_BUT_NOT_DELIVERED
OrderNo: 7AC52ADE
Order Contents: [Pizza[name=Pizza A, priceInPence=2300]]
PriceTotalInPence: 2400
 -- Credit card info 
CreditCardNumber: 0000000000000000
CCV: 307
ExpiryDate: 01/27
]]></system-err>
  </testcase>
  <testcase name="testCreditCardCVV3Numbers" classname="uk.ac.ed.inf.OrderValidatorTest" time="0">
    <system-err><![CDATA[
 -- Order info 
OrderValidationCode: NO_ERROR
OrderStatus: VALID_BUT_NOT_DELIVERED
OrderNo: 0116ADD2
Order Contents: [Pizza[name=Pizza B, priceInPence=2400]]
PriceTotalInPence: 2500
 -- Credit card info 
CreditCardNumber: 0000000000000000
CCV: 603
ExpiryDate: 06/26
]]></system-err>
  </testcase>
  <testcase name="testCreditCardCVV3Numbers" classname="uk.ac.ed.inf.OrderValidatorTest" time="0">
    <system-err><![CDATA[
 -- Order info 
OrderValidationCode: NO_ERROR
OrderStatus: VALID_BUT_NOT_DELIVERED
OrderNo: 0220691E
Order Contents: [Pizza[name=Pizza A, priceInPence=2300]]
PriceTotalInPence: 2400
 -- Credit card info 
CreditCardNumber: 0000000000000000
CCV: 118
ExpiryDate: 03/29
]]></system-err>
  </testcase>
  <testcase name="testCreditCardCVV3Numbers" classname="uk.ac.ed.inf.OrderValidatorTest" time="0">
    <system-err><![CDATA[
 -- Order info 
OrderValidationCode: NO_ERROR
OrderStatus: VALID_BUT_NOT_DELIVERED
OrderNo: 60140F53
Order Contents: [Pizza[name=Pizza B, priceInPence=2400]]
PriceTotalInPence: 2500
 -- Credit card info 
CreditCardNumber: 0000000000000000
CCV: 491
ExpiryDate: 09/27
]]></system-err>
  </testcase>
  <testcase name="testCreditCardNumberValidation" classname="uk.ac.ed.inf.OrderValidatorTest" time="0">
    <system-err><![CDATA[
 -- Order info 
OrderValidationCode: CARD_NUMBER_INVALID
OrderStatus: INVALID
OrderNo: 059CAE6D
Order Contents: [Pizza[name=Pizza C, priceInPence=2500]]
PriceTotalInPence: 2600
 -- Credit card info 
CreditCardNumber: 8101035814240900
CCV: 222
ExpiryDate: 03/29
]]></system-err>
  </testcase>
  <testcase name="testCreditCardNumberValidation" classname="uk.ac.ed.inf.OrderValidatorTest" time="0">
    <system-err><![CDATA[
 -- Order info 
OrderValidationCode: CARD_NUMBER_INVALID
OrderStatus: INVALID
OrderNo: 6A040B68
Order Contents: [Pizza[name=Pizza C, priceInPence=2500]]
PriceTotalInPence: 2600
 -- Credit card info 
CreditCardNumber: 8032034005619124
CCV: 222
ExpiryDate: 07/25
]]></system-err>
  </testcase>
  <testcase name="testCreditCardNumberValidation" classname="uk.ac.ed.inf.OrderValidatorTest" time="0">
    <system-err><![CDATA[
 -- Order info 
OrderValidationCode: CARD_NUMBER_INVALID
OrderStatus: INVALID
OrderNo: 5DB30DC9
Order Contents: [Pizza[name=Pizza C, priceInPence=2500]]
PriceTotalInPence: 2600
 -- Credit card info 
CreditCardNumber: 3855495345603225
CCV: 222
ExpiryDate: 09/27
]]></system-err>
  </testcase>
  <testcase name="testCreditCardNumberValidation" classname="uk.ac.ed.inf.OrderValidatorTest" time="0">
    <system-err><![CDATA[
 -- Order info 
OrderValidationCode: CARD_NUMBER_INVALID
OrderStatus: INVALID
OrderNo: 034C8D64
Order Contents: [Pizza[name=Pizza C, priceInPence=2500]]
PriceTotalInPence: 2600
 -- Credit card info 
CreditCardNumber: 7737841120807852
CCV: 222
ExpiryDate: 08/24
]]></system-err>
  </testcase>
  <testcase name="testCreditCardNumberValidation" classname="uk.ac.ed.inf.OrderValidatorTest" time="0">
    <system-err><![CDATA[
 -- Order info 
OrderValidationCode: CARD_NUMBER_INVALID
OrderStatus: INVALID
OrderNo: 3D356EAB
Order Contents: [Pizza[name=Pizza B, priceInPence=2400]]
PriceTotalInPence: 2500
 -- Credit card info 
CreditCardNumber: 3598967532448789
CCV: 222
ExpiryDate: 10/27
]]></system-err>
  </testcase>
  <testcase name="testCreditCardNumberValidation" classname="uk.ac.ed.inf.OrderValidatorTest" time="0">
    <system-err><![CDATA[
 -- Order info 
OrderValidationCode: CARD_NUMBER_INVALID
OrderStatus: INVALID
OrderNo: 1FF7A58F
Order Contents: [Pizza[name=Pizza A, priceInPence=2300]]
PriceTotalInPence: 2400
 -- Credit card info 
CreditCardNumber: 2469253804006923
CCV: 222
ExpiryDate: 07/28
]]></system-err>
  </testcase>
  <testcase name="testCreditCardNumberValidation" classname="uk.ac.ed.inf.OrderValidatorTest" time="0">
    <system-err><![CDATA[
 -- Order info 
OrderValidationCode: CARD_NUMBER_INVALID
OrderStatus: INVALID
OrderNo: 0AA0F4F0
Order Contents: [Pizza[name=Pizza C, priceInPence=2500]]
PriceTotalInPence: 2600
 -- Credit card info 
CreditCardNumber: 7516564660567381
CCV: 222
ExpiryDate: 07/25
]]></system-err>
  </testcase>
  <testcase name="testCreditCardNumberValidation" classname="uk.ac.ed.inf.OrderValidatorTest" time="0">
    <system-err><![CDATA[
 -- Order info 
OrderValidationCode: CARD_NUMBER_INVALID
OrderStatus: INVALID
OrderNo: 65F95991
Order Contents: [Pizza[name=Pizza B, priceInPence=2400]]
PriceTotalInPence: 2500
 -- Credit card info 
CreditCardNumber: 7145052565460409
CCV: 222
ExpiryDate: 06/26
]]></system-err>
  </testcase>
  <testcase name="testCreditCardNumberValidation" classname="uk.ac.ed.inf.OrderValidatorTest" time="0">
    <system-err><![CDATA[
 -- Order info 
OrderValidationCode: CARD_NUMBER_INVALID
OrderStatus: INVALID
OrderNo: 6E3DB066
Order Contents: [Pizza[name=Pizza C, priceInPence=2500]]
PriceTotalInPence: 2600
 -- Credit card info 
CreditCardNumber: 9040000064706290
CCV: 222
ExpiryDate: 08/26
]]></system-err>
  </testcase>
  <testcase name="testCreditCardNumberValidation" classname="uk.ac.ed.inf.OrderValidatorTest" time="0">
    <system-err><![CDATA[
 -- Order info 
OrderValidationCode: CARD_NUMBER_INVALID
OrderStatus: INVALID
OrderNo: 0D3C4273
Order Contents: [Pizza[name=Pizza B, priceInPence=2400]]
PriceTotalInPence: 2500
 -- Credit card info 
CreditCardNumber: 2956699120370051
CCV: 222
ExpiryDate: 09/24
]]></system-err>
  </testcase>
  <testcase name="testCreditCardNumberValidation" classname="uk.ac.ed.inf.OrderValidatorTest" time="0">
    <error message="expected:&lt;INVALID&gt; but was:&lt;VALID_BUT_NOT_DELIVERED&gt;" type="junit.framework.AssertionFailedError"><![CDATA[junit.framework.AssertionFailedError: expected:<INVALID> but was:<VALID_BUT_NOT_DELIVERED>
	at junit.framework.Assert.fail(Assert.java:47)
	at junit.framework.Assert.failNotEquals(Assert.java:280)
	at junit.framework.Assert.assertEquals(Assert.java:64)
	at junit.framework.Assert.assertEquals(Assert.java:71)
	at uk.ac.ed.inf.OrderValidatorTest.testCreditCardNumberValidation(OrderValidatorTest.java:146)
	at java.base/java.lang.reflect.Method.invoke(Method.java:577)
	at java.base/java.util.stream.ForEachOps$ForEachOp$OfRef.accept(ForEachOps.java:183)
	at java.base/java.util.stream.ReferencePipeline$3$1.accept(ReferencePipeline.java:197)
	at java.base/java.util.stream.ReferencePipeline$2$1.accept(ReferencePipeline.java:179)
	at java.base/java.util.stream.ReferencePipeline$3$1.accept(ReferencePipeline.java:197)
	at java.base/java.util.stream.ForEachOps$ForEachOp$OfRef.accept(ForEachOps.java:183)
	at java.base/java.util.stream.ReferencePipeline$3$1.accept(ReferencePipeline.java:197)
	at java.base/java.util.stream.IntPipeline$1$1.accept(IntPipeline.java:180)
	at java.base/java.util.stream.Streams$RangeIntSpliterator.forEachRemaining(Streams.java:104)
	at java.base/java.util.Spliterator$OfInt.forEachRemaining(Spliterator.java:711)
	at java.base/java.util.stream.AbstractPipeline.copyInto(AbstractPipeline.java:509)
	at java.base/java.util.stream.AbstractPipeline.wrapAndCopyInto(AbstractPipeline.java:499)
	at java.base/java.util.stream.ForEachOps$ForEachOp.evaluateSequential(ForEachOps.java:150)
	at java.base/java.util.stream.ForEachOps$ForEachOp$OfRef.evaluateSequential(ForEachOps.java:173)
	at java.base/java.util.stream.AbstractPipeline.evaluate(AbstractPipeline.java:234)
	at java.base/java.util.stream.ReferencePipeline.forEach(ReferencePipeline.java:596)
	at java.base/java.util.stream.ReferencePipeline$7$1.accept(ReferencePipeline.java:276)
	at java.base/java.util.ArrayList$ArrayListSpliterator.forEachRemaining(ArrayList.java:1625)
	at java.base/java.util.stream.AbstractPipeline.copyInto(AbstractPipeline.java:509)
	at java.base/java.util.stream.AbstractPipeline.wrapAndCopyInto(AbstractPipeline.java:499)
	at java.base/java.util.stream.ForEachOps$ForEachOp.evaluateSequential(ForEachOps.java:150)
	at java.base/java.util.stream.ForEachOps$ForEachOp$OfRef.evaluateSequential(ForEachOps.java:173)
	at java.base/java.util.stream.AbstractPipeline.evaluate(AbstractPipeline.java:234)
	at java.base/java.util.stream.ReferencePipeline.forEach(ReferencePipeline.java:596)
	at java.base/java.util.ArrayList.forEach(ArrayList.java:1511)
	at java.base/java.util.ArrayList.forEach(ArrayList.java:1511)
]]></error>
    <system-err><![CDATA[
 -- Order info 
OrderValidationCode: NO_ERROR
OrderStatus: VALID_BUT_NOT_DELIVERED
OrderNo: 4A272261
Order Contents: [Pizza[name=Pizza A, priceInPence=2300]]
PriceTotalInPence: 2400
 -- Credit card info 
CreditCardNumber: 1171678333539603
CCV: 222
ExpiryDate: 07/26
]]></system-err>
  </testcase>
  <testcase name="testCreditCardNumberValidation" classname="uk.ac.ed.inf.OrderValidatorTest" time="0">
    <system-err><![CDATA[
 -- Order info 
OrderValidationCode: CARD_NUMBER_INVALID
OrderStatus: INVALID
OrderNo: 527F88C6
Order Contents: [Pizza[name=Pizza A, priceInPence=2300]]
PriceTotalInPence: 2400
 -- Credit card info 
CreditCardNumber: 1244082844054772
CCV: 222
ExpiryDate: 01/29
]]></system-err>
  </testcase>
  <testcase name="testCreditCardNumberValidation" classname="uk.ac.ed.inf.OrderValidatorTest" time="0">
    <system-err><![CDATA[
 -- Order info 
OrderValidationCode: CARD_NUMBER_INVALID
OrderStatus: INVALID
OrderNo: 6AFBA887
Order Contents: [Pizza[name=Pizza C, priceInPence=2500]]
PriceTotalInPence: 2600
 -- Credit card info 
CreditCardNumber: 9955358125792878
CCV: 222
ExpiryDate: 04/24
]]></system-err>
  </testcase>
  <testcase name="testCreditCardNumberValidation" classname="uk.ac.ed.inf.OrderValidatorTest" time="0">
    <system-err><![CDATA[
 -- Order info 
OrderValidationCode: CARD_NUMBER_INVALID
OrderStatus: INVALID
OrderNo: 5FEB2F64
Order Contents: [Pizza[name=Pizza B, priceInPence=2400]]
PriceTotalInPence: 2500
 -- Credit card info 
CreditCardNumber: 3280276600846408
CCV: 222
ExpiryDate: 07/28
]]></system-err>
  </testcase>
  <testcase name="testCreditCardNumberValidation" classname="uk.ac.ed.inf.OrderValidatorTest" time="0">
    <system-err><![CDATA[
 -- Order info 
OrderValidationCode: CARD_NUMBER_INVALID
OrderStatus: INVALID
OrderNo: 58E5A61B
Order Contents: [Pizza[name=Pizza C, priceInPence=2500]]
PriceTotalInPence: 2600
 -- Credit card info 
CreditCardNumber: 3751515736966261
CCV: 222
ExpiryDate: 04/29
]]></system-err>
  </testcase>
  <testcase name="testCreditCardNumberValidation" classname="uk.ac.ed.inf.OrderValidatorTest" time="0">
    <system-err><![CDATA[
 -- Order info 
OrderValidationCode: CARD_NUMBER_INVALID
OrderStatus: INVALID
OrderNo: 2ACB321D
Order Contents: [Pizza[name=Pizza B, priceInPence=2400]]
PriceTotalInPence: 2500
 -- Credit card info 
CreditCardNumber: 4881198107287963
CCV: 222
ExpiryDate: 02/28
]]></system-err>
  </testcase>
  <testcase name="testCreditCardNumberValidation" classname="uk.ac.ed.inf.OrderValidatorTest" time="0">
    <system-err><![CDATA[
 -- Order info 
OrderValidationCode: CARD_NUMBER_INVALID
OrderStatus: INVALID
OrderNo: 1D07BD39
Order Contents: [Pizza[name=Pizza C, priceInPence=2500]]
PriceTotalInPence: 2600
 -- Credit card info 
CreditCardNumber: 0078276161496897
CCV: 222
ExpiryDate: 09/26
]]></system-err>
  </testcase>
  <testcase name="testCreditCardNumberValidation" classname="uk.ac.ed.inf.OrderValidatorTest" time="0">
    <system-err><![CDATA[
 -- Order info 
OrderValidationCode: CARD_NUMBER_INVALID
OrderStatus: INVALID
OrderNo: 707C5102
Order Contents: [Pizza[name=Pizza B, priceInPence=2400]]
PriceTotalInPence: 2500
 -- Credit card info 
CreditCardNumber: 6249629596440182
CCV: 222
ExpiryDate: 09/29
]]></system-err>
  </testcase>
  <testcase name="testCreditCardNumberValidation" classname="uk.ac.ed.inf.OrderValidatorTest" time="0">
    <system-err><![CDATA[
 -- Order info 
OrderValidationCode: CARD_NUMBER_INVALID
OrderStatus: INVALID
OrderNo: 1DE25467
Order Contents: [Pizza[name=Pizza A, priceInPence=2300]]
PriceTotalInPence: 2400
 -- Credit card info 
CreditCardNumber: 1317220108658861
CCV: 222
ExpiryDate: 04/25
]]></system-err>
  </testcase>
  <testcase name="testCreditCardNumberValidation" classname="uk.ac.ed.inf.OrderValidatorTest" time="0">
    <system-err><![CDATA[
 -- Order info 
OrderValidationCode: CARD_NUMBER_INVALID
OrderStatus: INVALID
OrderNo: 35BF4EE0
Order Contents: [Pizza[name=Pizza C, priceInPence=2500]]
PriceTotalInPence: 2600
 -- Credit card info 
CreditCardNumber: 2242975391365799
CCV: 222
ExpiryDate: 01/28
]]></system-err>
  </testcase>
  <testcase name="testCreditCardNumberValidation" classname="uk.ac.ed.inf.OrderValidatorTest" time="0">
    <system-err><![CDATA[
 -- Order info 
OrderValidationCode: CARD_NUMBER_INVALID
OrderStatus: INVALID
OrderNo: 627FCFD1
Order Contents: [Pizza[name=Pizza B, priceInPence=2400]]
PriceTotalInPence: 2500
 -- Credit card info 
CreditCardNumber: 0669316088198153
CCV: 222
ExpiryDate: 01/25
]]></system-err>
  </testcase>
  <testcase name="testCreditCardNumberValidation" classname="uk.ac.ed.inf.OrderValidatorTest" time="0">
    <system-err><![CDATA[
 -- Order info 
OrderValidationCode: CARD_NUMBER_INVALID
OrderStatus: INVALID
OrderNo: 1539E96B
Order Contents: [Pizza[name=Pizza A, priceInPence=2300]]
PriceTotalInPence: 2400
 -- Credit card info 
CreditCardNumber: 3843526790690388
CCV: 222
ExpiryDate: 10/27
]]></system-err>
  </testcase>
  <testcase name="testCreditCardNumberValidation" classname="uk.ac.ed.inf.OrderValidatorTest" time="0">
    <system-err><![CDATA[
 -- Order info 
OrderValidationCode: CARD_NUMBER_INVALID
OrderStatus: INVALID
OrderNo: 2EFA6C32
Order Contents: [Pizza[name=Pizza C, priceInPence=2500]]
PriceTotalInPence: 2600
 -- Credit card info 
CreditCardNumber: 1751482110537772
CCV: 222
ExpiryDate: 11/29
]]></system-err>
  </testcase>
  <testcase name="testCreditCardNumberValidation" classname="uk.ac.ed.inf.OrderValidatorTest" time="0">
    <system-err><![CDATA[
 -- Order info 
OrderValidationCode: CARD_NUMBER_INVALID
OrderStatus: INVALID
OrderNo: 423994EF
Order Contents: [Pizza[name=Pizza C, priceInPence=2500]]
PriceTotalInPence: 2600
 -- Credit card info 
CreditCardNumber: 2032592024434476
CCV: 222
ExpiryDate: 03/28
]]></system-err>
  </testcase>
  <testcase name="testCreditCardNumberValidation" classname="uk.ac.ed.inf.OrderValidatorTest" time="0">
    <system-err><![CDATA[
 -- Order info 
OrderValidationCode: CARD_NUMBER_INVALID
OrderStatus: INVALID
OrderNo: 4A6C4CE7
Order Contents: [Pizza[name=Pizza C, priceInPence=2500]]
PriceTotalInPence: 2600
 -- Credit card info 
CreditCardNumber: 9078509370259004
CCV: 222
ExpiryDate: 06/27
]]></system-err>
  </testcase>
  <testcase name="testCreditCardNumberValidation" classname="uk.ac.ed.inf.OrderValidatorTest" time="0">
    <system-err><![CDATA[
 -- Order info 
OrderValidationCode: CARD_NUMBER_INVALID
OrderStatus: INVALID
OrderNo: 7F81CB49
Order Contents: [Pizza[name=Pizza B, priceInPence=2400]]
PriceTotalInPence: 2500
 -- Credit card info 
CreditCardNumber: 1651434056550557
CCV: 222
ExpiryDate: 04/25
]]></system-err>
  </testcase>
  <testcase name="testCreditCardNumberValidation" classname="uk.ac.ed.inf.OrderValidatorTest" time="0">
    <system-err><![CDATA[
 -- Order info 
OrderValidationCode: CARD_NUMBER_INVALID
OrderStatus: INVALID
OrderNo: 71DB907A
Order Contents: [Pizza[name=Pizza B, priceInPence=2400]]
PriceTotalInPence: 2500
 -- Credit card info 
CreditCardNumber: 3066289496051773
CCV: 222
ExpiryDate: 10/25
]]></system-err>
  </testcase>
  <testcase name="testCreditCardNumberValidation" classname="uk.ac.ed.inf.OrderValidatorTest" time="0">
    <system-err><![CDATA[
 -- Order info 
OrderValidationCode: CARD_NUMBER_INVALID
OrderStatus: INVALID
OrderNo: 38BADBEC
Order Contents: [Pizza[name=Pizza A, priceInPence=2300]]
PriceTotalInPence: 2400
 -- Credit card info 
CreditCardNumber: 9918931959390452
CCV: 222
ExpiryDate: 07/29
]]></system-err>
  </testcase>
  <testcase name="testCreditCardNumberValidation" classname="uk.ac.ed.inf.OrderValidatorTest" time="0">
    <system-err><![CDATA[
 -- Order info 
OrderValidationCode: CARD_NUMBER_INVALID
OrderStatus: INVALID
OrderNo: 30351FCE
Order Contents: [Pizza[name=Pizza C, priceInPence=2500]]
PriceTotalInPence: 2600
 -- Credit card info 
CreditCardNumber: 2264497364712891
CCV: 222
ExpiryDate: 02/25
]]></system-err>
  </testcase>
  <testcase name="testCreditCardNumberValidation" classname="uk.ac.ed.inf.OrderValidatorTest" time="0">
    <system-err><![CDATA[
 -- Order info 
OrderValidationCode: CARD_NUMBER_INVALID
OrderStatus: INVALID
OrderNo: 33EB21C8
Order Contents: [Pizza[name=Pizza A, priceInPence=2300]]
PriceTotalInPence: 2400
 -- Credit card info 
CreditCardNumber: 5532658208558844
CCV: 222
ExpiryDate: 01/26
]]></system-err>
  </testcase>
  <testcase name="testCreditCardNumberValidation" classname="uk.ac.ed.inf.OrderValidatorTest" time="0">
    <system-err><![CDATA[
 -- Order info 
OrderValidationCode: CARD_NUMBER_INVALID
OrderStatus: INVALID
OrderNo: 0B741B46
Order Contents: [Pizza[name=Pizza A, priceInPence=2300]]
PriceTotalInPence: 2400
 -- Credit card info 
CreditCardNumber: 2841380854772567
CCV: 222
ExpiryDate: 04/29
]]></system-err>
  </testcase>
  <testcase name="testCreditCardNumberValidation" classname="uk.ac.ed.inf.OrderValidatorTest" time="0">
    <system-err><![CDATA[
 -- Order info 
OrderValidationCode: CARD_NUMBER_INVALID
OrderStatus: INVALID
OrderNo: 49BFEE39
Order Contents: [Pizza[name=Pizza C, priceInPence=2500]]
PriceTotalInPence: 2600
 -- Credit card info 
CreditCardNumber: 8238895242272053
CCV: 222
ExpiryDate: 08/27
]]></system-err>
  </testcase>
  <testcase name="testCreditCardNumberValidation" classname="uk.ac.ed.inf.OrderValidatorTest" time="0">
    <system-err><![CDATA[
 -- Order info 
OrderValidationCode: CARD_NUMBER_INVALID
OrderStatus: INVALID
OrderNo: 1B6CC5CE
Order Contents: [Pizza[name=Pizza A, priceInPence=2300]]
PriceTotalInPence: 2400
 -- Credit card info 
CreditCardNumber: 4727594799728322
CCV: 222
ExpiryDate: 04/27
]]></system-err>
  </testcase>
  <testcase name="testCreditCardNumberValidation" classname="uk.ac.ed.inf.OrderValidatorTest" time="0">
    <system-err><![CDATA[
 -- Order info 
OrderValidationCode: CARD_NUMBER_INVALID
OrderStatus: INVALID
OrderNo: 52C7CF30
Order Contents: [Pizza[name=Pizza C, priceInPence=2500]]
PriceTotalInPence: 2600
 -- Credit card info 
CreditCardNumber: 1508727818599010
CCV: 222
ExpiryDate: 08/27
]]></system-err>
  </testcase>
  <testcase name="testCreditCardNumberValidation" classname="uk.ac.ed.inf.OrderValidatorTest" time="0">
    <system-err><![CDATA[
 -- Order info 
OrderValidationCode: CARD_NUMBER_INVALID
OrderStatus: INVALID
OrderNo: 158DDB60
Order Contents: [Pizza[name=Pizza A, priceInPence=2300]]
PriceTotalInPence: 2400
 -- Credit card info 
CreditCardNumber: 9821636066158951
CCV: 222
ExpiryDate: 07/27
]]></system-err>
  </testcase>
  <testcase name="testCreditCardNumberValidation" classname="uk.ac.ed.inf.OrderValidatorTest" time="0">
    <error message="expected:&lt;INVALID&gt; but was:&lt;VALID_BUT_NOT_DELIVERED&gt;" type="junit.framework.AssertionFailedError"><![CDATA[junit.framework.AssertionFailedError: expected:<INVALID> but was:<VALID_BUT_NOT_DELIVERED>
	at junit.framework.Assert.fail(Assert.java:47)
	at junit.framework.Assert.failNotEquals(Assert.java:280)
	at junit.framework.Assert.assertEquals(Assert.java:64)
	at junit.framework.Assert.assertEquals(Assert.java:71)
	at uk.ac.ed.inf.OrderValidatorTest.testCreditCardNumberValidation(OrderValidatorTest.java:146)
	at java.base/java.lang.reflect.Method.invoke(Method.java:577)
	at java.base/java.util.stream.ForEachOps$ForEachOp$OfRef.accept(ForEachOps.java:183)
	at java.base/java.util.stream.ReferencePipeline$3$1.accept(ReferencePipeline.java:197)
	at java.base/java.util.stream.ReferencePipeline$2$1.accept(ReferencePipeline.java:179)
	at java.base/java.util.stream.ReferencePipeline$3$1.accept(ReferencePipeline.java:197)
	at java.base/java.util.stream.ForEachOps$ForEachOp$OfRef.accept(ForEachOps.java:183)
	at java.base/java.util.stream.ReferencePipeline$3$1.accept(ReferencePipeline.java:197)
	at java.base/java.util.stream.IntPipeline$1$1.accept(IntPipeline.java:180)
	at java.base/java.util.stream.Streams$RangeIntSpliterator.forEachRemaining(Streams.java:104)
	at java.base/java.util.Spliterator$OfInt.forEachRemaining(Spliterator.java:711)
	at java.base/java.util.stream.AbstractPipeline.copyInto(AbstractPipeline.java:509)
	at java.base/java.util.stream.AbstractPipeline.wrapAndCopyInto(AbstractPipeline.java:499)
	at java.base/java.util.stream.ForEachOps$ForEachOp.evaluateSequential(ForEachOps.java:150)
	at java.base/java.util.stream.ForEachOps$ForEachOp$OfRef.evaluateSequential(ForEachOps.java:173)
	at java.base/java.util.stream.AbstractPipeline.evaluate(AbstractPipeline.java:234)
	at java.base/java.util.stream.ReferencePipeline.forEach(ReferencePipeline.java:596)
	at java.base/java.util.stream.ReferencePipeline$7$1.accept(ReferencePipeline.java:276)
	at java.base/java.util.ArrayList$ArrayListSpliterator.forEachRemaining(ArrayList.java:1625)
	at java.base/java.util.stream.AbstractPipeline.copyInto(AbstractPipeline.java:509)
	at java.base/java.util.stream.AbstractPipeline.wrapAndCopyInto(AbstractPipeline.java:499)
	at java.base/java.util.stream.ForEachOps$ForEachOp.evaluateSequential(ForEachOps.java:150)
	at java.base/java.util.stream.ForEachOps$ForEachOp$OfRef.evaluateSequential(ForEachOps.java:173)
	at java.base/java.util.stream.AbstractPipeline.evaluate(AbstractPipeline.java:234)
	at java.base/java.util.stream.ReferencePipeline.forEach(ReferencePipeline.java:596)
	at java.base/java.util.ArrayList.forEach(ArrayList.java:1511)
	at java.base/java.util.ArrayList.forEach(ArrayList.java:1511)
]]></error>
    <system-err><![CDATA[
 -- Order info 
OrderValidationCode: NO_ERROR
OrderStatus: VALID_BUT_NOT_DELIVERED
OrderNo: 58150904
Order Contents: [Pizza[name=Pizza A, priceInPence=2300]]
PriceTotalInPence: 2400
 -- Credit card info 
CreditCardNumber: 5329522437723337
CCV: 222
ExpiryDate: 06/27
]]></system-err>
  </testcase>
  <testcase name="testCreditCardNumberValidation" classname="uk.ac.ed.inf.OrderValidatorTest" time="0">
    <system-err><![CDATA[
 -- Order info 
OrderValidationCode: CARD_NUMBER_INVALID
OrderStatus: INVALID
OrderNo: 128910F9
Order Contents: [Pizza[name=Pizza C, priceInPence=2500]]
PriceTotalInPence: 2600
 -- Credit card info 
CreditCardNumber: 3531261872782601
CCV: 222
ExpiryDate: 01/27
]]></system-err>
  </testcase>
  <testcase name="testCreditCardNumberValidation" classname="uk.ac.ed.inf.OrderValidatorTest" time="0">
    <system-err><![CDATA[
 -- Order info 
OrderValidationCode: CARD_NUMBER_INVALID
OrderStatus: INVALID
OrderNo: 4FDFB6EE
Order Contents: [Pizza[name=Pizza B, priceInPence=2400]]
PriceTotalInPence: 2500
 -- Credit card info 
CreditCardNumber: 4204069614946353
CCV: 222
ExpiryDate: 02/27
]]></system-err>
  </testcase>
  <testcase name="testCreditCardNumberValidation" classname="uk.ac.ed.inf.OrderValidatorTest" time="0">
    <system-err><![CDATA[
 -- Order info 
OrderValidationCode: CARD_NUMBER_INVALID
OrderStatus: INVALID
OrderNo: 5B4B9063
Order Contents: [Pizza[name=Pizza B, priceInPence=2400]]
PriceTotalInPence: 2500
 -- Credit card info 
CreditCardNumber: 7240248407011475
CCV: 222
ExpiryDate: 04/28
]]></system-err>
  </testcase>
  <testcase name="testCreditCardNumberValidation" classname="uk.ac.ed.inf.OrderValidatorTest" time="0">
    <system-err><![CDATA[
 -- Order info 
OrderValidationCode: CARD_NUMBER_INVALID
OrderStatus: INVALID
OrderNo: 348A79F7
Order Contents: [Pizza[name=Pizza C, priceInPence=2500]]
PriceTotalInPence: 2600
 -- Credit card info 
CreditCardNumber: 4134066094732992
CCV: 222
ExpiryDate: 07/27
]]></system-err>
  </testcase>
  <testcase name="testCreditCardNumberValidation" classname="uk.ac.ed.inf.OrderValidatorTest" time="0">
    <system-err><![CDATA[
 -- Order info 
OrderValidationCode: CARD_NUMBER_INVALID
OrderStatus: INVALID
OrderNo: 52DC9787
Order Contents: [Pizza[name=Pizza A, priceInPence=2300]]
PriceTotalInPence: 2400
 -- Credit card info 
CreditCardNumber: 6292579006653579
CCV: 222
ExpiryDate: 10/25
]]></system-err>
  </testcase>
  <testcase name="testCreditCardNumberValidation" classname="uk.ac.ed.inf.OrderValidatorTest" time="0">
    <system-err><![CDATA[
 -- Order info 
OrderValidationCode: CARD_NUMBER_INVALID
OrderStatus: INVALID
OrderNo: 40A21C89
Order Contents: [Pizza[name=Pizza A, priceInPence=2300]]
PriceTotalInPence: 2400
 -- Credit card info 
CreditCardNumber: 7712626723118337
CCV: 222
ExpiryDate: 08/29
]]></system-err>
  </testcase>
  <testcase name="testCreditCardNumberValidation" classname="uk.ac.ed.inf.OrderValidatorTest" time="0">
    <system-err><![CDATA[
 -- Order info 
OrderValidationCode: CARD_NUMBER_INVALID
OrderStatus: INVALID
OrderNo: 7D0FE2C4
Order Contents: [Pizza[name=Pizza B, priceInPence=2400]]
PriceTotalInPence: 2500
 -- Credit card info 
CreditCardNumber: 5760391636683516
CCV: 222
ExpiryDate: 02/26
]]></system-err>
  </testcase>
  <testcase name="testCreditCardNumberValidation" classname="uk.ac.ed.inf.OrderValidatorTest" time="0">
    <error message="expected:&lt;INVALID&gt; but was:&lt;VALID_BUT_NOT_DELIVERED&gt;" type="junit.framework.AssertionFailedError"><![CDATA[junit.framework.AssertionFailedError: expected:<INVALID> but was:<VALID_BUT_NOT_DELIVERED>
	at junit.framework.Assert.fail(Assert.java:47)
	at junit.framework.Assert.failNotEquals(Assert.java:280)
	at junit.framework.Assert.assertEquals(Assert.java:64)
	at junit.framework.Assert.assertEquals(Assert.java:71)
	at uk.ac.ed.inf.OrderValidatorTest.testCreditCardNumberValidation(OrderValidatorTest.java:146)
	at java.base/java.lang.reflect.Method.invoke(Method.java:577)
	at java.base/java.util.stream.ForEachOps$ForEachOp$OfRef.accept(ForEachOps.java:183)
	at java.base/java.util.stream.ReferencePipeline$3$1.accept(ReferencePipeline.java:197)
	at java.base/java.util.stream.ReferencePipeline$2$1.accept(ReferencePipeline.java:179)
	at java.base/java.util.stream.ReferencePipeline$3$1.accept(ReferencePipeline.java:197)
	at java.base/java.util.stream.ForEachOps$ForEachOp$OfRef.accept(ForEachOps.java:183)
	at java.base/java.util.stream.ReferencePipeline$3$1.accept(ReferencePipeline.java:197)
	at java.base/java.util.stream.IntPipeline$1$1.accept(IntPipeline.java:180)
	at java.base/java.util.stream.Streams$RangeIntSpliterator.forEachRemaining(Streams.java:104)
	at java.base/java.util.Spliterator$OfInt.forEachRemaining(Spliterator.java:711)
	at java.base/java.util.stream.AbstractPipeline.copyInto(AbstractPipeline.java:509)
	at java.base/java.util.stream.AbstractPipeline.wrapAndCopyInto(AbstractPipeline.java:499)
	at java.base/java.util.stream.ForEachOps$ForEachOp.evaluateSequential(ForEachOps.java:150)
	at java.base/java.util.stream.ForEachOps$ForEachOp$OfRef.evaluateSequential(ForEachOps.java:173)
	at java.base/java.util.stream.AbstractPipeline.evaluate(AbstractPipeline.java:234)
	at java.base/java.util.stream.ReferencePipeline.forEach(ReferencePipeline.java:596)
	at java.base/java.util.stream.ReferencePipeline$7$1.accept(ReferencePipeline.java:276)
	at java.base/java.util.ArrayList$ArrayListSpliterator.forEachRemaining(ArrayList.java:1625)
	at java.base/java.util.stream.AbstractPipeline.copyInto(AbstractPipeline.java:509)
	at java.base/java.util.stream.AbstractPipeline.wrapAndCopyInto(AbstractPipeline.java:499)
	at java.base/java.util.stream.ForEachOps$ForEachOp.evaluateSequential(ForEachOps.java:150)
	at java.base/java.util.stream.ForEachOps$ForEachOp$OfRef.evaluateSequential(ForEachOps.java:173)
	at java.base/java.util.stream.AbstractPipeline.evaluate(AbstractPipeline.java:234)
	at java.base/java.util.stream.ReferencePipeline.forEach(ReferencePipeline.java:596)
	at java.base/java.util.ArrayList.forEach(ArrayList.java:1511)
	at java.base/java.util.ArrayList.forEach(ArrayList.java:1511)
]]></error>
    <system-err><![CDATA[
 -- Order info 
OrderValidationCode: NO_ERROR
OrderStatus: VALID_BUT_NOT_DELIVERED
OrderNo: 1EFD69C6
Order Contents: [Pizza[name=Pizza A, priceInPence=2300]]
PriceTotalInPence: 2400
 -- Credit card info 
CreditCardNumber: 5142489977108169
CCV: 222
ExpiryDate: 01/28
]]></system-err>
  </testcase>
  <testcase name="testCreditCardNumberValidation" classname="uk.ac.ed.inf.OrderValidatorTest" time="0">
    <system-err><![CDATA[
 -- Order info 
OrderValidationCode: CARD_NUMBER_INVALID
OrderStatus: INVALID
OrderNo: 2D0909AD
Order Contents: [Pizza[name=Pizza A, priceInPence=2300]]
PriceTotalInPence: 2400
 -- Credit card info 
CreditCardNumber: 3559696109101298
CCV: 222
ExpiryDate: 05/26
]]></system-err>
  </testcase>
  <testcase name="testCreditCardNumberValidation" classname="uk.ac.ed.inf.OrderValidatorTest" time="0">
    <system-err><![CDATA[
 -- Order info 
OrderValidationCode: CARD_NUMBER_INVALID
OrderStatus: INVALID
OrderNo: 60F1DED8
Order Contents: [Pizza[name=Pizza B, priceInPence=2400]]
PriceTotalInPence: 2500
 -- Credit card info 
CreditCardNumber: 3061134418869807
CCV: 222
ExpiryDate: 04/24
]]></system-err>
  </testcase>
  <testcase name="testCreditCardNumberValidation" classname="uk.ac.ed.inf.OrderValidatorTest" time="0">
    <system-err><![CDATA[
 -- Order info 
OrderValidationCode: CARD_NUMBER_INVALID
OrderStatus: INVALID
OrderNo: 6740C657
Order Contents: [Pizza[name=Pizza C, priceInPence=2500]]
PriceTotalInPence: 2600
 -- Credit card info 
CreditCardNumber: 2154268276451403
CCV: 222
ExpiryDate: 01/28
]]></system-err>
  </testcase>
  <testcase name="testCreditCardNumberValidation" classname="uk.ac.ed.inf.OrderValidatorTest" time="0">
    <system-err><![CDATA[
 -- Order info 
OrderValidationCode: CARD_NUMBER_INVALID
OrderStatus: INVALID
OrderNo: 620AB795
Order Contents: [Pizza[name=Pizza B, priceInPence=2400]]
PriceTotalInPence: 2500
 -- Credit card info 
CreditCardNumber: 9612795717315918
CCV: 222
ExpiryDate: 08/29
]]></system-err>
  </testcase>
  <testcase name="testCreditCardNumberValidation" classname="uk.ac.ed.inf.OrderValidatorTest" time="0">
    <system-err><![CDATA[
 -- Order info 
OrderValidationCode: CARD_NUMBER_INVALID
OrderStatus: INVALID
OrderNo: 5D92837E
Order Contents: [Pizza[name=Pizza C, priceInPence=2500]]
PriceTotalInPence: 2600
 -- Credit card info 
CreditCardNumber: 3059709283179525
CCV: 222
ExpiryDate: 07/28
]]></system-err>
  </testcase>
  <testcase name="testCreditCardNumberValidation" classname="uk.ac.ed.inf.OrderValidatorTest" time="0">
    <system-err><![CDATA[
 -- Order info 
OrderValidationCode: CARD_NUMBER_INVALID
OrderStatus: INVALID
OrderNo: 62091831
Order Contents: [Pizza[name=Pizza A, priceInPence=2300]]
PriceTotalInPence: 2400
 -- Credit card info 
CreditCardNumber: 4626203896457587
CCV: 222
ExpiryDate: 11/24
]]></system-err>
  </testcase>
  <testcase name="testCreditCardNumberValidation" classname="uk.ac.ed.inf.OrderValidatorTest" time="0">
    <system-err><![CDATA[
 -- Order info 
OrderValidationCode: CARD_NUMBER_INVALID
OrderStatus: INVALID
OrderNo: 18005514
Order Contents: [Pizza[name=Pizza B, priceInPence=2400]]
PriceTotalInPence: 2500
 -- Credit card info 
CreditCardNumber: 5272932298298998
CCV: 222
ExpiryDate: 09/26
]]></system-err>
  </testcase>
  <testcase name="testCreditCardNumberValidation" classname="uk.ac.ed.inf.OrderValidatorTest" time="0">
    <system-err><![CDATA[
 -- Order info 
OrderValidationCode: CARD_NUMBER_INVALID
OrderStatus: INVALID
OrderNo: 490FDB83
Order Contents: [Pizza[name=Pizza B, priceInPence=2400]]
PriceTotalInPence: 2500
 -- Credit card info 
CreditCardNumber: 1132662316799626
CCV: 222
ExpiryDate: 10/24
]]></system-err>
  </testcase>
  <testcase name="testCreditCardNumberValidation" classname="uk.ac.ed.inf.OrderValidatorTest" time="0">
    <system-err><![CDATA[
 -- Order info 
OrderValidationCode: CARD_NUMBER_INVALID
OrderStatus: INVALID
OrderNo: 16E30A6F
Order Contents: [Pizza[name=Pizza C, priceInPence=2500]]
PriceTotalInPence: 2600
 -- Credit card info 
CreditCardNumber: 2468335244701937
CCV: 222
ExpiryDate: 02/28
]]></system-err>
  </testcase>
  <testcase name="testCreditCardNumberValidation" classname="uk.ac.ed.inf.OrderValidatorTest" time="0">
    <system-err><![CDATA[
 -- Order info 
OrderValidationCode: CARD_NUMBER_INVALID
OrderStatus: INVALID
OrderNo: 724E4C35
Order Contents: [Pizza[name=Pizza C, priceInPence=2500]]
PriceTotalInPence: 2600
 -- Credit card info 
CreditCardNumber: 0597746278639987
CCV: 222
ExpiryDate: 09/25
]]></system-err>
  </testcase>
  <testcase name="testCreditCardNumberValidation" classname="uk.ac.ed.inf.OrderValidatorTest" time="0">
    <system-err><![CDATA[
 -- Order info 
OrderValidationCode: CARD_NUMBER_INVALID
OrderStatus: INVALID
OrderNo: 38F84500
Order Contents: [Pizza[name=Pizza C, priceInPence=2500]]
PriceTotalInPence: 2600
 -- Credit card info 
CreditCardNumber: 5478862790550385
CCV: 222
ExpiryDate: 01/26
]]></system-err>
  </testcase>
  <testcase name="testCreditCardNumberValidation" classname="uk.ac.ed.inf.OrderValidatorTest" time="0">
    <system-err><![CDATA[
 -- Order info 
OrderValidationCode: CARD_NUMBER_INVALID
OrderStatus: INVALID
OrderNo: 3D3600C6
Order Contents: [Pizza[name=Pizza C, priceInPence=2500]]
PriceTotalInPence: 2600
 -- Credit card info 
CreditCardNumber: 6584353608102149
CCV: 222
ExpiryDate: 07/29
]]></system-err>
  </testcase>
  <testcase name="testCreditCardNumberValidation" classname="uk.ac.ed.inf.OrderValidatorTest" time="0">
    <system-err><![CDATA[
 -- Order info 
OrderValidationCode: CARD_NUMBER_INVALID
OrderStatus: INVALID
OrderNo: 1E0397C1
Order Contents: [Pizza[name=Pizza B, priceInPence=2400]]
PriceTotalInPence: 2500
 -- Credit card info 
CreditCardNumber: 3590986389902382
CCV: 222
ExpiryDate: 02/28
]]></system-err>
  </testcase>
  <testcase name="testCreditCardNumberValidation" classname="uk.ac.ed.inf.OrderValidatorTest" time="0.016">
    <error message="expected:&lt;INVALID&gt; but was:&lt;VALID_BUT_NOT_DELIVERED&gt;" type="junit.framework.AssertionFailedError"><![CDATA[junit.framework.AssertionFailedError: expected:<INVALID> but was:<VALID_BUT_NOT_DELIVERED>
	at junit.framework.Assert.fail(Assert.java:47)
	at junit.framework.Assert.failNotEquals(Assert.java:280)
	at junit.framework.Assert.assertEquals(Assert.java:64)
	at junit.framework.Assert.assertEquals(Assert.java:71)
	at uk.ac.ed.inf.OrderValidatorTest.testCreditCardNumberValidation(OrderValidatorTest.java:146)
	at java.base/java.lang.reflect.Method.invoke(Method.java:577)
	at java.base/java.util.stream.ForEachOps$ForEachOp$OfRef.accept(ForEachOps.java:183)
	at java.base/java.util.stream.ReferencePipeline$3$1.accept(ReferencePipeline.java:197)
	at java.base/java.util.stream.ReferencePipeline$2$1.accept(ReferencePipeline.java:179)
	at java.base/java.util.stream.ReferencePipeline$3$1.accept(ReferencePipeline.java:197)
	at java.base/java.util.stream.ForEachOps$ForEachOp$OfRef.accept(ForEachOps.java:183)
	at java.base/java.util.stream.ReferencePipeline$3$1.accept(ReferencePipeline.java:197)
	at java.base/java.util.stream.IntPipeline$1$1.accept(IntPipeline.java:180)
	at java.base/java.util.stream.Streams$RangeIntSpliterator.forEachRemaining(Streams.java:104)
	at java.base/java.util.Spliterator$OfInt.forEachRemaining(Spliterator.java:711)
	at java.base/java.util.stream.AbstractPipeline.copyInto(AbstractPipeline.java:509)
	at java.base/java.util.stream.AbstractPipeline.wrapAndCopyInto(AbstractPipeline.java:499)
	at java.base/java.util.stream.ForEachOps$ForEachOp.evaluateSequential(ForEachOps.java:150)
	at java.base/java.util.stream.ForEachOps$ForEachOp$OfRef.evaluateSequential(ForEachOps.java:173)
	at java.base/java.util.stream.AbstractPipeline.evaluate(AbstractPipeline.java:234)
	at java.base/java.util.stream.ReferencePipeline.forEach(ReferencePipeline.java:596)
	at java.base/java.util.stream.ReferencePipeline$7$1.accept(ReferencePipeline.java:276)
	at java.base/java.util.ArrayList$ArrayListSpliterator.forEachRemaining(ArrayList.java:1625)
	at java.base/java.util.stream.AbstractPipeline.copyInto(AbstractPipeline.java:509)
	at java.base/java.util.stream.AbstractPipeline.wrapAndCopyInto(AbstractPipeline.java:499)
	at java.base/java.util.stream.ForEachOps$ForEachOp.evaluateSequential(ForEachOps.java:150)
	at java.base/java.util.stream.ForEachOps$ForEachOp$OfRef.evaluateSequential(ForEachOps.java:173)
	at java.base/java.util.stream.AbstractPipeline.evaluate(AbstractPipeline.java:234)
	at java.base/java.util.stream.ReferencePipeline.forEach(ReferencePipeline.java:596)
	at java.base/java.util.ArrayList.forEach(ArrayList.java:1511)
	at java.base/java.util.ArrayList.forEach(ArrayList.java:1511)
]]></error>
    <system-err><![CDATA[
 -- Order info 
OrderValidationCode: NO_ERROR
OrderStatus: VALID_BUT_NOT_DELIVERED
OrderNo: 7F675E84
Order Contents: [Pizza[name=Pizza A, priceInPence=2300]]
PriceTotalInPence: 2400
 -- Credit card info 
CreditCardNumber: 8169931276112998
CCV: 222
ExpiryDate: 03/24
]]></system-err>
  </testcase>
  <testcase name="testCreditCardNumberValidation" classname="uk.ac.ed.inf.OrderValidatorTest" time="0">
    <system-err><![CDATA[
 -- Order info 
OrderValidationCode: CARD_NUMBER_INVALID
OrderStatus: INVALID
OrderNo: 4A9ED0C1
Order Contents: [Pizza[name=Pizza B, priceInPence=2400]]
PriceTotalInPence: 2500
 -- Credit card info 
CreditCardNumber: 5085245333945450
CCV: 222
ExpiryDate: 02/26
]]></system-err>
  </testcase>
  <testcase name="testCreditCardNumberValidation" classname="uk.ac.ed.inf.OrderValidatorTest" time="0">
    <system-err><![CDATA[
 -- Order info 
OrderValidationCode: CARD_NUMBER_INVALID
OrderStatus: INVALID
OrderNo: 02DA0900
Order Contents: [Pizza[name=Pizza A, priceInPence=2300]]
PriceTotalInPence: 2400
 -- Credit card info 
CreditCardNumber: 6296900074502124
CCV: 222
ExpiryDate: 07/27
]]></system-err>
  </testcase>
  <testcase name="testCreditCardNumberValidation" classname="uk.ac.ed.inf.OrderValidatorTest" time="0">
    <system-err><![CDATA[
 -- Order info 
OrderValidationCode: CARD_NUMBER_INVALID
OrderStatus: INVALID
OrderNo: 1E09734D
Order Contents: [Pizza[name=Pizza C, priceInPence=2500]]
PriceTotalInPence: 2600
 -- Credit card info 
CreditCardNumber: 0072064175724111
CCV: 222
ExpiryDate: 06/25
]]></system-err>
  </testcase>
  <testcase name="testCreditCardNumberValidation" classname="uk.ac.ed.inf.OrderValidatorTest" time="0">
    <system-err><![CDATA[
 -- Order info 
OrderValidationCode: CARD_NUMBER_INVALID
OrderStatus: INVALID
OrderNo: 0F704C3B
Order Contents: [Pizza[name=Pizza C, priceInPence=2500]]
PriceTotalInPence: 2600
 -- Credit card info 
CreditCardNumber: 6668177373994478
CCV: 222
ExpiryDate: 05/25
]]></system-err>
  </testcase>
  <testcase name="testCreditCardNumberValidation" classname="uk.ac.ed.inf.OrderValidatorTest" time="0">
    <system-err><![CDATA[
 -- Order info 
OrderValidationCode: CARD_NUMBER_INVALID
OrderStatus: INVALID
OrderNo: 7B728700
Order Contents: [Pizza[name=Pizza A, priceInPence=2300]]
PriceTotalInPence: 2400
 -- Credit card info 
CreditCardNumber: 5436387561953350
CCV: 222
ExpiryDate: 02/24
]]></system-err>
  </testcase>
  <testcase name="testCreditCardNumberValidation" classname="uk.ac.ed.inf.OrderValidatorTest" time="0">
    <system-err><![CDATA[
 -- Order info 
OrderValidationCode: CARD_NUMBER_INVALID
OrderStatus: INVALID
OrderNo: 439119CD
Order Contents: [Pizza[name=Pizza B, priceInPence=2400]]
PriceTotalInPence: 2500
 -- Credit card info 
CreditCardNumber: 7833805545787908
CCV: 222
ExpiryDate: 03/25
]]></system-err>
  </testcase>
  <testcase name="testCreditCardNumberValidation" classname="uk.ac.ed.inf.OrderValidatorTest" time="0">
    <system-err><![CDATA[
 -- Order info 
OrderValidationCode: CARD_NUMBER_INVALID
OrderStatus: INVALID
OrderNo: 725AA250
Order Contents: [Pizza[name=Pizza C, priceInPence=2500]]
PriceTotalInPence: 2600
 -- Credit card info 
CreditCardNumber: 6030713394047593
CCV: 222
ExpiryDate: 11/27
]]></system-err>
  </testcase>
  <testcase name="testCreditCardNumberValidation" classname="uk.ac.ed.inf.OrderValidatorTest" time="0">
    <system-err><![CDATA[
 -- Order info 
OrderValidationCode: CARD_NUMBER_INVALID
OrderStatus: INVALID
OrderNo: 35D3675C
Order Contents: [Pizza[name=Pizza C, priceInPence=2500]]
PriceTotalInPence: 2600
 -- Credit card info 
CreditCardNumber: 1482285206835343
CCV: 222
ExpiryDate: 05/29
]]></system-err>
  </testcase>
  <testcase name="testCreditCardNumberValidation" classname="uk.ac.ed.inf.OrderValidatorTest" time="0">
    <system-err><![CDATA[
 -- Order info 
OrderValidationCode: CARD_NUMBER_INVALID
OrderStatus: INVALID
OrderNo: 0E23BFEE
Order Contents: [Pizza[name=Pizza B, priceInPence=2400]]
PriceTotalInPence: 2500
 -- Credit card info 
CreditCardNumber: 5612754485735417
CCV: 222
ExpiryDate: 06/29
]]></system-err>
  </testcase>
  <testcase name="testCreditCardNumberValidation" classname="uk.ac.ed.inf.OrderValidatorTest" time="0">
    <system-err><![CDATA[
 -- Order info 
OrderValidationCode: CARD_NUMBER_INVALID
OrderStatus: INVALID
OrderNo: 77A4CB63
Order Contents: [Pizza[name=Pizza B, priceInPence=2400]]
PriceTotalInPence: 2500
 -- Credit card info 
CreditCardNumber: 7349475277713142
CCV: 222
ExpiryDate: 06/28
]]></system-err>
  </testcase>
  <testcase name="testCreditCardNumberValidation" classname="uk.ac.ed.inf.OrderValidatorTest" time="0">
    <system-err><![CDATA[
 -- Order info 
OrderValidationCode: CARD_NUMBER_INVALID
OrderStatus: INVALID
OrderNo: 1027C83F
Order Contents: [Pizza[name=Pizza C, priceInPence=2500]]
PriceTotalInPence: 2600
 -- Credit card info 
CreditCardNumber: 5661202916468640
CCV: 222
ExpiryDate: 09/24
]]></system-err>
  </testcase>
  <testcase name="testCreditCardNumberValidation" classname="uk.ac.ed.inf.OrderValidatorTest" time="0">
    <system-err><![CDATA[
 -- Order info 
OrderValidationCode: CARD_NUMBER_INVALID
OrderStatus: INVALID
OrderNo: 74C3E737
Order Contents: [Pizza[name=Pizza B, priceInPence=2400]]
PriceTotalInPence: 2500
 -- Credit card info 
CreditCardNumber: 2534735033642579
CCV: 222
ExpiryDate: 02/26
]]></system-err>
  </testcase>
  <testcase name="testCreditCardNumberValidation" classname="uk.ac.ed.inf.OrderValidatorTest" time="0">
    <system-err><![CDATA[
 -- Order info 
OrderValidationCode: CARD_NUMBER_INVALID
OrderStatus: INVALID
OrderNo: 7BE07595
Order Contents: [Pizza[name=Pizza C, priceInPence=2500]]
PriceTotalInPence: 2600
 -- Credit card info 
CreditCardNumber: 0866530699710834
CCV: 222
ExpiryDate: 05/25
]]></system-err>
  </testcase>
  <testcase name="testCreditCardNumberValidation" classname="uk.ac.ed.inf.OrderValidatorTest" time="0">
    <system-err><![CDATA[
 -- Order info 
OrderValidationCode: CARD_NUMBER_INVALID
OrderStatus: INVALID
OrderNo: 56B2F731
Order Contents: [Pizza[name=Pizza C, priceInPence=2500]]
PriceTotalInPence: 2600
 -- Credit card info 
CreditCardNumber: 1150731920162844
CCV: 222
ExpiryDate: 06/24
]]></system-err>
  </testcase>
  <testcase name="testCreditCardNumberValidation" classname="uk.ac.ed.inf.OrderValidatorTest" time="0">
    <system-err><![CDATA[
 -- Order info 
OrderValidationCode: CARD_NUMBER_INVALID
OrderStatus: INVALID
OrderNo: 678550AD
Order Contents: [Pizza[name=Pizza C, priceInPence=2500]]
PriceTotalInPence: 2600
 -- Credit card info 
CreditCardNumber: 8684816074699632
CCV: 222
ExpiryDate: 08/26
]]></system-err>
  </testcase>
  <testcase name="testCreditCardNumberValidation" classname="uk.ac.ed.inf.OrderValidatorTest" time="0">
    <system-err><![CDATA[
 -- Order info 
OrderValidationCode: CARD_NUMBER_INVALID
OrderStatus: INVALID
OrderNo: 1DA9BEC9
Order Contents: [Pizza[name=Pizza C, priceInPence=2500]]
PriceTotalInPence: 2600
 -- Credit card info 
CreditCardNumber: 1571517184965522
CCV: 222
ExpiryDate: 08/26
]]></system-err>
  </testcase>
  <testcase name="testCreditCardNumberValidation" classname="uk.ac.ed.inf.OrderValidatorTest" time="0">
    <system-err><![CDATA[
 -- Order info 
OrderValidationCode: CARD_NUMBER_INVALID
OrderStatus: INVALID
OrderNo: 3D456E55
Order Contents: [Pizza[name=Pizza C, priceInPence=2500]]
PriceTotalInPence: 2600
 -- Credit card info 
CreditCardNumber: 1420144510901212
CCV: 222
ExpiryDate: 05/25
]]></system-err>
  </testcase>
  <testcase name="testCreditCardNumberValidation" classname="uk.ac.ed.inf.OrderValidatorTest" time="0">
    <system-err><![CDATA[
 -- Order info 
OrderValidationCode: CARD_NUMBER_INVALID
OrderStatus: INVALID
OrderNo: 3652B43E
Order Contents: [Pizza[name=Pizza B, priceInPence=2400]]
PriceTotalInPence: 2500
 -- Credit card info 
CreditCardNumber: 2816398196723376
CCV: 222
ExpiryDate: 11/27
]]></system-err>
  </testcase>
  <testcase name="testCreditCardNumberValidation" classname="uk.ac.ed.inf.OrderValidatorTest" time="0">
    <system-err><![CDATA[
 -- Order info 
OrderValidationCode: CARD_NUMBER_INVALID
OrderStatus: INVALID
OrderNo: 1E947B84
Order Contents: [Pizza[name=Pizza B, priceInPence=2400]]
PriceTotalInPence: 2500
 -- Credit card info 
CreditCardNumber: 0076976520364345
CCV: 222
ExpiryDate: 09/24
]]></system-err>
  </testcase>
  <testcase name="testCreditCardNumberValidation" classname="uk.ac.ed.inf.OrderValidatorTest" time="0">
    <error message="expected:&lt;INVALID&gt; but was:&lt;VALID_BUT_NOT_DELIVERED&gt;" type="junit.framework.AssertionFailedError"><![CDATA[junit.framework.AssertionFailedError: expected:<INVALID> but was:<VALID_BUT_NOT_DELIVERED>
	at junit.framework.Assert.fail(Assert.java:47)
	at junit.framework.Assert.failNotEquals(Assert.java:280)
	at junit.framework.Assert.assertEquals(Assert.java:64)
	at junit.framework.Assert.assertEquals(Assert.java:71)
	at uk.ac.ed.inf.OrderValidatorTest.testCreditCardNumberValidation(OrderValidatorTest.java:146)
	at java.base/java.lang.reflect.Method.invoke(Method.java:577)
	at java.base/java.util.stream.ForEachOps$ForEachOp$OfRef.accept(ForEachOps.java:183)
	at java.base/java.util.stream.ReferencePipeline$3$1.accept(ReferencePipeline.java:197)
	at java.base/java.util.stream.ReferencePipeline$2$1.accept(ReferencePipeline.java:179)
	at java.base/java.util.stream.ReferencePipeline$3$1.accept(ReferencePipeline.java:197)
	at java.base/java.util.stream.ForEachOps$ForEachOp$OfRef.accept(ForEachOps.java:183)
	at java.base/java.util.stream.ReferencePipeline$3$1.accept(ReferencePipeline.java:197)
	at java.base/java.util.stream.IntPipeline$1$1.accept(IntPipeline.java:180)
	at java.base/java.util.stream.Streams$RangeIntSpliterator.forEachRemaining(Streams.java:104)
	at java.base/java.util.Spliterator$OfInt.forEachRemaining(Spliterator.java:711)
	at java.base/java.util.stream.AbstractPipeline.copyInto(AbstractPipeline.java:509)
	at java.base/java.util.stream.AbstractPipeline.wrapAndCopyInto(AbstractPipeline.java:499)
	at java.base/java.util.stream.ForEachOps$ForEachOp.evaluateSequential(ForEachOps.java:150)
	at java.base/java.util.stream.ForEachOps$ForEachOp$OfRef.evaluateSequential(ForEachOps.java:173)
	at java.base/java.util.stream.AbstractPipeline.evaluate(AbstractPipeline.java:234)
	at java.base/java.util.stream.ReferencePipeline.forEach(ReferencePipeline.java:596)
	at java.base/java.util.stream.ReferencePipeline$7$1.accept(ReferencePipeline.java:276)
	at java.base/java.util.ArrayList$ArrayListSpliterator.forEachRemaining(ArrayList.java:1625)
	at java.base/java.util.stream.AbstractPipeline.copyInto(AbstractPipeline.java:509)
	at java.base/java.util.stream.AbstractPipeline.wrapAndCopyInto(AbstractPipeline.java:499)
	at java.base/java.util.stream.ForEachOps$ForEachOp.evaluateSequential(ForEachOps.java:150)
	at java.base/java.util.stream.ForEachOps$ForEachOp$OfRef.evaluateSequential(ForEachOps.java:173)
	at java.base/java.util.stream.AbstractPipeline.evaluate(AbstractPipeline.java:234)
	at java.base/java.util.stream.ReferencePipeline.forEach(ReferencePipeline.java:596)
	at java.base/java.util.ArrayList.forEach(ArrayList.java:1511)
	at java.base/java.util.ArrayList.forEach(ArrayList.java:1511)
]]></error>
    <system-err><![CDATA[
 -- Order info 
OrderValidationCode: NO_ERROR
OrderStatus: VALID_BUT_NOT_DELIVERED
OrderNo: 78ECDB8F
Order Contents: [Pizza[name=Pizza C, priceInPence=2500]]
PriceTotalInPence: 2600
 -- Credit card info 
CreditCardNumber: 0061107089131980
CCV: 222
ExpiryDate: 11/25
]]></system-err>
  </testcase>
  <testcase name="testCreditCardNumberValidation" classname="uk.ac.ed.inf.OrderValidatorTest" time="0">
    <system-err><![CDATA[
 -- Order info 
OrderValidationCode: CARD_NUMBER_INVALID
OrderStatus: INVALID
OrderNo: 6DDB34AE
Order Contents: [Pizza[name=Pizza C, priceInPence=2500]]
PriceTotalInPence: 2600
 -- Credit card info 
CreditCardNumber: 0339511456964717
CCV: 222
ExpiryDate: 04/26
]]></system-err>
  </testcase>
  <testcase name="testCreditCardNumberValidation" classname="uk.ac.ed.inf.OrderValidatorTest" time="0">
    <system-err><![CDATA[
 -- Order info 
OrderValidationCode: CARD_NUMBER_INVALID
OrderStatus: INVALID
OrderNo: 1FD74905
Order Contents: [Pizza[name=Pizza C, priceInPence=2500]]
PriceTotalInPence: 2600
 -- Credit card info 
CreditCardNumber: 9006089979835588
CCV: 222
ExpiryDate: 11/27
]]></system-err>
  </testcase>
  <testcase name="testCreditCardNumberValidation" classname="uk.ac.ed.inf.OrderValidatorTest" time="0">
    <system-err><![CDATA[
 -- Order info 
OrderValidationCode: CARD_NUMBER_INVALID
OrderStatus: INVALID
OrderNo: 3683C4B5
Order Contents: [Pizza[name=Pizza A, priceInPence=2300]]
PriceTotalInPence: 2400
 -- Credit card info 
CreditCardNumber: 3360095948141045
CCV: 222
ExpiryDate: 03/28
]]></system-err>
  </testcase>
  <testcase name="testCreditCardNumberValidation" classname="uk.ac.ed.inf.OrderValidatorTest" time="0">
    <system-err><![CDATA[
 -- Order info 
OrderValidationCode: CARD_NUMBER_INVALID
OrderStatus: INVALID
OrderNo: 52678189
Order Contents: [Pizza[name=Pizza A, priceInPence=2300]]
PriceTotalInPence: 2400
 -- Credit card info 
CreditCardNumber: 7397935561991735
CCV: 222
ExpiryDate: 07/29
]]></system-err>
  </testcase>
  <testcase name="testCreditCardNumberValidation" classname="uk.ac.ed.inf.OrderValidatorTest" time="0">
    <system-err><![CDATA[
 -- Order info 
OrderValidationCode: CARD_NUMBER_INVALID
OrderStatus: INVALID
OrderNo: 6359DF58
Order Contents: [Pizza[name=Pizza B, priceInPence=2400]]
PriceTotalInPence: 2500
 -- Credit card info 
CreditCardNumber: 0528611486949029
CCV: 222
ExpiryDate: 01/24
]]></system-err>
  </testcase>
  <testcase name="testCreditCardNumberValidation" classname="uk.ac.ed.inf.OrderValidatorTest" time="0">
    <system-err><![CDATA[
 -- Order info 
OrderValidationCode: CARD_NUMBER_INVALID
OrderStatus: INVALID
OrderNo: 2ED14429
Order Contents: [Pizza[name=Pizza B, priceInPence=2400]]
PriceTotalInPence: 2500
 -- Credit card info 
CreditCardNumber: 9242009259847954
CCV: 222
ExpiryDate: 06/28
]]></system-err>
  </testcase>
  <testcase name="testCreditCardNumberValidation" classname="uk.ac.ed.inf.OrderValidatorTest" time="0">
    <system-err><![CDATA[
 -- Order info 
OrderValidationCode: CARD_NUMBER_INVALID
OrderStatus: INVALID
OrderNo: 56A063AC
Order Contents: [Pizza[name=Pizza A, priceInPence=2300]]
PriceTotalInPence: 2400
 -- Credit card info 
CreditCardNumber: 0119512774203404
CCV: 222
ExpiryDate: 03/26
]]></system-err>
  </testcase>
  <testcase name="testCreditCardNumberValidation" classname="uk.ac.ed.inf.OrderValidatorTest" time="0">
    <error message="expected:&lt;INVALID&gt; but was:&lt;VALID_BUT_NOT_DELIVERED&gt;" type="junit.framework.AssertionFailedError"><![CDATA[junit.framework.AssertionFailedError: expected:<INVALID> but was:<VALID_BUT_NOT_DELIVERED>
	at junit.framework.Assert.fail(Assert.java:47)
	at junit.framework.Assert.failNotEquals(Assert.java:280)
	at junit.framework.Assert.assertEquals(Assert.java:64)
	at junit.framework.Assert.assertEquals(Assert.java:71)
	at uk.ac.ed.inf.OrderValidatorTest.testCreditCardNumberValidation(OrderValidatorTest.java:146)
	at java.base/java.lang.reflect.Method.invoke(Method.java:577)
	at java.base/java.util.stream.ForEachOps$ForEachOp$OfRef.accept(ForEachOps.java:183)
	at java.base/java.util.stream.ReferencePipeline$3$1.accept(ReferencePipeline.java:197)
	at java.base/java.util.stream.ReferencePipeline$2$1.accept(ReferencePipeline.java:179)
	at java.base/java.util.stream.ReferencePipeline$3$1.accept(ReferencePipeline.java:197)
	at java.base/java.util.stream.ForEachOps$ForEachOp$OfRef.accept(ForEachOps.java:183)
	at java.base/java.util.stream.ReferencePipeline$3$1.accept(ReferencePipeline.java:197)
	at java.base/java.util.stream.IntPipeline$1$1.accept(IntPipeline.java:180)
	at java.base/java.util.stream.Streams$RangeIntSpliterator.forEachRemaining(Streams.java:104)
	at java.base/java.util.Spliterator$OfInt.forEachRemaining(Spliterator.java:711)
	at java.base/java.util.stream.AbstractPipeline.copyInto(AbstractPipeline.java:509)
	at java.base/java.util.stream.AbstractPipeline.wrapAndCopyInto(AbstractPipeline.java:499)
	at java.base/java.util.stream.ForEachOps$ForEachOp.evaluateSequential(ForEachOps.java:150)
	at java.base/java.util.stream.ForEachOps$ForEachOp$OfRef.evaluateSequential(ForEachOps.java:173)
	at java.base/java.util.stream.AbstractPipeline.evaluate(AbstractPipeline.java:234)
	at java.base/java.util.stream.ReferencePipeline.forEach(ReferencePipeline.java:596)
	at java.base/java.util.stream.ReferencePipeline$7$1.accept(ReferencePipeline.java:276)
	at java.base/java.util.ArrayList$ArrayListSpliterator.forEachRemaining(ArrayList.java:1625)
	at java.base/java.util.stream.AbstractPipeline.copyInto(AbstractPipeline.java:509)
	at java.base/java.util.stream.AbstractPipeline.wrapAndCopyInto(AbstractPipeline.java:499)
	at java.base/java.util.stream.ForEachOps$ForEachOp.evaluateSequential(ForEachOps.java:150)
	at java.base/java.util.stream.ForEachOps$ForEachOp$OfRef.evaluateSequential(ForEachOps.java:173)
	at java.base/java.util.stream.AbstractPipeline.evaluate(AbstractPipeline.java:234)
	at java.base/java.util.stream.ReferencePipeline.forEach(ReferencePipeline.java:596)
	at java.base/java.util.ArrayList.forEach(ArrayList.java:1511)
	at java.base/java.util.ArrayList.forEach(ArrayList.java:1511)
]]></error>
    <system-err><![CDATA[
 -- Order info 
OrderValidationCode: NO_ERROR
OrderStatus: VALID_BUT_NOT_DELIVERED
OrderNo: 3BF3271E
Order Contents: [Pizza[name=Pizza B, priceInPence=2400]]
PriceTotalInPence: 2500
 -- Credit card info 
CreditCardNumber: 1635016660040954
CCV: 222
ExpiryDate: 10/26
]]></system-err>
  </testcase>
  <testcase name="testCreditCardNumberValidation" classname="uk.ac.ed.inf.OrderValidatorTest" time="0">
    <system-err><![CDATA[
 -- Order info 
OrderValidationCode: CARD_NUMBER_INVALID
OrderStatus: INVALID
OrderNo: 0935FB5A
Order Contents: [Pizza[name=Pizza B, priceInPence=2400]]
PriceTotalInPence: 2500
 -- Credit card info 
CreditCardNumber: 9592965125513197
CCV: 222
ExpiryDate: 08/29
]]></system-err>
  </testcase>
  <testcase name="testCreditCardNumberValidation" classname="uk.ac.ed.inf.OrderValidatorTest" time="0">
    <error message="expected:&lt;INVALID&gt; but was:&lt;VALID_BUT_NOT_DELIVERED&gt;" type="junit.framework.AssertionFailedError"><![CDATA[junit.framework.AssertionFailedError: expected:<INVALID> but was:<VALID_BUT_NOT_DELIVERED>
	at junit.framework.Assert.fail(Assert.java:47)
	at junit.framework.Assert.failNotEquals(Assert.java:280)
	at junit.framework.Assert.assertEquals(Assert.java:64)
	at junit.framework.Assert.assertEquals(Assert.java:71)
	at uk.ac.ed.inf.OrderValidatorTest.testCreditCardNumberValidation(OrderValidatorTest.java:146)
	at java.base/java.lang.reflect.Method.invoke(Method.java:577)
	at java.base/java.util.stream.ForEachOps$ForEachOp$OfRef.accept(ForEachOps.java:183)
	at java.base/java.util.stream.ReferencePipeline$3$1.accept(ReferencePipeline.java:197)
	at java.base/java.util.stream.ReferencePipeline$2$1.accept(ReferencePipeline.java:179)
	at java.base/java.util.stream.ReferencePipeline$3$1.accept(ReferencePipeline.java:197)
	at java.base/java.util.stream.ForEachOps$ForEachOp$OfRef.accept(ForEachOps.java:183)
	at java.base/java.util.stream.ReferencePipeline$3$1.accept(ReferencePipeline.java:197)
	at java.base/java.util.stream.IntPipeline$1$1.accept(IntPipeline.java:180)
	at java.base/java.util.stream.Streams$RangeIntSpliterator.forEachRemaining(Streams.java:104)
	at java.base/java.util.Spliterator$OfInt.forEachRemaining(Spliterator.java:711)
	at java.base/java.util.stream.AbstractPipeline.copyInto(AbstractPipeline.java:509)
	at java.base/java.util.stream.AbstractPipeline.wrapAndCopyInto(AbstractPipeline.java:499)
	at java.base/java.util.stream.ForEachOps$ForEachOp.evaluateSequential(ForEachOps.java:150)
	at java.base/java.util.stream.ForEachOps$ForEachOp$OfRef.evaluateSequential(ForEachOps.java:173)
	at java.base/java.util.stream.AbstractPipeline.evaluate(AbstractPipeline.java:234)
	at java.base/java.util.stream.ReferencePipeline.forEach(ReferencePipeline.java:596)
	at java.base/java.util.stream.ReferencePipeline$7$1.accept(ReferencePipeline.java:276)
	at java.base/java.util.ArrayList$ArrayListSpliterator.forEachRemaining(ArrayList.java:1625)
	at java.base/java.util.stream.AbstractPipeline.copyInto(AbstractPipeline.java:509)
	at java.base/java.util.stream.AbstractPipeline.wrapAndCopyInto(AbstractPipeline.java:499)
	at java.base/java.util.stream.ForEachOps$ForEachOp.evaluateSequential(ForEachOps.java:150)
	at java.base/java.util.stream.ForEachOps$ForEachOp$OfRef.evaluateSequential(ForEachOps.java:173)
	at java.base/java.util.stream.AbstractPipeline.evaluate(AbstractPipeline.java:234)
	at java.base/java.util.stream.ReferencePipeline.forEach(ReferencePipeline.java:596)
	at java.base/java.util.ArrayList.forEach(ArrayList.java:1511)
	at java.base/java.util.ArrayList.forEach(ArrayList.java:1511)
]]></error>
    <system-err><![CDATA[
 -- Order info 
OrderValidationCode: NO_ERROR
OrderStatus: VALID_BUT_NOT_DELIVERED
OrderNo: 4D6E70D7
Order Contents: [Pizza[name=Pizza C, priceInPence=2500]]
PriceTotalInPence: 2600
 -- Credit card info 
CreditCardNumber: 0373891922906129
CCV: 222
ExpiryDate: 07/25
]]></system-err>
  </testcase>
  <testcase name="testCreditCardNumberValidation" classname="uk.ac.ed.inf.OrderValidatorTest" time="0">
    <system-err><![CDATA[
 -- Order info 
OrderValidationCode: CARD_NUMBER_INVALID
OrderStatus: INVALID
OrderNo: 02C3E284
Order Contents: [Pizza[name=Pizza A, priceInPence=2300]]
PriceTotalInPence: 2400
 -- Credit card info 
CreditCardNumber: 8041945907941986
CCV: 222
ExpiryDate: 04/24
]]></system-err>
  </testcase>
  <testcase name="testCreditCardNumberValidation" classname="uk.ac.ed.inf.OrderValidatorTest" time="0">
    <system-err><![CDATA[
 -- Order info 
OrderValidationCode: CARD_NUMBER_INVALID
OrderStatus: INVALID
OrderNo: 2CB3FFA5
Order Contents: [Pizza[name=Pizza B, priceInPence=2400]]
PriceTotalInPence: 2500
 -- Credit card info 
CreditCardNumber: 8320516288607161
CCV: 222
ExpiryDate: 10/28
]]></system-err>
  </testcase>
  <testcase name="testCreditCardNumberValidation" classname="uk.ac.ed.inf.OrderValidatorTest" time="0">
    <system-err><![CDATA[
 -- Order info 
OrderValidationCode: CARD_NUMBER_INVALID
OrderStatus: INVALID
OrderNo: 75A6AEAD
Order Contents: [Pizza[name=Pizza C, priceInPence=2500]]
PriceTotalInPence: 2600
 -- Credit card info 
CreditCardNumber: 7450112067657456
CCV: 222
ExpiryDate: 06/26
]]></system-err>
  </testcase>
  <testcase name="testCreditCardNumberValidation" classname="uk.ac.ed.inf.OrderValidatorTest" time="0">
    <system-err><![CDATA[
 -- Order info 
OrderValidationCode: CARD_NUMBER_INVALID
OrderStatus: INVALID
OrderNo: 4FE71F48
Order Contents: [Pizza[name=Pizza B, priceInPence=2400]]
PriceTotalInPence: 2500
 -- Credit card info 
CreditCardNumber: 3541649955499509
CCV: 222
ExpiryDate: 08/28
]]></system-err>
  </testcase>
  <testcase name="testCreditCardNumberValidation" classname="uk.ac.ed.inf.OrderValidatorTest" time="0">
    <system-err><![CDATA[
 -- Order info 
OrderValidationCode: CARD_NUMBER_INVALID
OrderStatus: INVALID
OrderNo: 17A86AF0
Order Contents: [Pizza[name=Pizza B, priceInPence=2400]]
PriceTotalInPence: 2500
 -- Credit card info 
CreditCardNumber: 6270120802028399
CCV: 222
ExpiryDate: 04/25
]]></system-err>
  </testcase>
  <testcase name="testCreditCardNumberValidation" classname="uk.ac.ed.inf.OrderValidatorTest" time="0">
    <error message="expected:&lt;INVALID&gt; but was:&lt;VALID_BUT_NOT_DELIVERED&gt;" type="junit.framework.AssertionFailedError"><![CDATA[junit.framework.AssertionFailedError: expected:<INVALID> but was:<VALID_BUT_NOT_DELIVERED>
	at junit.framework.Assert.fail(Assert.java:47)
	at junit.framework.Assert.failNotEquals(Assert.java:280)
	at junit.framework.Assert.assertEquals(Assert.java:64)
	at junit.framework.Assert.assertEquals(Assert.java:71)
	at uk.ac.ed.inf.OrderValidatorTest.testCreditCardNumberValidation(OrderValidatorTest.java:146)
	at java.base/java.lang.reflect.Method.invoke(Method.java:577)
	at java.base/java.util.stream.ForEachOps$ForEachOp$OfRef.accept(ForEachOps.java:183)
	at java.base/java.util.stream.ReferencePipeline$3$1.accept(ReferencePipeline.java:197)
	at java.base/java.util.stream.ReferencePipeline$2$1.accept(ReferencePipeline.java:179)
	at java.base/java.util.stream.ReferencePipeline$3$1.accept(ReferencePipeline.java:197)
	at java.base/java.util.stream.ForEachOps$ForEachOp$OfRef.accept(ForEachOps.java:183)
	at java.base/java.util.stream.ReferencePipeline$3$1.accept(ReferencePipeline.java:197)
	at java.base/java.util.stream.IntPipeline$1$1.accept(IntPipeline.java:180)
	at java.base/java.util.stream.Streams$RangeIntSpliterator.forEachRemaining(Streams.java:104)
	at java.base/java.util.Spliterator$OfInt.forEachRemaining(Spliterator.java:711)
	at java.base/java.util.stream.AbstractPipeline.copyInto(AbstractPipeline.java:509)
	at java.base/java.util.stream.AbstractPipeline.wrapAndCopyInto(AbstractPipeline.java:499)
	at java.base/java.util.stream.ForEachOps$ForEachOp.evaluateSequential(ForEachOps.java:150)
	at java.base/java.util.stream.ForEachOps$ForEachOp$OfRef.evaluateSequential(ForEachOps.java:173)
	at java.base/java.util.stream.AbstractPipeline.evaluate(AbstractPipeline.java:234)
	at java.base/java.util.stream.ReferencePipeline.forEach(ReferencePipeline.java:596)
	at java.base/java.util.stream.ReferencePipeline$7$1.accept(ReferencePipeline.java:276)
	at java.base/java.util.ArrayList$ArrayListSpliterator.forEachRemaining(ArrayList.java:1625)
	at java.base/java.util.stream.AbstractPipeline.copyInto(AbstractPipeline.java:509)
	at java.base/java.util.stream.AbstractPipeline.wrapAndCopyInto(AbstractPipeline.java:499)
	at java.base/java.util.stream.ForEachOps$ForEachOp.evaluateSequential(ForEachOps.java:150)
	at java.base/java.util.stream.ForEachOps$ForEachOp$OfRef.evaluateSequential(ForEachOps.java:173)
	at java.base/java.util.stream.AbstractPipeline.evaluate(AbstractPipeline.java:234)
	at java.base/java.util.stream.ReferencePipeline.forEach(ReferencePipeline.java:596)
	at java.base/java.util.ArrayList.forEach(ArrayList.java:1511)
	at java.base/java.util.ArrayList.forEach(ArrayList.java:1511)
]]></error>
    <system-err><![CDATA[
 -- Order info 
OrderValidationCode: NO_ERROR
OrderStatus: VALID_BUT_NOT_DELIVERED
OrderNo: 348ABC05
Order Contents: [Pizza[name=Pizza A, priceInPence=2300]]
PriceTotalInPence: 2400
 -- Credit card info 
CreditCardNumber: 1517360737547739
CCV: 222
ExpiryDate: 08/27
]]></system-err>
  </testcase>
  <testcase name="testCreditCardNumberValidation" classname="uk.ac.ed.inf.OrderValidatorTest" time="0">
    <system-err><![CDATA[
 -- Order info 
OrderValidationCode: CARD_NUMBER_INVALID
OrderStatus: INVALID
OrderNo: 4F82C31F
Order Contents: [Pizza[name=Pizza A, priceInPence=2300]]
PriceTotalInPence: 2400
 -- Credit card info 
CreditCardNumber: 6207502453389787
CCV: 222
ExpiryDate: 01/27
]]></system-err>
  </testcase>
  <testcase name="testCreditCardNumberValidation" classname="uk.ac.ed.inf.OrderValidatorTest" time="0">
    <system-err><![CDATA[
 -- Order info 
OrderValidationCode: CARD_NUMBER_INVALID
OrderStatus: INVALID
OrderNo: 5A87659C
Order Contents: [Pizza[name=Pizza B, priceInPence=2400]]
PriceTotalInPence: 2500
 -- Credit card info 
CreditCardNumber: 2244468302528193
CCV: 222
ExpiryDate: 07/24
]]></system-err>
  </testcase>
  <testcase name="testCreditCardNumberValidation" classname="uk.ac.ed.inf.OrderValidatorTest" time="0">
    <system-err><![CDATA[
 -- Order info 
OrderValidationCode: CARD_NUMBER_INVALID
OrderStatus: INVALID
OrderNo: 53092BC8
Order Contents: [Pizza[name=Pizza B, priceInPence=2400]]
PriceTotalInPence: 2500
 -- Credit card info 
CreditCardNumber: 0342709686392494
CCV: 222
ExpiryDate: 09/26
]]></system-err>
  </testcase>
  <testcase name="testCreditCardNumberValidation" classname="uk.ac.ed.inf.OrderValidatorTest" time="0">
    <system-err><![CDATA[
 -- Order info 
OrderValidationCode: CARD_NUMBER_INVALID
OrderStatus: INVALID
OrderNo: 7483DDA6
Order Contents: [Pizza[name=Pizza B, priceInPence=2400]]
PriceTotalInPence: 2500
 -- Credit card info 
CreditCardNumber: 5376126554471602
CCV: 222
ExpiryDate: 11/24
]]></system-err>
  </testcase>
  <testcase name="testCreditCardNumberValidation" classname="uk.ac.ed.inf.OrderValidatorTest" time="0">
    <error message="expected:&lt;INVALID&gt; but was:&lt;VALID_BUT_NOT_DELIVERED&gt;" type="junit.framework.AssertionFailedError"><![CDATA[junit.framework.AssertionFailedError: expected:<INVALID> but was:<VALID_BUT_NOT_DELIVERED>
	at junit.framework.Assert.fail(Assert.java:47)
	at junit.framework.Assert.failNotEquals(Assert.java:280)
	at junit.framework.Assert.assertEquals(Assert.java:64)
	at junit.framework.Assert.assertEquals(Assert.java:71)
	at uk.ac.ed.inf.OrderValidatorTest.testCreditCardNumberValidation(OrderValidatorTest.java:146)
	at java.base/java.lang.reflect.Method.invoke(Method.java:577)
	at java.base/java.util.stream.ForEachOps$ForEachOp$OfRef.accept(ForEachOps.java:183)
	at java.base/java.util.stream.ReferencePipeline$3$1.accept(ReferencePipeline.java:197)
	at java.base/java.util.stream.ReferencePipeline$2$1.accept(ReferencePipeline.java:179)
	at java.base/java.util.stream.ReferencePipeline$3$1.accept(ReferencePipeline.java:197)
	at java.base/java.util.stream.ForEachOps$ForEachOp$OfRef.accept(ForEachOps.java:183)
	at java.base/java.util.stream.ReferencePipeline$3$1.accept(ReferencePipeline.java:197)
	at java.base/java.util.stream.IntPipeline$1$1.accept(IntPipeline.java:180)
	at java.base/java.util.stream.Streams$RangeIntSpliterator.forEachRemaining(Streams.java:104)
	at java.base/java.util.Spliterator$OfInt.forEachRemaining(Spliterator.java:711)
	at java.base/java.util.stream.AbstractPipeline.copyInto(AbstractPipeline.java:509)
	at java.base/java.util.stream.AbstractPipeline.wrapAndCopyInto(AbstractPipeline.java:499)
	at java.base/java.util.stream.ForEachOps$ForEachOp.evaluateSequential(ForEachOps.java:150)
	at java.base/java.util.stream.ForEachOps$ForEachOp$OfRef.evaluateSequential(ForEachOps.java:173)
	at java.base/java.util.stream.AbstractPipeline.evaluate(AbstractPipeline.java:234)
	at java.base/java.util.stream.ReferencePipeline.forEach(ReferencePipeline.java:596)
	at java.base/java.util.stream.ReferencePipeline$7$1.accept(ReferencePipeline.java:276)
	at java.base/java.util.ArrayList$ArrayListSpliterator.forEachRemaining(ArrayList.java:1625)
	at java.base/java.util.stream.AbstractPipeline.copyInto(AbstractPipeline.java:509)
	at java.base/java.util.stream.AbstractPipeline.wrapAndCopyInto(AbstractPipeline.java:499)
	at java.base/java.util.stream.ForEachOps$ForEachOp.evaluateSequential(ForEachOps.java:150)
	at java.base/java.util.stream.ForEachOps$ForEachOp$OfRef.evaluateSequential(ForEachOps.java:173)
	at java.base/java.util.stream.AbstractPipeline.evaluate(AbstractPipeline.java:234)
	at java.base/java.util.stream.ReferencePipeline.forEach(ReferencePipeline.java:596)
	at java.base/java.util.ArrayList.forEach(ArrayList.java:1511)
	at java.base/java.util.ArrayList.forEach(ArrayList.java:1511)
]]></error>
    <system-err><![CDATA[
 -- Order info 
OrderValidationCode: NO_ERROR
OrderStatus: VALID_BUT_NOT_DELIVERED
OrderNo: 5AB8DAF0
Order Contents: [Pizza[name=Pizza C, priceInPence=2500]]
PriceTotalInPence: 2600
 -- Credit card info 
CreditCardNumber: 3549373730614750
CCV: 222
ExpiryDate: 08/27
]]></system-err>
  </testcase>
  <testcase name="testCreditCardNumberValidation" classname="uk.ac.ed.inf.OrderValidatorTest" time="0">
    <system-err><![CDATA[
 -- Order info 
OrderValidationCode: CARD_NUMBER_INVALID
OrderStatus: INVALID
OrderNo: 20BCEDEE
Order Contents: [Pizza[name=Pizza A, priceInPence=2300]]
PriceTotalInPence: 2400
 -- Credit card info 
CreditCardNumber: 5338590745176932
CCV: 222
ExpiryDate: 08/27
]]></system-err>
  </testcase>
  <testcase name="testTotalPriceTwoPizzasOrderFeeTwice" classname="uk.ac.ed.inf.OrderValidatorTest" time="0">
    <system-err><![CDATA[
 -- Order info 
OrderValidationCode: TOTAL_INCORRECT
OrderStatus: INVALID
OrderNo: 557918B8
Order Contents: [Pizza[name=Pizza A, priceInPence=2300], Pizza[name=Pizza B, priceInPence=2400]]
PriceTotalInPence: -79825
 -- Credit card info 
CreditCardNumber: 0000000000000000
CCV: 222
ExpiryDate: 05/24
]]></system-err>
  </testcase>
  <testcase name="testTotalPriceTwoPizzasOrderFeeTwice" classname="uk.ac.ed.inf.OrderValidatorTest" time="0">
    <system-err><![CDATA[
 -- Order info 
OrderValidationCode: TOTAL_INCORRECT
OrderStatus: INVALID
OrderNo: 738A3338
Order Contents: [Pizza[name=Pizza A, priceInPence=2300], Pizza[name=Pizza A, priceInPence=2300]]
PriceTotalInPence: -71030
 -- Credit card info 
CreditCardNumber: 0000000000000000
CCV: 222
ExpiryDate: 10/29
]]></system-err>
  </testcase>
  <testcase name="testTotalPriceTwoPizzasOrderFeeTwice" classname="uk.ac.ed.inf.OrderValidatorTest" time="0">
    <system-err><![CDATA[
 -- Order info 
OrderValidationCode: TOTAL_INCORRECT
OrderStatus: INVALID
OrderNo: 1271D33A
Order Contents: [Pizza[name=Pizza B, priceInPence=2400], Pizza[name=Pizza C, priceInPence=2500]]
PriceTotalInPence: -97478
 -- Credit card info 
CreditCardNumber: 0000000000000000
CCV: 222
ExpiryDate: 05/26
]]></system-err>
  </testcase>
  <testcase name="testTotalPriceTwoPizzasOrderFeeTwice" classname="uk.ac.ed.inf.OrderValidatorTest" time="0">
    <system-err><![CDATA[
 -- Order info 
OrderValidationCode: TOTAL_INCORRECT
OrderStatus: INVALID
OrderNo: 0403AC7A
Order Contents: [Pizza[name=Pizza C, priceInPence=2500], Pizza[name=Pizza B, priceInPence=2400]]
PriceTotalInPence: -5196
 -- Credit card info 
CreditCardNumber: 0000000000000000
CCV: 222
ExpiryDate: 01/24
]]></system-err>
  </testcase>
  <testcase name="testTotalPriceTwoPizzasOrderFeeTwice" classname="uk.ac.ed.inf.OrderValidatorTest" time="0">
    <system-err><![CDATA[
 -- Order info 
OrderValidationCode: TOTAL_INCORRECT
OrderStatus: INVALID
OrderNo: 37A37D9B
Order Contents: [Pizza[name=Pizza B, priceInPence=2400], Pizza[name=Pizza B, priceInPence=2400]]
PriceTotalInPence: -40457
 -- Credit card info 
CreditCardNumber: 0000000000000000
CCV: 222
ExpiryDate: 02/28
]]></system-err>
  </testcase>
  <testcase name="testTotalPriceTwoPizzasOrderFeeTwice" classname="uk.ac.ed.inf.OrderValidatorTest" time="0">
    <system-err><![CDATA[
 -- Order info 
OrderValidationCode: TOTAL_INCORRECT
OrderStatus: INVALID
OrderNo: 5E1DDCD6
Order Contents: [Pizza[name=Pizza A, priceInPence=2300], Pizza[name=Pizza A, priceInPence=2300]]
PriceTotalInPence: -22984
 -- Credit card info 
CreditCardNumber: 0000000000000000
CCV: 222
ExpiryDate: 01/24
]]></system-err>
  </testcase>
  <testcase name="testTotalPriceTwoPizzasOrderFeeTwice" classname="uk.ac.ed.inf.OrderValidatorTest" time="0">
    <system-err><![CDATA[
 -- Order info 
OrderValidationCode: TOTAL_INCORRECT
OrderStatus: INVALID
OrderNo: 20AB2CD5
Order Contents: [Pizza[name=Pizza C, priceInPence=2500], Pizza[name=Pizza C, priceInPence=2500]]
PriceTotalInPence: -63946
 -- Credit card info 
CreditCardNumber: 0000000000000000
CCV: 222
ExpiryDate: 08/27
]]></system-err>
  </testcase>
  <testcase name="testTotalPriceTwoPizzasOrderFeeTwice" classname="uk.ac.ed.inf.OrderValidatorTest" time="0">
    <system-err><![CDATA[
 -- Order info 
OrderValidationCode: TOTAL_INCORRECT
OrderStatus: INVALID
OrderNo: 4B7AE048
Order Contents: [Pizza[name=Pizza C, priceInPence=2500], Pizza[name=Pizza B, priceInPence=2400]]
PriceTotalInPence: -96919
 -- Credit card info 
CreditCardNumber: 0000000000000000
CCV: 222
ExpiryDate: 06/28
]]></system-err>
  </testcase>
  <testcase name="testTotalPriceTwoPizzasOrderFeeTwice" classname="uk.ac.ed.inf.OrderValidatorTest" time="0">
    <system-err><![CDATA[
 -- Order info 
OrderValidationCode: TOTAL_INCORRECT
OrderStatus: INVALID
OrderNo: 69445F73
Order Contents: [Pizza[name=Pizza A, priceInPence=2300], Pizza[name=Pizza A, priceInPence=2300]]
PriceTotalInPence: -19741
 -- Credit card info 
CreditCardNumber: 0000000000000000
CCV: 222
ExpiryDate: 09/25
]]></system-err>
  </testcase>
  <testcase name="testTotalPriceTwoPizzasOrderFeeTwice" classname="uk.ac.ed.inf.OrderValidatorTest" time="0">
    <system-err><![CDATA[
 -- Order info 
OrderValidationCode: TOTAL_INCORRECT
OrderStatus: INVALID
OrderNo: 791FB857
Order Contents: [Pizza[name=Pizza B, priceInPence=2400], Pizza[name=Pizza A, priceInPence=2300]]
PriceTotalInPence: -86917
 -- Credit card info 
CreditCardNumber: 0000000000000000
CCV: 222
ExpiryDate: 06/28
]]></system-err>
  </testcase>
  <testcase name="testTotalPriceTwoPizzasOrderFeeTwice" classname="uk.ac.ed.inf.OrderValidatorTest" time="0">
    <system-err><![CDATA[
 -- Order info 
OrderValidationCode: TOTAL_INCORRECT
OrderStatus: INVALID
OrderNo: 6308D1EF
Order Contents: [Pizza[name=Pizza A, priceInPence=2300], Pizza[name=Pizza A, priceInPence=2300]]
PriceTotalInPence: -74070
 -- Credit card info 
CreditCardNumber: 0000000000000000
CCV: 222
ExpiryDate: 11/27
]]></system-err>
  </testcase>
  <testcase name="testTotalPriceTwoPizzasOrderFeeTwice" classname="uk.ac.ed.inf.OrderValidatorTest" time="0">
    <system-err><![CDATA[
 -- Order info 
OrderValidationCode: TOTAL_INCORRECT
OrderStatus: INVALID
OrderNo: 3810C026
Order Contents: [Pizza[name=Pizza A, priceInPence=2300], Pizza[name=Pizza B, priceInPence=2400]]
PriceTotalInPence: -59714
 -- Credit card info 
CreditCardNumber: 0000000000000000
CCV: 222
ExpiryDate: 02/24
]]></system-err>
  </testcase>
  <testcase name="testTotalPriceTwoPizzasOrderFeeTwice" classname="uk.ac.ed.inf.OrderValidatorTest" time="0">
    <system-err><![CDATA[
 -- Order info 
OrderValidationCode: TOTAL_INCORRECT
OrderStatus: INVALID
OrderNo: 43F9FDDB
Order Contents: [Pizza[name=Pizza C, priceInPence=2500], Pizza[name=Pizza B, priceInPence=2400]]
PriceTotalInPence: -14668
 -- Credit card info 
CreditCardNumber: 0000000000000000
CCV: 222
ExpiryDate: 10/27
]]></system-err>
  </testcase>
  <testcase name="testTotalPriceTwoPizzasOrderFeeTwice" classname="uk.ac.ed.inf.OrderValidatorTest" time="0">
    <system-err><![CDATA[
 -- Order info 
OrderValidationCode: TOTAL_INCORRECT
OrderStatus: INVALID
OrderNo: 7A2EB6EF
Order Contents: [Pizza[name=Pizza C, priceInPence=2500], Pizza[name=Pizza A, priceInPence=2300]]
PriceTotalInPence: -89639
 -- Credit card info 
CreditCardNumber: 0000000000000000
CCV: 222
ExpiryDate: 05/25
]]></system-err>
  </testcase>
  <testcase name="testTotalPriceTwoPizzasOrderFeeTwice" classname="uk.ac.ed.inf.OrderValidatorTest" time="0">
    <system-err><![CDATA[
 -- Order info 
OrderValidationCode: TOTAL_INCORRECT
OrderStatus: INVALID
OrderNo: 0D050782
Order Contents: [Pizza[name=Pizza B, priceInPence=2400], Pizza[name=Pizza A, priceInPence=2300]]
PriceTotalInPence: -29311
 -- Credit card info 
CreditCardNumber: 0000000000000000
CCV: 222
ExpiryDate: 01/26
]]></system-err>
  </testcase>
  <testcase name="testTotalPriceTwoPizzasOrderFeeTwice" classname="uk.ac.ed.inf.OrderValidatorTest" time="0">
    <system-err><![CDATA[
 -- Order info 
OrderValidationCode: TOTAL_INCORRECT
OrderStatus: INVALID
OrderNo: 09BB3AE1
Order Contents: [Pizza[name=Pizza A, priceInPence=2300], Pizza[name=Pizza C, priceInPence=2500]]
PriceTotalInPence: -13947
 -- Credit card info 
CreditCardNumber: 0000000000000000
CCV: 222
ExpiryDate: 03/27
]]></system-err>
  </testcase>
  <testcase name="testTotalPriceTwoPizzasOrderFeeTwice" classname="uk.ac.ed.inf.OrderValidatorTest" time="0">
    <system-err><![CDATA[
 -- Order info 
OrderValidationCode: TOTAL_INCORRECT
OrderStatus: INVALID
OrderNo: 19B35742
Order Contents: [Pizza[name=Pizza C, priceInPence=2500], Pizza[name=Pizza B, priceInPence=2400]]
PriceTotalInPence: -2832
 -- Credit card info 
CreditCardNumber: 0000000000000000
CCV: 222
ExpiryDate: 11/28
]]></system-err>
  </testcase>
  <testcase name="testTotalPriceTwoPizzasOrderFeeTwice" classname="uk.ac.ed.inf.OrderValidatorTest" time="0">
    <system-err><![CDATA[
 -- Order info 
OrderValidationCode: TOTAL_INCORRECT
OrderStatus: INVALID
OrderNo: 683A5241
Order Contents: [Pizza[name=Pizza B, priceInPence=2400], Pizza[name=Pizza C, priceInPence=2500]]
PriceTotalInPence: -73772
 -- Credit card info 
CreditCardNumber: 0000000000000000
CCV: 222
ExpiryDate: 04/25
]]></system-err>
  </testcase>
  <testcase name="testTotalPriceTwoPizzasOrderFeeTwice" classname="uk.ac.ed.inf.OrderValidatorTest" time="0">
    <system-err><![CDATA[
 -- Order info 
OrderValidationCode: TOTAL_INCORRECT
OrderStatus: INVALID
OrderNo: 13F13E6D
Order Contents: [Pizza[name=Pizza B, priceInPence=2400], Pizza[name=Pizza B, priceInPence=2400]]
PriceTotalInPence: -83135
 -- Credit card info 
CreditCardNumber: 0000000000000000
CCV: 222
ExpiryDate: 06/27
]]></system-err>
  </testcase>
  <testcase name="testTotalPriceTwoPizzasOrderFeeTwice" classname="uk.ac.ed.inf.OrderValidatorTest" time="0">
    <system-err><![CDATA[
 -- Order info 
OrderValidationCode: TOTAL_INCORRECT
OrderStatus: INVALID
OrderNo: 62D4D662
Order Contents: [Pizza[name=Pizza A, priceInPence=2300], Pizza[name=Pizza A, priceInPence=2300]]
PriceTotalInPence: -98507
 -- Credit card info 
CreditCardNumber: 0000000000000000
CCV: 222
ExpiryDate: 03/27
]]></system-err>
  </testcase>
  <testcase name="testTotalPriceTwoPizzasOrderFeeTwice" classname="uk.ac.ed.inf.OrderValidatorTest" time="0">
    <system-err><![CDATA[
 -- Order info 
OrderValidationCode: TOTAL_INCORRECT
OrderStatus: INVALID
OrderNo: 582CE5F7
Order Contents: [Pizza[name=Pizza B, priceInPence=2400], Pizza[name=Pizza A, priceInPence=2300]]
PriceTotalInPence: -90120
 -- Credit card info 
CreditCardNumber: 0000000000000000
CCV: 222
ExpiryDate: 06/24
]]></system-err>
  </testcase>
  <testcase name="testTotalPriceTwoPizzasOrderFeeTwice" classname="uk.ac.ed.inf.OrderValidatorTest" time="0">
    <system-err><![CDATA[
 -- Order info 
OrderValidationCode: TOTAL_INCORRECT
OrderStatus: INVALID
OrderNo: 3684094A
Order Contents: [Pizza[name=Pizza B, priceInPence=2400], Pizza[name=Pizza C, priceInPence=2500]]
PriceTotalInPence: -77954
 -- Credit card info 
CreditCardNumber: 0000000000000000
CCV: 222
ExpiryDate: 11/26
]]></system-err>
  </testcase>
  <testcase name="testTotalPriceTwoPizzasOrderFeeTwice" classname="uk.ac.ed.inf.OrderValidatorTest" time="0">
    <system-err><![CDATA[
 -- Order info 
OrderValidationCode: TOTAL_INCORRECT
OrderStatus: INVALID
OrderNo: 29C4FE30
Order Contents: [Pizza[name=Pizza A, priceInPence=2300], Pizza[name=Pizza C, priceInPence=2500]]
PriceTotalInPence: -46381
 -- Credit card info 
CreditCardNumber: 0000000000000000
CCV: 222
ExpiryDate: 10/25
]]></system-err>
  </testcase>
  <testcase name="testTotalPriceTwoPizzasOrderFeeTwice" classname="uk.ac.ed.inf.OrderValidatorTest" time="0">
    <system-err><![CDATA[
 -- Order info 
OrderValidationCode: TOTAL_INCORRECT
OrderStatus: INVALID
OrderNo: 73483743
Order Contents: [Pizza[name=Pizza C, priceInPence=2500], Pizza[name=Pizza A, priceInPence=2300]]
PriceTotalInPence: -3386
 -- Credit card info 
CreditCardNumber: 0000000000000000
CCV: 222
ExpiryDate: 02/29
]]></system-err>
  </testcase>
  <testcase name="testTotalPriceTwoPizzasOrderFeeTwice" classname="uk.ac.ed.inf.OrderValidatorTest" time="0">
    <system-err><![CDATA[
 -- Order info 
OrderValidationCode: TOTAL_INCORRECT
OrderStatus: INVALID
OrderNo: 29C7FC8A
Order Contents: [Pizza[name=Pizza B, priceInPence=2400], Pizza[name=Pizza B, priceInPence=2400]]
PriceTotalInPence: -75779
 -- Credit card info 
CreditCardNumber: 0000000000000000
CCV: 222
ExpiryDate: 07/29
]]></system-err>
  </testcase>
  <testcase name="testTotalPriceTwoPizzasOrderFeeTwice" classname="uk.ac.ed.inf.OrderValidatorTest" time="0">
    <system-err><![CDATA[
 -- Order info 
OrderValidationCode: TOTAL_INCORRECT
OrderStatus: INVALID
OrderNo: 6F7CB9E3
Order Contents: [Pizza[name=Pizza B, priceInPence=2400], Pizza[name=Pizza C, priceInPence=2500]]
PriceTotalInPence: -65628
 -- Credit card info 
CreditCardNumber: 0000000000000000
CCV: 222
ExpiryDate: 04/29
]]></system-err>
  </testcase>
  <testcase name="testTotalPriceTwoPizzasOrderFeeTwice" classname="uk.ac.ed.inf.OrderValidatorTest" time="0">
    <system-err><![CDATA[
 -- Order info 
OrderValidationCode: TOTAL_INCORRECT
OrderStatus: INVALID
OrderNo: 6C942370
Order Contents: [Pizza[name=Pizza B, priceInPence=2400], Pizza[name=Pizza A, priceInPence=2300]]
PriceTotalInPence: -60856
 -- Credit card info 
CreditCardNumber: 0000000000000000
CCV: 222
ExpiryDate: 09/29
]]></system-err>
  </testcase>
  <testcase name="testTotalPriceTwoPizzasOrderFeeTwice" classname="uk.ac.ed.inf.OrderValidatorTest" time="0">
    <system-err><![CDATA[
 -- Order info 
OrderValidationCode: TOTAL_INCORRECT
OrderStatus: INVALID
OrderNo: 694F6BED
Order Contents: [Pizza[name=Pizza C, priceInPence=2500], Pizza[name=Pizza C, priceInPence=2500]]
PriceTotalInPence: -77970
 -- Credit card info 
CreditCardNumber: 0000000000000000
CCV: 222
ExpiryDate: 04/24
]]></system-err>
  </testcase>
  <testcase name="testTotalPriceTwoPizzasOrderFeeTwice" classname="uk.ac.ed.inf.OrderValidatorTest" time="0">
    <system-err><![CDATA[
 -- Order info 
OrderValidationCode: TOTAL_INCORRECT
OrderStatus: INVALID
OrderNo: 68DFB743
Order Contents: [Pizza[name=Pizza C, priceInPence=2500], Pizza[name=Pizza A, priceInPence=2300]]
PriceTotalInPence: -53222
 -- Credit card info 
CreditCardNumber: 0000000000000000
CCV: 222
ExpiryDate: 08/25
]]></system-err>
  </testcase>
  <testcase name="testTotalPriceTwoPizzasOrderFeeTwice" classname="uk.ac.ed.inf.OrderValidatorTest" time="0">
    <system-err><![CDATA[
 -- Order info 
OrderValidationCode: TOTAL_INCORRECT
OrderStatus: INVALID
OrderNo: 71C4AE52
Order Contents: [Pizza[name=Pizza B, priceInPence=2400], Pizza[name=Pizza C, priceInPence=2500]]
PriceTotalInPence: -64932
 -- Credit card info 
CreditCardNumber: 0000000000000000
CCV: 222
ExpiryDate: 02/24
]]></system-err>
  </testcase>
  <testcase name="testTotalPriceTwoPizzasOrderFeeTwice" classname="uk.ac.ed.inf.OrderValidatorTest" time="0">
    <system-err><![CDATA[
 -- Order info 
OrderValidationCode: TOTAL_INCORRECT
OrderStatus: INVALID
OrderNo: 7D84E607
Order Contents: [Pizza[name=Pizza C, priceInPence=2500], Pizza[name=Pizza C, priceInPence=2500]]
PriceTotalInPence: -43264
 -- Credit card info 
CreditCardNumber: 0000000000000000
CCV: 222
ExpiryDate: 05/24
]]></system-err>
  </testcase>
  <testcase name="testTotalPriceTwoPizzasOrderFeeTwice" classname="uk.ac.ed.inf.OrderValidatorTest" time="0">
    <system-err><![CDATA[
 -- Order info 
OrderValidationCode: TOTAL_INCORRECT
OrderStatus: INVALID
OrderNo: 26C32303
Order Contents: [Pizza[name=Pizza B, priceInPence=2400], Pizza[name=Pizza B, priceInPence=2400]]
PriceTotalInPence: -55073
 -- Credit card info 
CreditCardNumber: 0000000000000000
CCV: 222
ExpiryDate: 03/28
]]></system-err>
  </testcase>
  <testcase name="testTotalPriceTwoPizzasOrderFeeTwice" classname="uk.ac.ed.inf.OrderValidatorTest" time="0">
    <system-err><![CDATA[
 -- Order info 
OrderValidationCode: TOTAL_INCORRECT
OrderStatus: INVALID
OrderNo: 633643EC
Order Contents: [Pizza[name=Pizza C, priceInPence=2500], Pizza[name=Pizza C, priceInPence=2500]]
PriceTotalInPence: -39003
 -- Credit card info 
CreditCardNumber: 0000000000000000
CCV: 222
ExpiryDate: 04/24
]]></system-err>
  </testcase>
  <testcase name="testTotalPriceTwoPizzasOrderFeeTwice" classname="uk.ac.ed.inf.OrderValidatorTest" time="0.016">
    <system-err><![CDATA[
 -- Order info 
OrderValidationCode: TOTAL_INCORRECT
OrderStatus: INVALID
OrderNo: 0DF9D9B2
Order Contents: [Pizza[name=Pizza A, priceInPence=2300], Pizza[name=Pizza B, priceInPence=2400]]
PriceTotalInPence: -55148
 -- Credit card info 
CreditCardNumber: 0000000000000000
CCV: 222
ExpiryDate: 03/28
]]></system-err>
  </testcase>
  <testcase name="testTotalPriceTwoPizzasOrderFeeTwice" classname="uk.ac.ed.inf.OrderValidatorTest" time="0">
    <system-err><![CDATA[
 -- Order info 
OrderValidationCode: TOTAL_INCORRECT
OrderStatus: INVALID
OrderNo: 70086334
Order Contents: [Pizza[name=Pizza C, priceInPence=2500], Pizza[name=Pizza A, priceInPence=2300]]
PriceTotalInPence: -36051
 -- Credit card info 
CreditCardNumber: 0000000000000000
CCV: 222
ExpiryDate: 04/24
]]></system-err>
  </testcase>
  <testcase name="testTotalPriceTwoPizzasOrderFeeTwice" classname="uk.ac.ed.inf.OrderValidatorTest" time="0">
    <system-err><![CDATA[
 -- Order info 
OrderValidationCode: TOTAL_INCORRECT
OrderStatus: INVALID
OrderNo: 12426E2D
Order Contents: [Pizza[name=Pizza A, priceInPence=2300], Pizza[name=Pizza C, priceInPence=2500]]
PriceTotalInPence: -8986
 -- Credit card info 
CreditCardNumber: 0000000000000000
CCV: 222
ExpiryDate: 01/27
]]></system-err>
  </testcase>
  <testcase name="testTotalPriceTwoPizzasOrderFeeTwice" classname="uk.ac.ed.inf.OrderValidatorTest" time="0">
    <system-err><![CDATA[
 -- Order info 
OrderValidationCode: TOTAL_INCORRECT
OrderStatus: INVALID
OrderNo: 5996A41D
Order Contents: [Pizza[name=Pizza C, priceInPence=2500], Pizza[name=Pizza A, priceInPence=2300]]
PriceTotalInPence: -29817
 -- Credit card info 
CreditCardNumber: 0000000000000000
CCV: 222
ExpiryDate: 09/27
]]></system-err>
  </testcase>
  <testcase name="testTotalPriceTwoPizzasOrderFeeTwice" classname="uk.ac.ed.inf.OrderValidatorTest" time="0">
    <system-err><![CDATA[
 -- Order info 
OrderValidationCode: TOTAL_INCORRECT
OrderStatus: INVALID
OrderNo: 11CDA8B2
Order Contents: [Pizza[name=Pizza B, priceInPence=2400], Pizza[name=Pizza C, priceInPence=2500]]
PriceTotalInPence: -11552
 -- Credit card info 
CreditCardNumber: 0000000000000000
CCV: 222
ExpiryDate: 03/26
]]></system-err>
  </testcase>
  <testcase name="testTotalPriceTwoPizzasOrderFeeTwice" classname="uk.ac.ed.inf.OrderValidatorTest" time="0">
    <system-err><![CDATA[
 -- Order info 
OrderValidationCode: TOTAL_INCORRECT
OrderStatus: INVALID
OrderNo: 50FD6A08
Order Contents: [Pizza[name=Pizza C, priceInPence=2500], Pizza[name=Pizza B, priceInPence=2400]]
PriceTotalInPence: -49732
 -- Credit card info 
CreditCardNumber: 0000000000000000
CCV: 222
ExpiryDate: 06/25
]]></system-err>
  </testcase>
  <testcase name="testTotalPriceTwoPizzasOrderFeeTwice" classname="uk.ac.ed.inf.OrderValidatorTest" time="0">
    <system-err><![CDATA[
 -- Order info 
OrderValidationCode: TOTAL_INCORRECT
OrderStatus: INVALID
OrderNo: 6806F63B
Order Contents: [Pizza[name=Pizza A, priceInPence=2300], Pizza[name=Pizza B, priceInPence=2400]]
PriceTotalInPence: -58166
 -- Credit card info 
CreditCardNumber: 0000000000000000
CCV: 222
ExpiryDate: 01/28
]]></system-err>
  </testcase>
  <testcase name="testTotalPriceTwoPizzasOrderFeeTwice" classname="uk.ac.ed.inf.OrderValidatorTest" time="0">
    <system-err><![CDATA[
 -- Order info 
OrderValidationCode: TOTAL_INCORRECT
OrderStatus: INVALID
OrderNo: 226CC449
Order Contents: [Pizza[name=Pizza A, priceInPence=2300], Pizza[name=Pizza C, priceInPence=2500]]
PriceTotalInPence: -52462
 -- Credit card info 
CreditCardNumber: 0000000000000000
CCV: 222
ExpiryDate: 10/24
]]></system-err>
  </testcase>
  <testcase name="testTotalPriceTwoPizzasOrderFeeTwice" classname="uk.ac.ed.inf.OrderValidatorTest" time="0">
    <system-err><![CDATA[
 -- Order info 
OrderValidationCode: TOTAL_INCORRECT
OrderStatus: INVALID
OrderNo: 50EA7FA0
Order Contents: [Pizza[name=Pizza B, priceInPence=2400], Pizza[name=Pizza A, priceInPence=2300]]
PriceTotalInPence: -47704
 -- Credit card info 
CreditCardNumber: 0000000000000000
CCV: 222
ExpiryDate: 04/27
]]></system-err>
  </testcase>
  <testcase name="testTotalPriceTwoPizzasOrderFeeTwice" classname="uk.ac.ed.inf.OrderValidatorTest" time="0">
    <system-err><![CDATA[
 -- Order info 
OrderValidationCode: TOTAL_INCORRECT
OrderStatus: INVALID
OrderNo: 2191CBA3
Order Contents: [Pizza[name=Pizza B, priceInPence=2400], Pizza[name=Pizza C, priceInPence=2500]]
PriceTotalInPence: -74756
 -- Credit card info 
CreditCardNumber: 0000000000000000
CCV: 222
ExpiryDate: 04/25
]]></system-err>
  </testcase>
  <testcase name="testTotalPriceTwoPizzasOrderFeeTwice" classname="uk.ac.ed.inf.OrderValidatorTest" time="0">
    <system-err><![CDATA[
 -- Order info 
OrderValidationCode: TOTAL_INCORRECT
OrderStatus: INVALID
OrderNo: 479B1FF7
Order Contents: [Pizza[name=Pizza C, priceInPence=2500], Pizza[name=Pizza B, priceInPence=2400]]
PriceTotalInPence: -54074
 -- Credit card info 
CreditCardNumber: 0000000000000000
CCV: 222
ExpiryDate: 11/29
]]></system-err>
  </testcase>
  <testcase name="testTotalPriceTwoPizzasOrderFeeTwice" classname="uk.ac.ed.inf.OrderValidatorTest" time="0">
    <system-err><![CDATA[
 -- Order info 
OrderValidationCode: TOTAL_INCORRECT
OrderStatus: INVALID
OrderNo: 6FFBC646
Order Contents: [Pizza[name=Pizza C, priceInPence=2500], Pizza[name=Pizza A, priceInPence=2300]]
PriceTotalInPence: -42662
 -- Credit card info 
CreditCardNumber: 0000000000000000
CCV: 222
ExpiryDate: 04/25
]]></system-err>
  </testcase>
  <testcase name="testTotalPriceTwoPizzasOrderFeeTwice" classname="uk.ac.ed.inf.OrderValidatorTest" time="0">
    <system-err><![CDATA[
 -- Order info 
OrderValidationCode: TOTAL_INCORRECT
OrderStatus: INVALID
OrderNo: 3E2C2EE4
Order Contents: [Pizza[name=Pizza C, priceInPence=2500], Pizza[name=Pizza C, priceInPence=2500]]
PriceTotalInPence: -91339
 -- Credit card info 
CreditCardNumber: 0000000000000000
CCV: 222
ExpiryDate: 09/28
]]></system-err>
  </testcase>
  <testcase name="testTotalPriceTwoPizzasOrderFeeTwice" classname="uk.ac.ed.inf.OrderValidatorTest" time="0">
    <system-err><![CDATA[
 -- Order info 
OrderValidationCode: TOTAL_INCORRECT
OrderStatus: INVALID
OrderNo: 6E10FA8F
Order Contents: [Pizza[name=Pizza A, priceInPence=2300], Pizza[name=Pizza C, priceInPence=2500]]
PriceTotalInPence: -85056
 -- Credit card info 
CreditCardNumber: 0000000000000000
CCV: 222
ExpiryDate: 01/26
]]></system-err>
  </testcase>
  <testcase name="testTotalPriceTwoPizzasOrderFeeTwice" classname="uk.ac.ed.inf.OrderValidatorTest" time="0">
    <system-err><![CDATA[
 -- Order info 
OrderValidationCode: TOTAL_INCORRECT
OrderStatus: INVALID
OrderNo: 72341A41
Order Contents: [Pizza[name=Pizza B, priceInPence=2400], Pizza[name=Pizza A, priceInPence=2300]]
PriceTotalInPence: -88724
 -- Credit card info 
CreditCardNumber: 0000000000000000
CCV: 222
ExpiryDate: 07/25
]]></system-err>
  </testcase>
  <testcase name="testTotalPriceTwoPizzasOrderFeeTwice" classname="uk.ac.ed.inf.OrderValidatorTest" time="0">
    <system-err><![CDATA[
 -- Order info 
OrderValidationCode: TOTAL_INCORRECT
OrderStatus: INVALID
OrderNo: 59435330
Order Contents: [Pizza[name=Pizza C, priceInPence=2500], Pizza[name=Pizza A, priceInPence=2300]]
PriceTotalInPence: -94141
 -- Credit card info 
CreditCardNumber: 0000000000000000
CCV: 222
ExpiryDate: 05/26
]]></system-err>
  </testcase>
  <testcase name="testTotalPriceTwoPizzasOrderFeeTwice" classname="uk.ac.ed.inf.OrderValidatorTest" time="0">
    <system-err><![CDATA[
 -- Order info 
OrderValidationCode: TOTAL_INCORRECT
OrderStatus: INVALID
OrderNo: 59E00331
Order Contents: [Pizza[name=Pizza C, priceInPence=2500], Pizza[name=Pizza B, priceInPence=2400]]
PriceTotalInPence: -44002
 -- Credit card info 
CreditCardNumber: 0000000000000000
CCV: 222
ExpiryDate: 06/29
]]></system-err>
  </testcase>
  <testcase name="testTotalPriceTwoPizzasOrderFeeTwice" classname="uk.ac.ed.inf.OrderValidatorTest" time="0">
    <system-err><![CDATA[
 -- Order info 
OrderValidationCode: TOTAL_INCORRECT
OrderStatus: INVALID
OrderNo: 2C8C4D2E
Order Contents: [Pizza[name=Pizza C, priceInPence=2500], Pizza[name=Pizza A, priceInPence=2300]]
PriceTotalInPence: -7353
 -- Credit card info 
CreditCardNumber: 0000000000000000
CCV: 222
ExpiryDate: 01/29
]]></system-err>
  </testcase>
  <testcase name="testTotalPriceTwoPizzasOrderFeeTwice" classname="uk.ac.ed.inf.OrderValidatorTest" time="0">
    <system-err><![CDATA[
 -- Order info 
OrderValidationCode: TOTAL_INCORRECT
OrderStatus: INVALID
OrderNo: 046A48B0
Order Contents: [Pizza[name=Pizza B, priceInPence=2400], Pizza[name=Pizza C, priceInPence=2500]]
PriceTotalInPence: -16384
 -- Credit card info 
CreditCardNumber: 0000000000000000
CCV: 222
ExpiryDate: 07/27
]]></system-err>
  </testcase>
  <testcase name="testTotalPriceTwoPizzasOrderFeeTwice" classname="uk.ac.ed.inf.OrderValidatorTest" time="0">
    <system-err><![CDATA[
 -- Order info 
OrderValidationCode: TOTAL_INCORRECT
OrderStatus: INVALID
OrderNo: 71CF8AF3
Order Contents: [Pizza[name=Pizza A, priceInPence=2300], Pizza[name=Pizza C, priceInPence=2500]]
PriceTotalInPence: -41822
 -- Credit card info 
CreditCardNumber: 0000000000000000
CCV: 222
ExpiryDate: 02/29
]]></system-err>
  </testcase>
  <testcase name="testTotalPriceTwoPizzasOrderFeeTwice" classname="uk.ac.ed.inf.OrderValidatorTest" time="0">
    <system-err><![CDATA[
 -- Order info 
OrderValidationCode: TOTAL_INCORRECT
OrderStatus: INVALID
OrderNo: 78ABCDBD
Order Contents: [Pizza[name=Pizza A, priceInPence=2300], Pizza[name=Pizza C, priceInPence=2500]]
PriceTotalInPence: -2405
 -- Credit card info 
CreditCardNumber: 0000000000000000
CCV: 222
ExpiryDate: 10/28
]]></system-err>
  </testcase>
  <testcase name="testTotalPriceTwoPizzasOrderFeeTwice" classname="uk.ac.ed.inf.OrderValidatorTest" time="0">
    <system-err><![CDATA[
 -- Order info 
OrderValidationCode: TOTAL_INCORRECT
OrderStatus: INVALID
OrderNo: 67AF7F59
Order Contents: [Pizza[name=Pizza A, priceInPence=2300], Pizza[name=Pizza C, priceInPence=2500]]
PriceTotalInPence: -96957
 -- Credit card info 
CreditCardNumber: 0000000000000000
CCV: 222
ExpiryDate: 05/25
]]></system-err>
  </testcase>
  <testcase name="testTotalPriceTwoPizzasOrderFeeTwice" classname="uk.ac.ed.inf.OrderValidatorTest" time="0">
    <system-err><![CDATA[
 -- Order info 
OrderValidationCode: TOTAL_INCORRECT
OrderStatus: INVALID
OrderNo: 08FA9A9A
Order Contents: [Pizza[name=Pizza A, priceInPence=2300], Pizza[name=Pizza C, priceInPence=2500]]
PriceTotalInPence: -28011
 -- Credit card info 
CreditCardNumber: 0000000000000000
CCV: 222
ExpiryDate: 09/25
]]></system-err>
  </testcase>
  <testcase name="testTotalPriceTwoPizzasOrderFeeTwice" classname="uk.ac.ed.inf.OrderValidatorTest" time="0">
    <system-err><![CDATA[
 -- Order info 
OrderValidationCode: TOTAL_INCORRECT
OrderStatus: INVALID
OrderNo: 7C8183B4
Order Contents: [Pizza[name=Pizza C, priceInPence=2500], Pizza[name=Pizza A, priceInPence=2300]]
PriceTotalInPence: -30136
 -- Credit card info 
CreditCardNumber: 0000000000000000
CCV: 222
ExpiryDate: 05/26
]]></system-err>
  </testcase>
  <testcase name="testTotalPriceTwoPizzasOrderFeeTwice" classname="uk.ac.ed.inf.OrderValidatorTest" time="0">
    <system-err><![CDATA[
 -- Order info 
OrderValidationCode: TOTAL_INCORRECT
OrderStatus: INVALID
OrderNo: 0BF74A33
Order Contents: [Pizza[name=Pizza A, priceInPence=2300], Pizza[name=Pizza A, priceInPence=2300]]
PriceTotalInPence: -42963
 -- Credit card info 
CreditCardNumber: 0000000000000000
CCV: 222
ExpiryDate: 03/25
]]></system-err>
  </testcase>
  <testcase name="testTotalPriceTwoPizzasOrderFeeTwice" classname="uk.ac.ed.inf.OrderValidatorTest" time="0">
    <system-err><![CDATA[
 -- Order info 
OrderValidationCode: TOTAL_INCORRECT
OrderStatus: INVALID
OrderNo: 31E0F13E
Order Contents: [Pizza[name=Pizza A, priceInPence=2300], Pizza[name=Pizza A, priceInPence=2300]]
PriceTotalInPence: -50465
 -- Credit card info 
CreditCardNumber: 0000000000000000
CCV: 222
ExpiryDate: 11/27
]]></system-err>
  </testcase>
  <testcase name="testTotalPriceTwoPizzasOrderFeeTwice" classname="uk.ac.ed.inf.OrderValidatorTest" time="0">
    <system-err><![CDATA[
 -- Order info 
OrderValidationCode: TOTAL_INCORRECT
OrderStatus: INVALID
OrderNo: 3AAAB444
Order Contents: [Pizza[name=Pizza C, priceInPence=2500], Pizza[name=Pizza C, priceInPence=2500]]
PriceTotalInPence: -7761
 -- Credit card info 
CreditCardNumber: 0000000000000000
CCV: 222
ExpiryDate: 10/24
]]></system-err>
  </testcase>
  <testcase name="testTotalPriceTwoPizzasOrderFeeTwice" classname="uk.ac.ed.inf.OrderValidatorTest" time="0">
    <system-err><![CDATA[
 -- Order info 
OrderValidationCode: TOTAL_INCORRECT
OrderStatus: INVALID
OrderNo: 1F2DB269
Order Contents: [Pizza[name=Pizza B, priceInPence=2400], Pizza[name=Pizza A, priceInPence=2300]]
PriceTotalInPence: -41664
 -- Credit card info 
CreditCardNumber: 0000000000000000
CCV: 222
ExpiryDate: 02/28
]]></system-err>
  </testcase>
  <testcase name="testTotalPriceTwoPizzasOrderFeeTwice" classname="uk.ac.ed.inf.OrderValidatorTest" time="0">
    <system-err><![CDATA[
 -- Order info 
OrderValidationCode: TOTAL_INCORRECT
OrderStatus: INVALID
OrderNo: 24C955C3
Order Contents: [Pizza[name=Pizza B, priceInPence=2400], Pizza[name=Pizza A, priceInPence=2300]]
PriceTotalInPence: -76816
 -- Credit card info 
CreditCardNumber: 0000000000000000
CCV: 222
ExpiryDate: 03/25
]]></system-err>
  </testcase>
  <testcase name="testTotalPriceTwoPizzasOrderFeeTwice" classname="uk.ac.ed.inf.OrderValidatorTest" time="0">
    <system-err><![CDATA[
 -- Order info 
OrderValidationCode: TOTAL_INCORRECT
OrderStatus: INVALID
OrderNo: 49ED5DCC
Order Contents: [Pizza[name=Pizza B, priceInPence=2400], Pizza[name=Pizza A, priceInPence=2300]]
PriceTotalInPence: -80606
 -- Credit card info 
CreditCardNumber: 0000000000000000
CCV: 222
ExpiryDate: 11/29
]]></system-err>
  </testcase>
  <testcase name="testTotalPriceTwoPizzasOrderFeeTwice" classname="uk.ac.ed.inf.OrderValidatorTest" time="0">
    <system-err><![CDATA[
 -- Order info 
OrderValidationCode: TOTAL_INCORRECT
OrderStatus: INVALID
OrderNo: 3213554C
Order Contents: [Pizza[name=Pizza C, priceInPence=2500], Pizza[name=Pizza C, priceInPence=2500]]
PriceTotalInPence: -94436
 -- Credit card info 
CreditCardNumber: 0000000000000000
CCV: 222
ExpiryDate: 05/27
]]></system-err>
  </testcase>
  <testcase name="testTotalPriceTwoPizzasOrderFeeTwice" classname="uk.ac.ed.inf.OrderValidatorTest" time="0">
    <system-err><![CDATA[
 -- Order info 
OrderValidationCode: TOTAL_INCORRECT
OrderStatus: INVALID
OrderNo: 72CE0D9F
Order Contents: [Pizza[name=Pizza A, priceInPence=2300], Pizza[name=Pizza B, priceInPence=2400]]
PriceTotalInPence: -47167
 -- Credit card info 
CreditCardNumber: 0000000000000000
CCV: 222
ExpiryDate: 07/28
]]></system-err>
  </testcase>
  <testcase name="testTotalPriceTwoPizzasOrderFeeTwice" classname="uk.ac.ed.inf.OrderValidatorTest" time="0">
    <system-err><![CDATA[
 -- Order info 
OrderValidationCode: TOTAL_INCORRECT
OrderStatus: INVALID
OrderNo: 3FC4F51C
Order Contents: [Pizza[name=Pizza B, priceInPence=2400], Pizza[name=Pizza A, priceInPence=2300]]
PriceTotalInPence: -38521
 -- Credit card info 
CreditCardNumber: 0000000000000000
CCV: 222
ExpiryDate: 10/29
]]></system-err>
  </testcase>
  <testcase name="testTotalPriceTwoPizzasOrderFeeTwice" classname="uk.ac.ed.inf.OrderValidatorTest" time="0">
    <system-err><![CDATA[
 -- Order info 
OrderValidationCode: TOTAL_INCORRECT
OrderStatus: INVALID
OrderNo: 2747030D
Order Contents: [Pizza[name=Pizza B, priceInPence=2400], Pizza[name=Pizza A, priceInPence=2300]]
PriceTotalInPence: -61767
 -- Credit card info 
CreditCardNumber: 0000000000000000
CCV: 222
ExpiryDate: 08/25
]]></system-err>
  </testcase>
  <testcase name="testTotalPriceTwoPizzasOrderFeeTwice" classname="uk.ac.ed.inf.OrderValidatorTest" time="0">
    <system-err><![CDATA[
 -- Order info 
OrderValidationCode: TOTAL_INCORRECT
OrderStatus: INVALID
OrderNo: 0E9BAD2D
Order Contents: [Pizza[name=Pizza B, priceInPence=2400], Pizza[name=Pizza C, priceInPence=2500]]
PriceTotalInPence: -55975
 -- Credit card info 
CreditCardNumber: 0000000000000000
CCV: 222
ExpiryDate: 08/24
]]></system-err>
  </testcase>
  <testcase name="testTotalPriceTwoPizzasOrderFeeTwice" classname="uk.ac.ed.inf.OrderValidatorTest" time="0">
    <system-err><![CDATA[
 -- Order info 
OrderValidationCode: TOTAL_INCORRECT
OrderStatus: INVALID
OrderNo: 6C86089B
Order Contents: [Pizza[name=Pizza C, priceInPence=2500], Pizza[name=Pizza C, priceInPence=2500]]
PriceTotalInPence: -53274
 -- Credit card info 
CreditCardNumber: 0000000000000000
CCV: 222
ExpiryDate: 09/25
]]></system-err>
  </testcase>
  <testcase name="testTotalPriceTwoPizzasOrderFeeTwice" classname="uk.ac.ed.inf.OrderValidatorTest" time="0">
    <system-err><![CDATA[
 -- Order info 
OrderValidationCode: TOTAL_INCORRECT
OrderStatus: INVALID
OrderNo: 4B60A1E8
Order Contents: [Pizza[name=Pizza B, priceInPence=2400], Pizza[name=Pizza A, priceInPence=2300]]
PriceTotalInPence: -40822
 -- Credit card info 
CreditCardNumber: 0000000000000000
CCV: 222
ExpiryDate: 01/28
]]></system-err>
  </testcase>
  <testcase name="testTotalPriceTwoPizzasOrderFeeTwice" classname="uk.ac.ed.inf.OrderValidatorTest" time="0">
    <system-err><![CDATA[
 -- Order info 
OrderValidationCode: TOTAL_INCORRECT
OrderStatus: INVALID
OrderNo: 25DF6BE2
Order Contents: [Pizza[name=Pizza B, priceInPence=2400], Pizza[name=Pizza C, priceInPence=2500]]
PriceTotalInPence: -64487
 -- Credit card info 
CreditCardNumber: 0000000000000000
CCV: 222
ExpiryDate: 09/25
]]></system-err>
  </testcase>
  <testcase name="testTotalPriceTwoPizzasOrderFeeTwice" classname="uk.ac.ed.inf.OrderValidatorTest" time="0">
    <system-err><![CDATA[
 -- Order info 
OrderValidationCode: TOTAL_INCORRECT
OrderStatus: INVALID
OrderNo: 35A51844
Order Contents: [Pizza[name=Pizza B, priceInPence=2400], Pizza[name=Pizza C, priceInPence=2500]]
PriceTotalInPence: -92250
 -- Credit card info 
CreditCardNumber: 0000000000000000
CCV: 222
ExpiryDate: 09/27
]]></system-err>
  </testcase>
  <testcase name="testTotalPriceTwoPizzasOrderFeeTwice" classname="uk.ac.ed.inf.OrderValidatorTest" time="0">
    <system-err><![CDATA[
 -- Order info 
OrderValidationCode: TOTAL_INCORRECT
OrderStatus: INVALID
OrderNo: 306DA79C
Order Contents: [Pizza[name=Pizza C, priceInPence=2500], Pizza[name=Pizza B, priceInPence=2400]]
PriceTotalInPence: -44573
 -- Credit card info 
CreditCardNumber: 0000000000000000
CCV: 222
ExpiryDate: 04/25
]]></system-err>
  </testcase>
  <testcase name="testTotalPriceTwoPizzasOrderFeeTwice" classname="uk.ac.ed.inf.OrderValidatorTest" time="0">
    <system-err><![CDATA[
 -- Order info 
OrderValidationCode: TOTAL_INCORRECT
OrderStatus: INVALID
OrderNo: 71A7C7C5
Order Contents: [Pizza[name=Pizza B, priceInPence=2400], Pizza[name=Pizza B, priceInPence=2400]]
PriceTotalInPence: -33002
 -- Credit card info 
CreditCardNumber: 0000000000000000
CCV: 222
ExpiryDate: 08/27
]]></system-err>
  </testcase>
  <testcase name="testTotalPriceTwoPizzasOrderFeeTwice" classname="uk.ac.ed.inf.OrderValidatorTest" time="0">
    <system-err><![CDATA[
 -- Order info 
OrderValidationCode: TOTAL_INCORRECT
OrderStatus: INVALID
OrderNo: 7BB4B3FD
Order Contents: [Pizza[name=Pizza B, priceInPence=2400], Pizza[name=Pizza B, priceInPence=2400]]
PriceTotalInPence: -9814
 -- Credit card info 
CreditCardNumber: 0000000000000000
CCV: 222
ExpiryDate: 02/27
]]></system-err>
  </testcase>
  <testcase name="testTotalPriceTwoPizzasOrderFeeTwice" classname="uk.ac.ed.inf.OrderValidatorTest" time="0">
    <system-err><![CDATA[
 -- Order info 
OrderValidationCode: TOTAL_INCORRECT
OrderStatus: INVALID
OrderNo: 2F52D024
Order Contents: [Pizza[name=Pizza A, priceInPence=2300], Pizza[name=Pizza C, priceInPence=2500]]
PriceTotalInPence: -338
 -- Credit card info 
CreditCardNumber: 0000000000000000
CCV: 222
ExpiryDate: 01/29
]]></system-err>
  </testcase>
  <testcase name="testTotalPriceTwoPizzasOrderFeeTwice" classname="uk.ac.ed.inf.OrderValidatorTest" time="0">
    <system-err><![CDATA[
 -- Order info 
OrderValidationCode: TOTAL_INCORRECT
OrderStatus: INVALID
OrderNo: 538F8ECF
Order Contents: [Pizza[name=Pizza B, priceInPence=2400], Pizza[name=Pizza C, priceInPence=2500]]
PriceTotalInPence: -17126
 -- Credit card info 
CreditCardNumber: 0000000000000000
CCV: 222
ExpiryDate: 04/26
]]></system-err>
  </testcase>
  <testcase name="testTotalPriceTwoPizzasOrderFeeTwice" classname="uk.ac.ed.inf.OrderValidatorTest" time="0">
    <system-err><![CDATA[
 -- Order info 
OrderValidationCode: TOTAL_INCORRECT
OrderStatus: INVALID
OrderNo: 0FAA13BD
Order Contents: [Pizza[name=Pizza C, priceInPence=2500], Pizza[name=Pizza A, priceInPence=2300]]
PriceTotalInPence: -1479
 -- Credit card info 
CreditCardNumber: 0000000000000000
CCV: 222
ExpiryDate: 03/26
]]></system-err>
  </testcase>
  <testcase name="testTotalPriceTwoPizzasOrderFeeTwice" classname="uk.ac.ed.inf.OrderValidatorTest" time="0">
    <system-err><![CDATA[
 -- Order info 
OrderValidationCode: TOTAL_INCORRECT
OrderStatus: INVALID
OrderNo: 7891AAC3
Order Contents: [Pizza[name=Pizza A, priceInPence=2300], Pizza[name=Pizza B, priceInPence=2400]]
PriceTotalInPence: -27800
 -- Credit card info 
CreditCardNumber: 0000000000000000
CCV: 222
ExpiryDate: 07/24
]]></system-err>
  </testcase>
  <testcase name="testTotalPriceTwoPizzasOrderFeeTwice" classname="uk.ac.ed.inf.OrderValidatorTest" time="0">
    <system-err><![CDATA[
 -- Order info 
OrderValidationCode: TOTAL_INCORRECT
OrderStatus: INVALID
OrderNo: 2B5DF147
Order Contents: [Pizza[name=Pizza B, priceInPence=2400], Pizza[name=Pizza A, priceInPence=2300]]
PriceTotalInPence: -9409
 -- Credit card info 
CreditCardNumber: 0000000000000000
CCV: 222
ExpiryDate: 03/29
]]></system-err>
  </testcase>
  <testcase name="testTotalPriceTwoPizzasOrderFeeTwice" classname="uk.ac.ed.inf.OrderValidatorTest" time="0">
    <system-err><![CDATA[
 -- Order info 
OrderValidationCode: TOTAL_INCORRECT
OrderStatus: INVALID
OrderNo: 56A3A59F
Order Contents: [Pizza[name=Pizza B, priceInPence=2400], Pizza[name=Pizza A, priceInPence=2300]]
PriceTotalInPence: -5293
 -- Credit card info 
CreditCardNumber: 0000000000000000
CCV: 222
ExpiryDate: 11/26
]]></system-err>
  </testcase>
  <testcase name="testTotalPriceTwoPizzasOrderFeeTwice" classname="uk.ac.ed.inf.OrderValidatorTest" time="0">
    <system-err><![CDATA[
 -- Order info 
OrderValidationCode: TOTAL_INCORRECT
OrderStatus: INVALID
OrderNo: 14A0152E
Order Contents: [Pizza[name=Pizza C, priceInPence=2500], Pizza[name=Pizza C, priceInPence=2500]]
PriceTotalInPence: -66144
 -- Credit card info 
CreditCardNumber: 0000000000000000
CCV: 222
ExpiryDate: 03/26
]]></system-err>
  </testcase>
  <testcase name="testTotalPriceTwoPizzasOrderFeeTwice" classname="uk.ac.ed.inf.OrderValidatorTest" time="0">
    <system-err><![CDATA[
 -- Order info 
OrderValidationCode: TOTAL_INCORRECT
OrderStatus: INVALID
OrderNo: 48FE0E99
Order Contents: [Pizza[name=Pizza C, priceInPence=2500], Pizza[name=Pizza C, priceInPence=2500]]
PriceTotalInPence: -86388
 -- Credit card info 
CreditCardNumber: 0000000000000000
CCV: 222
ExpiryDate: 05/28
]]></system-err>
  </testcase>
  <testcase name="testTotalPriceTwoPizzasOrderFeeTwice" classname="uk.ac.ed.inf.OrderValidatorTest" time="0.016">
    <system-err><![CDATA[
 -- Order info 
OrderValidationCode: TOTAL_INCORRECT
OrderStatus: INVALID
OrderNo: 5401547C
Order Contents: [Pizza[name=Pizza A, priceInPence=2300], Pizza[name=Pizza B, priceInPence=2400]]
PriceTotalInPence: -88791
 -- Credit card info 
CreditCardNumber: 0000000000000000
CCV: 222
ExpiryDate: 03/27
]]></system-err>
  </testcase>
  <testcase name="testTotalPriceTwoPizzasOrderFeeTwice" classname="uk.ac.ed.inf.OrderValidatorTest" time="0">
    <system-err><![CDATA[
 -- Order info 
OrderValidationCode: TOTAL_INCORRECT
OrderStatus: INVALID
OrderNo: 2BF17336
Order Contents: [Pizza[name=Pizza C, priceInPence=2500], Pizza[name=Pizza C, priceInPence=2500]]
PriceTotalInPence: -54159
 -- Credit card info 
CreditCardNumber: 0000000000000000
CCV: 222
ExpiryDate: 10/26
]]></system-err>
  </testcase>
  <testcase name="testTotalPriceTwoPizzasOrderFeeTwice" classname="uk.ac.ed.inf.OrderValidatorTest" time="0">
    <system-err><![CDATA[
 -- Order info 
OrderValidationCode: TOTAL_INCORRECT
OrderStatus: INVALID
OrderNo: 0FCD8864
Order Contents: [Pizza[name=Pizza C, priceInPence=2500], Pizza[name=Pizza C, priceInPence=2500]]
PriceTotalInPence: -10809
 -- Credit card info 
CreditCardNumber: 0000000000000000
CCV: 222
ExpiryDate: 06/29
]]></system-err>
  </testcase>
  <testcase name="testTotalPriceTwoPizzasOrderFeeTwice" classname="uk.ac.ed.inf.OrderValidatorTest" time="0">
    <system-err><![CDATA[
 -- Order info 
OrderValidationCode: TOTAL_INCORRECT
OrderStatus: INVALID
OrderNo: 0AC6171D
Order Contents: [Pizza[name=Pizza A, priceInPence=2300], Pizza[name=Pizza B, priceInPence=2400]]
PriceTotalInPence: -98960
 -- Credit card info 
CreditCardNumber: 0000000000000000
CCV: 222
ExpiryDate: 02/28
]]></system-err>
  </testcase>
  <testcase name="testTotalPriceTwoPizzasOrderFeeTwice" classname="uk.ac.ed.inf.OrderValidatorTest" time="0">
    <system-err><![CDATA[
 -- Order info 
OrderValidationCode: TOTAL_INCORRECT
OrderStatus: INVALID
OrderNo: 2F84B4DB
Order Contents: [Pizza[name=Pizza C, priceInPence=2500], Pizza[name=Pizza A, priceInPence=2300]]
PriceTotalInPence: -58499
 -- Credit card info 
CreditCardNumber: 0000000000000000
CCV: 222
ExpiryDate: 05/29
]]></system-err>
  </testcase>
  <testcase name="testTotalPriceTwoPizzasOrderFeeTwice" classname="uk.ac.ed.inf.OrderValidatorTest" time="0">
    <system-err><![CDATA[
 -- Order info 
OrderValidationCode: TOTAL_INCORRECT
OrderStatus: INVALID
OrderNo: 79E5FA1E
Order Contents: [Pizza[name=Pizza A, priceInPence=2300], Pizza[name=Pizza B, priceInPence=2400]]
PriceTotalInPence: -96055
 -- Credit card info 
CreditCardNumber: 0000000000000000
CCV: 222
ExpiryDate: 06/26
]]></system-err>
  </testcase>
  <testcase name="testTotalPriceTwoPizzasOrderFeeTwice" classname="uk.ac.ed.inf.OrderValidatorTest" time="0">
    <system-err><![CDATA[
 -- Order info 
OrderValidationCode: TOTAL_INCORRECT
OrderStatus: INVALID
OrderNo: 107C79A2
Order Contents: [Pizza[name=Pizza A, priceInPence=2300], Pizza[name=Pizza C, priceInPence=2500]]
PriceTotalInPence: -50715
 -- Credit card info 
CreditCardNumber: 0000000000000000
CCV: 222
ExpiryDate: 04/25
]]></system-err>
  </testcase>
  <testcase name="testTotalPriceTwoPizzasOrderFeeTwice" classname="uk.ac.ed.inf.OrderValidatorTest" time="0">
    <system-err><![CDATA[
 -- Order info 
OrderValidationCode: TOTAL_INCORRECT
OrderStatus: INVALID
OrderNo: 1DB33680
Order Contents: [Pizza[name=Pizza C, priceInPence=2500], Pizza[name=Pizza B, priceInPence=2400]]
PriceTotalInPence: -84968
 -- Credit card info 
CreditCardNumber: 0000000000000000
CCV: 222
ExpiryDate: 01/24
]]></system-err>
  </testcase>
  <testcase name="testTotalPriceTwoPizzasOrderFeeTwice" classname="uk.ac.ed.inf.OrderValidatorTest" time="0">
    <system-err><![CDATA[
 -- Order info 
OrderValidationCode: TOTAL_INCORRECT
OrderStatus: INVALID
OrderNo: 5FE73D66
Order Contents: [Pizza[name=Pizza A, priceInPence=2300], Pizza[name=Pizza C, priceInPence=2500]]
PriceTotalInPence: -50804
 -- Credit card info 
CreditCardNumber: 0000000000000000
CCV: 222
ExpiryDate: 11/24
]]></system-err>
  </testcase>
  <testcase name="testTotalPriceTwoPizzasOrderFeeTwice" classname="uk.ac.ed.inf.OrderValidatorTest" time="0">
    <system-err><![CDATA[
 -- Order info 
OrderValidationCode: TOTAL_INCORRECT
OrderStatus: INVALID
OrderNo: 343E40CD
Order Contents: [Pizza[name=Pizza B, priceInPence=2400], Pizza[name=Pizza C, priceInPence=2500]]
PriceTotalInPence: -1739
 -- Credit card info 
CreditCardNumber: 0000000000000000
CCV: 222
ExpiryDate: 03/29
]]></system-err>
  </testcase>
  <testcase name="testTotalPriceTwoPizzasOrderFeeTwice" classname="uk.ac.ed.inf.OrderValidatorTest" time="0">
    <system-err><![CDATA[
 -- Order info 
OrderValidationCode: TOTAL_INCORRECT
OrderStatus: INVALID
OrderNo: 1E5A381E
Order Contents: [Pizza[name=Pizza B, priceInPence=2400], Pizza[name=Pizza B, priceInPence=2400]]
PriceTotalInPence: -89606
 -- Credit card info 
CreditCardNumber: 0000000000000000
CCV: 222
ExpiryDate: 01/24
]]></system-err>
  </testcase>
  <testcase name="testTotalPriceTwoPizzasOrderFeeTwice" classname="uk.ac.ed.inf.OrderValidatorTest" time="0">
    <system-err><![CDATA[
 -- Order info 
OrderValidationCode: TOTAL_INCORRECT
OrderStatus: INVALID
OrderNo: 47A7E977
Order Contents: [Pizza[name=Pizza A, priceInPence=2300], Pizza[name=Pizza B, priceInPence=2400]]
PriceTotalInPence: -71404
 -- Credit card info 
CreditCardNumber: 0000000000000000
CCV: 222
ExpiryDate: 05/29
]]></system-err>
  </testcase>
  <testcase name="testTotalPriceTwoPizzasOrderFeeTwice" classname="uk.ac.ed.inf.OrderValidatorTest" time="0">
    <system-err><![CDATA[
 -- Order info 
OrderValidationCode: TOTAL_INCORRECT
OrderStatus: INVALID
OrderNo: 5365EC90
Order Contents: [Pizza[name=Pizza A, priceInPence=2300], Pizza[name=Pizza A, priceInPence=2300]]
PriceTotalInPence: -70494
 -- Credit card info 
CreditCardNumber: 0000000000000000
CCV: 222
ExpiryDate: 01/28
]]></system-err>
  </testcase>
  <testcase name="testTotalPriceTwoPizzasOrderFeeTwice" classname="uk.ac.ed.inf.OrderValidatorTest" time="0">
    <system-err><![CDATA[
 -- Order info 
OrderValidationCode: TOTAL_INCORRECT
OrderStatus: INVALID
OrderNo: 166F5E3C
Order Contents: [Pizza[name=Pizza A, priceInPence=2300], Pizza[name=Pizza A, priceInPence=2300]]
PriceTotalInPence: -71634
 -- Credit card info 
CreditCardNumber: 0000000000000000
CCV: 222
ExpiryDate: 08/27
]]></system-err>
  </testcase>
  <testcase name="testTotalPriceTwoPizzasOrderFeeTwice" classname="uk.ac.ed.inf.OrderValidatorTest" time="0">
    <system-err><![CDATA[
 -- Order info 
OrderValidationCode: TOTAL_INCORRECT
OrderStatus: INVALID
OrderNo: 4F71806B
Order Contents: [Pizza[name=Pizza B, priceInPence=2400], Pizza[name=Pizza B, priceInPence=2400]]
PriceTotalInPence: -14273
 -- Credit card info 
CreditCardNumber: 0000000000000000
CCV: 222
ExpiryDate: 09/29
]]></system-err>
  </testcase>
  <testcase name="testTotalPriceTwoPizzasOrderFeeTwice" classname="uk.ac.ed.inf.OrderValidatorTest" time="0">
    <system-err><![CDATA[
 -- Order info 
OrderValidationCode: TOTAL_INCORRECT
OrderStatus: INVALID
OrderNo: 46F92CE4
Order Contents: [Pizza[name=Pizza A, priceInPence=2300], Pizza[name=Pizza C, priceInPence=2500]]
PriceTotalInPence: -59574
 -- Credit card info 
CreditCardNumber: 0000000000000000
CCV: 222
ExpiryDate: 09/27
]]></system-err>
  </testcase>
  <testcase name="testTotalPriceTwoPizzasOrderFeeTwice" classname="uk.ac.ed.inf.OrderValidatorTest" time="0">
    <system-err><![CDATA[
 -- Order info 
OrderValidationCode: TOTAL_INCORRECT
OrderStatus: INVALID
OrderNo: 7ADDC617
Order Contents: [Pizza[name=Pizza B, priceInPence=2400], Pizza[name=Pizza A, priceInPence=2300]]
PriceTotalInPence: -72761
 -- Credit card info 
CreditCardNumber: 0000000000000000
CCV: 222
ExpiryDate: 04/29
]]></system-err>
  </testcase>
  <testcase name="test4PizzasInOneOrder" classname="uk.ac.ed.inf.OrderValidatorTest" time="0">
    <system-err><![CDATA[
 -- Order info 
OrderValidationCode: NO_ERROR
OrderStatus: VALID_BUT_NOT_DELIVERED
OrderNo: 5420C87C
Order Contents: [Pizza[name=Pizza B, priceInPence=2400], Pizza[name=Pizza A, priceInPence=2300], Pizza[name=Pizza B, priceInPence=2400], Pizza[name=Pizza B, priceInPence=2400]]
PriceTotalInPence: 9600
 -- Credit card info 
CreditCardNumber: 0000000000000000
CCV: 222
ExpiryDate: 04/27
]]></system-err>
  </testcase>
  <testcase name="test4PizzasInOneOrder" classname="uk.ac.ed.inf.OrderValidatorTest" time="0">
    <system-err><![CDATA[
 -- Order info 
OrderValidationCode: NO_ERROR
OrderStatus: VALID_BUT_NOT_DELIVERED
OrderNo: 5C3B5D03
Order Contents: [Pizza[name=Pizza A, priceInPence=2300], Pizza[name=Pizza B, priceInPence=2400], Pizza[name=Pizza A, priceInPence=2300], Pizza[name=Pizza A, priceInPence=2300]]
PriceTotalInPence: 9400
 -- Credit card info 
CreditCardNumber: 0000000000000000
CCV: 222
ExpiryDate: 08/24
]]></system-err>
  </testcase>
  <testcase name="test4PizzasInOneOrder" classname="uk.ac.ed.inf.OrderValidatorTest" time="0">
    <system-err><![CDATA[
 -- Order info 
OrderValidationCode: NO_ERROR
OrderStatus: VALID_BUT_NOT_DELIVERED
OrderNo: 61353F44
Order Contents: [Pizza[name=Pizza C, priceInPence=2500], Pizza[name=Pizza B, priceInPence=2400], Pizza[name=Pizza A, priceInPence=2300], Pizza[name=Pizza B, priceInPence=2400]]
PriceTotalInPence: 9700
 -- Credit card info 
CreditCardNumber: 0000000000000000
CCV: 222
ExpiryDate: 10/29
]]></system-err>
  </testcase>
  <testcase name="test4PizzasInOneOrder" classname="uk.ac.ed.inf.OrderValidatorTest" time="0">
    <system-err><![CDATA[
 -- Order info 
OrderValidationCode: NO_ERROR
OrderStatus: VALID_BUT_NOT_DELIVERED
OrderNo: 78C2F041
Order Contents: [Pizza[name=Pizza A, priceInPence=2300], Pizza[name=Pizza C, priceInPence=2500], Pizza[name=Pizza B, priceInPence=2400], Pizza[name=Pizza B, priceInPence=2400]]
PriceTotalInPence: 9700
 -- Credit card info 
CreditCardNumber: 0000000000000000
CCV: 222
ExpiryDate: 06/27
]]></system-err>
  </testcase>
  <testcase name="test4PizzasInOneOrder" classname="uk.ac.ed.inf.OrderValidatorTest" time="0">
    <system-err><![CDATA[
 -- Order info 
OrderValidationCode: NO_ERROR
OrderStatus: VALID_BUT_NOT_DELIVERED
OrderNo: 4C7DC77F
Order Contents: [Pizza[name=Pizza C, priceInPence=2500], Pizza[name=Pizza A, priceInPence=2300], Pizza[name=Pizza C, priceInPence=2500], Pizza[name=Pizza C, priceInPence=2500]]
PriceTotalInPence: 9900
 -- Credit card info 
CreditCardNumber: 0000000000000000
CCV: 222
ExpiryDate: 03/25
]]></system-err>
  </testcase>
  <testcase name="test4PizzasInOneOrder" classname="uk.ac.ed.inf.OrderValidatorTest" time="0">
    <system-err><![CDATA[
 -- Order info 
OrderValidationCode: NO_ERROR
OrderStatus: VALID_BUT_NOT_DELIVERED
OrderNo: 2EE88614
Order Contents: [Pizza[name=Pizza B, priceInPence=2400], Pizza[name=Pizza A, priceInPence=2300], Pizza[name=Pizza A, priceInPence=2300], Pizza[name=Pizza B, priceInPence=2400]]
PriceTotalInPence: 9500
 -- Credit card info 
CreditCardNumber: 0000000000000000
CCV: 222
ExpiryDate: 11/25
]]></system-err>
  </testcase>
  <testcase name="test4PizzasInOneOrder" classname="uk.ac.ed.inf.OrderValidatorTest" time="0">
    <system-err><![CDATA[
 -- Order info 
OrderValidationCode: NO_ERROR
OrderStatus: VALID_BUT_NOT_DELIVERED
OrderNo: 28028727
Order Contents: [Pizza[name=Pizza A, priceInPence=2300], Pizza[name=Pizza B, priceInPence=2400], Pizza[name=Pizza B, priceInPence=2400], Pizza[name=Pizza B, priceInPence=2400]]
PriceTotalInPence: 9600
 -- Credit card info 
CreditCardNumber: 0000000000000000
CCV: 222
ExpiryDate: 02/25
]]></system-err>
  </testcase>
  <testcase name="test4PizzasInOneOrder" classname="uk.ac.ed.inf.OrderValidatorTest" time="0">
    <system-err><![CDATA[
 -- Order info 
OrderValidationCode: NO_ERROR
OrderStatus: VALID_BUT_NOT_DELIVERED
OrderNo: 376C6D80
Order Contents: [Pizza[name=Pizza A, priceInPence=2300], Pizza[name=Pizza A, priceInPence=2300], Pizza[name=Pizza B, priceInPence=2400], Pizza[name=Pizza B, priceInPence=2400]]
PriceTotalInPence: 9500
 -- Credit card info 
CreditCardNumber: 0000000000000000
CCV: 222
ExpiryDate: 09/26
]]></system-err>
  </testcase>
  <testcase name="test4PizzasInOneOrder" classname="uk.ac.ed.inf.OrderValidatorTest" time="0">
    <system-err><![CDATA[
 -- Order info 
OrderValidationCode: NO_ERROR
OrderStatus: VALID_BUT_NOT_DELIVERED
OrderNo: 05EB3297
Order Contents: [Pizza[name=Pizza B, priceInPence=2400], Pizza[name=Pizza B, priceInPence=2400], Pizza[name=Pizza C, priceInPence=2500], Pizza[name=Pizza B, priceInPence=2400]]
PriceTotalInPence: 9800
 -- Credit card info 
CreditCardNumber: 0000000000000000
CCV: 222
ExpiryDate: 03/27
]]></system-err>
  </testcase>
  <testcase name="test4PizzasInOneOrder" classname="uk.ac.ed.inf.OrderValidatorTest" time="0">
    <system-err><![CDATA[
 -- Order info 
OrderValidationCode: NO_ERROR
OrderStatus: VALID_BUT_NOT_DELIVERED
OrderNo: 365510E4
Order Contents: [Pizza[name=Pizza C, priceInPence=2500], Pizza[name=Pizza B, priceInPence=2400], Pizza[name=Pizza C, priceInPence=2500], Pizza[name=Pizza C, priceInPence=2500]]
PriceTotalInPence: 10000
 -- Credit card info 
CreditCardNumber: 0000000000000000
CCV: 222
ExpiryDate: 09/26
]]></system-err>
  </testcase>
  <testcase name="test4PizzasInOneOrder" classname="uk.ac.ed.inf.OrderValidatorTest" time="0">
    <system-err><![CDATA[
 -- Order info 
OrderValidationCode: NO_ERROR
OrderStatus: VALID_BUT_NOT_DELIVERED
OrderNo: 21DC6448
Order Contents: [Pizza[name=Pizza A, priceInPence=2300], Pizza[name=Pizza B, priceInPence=2400], Pizza[name=Pizza C, priceInPence=2500], Pizza[name=Pizza B, priceInPence=2400]]
PriceTotalInPence: 9700
 -- Credit card info 
CreditCardNumber: 0000000000000000
CCV: 222
ExpiryDate: 05/25
]]></system-err>
  </testcase>
  <testcase name="test4PizzasInOneOrder" classname="uk.ac.ed.inf.OrderValidatorTest" time="0">
    <system-err><![CDATA[
 -- Order info 
OrderValidationCode: NO_ERROR
OrderStatus: VALID_BUT_NOT_DELIVERED
OrderNo: 712C6527
Order Contents: [Pizza[name=Pizza C, priceInPence=2500], Pizza[name=Pizza A, priceInPence=2300], Pizza[name=Pizza B, priceInPence=2400], Pizza[name=Pizza A, priceInPence=2300]]
PriceTotalInPence: 9600
 -- Credit card info 
CreditCardNumber: 0000000000000000
CCV: 222
ExpiryDate: 01/25
]]></system-err>
  </testcase>
  <testcase name="test4PizzasInOneOrder" classname="uk.ac.ed.inf.OrderValidatorTest" time="0">
    <system-err><![CDATA[
 -- Order info 
OrderValidationCode: NO_ERROR
OrderStatus: VALID_BUT_NOT_DELIVERED
OrderNo: 047A5D26
Order Contents: [Pizza[name=Pizza A, priceInPence=2300], Pizza[name=Pizza C, priceInPence=2500], Pizza[name=Pizza B, priceInPence=2400], Pizza[name=Pizza A, priceInPence=2300]]
PriceTotalInPence: 9600
 -- Credit card info 
CreditCardNumber: 0000000000000000
CCV: 222
ExpiryDate: 05/29
]]></system-err>
  </testcase>
  <testcase name="test4PizzasInOneOrder" classname="uk.ac.ed.inf.OrderValidatorTest" time="0">
    <system-err><![CDATA[
 -- Order info 
OrderValidationCode: NO_ERROR
OrderStatus: VALID_BUT_NOT_DELIVERED
OrderNo: 75691E71
Order Contents: [Pizza[name=Pizza C, priceInPence=2500], Pizza[name=Pizza C, priceInPence=2500], Pizza[name=Pizza C, priceInPence=2500], Pizza[name=Pizza C, priceInPence=2500]]
PriceTotalInPence: 10100
 -- Credit card info 
CreditCardNumber: 0000000000000000
CCV: 222
ExpiryDate: 06/29
]]></system-err>
  </testcase>
  <testcase name="test4PizzasInOneOrder" classname="uk.ac.ed.inf.OrderValidatorTest" time="0">
    <system-err><![CDATA[
 -- Order info 
OrderValidationCode: NO_ERROR
OrderStatus: VALID_BUT_NOT_DELIVERED
OrderNo: 23520379
Order Contents: [Pizza[name=Pizza A, priceInPence=2300], Pizza[name=Pizza B, priceInPence=2400], Pizza[name=Pizza B, priceInPence=2400], Pizza[name=Pizza A, priceInPence=2300]]
PriceTotalInPence: 9500
 -- Credit card info 
CreditCardNumber: 0000000000000000
CCV: 222
ExpiryDate: 08/26
]]></system-err>
  </testcase>
  <testcase name="test4PizzasInOneOrder" classname="uk.ac.ed.inf.OrderValidatorTest" time="0">
    <system-err><![CDATA[
 -- Order info 
OrderValidationCode: NO_ERROR
OrderStatus: VALID_BUT_NOT_DELIVERED
OrderNo: 50C08B50
Order Contents: [Pizza[name=Pizza C, priceInPence=2500], Pizza[name=Pizza C, priceInPence=2500], Pizza[name=Pizza A, priceInPence=2300], Pizza[name=Pizza C, priceInPence=2500]]
PriceTotalInPence: 9900
 -- Credit card info 
CreditCardNumber: 0000000000000000
CCV: 222
ExpiryDate: 09/24
]]></system-err>
  </testcase>
  <testcase name="test4PizzasInOneOrder" classname="uk.ac.ed.inf.OrderValidatorTest" time="0">
    <system-err><![CDATA[
 -- Order info 
OrderValidationCode: NO_ERROR
OrderStatus: VALID_BUT_NOT_DELIVERED
OrderNo: 6E554C20
Order Contents: [Pizza[name=Pizza A, priceInPence=2300], Pizza[name=Pizza B, priceInPence=2400], Pizza[name=Pizza B, priceInPence=2400], Pizza[name=Pizza B, priceInPence=2400]]
PriceTotalInPence: 9600
 -- Credit card info 
CreditCardNumber: 0000000000000000
CCV: 222
ExpiryDate: 08/25
]]></system-err>
  </testcase>
  <testcase name="test4PizzasInOneOrder" classname="uk.ac.ed.inf.OrderValidatorTest" time="0">
    <system-err><![CDATA[
 -- Order info 
OrderValidationCode: NO_ERROR
OrderStatus: VALID_BUT_NOT_DELIVERED
OrderNo: 6F91143C
Order Contents: [Pizza[name=Pizza C, priceInPence=2500], Pizza[name=Pizza B, priceInPence=2400], Pizza[name=Pizza C, priceInPence=2500], Pizza[name=Pizza A, priceInPence=2300]]
PriceTotalInPence: 9800
 -- Credit card info 
CreditCardNumber: 0000000000000000
CCV: 222
ExpiryDate: 04/27
]]></system-err>
  </testcase>
  <testcase name="test4PizzasInOneOrder" classname="uk.ac.ed.inf.OrderValidatorTest" time="0">
    <system-err><![CDATA[
 -- Order info 
OrderValidationCode: NO_ERROR
OrderStatus: VALID_BUT_NOT_DELIVERED
OrderNo: 25510305
Order Contents: [Pizza[name=Pizza A, priceInPence=2300], Pizza[name=Pizza B, priceInPence=2400], Pizza[name=Pizza B, priceInPence=2400], Pizza[name=Pizza A, priceInPence=2300]]
PriceTotalInPence: 9500
 -- Credit card info 
CreditCardNumber: 0000000000000000
CCV: 222
ExpiryDate: 10/28
]]></system-err>
  </testcase>
  <testcase name="test4PizzasInOneOrder" classname="uk.ac.ed.inf.OrderValidatorTest" time="0">
    <system-err><![CDATA[
 -- Order info 
OrderValidationCode: NO_ERROR
OrderStatus: VALID_BUT_NOT_DELIVERED
OrderNo: 3D18784D
Order Contents: [Pizza[name=Pizza B, priceInPence=2400], Pizza[name=Pizza B, priceInPence=2400], Pizza[name=Pizza B, priceInPence=2400], Pizza[name=Pizza C, priceInPence=2500]]
PriceTotalInPence: 9800
 -- Credit card info 
CreditCardNumber: 0000000000000000
CCV: 222
ExpiryDate: 07/28
]]></system-err>
  </testcase>
  <testcase name="test4PizzasInOneOrder" classname="uk.ac.ed.inf.OrderValidatorTest" time="0">
    <system-err><![CDATA[
 -- Order info 
OrderValidationCode: NO_ERROR
OrderStatus: VALID_BUT_NOT_DELIVERED
OrderNo: 286657A0
Order Contents: [Pizza[name=Pizza C, priceInPence=2500], Pizza[name=Pizza B, priceInPence=2400], Pizza[name=Pizza A, priceInPence=2300], Pizza[name=Pizza C, priceInPence=2500]]
PriceTotalInPence: 9800
 -- Credit card info 
CreditCardNumber: 0000000000000000
CCV: 222
ExpiryDate: 10/28
]]></system-err>
  </testcase>
  <testcase name="test4PizzasInOneOrder" classname="uk.ac.ed.inf.OrderValidatorTest" time="0">
    <system-err><![CDATA[
 -- Order info 
OrderValidationCode: NO_ERROR
OrderStatus: VALID_BUT_NOT_DELIVERED
OrderNo: 6BC9C6DA
Order Contents: [Pizza[name=Pizza A, priceInPence=2300], Pizza[name=Pizza A, priceInPence=2300], Pizza[name=Pizza A, priceInPence=2300], Pizza[name=Pizza A, priceInPence=2300]]
PriceTotalInPence: 9300
 -- Credit card info 
CreditCardNumber: 0000000000000000
CCV: 222
ExpiryDate: 09/28
]]></system-err>
  </testcase>
  <testcase name="test4PizzasInOneOrder" classname="uk.ac.ed.inf.OrderValidatorTest" time="0">
    <system-err><![CDATA[
 -- Order info 
OrderValidationCode: NO_ERROR
OrderStatus: VALID_BUT_NOT_DELIVERED
OrderNo: 158BB008
Order Contents: [Pizza[name=Pizza A, priceInPence=2300], Pizza[name=Pizza A, priceInPence=2300], Pizza[name=Pizza A, priceInPence=2300], Pizza[name=Pizza C, priceInPence=2500]]
PriceTotalInPence: 9500
 -- Credit card info 
CreditCardNumber: 0000000000000000
CCV: 222
ExpiryDate: 04/26
]]></system-err>
  </testcase>
  <testcase name="test4PizzasInOneOrder" classname="uk.ac.ed.inf.OrderValidatorTest" time="0">
    <system-err><![CDATA[
 -- Order info 
OrderValidationCode: NO_ERROR
OrderStatus: VALID_BUT_NOT_DELIVERED
OrderNo: 1088CD4A
Order Contents: [Pizza[name=Pizza B, priceInPence=2400], Pizza[name=Pizza A, priceInPence=2300], Pizza[name=Pizza A, priceInPence=2300], Pizza[name=Pizza B, priceInPence=2400]]
PriceTotalInPence: 9500
 -- Credit card info 
CreditCardNumber: 0000000000000000
CCV: 222
ExpiryDate: 06/24
]]></system-err>
  </testcase>
  <testcase name="test4PizzasInOneOrder" classname="uk.ac.ed.inf.OrderValidatorTest" time="0">
    <system-err><![CDATA[
 -- Order info 
OrderValidationCode: NO_ERROR
OrderStatus: VALID_BUT_NOT_DELIVERED
OrderNo: 605386BB
Order Contents: [Pizza[name=Pizza B, priceInPence=2400], Pizza[name=Pizza C, priceInPence=2500], Pizza[name=Pizza B, priceInPence=2400], Pizza[name=Pizza C, priceInPence=2500]]
PriceTotalInPence: 9900
 -- Credit card info 
CreditCardNumber: 0000000000000000
CCV: 222
ExpiryDate: 09/27
]]></system-err>
  </testcase>
  <testcase name="test4PizzasInOneOrder" classname="uk.ac.ed.inf.OrderValidatorTest" time="0">
    <system-err><![CDATA[
 -- Order info 
OrderValidationCode: NO_ERROR
OrderStatus: VALID_BUT_NOT_DELIVERED
OrderNo: 173A5250
Order Contents: [Pizza[name=Pizza A, priceInPence=2300], Pizza[name=Pizza A, priceInPence=2300], Pizza[name=Pizza B, priceInPence=2400], Pizza[name=Pizza B, priceInPence=2400]]
PriceTotalInPence: 9500
 -- Credit card info 
CreditCardNumber: 0000000000000000
CCV: 222
ExpiryDate: 06/24
]]></system-err>
  </testcase>
  <testcase name="test4PizzasInOneOrder" classname="uk.ac.ed.inf.OrderValidatorTest" time="0.016">
    <system-err><![CDATA[
 -- Order info 
OrderValidationCode: NO_ERROR
OrderStatus: VALID_BUT_NOT_DELIVERED
OrderNo: 21F8B085
Order Contents: [Pizza[name=Pizza C, priceInPence=2500], Pizza[name=Pizza A, priceInPence=2300], Pizza[name=Pizza A, priceInPence=2300], Pizza[name=Pizza A, priceInPence=2300]]
PriceTotalInPence: 9500
 -- Credit card info 
CreditCardNumber: 0000000000000000
CCV: 222
ExpiryDate: 04/27
]]></system-err>
  </testcase>
  <testcase name="test4PizzasInOneOrder" classname="uk.ac.ed.inf.OrderValidatorTest" time="0">
    <system-err><![CDATA[
 -- Order info 
OrderValidationCode: NO_ERROR
OrderStatus: VALID_BUT_NOT_DELIVERED
OrderNo: 2669E3EB
Order Contents: [Pizza[name=Pizza B, priceInPence=2400], Pizza[name=Pizza B, priceInPence=2400], Pizza[name=Pizza B, priceInPence=2400], Pizza[name=Pizza B, priceInPence=2400]]
PriceTotalInPence: 9700
 -- Credit card info 
CreditCardNumber: 0000000000000000
CCV: 222
ExpiryDate: 08/27
]]></system-err>
  </testcase>
  <testcase name="test4PizzasInOneOrder" classname="uk.ac.ed.inf.OrderValidatorTest" time="0">
    <system-err><![CDATA[
 -- Order info 
OrderValidationCode: NO_ERROR
OrderStatus: VALID_BUT_NOT_DELIVERED
OrderNo: 1931A83D
Order Contents: [Pizza[name=Pizza A, priceInPence=2300], Pizza[name=Pizza A, priceInPence=2300], Pizza[name=Pizza A, priceInPence=2300], Pizza[name=Pizza B, priceInPence=2400]]
PriceTotalInPence: 9400
 -- Credit card info 
CreditCardNumber: 0000000000000000
CCV: 222
ExpiryDate: 04/24
]]></system-err>
  </testcase>
  <testcase name="test4PizzasInOneOrder" classname="uk.ac.ed.inf.OrderValidatorTest" time="0">
    <system-err><![CDATA[
 -- Order info 
OrderValidationCode: NO_ERROR
OrderStatus: VALID_BUT_NOT_DELIVERED
OrderNo: 0ACBC820
Order Contents: [Pizza[name=Pizza C, priceInPence=2500], Pizza[name=Pizza C, priceInPence=2500], Pizza[name=Pizza A, priceInPence=2300], Pizza[name=Pizza A, priceInPence=2300]]
PriceTotalInPence: 9700
 -- Credit card info 
CreditCardNumber: 0000000000000000
CCV: 222
ExpiryDate: 07/29
]]></system-err>
  </testcase>
  <testcase name="test4PizzasInOneOrder" classname="uk.ac.ed.inf.OrderValidatorTest" time="0">
    <system-err><![CDATA[
 -- Order info 
OrderValidationCode: NO_ERROR
OrderStatus: VALID_BUT_NOT_DELIVERED
OrderNo: 678D0CE9
Order Contents: [Pizza[name=Pizza B, priceInPence=2400], Pizza[name=Pizza B, priceInPence=2400], Pizza[name=Pizza B, priceInPence=2400], Pizza[name=Pizza B, priceInPence=2400]]
PriceTotalInPence: 9700
 -- Credit card info 
CreditCardNumber: 0000000000000000
CCV: 222
ExpiryDate: 04/29
]]></system-err>
  </testcase>
  <testcase name="test4PizzasInOneOrder" classname="uk.ac.ed.inf.OrderValidatorTest" time="0">
    <system-err><![CDATA[
 -- Order info 
OrderValidationCode: NO_ERROR
OrderStatus: VALID_BUT_NOT_DELIVERED
OrderNo: 315C3D7B
Order Contents: [Pizza[name=Pizza B, priceInPence=2400], Pizza[name=Pizza C, priceInPence=2500], Pizza[name=Pizza A, priceInPence=2300], Pizza[name=Pizza C, priceInPence=2500]]
PriceTotalInPence: 9800
 -- Credit card info 
CreditCardNumber: 0000000000000000
CCV: 222
ExpiryDate: 06/25
]]></system-err>
  </testcase>
  <testcase name="test4PizzasInOneOrder" classname="uk.ac.ed.inf.OrderValidatorTest" time="0">
    <system-err><![CDATA[
 -- Order info 
OrderValidationCode: NO_ERROR
OrderStatus: VALID_BUT_NOT_DELIVERED
OrderNo: 733EE4B7
Order Contents: [Pizza[name=Pizza C, priceInPence=2500], Pizza[name=Pizza C, priceInPence=2500], Pizza[name=Pizza B, priceInPence=2400], Pizza[name=Pizza A, priceInPence=2300]]
PriceTotalInPence: 9800
 -- Credit card info 
CreditCardNumber: 0000000000000000
CCV: 222
ExpiryDate: 10/25
]]></system-err>
  </testcase>
  <testcase name="test4PizzasInOneOrder" classname="uk.ac.ed.inf.OrderValidatorTest" time="0">
    <system-err><![CDATA[
 -- Order info 
OrderValidationCode: NO_ERROR
OrderStatus: VALID_BUT_NOT_DELIVERED
OrderNo: 419801F2
Order Contents: [Pizza[name=Pizza C, priceInPence=2500], Pizza[name=Pizza B, priceInPence=2400], Pizza[name=Pizza B, priceInPence=2400], Pizza[name=Pizza B, priceInPence=2400]]
PriceTotalInPence: 9800
 -- Credit card info 
CreditCardNumber: 0000000000000000
CCV: 222
ExpiryDate: 09/26
]]></system-err>
  </testcase>
  <testcase name="test4PizzasInOneOrder" classname="uk.ac.ed.inf.OrderValidatorTest" time="0">
    <system-err><![CDATA[
 -- Order info 
OrderValidationCode: NO_ERROR
OrderStatus: VALID_BUT_NOT_DELIVERED
OrderNo: 7D8DFEC9
Order Contents: [Pizza[name=Pizza A, priceInPence=2300], Pizza[name=Pizza A, priceInPence=2300], Pizza[name=Pizza B, priceInPence=2400], Pizza[name=Pizza C, priceInPence=2500]]
PriceTotalInPence: 9600
 -- Credit card info 
CreditCardNumber: 0000000000000000
CCV: 222
ExpiryDate: 02/27
]]></system-err>
  </testcase>
  <testcase name="test4PizzasInOneOrder" classname="uk.ac.ed.inf.OrderValidatorTest" time="0">
    <system-err><![CDATA[
 -- Order info 
OrderValidationCode: NO_ERROR
OrderStatus: VALID_BUT_NOT_DELIVERED
OrderNo: 64159EDB
Order Contents: [Pizza[name=Pizza A, priceInPence=2300], Pizza[name=Pizza C, priceInPence=2500], Pizza[name=Pizza C, priceInPence=2500], Pizza[name=Pizza B, priceInPence=2400]]
PriceTotalInPence: 9800
 -- Credit card info 
CreditCardNumber: 0000000000000000
CCV: 222
ExpiryDate: 02/26
]]></system-err>
  </testcase>
  <testcase name="test4PizzasInOneOrder" classname="uk.ac.ed.inf.OrderValidatorTest" time="0">
    <system-err><![CDATA[
 -- Order info 
OrderValidationCode: NO_ERROR
OrderStatus: VALID_BUT_NOT_DELIVERED
OrderNo: 63179335
Order Contents: [Pizza[name=Pizza C, priceInPence=2500], Pizza[name=Pizza A, priceInPence=2300], Pizza[name=Pizza B, priceInPence=2400], Pizza[name=Pizza A, priceInPence=2300]]
PriceTotalInPence: 9600
 -- Credit card info 
CreditCardNumber: 0000000000000000
CCV: 222
ExpiryDate: 03/24
]]></system-err>
  </testcase>
  <testcase name="test4PizzasInOneOrder" classname="uk.ac.ed.inf.OrderValidatorTest" time="0">
    <system-err><![CDATA[
 -- Order info 
OrderValidationCode: NO_ERROR
OrderStatus: VALID_BUT_NOT_DELIVERED
OrderNo: 07BEAA2E
Order Contents: [Pizza[name=Pizza B, priceInPence=2400], Pizza[name=Pizza C, priceInPence=2500], Pizza[name=Pizza A, priceInPence=2300], Pizza[name=Pizza B, priceInPence=2400]]
PriceTotalInPence: 9700
 -- Credit card info 
CreditCardNumber: 0000000000000000
CCV: 222
ExpiryDate: 11/29
]]></system-err>
  </testcase>
  <testcase name="test4PizzasInOneOrder" classname="uk.ac.ed.inf.OrderValidatorTest" time="0">
    <system-err><![CDATA[
 -- Order info 
OrderValidationCode: NO_ERROR
OrderStatus: VALID_BUT_NOT_DELIVERED
OrderNo: 4FB5E047
Order Contents: [Pizza[name=Pizza C, priceInPence=2500], Pizza[name=Pizza C, priceInPence=2500], Pizza[name=Pizza B, priceInPence=2400], Pizza[name=Pizza B, priceInPence=2400]]
PriceTotalInPence: 9900
 -- Credit card info 
CreditCardNumber: 0000000000000000
CCV: 222
ExpiryDate: 08/27
]]></system-err>
  </testcase>
  <testcase name="test4PizzasInOneOrder" classname="uk.ac.ed.inf.OrderValidatorTest" time="0">
    <system-err><![CDATA[
 -- Order info 
OrderValidationCode: NO_ERROR
OrderStatus: VALID_BUT_NOT_DELIVERED
OrderNo: 1DDA6C89
Order Contents: [Pizza[name=Pizza B, priceInPence=2400], Pizza[name=Pizza C, priceInPence=2500], Pizza[name=Pizza A, priceInPence=2300], Pizza[name=Pizza A, priceInPence=2300]]
PriceTotalInPence: 9600
 -- Credit card info 
CreditCardNumber: 0000000000000000
CCV: 222
ExpiryDate: 03/29
]]></system-err>
  </testcase>
  <testcase name="test4PizzasInOneOrder" classname="uk.ac.ed.inf.OrderValidatorTest" time="0">
    <system-err><![CDATA[
 -- Order info 
OrderValidationCode: NO_ERROR
OrderStatus: VALID_BUT_NOT_DELIVERED
OrderNo: 36A5DFEA
Order Contents: [Pizza[name=Pizza A, priceInPence=2300], Pizza[name=Pizza C, priceInPence=2500], Pizza[name=Pizza A, priceInPence=2300], Pizza[name=Pizza A, priceInPence=2300]]
PriceTotalInPence: 9500
 -- Credit card info 
CreditCardNumber: 0000000000000000
CCV: 222
ExpiryDate: 03/24
]]></system-err>
  </testcase>
  <testcase name="test4PizzasInOneOrder" classname="uk.ac.ed.inf.OrderValidatorTest" time="0">
    <system-err><![CDATA[
 -- Order info 
OrderValidationCode: NO_ERROR
OrderStatus: VALID_BUT_NOT_DELIVERED
OrderNo: 1C93E419
Order Contents: [Pizza[name=Pizza B, priceInPence=2400], Pizza[name=Pizza B, priceInPence=2400], Pizza[name=Pizza C, priceInPence=2500], Pizza[name=Pizza B, priceInPence=2400]]
PriceTotalInPence: 9800
 -- Credit card info 
CreditCardNumber: 0000000000000000
CCV: 222
ExpiryDate: 08/29
]]></system-err>
  </testcase>
  <testcase name="test4PizzasInOneOrder" classname="uk.ac.ed.inf.OrderValidatorTest" time="0">
    <system-err><![CDATA[
 -- Order info 
OrderValidationCode: NO_ERROR
OrderStatus: VALID_BUT_NOT_DELIVERED
OrderNo: 2BE88D6A
Order Contents: [Pizza[name=Pizza B, priceInPence=2400], Pizza[name=Pizza A, priceInPence=2300], Pizza[name=Pizza C, priceInPence=2500], Pizza[name=Pizza A, priceInPence=2300]]
PriceTotalInPence: 9600
 -- Credit card info 
CreditCardNumber: 0000000000000000
CCV: 222
ExpiryDate: 05/25
]]></system-err>
  </testcase>
  <testcase name="test4PizzasInOneOrder" classname="uk.ac.ed.inf.OrderValidatorTest" time="0">
    <system-err><![CDATA[
 -- Order info 
OrderValidationCode: NO_ERROR
OrderStatus: VALID_BUT_NOT_DELIVERED
OrderNo: 4B7CFFBE
Order Contents: [Pizza[name=Pizza A, priceInPence=2300], Pizza[name=Pizza B, priceInPence=2400], Pizza[name=Pizza A, priceInPence=2300], Pizza[name=Pizza B, priceInPence=2400]]
PriceTotalInPence: 9500
 -- Credit card info 
CreditCardNumber: 0000000000000000
CCV: 222
ExpiryDate: 05/25
]]></system-err>
  </testcase>
  <testcase name="test4PizzasInOneOrder" classname="uk.ac.ed.inf.OrderValidatorTest" time="0">
    <system-err><![CDATA[
 -- Order info 
OrderValidationCode: NO_ERROR
OrderStatus: VALID_BUT_NOT_DELIVERED
OrderNo: 1243E35C
Order Contents: [Pizza[name=Pizza C, priceInPence=2500], Pizza[name=Pizza A, priceInPence=2300], Pizza[name=Pizza A, priceInPence=2300], Pizza[name=Pizza B, priceInPence=2400]]
PriceTotalInPence: 9600
 -- Credit card info 
CreditCardNumber: 0000000000000000
CCV: 222
ExpiryDate: 07/27
]]></system-err>
  </testcase>
  <testcase name="test4PizzasInOneOrder" classname="uk.ac.ed.inf.OrderValidatorTest" time="0">
    <system-err><![CDATA[
 -- Order info 
OrderValidationCode: NO_ERROR
OrderStatus: VALID_BUT_NOT_DELIVERED
OrderNo: 384AB995
Order Contents: [Pizza[name=Pizza C, priceInPence=2500], Pizza[name=Pizza B, priceInPence=2400], Pizza[name=Pizza C, priceInPence=2500], Pizza[name=Pizza A, priceInPence=2300]]
PriceTotalInPence: 9800
 -- Credit card info 
CreditCardNumber: 0000000000000000
CCV: 222
ExpiryDate: 01/25
]]></system-err>
  </testcase>
  <testcase name="test4PizzasInOneOrder" classname="uk.ac.ed.inf.OrderValidatorTest" time="0">
    <system-err><![CDATA[
 -- Order info 
OrderValidationCode: NO_ERROR
OrderStatus: VALID_BUT_NOT_DELIVERED
OrderNo: 0F95DC0E
Order Contents: [Pizza[name=Pizza C, priceInPence=2500], Pizza[name=Pizza A, priceInPence=2300], Pizza[name=Pizza A, priceInPence=2300], Pizza[name=Pizza C, priceInPence=2500]]
PriceTotalInPence: 9700
 -- Credit card info 
CreditCardNumber: 0000000000000000
CCV: 222
ExpiryDate: 07/29
]]></system-err>
  </testcase>
  <testcase name="test4PizzasInOneOrder" classname="uk.ac.ed.inf.OrderValidatorTest" time="0">
    <system-err><![CDATA[
 -- Order info 
OrderValidationCode: NO_ERROR
OrderStatus: VALID_BUT_NOT_DELIVERED
OrderNo: 15D915AA
Order Contents: [Pizza[name=Pizza A, priceInPence=2300], Pizza[name=Pizza C, priceInPence=2500], Pizza[name=Pizza C, priceInPence=2500], Pizza[name=Pizza A, priceInPence=2300]]
PriceTotalInPence: 9700
 -- Credit card info 
CreditCardNumber: 0000000000000000
CCV: 222
ExpiryDate: 04/28
]]></system-err>
  </testcase>
  <testcase name="test4PizzasInOneOrder" classname="uk.ac.ed.inf.OrderValidatorTest" time="0">
    <system-err><![CDATA[
 -- Order info 
OrderValidationCode: NO_ERROR
OrderStatus: VALID_BUT_NOT_DELIVERED
OrderNo: 71ACEF68
Order Contents: [Pizza[name=Pizza C, priceInPence=2500], Pizza[name=Pizza B, priceInPence=2400], Pizza[name=Pizza B, priceInPence=2400], Pizza[name=Pizza A, priceInPence=2300]]
PriceTotalInPence: 9700
 -- Credit card info 
CreditCardNumber: 0000000000000000
CCV: 222
ExpiryDate: 02/29
]]></system-err>
  </testcase>
  <testcase name="test4PizzasInOneOrder" classname="uk.ac.ed.inf.OrderValidatorTest" time="0">
    <system-err><![CDATA[
 -- Order info 
OrderValidationCode: NO_ERROR
OrderStatus: VALID_BUT_NOT_DELIVERED
OrderNo: 0D6A73D4
Order Contents: [Pizza[name=Pizza A, priceInPence=2300], Pizza[name=Pizza B, priceInPence=2400], Pizza[name=Pizza C, priceInPence=2500], Pizza[name=Pizza C, priceInPence=2500]]
PriceTotalInPence: 9800
 -- Credit card info 
CreditCardNumber: 0000000000000000
CCV: 222
ExpiryDate: 11/24
]]></system-err>
  </testcase>
  <testcase name="test4PizzasInOneOrder" classname="uk.ac.ed.inf.OrderValidatorTest" time="0">
    <system-err><![CDATA[
 -- Order info 
OrderValidationCode: NO_ERROR
OrderStatus: VALID_BUT_NOT_DELIVERED
OrderNo: 5D121D18
Order Contents: [Pizza[name=Pizza C, priceInPence=2500], Pizza[name=Pizza B, priceInPence=2400], Pizza[name=Pizza B, priceInPence=2400], Pizza[name=Pizza B, priceInPence=2400]]
PriceTotalInPence: 9800
 -- Credit card info 
CreditCardNumber: 0000000000000000
CCV: 222
ExpiryDate: 10/24
]]></system-err>
  </testcase>
  <testcase name="test4PizzasInOneOrder" classname="uk.ac.ed.inf.OrderValidatorTest" time="0">
    <system-err><![CDATA[
 -- Order info 
OrderValidationCode: NO_ERROR
OrderStatus: VALID_BUT_NOT_DELIVERED
OrderNo: 75A0746A
Order Contents: [Pizza[name=Pizza A, priceInPence=2300], Pizza[name=Pizza A, priceInPence=2300], Pizza[name=Pizza A, priceInPence=2300], Pizza[name=Pizza A, priceInPence=2300]]
PriceTotalInPence: 9300
 -- Credit card info 
CreditCardNumber: 0000000000000000
CCV: 222
ExpiryDate: 10/29
]]></system-err>
  </testcase>
  <testcase name="test4PizzasInOneOrder" classname="uk.ac.ed.inf.OrderValidatorTest" time="0">
    <system-err><![CDATA[
 -- Order info 
OrderValidationCode: NO_ERROR
OrderStatus: VALID_BUT_NOT_DELIVERED
OrderNo: 171BE3D8
Order Contents: [Pizza[name=Pizza A, priceInPence=2300], Pizza[name=Pizza C, priceInPence=2500], Pizza[name=Pizza C, priceInPence=2500], Pizza[name=Pizza C, priceInPence=2500]]
PriceTotalInPence: 9900
 -- Credit card info 
CreditCardNumber: 0000000000000000
CCV: 222
ExpiryDate: 09/24
]]></system-err>
  </testcase>
  <testcase name="test4PizzasInOneOrder" classname="uk.ac.ed.inf.OrderValidatorTest" time="0">
    <system-err><![CDATA[
 -- Order info 
OrderValidationCode: NO_ERROR
OrderStatus: VALID_BUT_NOT_DELIVERED
OrderNo: 2120F041
Order Contents: [Pizza[name=Pizza B, priceInPence=2400], Pizza[name=Pizza A, priceInPence=2300], Pizza[name=Pizza C, priceInPence=2500], Pizza[name=Pizza C, priceInPence=2500]]
PriceTotalInPence: 9800
 -- Credit card info 
CreditCardNumber: 0000000000000000
CCV: 222
ExpiryDate: 05/26
]]></system-err>
  </testcase>
  <testcase name="test4PizzasInOneOrder" classname="uk.ac.ed.inf.OrderValidatorTest" time="0">
    <system-err><![CDATA[
 -- Order info 
OrderValidationCode: NO_ERROR
OrderStatus: VALID_BUT_NOT_DELIVERED
OrderNo: 3B0C0794
Order Contents: [Pizza[name=Pizza C, priceInPence=2500], Pizza[name=Pizza A, priceInPence=2300], Pizza[name=Pizza A, priceInPence=2300], Pizza[name=Pizza C, priceInPence=2500]]
PriceTotalInPence: 9700
 -- Credit card info 
CreditCardNumber: 0000000000000000
CCV: 222
ExpiryDate: 02/24
]]></system-err>
  </testcase>
  <testcase name="test4PizzasInOneOrder" classname="uk.ac.ed.inf.OrderValidatorTest" time="0">
    <system-err><![CDATA[
 -- Order info 
OrderValidationCode: NO_ERROR
OrderStatus: VALID_BUT_NOT_DELIVERED
OrderNo: 61687191
Order Contents: [Pizza[name=Pizza A, priceInPence=2300], Pizza[name=Pizza B, priceInPence=2400], Pizza[name=Pizza B, priceInPence=2400], Pizza[name=Pizza B, priceInPence=2400]]
PriceTotalInPence: 9600
 -- Credit card info 
CreditCardNumber: 0000000000000000
CCV: 222
ExpiryDate: 10/26
]]></system-err>
  </testcase>
  <testcase name="test4PizzasInOneOrder" classname="uk.ac.ed.inf.OrderValidatorTest" time="0">
    <system-err><![CDATA[
 -- Order info 
OrderValidationCode: NO_ERROR
OrderStatus: VALID_BUT_NOT_DELIVERED
OrderNo: 3D8E66CB
Order Contents: [Pizza[name=Pizza B, priceInPence=2400], Pizza[name=Pizza B, priceInPence=2400], Pizza[name=Pizza C, priceInPence=2500], Pizza[name=Pizza A, priceInPence=2300]]
PriceTotalInPence: 9700
 -- Credit card info 
CreditCardNumber: 0000000000000000
CCV: 222
ExpiryDate: 01/29
]]></system-err>
  </testcase>
  <testcase name="test4PizzasInOneOrder" classname="uk.ac.ed.inf.OrderValidatorTest" time="0">
    <system-err><![CDATA[
 -- Order info 
OrderValidationCode: NO_ERROR
OrderStatus: VALID_BUT_NOT_DELIVERED
OrderNo: 5532CC41
Order Contents: [Pizza[name=Pizza B, priceInPence=2400], Pizza[name=Pizza C, priceInPence=2500], Pizza[name=Pizza B, priceInPence=2400], Pizza[name=Pizza B, priceInPence=2400]]
PriceTotalInPence: 9800
 -- Credit card info 
CreditCardNumber: 0000000000000000
CCV: 222
ExpiryDate: 10/29
]]></system-err>
  </testcase>
  <testcase name="test4PizzasInOneOrder" classname="uk.ac.ed.inf.OrderValidatorTest" time="0">
    <system-err><![CDATA[
 -- Order info 
OrderValidationCode: NO_ERROR
OrderStatus: VALID_BUT_NOT_DELIVERED
OrderNo: 567183DD
Order Contents: [Pizza[name=Pizza B, priceInPence=2400], Pizza[name=Pizza A, priceInPence=2300], Pizza[name=Pizza A, priceInPence=2300], Pizza[name=Pizza A, priceInPence=2300]]
PriceTotalInPence: 9400
 -- Credit card info 
CreditCardNumber: 0000000000000000
CCV: 222
ExpiryDate: 08/24
]]></system-err>
  </testcase>
  <testcase name="test4PizzasInOneOrder" classname="uk.ac.ed.inf.OrderValidatorTest" time="0">
    <system-err><![CDATA[
 -- Order info 
OrderValidationCode: NO_ERROR
OrderStatus: VALID_BUT_NOT_DELIVERED
OrderNo: 64AB68C9
Order Contents: [Pizza[name=Pizza C, priceInPence=2500], Pizza[name=Pizza C, priceInPence=2500], Pizza[name=Pizza A, priceInPence=2300], Pizza[name=Pizza C, priceInPence=2500]]
PriceTotalInPence: 9900
 -- Credit card info 
CreditCardNumber: 0000000000000000
CCV: 222
ExpiryDate: 11/24
]]></system-err>
  </testcase>
  <testcase name="test4PizzasInOneOrder" classname="uk.ac.ed.inf.OrderValidatorTest" time="0">
    <system-err><![CDATA[
 -- Order info 
OrderValidationCode: NO_ERROR
OrderStatus: VALID_BUT_NOT_DELIVERED
OrderNo: 53296D74
Order Contents: [Pizza[name=Pizza A, priceInPence=2300], Pizza[name=Pizza C, priceInPence=2500], Pizza[name=Pizza C, priceInPence=2500], Pizza[name=Pizza C, priceInPence=2500]]
PriceTotalInPence: 9900
 -- Credit card info 
CreditCardNumber: 0000000000000000
CCV: 222
ExpiryDate: 02/29
]]></system-err>
  </testcase>
  <testcase name="test4PizzasInOneOrder" classname="uk.ac.ed.inf.OrderValidatorTest" time="0">
    <system-err><![CDATA[
 -- Order info 
OrderValidationCode: NO_ERROR
OrderStatus: VALID_BUT_NOT_DELIVERED
OrderNo: 2B260719
Order Contents: [Pizza[name=Pizza C, priceInPence=2500], Pizza[name=Pizza B, priceInPence=2400], Pizza[name=Pizza B, priceInPence=2400], Pizza[name=Pizza A, priceInPence=2300]]
PriceTotalInPence: 9700
 -- Credit card info 
CreditCardNumber: 0000000000000000
CCV: 222
ExpiryDate: 09/27
]]></system-err>
  </testcase>
  <testcase name="test4PizzasInOneOrder" classname="uk.ac.ed.inf.OrderValidatorTest" time="0">
    <system-err><![CDATA[
 -- Order info 
OrderValidationCode: NO_ERROR
OrderStatus: VALID_BUT_NOT_DELIVERED
OrderNo: 3863FA54
Order Contents: [Pizza[name=Pizza B, priceInPence=2400], Pizza[name=Pizza C, priceInPence=2500], Pizza[name=Pizza B, priceInPence=2400], Pizza[name=Pizza C, priceInPence=2500]]
PriceTotalInPence: 9900
 -- Credit card info 
CreditCardNumber: 0000000000000000
CCV: 222
ExpiryDate: 08/25
]]></system-err>
  </testcase>
  <testcase name="test4PizzasInOneOrder" classname="uk.ac.ed.inf.OrderValidatorTest" time="0">
    <system-err><![CDATA[
 -- Order info 
OrderValidationCode: NO_ERROR
OrderStatus: VALID_BUT_NOT_DELIVERED
OrderNo: 525995E2
Order Contents: [Pizza[name=Pizza C, priceInPence=2500], Pizza[name=Pizza B, priceInPence=2400], Pizza[name=Pizza A, priceInPence=2300], Pizza[name=Pizza A, priceInPence=2300]]
PriceTotalInPence: 9600
 -- Credit card info 
CreditCardNumber: 0000000000000000
CCV: 222
ExpiryDate: 08/28
]]></system-err>
  </testcase>
  <testcase name="test4PizzasInOneOrder" classname="uk.ac.ed.inf.OrderValidatorTest" time="0">
    <system-err><![CDATA[
 -- Order info 
OrderValidationCode: NO_ERROR
OrderStatus: VALID_BUT_NOT_DELIVERED
OrderNo: 64C55654
Order Contents: [Pizza[name=Pizza A, priceInPence=2300], Pizza[name=Pizza C, priceInPence=2500], Pizza[name=Pizza B, priceInPence=2400], Pizza[name=Pizza A, priceInPence=2300]]
PriceTotalInPence: 9600
 -- Credit card info 
CreditCardNumber: 0000000000000000
CCV: 222
ExpiryDate: 11/24
]]></system-err>
  </testcase>
  <testcase name="test4PizzasInOneOrder" classname="uk.ac.ed.inf.OrderValidatorTest" time="0">
    <system-err><![CDATA[
 -- Order info 
OrderValidationCode: NO_ERROR
OrderStatus: VALID_BUT_NOT_DELIVERED
OrderNo: 5E4F1913
Order Contents: [Pizza[name=Pizza C, priceInPence=2500], Pizza[name=Pizza B, priceInPence=2400], Pizza[name=Pizza A, priceInPence=2300], Pizza[name=Pizza B, priceInPence=2400]]
PriceTotalInPence: 9700
 -- Credit card info 
CreditCardNumber: 0000000000000000
CCV: 222
ExpiryDate: 02/25
]]></system-err>
  </testcase>
  <testcase name="test4PizzasInOneOrder" classname="uk.ac.ed.inf.OrderValidatorTest" time="0">
    <system-err><![CDATA[
 -- Order info 
OrderValidationCode: NO_ERROR
OrderStatus: VALID_BUT_NOT_DELIVERED
OrderNo: 26083155
Order Contents: [Pizza[name=Pizza B, priceInPence=2400], Pizza[name=Pizza A, priceInPence=2300], Pizza[name=Pizza C, priceInPence=2500], Pizza[name=Pizza C, priceInPence=2500]]
PriceTotalInPence: 9800
 -- Credit card info 
CreditCardNumber: 0000000000000000
CCV: 222
ExpiryDate: 11/29
]]></system-err>
  </testcase>
  <testcase name="test4PizzasInOneOrder" classname="uk.ac.ed.inf.OrderValidatorTest" time="0">
    <system-err><![CDATA[
 -- Order info 
OrderValidationCode: NO_ERROR
OrderStatus: VALID_BUT_NOT_DELIVERED
OrderNo: 321DB333
Order Contents: [Pizza[name=Pizza B, priceInPence=2400], Pizza[name=Pizza B, priceInPence=2400], Pizza[name=Pizza B, priceInPence=2400], Pizza[name=Pizza B, priceInPence=2400]]
PriceTotalInPence: 9700
 -- Credit card info 
CreditCardNumber: 0000000000000000
CCV: 222
ExpiryDate: 05/27
]]></system-err>
  </testcase>
  <testcase name="test4PizzasInOneOrder" classname="uk.ac.ed.inf.OrderValidatorTest" time="0">
    <system-err><![CDATA[
 -- Order info 
OrderValidationCode: NO_ERROR
OrderStatus: VALID_BUT_NOT_DELIVERED
OrderNo: 41BFFB3F
Order Contents: [Pizza[name=Pizza B, priceInPence=2400], Pizza[name=Pizza B, priceInPence=2400], Pizza[name=Pizza C, priceInPence=2500], Pizza[name=Pizza A, priceInPence=2300]]
PriceTotalInPence: 9700
 -- Credit card info 
CreditCardNumber: 0000000000000000
CCV: 222
ExpiryDate: 04/26
]]></system-err>
  </testcase>
  <testcase name="test4PizzasInOneOrder" classname="uk.ac.ed.inf.OrderValidatorTest" time="0">
    <system-err><![CDATA[
 -- Order info 
OrderValidationCode: NO_ERROR
OrderStatus: VALID_BUT_NOT_DELIVERED
OrderNo: 70F70441
Order Contents: [Pizza[name=Pizza A, priceInPence=2300], Pizza[name=Pizza B, priceInPence=2400], Pizza[name=Pizza A, priceInPence=2300], Pizza[name=Pizza C, priceInPence=2500]]
PriceTotalInPence: 9600
 -- Credit card info 
CreditCardNumber: 0000000000000000
CCV: 222
ExpiryDate: 09/29
]]></system-err>
  </testcase>
  <testcase name="test4PizzasInOneOrder" classname="uk.ac.ed.inf.OrderValidatorTest" time="0">
    <system-err><![CDATA[
 -- Order info 
OrderValidationCode: NO_ERROR
OrderStatus: VALID_BUT_NOT_DELIVERED
OrderNo: 28D9B938
Order Contents: [Pizza[name=Pizza B, priceInPence=2400], Pizza[name=Pizza B, priceInPence=2400], Pizza[name=Pizza A, priceInPence=2300], Pizza[name=Pizza C, priceInPence=2500]]
PriceTotalInPence: 9700
 -- Credit card info 
CreditCardNumber: 0000000000000000
CCV: 222
ExpiryDate: 01/28
]]></system-err>
  </testcase>
  <testcase name="test4PizzasInOneOrder" classname="uk.ac.ed.inf.OrderValidatorTest" time="0">
    <system-err><![CDATA[
 -- Order info 
OrderValidationCode: NO_ERROR
OrderStatus: VALID_BUT_NOT_DELIVERED
OrderNo: 44EFFADE
Order Contents: [Pizza[name=Pizza B, priceInPence=2400], Pizza[name=Pizza B, priceInPence=2400], Pizza[name=Pizza C, priceInPence=2500], Pizza[name=Pizza A, priceInPence=2300]]
PriceTotalInPence: 9700
 -- Credit card info 
CreditCardNumber: 0000000000000000
CCV: 222
ExpiryDate: 08/29
]]></system-err>
  </testcase>
  <testcase name="test4PizzasInOneOrder" classname="uk.ac.ed.inf.OrderValidatorTest" time="0">
    <system-err><![CDATA[
 -- Order info 
OrderValidationCode: NO_ERROR
OrderStatus: VALID_BUT_NOT_DELIVERED
OrderNo: 30B97978
Order Contents: [Pizza[name=Pizza B, priceInPence=2400], Pizza[name=Pizza C, priceInPence=2500], Pizza[name=Pizza B, priceInPence=2400], Pizza[name=Pizza C, priceInPence=2500]]
PriceTotalInPence: 9900
 -- Credit card info 
CreditCardNumber: 0000000000000000
CCV: 222
ExpiryDate: 05/25
]]></system-err>
  </testcase>
  <testcase name="test4PizzasInOneOrder" classname="uk.ac.ed.inf.OrderValidatorTest" time="0">
    <system-err><![CDATA[
 -- Order info 
OrderValidationCode: NO_ERROR
OrderStatus: VALID_BUT_NOT_DELIVERED
OrderNo: 2C16EB31
Order Contents: [Pizza[name=Pizza B, priceInPence=2400], Pizza[name=Pizza A, priceInPence=2300], Pizza[name=Pizza C, priceInPence=2500], Pizza[name=Pizza A, priceInPence=2300]]
PriceTotalInPence: 9600
 -- Credit card info 
CreditCardNumber: 0000000000000000
CCV: 222
ExpiryDate: 07/24
]]></system-err>
  </testcase>
  <testcase name="test4PizzasInOneOrder" classname="uk.ac.ed.inf.OrderValidatorTest" time="0">
    <system-err><![CDATA[
 -- Order info 
OrderValidationCode: NO_ERROR
OrderStatus: VALID_BUT_NOT_DELIVERED
OrderNo: 638528EE
Order Contents: [Pizza[name=Pizza A, priceInPence=2300], Pizza[name=Pizza A, priceInPence=2300], Pizza[name=Pizza A, priceInPence=2300], Pizza[name=Pizza A, priceInPence=2300]]
PriceTotalInPence: 9300
 -- Credit card info 
CreditCardNumber: 0000000000000000
CCV: 222
ExpiryDate: 10/27
]]></system-err>
  </testcase>
  <testcase name="test4PizzasInOneOrder" classname="uk.ac.ed.inf.OrderValidatorTest" time="0">
    <system-err><![CDATA[
 -- Order info 
OrderValidationCode: NO_ERROR
OrderStatus: VALID_BUT_NOT_DELIVERED
OrderNo: 3E9D69FC
Order Contents: [Pizza[name=Pizza B, priceInPence=2400], Pizza[name=Pizza C, priceInPence=2500], Pizza[name=Pizza B, priceInPence=2400], Pizza[name=Pizza A, priceInPence=2300]]
PriceTotalInPence: 9700
 -- Credit card info 
CreditCardNumber: 0000000000000000
CCV: 222
ExpiryDate: 11/26
]]></system-err>
  </testcase>
  <testcase name="test4PizzasInOneOrder" classname="uk.ac.ed.inf.OrderValidatorTest" time="0">
    <system-err><![CDATA[
 -- Order info 
OrderValidationCode: NO_ERROR
OrderStatus: VALID_BUT_NOT_DELIVERED
OrderNo: 7DB91C7E
Order Contents: [Pizza[name=Pizza C, priceInPence=2500], Pizza[name=Pizza C, priceInPence=2500], Pizza[name=Pizza A, priceInPence=2300], Pizza[name=Pizza A, priceInPence=2300]]
PriceTotalInPence: 9700
 -- Credit card info 
CreditCardNumber: 0000000000000000
CCV: 222
ExpiryDate: 04/28
]]></system-err>
  </testcase>
  <testcase name="test4PizzasInOneOrder" classname="uk.ac.ed.inf.OrderValidatorTest" time="0">
    <system-err><![CDATA[
 -- Order info 
OrderValidationCode: NO_ERROR
OrderStatus: VALID_BUT_NOT_DELIVERED
OrderNo: 193BE90D
Order Contents: [Pizza[name=Pizza B, priceInPence=2400], Pizza[name=Pizza B, priceInPence=2400], Pizza[name=Pizza B, priceInPence=2400], Pizza[name=Pizza B, priceInPence=2400]]
PriceTotalInPence: 9700
 -- Credit card info 
CreditCardNumber: 0000000000000000
CCV: 222
ExpiryDate: 04/24
]]></system-err>
  </testcase>
  <testcase name="test4PizzasInOneOrder" classname="uk.ac.ed.inf.OrderValidatorTest" time="0">
    <system-err><![CDATA[
 -- Order info 
OrderValidationCode: NO_ERROR
OrderStatus: VALID_BUT_NOT_DELIVERED
OrderNo: 6980CD8A
Order Contents: [Pizza[name=Pizza B, priceInPence=2400], Pizza[name=Pizza A, priceInPence=2300], Pizza[name=Pizza A, priceInPence=2300], Pizza[name=Pizza A, priceInPence=2300]]
PriceTotalInPence: 9400
 -- Credit card info 
CreditCardNumber: 0000000000000000
CCV: 222
ExpiryDate: 03/24
]]></system-err>
  </testcase>
  <testcase name="test4PizzasInOneOrder" classname="uk.ac.ed.inf.OrderValidatorTest" time="0">
    <system-err><![CDATA[
 -- Order info 
OrderValidationCode: NO_ERROR
OrderStatus: VALID_BUT_NOT_DELIVERED
OrderNo: 2F224E48
Order Contents: [Pizza[name=Pizza B, priceInPence=2400], Pizza[name=Pizza C, priceInPence=2500], Pizza[name=Pizza C, priceInPence=2500], Pizza[name=Pizza B, priceInPence=2400]]
PriceTotalInPence: 9900
 -- Credit card info 
CreditCardNumber: 0000000000000000
CCV: 222
ExpiryDate: 09/26
]]></system-err>
  </testcase>
  <testcase name="test4PizzasInOneOrder" classname="uk.ac.ed.inf.OrderValidatorTest" time="0">
    <system-err><![CDATA[
 -- Order info 
OrderValidationCode: NO_ERROR
OrderStatus: VALID_BUT_NOT_DELIVERED
OrderNo: 58EBABD1
Order Contents: [Pizza[name=Pizza A, priceInPence=2300], Pizza[name=Pizza C, priceInPence=2500], Pizza[name=Pizza C, priceInPence=2500], Pizza[name=Pizza B, priceInPence=2400]]
PriceTotalInPence: 9800
 -- Credit card info 
CreditCardNumber: 0000000000000000
CCV: 222
ExpiryDate: 09/28
]]></system-err>
  </testcase>
  <testcase name="test4PizzasInOneOrder" classname="uk.ac.ed.inf.OrderValidatorTest" time="0">
    <system-err><![CDATA[
 -- Order info 
OrderValidationCode: NO_ERROR
OrderStatus: VALID_BUT_NOT_DELIVERED
OrderNo: 498502A3
Order Contents: [Pizza[name=Pizza A, priceInPence=2300], Pizza[name=Pizza A, priceInPence=2300], Pizza[name=Pizza A, priceInPence=2300], Pizza[name=Pizza C, priceInPence=2500]]
PriceTotalInPence: 9500
 -- Credit card info 
CreditCardNumber: 0000000000000000
CCV: 222
ExpiryDate: 05/29
]]></system-err>
  </testcase>
  <testcase name="test4PizzasInOneOrder" classname="uk.ac.ed.inf.OrderValidatorTest" time="0">
    <system-err><![CDATA[
 -- Order info 
OrderValidationCode: NO_ERROR
OrderStatus: VALID_BUT_NOT_DELIVERED
OrderNo: 699BA98C
Order Contents: [Pizza[name=Pizza A, priceInPence=2300], Pizza[name=Pizza C, priceInPence=2500], Pizza[name=Pizza C, priceInPence=2500], Pizza[name=Pizza A, priceInPence=2300]]
PriceTotalInPence: 9700
 -- Credit card info 
CreditCardNumber: 0000000000000000
CCV: 222
ExpiryDate: 09/28
]]></system-err>
  </testcase>
  <testcase name="test4PizzasInOneOrder" classname="uk.ac.ed.inf.OrderValidatorTest" time="0">
    <system-err><![CDATA[
 -- Order info 
OrderValidationCode: NO_ERROR
OrderStatus: VALID_BUT_NOT_DELIVERED
OrderNo: 59A322A5
Order Contents: [Pizza[name=Pizza C, priceInPence=2500], Pizza[name=Pizza C, priceInPence=2500], Pizza[name=Pizza A, priceInPence=2300], Pizza[name=Pizza B, priceInPence=2400]]
PriceTotalInPence: 9800
 -- Credit card info 
CreditCardNumber: 0000000000000000
CCV: 222
ExpiryDate: 05/27
]]></system-err>
  </testcase>
  <testcase name="test4PizzasInOneOrder" classname="uk.ac.ed.inf.OrderValidatorTest" time="0">
    <system-err><![CDATA[
 -- Order info 
OrderValidationCode: NO_ERROR
OrderStatus: VALID_BUT_NOT_DELIVERED
OrderNo: 39A90EB5
Order Contents: [Pizza[name=Pizza C, priceInPence=2500], Pizza[name=Pizza C, priceInPence=2500], Pizza[name=Pizza C, priceInPence=2500], Pizza[name=Pizza B, priceInPence=2400]]
PriceTotalInPence: 10000
 -- Credit card info 
CreditCardNumber: 0000000000000000
CCV: 222
ExpiryDate: 03/24
]]></system-err>
  </testcase>
  <testcase name="test4PizzasInOneOrder" classname="uk.ac.ed.inf.OrderValidatorTest" time="0">
    <system-err><![CDATA[
 -- Order info 
OrderValidationCode: NO_ERROR
OrderStatus: VALID_BUT_NOT_DELIVERED
OrderNo: 68134259
Order Contents: [Pizza[name=Pizza C, priceInPence=2500], Pizza[name=Pizza A, priceInPence=2300], Pizza[name=Pizza A, priceInPence=2300], Pizza[name=Pizza A, priceInPence=2300]]
PriceTotalInPence: 9500
 -- Credit card info 
CreditCardNumber: 0000000000000000
CCV: 222
ExpiryDate: 06/27
]]></system-err>
  </testcase>
  <testcase name="test4PizzasInOneOrder" classname="uk.ac.ed.inf.OrderValidatorTest" time="0">
    <system-err><![CDATA[
 -- Order info 
OrderValidationCode: NO_ERROR
OrderStatus: VALID_BUT_NOT_DELIVERED
OrderNo: 37A72C08
Order Contents: [Pizza[name=Pizza A, priceInPence=2300], Pizza[name=Pizza A, priceInPence=2300], Pizza[name=Pizza B, priceInPence=2400], Pizza[name=Pizza B, priceInPence=2400]]
PriceTotalInPence: 9500
 -- Credit card info 
CreditCardNumber: 0000000000000000
CCV: 222
ExpiryDate: 09/24
]]></system-err>
  </testcase>
  <testcase name="test4PizzasInOneOrder" classname="uk.ac.ed.inf.OrderValidatorTest" time="0">
    <system-err><![CDATA[
 -- Order info 
OrderValidationCode: NO_ERROR
OrderStatus: VALID_BUT_NOT_DELIVERED
OrderNo: 24FAD889
Order Contents: [Pizza[name=Pizza C, priceInPence=2500], Pizza[name=Pizza C, priceInPence=2500], Pizza[name=Pizza A, priceInPence=2300], Pizza[name=Pizza B, priceInPence=2400]]
PriceTotalInPence: 9800
 -- Credit card info 
CreditCardNumber: 0000000000000000
CCV: 222
ExpiryDate: 01/26
]]></system-err>
  </testcase>
  <testcase name="test4PizzasInOneOrder" classname="uk.ac.ed.inf.OrderValidatorTest" time="0">
    <system-err><![CDATA[
 -- Order info 
OrderValidationCode: NO_ERROR
OrderStatus: VALID_BUT_NOT_DELIVERED
OrderNo: 46A14962
Order Contents: [Pizza[name=Pizza A, priceInPence=2300], Pizza[name=Pizza B, priceInPence=2400], Pizza[name=Pizza A, priceInPence=2300], Pizza[name=Pizza B, priceInPence=2400]]
PriceTotalInPence: 9500
 -- Credit card info 
CreditCardNumber: 0000000000000000
CCV: 222
ExpiryDate: 09/25
]]></system-err>
  </testcase>
  <testcase name="test4PizzasInOneOrder" classname="uk.ac.ed.inf.OrderValidatorTest" time="0">
    <system-err><![CDATA[
 -- Order info 
OrderValidationCode: NO_ERROR
OrderStatus: VALID_BUT_NOT_DELIVERED
OrderNo: 72E7EB77
Order Contents: [Pizza[name=Pizza B, priceInPence=2400], Pizza[name=Pizza C, priceInPence=2500], Pizza[name=Pizza B, priceInPence=2400], Pizza[name=Pizza C, priceInPence=2500]]
PriceTotalInPence: 9900
 -- Credit card info 
CreditCardNumber: 0000000000000000
CCV: 222
ExpiryDate: 01/29
]]></system-err>
  </testcase>
  <testcase name="test4PizzasInOneOrder" classname="uk.ac.ed.inf.OrderValidatorTest" time="0">
    <system-err><![CDATA[
 -- Order info 
OrderValidationCode: NO_ERROR
OrderStatus: VALID_BUT_NOT_DELIVERED
OrderNo: 7379C5ED
Order Contents: [Pizza[name=Pizza C, priceInPence=2500], Pizza[name=Pizza C, priceInPence=2500], Pizza[name=Pizza A, priceInPence=2300], Pizza[name=Pizza B, priceInPence=2400]]
PriceTotalInPence: 9800
 -- Credit card info 
CreditCardNumber: 0000000000000000
CCV: 222
ExpiryDate: 02/29
]]></system-err>
  </testcase>
  <testcase name="test4PizzasInOneOrder" classname="uk.ac.ed.inf.OrderValidatorTest" time="0">
    <system-err><![CDATA[
 -- Order info 
OrderValidationCode: NO_ERROR
OrderStatus: VALID_BUT_NOT_DELIVERED
OrderNo: 38AC47EE
Order Contents: [Pizza[name=Pizza A, priceInPence=2300], Pizza[name=Pizza B, priceInPence=2400], Pizza[name=Pizza A, priceInPence=2300], Pizza[name=Pizza A, priceInPence=2300]]
PriceTotalInPence: 9400
 -- Credit card info 
CreditCardNumber: 0000000000000000
CCV: 222
ExpiryDate: 07/26
]]></system-err>
  </testcase>
  <testcase name="test4PizzasInOneOrder" classname="uk.ac.ed.inf.OrderValidatorTest" time="0">
    <system-err><![CDATA[
 -- Order info 
OrderValidationCode: NO_ERROR
OrderStatus: VALID_BUT_NOT_DELIVERED
OrderNo: 6CB821B9
Order Contents: [Pizza[name=Pizza C, priceInPence=2500], Pizza[name=Pizza A, priceInPence=2300], Pizza[name=Pizza B, priceInPence=2400], Pizza[name=Pizza C, priceInPence=2500]]
PriceTotalInPence: 9800
 -- Credit card info 
CreditCardNumber: 0000000000000000
CCV: 222
ExpiryDate: 05/24
]]></system-err>
  </testcase>
  <testcase name="test4PizzasInOneOrder" classname="uk.ac.ed.inf.OrderValidatorTest" time="0">
    <system-err><![CDATA[
 -- Order info 
OrderValidationCode: NO_ERROR
OrderStatus: VALID_BUT_NOT_DELIVERED
OrderNo: 278CE657
Order Contents: [Pizza[name=Pizza C, priceInPence=2500], Pizza[name=Pizza B, priceInPence=2400], Pizza[name=Pizza C, priceInPence=2500], Pizza[name=Pizza A, priceInPence=2300]]
PriceTotalInPence: 9800
 -- Credit card info 
CreditCardNumber: 0000000000000000
CCV: 222
ExpiryDate: 09/25
]]></system-err>
  </testcase>
  <testcase name="test4PizzasInOneOrder" classname="uk.ac.ed.inf.OrderValidatorTest" time="0">
    <system-err><![CDATA[
 -- Order info 
OrderValidationCode: NO_ERROR
OrderStatus: VALID_BUT_NOT_DELIVERED
OrderNo: 6CF70F79
Order Contents: [Pizza[name=Pizza C, priceInPence=2500], Pizza[name=Pizza A, priceInPence=2300], Pizza[name=Pizza C, priceInPence=2500], Pizza[name=Pizza B, priceInPence=2400]]
PriceTotalInPence: 9800
 -- Credit card info 
CreditCardNumber: 0000000000000000
CCV: 222
ExpiryDate: 07/24
]]></system-err>
  </testcase>
  <testcase name="test4PizzasInOneOrder" classname="uk.ac.ed.inf.OrderValidatorTest" time="0">
    <system-err><![CDATA[
 -- Order info 
OrderValidationCode: NO_ERROR
OrderStatus: VALID_BUT_NOT_DELIVERED
OrderNo: 03ECBAD6
Order Contents: [Pizza[name=Pizza A, priceInPence=2300], Pizza[name=Pizza C, priceInPence=2500], Pizza[name=Pizza C, priceInPence=2500], Pizza[name=Pizza A, priceInPence=2300]]
PriceTotalInPence: 9700
 -- Credit card info 
CreditCardNumber: 0000000000000000
CCV: 222
ExpiryDate: 11/29
]]></system-err>
  </testcase>
  <testcase name="test4PizzasInOneOrder" classname="uk.ac.ed.inf.OrderValidatorTest" time="0">
    <system-err><![CDATA[
 -- Order info 
OrderValidationCode: NO_ERROR
OrderStatus: VALID_BUT_NOT_DELIVERED
OrderNo: 7419E712
Order Contents: [Pizza[name=Pizza C, priceInPence=2500], Pizza[name=Pizza C, priceInPence=2500], Pizza[name=Pizza B, priceInPence=2400], Pizza[name=Pizza B, priceInPence=2400]]
PriceTotalInPence: 9900
 -- Credit card info 
CreditCardNumber: 0000000000000000
CCV: 222
ExpiryDate: 06/29
]]></system-err>
  </testcase>
  <testcase name="test4PizzasInOneOrder" classname="uk.ac.ed.inf.OrderValidatorTest" time="0">
    <system-err><![CDATA[
 -- Order info 
OrderValidationCode: NO_ERROR
OrderStatus: VALID_BUT_NOT_DELIVERED
OrderNo: 7D1054C3
Order Contents: [Pizza[name=Pizza C, priceInPence=2500], Pizza[name=Pizza B, priceInPence=2400], Pizza[name=Pizza C, priceInPence=2500], Pizza[name=Pizza C, priceInPence=2500]]
PriceTotalInPence: 10000
 -- Credit card info 
CreditCardNumber: 0000000000000000
CCV: 222
ExpiryDate: 06/28
]]></system-err>
  </testcase>
  <testcase name="test4PizzasInOneOrder" classname="uk.ac.ed.inf.OrderValidatorTest" time="0">
    <system-err><![CDATA[
 -- Order info 
OrderValidationCode: NO_ERROR
OrderStatus: VALID_BUT_NOT_DELIVERED
OrderNo: 48634413
Order Contents: [Pizza[name=Pizza B, priceInPence=2400], Pizza[name=Pizza A, priceInPence=2300], Pizza[name=Pizza A, priceInPence=2300], Pizza[name=Pizza C, priceInPence=2500]]
PriceTotalInPence: 9600
 -- Credit card info 
CreditCardNumber: 0000000000000000
CCV: 222
ExpiryDate: 07/26
]]></system-err>
  </testcase>
  <testcase name="test4PizzasInOneOrder" classname="uk.ac.ed.inf.OrderValidatorTest" time="0">
    <system-err><![CDATA[
 -- Order info 
OrderValidationCode: NO_ERROR
OrderStatus: VALID_BUT_NOT_DELIVERED
OrderNo: 6D0272EA
Order Contents: [Pizza[name=Pizza C, priceInPence=2500], Pizza[name=Pizza B, priceInPence=2400], Pizza[name=Pizza A, priceInPence=2300], Pizza[name=Pizza A, priceInPence=2300]]
PriceTotalInPence: 9600
 -- Credit card info 
CreditCardNumber: 0000000000000000
CCV: 222
ExpiryDate: 07/27
]]></system-err>
  </testcase>
  <testcase name="testCreditCardNumberEmptyString" classname="uk.ac.ed.inf.OrderValidatorTest" time="0">
    <system-err><![CDATA[
 -- Order info 
OrderValidationCode: CARD_NUMBER_INVALID
OrderStatus: INVALID
OrderNo: 18967EBA
Order Contents: [Pizza[name=Pizza A, priceInPence=2300]]
PriceTotalInPence: 2400
 -- Credit card info 
CreditCardNumber: 
CCV: 222
ExpiryDate: 05/24
]]></system-err>
  </testcase>
  <testcase name="testCreditCardNumberEmptyString" classname="uk.ac.ed.inf.OrderValidatorTest" time="0">
    <system-err><![CDATA[
 -- Order info 
OrderValidationCode: CARD_NUMBER_INVALID
OrderStatus: INVALID
OrderNo: 191E1080
Order Contents: [Pizza[name=Pizza B, priceInPence=2400]]
PriceTotalInPence: 2500
 -- Credit card info 
CreditCardNumber: 
CCV: 222
ExpiryDate: 01/26
]]></system-err>
  </testcase>
  <testcase name="testCreditCardNumberEmptyString" classname="uk.ac.ed.inf.OrderValidatorTest" time="0">
    <system-err><![CDATA[
 -- Order info 
OrderValidationCode: CARD_NUMBER_INVALID
OrderStatus: INVALID
OrderNo: 168EFD2C
Order Contents: [Pizza[name=Pizza C, priceInPence=2500]]
PriceTotalInPence: 2600
 -- Credit card info 
CreditCardNumber: 
CCV: 222
ExpiryDate: 01/24
]]></system-err>
  </testcase>
  <testcase name="testCreditCardNumberEmptyString" classname="uk.ac.ed.inf.OrderValidatorTest" time="0">
    <system-err><![CDATA[
 -- Order info 
OrderValidationCode: CARD_NUMBER_INVALID
OrderStatus: INVALID
OrderNo: 2009A987
Order Contents: [Pizza[name=Pizza A, priceInPence=2300]]
PriceTotalInPence: 2400
 -- Credit card info 
CreditCardNumber: 
CCV: 222
ExpiryDate: 11/29
]]></system-err>
  </testcase>
  <testcase name="testCreditCardNumberEmptyString" classname="uk.ac.ed.inf.OrderValidatorTest" time="0">
    <system-err><![CDATA[
 -- Order info 
OrderValidationCode: CARD_NUMBER_INVALID
OrderStatus: INVALID
OrderNo: 7307434F
Order Contents: [Pizza[name=Pizza A, priceInPence=2300]]
PriceTotalInPence: 2400
 -- Credit card info 
CreditCardNumber: 
CCV: 222
ExpiryDate: 08/24
]]></system-err>
  </testcase>
  <testcase name="testCreditCardNumberEmptyString" classname="uk.ac.ed.inf.OrderValidatorTest" time="0">
    <system-err><![CDATA[
 -- Order info 
OrderValidationCode: CARD_NUMBER_INVALID
OrderStatus: INVALID
OrderNo: 66DE80FF
Order Contents: [Pizza[name=Pizza A, priceInPence=2300]]
PriceTotalInPence: 2400
 -- Credit card info 
CreditCardNumber: 
CCV: 222
ExpiryDate: 03/27
]]></system-err>
  </testcase>
  <testcase name="testCreditCardNumberEmptyString" classname="uk.ac.ed.inf.OrderValidatorTest" time="0">
    <system-err><![CDATA[
 -- Order info 
OrderValidationCode: CARD_NUMBER_INVALID
OrderStatus: INVALID
OrderNo: 23783674
Order Contents: [Pizza[name=Pizza C, priceInPence=2500]]
PriceTotalInPence: 2600
 -- Credit card info 
CreditCardNumber: 
CCV: 222
ExpiryDate: 01/24
]]></system-err>
  </testcase>
  <testcase name="testCreditCardNumberEmptyString" classname="uk.ac.ed.inf.OrderValidatorTest" time="0">
    <system-err><![CDATA[
 -- Order info 
OrderValidationCode: CARD_NUMBER_INVALID
OrderStatus: INVALID
OrderNo: 10286D1E
Order Contents: [Pizza[name=Pizza B, priceInPence=2400]]
PriceTotalInPence: 2500
 -- Credit card info 
CreditCardNumber: 
CCV: 222
ExpiryDate: 07/28
]]></system-err>
  </testcase>
  <testcase name="testCreditCardNumberEmptyString" classname="uk.ac.ed.inf.OrderValidatorTest" time="0">
    <system-err><![CDATA[
 -- Order info 
OrderValidationCode: CARD_NUMBER_INVALID
OrderStatus: INVALID
OrderNo: 7089CDD3
Order Contents: [Pizza[name=Pizza A, priceInPence=2300]]
PriceTotalInPence: 2400
 -- Credit card info 
CreditCardNumber: 
CCV: 222
ExpiryDate: 10/29
]]></system-err>
  </testcase>
  <testcase name="testCreditCardNumberEmptyString" classname="uk.ac.ed.inf.OrderValidatorTest" time="0">
    <system-err><![CDATA[
 -- Order info 
OrderValidationCode: CARD_NUMBER_INVALID
OrderStatus: INVALID
OrderNo: 0EFA798E
Order Contents: [Pizza[name=Pizza C, priceInPence=2500]]
PriceTotalInPence: 2600
 -- Credit card info 
CreditCardNumber: 
CCV: 222
ExpiryDate: 10/25
]]></system-err>
  </testcase>
  <testcase name="testCreditCardNumberEmptyString" classname="uk.ac.ed.inf.OrderValidatorTest" time="0">
    <system-err><![CDATA[
 -- Order info 
OrderValidationCode: CARD_NUMBER_INVALID
OrderStatus: INVALID
OrderNo: 7EC20EEE
Order Contents: [Pizza[name=Pizza A, priceInPence=2300]]
PriceTotalInPence: 2400
 -- Credit card info 
CreditCardNumber: 
CCV: 222
ExpiryDate: 01/24
]]></system-err>
  </testcase>
  <testcase name="testCreditCardNumberEmptyString" classname="uk.ac.ed.inf.OrderValidatorTest" time="0">
    <system-err><![CDATA[
 -- Order info 
OrderValidationCode: CARD_NUMBER_INVALID
OrderStatus: INVALID
OrderNo: 7BDCDC62
Order Contents: [Pizza[name=Pizza C, priceInPence=2500]]
PriceTotalInPence: 2600
 -- Credit card info 
CreditCardNumber: 
CCV: 222
ExpiryDate: 04/27
]]></system-err>
  </testcase>
  <testcase name="testCreditCardNumberEmptyString" classname="uk.ac.ed.inf.OrderValidatorTest" time="0">
    <system-err><![CDATA[
 -- Order info 
OrderValidationCode: CARD_NUMBER_INVALID
OrderStatus: INVALID
OrderNo: 025017D7
Order Contents: [Pizza[name=Pizza B, priceInPence=2400]]
PriceTotalInPence: 2500
 -- Credit card info 
CreditCardNumber: 
CCV: 222
ExpiryDate: 02/26
]]></system-err>
  </testcase>
  <testcase name="testCreditCardNumberEmptyString" classname="uk.ac.ed.inf.OrderValidatorTest" time="0">
    <system-err><![CDATA[
 -- Order info 
OrderValidationCode: CARD_NUMBER_INVALID
OrderStatus: INVALID
OrderNo: 75B12B42
Order Contents: [Pizza[name=Pizza B, priceInPence=2400]]
PriceTotalInPence: 2500
 -- Credit card info 
CreditCardNumber: 
CCV: 222
ExpiryDate: 04/29
]]></system-err>
  </testcase>
  <testcase name="testCreditCardNumberEmptyString" classname="uk.ac.ed.inf.OrderValidatorTest" time="0">
    <system-err><![CDATA[
 -- Order info 
OrderValidationCode: CARD_NUMBER_INVALID
OrderStatus: INVALID
OrderNo: 5F2054F7
Order Contents: [Pizza[name=Pizza A, priceInPence=2300]]
PriceTotalInPence: 2400
 -- Credit card info 
CreditCardNumber: 
CCV: 222
ExpiryDate: 07/25
]]></system-err>
  </testcase>
  <testcase name="testCreditCardNumberEmptyString" classname="uk.ac.ed.inf.OrderValidatorTest" time="0">
    <system-err><![CDATA[
 -- Order info 
OrderValidationCode: CARD_NUMBER_INVALID
OrderStatus: INVALID
OrderNo: 52ED7E01
Order Contents: [Pizza[name=Pizza C, priceInPence=2500]]
PriceTotalInPence: 2600
 -- Credit card info 
CreditCardNumber: 
CCV: 222
ExpiryDate: 03/26
]]></system-err>
  </testcase>
  <testcase name="testCreditCardNumberEmptyString" classname="uk.ac.ed.inf.OrderValidatorTest" time="0">
    <system-err><![CDATA[
 -- Order info 
OrderValidationCode: CARD_NUMBER_INVALID
OrderStatus: INVALID
OrderNo: 5D205903
Order Contents: [Pizza[name=Pizza C, priceInPence=2500]]
PriceTotalInPence: 2600
 -- Credit card info 
CreditCardNumber: 
CCV: 222
ExpiryDate: 09/29
]]></system-err>
  </testcase>
  <testcase name="testCreditCardNumberEmptyString" classname="uk.ac.ed.inf.OrderValidatorTest" time="0">
    <system-err><![CDATA[
 -- Order info 
OrderValidationCode: CARD_NUMBER_INVALID
OrderStatus: INVALID
OrderNo: 56321D55
Order Contents: [Pizza[name=Pizza B, priceInPence=2400]]
PriceTotalInPence: 2500
 -- Credit card info 
CreditCardNumber: 
CCV: 222
ExpiryDate: 03/24
]]></system-err>
  </testcase>
  <testcase name="testCreditCardNumberEmptyString" classname="uk.ac.ed.inf.OrderValidatorTest" time="0">
    <system-err><![CDATA[
 -- Order info 
OrderValidationCode: CARD_NUMBER_INVALID
OrderStatus: INVALID
OrderNo: 5E51BF3F
Order Contents: [Pizza[name=Pizza B, priceInPence=2400]]
PriceTotalInPence: 2500
 -- Credit card info 
CreditCardNumber: 
CCV: 222
ExpiryDate: 02/28
]]></system-err>
  </testcase>
  <testcase name="testCreditCardNumberEmptyString" classname="uk.ac.ed.inf.OrderValidatorTest" time="0">
    <system-err><![CDATA[
 -- Order info 
OrderValidationCode: CARD_NUMBER_INVALID
OrderStatus: INVALID
OrderNo: 17379051
Order Contents: [Pizza[name=Pizza B, priceInPence=2400]]
PriceTotalInPence: 2500
 -- Credit card info 
CreditCardNumber: 
CCV: 222
ExpiryDate: 08/26
]]></system-err>
  </testcase>
  <testcase name="testCreditCardNumberEmptyString" classname="uk.ac.ed.inf.OrderValidatorTest" time="0">
    <system-err><![CDATA[
 -- Order info 
OrderValidationCode: CARD_NUMBER_INVALID
OrderStatus: INVALID
OrderNo: 43044CB3
Order Contents: [Pizza[name=Pizza C, priceInPence=2500]]
PriceTotalInPence: 2600
 -- Credit card info 
CreditCardNumber: 
CCV: 222
ExpiryDate: 02/28
]]></system-err>
  </testcase>
  <testcase name="testCreditCardNumberEmptyString" classname="uk.ac.ed.inf.OrderValidatorTest" time="0">
    <system-err><![CDATA[
 -- Order info 
OrderValidationCode: CARD_NUMBER_INVALID
OrderStatus: INVALID
OrderNo: 68619B6C
Order Contents: [Pizza[name=Pizza A, priceInPence=2300]]
PriceTotalInPence: 2400
 -- Credit card info 
CreditCardNumber: 
CCV: 222
ExpiryDate: 06/28
]]></system-err>
  </testcase>
  <testcase name="testCreditCardNumberEmptyString" classname="uk.ac.ed.inf.OrderValidatorTest" time="0">
    <system-err><![CDATA[
 -- Order info 
OrderValidationCode: CARD_NUMBER_INVALID
OrderStatus: INVALID
OrderNo: 6255F5BA
Order Contents: [Pizza[name=Pizza A, priceInPence=2300]]
PriceTotalInPence: 2400
 -- Credit card info 
CreditCardNumber: 
CCV: 222
ExpiryDate: 01/28
]]></system-err>
  </testcase>
  <testcase name="testCreditCardNumberEmptyString" classname="uk.ac.ed.inf.OrderValidatorTest" time="0">
    <system-err><![CDATA[
 -- Order info 
OrderValidationCode: CARD_NUMBER_INVALID
OrderStatus: INVALID
OrderNo: 052E4F4A
Order Contents: [Pizza[name=Pizza A, priceInPence=2300]]
PriceTotalInPence: 2400
 -- Credit card info 
CreditCardNumber: 
CCV: 222
ExpiryDate: 11/27
]]></system-err>
  </testcase>
  <testcase name="testCreditCardNumberEmptyString" classname="uk.ac.ed.inf.OrderValidatorTest" time="0">
    <system-err><![CDATA[
 -- Order info 
OrderValidationCode: CARD_NUMBER_INVALID
OrderStatus: INVALID
OrderNo: 2EB0A5C3
Order Contents: [Pizza[name=Pizza C, priceInPence=2500]]
PriceTotalInPence: 2600
 -- Credit card info 
CreditCardNumber: 
CCV: 222
ExpiryDate: 09/25
]]></system-err>
  </testcase>
  <testcase name="testCreditCardNumberEmptyString" classname="uk.ac.ed.inf.OrderValidatorTest" time="0">
    <system-err><![CDATA[
 -- Order info 
OrderValidationCode: CARD_NUMBER_INVALID
OrderStatus: INVALID
OrderNo: 0C1F7B54
Order Contents: [Pizza[name=Pizza A, priceInPence=2300]]
PriceTotalInPence: 2400
 -- Credit card info 
CreditCardNumber: 
CCV: 222
ExpiryDate: 11/25
]]></system-err>
  </testcase>
  <testcase name="testCreditCardNumberEmptyString" classname="uk.ac.ed.inf.OrderValidatorTest" time="0">
    <system-err><![CDATA[
 -- Order info 
OrderValidationCode: CARD_NUMBER_INVALID
OrderStatus: INVALID
OrderNo: 2BB4B868
Order Contents: [Pizza[name=Pizza C, priceInPence=2500]]
PriceTotalInPence: 2600
 -- Credit card info 
CreditCardNumber: 
CCV: 222
ExpiryDate: 03/28
]]></system-err>
  </testcase>
  <testcase name="testCreditCardNumberEmptyString" classname="uk.ac.ed.inf.OrderValidatorTest" time="0">
    <system-err><![CDATA[
 -- Order info 
OrderValidationCode: CARD_NUMBER_INVALID
OrderStatus: INVALID
OrderNo: 6CE76801
Order Contents: [Pizza[name=Pizza C, priceInPence=2500]]
PriceTotalInPence: 2600
 -- Credit card info 
CreditCardNumber: 
CCV: 222
ExpiryDate: 01/28
]]></system-err>
  </testcase>
  <testcase name="testCreditCardNumberEmptyString" classname="uk.ac.ed.inf.OrderValidatorTest" time="0">
    <system-err><![CDATA[
 -- Order info 
OrderValidationCode: CARD_NUMBER_INVALID
OrderStatus: INVALID
OrderNo: 61DBDFA6
Order Contents: [Pizza[name=Pizza B, priceInPence=2400]]
PriceTotalInPence: 2500
 -- Credit card info 
CreditCardNumber: 
CCV: 222
ExpiryDate: 07/28
]]></system-err>
  </testcase>
  <testcase name="testCreditCardNumberEmptyString" classname="uk.ac.ed.inf.OrderValidatorTest" time="0">
    <system-err><![CDATA[
 -- Order info 
OrderValidationCode: CARD_NUMBER_INVALID
OrderStatus: INVALID
OrderNo: 2D6172F8
Order Contents: [Pizza[name=Pizza B, priceInPence=2400]]
PriceTotalInPence: 2500
 -- Credit card info 
CreditCardNumber: 
CCV: 222
ExpiryDate: 05/27
]]></system-err>
  </testcase>
  <testcase name="testCreditCardNumberEmptyString" classname="uk.ac.ed.inf.OrderValidatorTest" time="0">
    <system-err><![CDATA[
 -- Order info 
OrderValidationCode: CARD_NUMBER_INVALID
OrderStatus: INVALID
OrderNo: 3562BE8E
Order Contents: [Pizza[name=Pizza A, priceInPence=2300]]
PriceTotalInPence: 2400
 -- Credit card info 
CreditCardNumber: 
CCV: 222
ExpiryDate: 03/28
]]></system-err>
  </testcase>
  <testcase name="testCreditCardNumberEmptyString" classname="uk.ac.ed.inf.OrderValidatorTest" time="0">
    <system-err><![CDATA[
 -- Order info 
OrderValidationCode: CARD_NUMBER_INVALID
OrderStatus: INVALID
OrderNo: 5CB628B7
Order Contents: [Pizza[name=Pizza C, priceInPence=2500]]
PriceTotalInPence: 2600
 -- Credit card info 
CreditCardNumber: 
CCV: 222
ExpiryDate: 08/26
]]></system-err>
  </testcase>
  <testcase name="testCreditCardNumberEmptyString" classname="uk.ac.ed.inf.OrderValidatorTest" time="0">
    <system-err><![CDATA[
 -- Order info 
OrderValidationCode: CARD_NUMBER_INVALID
OrderStatus: INVALID
OrderNo: 6513F2B9
Order Contents: [Pizza[name=Pizza B, priceInPence=2400]]
PriceTotalInPence: 2500
 -- Credit card info 
CreditCardNumber: 
CCV: 222
ExpiryDate: 07/28
]]></system-err>
  </testcase>
  <testcase name="testCreditCardNumberEmptyString" classname="uk.ac.ed.inf.OrderValidatorTest" time="0">
    <system-err><![CDATA[
 -- Order info 
OrderValidationCode: CARD_NUMBER_INVALID
OrderStatus: INVALID
OrderNo: 0FA0564B
Order Contents: [Pizza[name=Pizza C, priceInPence=2500]]
PriceTotalInPence: 2600
 -- Credit card info 
CreditCardNumber: 
CCV: 222
ExpiryDate: 02/27
]]></system-err>
  </testcase>
  <testcase name="testCreditCardNumberEmptyString" classname="uk.ac.ed.inf.OrderValidatorTest" time="0">
    <system-err><![CDATA[
 -- Order info 
OrderValidationCode: CARD_NUMBER_INVALID
OrderStatus: INVALID
OrderNo: 76057E4F
Order Contents: [Pizza[name=Pizza B, priceInPence=2400]]
PriceTotalInPence: 2500
 -- Credit card info 
CreditCardNumber: 
CCV: 222
ExpiryDate: 07/26
]]></system-err>
  </testcase>
  <testcase name="testCreditCardNumberEmptyString" classname="uk.ac.ed.inf.OrderValidatorTest" time="0">
    <system-err><![CDATA[
 -- Order info 
OrderValidationCode: CARD_NUMBER_INVALID
OrderStatus: INVALID
OrderNo: 216A44A0
Order Contents: [Pizza[name=Pizza B, priceInPence=2400]]
PriceTotalInPence: 2500
 -- Credit card info 
CreditCardNumber: 
CCV: 222
ExpiryDate: 11/24
]]></system-err>
  </testcase>
  <testcase name="testCreditCardNumberEmptyString" classname="uk.ac.ed.inf.OrderValidatorTest" time="0">
    <system-err><![CDATA[
 -- Order info 
OrderValidationCode: CARD_NUMBER_INVALID
OrderStatus: INVALID
OrderNo: 419B557E
Order Contents: [Pizza[name=Pizza C, priceInPence=2500]]
PriceTotalInPence: 2600
 -- Credit card info 
CreditCardNumber: 
CCV: 222
ExpiryDate: 03/27
]]></system-err>
  </testcase>
  <testcase name="testCreditCardNumberEmptyString" classname="uk.ac.ed.inf.OrderValidatorTest" time="0">
    <system-err><![CDATA[
 -- Order info 
OrderValidationCode: CARD_NUMBER_INVALID
OrderStatus: INVALID
OrderNo: 76F50FFC
Order Contents: [Pizza[name=Pizza A, priceInPence=2300]]
PriceTotalInPence: 2400
 -- Credit card info 
CreditCardNumber: 
CCV: 222
ExpiryDate: 02/26
]]></system-err>
  </testcase>
  <testcase name="testCreditCardNumberEmptyString" classname="uk.ac.ed.inf.OrderValidatorTest" time="0">
    <system-err><![CDATA[
 -- Order info 
OrderValidationCode: CARD_NUMBER_INVALID
OrderStatus: INVALID
OrderNo: 6EE1EBE0
Order Contents: [Pizza[name=Pizza B, priceInPence=2400]]
PriceTotalInPence: 2500
 -- Credit card info 
CreditCardNumber: 
CCV: 222
ExpiryDate: 01/26
]]></system-err>
  </testcase>
  <testcase name="testCreditCardNumberEmptyString" classname="uk.ac.ed.inf.OrderValidatorTest" time="0">
    <system-err><![CDATA[
 -- Order info 
OrderValidationCode: CARD_NUMBER_INVALID
OrderStatus: INVALID
OrderNo: 5D332FC9
Order Contents: [Pizza[name=Pizza C, priceInPence=2500]]
PriceTotalInPence: 2600
 -- Credit card info 
CreditCardNumber: 
CCV: 222
ExpiryDate: 07/28
]]></system-err>
  </testcase>
  <testcase name="testCreditCardNumberEmptyString" classname="uk.ac.ed.inf.OrderValidatorTest" time="0">
    <system-err><![CDATA[
 -- Order info 
OrderValidationCode: CARD_NUMBER_INVALID
OrderStatus: INVALID
OrderNo: 285F2789
Order Contents: [Pizza[name=Pizza A, priceInPence=2300]]
PriceTotalInPence: 2400
 -- Credit card info 
CreditCardNumber: 
CCV: 222
ExpiryDate: 01/25
]]></system-err>
  </testcase>
  <testcase name="testCreditCardNumberEmptyString" classname="uk.ac.ed.inf.OrderValidatorTest" time="0">
    <system-err><![CDATA[
 -- Order info 
OrderValidationCode: CARD_NUMBER_INVALID
OrderStatus: INVALID
OrderNo: 2535FF36
Order Contents: [Pizza[name=Pizza C, priceInPence=2500]]
PriceTotalInPence: 2600
 -- Credit card info 
CreditCardNumber: 
CCV: 222
ExpiryDate: 01/25
]]></system-err>
  </testcase>
  <testcase name="testCreditCardNumberEmptyString" classname="uk.ac.ed.inf.OrderValidatorTest" time="0">
    <system-err><![CDATA[
 -- Order info 
OrderValidationCode: CARD_NUMBER_INVALID
OrderStatus: INVALID
OrderNo: 05C240AF
Order Contents: [Pizza[name=Pizza C, priceInPence=2500]]
PriceTotalInPence: 2600
 -- Credit card info 
CreditCardNumber: 
CCV: 222
ExpiryDate: 05/24
]]></system-err>
  </testcase>
  <testcase name="testCreditCardNumberEmptyString" classname="uk.ac.ed.inf.OrderValidatorTest" time="0">
    <system-err><![CDATA[
 -- Order info 
OrderValidationCode: CARD_NUMBER_INVALID
OrderStatus: INVALID
OrderNo: 1F42158C
Order Contents: [Pizza[name=Pizza A, priceInPence=2300]]
PriceTotalInPence: 2400
 -- Credit card info 
CreditCardNumber: 
CCV: 222
ExpiryDate: 07/29
]]></system-err>
  </testcase>
  <testcase name="testCreditCardNumberEmptyString" classname="uk.ac.ed.inf.OrderValidatorTest" time="0">
    <system-err><![CDATA[
 -- Order info 
OrderValidationCode: CARD_NUMBER_INVALID
OrderStatus: INVALID
OrderNo: 0719C99A
Order Contents: [Pizza[name=Pizza B, priceInPence=2400]]
PriceTotalInPence: 2500
 -- Credit card info 
CreditCardNumber: 
CCV: 222
ExpiryDate: 07/27
]]></system-err>
  </testcase>
  <testcase name="testCreditCardNumberEmptyString" classname="uk.ac.ed.inf.OrderValidatorTest" time="0">
    <system-err><![CDATA[
 -- Order info 
OrderValidationCode: CARD_NUMBER_INVALID
OrderStatus: INVALID
OrderNo: 67B47E64
Order Contents: [Pizza[name=Pizza A, priceInPence=2300]]
PriceTotalInPence: 2400
 -- Credit card info 
CreditCardNumber: 
CCV: 222
ExpiryDate: 01/27
]]></system-err>
  </testcase>
  <testcase name="testCreditCardNumberEmptyString" classname="uk.ac.ed.inf.OrderValidatorTest" time="0">
    <system-err><![CDATA[
 -- Order info 
OrderValidationCode: CARD_NUMBER_INVALID
OrderStatus: INVALID
OrderNo: 51823C54
Order Contents: [Pizza[name=Pizza A, priceInPence=2300]]
PriceTotalInPence: 2400
 -- Credit card info 
CreditCardNumber: 
CCV: 222
ExpiryDate: 03/25
]]></system-err>
  </testcase>
  <testcase name="testCreditCardNumberEmptyString" classname="uk.ac.ed.inf.OrderValidatorTest" time="0">
    <system-err><![CDATA[
 -- Order info 
OrderValidationCode: CARD_NUMBER_INVALID
OrderStatus: INVALID
OrderNo: 7759C26D
Order Contents: [Pizza[name=Pizza B, priceInPence=2400]]
PriceTotalInPence: 2500
 -- Credit card info 
CreditCardNumber: 
CCV: 222
ExpiryDate: 10/27
]]></system-err>
  </testcase>
  <testcase name="testCreditCardNumberEmptyString" classname="uk.ac.ed.inf.OrderValidatorTest" time="0">
    <system-err><![CDATA[
 -- Order info 
OrderValidationCode: CARD_NUMBER_INVALID
OrderStatus: INVALID
OrderNo: 4A874AFD
Order Contents: [Pizza[name=Pizza B, priceInPence=2400]]
PriceTotalInPence: 2500
 -- Credit card info 
CreditCardNumber: 
CCV: 222
ExpiryDate: 11/28
]]></system-err>
  </testcase>
  <testcase name="testCreditCardNumberEmptyString" classname="uk.ac.ed.inf.OrderValidatorTest" time="0">
    <system-err><![CDATA[
 -- Order info 
OrderValidationCode: CARD_NUMBER_INVALID
OrderStatus: INVALID
OrderNo: 4A49D567
Order Contents: [Pizza[name=Pizza B, priceInPence=2400]]
PriceTotalInPence: 2500
 -- Credit card info 
CreditCardNumber: 
CCV: 222
ExpiryDate: 04/24
]]></system-err>
  </testcase>
  <testcase name="testCreditCardNumberEmptyString" classname="uk.ac.ed.inf.OrderValidatorTest" time="0">
    <system-err><![CDATA[
 -- Order info 
OrderValidationCode: CARD_NUMBER_INVALID
OrderStatus: INVALID
OrderNo: 555A7AA0
Order Contents: [Pizza[name=Pizza B, priceInPence=2400]]
PriceTotalInPence: 2500
 -- Credit card info 
CreditCardNumber: 
CCV: 222
ExpiryDate: 01/25
]]></system-err>
  </testcase>
  <testcase name="testCreditCardNumberEmptyString" classname="uk.ac.ed.inf.OrderValidatorTest" time="0">
    <system-err><![CDATA[
 -- Order info 
OrderValidationCode: CARD_NUMBER_INVALID
OrderStatus: INVALID
OrderNo: 1F625C02
Order Contents: [Pizza[name=Pizza B, priceInPence=2400]]
PriceTotalInPence: 2500
 -- Credit card info 
CreditCardNumber: 
CCV: 222
ExpiryDate: 05/24
]]></system-err>
  </testcase>
  <testcase name="testCreditCardNumberEmptyString" classname="uk.ac.ed.inf.OrderValidatorTest" time="0">
    <system-err><![CDATA[
 -- Order info 
OrderValidationCode: CARD_NUMBER_INVALID
OrderStatus: INVALID
OrderNo: 445DD3BB
Order Contents: [Pizza[name=Pizza A, priceInPence=2300]]
PriceTotalInPence: 2400
 -- Credit card info 
CreditCardNumber: 
CCV: 222
ExpiryDate: 01/24
]]></system-err>
  </testcase>
  <testcase name="testCreditCardNumberEmptyString" classname="uk.ac.ed.inf.OrderValidatorTest" time="0">
    <system-err><![CDATA[
 -- Order info 
OrderValidationCode: CARD_NUMBER_INVALID
OrderStatus: INVALID
OrderNo: 6A96A63F
Order Contents: [Pizza[name=Pizza C, priceInPence=2500]]
PriceTotalInPence: 2600
 -- Credit card info 
CreditCardNumber: 
CCV: 222
ExpiryDate: 03/26
]]></system-err>
  </testcase>
  <testcase name="testCreditCardNumberEmptyString" classname="uk.ac.ed.inf.OrderValidatorTest" time="0">
    <system-err><![CDATA[
 -- Order info 
OrderValidationCode: CARD_NUMBER_INVALID
OrderStatus: INVALID
OrderNo: 454DB3BB
Order Contents: [Pizza[name=Pizza A, priceInPence=2300]]
PriceTotalInPence: 2400
 -- Credit card info 
CreditCardNumber: 
CCV: 222
ExpiryDate: 07/28
]]></system-err>
  </testcase>
  <testcase name="testCreditCardNumberEmptyString" classname="uk.ac.ed.inf.OrderValidatorTest" time="0">
    <system-err><![CDATA[
 -- Order info 
OrderValidationCode: CARD_NUMBER_INVALID
OrderStatus: INVALID
OrderNo: 48024B0C
Order Contents: [Pizza[name=Pizza B, priceInPence=2400]]
PriceTotalInPence: 2500
 -- Credit card info 
CreditCardNumber: 
CCV: 222
ExpiryDate: 10/26
]]></system-err>
  </testcase>
  <testcase name="testCreditCardNumberEmptyString" classname="uk.ac.ed.inf.OrderValidatorTest" time="0">
    <system-err><![CDATA[
 -- Order info 
OrderValidationCode: CARD_NUMBER_INVALID
OrderStatus: INVALID
OrderNo: 3D230300
Order Contents: [Pizza[name=Pizza C, priceInPence=2500]]
PriceTotalInPence: 2600
 -- Credit card info 
CreditCardNumber: 
CCV: 222
ExpiryDate: 02/27
]]></system-err>
  </testcase>
  <testcase name="testCreditCardNumberEmptyString" classname="uk.ac.ed.inf.OrderValidatorTest" time="0">
    <system-err><![CDATA[
 -- Order info 
OrderValidationCode: CARD_NUMBER_INVALID
OrderStatus: INVALID
OrderNo: 6FB16BC5
Order Contents: [Pizza[name=Pizza A, priceInPence=2300]]
PriceTotalInPence: 2400
 -- Credit card info 
CreditCardNumber: 
CCV: 222
ExpiryDate: 07/25
]]></system-err>
  </testcase>
  <testcase name="testCreditCardNumberEmptyString" classname="uk.ac.ed.inf.OrderValidatorTest" time="0">
    <system-err><![CDATA[
 -- Order info 
OrderValidationCode: CARD_NUMBER_INVALID
OrderStatus: INVALID
OrderNo: 1EC6727F
Order Contents: [Pizza[name=Pizza A, priceInPence=2300]]
PriceTotalInPence: 2400
 -- Credit card info 
CreditCardNumber: 
CCV: 222
ExpiryDate: 09/28
]]></system-err>
  </testcase>
  <testcase name="testCreditCardNumberEmptyString" classname="uk.ac.ed.inf.OrderValidatorTest" time="0">
    <system-err><![CDATA[
 -- Order info 
OrderValidationCode: CARD_NUMBER_INVALID
OrderStatus: INVALID
OrderNo: 7F9D9811
Order Contents: [Pizza[name=Pizza C, priceInPence=2500]]
PriceTotalInPence: 2600
 -- Credit card info 
CreditCardNumber: 
CCV: 222
ExpiryDate: 07/28
]]></system-err>
  </testcase>
  <testcase name="testCreditCardNumberEmptyString" classname="uk.ac.ed.inf.OrderValidatorTest" time="0">
    <system-err><![CDATA[
 -- Order info 
OrderValidationCode: CARD_NUMBER_INVALID
OrderStatus: INVALID
OrderNo: 6C63CAB6
Order Contents: [Pizza[name=Pizza B, priceInPence=2400]]
PriceTotalInPence: 2500
 -- Credit card info 
CreditCardNumber: 
CCV: 222
ExpiryDate: 05/27
]]></system-err>
  </testcase>
  <testcase name="testCreditCardNumberEmptyString" classname="uk.ac.ed.inf.OrderValidatorTest" time="0">
    <system-err><![CDATA[
 -- Order info 
OrderValidationCode: CARD_NUMBER_INVALID
OrderStatus: INVALID
OrderNo: 1A967F30
Order Contents: [Pizza[name=Pizza B, priceInPence=2400]]
PriceTotalInPence: 2500
 -- Credit card info 
CreditCardNumber: 
CCV: 222
ExpiryDate: 04/27
]]></system-err>
  </testcase>
  <testcase name="testCreditCardNumberEmptyString" classname="uk.ac.ed.inf.OrderValidatorTest" time="0">
    <system-err><![CDATA[
 -- Order info 
OrderValidationCode: CARD_NUMBER_INVALID
OrderStatus: INVALID
OrderNo: 01B77BE3
Order Contents: [Pizza[name=Pizza A, priceInPence=2300]]
PriceTotalInPence: 2400
 -- Credit card info 
CreditCardNumber: 
CCV: 222
ExpiryDate: 07/26
]]></system-err>
  </testcase>
  <testcase name="testCreditCardNumberEmptyString" classname="uk.ac.ed.inf.OrderValidatorTest" time="0">
    <system-err><![CDATA[
 -- Order info 
OrderValidationCode: CARD_NUMBER_INVALID
OrderStatus: INVALID
OrderNo: 2260FF06
Order Contents: [Pizza[name=Pizza C, priceInPence=2500]]
PriceTotalInPence: 2600
 -- Credit card info 
CreditCardNumber: 
CCV: 222
ExpiryDate: 08/27
]]></system-err>
  </testcase>
  <testcase name="testCreditCardNumberEmptyString" classname="uk.ac.ed.inf.OrderValidatorTest" time="0">
    <system-err><![CDATA[
 -- Order info 
OrderValidationCode: CARD_NUMBER_INVALID
OrderStatus: INVALID
OrderNo: 239E0D87
Order Contents: [Pizza[name=Pizza A, priceInPence=2300]]
PriceTotalInPence: 2400
 -- Credit card info 
CreditCardNumber: 
CCV: 222
ExpiryDate: 01/28
]]></system-err>
  </testcase>
  <testcase name="testCreditCardNumberEmptyString" classname="uk.ac.ed.inf.OrderValidatorTest" time="0">
    <system-err><![CDATA[
 -- Order info 
OrderValidationCode: CARD_NUMBER_INVALID
OrderStatus: INVALID
OrderNo: 60B7ACE9
Order Contents: [Pizza[name=Pizza A, priceInPence=2300]]
PriceTotalInPence: 2400
 -- Credit card info 
CreditCardNumber: 
CCV: 222
ExpiryDate: 03/27
]]></system-err>
  </testcase>
  <testcase name="testCreditCardNumberEmptyString" classname="uk.ac.ed.inf.OrderValidatorTest" time="0">
    <system-err><![CDATA[
 -- Order info 
OrderValidationCode: CARD_NUMBER_INVALID
OrderStatus: INVALID
OrderNo: 55053B3B
Order Contents: [Pizza[name=Pizza C, priceInPence=2500]]
PriceTotalInPence: 2600
 -- Credit card info 
CreditCardNumber: 
CCV: 222
ExpiryDate: 11/25
]]></system-err>
  </testcase>
  <testcase name="testCreditCardNumberEmptyString" classname="uk.ac.ed.inf.OrderValidatorTest" time="0">
    <system-err><![CDATA[
 -- Order info 
OrderValidationCode: CARD_NUMBER_INVALID
OrderStatus: INVALID
OrderNo: 2CB6B66A
Order Contents: [Pizza[name=Pizza C, priceInPence=2500]]
PriceTotalInPence: 2600
 -- Credit card info 
CreditCardNumber: 
CCV: 222
ExpiryDate: 11/27
]]></system-err>
  </testcase>
  <testcase name="testCreditCardNumberEmptyString" classname="uk.ac.ed.inf.OrderValidatorTest" time="0">
    <system-err><![CDATA[
 -- Order info 
OrderValidationCode: CARD_NUMBER_INVALID
OrderStatus: INVALID
OrderNo: 3B6AE00E
Order Contents: [Pizza[name=Pizza B, priceInPence=2400]]
PriceTotalInPence: 2500
 -- Credit card info 
CreditCardNumber: 
CCV: 222
ExpiryDate: 10/26
]]></system-err>
  </testcase>
  <testcase name="testCreditCardNumberEmptyString" classname="uk.ac.ed.inf.OrderValidatorTest" time="0">
    <system-err><![CDATA[
 -- Order info 
OrderValidationCode: CARD_NUMBER_INVALID
OrderStatus: INVALID
OrderNo: 08EFEB3E
Order Contents: [Pizza[name=Pizza C, priceInPence=2500]]
PriceTotalInPence: 2600
 -- Credit card info 
CreditCardNumber: 
CCV: 222
ExpiryDate: 07/27
]]></system-err>
  </testcase>
  <testcase name="testCreditCardNumberEmptyString" classname="uk.ac.ed.inf.OrderValidatorTest" time="0">
    <system-err><![CDATA[
 -- Order info 
OrderValidationCode: CARD_NUMBER_INVALID
OrderStatus: INVALID
OrderNo: 2641349C
Order Contents: [Pizza[name=Pizza C, priceInPence=2500]]
PriceTotalInPence: 2600
 -- Credit card info 
CreditCardNumber: 
CCV: 222
ExpiryDate: 01/24
]]></system-err>
  </testcase>
  <testcase name="testCreditCardNumberEmptyString" classname="uk.ac.ed.inf.OrderValidatorTest" time="0">
    <system-err><![CDATA[
 -- Order info 
OrderValidationCode: CARD_NUMBER_INVALID
OrderStatus: INVALID
OrderNo: 5EA80596
Order Contents: [Pizza[name=Pizza B, priceInPence=2400]]
PriceTotalInPence: 2500
 -- Credit card info 
CreditCardNumber: 
CCV: 222
ExpiryDate: 09/25
]]></system-err>
  </testcase>
  <testcase name="testCreditCardNumberEmptyString" classname="uk.ac.ed.inf.OrderValidatorTest" time="0">
    <system-err><![CDATA[
 -- Order info 
OrderValidationCode: CARD_NUMBER_INVALID
OrderStatus: INVALID
OrderNo: 0BB8F881
Order Contents: [Pizza[name=Pizza C, priceInPence=2500]]
PriceTotalInPence: 2600
 -- Credit card info 
CreditCardNumber: 
CCV: 222
ExpiryDate: 09/26
]]></system-err>
  </testcase>
  <testcase name="testCreditCardNumberEmptyString" classname="uk.ac.ed.inf.OrderValidatorTest" time="0">
    <system-err><![CDATA[
 -- Order info 
OrderValidationCode: CARD_NUMBER_INVALID
OrderStatus: INVALID
OrderNo: 693FABB6
Order Contents: [Pizza[name=Pizza A, priceInPence=2300]]
PriceTotalInPence: 2400
 -- Credit card info 
CreditCardNumber: 
CCV: 222
ExpiryDate: 07/24
]]></system-err>
  </testcase>
  <testcase name="testCreditCardNumberEmptyString" classname="uk.ac.ed.inf.OrderValidatorTest" time="0">
    <system-err><![CDATA[
 -- Order info 
OrderValidationCode: CARD_NUMBER_INVALID
OrderStatus: INVALID
OrderNo: 4D201B89
Order Contents: [Pizza[name=Pizza A, priceInPence=2300]]
PriceTotalInPence: 2400
 -- Credit card info 
CreditCardNumber: 
CCV: 222
ExpiryDate: 03/27
]]></system-err>
  </testcase>
  <testcase name="testCreditCardNumberEmptyString" classname="uk.ac.ed.inf.OrderValidatorTest" time="0">
    <system-err><![CDATA[
 -- Order info 
OrderValidationCode: CARD_NUMBER_INVALID
OrderStatus: INVALID
OrderNo: 30209A25
Order Contents: [Pizza[name=Pizza C, priceInPence=2500]]
PriceTotalInPence: 2600
 -- Credit card info 
CreditCardNumber: 
CCV: 222
ExpiryDate: 03/24
]]></system-err>
  </testcase>
  <testcase name="testCreditCardNumberEmptyString" classname="uk.ac.ed.inf.OrderValidatorTest" time="0">
    <system-err><![CDATA[
 -- Order info 
OrderValidationCode: CARD_NUMBER_INVALID
OrderStatus: INVALID
OrderNo: 7D563969
Order Contents: [Pizza[name=Pizza C, priceInPence=2500]]
PriceTotalInPence: 2600
 -- Credit card info 
CreditCardNumber: 
CCV: 222
ExpiryDate: 06/24
]]></system-err>
  </testcase>
  <testcase name="testCreditCardNumberEmptyString" classname="uk.ac.ed.inf.OrderValidatorTest" time="0">
    <system-err><![CDATA[
 -- Order info 
OrderValidationCode: CARD_NUMBER_INVALID
OrderStatus: INVALID
OrderNo: 66251C6F
Order Contents: [Pizza[name=Pizza C, priceInPence=2500]]
PriceTotalInPence: 2600
 -- Credit card info 
CreditCardNumber: 
CCV: 222
ExpiryDate: 04/24
]]></system-err>
  </testcase>
  <testcase name="testCreditCardNumberEmptyString" classname="uk.ac.ed.inf.OrderValidatorTest" time="0">
    <system-err><![CDATA[
 -- Order info 
OrderValidationCode: CARD_NUMBER_INVALID
OrderStatus: INVALID
OrderNo: 59A7BFD0
Order Contents: [Pizza[name=Pizza B, priceInPence=2400]]
PriceTotalInPence: 2500
 -- Credit card info 
CreditCardNumber: 
CCV: 222
ExpiryDate: 09/28
]]></system-err>
  </testcase>
  <testcase name="testCreditCardNumberEmptyString" classname="uk.ac.ed.inf.OrderValidatorTest" time="0">
    <system-err><![CDATA[
 -- Order info 
OrderValidationCode: CARD_NUMBER_INVALID
OrderStatus: INVALID
OrderNo: 00139ACB
Order Contents: [Pizza[name=Pizza B, priceInPence=2400]]
PriceTotalInPence: 2500
 -- Credit card info 
CreditCardNumber: 
CCV: 222
ExpiryDate: 07/24
]]></system-err>
  </testcase>
  <testcase name="testCreditCardNumberEmptyString" classname="uk.ac.ed.inf.OrderValidatorTest" time="0">
    <system-err><![CDATA[
 -- Order info 
OrderValidationCode: CARD_NUMBER_INVALID
OrderStatus: INVALID
OrderNo: 73F938B8
Order Contents: [Pizza[name=Pizza C, priceInPence=2500]]
PriceTotalInPence: 2600
 -- Credit card info 
CreditCardNumber: 
CCV: 222
ExpiryDate: 07/26
]]></system-err>
  </testcase>
  <testcase name="testCreditCardNumberEmptyString" classname="uk.ac.ed.inf.OrderValidatorTest" time="0">
    <system-err><![CDATA[
 -- Order info 
OrderValidationCode: CARD_NUMBER_INVALID
OrderStatus: INVALID
OrderNo: 51E0A4CC
Order Contents: [Pizza[name=Pizza B, priceInPence=2400]]
PriceTotalInPence: 2500
 -- Credit card info 
CreditCardNumber: 
CCV: 222
ExpiryDate: 11/26
]]></system-err>
  </testcase>
  <testcase name="testCreditCardNumberEmptyString" classname="uk.ac.ed.inf.OrderValidatorTest" time="0">
    <system-err><![CDATA[
 -- Order info 
OrderValidationCode: CARD_NUMBER_INVALID
OrderStatus: INVALID
OrderNo: 0FFD42BE
Order Contents: [Pizza[name=Pizza A, priceInPence=2300]]
PriceTotalInPence: 2400
 -- Credit card info 
CreditCardNumber: 
CCV: 222
ExpiryDate: 04/24
]]></system-err>
  </testcase>
  <testcase name="testCreditCardNumberEmptyString" classname="uk.ac.ed.inf.OrderValidatorTest" time="0">
    <system-err><![CDATA[
 -- Order info 
OrderValidationCode: CARD_NUMBER_INVALID
OrderStatus: INVALID
OrderNo: 213C97ED
Order Contents: [Pizza[name=Pizza C, priceInPence=2500]]
PriceTotalInPence: 2600
 -- Credit card info 
CreditCardNumber: 
CCV: 222
ExpiryDate: 11/27
]]></system-err>
  </testcase>
  <testcase name="testCreditCardNumberEmptyString" classname="uk.ac.ed.inf.OrderValidatorTest" time="0">
    <system-err><![CDATA[
 -- Order info 
OrderValidationCode: CARD_NUMBER_INVALID
OrderStatus: INVALID
OrderNo: 17824BC5
Order Contents: [Pizza[name=Pizza B, priceInPence=2400]]
PriceTotalInPence: 2500
 -- Credit card info 
CreditCardNumber: 
CCV: 222
ExpiryDate: 07/24
]]></system-err>
  </testcase>
  <testcase name="testCreditCardNumberEmptyString" classname="uk.ac.ed.inf.OrderValidatorTest" time="0">
    <system-err><![CDATA[
 -- Order info 
OrderValidationCode: CARD_NUMBER_INVALID
OrderStatus: INVALID
OrderNo: 138B7175
Order Contents: [Pizza[name=Pizza B, priceInPence=2400]]
PriceTotalInPence: 2500
 -- Credit card info 
CreditCardNumber: 
CCV: 222
ExpiryDate: 02/26
]]></system-err>
  </testcase>
  <testcase name="testCreditCardNumberEmptyString" classname="uk.ac.ed.inf.OrderValidatorTest" time="0">
    <system-err><![CDATA[
 -- Order info 
OrderValidationCode: CARD_NUMBER_INVALID
OrderStatus: INVALID
OrderNo: 4DC40284
Order Contents: [Pizza[name=Pizza C, priceInPence=2500]]
PriceTotalInPence: 2600
 -- Credit card info 
CreditCardNumber: 
CCV: 222
ExpiryDate: 11/24
]]></system-err>
  </testcase>
  <testcase name="testCreditCardNumberEmptyString" classname="uk.ac.ed.inf.OrderValidatorTest" time="0">
    <system-err><![CDATA[
 -- Order info 
OrderValidationCode: CARD_NUMBER_INVALID
OrderStatus: INVALID
OrderNo: 6C1B6E1E
Order Contents: [Pizza[name=Pizza C, priceInPence=2500]]
PriceTotalInPence: 2600
 -- Credit card info 
CreditCardNumber: 
CCV: 222
ExpiryDate: 04/24
]]></system-err>
  </testcase>
  <testcase name="testCreditCardNumberEmptyString" classname="uk.ac.ed.inf.OrderValidatorTest" time="0">
    <system-err><![CDATA[
 -- Order info 
OrderValidationCode: CARD_NUMBER_INVALID
OrderStatus: INVALID
OrderNo: 5674CCEA
Order Contents: [Pizza[name=Pizza C, priceInPence=2500]]
PriceTotalInPence: 2600
 -- Credit card info 
CreditCardNumber: 
CCV: 222
ExpiryDate: 01/26
]]></system-err>
  </testcase>
  <testcase name="testCreditCardNumberEmptyString" classname="uk.ac.ed.inf.OrderValidatorTest" time="0">
    <system-err><![CDATA[
 -- Order info 
OrderValidationCode: CARD_NUMBER_INVALID
OrderStatus: INVALID
OrderNo: 04D83FC7
Order Contents: [Pizza[name=Pizza B, priceInPence=2400]]
PriceTotalInPence: 2500
 -- Credit card info 
CreditCardNumber: 
CCV: 222
ExpiryDate: 05/25
]]></system-err>
  </testcase>
  <testcase name="testCreditCardNumberEmptyString" classname="uk.ac.ed.inf.OrderValidatorTest" time="0">
    <system-err><![CDATA[
 -- Order info 
OrderValidationCode: CARD_NUMBER_INVALID
OrderStatus: INVALID
OrderNo: 71A4257C
Order Contents: [Pizza[name=Pizza B, priceInPence=2400]]
PriceTotalInPence: 2500
 -- Credit card info 
CreditCardNumber: 
CCV: 222
ExpiryDate: 08/24
]]></system-err>
  </testcase>
  <testcase name="testCreditCardNumberEmptyString" classname="uk.ac.ed.inf.OrderValidatorTest" time="0">
    <system-err><![CDATA[
 -- Order info 
OrderValidationCode: CARD_NUMBER_INVALID
OrderStatus: INVALID
OrderNo: 3BF65746
Order Contents: [Pizza[name=Pizza B, priceInPence=2400]]
PriceTotalInPence: 2500
 -- Credit card info 
CreditCardNumber: 
CCV: 222
ExpiryDate: 04/24
]]></system-err>
  </testcase>
  <testcase name="testCreditCardNumberEmptyString" classname="uk.ac.ed.inf.OrderValidatorTest" time="0">
    <system-err><![CDATA[
 -- Order info 
OrderValidationCode: CARD_NUMBER_INVALID
OrderStatus: INVALID
OrderNo: 3BBF9D67
Order Contents: [Pizza[name=Pizza C, priceInPence=2500]]
PriceTotalInPence: 2600
 -- Credit card info 
CreditCardNumber: 
CCV: 222
ExpiryDate: 05/27
]]></system-err>
  </testcase>
  <testcase name="testCreditCardNumberEmptyString" classname="uk.ac.ed.inf.OrderValidatorTest" time="0">
    <system-err><![CDATA[
 -- Order info 
OrderValidationCode: CARD_NUMBER_INVALID
OrderStatus: INVALID
OrderNo: 4357CFEB
Order Contents: [Pizza[name=Pizza C, priceInPence=2500]]
PriceTotalInPence: 2600
 -- Credit card info 
CreditCardNumber: 
CCV: 222
ExpiryDate: 07/24
]]></system-err>
  </testcase>
  <testcase name="testCreditCardNumberEmptyString" classname="uk.ac.ed.inf.OrderValidatorTest" time="0">
    <system-err><![CDATA[
 -- Order info 
OrderValidationCode: CARD_NUMBER_INVALID
OrderStatus: INVALID
OrderNo: 06461405
Order Contents: [Pizza[name=Pizza B, priceInPence=2400]]
PriceTotalInPence: 2500
 -- Credit card info 
CreditCardNumber: 
CCV: 222
ExpiryDate: 05/29
]]></system-err>
  </testcase>
  <testcase name="testCreditCardNumberEmptyString" classname="uk.ac.ed.inf.OrderValidatorTest" time="0">
    <system-err><![CDATA[
 -- Order info 
OrderValidationCode: CARD_NUMBER_INVALID
OrderStatus: INVALID
OrderNo: 548A6A73
Order Contents: [Pizza[name=Pizza B, priceInPence=2400]]
PriceTotalInPence: 2500
 -- Credit card info 
CreditCardNumber: 
CCV: 222
ExpiryDate: 08/24
]]></system-err>
  </testcase>
  <testcase name="testCreditCardNumberEmptyString" classname="uk.ac.ed.inf.OrderValidatorTest" time="0">
    <system-err><![CDATA[
 -- Order info 
OrderValidationCode: CARD_NUMBER_INVALID
OrderStatus: INVALID
OrderNo: 0EAEB016
Order Contents: [Pizza[name=Pizza B, priceInPence=2400]]
PriceTotalInPence: 2500
 -- Credit card info 
CreditCardNumber: 
CCV: 222
ExpiryDate: 02/28
]]></system-err>
  </testcase>
  <testcase name="testCreditCardNumberEmptyString" classname="uk.ac.ed.inf.OrderValidatorTest" time="0">
    <system-err><![CDATA[
 -- Order info 
OrderValidationCode: CARD_NUMBER_INVALID
OrderStatus: INVALID
OrderNo: 16E20FB5
Order Contents: [Pizza[name=Pizza A, priceInPence=2300]]
PriceTotalInPence: 2400
 -- Credit card info 
CreditCardNumber: 
CCV: 222
ExpiryDate: 10/25
]]></system-err>
  </testcase>
  <testcase name="testCreditCardNumberEmptyString" classname="uk.ac.ed.inf.OrderValidatorTest" time="0">
    <system-err><![CDATA[
 -- Order info 
OrderValidationCode: CARD_NUMBER_INVALID
OrderStatus: INVALID
OrderNo: 49C76A64
Order Contents: [Pizza[name=Pizza A, priceInPence=2300]]
PriceTotalInPence: 2400
 -- Credit card info 
CreditCardNumber: 
CCV: 222
ExpiryDate: 07/28
]]></system-err>
  </testcase>
  <testcase name="testCreditCardNumberEmptyString" classname="uk.ac.ed.inf.OrderValidatorTest" time="0">
    <system-err><![CDATA[
 -- Order info 
OrderValidationCode: CARD_NUMBER_INVALID
OrderStatus: INVALID
OrderNo: 5B4CA529
Order Contents: [Pizza[name=Pizza B, priceInPence=2400]]
PriceTotalInPence: 2500
 -- Credit card info 
CreditCardNumber: 
CCV: 222
ExpiryDate: 05/24
]]></system-err>
  </testcase>
  <testcase name="testTotalPriceIsNegative" classname="uk.ac.ed.inf.OrderValidatorTest" time="0">
    <system-err><![CDATA[
 -- Order info 
OrderValidationCode: TOTAL_INCORRECT
OrderStatus: INVALID
OrderNo: 5420E485
Order Contents: [Pizza[name=Pizza C, priceInPence=2500]]
PriceTotalInPence: -61043
 -- Credit card info 
CreditCardNumber: 0000000000000000
CCV: 222
ExpiryDate: 10/28
]]></system-err>
  </testcase>
  <testcase name="testTotalPriceIsNegative" classname="uk.ac.ed.inf.OrderValidatorTest" time="0">
    <system-err><![CDATA[
 -- Order info 
OrderValidationCode: TOTAL_INCORRECT
OrderStatus: INVALID
OrderNo: 26541E55
Order Contents: [Pizza[name=Pizza A, priceInPence=2300]]
PriceTotalInPence: -79963
 -- Credit card info 
CreditCardNumber: 0000000000000000
CCV: 222
ExpiryDate: 02/24
]]></system-err>
  </testcase>
  <testcase name="testTotalPriceIsNegative" classname="uk.ac.ed.inf.OrderValidatorTest" time="0">
    <system-err><![CDATA[
 -- Order info 
OrderValidationCode: TOTAL_INCORRECT
OrderStatus: INVALID
OrderNo: 44AB59E8
Order Contents: [Pizza[name=Pizza B, priceInPence=2400]]
PriceTotalInPence: -1248
 -- Credit card info 
CreditCardNumber: 0000000000000000
CCV: 222
ExpiryDate: 07/26
]]></system-err>
  </testcase>
  <testcase name="testTotalPriceIsNegative" classname="uk.ac.ed.inf.OrderValidatorTest" time="0">
    <system-err><![CDATA[
 -- Order info 
OrderValidationCode: TOTAL_INCORRECT
OrderStatus: INVALID
OrderNo: 58766A72
Order Contents: [Pizza[name=Pizza C, priceInPence=2500]]
PriceTotalInPence: -99724
 -- Credit card info 
CreditCardNumber: 0000000000000000
CCV: 222
ExpiryDate: 10/25
]]></system-err>
  </testcase>
  <testcase name="testTotalPriceIsNegative" classname="uk.ac.ed.inf.OrderValidatorTest" time="0">
    <system-err><![CDATA[
 -- Order info 
OrderValidationCode: TOTAL_INCORRECT
OrderStatus: INVALID
OrderNo: 78E669F0
Order Contents: [Pizza[name=Pizza B, priceInPence=2400]]
PriceTotalInPence: -97327
 -- Credit card info 
CreditCardNumber: 0000000000000000
CCV: 222
ExpiryDate: 02/28
]]></system-err>
  </testcase>
  <testcase name="testTotalPriceIsNegative" classname="uk.ac.ed.inf.OrderValidatorTest" time="0">
    <system-err><![CDATA[
 -- Order info 
OrderValidationCode: TOTAL_INCORRECT
OrderStatus: INVALID
OrderNo: 1F853962
Order Contents: [Pizza[name=Pizza C, priceInPence=2500]]
PriceTotalInPence: -31450
 -- Credit card info 
CreditCardNumber: 0000000000000000
CCV: 222
ExpiryDate: 04/27
]]></system-err>
  </testcase>
  <testcase name="testTotalPriceIsNegative" classname="uk.ac.ed.inf.OrderValidatorTest" time="0">
    <system-err><![CDATA[
 -- Order info 
OrderValidationCode: TOTAL_INCORRECT
OrderStatus: INVALID
OrderNo: 134B7EA5
Order Contents: [Pizza[name=Pizza B, priceInPence=2400]]
PriceTotalInPence: -48607
 -- Credit card info 
CreditCardNumber: 0000000000000000
CCV: 222
ExpiryDate: 07/24
]]></system-err>
  </testcase>
  <testcase name="testTotalPriceIsNegative" classname="uk.ac.ed.inf.OrderValidatorTest" time="0">
    <system-err><![CDATA[
 -- Order info 
OrderValidationCode: TOTAL_INCORRECT
OrderStatus: INVALID
OrderNo: 7ED88AED
Order Contents: [Pizza[name=Pizza C, priceInPence=2500]]
PriceTotalInPence: -49433
 -- Credit card info 
CreditCardNumber: 0000000000000000
CCV: 222
ExpiryDate: 05/26
]]></system-err>
  </testcase>
  <testcase name="testTotalPriceIsNegative" classname="uk.ac.ed.inf.OrderValidatorTest" time="0">
    <system-err><![CDATA[
 -- Order info 
OrderValidationCode: TOTAL_INCORRECT
OrderStatus: INVALID
OrderNo: 13CC5C76
Order Contents: [Pizza[name=Pizza B, priceInPence=2400]]
PriceTotalInPence: -55269
 -- Credit card info 
CreditCardNumber: 0000000000000000
CCV: 222
ExpiryDate: 06/29
]]></system-err>
  </testcase>
  <testcase name="testTotalPriceIsNegative" classname="uk.ac.ed.inf.OrderValidatorTest" time="0">
    <system-err><![CDATA[
 -- Order info 
OrderValidationCode: TOTAL_INCORRECT
OrderStatus: INVALID
OrderNo: 680C9DF3
Order Contents: [Pizza[name=Pizza A, priceInPence=2300]]
PriceTotalInPence: -85758
 -- Credit card info 
CreditCardNumber: 0000000000000000
CCV: 222
ExpiryDate: 08/27
]]></system-err>
  </testcase>
  <testcase name="testTotalPriceIsNegative" classname="uk.ac.ed.inf.OrderValidatorTest" time="0">
    <system-err><![CDATA[
 -- Order info 
OrderValidationCode: TOTAL_INCORRECT
OrderStatus: INVALID
OrderNo: 21598A6C
Order Contents: [Pizza[name=Pizza A, priceInPence=2300]]
PriceTotalInPence: -5487
 -- Credit card info 
CreditCardNumber: 0000000000000000
CCV: 222
ExpiryDate: 02/27
]]></system-err>
  </testcase>
  <testcase name="testTotalPriceIsNegative" classname="uk.ac.ed.inf.OrderValidatorTest" time="0">
    <system-err><![CDATA[
 -- Order info 
OrderValidationCode: TOTAL_INCORRECT
OrderStatus: INVALID
OrderNo: 03B07F6E
Order Contents: [Pizza[name=Pizza B, priceInPence=2400]]
PriceTotalInPence: -64716
 -- Credit card info 
CreditCardNumber: 0000000000000000
CCV: 222
ExpiryDate: 10/26
]]></system-err>
  </testcase>
  <testcase name="testTotalPriceIsNegative" classname="uk.ac.ed.inf.OrderValidatorTest" time="0">
    <system-err><![CDATA[
 -- Order info 
OrderValidationCode: TOTAL_INCORRECT
OrderStatus: INVALID
OrderNo: 4606914F
Order Contents: [Pizza[name=Pizza C, priceInPence=2500]]
PriceTotalInPence: -17835
 -- Credit card info 
CreditCardNumber: 0000000000000000
CCV: 222
ExpiryDate: 01/27
]]></system-err>
  </testcase>
  <testcase name="testTotalPriceIsNegative" classname="uk.ac.ed.inf.OrderValidatorTest" time="0">
    <system-err><![CDATA[
 -- Order info 
OrderValidationCode: TOTAL_INCORRECT
OrderStatus: INVALID
OrderNo: 188311CA
Order Contents: [Pizza[name=Pizza B, priceInPence=2400]]
PriceTotalInPence: -92527
 -- Credit card info 
CreditCardNumber: 0000000000000000
CCV: 222
ExpiryDate: 10/29
]]></system-err>
  </testcase>
  <testcase name="testTotalPriceIsNegative" classname="uk.ac.ed.inf.OrderValidatorTest" time="0">
    <system-err><![CDATA[
 -- Order info 
OrderValidationCode: TOTAL_INCORRECT
OrderStatus: INVALID
OrderNo: 2DE291F4
Order Contents: [Pizza[name=Pizza A, priceInPence=2300]]
PriceTotalInPence: -74159
 -- Credit card info 
CreditCardNumber: 0000000000000000
CCV: 222
ExpiryDate: 09/24
]]></system-err>
  </testcase>
  <testcase name="testTotalPriceIsNegative" classname="uk.ac.ed.inf.OrderValidatorTest" time="0">
    <system-err><![CDATA[
 -- Order info 
OrderValidationCode: TOTAL_INCORRECT
OrderStatus: INVALID
OrderNo: 73D1B1F0
Order Contents: [Pizza[name=Pizza A, priceInPence=2300]]
PriceTotalInPence: -69646
 -- Credit card info 
CreditCardNumber: 0000000000000000
CCV: 222
ExpiryDate: 11/28
]]></system-err>
  </testcase>
  <testcase name="testTotalPriceIsNegative" classname="uk.ac.ed.inf.OrderValidatorTest" time="0">
    <system-err><![CDATA[
 -- Order info 
OrderValidationCode: TOTAL_INCORRECT
OrderStatus: INVALID
OrderNo: 136748DB
Order Contents: [Pizza[name=Pizza A, priceInPence=2300]]
PriceTotalInPence: -6812
 -- Credit card info 
CreditCardNumber: 0000000000000000
CCV: 222
ExpiryDate: 06/24
]]></system-err>
  </testcase>
  <testcase name="testTotalPriceIsNegative" classname="uk.ac.ed.inf.OrderValidatorTest" time="0">
    <system-err><![CDATA[
 -- Order info 
OrderValidationCode: TOTAL_INCORRECT
OrderStatus: INVALID
OrderNo: 2CF22F50
Order Contents: [Pizza[name=Pizza B, priceInPence=2400]]
PriceTotalInPence: -77350
 -- Credit card info 
CreditCardNumber: 0000000000000000
CCV: 222
ExpiryDate: 11/29
]]></system-err>
  </testcase>
  <testcase name="testTotalPriceIsNegative" classname="uk.ac.ed.inf.OrderValidatorTest" time="0">
    <system-err><![CDATA[
 -- Order info 
OrderValidationCode: TOTAL_INCORRECT
OrderStatus: INVALID
OrderNo: 12081298
Order Contents: [Pizza[name=Pizza B, priceInPence=2400]]
PriceTotalInPence: -18438
 -- Credit card info 
CreditCardNumber: 0000000000000000
CCV: 222
ExpiryDate: 07/25
]]></system-err>
  </testcase>
  <testcase name="testTotalPriceIsNegative" classname="uk.ac.ed.inf.OrderValidatorTest" time="0">
    <system-err><![CDATA[
 -- Order info 
OrderValidationCode: TOTAL_INCORRECT
OrderStatus: INVALID
OrderNo: 6C980F55
Order Contents: [Pizza[name=Pizza B, priceInPence=2400]]
PriceTotalInPence: -81980
 -- Credit card info 
CreditCardNumber: 0000000000000000
CCV: 222
ExpiryDate: 05/26
]]></system-err>
  </testcase>
  <testcase name="testTotalPriceIsNegative" classname="uk.ac.ed.inf.OrderValidatorTest" time="0">
    <system-err><![CDATA[
 -- Order info 
OrderValidationCode: TOTAL_INCORRECT
OrderStatus: INVALID
OrderNo: 3503F906
Order Contents: [Pizza[name=Pizza A, priceInPence=2300]]
PriceTotalInPence: -95226
 -- Credit card info 
CreditCardNumber: 0000000000000000
CCV: 222
ExpiryDate: 06/27
]]></system-err>
  </testcase>
  <testcase name="testTotalPriceIsNegative" classname="uk.ac.ed.inf.OrderValidatorTest" time="0">
    <system-err><![CDATA[
 -- Order info 
OrderValidationCode: TOTAL_INCORRECT
OrderStatus: INVALID
OrderNo: 46862F10
Order Contents: [Pizza[name=Pizza C, priceInPence=2500]]
PriceTotalInPence: -3989
 -- Credit card info 
CreditCardNumber: 0000000000000000
CCV: 222
ExpiryDate: 04/25
]]></system-err>
  </testcase>
  <testcase name="testTotalPriceIsNegative" classname="uk.ac.ed.inf.OrderValidatorTest" time="0">
    <system-err><![CDATA[
 -- Order info 
OrderValidationCode: TOTAL_INCORRECT
OrderStatus: INVALID
OrderNo: 053AB6FB
Order Contents: [Pizza[name=Pizza B, priceInPence=2400]]
PriceTotalInPence: -47265
 -- Credit card info 
CreditCardNumber: 0000000000000000
CCV: 222
ExpiryDate: 03/27
]]></system-err>
  </testcase>
  <testcase name="testTotalPriceIsNegative" classname="uk.ac.ed.inf.OrderValidatorTest" time="0">
    <system-err><![CDATA[
 -- Order info 
OrderValidationCode: TOTAL_INCORRECT
OrderStatus: INVALID
OrderNo: 7E8E6729
Order Contents: [Pizza[name=Pizza A, priceInPence=2300]]
PriceTotalInPence: -57099
 -- Credit card info 
CreditCardNumber: 0000000000000000
CCV: 222
ExpiryDate: 10/24
]]></system-err>
  </testcase>
  <testcase name="testTotalPriceIsNegative" classname="uk.ac.ed.inf.OrderValidatorTest" time="0">
    <system-err><![CDATA[
 -- Order info 
OrderValidationCode: TOTAL_INCORRECT
OrderStatus: INVALID
OrderNo: 5082FB34
Order Contents: [Pizza[name=Pizza C, priceInPence=2500]]
PriceTotalInPence: -21900
 -- Credit card info 
CreditCardNumber: 0000000000000000
CCV: 222
ExpiryDate: 03/25
]]></system-err>
  </testcase>
  <testcase name="testTotalPriceIsNegative" classname="uk.ac.ed.inf.OrderValidatorTest" time="0">
    <system-err><![CDATA[
 -- Order info 
OrderValidationCode: TOTAL_INCORRECT
OrderStatus: INVALID
OrderNo: 5894B318
Order Contents: [Pizza[name=Pizza C, priceInPence=2500]]
PriceTotalInPence: -22531
 -- Credit card info 
CreditCardNumber: 0000000000000000
CCV: 222
ExpiryDate: 02/28
]]></system-err>
  </testcase>
  <testcase name="testTotalPriceIsNegative" classname="uk.ac.ed.inf.OrderValidatorTest" time="0">
    <system-err><![CDATA[
 -- Order info 
OrderValidationCode: TOTAL_INCORRECT
OrderStatus: INVALID
OrderNo: 706336AF
Order Contents: [Pizza[name=Pizza A, priceInPence=2300]]
PriceTotalInPence: -81268
 -- Credit card info 
CreditCardNumber: 0000000000000000
CCV: 222
ExpiryDate: 02/25
]]></system-err>
  </testcase>
  <testcase name="testTotalPriceIsNegative" classname="uk.ac.ed.inf.OrderValidatorTest" time="0">
    <system-err><![CDATA[
 -- Order info 
OrderValidationCode: TOTAL_INCORRECT
OrderStatus: INVALID
OrderNo: 22ADC4DC
Order Contents: [Pizza[name=Pizza B, priceInPence=2400]]
PriceTotalInPence: -70053
 -- Credit card info 
CreditCardNumber: 0000000000000000
CCV: 222
ExpiryDate: 06/26
]]></system-err>
  </testcase>
  <testcase name="testTotalPriceIsNegative" classname="uk.ac.ed.inf.OrderValidatorTest" time="0">
    <system-err><![CDATA[
 -- Order info 
OrderValidationCode: TOTAL_INCORRECT
OrderStatus: INVALID
OrderNo: 33C7A2E6
Order Contents: [Pizza[name=Pizza A, priceInPence=2300]]
PriceTotalInPence: -80194
 -- Credit card info 
CreditCardNumber: 0000000000000000
CCV: 222
ExpiryDate: 04/26
]]></system-err>
  </testcase>
  <testcase name="testTotalPriceIsNegative" classname="uk.ac.ed.inf.OrderValidatorTest" time="0">
    <system-err><![CDATA[
 -- Order info 
OrderValidationCode: TOTAL_INCORRECT
OrderStatus: INVALID
OrderNo: 6FD607A5
Order Contents: [Pizza[name=Pizza B, priceInPence=2400]]
PriceTotalInPence: -69645
 -- Credit card info 
CreditCardNumber: 0000000000000000
CCV: 222
ExpiryDate: 08/26
]]></system-err>
  </testcase>
  <testcase name="testTotalPriceIsNegative" classname="uk.ac.ed.inf.OrderValidatorTest" time="0">
    <system-err><![CDATA[
 -- Order info 
OrderValidationCode: TOTAL_INCORRECT
OrderStatus: INVALID
OrderNo: 38DA3379
Order Contents: [Pizza[name=Pizza C, priceInPence=2500]]
PriceTotalInPence: -86358
 -- Credit card info 
CreditCardNumber: 0000000000000000
CCV: 222
ExpiryDate: 11/29
]]></system-err>
  </testcase>
  <testcase name="testTotalPriceIsNegative" classname="uk.ac.ed.inf.OrderValidatorTest" time="0">
    <system-err><![CDATA[
 -- Order info 
OrderValidationCode: TOTAL_INCORRECT
OrderStatus: INVALID
OrderNo: 1E98FD24
Order Contents: [Pizza[name=Pizza C, priceInPence=2500]]
PriceTotalInPence: -26025
 -- Credit card info 
CreditCardNumber: 0000000000000000
CCV: 222
ExpiryDate: 06/29
]]></system-err>
  </testcase>
  <testcase name="testTotalPriceIsNegative" classname="uk.ac.ed.inf.OrderValidatorTest" time="0">
    <system-err><![CDATA[
 -- Order info 
OrderValidationCode: TOTAL_INCORRECT
OrderStatus: INVALID
OrderNo: 15AE7057
Order Contents: [Pizza[name=Pizza B, priceInPence=2400]]
PriceTotalInPence: -54285
 -- Credit card info 
CreditCardNumber: 0000000000000000
CCV: 222
ExpiryDate: 02/27
]]></system-err>
  </testcase>
  <testcase name="testTotalPriceIsNegative" classname="uk.ac.ed.inf.OrderValidatorTest" time="0">
    <system-err><![CDATA[
 -- Order info 
OrderValidationCode: TOTAL_INCORRECT
OrderStatus: INVALID
OrderNo: 30C103B9
Order Contents: [Pizza[name=Pizza A, priceInPence=2300]]
PriceTotalInPence: -48423
 -- Credit card info 
CreditCardNumber: 0000000000000000
CCV: 222
ExpiryDate: 11/24
]]></system-err>
  </testcase>
  <testcase name="testTotalPriceIsNegative" classname="uk.ac.ed.inf.OrderValidatorTest" time="0">
    <system-err><![CDATA[
 -- Order info 
OrderValidationCode: TOTAL_INCORRECT
OrderStatus: INVALID
OrderNo: 02B59621
Order Contents: [Pizza[name=Pizza C, priceInPence=2500]]
PriceTotalInPence: -57190
 -- Credit card info 
CreditCardNumber: 0000000000000000
CCV: 222
ExpiryDate: 09/27
]]></system-err>
  </testcase>
  <testcase name="testTotalPriceIsNegative" classname="uk.ac.ed.inf.OrderValidatorTest" time="0">
    <system-err><![CDATA[
 -- Order info 
OrderValidationCode: TOTAL_INCORRECT
OrderStatus: INVALID
OrderNo: 2E7F6FDA
Order Contents: [Pizza[name=Pizza B, priceInPence=2400]]
PriceTotalInPence: -32336
 -- Credit card info 
CreditCardNumber: 0000000000000000
CCV: 222
ExpiryDate: 09/27
]]></system-err>
  </testcase>
  <testcase name="testTotalPriceIsNegative" classname="uk.ac.ed.inf.OrderValidatorTest" time="0">
    <system-err><![CDATA[
 -- Order info 
OrderValidationCode: TOTAL_INCORRECT
OrderStatus: INVALID
OrderNo: 44151AAC
Order Contents: [Pizza[name=Pizza C, priceInPence=2500]]
PriceTotalInPence: -87816
 -- Credit card info 
CreditCardNumber: 0000000000000000
CCV: 222
ExpiryDate: 10/27
]]></system-err>
  </testcase>
  <testcase name="testTotalPriceIsNegative" classname="uk.ac.ed.inf.OrderValidatorTest" time="0">
    <system-err><![CDATA[
 -- Order info 
OrderValidationCode: TOTAL_INCORRECT
OrderStatus: INVALID
OrderNo: 7831956A
Order Contents: [Pizza[name=Pizza B, priceInPence=2400]]
PriceTotalInPence: -7642
 -- Credit card info 
CreditCardNumber: 0000000000000000
CCV: 222
ExpiryDate: 03/28
]]></system-err>
  </testcase>
  <testcase name="testTotalPriceIsNegative" classname="uk.ac.ed.inf.OrderValidatorTest" time="0">
    <system-err><![CDATA[
 -- Order info 
OrderValidationCode: TOTAL_INCORRECT
OrderStatus: INVALID
OrderNo: 74FC2990
Order Contents: [Pizza[name=Pizza C, priceInPence=2500]]
PriceTotalInPence: -88361
 -- Credit card info 
CreditCardNumber: 0000000000000000
CCV: 222
ExpiryDate: 06/27
]]></system-err>
  </testcase>
  <testcase name="testTotalPriceIsNegative" classname="uk.ac.ed.inf.OrderValidatorTest" time="0">
    <system-err><![CDATA[
 -- Order info 
OrderValidationCode: TOTAL_INCORRECT
OrderStatus: INVALID
OrderNo: 0CBC4D57
Order Contents: [Pizza[name=Pizza B, priceInPence=2400]]
PriceTotalInPence: -33539
 -- Credit card info 
CreditCardNumber: 0000000000000000
CCV: 222
ExpiryDate: 09/28
]]></system-err>
  </testcase>
  <testcase name="testTotalPriceIsNegative" classname="uk.ac.ed.inf.OrderValidatorTest" time="0">
    <system-err><![CDATA[
 -- Order info 
OrderValidationCode: TOTAL_INCORRECT
OrderStatus: INVALID
OrderNo: 0E1F22BF
Order Contents: [Pizza[name=Pizza C, priceInPence=2500]]
PriceTotalInPence: -38354
 -- Credit card info 
CreditCardNumber: 0000000000000000
CCV: 222
ExpiryDate: 08/28
]]></system-err>
  </testcase>
  <testcase name="testTotalPriceIsNegative" classname="uk.ac.ed.inf.OrderValidatorTest" time="0">
    <system-err><![CDATA[
 -- Order info 
OrderValidationCode: TOTAL_INCORRECT
OrderStatus: INVALID
OrderNo: 676329E5
Order Contents: [Pizza[name=Pizza A, priceInPence=2300]]
PriceTotalInPence: -9540
 -- Credit card info 
CreditCardNumber: 0000000000000000
CCV: 222
ExpiryDate: 03/26
]]></system-err>
  </testcase>
  <testcase name="testTotalPriceIsNegative" classname="uk.ac.ed.inf.OrderValidatorTest" time="0">
    <system-err><![CDATA[
 -- Order info 
OrderValidationCode: TOTAL_INCORRECT
OrderStatus: INVALID
OrderNo: 0568FEA2
Order Contents: [Pizza[name=Pizza B, priceInPence=2400]]
PriceTotalInPence: -14057
 -- Credit card info 
CreditCardNumber: 0000000000000000
CCV: 222
ExpiryDate: 08/29
]]></system-err>
  </testcase>
  <testcase name="testTotalPriceIsNegative" classname="uk.ac.ed.inf.OrderValidatorTest" time="0">
    <system-err><![CDATA[
 -- Order info 
OrderValidationCode: TOTAL_INCORRECT
OrderStatus: INVALID
OrderNo: 611F3061
Order Contents: [Pizza[name=Pizza A, priceInPence=2300]]
PriceTotalInPence: -3430
 -- Credit card info 
CreditCardNumber: 0000000000000000
CCV: 222
ExpiryDate: 03/25
]]></system-err>
  </testcase>
  <testcase name="testTotalPriceIsNegative" classname="uk.ac.ed.inf.OrderValidatorTest" time="0">
    <system-err><![CDATA[
 -- Order info 
OrderValidationCode: TOTAL_INCORRECT
OrderStatus: INVALID
OrderNo: 7C75C3F5
Order Contents: [Pizza[name=Pizza C, priceInPence=2500]]
PriceTotalInPence: -43634
 -- Credit card info 
CreditCardNumber: 0000000000000000
CCV: 222
ExpiryDate: 05/24
]]></system-err>
  </testcase>
  <testcase name="testTotalPriceIsNegative" classname="uk.ac.ed.inf.OrderValidatorTest" time="0">
    <system-err><![CDATA[
 -- Order info 
OrderValidationCode: TOTAL_INCORRECT
OrderStatus: INVALID
OrderNo: 15248710
Order Contents: [Pizza[name=Pizza A, priceInPence=2300]]
PriceTotalInPence: -93051
 -- Credit card info 
CreditCardNumber: 0000000000000000
CCV: 222
ExpiryDate: 04/26
]]></system-err>
  </testcase>
  <testcase name="testTotalPriceIsNegative" classname="uk.ac.ed.inf.OrderValidatorTest" time="0">
    <system-err><![CDATA[
 -- Order info 
OrderValidationCode: TOTAL_INCORRECT
OrderStatus: INVALID
OrderNo: 23EB1669
Order Contents: [Pizza[name=Pizza A, priceInPence=2300]]
PriceTotalInPence: -95992
 -- Credit card info 
CreditCardNumber: 0000000000000000
CCV: 222
ExpiryDate: 04/24
]]></system-err>
  </testcase>
  <testcase name="testTotalPriceIsNegative" classname="uk.ac.ed.inf.OrderValidatorTest" time="0">
    <system-err><![CDATA[
 -- Order info 
OrderValidationCode: TOTAL_INCORRECT
OrderStatus: INVALID
OrderNo: 74D47624
Order Contents: [Pizza[name=Pizza B, priceInPence=2400]]
PriceTotalInPence: -27602
 -- Credit card info 
CreditCardNumber: 0000000000000000
CCV: 222
ExpiryDate: 10/26
]]></system-err>
  </testcase>
  <testcase name="testTotalPriceIsNegative" classname="uk.ac.ed.inf.OrderValidatorTest" time="0">
    <system-err><![CDATA[
 -- Order info 
OrderValidationCode: TOTAL_INCORRECT
OrderStatus: INVALID
OrderNo: 085F456C
Order Contents: [Pizza[name=Pizza C, priceInPence=2500]]
PriceTotalInPence: -77875
 -- Credit card info 
CreditCardNumber: 0000000000000000
CCV: 222
ExpiryDate: 04/24
]]></system-err>
  </testcase>
  <testcase name="testTotalPriceIsNegative" classname="uk.ac.ed.inf.OrderValidatorTest" time="0">
    <system-err><![CDATA[
 -- Order info 
OrderValidationCode: TOTAL_INCORRECT
OrderStatus: INVALID
OrderNo: 7D922FC5
Order Contents: [Pizza[name=Pizza B, priceInPence=2400]]
PriceTotalInPence: -4011
 -- Credit card info 
CreditCardNumber: 0000000000000000
CCV: 222
ExpiryDate: 08/24
]]></system-err>
  </testcase>
  <testcase name="testTotalPriceIsNegative" classname="uk.ac.ed.inf.OrderValidatorTest" time="0">
    <system-err><![CDATA[
 -- Order info 
OrderValidationCode: TOTAL_INCORRECT
OrderStatus: INVALID
OrderNo: 41B812E3
Order Contents: [Pizza[name=Pizza C, priceInPence=2500]]
PriceTotalInPence: -17548
 -- Credit card info 
CreditCardNumber: 0000000000000000
CCV: 222
ExpiryDate: 08/25
]]></system-err>
  </testcase>
  <testcase name="testTotalPriceIsNegative" classname="uk.ac.ed.inf.OrderValidatorTest" time="0">
    <system-err><![CDATA[
 -- Order info 
OrderValidationCode: TOTAL_INCORRECT
OrderStatus: INVALID
OrderNo: 6FE99A72
Order Contents: [Pizza[name=Pizza C, priceInPence=2500]]
PriceTotalInPence: -55635
 -- Credit card info 
CreditCardNumber: 0000000000000000
CCV: 222
ExpiryDate: 09/24
]]></system-err>
  </testcase>
  <testcase name="testTotalPriceIsNegative" classname="uk.ac.ed.inf.OrderValidatorTest" time="0">
    <system-err><![CDATA[
 -- Order info 
OrderValidationCode: TOTAL_INCORRECT
OrderStatus: INVALID
OrderNo: 28F48E85
Order Contents: [Pizza[name=Pizza B, priceInPence=2400]]
PriceTotalInPence: -96806
 -- Credit card info 
CreditCardNumber: 0000000000000000
CCV: 222
ExpiryDate: 02/28
]]></system-err>
  </testcase>
  <testcase name="testTotalPriceIsNegative" classname="uk.ac.ed.inf.OrderValidatorTest" time="0">
    <system-err><![CDATA[
 -- Order info 
OrderValidationCode: TOTAL_INCORRECT
OrderStatus: INVALID
OrderNo: 7F67F205
Order Contents: [Pizza[name=Pizza C, priceInPence=2500]]
PriceTotalInPence: -51252
 -- Credit card info 
CreditCardNumber: 0000000000000000
CCV: 222
ExpiryDate: 04/24
]]></system-err>
  </testcase>
  <testcase name="testTotalPriceIsNegative" classname="uk.ac.ed.inf.OrderValidatorTest" time="0">
    <system-err><![CDATA[
 -- Order info 
OrderValidationCode: TOTAL_INCORRECT
OrderStatus: INVALID
OrderNo: 4983445F
Order Contents: [Pizza[name=Pizza A, priceInPence=2300]]
PriceTotalInPence: -88385
 -- Credit card info 
CreditCardNumber: 0000000000000000
CCV: 222
ExpiryDate: 10/27
]]></system-err>
  </testcase>
  <testcase name="testTotalPriceIsNegative" classname="uk.ac.ed.inf.OrderValidatorTest" time="0">
    <system-err><![CDATA[
 -- Order info 
OrderValidationCode: TOTAL_INCORRECT
OrderStatus: INVALID
OrderNo: 7D7853C4
Order Contents: [Pizza[name=Pizza A, priceInPence=2300]]
PriceTotalInPence: -66126
 -- Credit card info 
CreditCardNumber: 0000000000000000
CCV: 222
ExpiryDate: 05/28
]]></system-err>
  </testcase>
  <testcase name="testTotalPriceIsNegative" classname="uk.ac.ed.inf.OrderValidatorTest" time="0">
    <system-err><![CDATA[
 -- Order info 
OrderValidationCode: TOTAL_INCORRECT
OrderStatus: INVALID
OrderNo: 0437871B
Order Contents: [Pizza[name=Pizza B, priceInPence=2400]]
PriceTotalInPence: -21155
 -- Credit card info 
CreditCardNumber: 0000000000000000
CCV: 222
ExpiryDate: 10/25
]]></system-err>
  </testcase>
  <testcase name="testTotalPriceIsNegative" classname="uk.ac.ed.inf.OrderValidatorTest" time="0">
    <system-err><![CDATA[
 -- Order info 
OrderValidationCode: TOTAL_INCORRECT
OrderStatus: INVALID
OrderNo: 79326A49
Order Contents: [Pizza[name=Pizza A, priceInPence=2300]]
PriceTotalInPence: -96077
 -- Credit card info 
CreditCardNumber: 0000000000000000
CCV: 222
ExpiryDate: 07/28
]]></system-err>
  </testcase>
  <testcase name="testTotalPriceIsNegative" classname="uk.ac.ed.inf.OrderValidatorTest" time="0">
    <system-err><![CDATA[
 -- Order info 
OrderValidationCode: TOTAL_INCORRECT
OrderStatus: INVALID
OrderNo: 52B51914
Order Contents: [Pizza[name=Pizza A, priceInPence=2300]]
PriceTotalInPence: -1019
 -- Credit card info 
CreditCardNumber: 0000000000000000
CCV: 222
ExpiryDate: 02/24
]]></system-err>
  </testcase>
  <testcase name="testTotalPriceIsNegative" classname="uk.ac.ed.inf.OrderValidatorTest" time="0">
    <system-err><![CDATA[
 -- Order info 
OrderValidationCode: TOTAL_INCORRECT
OrderStatus: INVALID
OrderNo: 7075A7A8
Order Contents: [Pizza[name=Pizza A, priceInPence=2300]]
PriceTotalInPence: -60542
 -- Credit card info 
CreditCardNumber: 0000000000000000
CCV: 222
ExpiryDate: 03/27
]]></system-err>
  </testcase>
  <testcase name="testTotalPriceIsNegative" classname="uk.ac.ed.inf.OrderValidatorTest" time="0">
    <system-err><![CDATA[
 -- Order info 
OrderValidationCode: TOTAL_INCORRECT
OrderStatus: INVALID
OrderNo: 283BD344
Order Contents: [Pizza[name=Pizza A, priceInPence=2300]]
PriceTotalInPence: -46952
 -- Credit card info 
CreditCardNumber: 0000000000000000
CCV: 222
ExpiryDate: 05/26
]]></system-err>
  </testcase>
  <testcase name="testTotalPriceIsNegative" classname="uk.ac.ed.inf.OrderValidatorTest" time="0">
    <system-err><![CDATA[
 -- Order info 
OrderValidationCode: TOTAL_INCORRECT
OrderStatus: INVALID
OrderNo: 18DF282D
Order Contents: [Pizza[name=Pizza A, priceInPence=2300]]
PriceTotalInPence: -3045
 -- Credit card info 
CreditCardNumber: 0000000000000000
CCV: 222
ExpiryDate: 05/29
]]></system-err>
  </testcase>
  <testcase name="testTotalPriceIsNegative" classname="uk.ac.ed.inf.OrderValidatorTest" time="0">
    <system-err><![CDATA[
 -- Order info 
OrderValidationCode: TOTAL_INCORRECT
OrderStatus: INVALID
OrderNo: 410996EE
Order Contents: [Pizza[name=Pizza B, priceInPence=2400]]
PriceTotalInPence: -16545
 -- Credit card info 
CreditCardNumber: 0000000000000000
CCV: 222
ExpiryDate: 05/29
]]></system-err>
  </testcase>
  <testcase name="testTotalPriceIsNegative" classname="uk.ac.ed.inf.OrderValidatorTest" time="0">
    <system-err><![CDATA[
 -- Order info 
OrderValidationCode: TOTAL_INCORRECT
OrderStatus: INVALID
OrderNo: 2263D1B1
Order Contents: [Pizza[name=Pizza C, priceInPence=2500]]
PriceTotalInPence: -45011
 -- Credit card info 
CreditCardNumber: 0000000000000000
CCV: 222
ExpiryDate: 03/29
]]></system-err>
  </testcase>
  <testcase name="testTotalPriceIsNegative" classname="uk.ac.ed.inf.OrderValidatorTest" time="0">
    <system-err><![CDATA[
 -- Order info 
OrderValidationCode: TOTAL_INCORRECT
OrderStatus: INVALID
OrderNo: 2E6DD0FB
Order Contents: [Pizza[name=Pizza A, priceInPence=2300]]
PriceTotalInPence: -61177
 -- Credit card info 
CreditCardNumber: 0000000000000000
CCV: 222
ExpiryDate: 07/26
]]></system-err>
  </testcase>
  <testcase name="testTotalPriceIsNegative" classname="uk.ac.ed.inf.OrderValidatorTest" time="0">
    <system-err><![CDATA[
 -- Order info 
OrderValidationCode: TOTAL_INCORRECT
OrderStatus: INVALID
OrderNo: 4C0854B6
Order Contents: [Pizza[name=Pizza C, priceInPence=2500]]
PriceTotalInPence: -38365
 -- Credit card info 
CreditCardNumber: 0000000000000000
CCV: 222
ExpiryDate: 10/28
]]></system-err>
  </testcase>
  <testcase name="testTotalPriceIsNegative" classname="uk.ac.ed.inf.OrderValidatorTest" time="0">
    <system-err><![CDATA[
 -- Order info 
OrderValidationCode: TOTAL_INCORRECT
OrderStatus: INVALID
OrderNo: 46FC212D
Order Contents: [Pizza[name=Pizza C, priceInPence=2500]]
PriceTotalInPence: -50596
 -- Credit card info 
CreditCardNumber: 0000000000000000
CCV: 222
ExpiryDate: 02/24
]]></system-err>
  </testcase>
  <testcase name="testTotalPriceIsNegative" classname="uk.ac.ed.inf.OrderValidatorTest" time="0">
    <system-err><![CDATA[
 -- Order info 
OrderValidationCode: TOTAL_INCORRECT
OrderStatus: INVALID
OrderNo: 1E705D0E
Order Contents: [Pizza[name=Pizza A, priceInPence=2300]]
PriceTotalInPence: -63122
 -- Credit card info 
CreditCardNumber: 0000000000000000
CCV: 222
ExpiryDate: 07/24
]]></system-err>
  </testcase>
  <testcase name="testTotalPriceIsNegative" classname="uk.ac.ed.inf.OrderValidatorTest" time="0">
    <system-err><![CDATA[
 -- Order info 
OrderValidationCode: TOTAL_INCORRECT
OrderStatus: INVALID
OrderNo: 2C598710
Order Contents: [Pizza[name=Pizza B, priceInPence=2400]]
PriceTotalInPence: -20159
 -- Credit card info 
CreditCardNumber: 0000000000000000
CCV: 222
ExpiryDate: 07/25
]]></system-err>
  </testcase>
  <testcase name="testTotalPriceIsNegative" classname="uk.ac.ed.inf.OrderValidatorTest" time="0">
    <system-err><![CDATA[
 -- Order info 
OrderValidationCode: TOTAL_INCORRECT
OrderStatus: INVALID
OrderNo: 7AB3B6C5
Order Contents: [Pizza[name=Pizza B, priceInPence=2400]]
PriceTotalInPence: -73967
 -- Credit card info 
CreditCardNumber: 0000000000000000
CCV: 222
ExpiryDate: 08/28
]]></system-err>
  </testcase>
  <testcase name="testTotalPriceIsNegative" classname="uk.ac.ed.inf.OrderValidatorTest" time="0">
    <system-err><![CDATA[
 -- Order info 
OrderValidationCode: TOTAL_INCORRECT
OrderStatus: INVALID
OrderNo: 6288F1C4
Order Contents: [Pizza[name=Pizza A, priceInPence=2300]]
PriceTotalInPence: -36118
 -- Credit card info 
CreditCardNumber: 0000000000000000
CCV: 222
ExpiryDate: 09/29
]]></system-err>
  </testcase>
  <testcase name="testTotalPriceIsNegative" classname="uk.ac.ed.inf.OrderValidatorTest" time="0">
    <system-err><![CDATA[
 -- Order info 
OrderValidationCode: TOTAL_INCORRECT
OrderStatus: INVALID
OrderNo: 4B895BDD
Order Contents: [Pizza[name=Pizza A, priceInPence=2300]]
PriceTotalInPence: -69912
 -- Credit card info 
CreditCardNumber: 0000000000000000
CCV: 222
ExpiryDate: 03/27
]]></system-err>
  </testcase>
  <testcase name="testTotalPriceIsNegative" classname="uk.ac.ed.inf.OrderValidatorTest" time="0">
    <system-err><![CDATA[
 -- Order info 
OrderValidationCode: TOTAL_INCORRECT
OrderStatus: INVALID
OrderNo: 7EAE0230
Order Contents: [Pizza[name=Pizza C, priceInPence=2500]]
PriceTotalInPence: -64138
 -- Credit card info 
CreditCardNumber: 0000000000000000
CCV: 222
ExpiryDate: 03/25
]]></system-err>
  </testcase>
  <testcase name="testTotalPriceIsNegative" classname="uk.ac.ed.inf.OrderValidatorTest" time="0">
    <system-err><![CDATA[
 -- Order info 
OrderValidationCode: TOTAL_INCORRECT
OrderStatus: INVALID
OrderNo: 5F780425
Order Contents: [Pizza[name=Pizza B, priceInPence=2400]]
PriceTotalInPence: -63051
 -- Credit card info 
CreditCardNumber: 0000000000000000
CCV: 222
ExpiryDate: 03/25
]]></system-err>
  </testcase>
  <testcase name="testTotalPriceIsNegative" classname="uk.ac.ed.inf.OrderValidatorTest" time="0">
    <system-err><![CDATA[
 -- Order info 
OrderValidationCode: TOTAL_INCORRECT
OrderStatus: INVALID
OrderNo: 7A05928D
Order Contents: [Pizza[name=Pizza B, priceInPence=2400]]
PriceTotalInPence: -88244
 -- Credit card info 
CreditCardNumber: 0000000000000000
CCV: 222
ExpiryDate: 09/26
]]></system-err>
  </testcase>
  <testcase name="testTotalPriceIsNegative" classname="uk.ac.ed.inf.OrderValidatorTest" time="0">
    <system-err><![CDATA[
 -- Order info 
OrderValidationCode: TOTAL_INCORRECT
OrderStatus: INVALID
OrderNo: 79E45BD4
Order Contents: [Pizza[name=Pizza B, priceInPence=2400]]
PriceTotalInPence: -36504
 -- Credit card info 
CreditCardNumber: 0000000000000000
CCV: 222
ExpiryDate: 05/24
]]></system-err>
  </testcase>
  <testcase name="testTotalPriceIsNegative" classname="uk.ac.ed.inf.OrderValidatorTest" time="0">
    <system-err><![CDATA[
 -- Order info 
OrderValidationCode: TOTAL_INCORRECT
OrderStatus: INVALID
OrderNo: 0C38E9BA
Order Contents: [Pizza[name=Pizza C, priceInPence=2500]]
PriceTotalInPence: -66224
 -- Credit card info 
CreditCardNumber: 0000000000000000
CCV: 222
ExpiryDate: 09/29
]]></system-err>
  </testcase>
  <testcase name="testTotalPriceIsNegative" classname="uk.ac.ed.inf.OrderValidatorTest" time="0">
    <system-err><![CDATA[
 -- Order info 
OrderValidationCode: TOTAL_INCORRECT
OrderStatus: INVALID
OrderNo: 1CD87D30
Order Contents: [Pizza[name=Pizza C, priceInPence=2500]]
PriceTotalInPence: -81653
 -- Credit card info 
CreditCardNumber: 0000000000000000
CCV: 222
ExpiryDate: 01/25
]]></system-err>
  </testcase>
  <testcase name="testTotalPriceIsNegative" classname="uk.ac.ed.inf.OrderValidatorTest" time="0">
    <system-err><![CDATA[
 -- Order info 
OrderValidationCode: TOTAL_INCORRECT
OrderStatus: INVALID
OrderNo: 6CD67874
Order Contents: [Pizza[name=Pizza B, priceInPence=2400]]
PriceTotalInPence: -84446
 -- Credit card info 
CreditCardNumber: 0000000000000000
CCV: 222
ExpiryDate: 09/24
]]></system-err>
  </testcase>
  <testcase name="testTotalPriceIsNegative" classname="uk.ac.ed.inf.OrderValidatorTest" time="0">
    <system-err><![CDATA[
 -- Order info 
OrderValidationCode: TOTAL_INCORRECT
OrderStatus: INVALID
OrderNo: 1C95F1B5
Order Contents: [Pizza[name=Pizza C, priceInPence=2500]]
PriceTotalInPence: -16793
 -- Credit card info 
CreditCardNumber: 0000000000000000
CCV: 222
ExpiryDate: 08/26
]]></system-err>
  </testcase>
  <testcase name="testTotalPriceIsNegative" classname="uk.ac.ed.inf.OrderValidatorTest" time="0">
    <system-err><![CDATA[
 -- Order info 
OrderValidationCode: TOTAL_INCORRECT
OrderStatus: INVALID
OrderNo: 4DE58F38
Order Contents: [Pizza[name=Pizza C, priceInPence=2500]]
PriceTotalInPence: -96076
 -- Credit card info 
CreditCardNumber: 0000000000000000
CCV: 222
ExpiryDate: 10/25
]]></system-err>
  </testcase>
  <testcase name="testTotalPriceIsNegative" classname="uk.ac.ed.inf.OrderValidatorTest" time="0">
    <system-err><![CDATA[
 -- Order info 
OrderValidationCode: TOTAL_INCORRECT
OrderStatus: INVALID
OrderNo: 375F8B0C
Order Contents: [Pizza[name=Pizza A, priceInPence=2300]]
PriceTotalInPence: -57129
 -- Credit card info 
CreditCardNumber: 0000000000000000
CCV: 222
ExpiryDate: 08/28
]]></system-err>
  </testcase>
  <testcase name="testTotalPriceIsNegative" classname="uk.ac.ed.inf.OrderValidatorTest" time="0">
    <system-err><![CDATA[
 -- Order info 
OrderValidationCode: TOTAL_INCORRECT
OrderStatus: INVALID
OrderNo: 2A28AB65
Order Contents: [Pizza[name=Pizza C, priceInPence=2500]]
PriceTotalInPence: -31322
 -- Credit card info 
CreditCardNumber: 0000000000000000
CCV: 222
ExpiryDate: 11/27
]]></system-err>
  </testcase>
  <testcase name="testTotalPriceIsNegative" classname="uk.ac.ed.inf.OrderValidatorTest" time="0">
    <system-err><![CDATA[
 -- Order info 
OrderValidationCode: TOTAL_INCORRECT
OrderStatus: INVALID
OrderNo: 5629D981
Order Contents: [Pizza[name=Pizza C, priceInPence=2500]]
PriceTotalInPence: -52505
 -- Credit card info 
CreditCardNumber: 0000000000000000
CCV: 222
ExpiryDate: 09/27
]]></system-err>
  </testcase>
  <testcase name="testTotalPriceIsNegative" classname="uk.ac.ed.inf.OrderValidatorTest" time="0">
    <system-err><![CDATA[
 -- Order info 
OrderValidationCode: TOTAL_INCORRECT
OrderStatus: INVALID
OrderNo: 68D9F578
Order Contents: [Pizza[name=Pizza A, priceInPence=2300]]
PriceTotalInPence: -7264
 -- Credit card info 
CreditCardNumber: 0000000000000000
CCV: 222
ExpiryDate: 05/24
]]></system-err>
  </testcase>
  <testcase name="testTotalPriceIsNegative" classname="uk.ac.ed.inf.OrderValidatorTest" time="0">
    <system-err><![CDATA[
 -- Order info 
OrderValidationCode: TOTAL_INCORRECT
OrderStatus: INVALID
OrderNo: 02F98424
Order Contents: [Pizza[name=Pizza B, priceInPence=2400]]
PriceTotalInPence: -35384
 -- Credit card info 
CreditCardNumber: 0000000000000000
CCV: 222
ExpiryDate: 07/24
]]></system-err>
  </testcase>
  <testcase name="testTotalPriceIsNegative" classname="uk.ac.ed.inf.OrderValidatorTest" time="0">
    <system-err><![CDATA[
 -- Order info 
OrderValidationCode: TOTAL_INCORRECT
OrderStatus: INVALID
OrderNo: 3774AD43
Order Contents: [Pizza[name=Pizza C, priceInPence=2500]]
PriceTotalInPence: -55957
 -- Credit card info 
CreditCardNumber: 0000000000000000
CCV: 222
ExpiryDate: 11/27
]]></system-err>
  </testcase>
  <testcase name="testTotalPriceIsNegative" classname="uk.ac.ed.inf.OrderValidatorTest" time="0">
    <system-err><![CDATA[
 -- Order info 
OrderValidationCode: TOTAL_INCORRECT
OrderStatus: INVALID
OrderNo: 176F7050
Order Contents: [Pizza[name=Pizza A, priceInPence=2300]]
PriceTotalInPence: -5037
 -- Credit card info 
CreditCardNumber: 0000000000000000
CCV: 222
ExpiryDate: 06/24
]]></system-err>
  </testcase>
  <testcase name="testTotalPriceIsNegative" classname="uk.ac.ed.inf.OrderValidatorTest" time="0">
    <system-err><![CDATA[
 -- Order info 
OrderValidationCode: TOTAL_INCORRECT
OrderStatus: INVALID
OrderNo: 3E15D0D8
Order Contents: [Pizza[name=Pizza C, priceInPence=2500]]
PriceTotalInPence: -74612
 -- Credit card info 
CreditCardNumber: 0000000000000000
CCV: 222
ExpiryDate: 07/27
]]></system-err>
  </testcase>
  <testcase name="testTotalPriceIsNegative" classname="uk.ac.ed.inf.OrderValidatorTest" time="0">
    <system-err><![CDATA[
 -- Order info 
OrderValidationCode: TOTAL_INCORRECT
OrderStatus: INVALID
OrderNo: 631E82E8
Order Contents: [Pizza[name=Pizza A, priceInPence=2300]]
PriceTotalInPence: -36489
 -- Credit card info 
CreditCardNumber: 0000000000000000
CCV: 222
ExpiryDate: 11/24
]]></system-err>
  </testcase>
  <testcase name="testTotalPriceIsNegative" classname="uk.ac.ed.inf.OrderValidatorTest" time="0">
    <system-err><![CDATA[
 -- Order info 
OrderValidationCode: TOTAL_INCORRECT
OrderStatus: INVALID
OrderNo: 4CCAC26C
Order Contents: [Pizza[name=Pizza C, priceInPence=2500]]
PriceTotalInPence: -12930
 -- Credit card info 
CreditCardNumber: 0000000000000000
CCV: 222
ExpiryDate: 07/28
]]></system-err>
  </testcase>
  <testcase name="testTotalPriceIsNegative" classname="uk.ac.ed.inf.OrderValidatorTest" time="0">
    <system-err><![CDATA[
 -- Order info 
OrderValidationCode: TOTAL_INCORRECT
OrderStatus: INVALID
OrderNo: 5099B3A3
Order Contents: [Pizza[name=Pizza A, priceInPence=2300]]
PriceTotalInPence: -16319
 -- Credit card info 
CreditCardNumber: 0000000000000000
CCV: 222
ExpiryDate: 01/29
]]></system-err>
  </testcase>
  <testcase name="testTotalPriceIsNegative" classname="uk.ac.ed.inf.OrderValidatorTest" time="0">
    <system-err><![CDATA[
 -- Order info 
OrderValidationCode: TOTAL_INCORRECT
OrderStatus: INVALID
OrderNo: 387AC2E6
Order Contents: [Pizza[name=Pizza B, priceInPence=2400]]
PriceTotalInPence: -44053
 -- Credit card info 
CreditCardNumber: 0000000000000000
CCV: 222
ExpiryDate: 02/25
]]></system-err>
  </testcase>
  <testcase name="testTotalPriceIsNegative" classname="uk.ac.ed.inf.OrderValidatorTest" time="0">
    <system-err><![CDATA[
 -- Order info 
OrderValidationCode: TOTAL_INCORRECT
OrderStatus: INVALID
OrderNo: 230E779C
Order Contents: [Pizza[name=Pizza C, priceInPence=2500]]
PriceTotalInPence: -50681
 -- Credit card info 
CreditCardNumber: 0000000000000000
CCV: 222
ExpiryDate: 10/27
]]></system-err>
  </testcase>
  <testcase name="testTotalPriceIsNegative" classname="uk.ac.ed.inf.OrderValidatorTest" time="0">
    <system-err><![CDATA[
 -- Order info 
OrderValidationCode: TOTAL_INCORRECT
OrderStatus: INVALID
OrderNo: 19A4FFFD
Order Contents: [Pizza[name=Pizza A, priceInPence=2300]]
PriceTotalInPence: -4953
 -- Credit card info 
CreditCardNumber: 0000000000000000
CCV: 222
ExpiryDate: 07/29
]]></system-err>
  </testcase>
  <testcase name="testTotalPriceIsNegative" classname="uk.ac.ed.inf.OrderValidatorTest" time="0">
    <system-err><![CDATA[
 -- Order info 
OrderValidationCode: TOTAL_INCORRECT
OrderStatus: INVALID
OrderNo: 5A26F478
Order Contents: [Pizza[name=Pizza C, priceInPence=2500]]
PriceTotalInPence: -26607
 -- Credit card info 
CreditCardNumber: 0000000000000000
CCV: 222
ExpiryDate: 10/24
]]></system-err>
  </testcase>
  <testcase name="testTotalPriceIsNegative" classname="uk.ac.ed.inf.OrderValidatorTest" time="0">
    <system-err><![CDATA[
 -- Order info 
OrderValidationCode: TOTAL_INCORRECT
OrderStatus: INVALID
OrderNo: 4BAEC5D4
Order Contents: [Pizza[name=Pizza B, priceInPence=2400]]
PriceTotalInPence: -67991
 -- Credit card info 
CreditCardNumber: 0000000000000000
CCV: 222
ExpiryDate: 09/27
]]></system-err>
  </testcase>
  <testcase name="testTotalPriceIsNegative" classname="uk.ac.ed.inf.OrderValidatorTest" time="0.016">
    <system-err><![CDATA[
 -- Order info 
OrderValidationCode: TOTAL_INCORRECT
OrderStatus: INVALID
OrderNo: 0C78372E
Order Contents: [Pizza[name=Pizza C, priceInPence=2500]]
PriceTotalInPence: -35580
 -- Credit card info 
CreditCardNumber: 0000000000000000
CCV: 222
ExpiryDate: 01/24
]]></system-err>
  </testcase>
  <testcase name="testTotalPriceIsNegative" classname="uk.ac.ed.inf.OrderValidatorTest" time="0">
    <system-err><![CDATA[
 -- Order info 
OrderValidationCode: TOTAL_INCORRECT
OrderStatus: INVALID
OrderNo: 641CF3DD
Order Contents: [Pizza[name=Pizza B, priceInPence=2400]]
PriceTotalInPence: -92826
 -- Credit card info 
CreditCardNumber: 0000000000000000
CCV: 222
ExpiryDate: 09/27
]]></system-err>
  </testcase>
  <testcase name="testTotalPriceIsNegative" classname="uk.ac.ed.inf.OrderValidatorTest" time="0">
    <system-err><![CDATA[
 -- Order info 
OrderValidationCode: TOTAL_INCORRECT
OrderStatus: INVALID
OrderNo: 76A5E3D9
Order Contents: [Pizza[name=Pizza C, priceInPence=2500]]
PriceTotalInPence: -78708
 -- Credit card info 
CreditCardNumber: 0000000000000000
CCV: 222
ExpiryDate: 10/24
]]></system-err>
  </testcase>
  <testcase name="testTotalPriceTwoPizzas" classname="uk.ac.ed.inf.OrderValidatorTest" time="0">
    <system-err><![CDATA[
 -- Order info 
OrderValidationCode: TOTAL_INCORRECT
OrderStatus: INVALID
OrderNo: 0F162497
Order Contents: [Pizza[name=Pizza B, priceInPence=2400], Pizza[name=Pizza C, priceInPence=2500]]
PriceTotalInPence: -46529
 -- Credit card info 
CreditCardNumber: 0000000000000000
CCV: 222
ExpiryDate: 07/28
]]></system-err>
  </testcase>
  <testcase name="testTotalPriceTwoPizzas" classname="uk.ac.ed.inf.OrderValidatorTest" time="0">
    <system-err><![CDATA[
 -- Order info 
OrderValidationCode: TOTAL_INCORRECT
OrderStatus: INVALID
OrderNo: 430F40BA
Order Contents: [Pizza[name=Pizza B, priceInPence=2400], Pizza[name=Pizza B, priceInPence=2400]]
PriceTotalInPence: -37064
 -- Credit card info 
CreditCardNumber: 0000000000000000
CCV: 222
ExpiryDate: 04/28
]]></system-err>
  </testcase>
  <testcase name="testTotalPriceTwoPizzas" classname="uk.ac.ed.inf.OrderValidatorTest" time="0">
    <system-err><![CDATA[
 -- Order info 
OrderValidationCode: TOTAL_INCORRECT
OrderStatus: INVALID
OrderNo: 5D145D4D
Order Contents: [Pizza[name=Pizza C, priceInPence=2500], Pizza[name=Pizza B, priceInPence=2400]]
PriceTotalInPence: -5585
 -- Credit card info 
CreditCardNumber: 0000000000000000
CCV: 222
ExpiryDate: 09/26
]]></system-err>
  </testcase>
  <testcase name="testTotalPriceTwoPizzas" classname="uk.ac.ed.inf.OrderValidatorTest" time="0">
    <system-err><![CDATA[
 -- Order info 
OrderValidationCode: TOTAL_INCORRECT
OrderStatus: INVALID
OrderNo: 137FB58F
Order Contents: [Pizza[name=Pizza C, priceInPence=2500], Pizza[name=Pizza A, priceInPence=2300]]
PriceTotalInPence: -93108
 -- Credit card info 
CreditCardNumber: 0000000000000000
CCV: 222
ExpiryDate: 04/26
]]></system-err>
  </testcase>
  <testcase name="testTotalPriceTwoPizzas" classname="uk.ac.ed.inf.OrderValidatorTest" time="0">
    <system-err><![CDATA[
 -- Order info 
OrderValidationCode: TOTAL_INCORRECT
OrderStatus: INVALID
OrderNo: 2B752244
Order Contents: [Pizza[name=Pizza A, priceInPence=2300], Pizza[name=Pizza B, priceInPence=2400]]
PriceTotalInPence: -64169
 -- Credit card info 
CreditCardNumber: 0000000000000000
CCV: 222
ExpiryDate: 06/25
]]></system-err>
  </testcase>
  <testcase name="testTotalPriceTwoPizzas" classname="uk.ac.ed.inf.OrderValidatorTest" time="0">
    <system-err><![CDATA[
 -- Order info 
OrderValidationCode: TOTAL_INCORRECT
OrderStatus: INVALID
OrderNo: 4BA10CA3
Order Contents: [Pizza[name=Pizza B, priceInPence=2400], Pizza[name=Pizza C, priceInPence=2500]]
PriceTotalInPence: -46084
 -- Credit card info 
CreditCardNumber: 0000000000000000
CCV: 222
ExpiryDate: 10/25
]]></system-err>
  </testcase>
  <testcase name="testTotalPriceTwoPizzas" classname="uk.ac.ed.inf.OrderValidatorTest" time="0">
    <system-err><![CDATA[
 -- Order info 
OrderValidationCode: TOTAL_INCORRECT
OrderStatus: INVALID
OrderNo: 6FA2294A
Order Contents: [Pizza[name=Pizza A, priceInPence=2300], Pizza[name=Pizza A, priceInPence=2300]]
PriceTotalInPence: -68222
 -- Credit card info 
CreditCardNumber: 0000000000000000
CCV: 222
ExpiryDate: 10/24
]]></system-err>
  </testcase>
  <testcase name="testTotalPriceTwoPizzas" classname="uk.ac.ed.inf.OrderValidatorTest" time="0">
    <system-err><![CDATA[
 -- Order info 
OrderValidationCode: TOTAL_INCORRECT
OrderStatus: INVALID
OrderNo: 63B1F97F
Order Contents: [Pizza[name=Pizza A, priceInPence=2300], Pizza[name=Pizza A, priceInPence=2300]]
PriceTotalInPence: -6595
 -- Credit card info 
CreditCardNumber: 0000000000000000
CCV: 222
ExpiryDate: 03/29
]]></system-err>
  </testcase>
  <testcase name="testTotalPriceTwoPizzas" classname="uk.ac.ed.inf.OrderValidatorTest" time="0">
    <system-err><![CDATA[
 -- Order info 
OrderValidationCode: TOTAL_INCORRECT
OrderStatus: INVALID
OrderNo: 38BBE8DD
Order Contents: [Pizza[name=Pizza A, priceInPence=2300], Pizza[name=Pizza C, priceInPence=2500]]
PriceTotalInPence: -46437
 -- Credit card info 
CreditCardNumber: 0000000000000000
CCV: 222
ExpiryDate: 06/25
]]></system-err>
  </testcase>
  <testcase name="testTotalPriceTwoPizzas" classname="uk.ac.ed.inf.OrderValidatorTest" time="0">
    <system-err><![CDATA[
 -- Order info 
OrderValidationCode: TOTAL_INCORRECT
OrderStatus: INVALID
OrderNo: 266E4958
Order Contents: [Pizza[name=Pizza B, priceInPence=2400], Pizza[name=Pizza A, priceInPence=2300]]
PriceTotalInPence: -59920
 -- Credit card info 
CreditCardNumber: 0000000000000000
CCV: 222
ExpiryDate: 08/28
]]></system-err>
  </testcase>
  <testcase name="testTotalPriceTwoPizzas" classname="uk.ac.ed.inf.OrderValidatorTest" time="0">
    <system-err><![CDATA[
 -- Order info 
OrderValidationCode: TOTAL_INCORRECT
OrderStatus: INVALID
OrderNo: 1ABDCA2C
Order Contents: [Pizza[name=Pizza A, priceInPence=2300], Pizza[name=Pizza C, priceInPence=2500]]
PriceTotalInPence: -48522
 -- Credit card info 
CreditCardNumber: 0000000000000000
CCV: 222
ExpiryDate: 07/26
]]></system-err>
  </testcase>
  <testcase name="testTotalPriceTwoPizzas" classname="uk.ac.ed.inf.OrderValidatorTest" time="0">
    <system-err><![CDATA[
 -- Order info 
OrderValidationCode: TOTAL_INCORRECT
OrderStatus: INVALID
OrderNo: 2380B43F
Order Contents: [Pizza[name=Pizza A, priceInPence=2300], Pizza[name=Pizza B, priceInPence=2400]]
PriceTotalInPence: -17634
 -- Credit card info 
CreditCardNumber: 0000000000000000
CCV: 222
ExpiryDate: 08/25
]]></system-err>
  </testcase>
  <testcase name="testTotalPriceTwoPizzas" classname="uk.ac.ed.inf.OrderValidatorTest" time="0">
    <system-err><![CDATA[
 -- Order info 
OrderValidationCode: TOTAL_INCORRECT
OrderStatus: INVALID
OrderNo: 2B5344F9
Order Contents: [Pizza[name=Pizza B, priceInPence=2400], Pizza[name=Pizza B, priceInPence=2400]]
PriceTotalInPence: -95037
 -- Credit card info 
CreditCardNumber: 0000000000000000
CCV: 222
ExpiryDate: 05/25
]]></system-err>
  </testcase>
  <testcase name="testTotalPriceTwoPizzas" classname="uk.ac.ed.inf.OrderValidatorTest" time="0">
    <system-err><![CDATA[
 -- Order info 
OrderValidationCode: TOTAL_INCORRECT
OrderStatus: INVALID
OrderNo: 3B04B2BF
Order Contents: [Pizza[name=Pizza B, priceInPence=2400], Pizza[name=Pizza C, priceInPence=2500]]
PriceTotalInPence: -43711
 -- Credit card info 
CreditCardNumber: 0000000000000000
CCV: 222
ExpiryDate: 03/24
]]></system-err>
  </testcase>
  <testcase name="testTotalPriceTwoPizzas" classname="uk.ac.ed.inf.OrderValidatorTest" time="0">
    <system-err><![CDATA[
 -- Order info 
OrderValidationCode: TOTAL_INCORRECT
OrderStatus: INVALID
OrderNo: 4ACEDBD4
Order Contents: [Pizza[name=Pizza B, priceInPence=2400], Pizza[name=Pizza B, priceInPence=2400]]
PriceTotalInPence: -77553
 -- Credit card info 
CreditCardNumber: 0000000000000000
CCV: 222
ExpiryDate: 01/26
]]></system-err>
  </testcase>
  <testcase name="testTotalPriceTwoPizzas" classname="uk.ac.ed.inf.OrderValidatorTest" time="0">
    <system-err><![CDATA[
 -- Order info 
OrderValidationCode: TOTAL_INCORRECT
OrderStatus: INVALID
OrderNo: 23690401
Order Contents: [Pizza[name=Pizza A, priceInPence=2300], Pizza[name=Pizza B, priceInPence=2400]]
PriceTotalInPence: -94952
 -- Credit card info 
CreditCardNumber: 0000000000000000
CCV: 222
ExpiryDate: 07/29
]]></system-err>
  </testcase>
  <testcase name="testTotalPriceTwoPizzas" classname="uk.ac.ed.inf.OrderValidatorTest" time="0">
    <system-err><![CDATA[
 -- Order info 
OrderValidationCode: TOTAL_INCORRECT
OrderStatus: INVALID
OrderNo: 6F05E098
Order Contents: [Pizza[name=Pizza B, priceInPence=2400], Pizza[name=Pizza C, priceInPence=2500]]
PriceTotalInPence: -73470
 -- Credit card info 
CreditCardNumber: 0000000000000000
CCV: 222
ExpiryDate: 10/29
]]></system-err>
  </testcase>
  <testcase name="testTotalPriceTwoPizzas" classname="uk.ac.ed.inf.OrderValidatorTest" time="0">
    <system-err><![CDATA[
 -- Order info 
OrderValidationCode: TOTAL_INCORRECT
OrderStatus: INVALID
OrderNo: 6A23745F
Order Contents: [Pizza[name=Pizza B, priceInPence=2400], Pizza[name=Pizza A, priceInPence=2300]]
PriceTotalInPence: -40446
 -- Credit card info 
CreditCardNumber: 0000000000000000
CCV: 222
ExpiryDate: 05/27
]]></system-err>
  </testcase>
  <testcase name="testTotalPriceTwoPizzas" classname="uk.ac.ed.inf.OrderValidatorTest" time="0">
    <system-err><![CDATA[
 -- Order info 
OrderValidationCode: TOTAL_INCORRECT
OrderStatus: INVALID
OrderNo: 070C6766
Order Contents: [Pizza[name=Pizza B, priceInPence=2400], Pizza[name=Pizza A, priceInPence=2300]]
PriceTotalInPence: -19261
 -- Credit card info 
CreditCardNumber: 0000000000000000
CCV: 222
ExpiryDate: 01/24
]]></system-err>
  </testcase>
  <testcase name="testTotalPriceTwoPizzas" classname="uk.ac.ed.inf.OrderValidatorTest" time="0">
    <system-err><![CDATA[
 -- Order info 
OrderValidationCode: TOTAL_INCORRECT
OrderStatus: INVALID
OrderNo: 1E0F2C0D
Order Contents: [Pizza[name=Pizza A, priceInPence=2300], Pizza[name=Pizza A, priceInPence=2300]]
PriceTotalInPence: -51300
 -- Credit card info 
CreditCardNumber: 0000000000000000
CCV: 222
ExpiryDate: 09/26
]]></system-err>
  </testcase>
  <testcase name="testTotalPriceTwoPizzas" classname="uk.ac.ed.inf.OrderValidatorTest" time="0">
    <system-err><![CDATA[
 -- Order info 
OrderValidationCode: TOTAL_INCORRECT
OrderStatus: INVALID
OrderNo: 75741187
Order Contents: [Pizza[name=Pizza B, priceInPence=2400], Pizza[name=Pizza B, priceInPence=2400]]
PriceTotalInPence: -21801
 -- Credit card info 
CreditCardNumber: 0000000000000000
CCV: 222
ExpiryDate: 06/24
]]></system-err>
  </testcase>
  <testcase name="testTotalPriceTwoPizzas" classname="uk.ac.ed.inf.OrderValidatorTest" time="0">
    <system-err><![CDATA[
 -- Order info 
OrderValidationCode: TOTAL_INCORRECT
OrderStatus: INVALID
OrderNo: 6B7BB577
Order Contents: [Pizza[name=Pizza A, priceInPence=2300], Pizza[name=Pizza B, priceInPence=2400]]
PriceTotalInPence: -43784
 -- Credit card info 
CreditCardNumber: 0000000000000000
CCV: 222
ExpiryDate: 01/25
]]></system-err>
  </testcase>
  <testcase name="testTotalPriceTwoPizzas" classname="uk.ac.ed.inf.OrderValidatorTest" time="0">
    <system-err><![CDATA[
 -- Order info 
OrderValidationCode: TOTAL_INCORRECT
OrderStatus: INVALID
OrderNo: 3C5814C7
Order Contents: [Pizza[name=Pizza C, priceInPence=2500], Pizza[name=Pizza B, priceInPence=2400]]
PriceTotalInPence: -33605
 -- Credit card info 
CreditCardNumber: 0000000000000000
CCV: 222
ExpiryDate: 03/27
]]></system-err>
  </testcase>
  <testcase name="testTotalPriceTwoPizzas" classname="uk.ac.ed.inf.OrderValidatorTest" time="0">
    <system-err><![CDATA[
 -- Order info 
OrderValidationCode: TOTAL_INCORRECT
OrderStatus: INVALID
OrderNo: 3904B832
Order Contents: [Pizza[name=Pizza B, priceInPence=2400], Pizza[name=Pizza B, priceInPence=2400]]
PriceTotalInPence: -67429
 -- Credit card info 
CreditCardNumber: 0000000000000000
CCV: 222
ExpiryDate: 06/26
]]></system-err>
  </testcase>
  <testcase name="testTotalPriceTwoPizzas" classname="uk.ac.ed.inf.OrderValidatorTest" time="0">
    <system-err><![CDATA[
 -- Order info 
OrderValidationCode: TOTAL_INCORRECT
OrderStatus: INVALID
OrderNo: 21D7B320
Order Contents: [Pizza[name=Pizza A, priceInPence=2300], Pizza[name=Pizza A, priceInPence=2300]]
PriceTotalInPence: -36823
 -- Credit card info 
CreditCardNumber: 0000000000000000
CCV: 222
ExpiryDate: 05/26
]]></system-err>
  </testcase>
  <testcase name="testTotalPriceTwoPizzas" classname="uk.ac.ed.inf.OrderValidatorTest" time="0">
    <system-err><![CDATA[
 -- Order info 
OrderValidationCode: TOTAL_INCORRECT
OrderStatus: INVALID
OrderNo: 4FBE992E
Order Contents: [Pizza[name=Pizza B, priceInPence=2400], Pizza[name=Pizza A, priceInPence=2300]]
PriceTotalInPence: -25243
 -- Credit card info 
CreditCardNumber: 0000000000000000
CCV: 222
ExpiryDate: 06/25
]]></system-err>
  </testcase>
  <testcase name="testTotalPriceTwoPizzas" classname="uk.ac.ed.inf.OrderValidatorTest" time="0">
    <system-err><![CDATA[
 -- Order info 
OrderValidationCode: TOTAL_INCORRECT
OrderStatus: INVALID
OrderNo: 719F4257
Order Contents: [Pizza[name=Pizza C, priceInPence=2500], Pizza[name=Pizza C, priceInPence=2500]]
PriceTotalInPence: -20674
 -- Credit card info 
CreditCardNumber: 0000000000000000
CCV: 222
ExpiryDate: 09/25
]]></system-err>
  </testcase>
  <testcase name="testTotalPriceTwoPizzas" classname="uk.ac.ed.inf.OrderValidatorTest" time="0">
    <system-err><![CDATA[
 -- Order info 
OrderValidationCode: TOTAL_INCORRECT
OrderStatus: INVALID
OrderNo: 54861B62
Order Contents: [Pizza[name=Pizza B, priceInPence=2400], Pizza[name=Pizza B, priceInPence=2400]]
PriceTotalInPence: -43825
 -- Credit card info 
CreditCardNumber: 0000000000000000
CCV: 222
ExpiryDate: 11/27
]]></system-err>
  </testcase>
  <testcase name="testTotalPriceTwoPizzas" classname="uk.ac.ed.inf.OrderValidatorTest" time="0">
    <system-err><![CDATA[
 -- Order info 
OrderValidationCode: TOTAL_INCORRECT
OrderStatus: INVALID
OrderNo: 0ACB5FC6
Order Contents: [Pizza[name=Pizza C, priceInPence=2500], Pizza[name=Pizza A, priceInPence=2300]]
PriceTotalInPence: -88423
 -- Credit card info 
CreditCardNumber: 0000000000000000
CCV: 222
ExpiryDate: 03/25
]]></system-err>
  </testcase>
  <testcase name="testTotalPriceTwoPizzas" classname="uk.ac.ed.inf.OrderValidatorTest" time="0">
    <system-err><![CDATA[
 -- Order info 
OrderValidationCode: TOTAL_INCORRECT
OrderStatus: INVALID
OrderNo: 0997435C
Order Contents: [Pizza[name=Pizza B, priceInPence=2400], Pizza[name=Pizza B, priceInPence=2400]]
PriceTotalInPence: -91813
 -- Credit card info 
CreditCardNumber: 0000000000000000
CCV: 222
ExpiryDate: 06/29
]]></system-err>
  </testcase>
  <testcase name="testTotalPriceTwoPizzas" classname="uk.ac.ed.inf.OrderValidatorTest" time="0">
    <system-err><![CDATA[
 -- Order info 
OrderValidationCode: TOTAL_INCORRECT
OrderStatus: INVALID
OrderNo: 39E4C162
Order Contents: [Pizza[name=Pizza A, priceInPence=2300], Pizza[name=Pizza A, priceInPence=2300]]
PriceTotalInPence: -55338
 -- Credit card info 
CreditCardNumber: 0000000000000000
CCV: 222
ExpiryDate: 05/26
]]></system-err>
  </testcase>
  <testcase name="testTotalPriceTwoPizzas" classname="uk.ac.ed.inf.OrderValidatorTest" time="0">
    <system-err><![CDATA[
 -- Order info 
OrderValidationCode: TOTAL_INCORRECT
OrderStatus: INVALID
OrderNo: 6B9B93F0
Order Contents: [Pizza[name=Pizza B, priceInPence=2400], Pizza[name=Pizza A, priceInPence=2300]]
PriceTotalInPence: -54099
 -- Credit card info 
CreditCardNumber: 0000000000000000
CCV: 222
ExpiryDate: 09/27
]]></system-err>
  </testcase>
  <testcase name="testTotalPriceTwoPizzas" classname="uk.ac.ed.inf.OrderValidatorTest" time="0">
    <system-err><![CDATA[
 -- Order info 
OrderValidationCode: TOTAL_INCORRECT
OrderStatus: INVALID
OrderNo: 19D10F76
Order Contents: [Pizza[name=Pizza A, priceInPence=2300], Pizza[name=Pizza C, priceInPence=2500]]
PriceTotalInPence: -65670
 -- Credit card info 
CreditCardNumber: 0000000000000000
CCV: 222
ExpiryDate: 05/27
]]></system-err>
  </testcase>
  <testcase name="testTotalPriceTwoPizzas" classname="uk.ac.ed.inf.OrderValidatorTest" time="0">
    <system-err><![CDATA[
 -- Order info 
OrderValidationCode: TOTAL_INCORRECT
OrderStatus: INVALID
OrderNo: 55352D6D
Order Contents: [Pizza[name=Pizza B, priceInPence=2400], Pizza[name=Pizza A, priceInPence=2300]]
PriceTotalInPence: -73338
 -- Credit card info 
CreditCardNumber: 0000000000000000
CCV: 222
ExpiryDate: 07/27
]]></system-err>
  </testcase>
  <testcase name="testTotalPriceTwoPizzas" classname="uk.ac.ed.inf.OrderValidatorTest" time="0">
    <system-err><![CDATA[
 -- Order info 
OrderValidationCode: TOTAL_INCORRECT
OrderStatus: INVALID
OrderNo: 43339A31
Order Contents: [Pizza[name=Pizza C, priceInPence=2500], Pizza[name=Pizza C, priceInPence=2500]]
PriceTotalInPence: -64141
 -- Credit card info 
CreditCardNumber: 0000000000000000
CCV: 222
ExpiryDate: 06/24
]]></system-err>
  </testcase>
  <testcase name="testTotalPriceTwoPizzas" classname="uk.ac.ed.inf.OrderValidatorTest" time="0">
    <system-err><![CDATA[
 -- Order info 
OrderValidationCode: TOTAL_INCORRECT
OrderStatus: INVALID
OrderNo: 63BC0021
Order Contents: [Pizza[name=Pizza B, priceInPence=2400], Pizza[name=Pizza B, priceInPence=2400]]
PriceTotalInPence: -17493
 -- Credit card info 
CreditCardNumber: 0000000000000000
CCV: 222
ExpiryDate: 02/27
]]></system-err>
  </testcase>
  <testcase name="testTotalPriceTwoPizzas" classname="uk.ac.ed.inf.OrderValidatorTest" time="0">
    <system-err><![CDATA[
 -- Order info 
OrderValidationCode: TOTAL_INCORRECT
OrderStatus: INVALID
OrderNo: 53EC139A
Order Contents: [Pizza[name=Pizza C, priceInPence=2500], Pizza[name=Pizza A, priceInPence=2300]]
PriceTotalInPence: -4765
 -- Credit card info 
CreditCardNumber: 0000000000000000
CCV: 222
ExpiryDate: 11/28
]]></system-err>
  </testcase>
  <testcase name="testTotalPriceTwoPizzas" classname="uk.ac.ed.inf.OrderValidatorTest" time="0">
    <system-err><![CDATA[
 -- Order info 
OrderValidationCode: TOTAL_INCORRECT
OrderStatus: INVALID
OrderNo: 46801D9B
Order Contents: [Pizza[name=Pizza C, priceInPence=2500], Pizza[name=Pizza B, priceInPence=2400]]
PriceTotalInPence: -58946
 -- Credit card info 
CreditCardNumber: 0000000000000000
CCV: 222
ExpiryDate: 06/26
]]></system-err>
  </testcase>
  <testcase name="testTotalPriceTwoPizzas" classname="uk.ac.ed.inf.OrderValidatorTest" time="0">
    <system-err><![CDATA[
 -- Order info 
OrderValidationCode: TOTAL_INCORRECT
OrderStatus: INVALID
OrderNo: 582DFE79
Order Contents: [Pizza[name=Pizza A, priceInPence=2300], Pizza[name=Pizza B, priceInPence=2400]]
PriceTotalInPence: -57357
 -- Credit card info 
CreditCardNumber: 0000000000000000
CCV: 222
ExpiryDate: 03/25
]]></system-err>
  </testcase>
  <testcase name="testTotalPriceTwoPizzas" classname="uk.ac.ed.inf.OrderValidatorTest" time="0">
    <system-err><![CDATA[
 -- Order info 
OrderValidationCode: TOTAL_INCORRECT
OrderStatus: INVALID
OrderNo: 5289F270
Order Contents: [Pizza[name=Pizza A, priceInPence=2300], Pizza[name=Pizza A, priceInPence=2300]]
PriceTotalInPence: -96707
 -- Credit card info 
CreditCardNumber: 0000000000000000
CCV: 222
ExpiryDate: 09/29
]]></system-err>
  </testcase>
  <testcase name="testTotalPriceTwoPizzas" classname="uk.ac.ed.inf.OrderValidatorTest" time="0">
    <system-err><![CDATA[
 -- Order info 
OrderValidationCode: TOTAL_INCORRECT
OrderStatus: INVALID
OrderNo: 0A0AD9A0
Order Contents: [Pizza[name=Pizza A, priceInPence=2300], Pizza[name=Pizza B, priceInPence=2400]]
PriceTotalInPence: -89140
 -- Credit card info 
CreditCardNumber: 0000000000000000
CCV: 222
ExpiryDate: 08/26
]]></system-err>
  </testcase>
  <testcase name="testTotalPriceTwoPizzas" classname="uk.ac.ed.inf.OrderValidatorTest" time="0">
    <system-err><![CDATA[
 -- Order info 
OrderValidationCode: TOTAL_INCORRECT
OrderStatus: INVALID
OrderNo: 30A44E71
Order Contents: [Pizza[name=Pizza C, priceInPence=2500], Pizza[name=Pizza B, priceInPence=2400]]
PriceTotalInPence: -82640
 -- Credit card info 
CreditCardNumber: 0000000000000000
CCV: 222
ExpiryDate: 06/27
]]></system-err>
  </testcase>
  <testcase name="testTotalPriceTwoPizzas" classname="uk.ac.ed.inf.OrderValidatorTest" time="0">
    <system-err><![CDATA[
 -- Order info 
OrderValidationCode: TOTAL_INCORRECT
OrderStatus: INVALID
OrderNo: 0A60E7D9
Order Contents: [Pizza[name=Pizza B, priceInPence=2400], Pizza[name=Pizza C, priceInPence=2500]]
PriceTotalInPence: -60660
 -- Credit card info 
CreditCardNumber: 0000000000000000
CCV: 222
ExpiryDate: 05/24
]]></system-err>
  </testcase>
  <testcase name="testTotalPriceTwoPizzas" classname="uk.ac.ed.inf.OrderValidatorTest" time="0">
    <system-err><![CDATA[
 -- Order info 
OrderValidationCode: TOTAL_INCORRECT
OrderStatus: INVALID
OrderNo: 4694BA32
Order Contents: [Pizza[name=Pizza B, priceInPence=2400], Pizza[name=Pizza C, priceInPence=2500]]
PriceTotalInPence: -61680
 -- Credit card info 
CreditCardNumber: 0000000000000000
CCV: 222
ExpiryDate: 01/27
]]></system-err>
  </testcase>
  <testcase name="testTotalPriceTwoPizzas" classname="uk.ac.ed.inf.OrderValidatorTest" time="0">
    <system-err><![CDATA[
 -- Order info 
OrderValidationCode: TOTAL_INCORRECT
OrderStatus: INVALID
OrderNo: 2342F4EE
Order Contents: [Pizza[name=Pizza C, priceInPence=2500], Pizza[name=Pizza B, priceInPence=2400]]
PriceTotalInPence: -43202
 -- Credit card info 
CreditCardNumber: 0000000000000000
CCV: 222
ExpiryDate: 09/27
]]></system-err>
  </testcase>
  <testcase name="testTotalPriceTwoPizzas" classname="uk.ac.ed.inf.OrderValidatorTest" time="0">
    <system-err><![CDATA[
 -- Order info 
OrderValidationCode: TOTAL_INCORRECT
OrderStatus: INVALID
OrderNo: 6B87C372
Order Contents: [Pizza[name=Pizza A, priceInPence=2300], Pizza[name=Pizza B, priceInPence=2400]]
PriceTotalInPence: -76815
 -- Credit card info 
CreditCardNumber: 0000000000000000
CCV: 222
ExpiryDate: 03/29
]]></system-err>
  </testcase>
  <testcase name="testTotalPriceTwoPizzas" classname="uk.ac.ed.inf.OrderValidatorTest" time="0">
    <system-err><![CDATA[
 -- Order info 
OrderValidationCode: TOTAL_INCORRECT
OrderStatus: INVALID
OrderNo: 4AB26021
Order Contents: [Pizza[name=Pizza B, priceInPence=2400], Pizza[name=Pizza A, priceInPence=2300]]
PriceTotalInPence: -62199
 -- Credit card info 
CreditCardNumber: 0000000000000000
CCV: 222
ExpiryDate: 03/25
]]></system-err>
  </testcase>
  <testcase name="testTotalPriceTwoPizzas" classname="uk.ac.ed.inf.OrderValidatorTest" time="0">
    <system-err><![CDATA[
 -- Order info 
OrderValidationCode: TOTAL_INCORRECT
OrderStatus: INVALID
OrderNo: 16979641
Order Contents: [Pizza[name=Pizza C, priceInPence=2500], Pizza[name=Pizza B, priceInPence=2400]]
PriceTotalInPence: -95800
 -- Credit card info 
CreditCardNumber: 0000000000000000
CCV: 222
ExpiryDate: 01/29
]]></system-err>
  </testcase>
  <testcase name="testTotalPriceTwoPizzas" classname="uk.ac.ed.inf.OrderValidatorTest" time="0">
    <system-err><![CDATA[
 -- Order info 
OrderValidationCode: TOTAL_INCORRECT
OrderStatus: INVALID
OrderNo: 5E0575CE
Order Contents: [Pizza[name=Pizza A, priceInPence=2300], Pizza[name=Pizza C, priceInPence=2500]]
PriceTotalInPence: -82612
 -- Credit card info 
CreditCardNumber: 0000000000000000
CCV: 222
ExpiryDate: 08/24
]]></system-err>
  </testcase>
  <testcase name="testTotalPriceTwoPizzas" classname="uk.ac.ed.inf.OrderValidatorTest" time="0.016">
    <system-err><![CDATA[
 -- Order info 
OrderValidationCode: TOTAL_INCORRECT
OrderStatus: INVALID
OrderNo: 7505074B
Order Contents: [Pizza[name=Pizza B, priceInPence=2400], Pizza[name=Pizza C, priceInPence=2500]]
PriceTotalInPence: -91289
 -- Credit card info 
CreditCardNumber: 0000000000000000
CCV: 222
ExpiryDate: 10/29
]]></system-err>
  </testcase>
  <testcase name="testTotalPriceTwoPizzas" classname="uk.ac.ed.inf.OrderValidatorTest" time="0">
    <system-err><![CDATA[
 -- Order info 
OrderValidationCode: TOTAL_INCORRECT
OrderStatus: INVALID
OrderNo: 73373DD0
Order Contents: [Pizza[name=Pizza A, priceInPence=2300], Pizza[name=Pizza A, priceInPence=2300]]
PriceTotalInPence: -53992
 -- Credit card info 
CreditCardNumber: 0000000000000000
CCV: 222
ExpiryDate: 11/26
]]></system-err>
  </testcase>
  <testcase name="testTotalPriceTwoPizzas" classname="uk.ac.ed.inf.OrderValidatorTest" time="0">
    <system-err><![CDATA[
 -- Order info 
OrderValidationCode: TOTAL_INCORRECT
OrderStatus: INVALID
OrderNo: 15D85E2E
Order Contents: [Pizza[name=Pizza C, priceInPence=2500], Pizza[name=Pizza C, priceInPence=2500]]
PriceTotalInPence: -20381
 -- Credit card info 
CreditCardNumber: 0000000000000000
CCV: 222
ExpiryDate: 09/24
]]></system-err>
  </testcase>
  <testcase name="testTotalPriceTwoPizzas" classname="uk.ac.ed.inf.OrderValidatorTest" time="0">
    <system-err><![CDATA[
 -- Order info 
OrderValidationCode: TOTAL_INCORRECT
OrderStatus: INVALID
OrderNo: 09D36A15
Order Contents: [Pizza[name=Pizza A, priceInPence=2300], Pizza[name=Pizza C, priceInPence=2500]]
PriceTotalInPence: -24312
 -- Credit card info 
CreditCardNumber: 0000000000000000
CCV: 222
ExpiryDate: 03/27
]]></system-err>
  </testcase>
  <testcase name="testTotalPriceTwoPizzas" classname="uk.ac.ed.inf.OrderValidatorTest" time="0">
    <system-err><![CDATA[
 -- Order info 
OrderValidationCode: TOTAL_INCORRECT
OrderStatus: INVALID
OrderNo: 54071EF7
Order Contents: [Pizza[name=Pizza A, priceInPence=2300], Pizza[name=Pizza B, priceInPence=2400]]
PriceTotalInPence: -52869
 -- Credit card info 
CreditCardNumber: 0000000000000000
CCV: 222
ExpiryDate: 10/29
]]></system-err>
  </testcase>
  <testcase name="testTotalPriceTwoPizzas" classname="uk.ac.ed.inf.OrderValidatorTest" time="0">
    <system-err><![CDATA[
 -- Order info 
OrderValidationCode: TOTAL_INCORRECT
OrderStatus: INVALID
OrderNo: 2A6659CA
Order Contents: [Pizza[name=Pizza B, priceInPence=2400], Pizza[name=Pizza B, priceInPence=2400]]
PriceTotalInPence: -60883
 -- Credit card info 
CreditCardNumber: 0000000000000000
CCV: 222
ExpiryDate: 05/25
]]></system-err>
  </testcase>
  <testcase name="testTotalPriceTwoPizzas" classname="uk.ac.ed.inf.OrderValidatorTest" time="0">
    <system-err><![CDATA[
 -- Order info 
OrderValidationCode: TOTAL_INCORRECT
OrderStatus: INVALID
OrderNo: 3CFF8756
Order Contents: [Pizza[name=Pizza A, priceInPence=2300], Pizza[name=Pizza C, priceInPence=2500]]
PriceTotalInPence: -82094
 -- Credit card info 
CreditCardNumber: 0000000000000000
CCV: 222
ExpiryDate: 09/26
]]></system-err>
  </testcase>
  <testcase name="testTotalPriceTwoPizzas" classname="uk.ac.ed.inf.OrderValidatorTest" time="0">
    <system-err><![CDATA[
 -- Order info 
OrderValidationCode: TOTAL_INCORRECT
OrderStatus: INVALID
OrderNo: 3799FFA5
Order Contents: [Pizza[name=Pizza B, priceInPence=2400], Pizza[name=Pizza A, priceInPence=2300]]
PriceTotalInPence: -79400
 -- Credit card info 
CreditCardNumber: 0000000000000000
CCV: 222
ExpiryDate: 08/27
]]></system-err>
  </testcase>
  <testcase name="testTotalPriceTwoPizzas" classname="uk.ac.ed.inf.OrderValidatorTest" time="0">
    <system-err><![CDATA[
 -- Order info 
OrderValidationCode: TOTAL_INCORRECT
OrderStatus: INVALID
OrderNo: 6211555A
Order Contents: [Pizza[name=Pizza B, priceInPence=2400], Pizza[name=Pizza C, priceInPence=2500]]
PriceTotalInPence: -86266
 -- Credit card info 
CreditCardNumber: 0000000000000000
CCV: 222
ExpiryDate: 10/25
]]></system-err>
  </testcase>
  <testcase name="testTotalPriceTwoPizzas" classname="uk.ac.ed.inf.OrderValidatorTest" time="0">
    <system-err><![CDATA[
 -- Order info 
OrderValidationCode: TOTAL_INCORRECT
OrderStatus: INVALID
OrderNo: 1D467994
Order Contents: [Pizza[name=Pizza A, priceInPence=2300], Pizza[name=Pizza C, priceInPence=2500]]
PriceTotalInPence: -48953
 -- Credit card info 
CreditCardNumber: 0000000000000000
CCV: 222
ExpiryDate: 04/28
]]></system-err>
  </testcase>
  <testcase name="testTotalPriceTwoPizzas" classname="uk.ac.ed.inf.OrderValidatorTest" time="0">
    <system-err><![CDATA[
 -- Order info 
OrderValidationCode: TOTAL_INCORRECT
OrderStatus: INVALID
OrderNo: 69C7F0EC
Order Contents: [Pizza[name=Pizza C, priceInPence=2500], Pizza[name=Pizza A, priceInPence=2300]]
PriceTotalInPence: -9224
 -- Credit card info 
CreditCardNumber: 0000000000000000
CCV: 222
ExpiryDate: 01/29
]]></system-err>
  </testcase>
  <testcase name="testTotalPriceTwoPizzas" classname="uk.ac.ed.inf.OrderValidatorTest" time="0">
    <system-err><![CDATA[
 -- Order info 
OrderValidationCode: TOTAL_INCORRECT
OrderStatus: INVALID
OrderNo: 5935B5D3
Order Contents: [Pizza[name=Pizza A, priceInPence=2300], Pizza[name=Pizza A, priceInPence=2300]]
PriceTotalInPence: -11409
 -- Credit card info 
CreditCardNumber: 0000000000000000
CCV: 222
ExpiryDate: 07/27
]]></system-err>
  </testcase>
  <testcase name="testTotalPriceTwoPizzas" classname="uk.ac.ed.inf.OrderValidatorTest" time="0">
    <system-err><![CDATA[
 -- Order info 
OrderValidationCode: TOTAL_INCORRECT
OrderStatus: INVALID
OrderNo: 6E153B6A
Order Contents: [Pizza[name=Pizza A, priceInPence=2300], Pizza[name=Pizza B, priceInPence=2400]]
PriceTotalInPence: -67169
 -- Credit card info 
CreditCardNumber: 0000000000000000
CCV: 222
ExpiryDate: 04/25
]]></system-err>
  </testcase>
  <testcase name="testTotalPriceTwoPizzas" classname="uk.ac.ed.inf.OrderValidatorTest" time="0">
    <system-err><![CDATA[
 -- Order info 
OrderValidationCode: TOTAL_INCORRECT
OrderStatus: INVALID
OrderNo: 4CC0B87C
Order Contents: [Pizza[name=Pizza B, priceInPence=2400], Pizza[name=Pizza B, priceInPence=2400]]
PriceTotalInPence: -90855
 -- Credit card info 
CreditCardNumber: 0000000000000000
CCV: 222
ExpiryDate: 08/25
]]></system-err>
  </testcase>
  <testcase name="testTotalPriceTwoPizzas" classname="uk.ac.ed.inf.OrderValidatorTest" time="0">
    <system-err><![CDATA[
 -- Order info 
OrderValidationCode: TOTAL_INCORRECT
OrderStatus: INVALID
OrderNo: 52F24989
Order Contents: [Pizza[name=Pizza B, priceInPence=2400], Pizza[name=Pizza B, priceInPence=2400]]
PriceTotalInPence: -86518
 -- Credit card info 
CreditCardNumber: 0000000000000000
CCV: 222
ExpiryDate: 06/27
]]></system-err>
  </testcase>
  <testcase name="testTotalPriceTwoPizzas" classname="uk.ac.ed.inf.OrderValidatorTest" time="0">
    <system-err><![CDATA[
 -- Order info 
OrderValidationCode: TOTAL_INCORRECT
OrderStatus: INVALID
OrderNo: 6E8782F2
Order Contents: [Pizza[name=Pizza A, priceInPence=2300], Pizza[name=Pizza A, priceInPence=2300]]
PriceTotalInPence: -60065
 -- Credit card info 
CreditCardNumber: 0000000000000000
CCV: 222
ExpiryDate: 02/26
]]></system-err>
  </testcase>
  <testcase name="testTotalPriceTwoPizzas" classname="uk.ac.ed.inf.OrderValidatorTest" time="0">
    <system-err><![CDATA[
 -- Order info 
OrderValidationCode: TOTAL_INCORRECT
OrderStatus: INVALID
OrderNo: 0D2F5A0C
Order Contents: [Pizza[name=Pizza C, priceInPence=2500], Pizza[name=Pizza B, priceInPence=2400]]
PriceTotalInPence: -86041
 -- Credit card info 
CreditCardNumber: 0000000000000000
CCV: 222
ExpiryDate: 04/24
]]></system-err>
  </testcase>
  <testcase name="testTotalPriceTwoPizzas" classname="uk.ac.ed.inf.OrderValidatorTest" time="0">
    <system-err><![CDATA[
 -- Order info 
OrderValidationCode: TOTAL_INCORRECT
OrderStatus: INVALID
OrderNo: 6BAFE4C4
Order Contents: [Pizza[name=Pizza B, priceInPence=2400], Pizza[name=Pizza B, priceInPence=2400]]
PriceTotalInPence: -23668
 -- Credit card info 
CreditCardNumber: 0000000000000000
CCV: 222
ExpiryDate: 02/29
]]></system-err>
  </testcase>
  <testcase name="testTotalPriceTwoPizzas" classname="uk.ac.ed.inf.OrderValidatorTest" time="0">
    <system-err><![CDATA[
 -- Order info 
OrderValidationCode: TOTAL_INCORRECT
OrderStatus: INVALID
OrderNo: 12565BA3
Order Contents: [Pizza[name=Pizza A, priceInPence=2300], Pizza[name=Pizza C, priceInPence=2500]]
PriceTotalInPence: -4181
 -- Credit card info 
CreditCardNumber: 0000000000000000
CCV: 222
ExpiryDate: 10/24
]]></system-err>
  </testcase>
  <testcase name="testTotalPriceTwoPizzas" classname="uk.ac.ed.inf.OrderValidatorTest" time="0">
    <system-err><![CDATA[
 -- Order info 
OrderValidationCode: TOTAL_INCORRECT
OrderStatus: INVALID
OrderNo: 12320E8F
Order Contents: [Pizza[name=Pizza B, priceInPence=2400], Pizza[name=Pizza A, priceInPence=2300]]
PriceTotalInPence: -66349
 -- Credit card info 
CreditCardNumber: 0000000000000000
CCV: 222
ExpiryDate: 09/28
]]></system-err>
  </testcase>
  <testcase name="testTotalPriceTwoPizzas" classname="uk.ac.ed.inf.OrderValidatorTest" time="0">
    <system-err><![CDATA[
 -- Order info 
OrderValidationCode: TOTAL_INCORRECT
OrderStatus: INVALID
OrderNo: 365DFE0E
Order Contents: [Pizza[name=Pizza A, priceInPence=2300], Pizza[name=Pizza C, priceInPence=2500]]
PriceTotalInPence: -38374
 -- Credit card info 
CreditCardNumber: 0000000000000000
CCV: 222
ExpiryDate: 08/29
]]></system-err>
  </testcase>
  <testcase name="testTotalPriceTwoPizzas" classname="uk.ac.ed.inf.OrderValidatorTest" time="0">
    <system-err><![CDATA[
 -- Order info 
OrderValidationCode: TOTAL_INCORRECT
OrderStatus: INVALID
OrderNo: 149579F5
Order Contents: [Pizza[name=Pizza C, priceInPence=2500], Pizza[name=Pizza C, priceInPence=2500]]
PriceTotalInPence: -26903
 -- Credit card info 
CreditCardNumber: 0000000000000000
CCV: 222
ExpiryDate: 04/25
]]></system-err>
  </testcase>
  <testcase name="testTotalPriceTwoPizzas" classname="uk.ac.ed.inf.OrderValidatorTest" time="0">
    <system-err><![CDATA[
 -- Order info 
OrderValidationCode: TOTAL_INCORRECT
OrderStatus: INVALID
OrderNo: 2B9019D8
Order Contents: [Pizza[name=Pizza C, priceInPence=2500], Pizza[name=Pizza B, priceInPence=2400]]
PriceTotalInPence: -5302
 -- Credit card info 
CreditCardNumber: 0000000000000000
CCV: 222
ExpiryDate: 04/25
]]></system-err>
  </testcase>
  <testcase name="testTotalPriceTwoPizzas" classname="uk.ac.ed.inf.OrderValidatorTest" time="0">
    <system-err><![CDATA[
 -- Order info 
OrderValidationCode: TOTAL_INCORRECT
OrderStatus: INVALID
OrderNo: 1C17A5C1
Order Contents: [Pizza[name=Pizza C, priceInPence=2500], Pizza[name=Pizza A, priceInPence=2300]]
PriceTotalInPence: -2205
 -- Credit card info 
CreditCardNumber: 0000000000000000
CCV: 222
ExpiryDate: 04/29
]]></system-err>
  </testcase>
  <testcase name="testTotalPriceTwoPizzas" classname="uk.ac.ed.inf.OrderValidatorTest" time="0">
    <system-err><![CDATA[
 -- Order info 
OrderValidationCode: TOTAL_INCORRECT
OrderStatus: INVALID
OrderNo: 043D5A31
Order Contents: [Pizza[name=Pizza C, priceInPence=2500], Pizza[name=Pizza B, priceInPence=2400]]
PriceTotalInPence: -50438
 -- Credit card info 
CreditCardNumber: 0000000000000000
CCV: 222
ExpiryDate: 01/28
]]></system-err>
  </testcase>
  <testcase name="testTotalPriceTwoPizzas" classname="uk.ac.ed.inf.OrderValidatorTest" time="0">
    <system-err><![CDATA[
 -- Order info 
OrderValidationCode: TOTAL_INCORRECT
OrderStatus: INVALID
OrderNo: 50737107
Order Contents: [Pizza[name=Pizza C, priceInPence=2500], Pizza[name=Pizza A, priceInPence=2300]]
PriceTotalInPence: -27429
 -- Credit card info 
CreditCardNumber: 0000000000000000
CCV: 222
ExpiryDate: 09/28
]]></system-err>
  </testcase>
  <testcase name="testTotalPriceTwoPizzas" classname="uk.ac.ed.inf.OrderValidatorTest" time="0">
    <system-err><![CDATA[
 -- Order info 
OrderValidationCode: TOTAL_INCORRECT
OrderStatus: INVALID
OrderNo: 0D53010A
Order Contents: [Pizza[name=Pizza B, priceInPence=2400], Pizza[name=Pizza B, priceInPence=2400]]
PriceTotalInPence: -8831
 -- Credit card info 
CreditCardNumber: 0000000000000000
CCV: 222
ExpiryDate: 10/28
]]></system-err>
  </testcase>
  <testcase name="testTotalPriceTwoPizzas" classname="uk.ac.ed.inf.OrderValidatorTest" time="0.008">
    <system-err><![CDATA[
 -- Order info 
OrderValidationCode: TOTAL_INCORRECT
OrderStatus: INVALID
OrderNo: 4E319981
Order Contents: [Pizza[name=Pizza C, priceInPence=2500], Pizza[name=Pizza B, priceInPence=2400]]
PriceTotalInPence: -50968
 -- Credit card info 
CreditCardNumber: 0000000000000000
CCV: 222
ExpiryDate: 06/27
]]></system-err>
  </testcase>
  <testcase name="testTotalPriceTwoPizzas" classname="uk.ac.ed.inf.OrderValidatorTest" time="0">
    <system-err><![CDATA[
 -- Order info 
OrderValidationCode: TOTAL_INCORRECT
OrderStatus: INVALID
OrderNo: 15295792
Order Contents: [Pizza[name=Pizza B, priceInPence=2400], Pizza[name=Pizza C, priceInPence=2500]]
PriceTotalInPence: -42207
 -- Credit card info 
CreditCardNumber: 0000000000000000
CCV: 222
ExpiryDate: 09/24
]]></system-err>
  </testcase>
  <testcase name="testTotalPriceTwoPizzas" classname="uk.ac.ed.inf.OrderValidatorTest" time="0">
    <system-err><![CDATA[
 -- Order info 
OrderValidationCode: TOTAL_INCORRECT
OrderStatus: INVALID
OrderNo: 1486C2A1
Order Contents: [Pizza[name=Pizza A, priceInPence=2300], Pizza[name=Pizza A, priceInPence=2300]]
PriceTotalInPence: -6951
 -- Credit card info 
CreditCardNumber: 0000000000000000
CCV: 222
ExpiryDate: 03/24
]]></system-err>
  </testcase>
  <testcase name="testTotalPriceTwoPizzas" classname="uk.ac.ed.inf.OrderValidatorTest" time="0">
    <system-err><![CDATA[
 -- Order info 
OrderValidationCode: TOTAL_INCORRECT
OrderStatus: INVALID
OrderNo: 5B7ABE6C
Order Contents: [Pizza[name=Pizza A, priceInPence=2300], Pizza[name=Pizza C, priceInPence=2500]]
PriceTotalInPence: -20717
 -- Credit card info 
CreditCardNumber: 0000000000000000
CCV: 222
ExpiryDate: 05/27
]]></system-err>
  </testcase>
  <testcase name="testTotalPriceTwoPizzas" classname="uk.ac.ed.inf.OrderValidatorTest" time="0">
    <system-err><![CDATA[
 -- Order info 
OrderValidationCode: TOTAL_INCORRECT
OrderStatus: INVALID
OrderNo: 13FCAA9F
Order Contents: [Pizza[name=Pizza C, priceInPence=2500], Pizza[name=Pizza B, priceInPence=2400]]
PriceTotalInPence: -28585
 -- Credit card info 
CreditCardNumber: 0000000000000000
CCV: 222
ExpiryDate: 11/29
]]></system-err>
  </testcase>
  <testcase name="testTotalPriceTwoPizzas" classname="uk.ac.ed.inf.OrderValidatorTest" time="0">
    <system-err><![CDATA[
 -- Order info 
OrderValidationCode: TOTAL_INCORRECT
OrderStatus: INVALID
OrderNo: 7C933F40
Order Contents: [Pizza[name=Pizza A, priceInPence=2300], Pizza[name=Pizza C, priceInPence=2500]]
PriceTotalInPence: -2837
 -- Credit card info 
CreditCardNumber: 0000000000000000
CCV: 222
ExpiryDate: 08/27
]]></system-err>
  </testcase>
  <testcase name="testTotalPriceTwoPizzas" classname="uk.ac.ed.inf.OrderValidatorTest" time="0">
    <system-err><![CDATA[
 -- Order info 
OrderValidationCode: TOTAL_INCORRECT
OrderStatus: INVALID
OrderNo: 77EA9265
Order Contents: [Pizza[name=Pizza A, priceInPence=2300], Pizza[name=Pizza B, priceInPence=2400]]
PriceTotalInPence: -37335
 -- Credit card info 
CreditCardNumber: 0000000000000000
CCV: 222
ExpiryDate: 07/28
]]></system-err>
  </testcase>
  <testcase name="testTotalPriceTwoPizzas" classname="uk.ac.ed.inf.OrderValidatorTest" time="0">
    <system-err><![CDATA[
 -- Order info 
OrderValidationCode: TOTAL_INCORRECT
OrderStatus: INVALID
OrderNo: 6207A11D
Order Contents: [Pizza[name=Pizza A, priceInPence=2300], Pizza[name=Pizza C, priceInPence=2500]]
PriceTotalInPence: -95542
 -- Credit card info 
CreditCardNumber: 0000000000000000
CCV: 222
ExpiryDate: 04/25
]]></system-err>
  </testcase>
  <testcase name="testTotalPriceTwoPizzas" classname="uk.ac.ed.inf.OrderValidatorTest" time="0">
    <system-err><![CDATA[
 -- Order info 
OrderValidationCode: TOTAL_INCORRECT
OrderStatus: INVALID
OrderNo: 2A20F250
Order Contents: [Pizza[name=Pizza A, priceInPence=2300], Pizza[name=Pizza B, priceInPence=2400]]
PriceTotalInPence: -10989
 -- Credit card info 
CreditCardNumber: 0000000000000000
CCV: 222
ExpiryDate: 05/26
]]></system-err>
  </testcase>
  <testcase name="testTotalPriceTwoPizzas" classname="uk.ac.ed.inf.OrderValidatorTest" time="0">
    <system-err><![CDATA[
 -- Order info 
OrderValidationCode: TOTAL_INCORRECT
OrderStatus: INVALID
OrderNo: 7046B0DC
Order Contents: [Pizza[name=Pizza C, priceInPence=2500], Pizza[name=Pizza C, priceInPence=2500]]
PriceTotalInPence: -48122
 -- Credit card info 
CreditCardNumber: 0000000000000000
CCV: 222
ExpiryDate: 11/25
]]></system-err>
  </testcase>
  <testcase name="testTotalPriceTwoPizzas" classname="uk.ac.ed.inf.OrderValidatorTest" time="0">
    <system-err><![CDATA[
 -- Order info 
OrderValidationCode: TOTAL_INCORRECT
OrderStatus: INVALID
OrderNo: 6D9E3D50
Order Contents: [Pizza[name=Pizza B, priceInPence=2400], Pizza[name=Pizza B, priceInPence=2400]]
PriceTotalInPence: -60504
 -- Credit card info 
CreditCardNumber: 0000000000000000
CCV: 222
ExpiryDate: 10/29
]]></system-err>
  </testcase>
  <testcase name="testTotalPriceTwoPizzas" classname="uk.ac.ed.inf.OrderValidatorTest" time="0">
    <system-err><![CDATA[
 -- Order info 
OrderValidationCode: TOTAL_INCORRECT
OrderStatus: INVALID
OrderNo: 3D5682B9
Order Contents: [Pizza[name=Pizza B, priceInPence=2400], Pizza[name=Pizza C, priceInPence=2500]]
PriceTotalInPence: -8813
 -- Credit card info 
CreditCardNumber: 0000000000000000
CCV: 222
ExpiryDate: 10/26
]]></system-err>
  </testcase>
  <testcase name="testTotalPriceTwoPizzas" classname="uk.ac.ed.inf.OrderValidatorTest" time="0">
    <system-err><![CDATA[
 -- Order info 
OrderValidationCode: TOTAL_INCORRECT
OrderStatus: INVALID
OrderNo: 64A83C98
Order Contents: [Pizza[name=Pizza C, priceInPence=2500], Pizza[name=Pizza B, priceInPence=2400]]
PriceTotalInPence: -17662
 -- Credit card info 
CreditCardNumber: 0000000000000000
CCV: 222
ExpiryDate: 02/28
]]></system-err>
  </testcase>
  <testcase name="testTotalPriceTwoPizzas" classname="uk.ac.ed.inf.OrderValidatorTest" time="0">
    <system-err><![CDATA[
 -- Order info 
OrderValidationCode: TOTAL_INCORRECT
OrderStatus: INVALID
OrderNo: 20BA5DF5
Order Contents: [Pizza[name=Pizza B, priceInPence=2400], Pizza[name=Pizza A, priceInPence=2300]]
PriceTotalInPence: -99265
 -- Credit card info 
CreditCardNumber: 0000000000000000
CCV: 222
ExpiryDate: 10/29
]]></system-err>
  </testcase>
  <testcase name="testTotalPriceTwoPizzas" classname="uk.ac.ed.inf.OrderValidatorTest" time="0">
    <system-err><![CDATA[
 -- Order info 
OrderValidationCode: TOTAL_INCORRECT
OrderStatus: INVALID
OrderNo: 73B1966A
Order Contents: [Pizza[name=Pizza B, priceInPence=2400], Pizza[name=Pizza A, priceInPence=2300]]
PriceTotalInPence: -11857
 -- Credit card info 
CreditCardNumber: 0000000000000000
CCV: 222
ExpiryDate: 03/28
]]></system-err>
  </testcase>
  <testcase name="testTotalPriceTwoPizzas" classname="uk.ac.ed.inf.OrderValidatorTest" time="0">
    <system-err><![CDATA[
 -- Order info 
OrderValidationCode: TOTAL_INCORRECT
OrderStatus: INVALID
OrderNo: 4B5D4AEF
Order Contents: [Pizza[name=Pizza A, priceInPence=2300], Pizza[name=Pizza C, priceInPence=2500]]
PriceTotalInPence: -21952
 -- Credit card info 
CreditCardNumber: 0000000000000000
CCV: 222
ExpiryDate: 04/29
]]></system-err>
  </testcase>
  <testcase name="testTotalPriceTwoPizzas" classname="uk.ac.ed.inf.OrderValidatorTest" time="0">
    <system-err><![CDATA[
 -- Order info 
OrderValidationCode: TOTAL_INCORRECT
OrderStatus: INVALID
OrderNo: 0F147D33
Order Contents: [Pizza[name=Pizza B, priceInPence=2400], Pizza[name=Pizza A, priceInPence=2300]]
PriceTotalInPence: -13911
 -- Credit card info 
CreditCardNumber: 0000000000000000
CCV: 222
ExpiryDate: 03/28
]]></system-err>
  </testcase>
  <testcase name="testTotalPriceTwoPizzas" classname="uk.ac.ed.inf.OrderValidatorTest" time="0">
    <system-err><![CDATA[
 -- Order info 
OrderValidationCode: TOTAL_INCORRECT
OrderStatus: INVALID
OrderNo: 21C2991F
Order Contents: [Pizza[name=Pizza B, priceInPence=2400], Pizza[name=Pizza C, priceInPence=2500]]
PriceTotalInPence: -58894
 -- Credit card info 
CreditCardNumber: 0000000000000000
CCV: 222
ExpiryDate: 09/29
]]></system-err>
  </testcase>
  <testcase name="testTotalPriceTwoPizzas" classname="uk.ac.ed.inf.OrderValidatorTest" time="0">
    <system-err><![CDATA[
 -- Order info 
OrderValidationCode: TOTAL_INCORRECT
OrderStatus: INVALID
OrderNo: 68D1D97D
Order Contents: [Pizza[name=Pizza A, priceInPence=2300], Pizza[name=Pizza C, priceInPence=2500]]
PriceTotalInPence: -42663
 -- Credit card info 
CreditCardNumber: 0000000000000000
CCV: 222
ExpiryDate: 03/29
]]></system-err>
  </testcase>
  <testcase name="testTotalPriceTwoPizzas" classname="uk.ac.ed.inf.OrderValidatorTest" time="0">
    <system-err><![CDATA[
 -- Order info 
OrderValidationCode: TOTAL_INCORRECT
OrderStatus: INVALID
OrderNo: 41DF415C
Order Contents: [Pizza[name=Pizza B, priceInPence=2400], Pizza[name=Pizza B, priceInPence=2400]]
PriceTotalInPence: -10718
 -- Credit card info 
CreditCardNumber: 0000000000000000
CCV: 222
ExpiryDate: 01/25
]]></system-err>
  </testcase>
  <testcase name="testTotalPriceTwoPizzas" classname="uk.ac.ed.inf.OrderValidatorTest" time="0">
    <system-err><![CDATA[
 -- Order info 
OrderValidationCode: TOTAL_INCORRECT
OrderStatus: INVALID
OrderNo: 36BA17A2
Order Contents: [Pizza[name=Pizza B, priceInPence=2400], Pizza[name=Pizza C, priceInPence=2500]]
PriceTotalInPence: -7813
 -- Credit card info 
CreditCardNumber: 0000000000000000
CCV: 222
ExpiryDate: 06/28
]]></system-err>
  </testcase>
  <testcase name="testTotalPriceTwoPizzas" classname="uk.ac.ed.inf.OrderValidatorTest" time="0">
    <system-err><![CDATA[
 -- Order info 
OrderValidationCode: TOTAL_INCORRECT
OrderStatus: INVALID
OrderNo: 0F7A6B75
Order Contents: [Pizza[name=Pizza B, priceInPence=2400], Pizza[name=Pizza A, priceInPence=2300]]
PriceTotalInPence: -21706
 -- Credit card info 
CreditCardNumber: 0000000000000000
CCV: 222
ExpiryDate: 02/26
]]></system-err>
  </testcase>
  <testcase name="testTotalPriceTwoPizzas" classname="uk.ac.ed.inf.OrderValidatorTest" time="0">
    <system-err><![CDATA[
 -- Order info 
OrderValidationCode: TOTAL_INCORRECT
OrderStatus: INVALID
OrderNo: 1E65982A
Order Contents: [Pizza[name=Pizza A, priceInPence=2300], Pizza[name=Pizza A, priceInPence=2300]]
PriceTotalInPence: -45336
 -- Credit card info 
CreditCardNumber: 0000000000000000
CCV: 222
ExpiryDate: 02/26
]]></system-err>
  </testcase>
  <testcase name="testTotalPriceTwoPizzas" classname="uk.ac.ed.inf.OrderValidatorTest" time="0">
    <system-err><![CDATA[
 -- Order info 
OrderValidationCode: TOTAL_INCORRECT
OrderStatus: INVALID
OrderNo: 4DE3A941
Order Contents: [Pizza[name=Pizza B, priceInPence=2400], Pizza[name=Pizza B, priceInPence=2400]]
PriceTotalInPence: -28760
 -- Credit card info 
CreditCardNumber: 0000000000000000
CCV: 222
ExpiryDate: 09/27
]]></system-err>
  </testcase>
  <testcase name="testPizzasFromSameRestaurant" classname="uk.ac.ed.inf.OrderValidatorTest" time="0">
    <system-err><![CDATA[
 -- Order info 
OrderValidationCode: NO_ERROR
OrderStatus: VALID_BUT_NOT_DELIVERED
OrderNo: 32019946
Order Contents: [Pizza[name=Pizza C, priceInPence=2500], Pizza[name=Pizza C, priceInPence=2500]]
PriceTotalInPence: 5100
 -- Credit card info 
CreditCardNumber: 0000000000000000
CCV: 222
ExpiryDate: 09/24
]]></system-err>
  </testcase>
  <testcase name="testPizzasFromSameRestaurant" classname="uk.ac.ed.inf.OrderValidatorTest" time="0">
    <system-err><![CDATA[
 -- Order info 
OrderValidationCode: NO_ERROR
OrderStatus: VALID_BUT_NOT_DELIVERED
OrderNo: 3A34FCD8
Order Contents: [Pizza[name=Pizza B, priceInPence=2400], Pizza[name=Pizza B, priceInPence=2400]]
PriceTotalInPence: 4900
 -- Credit card info 
CreditCardNumber: 0000000000000000
CCV: 222
ExpiryDate: 07/25
]]></system-err>
  </testcase>
  <testcase name="testPizzasFromSameRestaurant" classname="uk.ac.ed.inf.OrderValidatorTest" time="0">
    <system-err><![CDATA[
 -- Order info 
OrderValidationCode: NO_ERROR
OrderStatus: VALID_BUT_NOT_DELIVERED
OrderNo: 6EF9BFBC
Order Contents: [Pizza[name=Pizza C, priceInPence=2500], Pizza[name=Pizza B, priceInPence=2400]]
PriceTotalInPence: 5000
 -- Credit card info 
CreditCardNumber: 0000000000000000
CCV: 222
ExpiryDate: 04/28
]]></system-err>
  </testcase>
  <testcase name="testPizzasFromSameRestaurant" classname="uk.ac.ed.inf.OrderValidatorTest" time="0">
    <system-err><![CDATA[
 -- Order info 
OrderValidationCode: NO_ERROR
OrderStatus: VALID_BUT_NOT_DELIVERED
OrderNo: 1762A3F9
Order Contents: [Pizza[name=Pizza A, priceInPence=2300], Pizza[name=Pizza C, priceInPence=2500]]
PriceTotalInPence: 4900
 -- Credit card info 
CreditCardNumber: 0000000000000000
CCV: 222
ExpiryDate: 07/25
]]></system-err>
  </testcase>
  <testcase name="testPizzasFromSameRestaurant" classname="uk.ac.ed.inf.OrderValidatorTest" time="0">
    <system-err><![CDATA[
 -- Order info 
OrderValidationCode: NO_ERROR
OrderStatus: VALID_BUT_NOT_DELIVERED
OrderNo: 2F20D0D0
Order Contents: [Pizza[name=Pizza B, priceInPence=2400], Pizza[name=Pizza C, priceInPence=2500]]
PriceTotalInPence: 5000
 -- Credit card info 
CreditCardNumber: 0000000000000000
CCV: 222
ExpiryDate: 10/27
]]></system-err>
  </testcase>
  <testcase name="testPizzasFromSameRestaurant" classname="uk.ac.ed.inf.OrderValidatorTest" time="0.008">
    <system-err><![CDATA[
 -- Order info 
OrderValidationCode: NO_ERROR
OrderStatus: VALID_BUT_NOT_DELIVERED
OrderNo: 7498A1A9
Order Contents: [Pizza[name=Pizza A, priceInPence=2300], Pizza[name=Pizza B, priceInPence=2400]]
PriceTotalInPence: 4800
 -- Credit card info 
CreditCardNumber: 0000000000000000
CCV: 222
ExpiryDate: 10/29
]]></system-err>
  </testcase>
  <testcase name="testPizzasFromSameRestaurant" classname="uk.ac.ed.inf.OrderValidatorTest" time="0">
    <system-err><![CDATA[
 -- Order info 
OrderValidationCode: NO_ERROR
OrderStatus: VALID_BUT_NOT_DELIVERED
OrderNo: 1715DFB6
Order Contents: [Pizza[name=Pizza C, priceInPence=2500], Pizza[name=Pizza B, priceInPence=2400]]
PriceTotalInPence: 5000
 -- Credit card info 
CreditCardNumber: 0000000000000000
CCV: 222
ExpiryDate: 01/27
]]></system-err>
  </testcase>
  <testcase name="testPizzasFromSameRestaurant" classname="uk.ac.ed.inf.OrderValidatorTest" time="0">
    <system-err><![CDATA[
 -- Order info 
OrderValidationCode: NO_ERROR
OrderStatus: VALID_BUT_NOT_DELIVERED
OrderNo: 3BD9DB21
Order Contents: [Pizza[name=Pizza A, priceInPence=2300], Pizza[name=Pizza A, priceInPence=2300]]
PriceTotalInPence: 4700
 -- Credit card info 
CreditCardNumber: 0000000000000000
CCV: 222
ExpiryDate: 11/24
]]></system-err>
  </testcase>
  <testcase name="testPizzasFromSameRestaurant" classname="uk.ac.ed.inf.OrderValidatorTest" time="0">
    <system-err><![CDATA[
 -- Order info 
OrderValidationCode: NO_ERROR
OrderStatus: VALID_BUT_NOT_DELIVERED
OrderNo: 2DA563A1
Order Contents: [Pizza[name=Pizza A, priceInPence=2300], Pizza[name=Pizza C, priceInPence=2500]]
PriceTotalInPence: 4900
 -- Credit card info 
CreditCardNumber: 0000000000000000
CCV: 222
ExpiryDate: 02/28
]]></system-err>
  </testcase>
  <testcase name="testPizzasFromSameRestaurant" classname="uk.ac.ed.inf.OrderValidatorTest" time="0">
    <system-err><![CDATA[
 -- Order info 
OrderValidationCode: NO_ERROR
OrderStatus: VALID_BUT_NOT_DELIVERED
OrderNo: 47AB7D31
Order Contents: [Pizza[name=Pizza C, priceInPence=2500], Pizza[name=Pizza A, priceInPence=2300]]
PriceTotalInPence: 4900
 -- Credit card info 
CreditCardNumber: 0000000000000000
CCV: 222
ExpiryDate: 06/25
]]></system-err>
  </testcase>
  <testcase name="testPizzasFromSameRestaurant" classname="uk.ac.ed.inf.OrderValidatorTest" time="0">
    <system-err><![CDATA[
 -- Order info 
OrderValidationCode: NO_ERROR
OrderStatus: VALID_BUT_NOT_DELIVERED
OrderNo: 1E879DA3
Order Contents: [Pizza[name=Pizza A, priceInPence=2300], Pizza[name=Pizza A, priceInPence=2300]]
PriceTotalInPence: 4700
 -- Credit card info 
CreditCardNumber: 0000000000000000
CCV: 222
ExpiryDate: 11/24
]]></system-err>
  </testcase>
  <testcase name="testPizzasFromSameRestaurant" classname="uk.ac.ed.inf.OrderValidatorTest" time="0">
    <system-err><![CDATA[
 -- Order info 
OrderValidationCode: NO_ERROR
OrderStatus: VALID_BUT_NOT_DELIVERED
OrderNo: 56E7AFD2
Order Contents: [Pizza[name=Pizza A, priceInPence=2300], Pizza[name=Pizza C, priceInPence=2500]]
PriceTotalInPence: 4900
 -- Credit card info 
CreditCardNumber: 0000000000000000
CCV: 222
ExpiryDate: 05/27
]]></system-err>
  </testcase>
  <testcase name="testPizzasFromSameRestaurant" classname="uk.ac.ed.inf.OrderValidatorTest" time="0">
    <system-err><![CDATA[
 -- Order info 
OrderValidationCode: NO_ERROR
OrderStatus: VALID_BUT_NOT_DELIVERED
OrderNo: 7BC21DA6
Order Contents: [Pizza[name=Pizza B, priceInPence=2400], Pizza[name=Pizza A, priceInPence=2300]]
PriceTotalInPence: 4800
 -- Credit card info 
CreditCardNumber: 0000000000000000
CCV: 222
ExpiryDate: 09/29
]]></system-err>
  </testcase>
  <testcase name="testPizzasFromSameRestaurant" classname="uk.ac.ed.inf.OrderValidatorTest" time="0">
    <system-err><![CDATA[
 -- Order info 
OrderValidationCode: NO_ERROR
OrderStatus: VALID_BUT_NOT_DELIVERED
OrderNo: 4043C8B7
Order Contents: [Pizza[name=Pizza C, priceInPence=2500], Pizza[name=Pizza A, priceInPence=2300]]
PriceTotalInPence: 4900
 -- Credit card info 
CreditCardNumber: 0000000000000000
CCV: 222
ExpiryDate: 03/28
]]></system-err>
  </testcase>
  <testcase name="testPizzasFromSameRestaurant" classname="uk.ac.ed.inf.OrderValidatorTest" time="0">
    <system-err><![CDATA[
 -- Order info 
OrderValidationCode: NO_ERROR
OrderStatus: VALID_BUT_NOT_DELIVERED
OrderNo: 7CA2BD46
Order Contents: [Pizza[name=Pizza A, priceInPence=2300], Pizza[name=Pizza B, priceInPence=2400]]
PriceTotalInPence: 4800
 -- Credit card info 
CreditCardNumber: 0000000000000000
CCV: 222
ExpiryDate: 09/24
]]></system-err>
  </testcase>
  <testcase name="testPizzasFromSameRestaurant" classname="uk.ac.ed.inf.OrderValidatorTest" time="0">
    <system-err><![CDATA[
 -- Order info 
OrderValidationCode: NO_ERROR
OrderStatus: VALID_BUT_NOT_DELIVERED
OrderNo: 78A44805
Order Contents: [Pizza[name=Pizza A, priceInPence=2300], Pizza[name=Pizza B, priceInPence=2400]]
PriceTotalInPence: 4800
 -- Credit card info 
CreditCardNumber: 0000000000000000
CCV: 222
ExpiryDate: 01/28
]]></system-err>
  </testcase>
  <testcase name="testPizzasFromSameRestaurant" classname="uk.ac.ed.inf.OrderValidatorTest" time="0">
    <system-err><![CDATA[
 -- Order info 
OrderValidationCode: NO_ERROR
OrderStatus: VALID_BUT_NOT_DELIVERED
OrderNo: 699D793C
Order Contents: [Pizza[name=Pizza C, priceInPence=2500], Pizza[name=Pizza C, priceInPence=2500]]
PriceTotalInPence: 5100
 -- Credit card info 
CreditCardNumber: 0000000000000000
CCV: 222
ExpiryDate: 09/25
]]></system-err>
  </testcase>
  <testcase name="testPizzasFromSameRestaurant" classname="uk.ac.ed.inf.OrderValidatorTest" time="0">
    <system-err><![CDATA[
 -- Order info 
OrderValidationCode: NO_ERROR
OrderStatus: VALID_BUT_NOT_DELIVERED
OrderNo: 3BE26545
Order Contents: [Pizza[name=Pizza A, priceInPence=2300], Pizza[name=Pizza A, priceInPence=2300]]
PriceTotalInPence: 4700
 -- Credit card info 
CreditCardNumber: 0000000000000000
CCV: 222
ExpiryDate: 02/25
]]></system-err>
  </testcase>
  <testcase name="testPizzasFromSameRestaurant" classname="uk.ac.ed.inf.OrderValidatorTest" time="0">
    <system-err><![CDATA[
 -- Order info 
OrderValidationCode: NO_ERROR
OrderStatus: VALID_BUT_NOT_DELIVERED
OrderNo: 5F859794
Order Contents: [Pizza[name=Pizza C, priceInPence=2500], Pizza[name=Pizza A, priceInPence=2300]]
PriceTotalInPence: 4900
 -- Credit card info 
CreditCardNumber: 0000000000000000
CCV: 222
ExpiryDate: 06/24
]]></system-err>
  </testcase>
  <testcase name="testPizzasFromSameRestaurant" classname="uk.ac.ed.inf.OrderValidatorTest" time="0">
    <system-err><![CDATA[
 -- Order info 
OrderValidationCode: NO_ERROR
OrderStatus: VALID_BUT_NOT_DELIVERED
OrderNo: 19B77DE6
Order Contents: [Pizza[name=Pizza B, priceInPence=2400], Pizza[name=Pizza A, priceInPence=2300]]
PriceTotalInPence: 4800
 -- Credit card info 
CreditCardNumber: 0000000000000000
CCV: 222
ExpiryDate: 01/26
]]></system-err>
  </testcase>
  <testcase name="testPizzasFromSameRestaurant" classname="uk.ac.ed.inf.OrderValidatorTest" time="0">
    <system-err><![CDATA[
 -- Order info 
OrderValidationCode: NO_ERROR
OrderStatus: VALID_BUT_NOT_DELIVERED
OrderNo: 0F09C37A
Order Contents: [Pizza[name=Pizza C, priceInPence=2500], Pizza[name=Pizza C, priceInPence=2500]]
PriceTotalInPence: 5100
 -- Credit card info 
CreditCardNumber: 0000000000000000
CCV: 222
ExpiryDate: 02/29
]]></system-err>
  </testcase>
  <testcase name="testPizzasFromSameRestaurant" classname="uk.ac.ed.inf.OrderValidatorTest" time="0">
    <system-err><![CDATA[
 -- Order info 
OrderValidationCode: NO_ERROR
OrderStatus: VALID_BUT_NOT_DELIVERED
OrderNo: 2E2DD89A
Order Contents: [Pizza[name=Pizza B, priceInPence=2400], Pizza[name=Pizza C, priceInPence=2500]]
PriceTotalInPence: 5000
 -- Credit card info 
CreditCardNumber: 0000000000000000
CCV: 222
ExpiryDate: 03/26
]]></system-err>
  </testcase>
  <testcase name="testPizzasFromSameRestaurant" classname="uk.ac.ed.inf.OrderValidatorTest" time="0">
    <system-err><![CDATA[
 -- Order info 
OrderValidationCode: NO_ERROR
OrderStatus: VALID_BUT_NOT_DELIVERED
OrderNo: 397C27BF
Order Contents: [Pizza[name=Pizza B, priceInPence=2400], Pizza[name=Pizza B, priceInPence=2400]]
PriceTotalInPence: 4900
 -- Credit card info 
CreditCardNumber: 0000000000000000
CCV: 222
ExpiryDate: 06/25
]]></system-err>
  </testcase>
  <testcase name="testPizzasFromSameRestaurant" classname="uk.ac.ed.inf.OrderValidatorTest" time="0">
    <system-err><![CDATA[
 -- Order info 
OrderValidationCode: NO_ERROR
OrderStatus: VALID_BUT_NOT_DELIVERED
OrderNo: 50D339A2
Order Contents: [Pizza[name=Pizza B, priceInPence=2400], Pizza[name=Pizza A, priceInPence=2300]]
PriceTotalInPence: 4800
 -- Credit card info 
CreditCardNumber: 0000000000000000
CCV: 222
ExpiryDate: 01/27
]]></system-err>
  </testcase>
  <testcase name="testPizzasFromSameRestaurant" classname="uk.ac.ed.inf.OrderValidatorTest" time="0">
    <system-err><![CDATA[
 -- Order info 
OrderValidationCode: NO_ERROR
OrderStatus: VALID_BUT_NOT_DELIVERED
OrderNo: 784F5F44
Order Contents: [Pizza[name=Pizza B, priceInPence=2400], Pizza[name=Pizza A, priceInPence=2300]]
PriceTotalInPence: 4800
 -- Credit card info 
CreditCardNumber: 0000000000000000
CCV: 222
ExpiryDate: 02/27
]]></system-err>
  </testcase>
  <testcase name="testPizzasFromSameRestaurant" classname="uk.ac.ed.inf.OrderValidatorTest" time="0">
    <system-err><![CDATA[
 -- Order info 
OrderValidationCode: NO_ERROR
OrderStatus: VALID_BUT_NOT_DELIVERED
OrderNo: 19C81B3E
Order Contents: [Pizza[name=Pizza A, priceInPence=2300], Pizza[name=Pizza C, priceInPence=2500]]
PriceTotalInPence: 4900
 -- Credit card info 
CreditCardNumber: 0000000000000000
CCV: 222
ExpiryDate: 01/29
]]></system-err>
  </testcase>
  <testcase name="testPizzasFromSameRestaurant" classname="uk.ac.ed.inf.OrderValidatorTest" time="0">
    <system-err><![CDATA[
 -- Order info 
OrderValidationCode: NO_ERROR
OrderStatus: VALID_BUT_NOT_DELIVERED
OrderNo: 43CDA6DD
Order Contents: [Pizza[name=Pizza C, priceInPence=2500], Pizza[name=Pizza C, priceInPence=2500]]
PriceTotalInPence: 5100
 -- Credit card info 
CreditCardNumber: 0000000000000000
CCV: 222
ExpiryDate: 07/29
]]></system-err>
  </testcase>
  <testcase name="testPizzasFromSameRestaurant" classname="uk.ac.ed.inf.OrderValidatorTest" time="0">
    <system-err><![CDATA[
 -- Order info 
OrderValidationCode: NO_ERROR
OrderStatus: VALID_BUT_NOT_DELIVERED
OrderNo: 6FE4714B
Order Contents: [Pizza[name=Pizza B, priceInPence=2400], Pizza[name=Pizza C, priceInPence=2500]]
PriceTotalInPence: 5000
 -- Credit card info 
CreditCardNumber: 0000000000000000
CCV: 222
ExpiryDate: 08/25
]]></system-err>
  </testcase>
  <testcase name="testPizzasFromSameRestaurant" classname="uk.ac.ed.inf.OrderValidatorTest" time="0">
    <system-err><![CDATA[
 -- Order info 
OrderValidationCode: NO_ERROR
OrderStatus: VALID_BUT_NOT_DELIVERED
OrderNo: 13517F93
Order Contents: [Pizza[name=Pizza B, priceInPence=2400], Pizza[name=Pizza A, priceInPence=2300]]
PriceTotalInPence: 4800
 -- Credit card info 
CreditCardNumber: 0000000000000000
CCV: 222
ExpiryDate: 11/26
]]></system-err>
  </testcase>
  <testcase name="testPizzasFromSameRestaurant" classname="uk.ac.ed.inf.OrderValidatorTest" time="0">
    <system-err><![CDATA[
 -- Order info 
OrderValidationCode: NO_ERROR
OrderStatus: VALID_BUT_NOT_DELIVERED
OrderNo: 3E4765D7
Order Contents: [Pizza[name=Pizza C, priceInPence=2500], Pizza[name=Pizza B, priceInPence=2400]]
PriceTotalInPence: 5000
 -- Credit card info 
CreditCardNumber: 0000000000000000
CCV: 222
ExpiryDate: 10/27
]]></system-err>
  </testcase>
  <testcase name="testPizzasFromSameRestaurant" classname="uk.ac.ed.inf.OrderValidatorTest" time="0">
    <system-err><![CDATA[
 -- Order info 
OrderValidationCode: NO_ERROR
OrderStatus: VALID_BUT_NOT_DELIVERED
OrderNo: 7FDCD2CF
Order Contents: [Pizza[name=Pizza B, priceInPence=2400], Pizza[name=Pizza C, priceInPence=2500]]
PriceTotalInPence: 5000
 -- Credit card info 
CreditCardNumber: 0000000000000000
CCV: 222
ExpiryDate: 10/25
]]></system-err>
  </testcase>
  <testcase name="testPizzasFromSameRestaurant" classname="uk.ac.ed.inf.OrderValidatorTest" time="0">
    <system-err><![CDATA[
 -- Order info 
OrderValidationCode: NO_ERROR
OrderStatus: VALID_BUT_NOT_DELIVERED
OrderNo: 55CECD56
Order Contents: [Pizza[name=Pizza C, priceInPence=2500], Pizza[name=Pizza B, priceInPence=2400]]
PriceTotalInPence: 5000
 -- Credit card info 
CreditCardNumber: 0000000000000000
CCV: 222
ExpiryDate: 07/28
]]></system-err>
  </testcase>
  <testcase name="testPizzasFromSameRestaurant" classname="uk.ac.ed.inf.OrderValidatorTest" time="0">
    <system-err><![CDATA[
 -- Order info 
OrderValidationCode: NO_ERROR
OrderStatus: VALID_BUT_NOT_DELIVERED
OrderNo: 054B9F3D
Order Contents: [Pizza[name=Pizza B, priceInPence=2400], Pizza[name=Pizza B, priceInPence=2400]]
PriceTotalInPence: 4900
 -- Credit card info 
CreditCardNumber: 0000000000000000
CCV: 222
ExpiryDate: 11/27
]]></system-err>
  </testcase>
  <testcase name="testPizzasFromSameRestaurant" classname="uk.ac.ed.inf.OrderValidatorTest" time="0">
    <system-err><![CDATA[
 -- Order info 
OrderValidationCode: NO_ERROR
OrderStatus: VALID_BUT_NOT_DELIVERED
OrderNo: 37C30A08
Order Contents: [Pizza[name=Pizza C, priceInPence=2500], Pizza[name=Pizza A, priceInPence=2300]]
PriceTotalInPence: 4900
 -- Credit card info 
CreditCardNumber: 0000000000000000
CCV: 222
ExpiryDate: 10/26
]]></system-err>
  </testcase>
  <testcase name="testPizzasFromSameRestaurant" classname="uk.ac.ed.inf.OrderValidatorTest" time="0">
    <system-err><![CDATA[
 -- Order info 
OrderValidationCode: NO_ERROR
OrderStatus: VALID_BUT_NOT_DELIVERED
OrderNo: 21FD031F
Order Contents: [Pizza[name=Pizza A, priceInPence=2300], Pizza[name=Pizza C, priceInPence=2500]]
PriceTotalInPence: 4900
 -- Credit card info 
CreditCardNumber: 0000000000000000
CCV: 222
ExpiryDate: 04/28
]]></system-err>
  </testcase>
  <testcase name="testPizzasFromSameRestaurant" classname="uk.ac.ed.inf.OrderValidatorTest" time="0">
    <system-err><![CDATA[
 -- Order info 
OrderValidationCode: NO_ERROR
OrderStatus: VALID_BUT_NOT_DELIVERED
OrderNo: 04141F2C
Order Contents: [Pizza[name=Pizza A, priceInPence=2300], Pizza[name=Pizza A, priceInPence=2300]]
PriceTotalInPence: 4700
 -- Credit card info 
CreditCardNumber: 0000000000000000
CCV: 222
ExpiryDate: 09/25
]]></system-err>
  </testcase>
  <testcase name="testPizzasFromSameRestaurant" classname="uk.ac.ed.inf.OrderValidatorTest" time="0">
    <system-err><![CDATA[
 -- Order info 
OrderValidationCode: NO_ERROR
OrderStatus: VALID_BUT_NOT_DELIVERED
OrderNo: 39AE8053
Order Contents: [Pizza[name=Pizza B, priceInPence=2400], Pizza[name=Pizza A, priceInPence=2300]]
PriceTotalInPence: 4800
 -- Credit card info 
CreditCardNumber: 0000000000000000
CCV: 222
ExpiryDate: 05/28
]]></system-err>
  </testcase>
  <testcase name="testPizzasFromSameRestaurant" classname="uk.ac.ed.inf.OrderValidatorTest" time="0">
    <system-err><![CDATA[
 -- Order info 
OrderValidationCode: NO_ERROR
OrderStatus: VALID_BUT_NOT_DELIVERED
OrderNo: 3A7ADC08
Order Contents: [Pizza[name=Pizza C, priceInPence=2500], Pizza[name=Pizza B, priceInPence=2400]]
PriceTotalInPence: 5000
 -- Credit card info 
CreditCardNumber: 0000000000000000
CCV: 222
ExpiryDate: 11/28
]]></system-err>
  </testcase>
  <testcase name="testPizzasFromSameRestaurant" classname="uk.ac.ed.inf.OrderValidatorTest" time="0">
    <system-err><![CDATA[
 -- Order info 
OrderValidationCode: NO_ERROR
OrderStatus: VALID_BUT_NOT_DELIVERED
OrderNo: 1798E33D
Order Contents: [Pizza[name=Pizza B, priceInPence=2400], Pizza[name=Pizza A, priceInPence=2300]]
PriceTotalInPence: 4800
 -- Credit card info 
CreditCardNumber: 0000000000000000
CCV: 222
ExpiryDate: 06/28
]]></system-err>
  </testcase>
  <testcase name="testPizzasFromSameRestaurant" classname="uk.ac.ed.inf.OrderValidatorTest" time="0">
    <system-err><![CDATA[
 -- Order info 
OrderValidationCode: NO_ERROR
OrderStatus: VALID_BUT_NOT_DELIVERED
OrderNo: 3328D105
Order Contents: [Pizza[name=Pizza C, priceInPence=2500], Pizza[name=Pizza C, priceInPence=2500]]
PriceTotalInPence: 5100
 -- Credit card info 
CreditCardNumber: 0000000000000000
CCV: 222
ExpiryDate: 06/26
]]></system-err>
  </testcase>
  <testcase name="testPizzasFromSameRestaurant" classname="uk.ac.ed.inf.OrderValidatorTest" time="0">
    <system-err><![CDATA[
 -- Order info 
OrderValidationCode: NO_ERROR
OrderStatus: VALID_BUT_NOT_DELIVERED
OrderNo: 5EBE2456
Order Contents: [Pizza[name=Pizza B, priceInPence=2400], Pizza[name=Pizza B, priceInPence=2400]]
PriceTotalInPence: 4900
 -- Credit card info 
CreditCardNumber: 0000000000000000
CCV: 222
ExpiryDate: 08/28
]]></system-err>
  </testcase>
  <testcase name="testPizzasFromSameRestaurant" classname="uk.ac.ed.inf.OrderValidatorTest" time="0">
    <system-err><![CDATA[
 -- Order info 
OrderValidationCode: NO_ERROR
OrderStatus: VALID_BUT_NOT_DELIVERED
OrderNo: 101427CE
Order Contents: [Pizza[name=Pizza A, priceInPence=2300], Pizza[name=Pizza C, priceInPence=2500]]
PriceTotalInPence: 4900
 -- Credit card info 
CreditCardNumber: 0000000000000000
CCV: 222
ExpiryDate: 04/25
]]></system-err>
  </testcase>
  <testcase name="testPizzasFromSameRestaurant" classname="uk.ac.ed.inf.OrderValidatorTest" time="0">
    <system-err><![CDATA[
 -- Order info 
OrderValidationCode: NO_ERROR
OrderStatus: VALID_BUT_NOT_DELIVERED
OrderNo: 5C223F05
Order Contents: [Pizza[name=Pizza C, priceInPence=2500], Pizza[name=Pizza B, priceInPence=2400]]
PriceTotalInPence: 5000
 -- Credit card info 
CreditCardNumber: 0000000000000000
CCV: 222
ExpiryDate: 07/29
]]></system-err>
  </testcase>
  <testcase name="testPizzasFromSameRestaurant" classname="uk.ac.ed.inf.OrderValidatorTest" time="0">
    <system-err><![CDATA[
 -- Order info 
OrderValidationCode: NO_ERROR
OrderStatus: VALID_BUT_NOT_DELIVERED
OrderNo: 3EB0A156
Order Contents: [Pizza[name=Pizza A, priceInPence=2300], Pizza[name=Pizza A, priceInPence=2300]]
PriceTotalInPence: 4700
 -- Credit card info 
CreditCardNumber: 0000000000000000
CCV: 222
ExpiryDate: 08/24
]]></system-err>
  </testcase>
  <testcase name="testPizzasFromSameRestaurant" classname="uk.ac.ed.inf.OrderValidatorTest" time="0">
    <system-err><![CDATA[
 -- Order info 
OrderValidationCode: NO_ERROR
OrderStatus: VALID_BUT_NOT_DELIVERED
OrderNo: 0685015B
Order Contents: [Pizza[name=Pizza B, priceInPence=2400], Pizza[name=Pizza A, priceInPence=2300]]
PriceTotalInPence: 4800
 -- Credit card info 
CreditCardNumber: 0000000000000000
CCV: 222
ExpiryDate: 04/28
]]></system-err>
  </testcase>
  <testcase name="testPizzasFromSameRestaurant" classname="uk.ac.ed.inf.OrderValidatorTest" time="0">
    <system-err><![CDATA[
 -- Order info 
OrderValidationCode: NO_ERROR
OrderStatus: VALID_BUT_NOT_DELIVERED
OrderNo: 36D5782F
Order Contents: [Pizza[name=Pizza B, priceInPence=2400], Pizza[name=Pizza A, priceInPence=2300]]
PriceTotalInPence: 4800
 -- Credit card info 
CreditCardNumber: 0000000000000000
CCV: 222
ExpiryDate: 06/25
]]></system-err>
  </testcase>
  <testcase name="testPizzasFromSameRestaurant" classname="uk.ac.ed.inf.OrderValidatorTest" time="0">
    <system-err><![CDATA[
 -- Order info 
OrderValidationCode: NO_ERROR
OrderStatus: VALID_BUT_NOT_DELIVERED
OrderNo: 0C19535B
Order Contents: [Pizza[name=Pizza B, priceInPence=2400], Pizza[name=Pizza A, priceInPence=2300]]
PriceTotalInPence: 4800
 -- Credit card info 
CreditCardNumber: 0000000000000000
CCV: 222
ExpiryDate: 01/29
]]></system-err>
  </testcase>
  <testcase name="testPizzasFromSameRestaurant" classname="uk.ac.ed.inf.OrderValidatorTest" time="0">
    <system-err><![CDATA[
 -- Order info 
OrderValidationCode: NO_ERROR
OrderStatus: VALID_BUT_NOT_DELIVERED
OrderNo: 3C38CEA2
Order Contents: [Pizza[name=Pizza C, priceInPence=2500], Pizza[name=Pizza B, priceInPence=2400]]
PriceTotalInPence: 5000
 -- Credit card info 
CreditCardNumber: 0000000000000000
CCV: 222
ExpiryDate: 02/24
]]></system-err>
  </testcase>
  <testcase name="testPizzasFromSameRestaurant" classname="uk.ac.ed.inf.OrderValidatorTest" time="0">
    <system-err><![CDATA[
 -- Order info 
OrderValidationCode: NO_ERROR
OrderStatus: VALID_BUT_NOT_DELIVERED
OrderNo: 627B517C
Order Contents: [Pizza[name=Pizza B, priceInPence=2400], Pizza[name=Pizza B, priceInPence=2400]]
PriceTotalInPence: 4900
 -- Credit card info 
CreditCardNumber: 0000000000000000
CCV: 222
ExpiryDate: 03/24
]]></system-err>
  </testcase>
  <testcase name="testPizzasFromSameRestaurant" classname="uk.ac.ed.inf.OrderValidatorTest" time="0">
    <system-err><![CDATA[
 -- Order info 
OrderValidationCode: NO_ERROR
OrderStatus: VALID_BUT_NOT_DELIVERED
OrderNo: 42185F0F
Order Contents: [Pizza[name=Pizza B, priceInPence=2400], Pizza[name=Pizza C, priceInPence=2500]]
PriceTotalInPence: 5000
 -- Credit card info 
CreditCardNumber: 0000000000000000
CCV: 222
ExpiryDate: 09/27
]]></system-err>
  </testcase>
  <testcase name="testPizzasFromSameRestaurant" classname="uk.ac.ed.inf.OrderValidatorTest" time="0">
    <system-err><![CDATA[
 -- Order info 
OrderValidationCode: NO_ERROR
OrderStatus: VALID_BUT_NOT_DELIVERED
OrderNo: 4333AEE0
Order Contents: [Pizza[name=Pizza C, priceInPence=2500], Pizza[name=Pizza C, priceInPence=2500]]
PriceTotalInPence: 5100
 -- Credit card info 
CreditCardNumber: 0000000000000000
CCV: 222
ExpiryDate: 09/28
]]></system-err>
  </testcase>
  <testcase name="testPizzasFromSameRestaurant" classname="uk.ac.ed.inf.OrderValidatorTest" time="0">
    <system-err><![CDATA[
 -- Order info 
OrderValidationCode: NO_ERROR
OrderStatus: VALID_BUT_NOT_DELIVERED
OrderNo: 07183E0E
Order Contents: [Pizza[name=Pizza B, priceInPence=2400], Pizza[name=Pizza B, priceInPence=2400]]
PriceTotalInPence: 4900
 -- Credit card info 
CreditCardNumber: 0000000000000000
CCV: 222
ExpiryDate: 07/29
]]></system-err>
  </testcase>
  <testcase name="testPizzasFromSameRestaurant" classname="uk.ac.ed.inf.OrderValidatorTest" time="0">
    <system-err><![CDATA[
 -- Order info 
OrderValidationCode: NO_ERROR
OrderStatus: VALID_BUT_NOT_DELIVERED
OrderNo: 6A20BD40
Order Contents: [Pizza[name=Pizza B, priceInPence=2400], Pizza[name=Pizza A, priceInPence=2300]]
PriceTotalInPence: 4800
 -- Credit card info 
CreditCardNumber: 0000000000000000
CCV: 222
ExpiryDate: 08/26
]]></system-err>
  </testcase>
  <testcase name="testPizzasFromSameRestaurant" classname="uk.ac.ed.inf.OrderValidatorTest" time="0">
    <system-err><![CDATA[
 -- Order info 
OrderValidationCode: NO_ERROR
OrderStatus: VALID_BUT_NOT_DELIVERED
OrderNo: 39A2DED9
Order Contents: [Pizza[name=Pizza A, priceInPence=2300], Pizza[name=Pizza C, priceInPence=2500]]
PriceTotalInPence: 4900
 -- Credit card info 
CreditCardNumber: 0000000000000000
CCV: 222
ExpiryDate: 08/25
]]></system-err>
  </testcase>
  <testcase name="testPizzasFromSameRestaurant" classname="uk.ac.ed.inf.OrderValidatorTest" time="0">
    <system-err><![CDATA[
 -- Order info 
OrderValidationCode: NO_ERROR
OrderStatus: VALID_BUT_NOT_DELIVERED
OrderNo: 01925B79
Order Contents: [Pizza[name=Pizza A, priceInPence=2300], Pizza[name=Pizza A, priceInPence=2300]]
PriceTotalInPence: 4700
 -- Credit card info 
CreditCardNumber: 0000000000000000
CCV: 222
ExpiryDate: 01/25
]]></system-err>
  </testcase>
  <testcase name="testPizzasFromSameRestaurant" classname="uk.ac.ed.inf.OrderValidatorTest" time="0">
    <system-err><![CDATA[
 -- Order info 
OrderValidationCode: NO_ERROR
OrderStatus: VALID_BUT_NOT_DELIVERED
OrderNo: 121DB1D4
Order Contents: [Pizza[name=Pizza A, priceInPence=2300], Pizza[name=Pizza A, priceInPence=2300]]
PriceTotalInPence: 4700
 -- Credit card info 
CreditCardNumber: 0000000000000000
CCV: 222
ExpiryDate: 03/26
]]></system-err>
  </testcase>
  <testcase name="testPizzasFromSameRestaurant" classname="uk.ac.ed.inf.OrderValidatorTest" time="0">
    <system-err><![CDATA[
 -- Order info 
OrderValidationCode: NO_ERROR
OrderStatus: VALID_BUT_NOT_DELIVERED
OrderNo: 1C45DC2E
Order Contents: [Pizza[name=Pizza A, priceInPence=2300], Pizza[name=Pizza B, priceInPence=2400]]
PriceTotalInPence: 4800
 -- Credit card info 
CreditCardNumber: 0000000000000000
CCV: 222
ExpiryDate: 04/29
]]></system-err>
  </testcase>
  <testcase name="testPizzasFromSameRestaurant" classname="uk.ac.ed.inf.OrderValidatorTest" time="0">
    <system-err><![CDATA[
 -- Order info 
OrderValidationCode: NO_ERROR
OrderStatus: VALID_BUT_NOT_DELIVERED
OrderNo: 648C31A7
Order Contents: [Pizza[name=Pizza B, priceInPence=2400], Pizza[name=Pizza A, priceInPence=2300]]
PriceTotalInPence: 4800
 -- Credit card info 
CreditCardNumber: 0000000000000000
CCV: 222
ExpiryDate: 08/27
]]></system-err>
  </testcase>
  <testcase name="testPizzasFromSameRestaurant" classname="uk.ac.ed.inf.OrderValidatorTest" time="0">
    <system-err><![CDATA[
 -- Order info 
OrderValidationCode: NO_ERROR
OrderStatus: VALID_BUT_NOT_DELIVERED
OrderNo: 4C703B5E
Order Contents: [Pizza[name=Pizza B, priceInPence=2400], Pizza[name=Pizza A, priceInPence=2300]]
PriceTotalInPence: 4800
 -- Credit card info 
CreditCardNumber: 0000000000000000
CCV: 222
ExpiryDate: 06/28
]]></system-err>
  </testcase>
  <testcase name="testPizzasFromSameRestaurant" classname="uk.ac.ed.inf.OrderValidatorTest" time="0">
    <system-err><![CDATA[
 -- Order info 
OrderValidationCode: NO_ERROR
OrderStatus: VALID_BUT_NOT_DELIVERED
OrderNo: 0BBA6EBA
Order Contents: [Pizza[name=Pizza A, priceInPence=2300], Pizza[name=Pizza A, priceInPence=2300]]
PriceTotalInPence: 4700
 -- Credit card info 
CreditCardNumber: 0000000000000000
CCV: 222
ExpiryDate: 08/25
]]></system-err>
  </testcase>
  <testcase name="testPizzasFromSameRestaurant" classname="uk.ac.ed.inf.OrderValidatorTest" time="0">
    <system-err><![CDATA[
 -- Order info 
OrderValidationCode: NO_ERROR
OrderStatus: VALID_BUT_NOT_DELIVERED
OrderNo: 3810B52B
Order Contents: [Pizza[name=Pizza C, priceInPence=2500], Pizza[name=Pizza B, priceInPence=2400]]
PriceTotalInPence: 5000
 -- Credit card info 
CreditCardNumber: 0000000000000000
CCV: 222
ExpiryDate: 07/29
]]></system-err>
  </testcase>
  <testcase name="testPizzasFromSameRestaurant" classname="uk.ac.ed.inf.OrderValidatorTest" time="0">
    <system-err><![CDATA[
 -- Order info 
OrderValidationCode: NO_ERROR
OrderStatus: VALID_BUT_NOT_DELIVERED
OrderNo: 3435E880
Order Contents: [Pizza[name=Pizza A, priceInPence=2300], Pizza[name=Pizza A, priceInPence=2300]]
PriceTotalInPence: 4700
 -- Credit card info 
CreditCardNumber: 0000000000000000
CCV: 222
ExpiryDate: 05/24
]]></system-err>
  </testcase>
  <testcase name="testPizzasFromSameRestaurant" classname="uk.ac.ed.inf.OrderValidatorTest" time="0">
    <system-err><![CDATA[
 -- Order info 
OrderValidationCode: NO_ERROR
OrderStatus: VALID_BUT_NOT_DELIVERED
OrderNo: 036C85BC
Order Contents: [Pizza[name=Pizza A, priceInPence=2300], Pizza[name=Pizza A, priceInPence=2300]]
PriceTotalInPence: 4700
 -- Credit card info 
CreditCardNumber: 0000000000000000
CCV: 222
ExpiryDate: 06/24
]]></system-err>
  </testcase>
  <testcase name="testPizzasFromSameRestaurant" classname="uk.ac.ed.inf.OrderValidatorTest" time="0">
    <system-err><![CDATA[
 -- Order info 
OrderValidationCode: NO_ERROR
OrderStatus: VALID_BUT_NOT_DELIVERED
OrderNo: 40D08CB1
Order Contents: [Pizza[name=Pizza B, priceInPence=2400], Pizza[name=Pizza C, priceInPence=2500]]
PriceTotalInPence: 5000
 -- Credit card info 
CreditCardNumber: 0000000000000000
CCV: 222
ExpiryDate: 01/24
]]></system-err>
  </testcase>
  <testcase name="testPizzasFromSameRestaurant" classname="uk.ac.ed.inf.OrderValidatorTest" time="0">
    <system-err><![CDATA[
 -- Order info 
OrderValidationCode: NO_ERROR
OrderStatus: VALID_BUT_NOT_DELIVERED
OrderNo: 043E0EFE
Order Contents: [Pizza[name=Pizza B, priceInPence=2400], Pizza[name=Pizza C, priceInPence=2500]]
PriceTotalInPence: 5000
 -- Credit card info 
CreditCardNumber: 0000000000000000
CCV: 222
ExpiryDate: 04/25
]]></system-err>
  </testcase>
  <testcase name="testPizzasFromSameRestaurant" classname="uk.ac.ed.inf.OrderValidatorTest" time="0">
    <system-err><![CDATA[
 -- Order info 
OrderValidationCode: NO_ERROR
OrderStatus: VALID_BUT_NOT_DELIVERED
OrderNo: 2E1561B3
Order Contents: [Pizza[name=Pizza C, priceInPence=2500], Pizza[name=Pizza C, priceInPence=2500]]
PriceTotalInPence: 5100
 -- Credit card info 
CreditCardNumber: 0000000000000000
CCV: 222
ExpiryDate: 06/29
]]></system-err>
  </testcase>
  <testcase name="testPizzasFromSameRestaurant" classname="uk.ac.ed.inf.OrderValidatorTest" time="0">
    <system-err><![CDATA[
 -- Order info 
OrderValidationCode: NO_ERROR
OrderStatus: VALID_BUT_NOT_DELIVERED
OrderNo: 11ED0378
Order Contents: [Pizza[name=Pizza A, priceInPence=2300], Pizza[name=Pizza A, priceInPence=2300]]
PriceTotalInPence: 4700
 -- Credit card info 
CreditCardNumber: 0000000000000000
CCV: 222
ExpiryDate: 08/28
]]></system-err>
  </testcase>
  <testcase name="testPizzasFromSameRestaurant" classname="uk.ac.ed.inf.OrderValidatorTest" time="0.016">
    <system-err><![CDATA[
 -- Order info 
OrderValidationCode: NO_ERROR
OrderStatus: VALID_BUT_NOT_DELIVERED
OrderNo: 1DF437D0
Order Contents: [Pizza[name=Pizza B, priceInPence=2400], Pizza[name=Pizza C, priceInPence=2500]]
PriceTotalInPence: 5000
 -- Credit card info 
CreditCardNumber: 0000000000000000
CCV: 222
ExpiryDate: 05/24
]]></system-err>
  </testcase>
  <testcase name="testPizzasFromSameRestaurant" classname="uk.ac.ed.inf.OrderValidatorTest" time="0">
    <system-err><![CDATA[
 -- Order info 
OrderValidationCode: NO_ERROR
OrderStatus: VALID_BUT_NOT_DELIVERED
OrderNo: 317FE7EA
Order Contents: [Pizza[name=Pizza C, priceInPence=2500], Pizza[name=Pizza A, priceInPence=2300]]
PriceTotalInPence: 4900
 -- Credit card info 
CreditCardNumber: 0000000000000000
CCV: 222
ExpiryDate: 09/29
]]></system-err>
  </testcase>
  <testcase name="testPizzasFromSameRestaurant" classname="uk.ac.ed.inf.OrderValidatorTest" time="0">
    <system-err><![CDATA[
 -- Order info 
OrderValidationCode: NO_ERROR
OrderStatus: VALID_BUT_NOT_DELIVERED
OrderNo: 0CDE3804
Order Contents: [Pizza[name=Pizza B, priceInPence=2400], Pizza[name=Pizza C, priceInPence=2500]]
PriceTotalInPence: 5000
 -- Credit card info 
CreditCardNumber: 0000000000000000
CCV: 222
ExpiryDate: 07/29
]]></system-err>
  </testcase>
  <testcase name="testPizzasFromSameRestaurant" classname="uk.ac.ed.inf.OrderValidatorTest" time="0">
    <system-err><![CDATA[
 -- Order info 
OrderValidationCode: NO_ERROR
OrderStatus: VALID_BUT_NOT_DELIVERED
OrderNo: 11D26F54
Order Contents: [Pizza[name=Pizza C, priceInPence=2500], Pizza[name=Pizza A, priceInPence=2300]]
PriceTotalInPence: 4900
 -- Credit card info 
CreditCardNumber: 0000000000000000
CCV: 222
ExpiryDate: 01/27
]]></system-err>
  </testcase>
  <testcase name="testPizzasFromSameRestaurant" classname="uk.ac.ed.inf.OrderValidatorTest" time="0">
    <system-err><![CDATA[
 -- Order info 
OrderValidationCode: NO_ERROR
OrderStatus: VALID_BUT_NOT_DELIVERED
OrderNo: 6D07E9D5
Order Contents: [Pizza[name=Pizza B, priceInPence=2400], Pizza[name=Pizza A, priceInPence=2300]]
PriceTotalInPence: 4800
 -- Credit card info 
CreditCardNumber: 0000000000000000
CCV: 222
ExpiryDate: 01/24
]]></system-err>
  </testcase>
  <testcase name="testPizzasFromSameRestaurant" classname="uk.ac.ed.inf.OrderValidatorTest" time="0">
    <system-err><![CDATA[
 -- Order info 
OrderValidationCode: NO_ERROR
OrderStatus: VALID_BUT_NOT_DELIVERED
OrderNo: 4A670C61
Order Contents: [Pizza[name=Pizza A, priceInPence=2300], Pizza[name=Pizza C, priceInPence=2500]]
PriceTotalInPence: 4900
 -- Credit card info 
CreditCardNumber: 0000000000000000
CCV: 222
ExpiryDate: 04/26
]]></system-err>
  </testcase>
  <testcase name="testPizzasFromSameRestaurant" classname="uk.ac.ed.inf.OrderValidatorTest" time="0">
    <system-err><![CDATA[
 -- Order info 
OrderValidationCode: NO_ERROR
OrderStatus: VALID_BUT_NOT_DELIVERED
OrderNo: 589655B2
Order Contents: [Pizza[name=Pizza B, priceInPence=2400], Pizza[name=Pizza C, priceInPence=2500]]
PriceTotalInPence: 5000
 -- Credit card info 
CreditCardNumber: 0000000000000000
CCV: 222
ExpiryDate: 05/27
]]></system-err>
  </testcase>
  <testcase name="testPizzasFromSameRestaurant" classname="uk.ac.ed.inf.OrderValidatorTest" time="0">
    <system-err><![CDATA[
 -- Order info 
OrderValidationCode: NO_ERROR
OrderStatus: VALID_BUT_NOT_DELIVERED
OrderNo: 76D42AF2
Order Contents: [Pizza[name=Pizza A, priceInPence=2300], Pizza[name=Pizza C, priceInPence=2500]]
PriceTotalInPence: 4900
 -- Credit card info 
CreditCardNumber: 0000000000000000
CCV: 222
ExpiryDate: 04/27
]]></system-err>
  </testcase>
  <testcase name="testPizzasFromSameRestaurant" classname="uk.ac.ed.inf.OrderValidatorTest" time="0">
    <system-err><![CDATA[
 -- Order info 
OrderValidationCode: NO_ERROR
OrderStatus: VALID_BUT_NOT_DELIVERED
OrderNo: 5C69A2D2
Order Contents: [Pizza[name=Pizza B, priceInPence=2400], Pizza[name=Pizza A, priceInPence=2300]]
PriceTotalInPence: 4800
 -- Credit card info 
CreditCardNumber: 0000000000000000
CCV: 222
ExpiryDate: 08/27
]]></system-err>
  </testcase>
  <testcase name="testPizzasFromSameRestaurant" classname="uk.ac.ed.inf.OrderValidatorTest" time="0">
    <system-err><![CDATA[
 -- Order info 
OrderValidationCode: NO_ERROR
OrderStatus: VALID_BUT_NOT_DELIVERED
OrderNo: 0E46BB71
Order Contents: [Pizza[name=Pizza A, priceInPence=2300], Pizza[name=Pizza A, priceInPence=2300]]
PriceTotalInPence: 4700
 -- Credit card info 
CreditCardNumber: 0000000000000000
CCV: 222
ExpiryDate: 09/27
]]></system-err>
  </testcase>
  <testcase name="testPizzasFromSameRestaurant" classname="uk.ac.ed.inf.OrderValidatorTest" time="0">
    <system-err><![CDATA[
 -- Order info 
OrderValidationCode: NO_ERROR
OrderStatus: VALID_BUT_NOT_DELIVERED
OrderNo: 4F61339A
Order Contents: [Pizza[name=Pizza A, priceInPence=2300], Pizza[name=Pizza C, priceInPence=2500]]
PriceTotalInPence: 4900
 -- Credit card info 
CreditCardNumber: 0000000000000000
CCV: 222
ExpiryDate: 02/27
]]></system-err>
  </testcase>
  <testcase name="testPizzasFromSameRestaurant" classname="uk.ac.ed.inf.OrderValidatorTest" time="0">
    <system-err><![CDATA[
 -- Order info 
OrderValidationCode: NO_ERROR
OrderStatus: VALID_BUT_NOT_DELIVERED
OrderNo: 22436543
Order Contents: [Pizza[name=Pizza B, priceInPence=2400], Pizza[name=Pizza A, priceInPence=2300]]
PriceTotalInPence: 4800
 -- Credit card info 
CreditCardNumber: 0000000000000000
CCV: 222
ExpiryDate: 08/25
]]></system-err>
  </testcase>
  <testcase name="testPizzasFromSameRestaurant" classname="uk.ac.ed.inf.OrderValidatorTest" time="0">
    <system-err><![CDATA[
 -- Order info 
OrderValidationCode: NO_ERROR
OrderStatus: VALID_BUT_NOT_DELIVERED
OrderNo: 514A920D
Order Contents: [Pizza[name=Pizza C, priceInPence=2500], Pizza[name=Pizza B, priceInPence=2400]]
PriceTotalInPence: 5000
 -- Credit card info 
CreditCardNumber: 0000000000000000
CCV: 222
ExpiryDate: 06/24
]]></system-err>
  </testcase>
  <testcase name="testPizzasFromSameRestaurant" classname="uk.ac.ed.inf.OrderValidatorTest" time="0">
    <system-err><![CDATA[
 -- Order info 
OrderValidationCode: NO_ERROR
OrderStatus: VALID_BUT_NOT_DELIVERED
OrderNo: 6979B22A
Order Contents: [Pizza[name=Pizza B, priceInPence=2400], Pizza[name=Pizza A, priceInPence=2300]]
PriceTotalInPence: 4800
 -- Credit card info 
CreditCardNumber: 0000000000000000
CCV: 222
ExpiryDate: 07/29
]]></system-err>
  </testcase>
  <testcase name="testPizzasFromSameRestaurant" classname="uk.ac.ed.inf.OrderValidatorTest" time="0">
    <system-err><![CDATA[
 -- Order info 
OrderValidationCode: NO_ERROR
OrderStatus: VALID_BUT_NOT_DELIVERED
OrderNo: 0852AD01
Order Contents: [Pizza[name=Pizza C, priceInPence=2500], Pizza[name=Pizza C, priceInPence=2500]]
PriceTotalInPence: 5100
 -- Credit card info 
CreditCardNumber: 0000000000000000
CCV: 222
ExpiryDate: 01/27
]]></system-err>
  </testcase>
  <testcase name="testPizzasFromSameRestaurant" classname="uk.ac.ed.inf.OrderValidatorTest" time="0">
    <system-err><![CDATA[
 -- Order info 
OrderValidationCode: NO_ERROR
OrderStatus: VALID_BUT_NOT_DELIVERED
OrderNo: 27D46DC3
Order Contents: [Pizza[name=Pizza A, priceInPence=2300], Pizza[name=Pizza C, priceInPence=2500]]
PriceTotalInPence: 4900
 -- Credit card info 
CreditCardNumber: 0000000000000000
CCV: 222
ExpiryDate: 11/28
]]></system-err>
  </testcase>
  <testcase name="testPizzasFromSameRestaurant" classname="uk.ac.ed.inf.OrderValidatorTest" time="0">
    <system-err><![CDATA[
 -- Order info 
OrderValidationCode: NO_ERROR
OrderStatus: VALID_BUT_NOT_DELIVERED
OrderNo: 6681EBC5
Order Contents: [Pizza[name=Pizza C, priceInPence=2500], Pizza[name=Pizza C, priceInPence=2500]]
PriceTotalInPence: 5100
 -- Credit card info 
CreditCardNumber: 0000000000000000
CCV: 222
ExpiryDate: 05/27
]]></system-err>
  </testcase>
  <testcase name="testPizzasFromSameRestaurant" classname="uk.ac.ed.inf.OrderValidatorTest" time="0">
    <system-err><![CDATA[
 -- Order info 
OrderValidationCode: NO_ERROR
OrderStatus: VALID_BUT_NOT_DELIVERED
OrderNo: 3A41D0C6
Order Contents: [Pizza[name=Pizza A, priceInPence=2300], Pizza[name=Pizza B, priceInPence=2400]]
PriceTotalInPence: 4800
 -- Credit card info 
CreditCardNumber: 0000000000000000
CCV: 222
ExpiryDate: 03/28
]]></system-err>
  </testcase>
  <testcase name="testPizzasFromSameRestaurant" classname="uk.ac.ed.inf.OrderValidatorTest" time="0">
    <system-err><![CDATA[
 -- Order info 
OrderValidationCode: NO_ERROR
OrderStatus: VALID_BUT_NOT_DELIVERED
OrderNo: 07A4EBB4
Order Contents: [Pizza[name=Pizza C, priceInPence=2500], Pizza[name=Pizza C, priceInPence=2500]]
PriceTotalInPence: 5100
 -- Credit card info 
CreditCardNumber: 0000000000000000
CCV: 222
ExpiryDate: 07/29
]]></system-err>
  </testcase>
  <testcase name="testPizzasFromSameRestaurant" classname="uk.ac.ed.inf.OrderValidatorTest" time="0">
    <system-err><![CDATA[
 -- Order info 
OrderValidationCode: NO_ERROR
OrderStatus: VALID_BUT_NOT_DELIVERED
OrderNo: 7B394B0F
Order Contents: [Pizza[name=Pizza B, priceInPence=2400], Pizza[name=Pizza B, priceInPence=2400]]
PriceTotalInPence: 4900
 -- Credit card info 
CreditCardNumber: 0000000000000000
CCV: 222
ExpiryDate: 11/25
]]></system-err>
  </testcase>
  <testcase name="testPizzasFromSameRestaurant" classname="uk.ac.ed.inf.OrderValidatorTest" time="0">
    <system-err><![CDATA[
 -- Order info 
OrderValidationCode: NO_ERROR
OrderStatus: VALID_BUT_NOT_DELIVERED
OrderNo: 24305D93
Order Contents: [Pizza[name=Pizza A, priceInPence=2300], Pizza[name=Pizza B, priceInPence=2400]]
PriceTotalInPence: 4800
 -- Credit card info 
CreditCardNumber: 0000000000000000
CCV: 222
ExpiryDate: 09/26
]]></system-err>
  </testcase>
  <testcase name="testPizzasFromSameRestaurant" classname="uk.ac.ed.inf.OrderValidatorTest" time="0">
    <system-err><![CDATA[
 -- Order info 
OrderValidationCode: NO_ERROR
OrderStatus: VALID_BUT_NOT_DELIVERED
OrderNo: 66B7C16A
Order Contents: [Pizza[name=Pizza B, priceInPence=2400], Pizza[name=Pizza A, priceInPence=2300]]
PriceTotalInPence: 4800
 -- Credit card info 
CreditCardNumber: 0000000000000000
CCV: 222
ExpiryDate: 04/27
]]></system-err>
  </testcase>
  <testcase name="testPizzasFromSameRestaurant" classname="uk.ac.ed.inf.OrderValidatorTest" time="0">
    <system-err><![CDATA[
 -- Order info 
OrderValidationCode: NO_ERROR
OrderStatus: VALID_BUT_NOT_DELIVERED
OrderNo: 645FEC31
Order Contents: [Pizza[name=Pizza B, priceInPence=2400], Pizza[name=Pizza A, priceInPence=2300]]
PriceTotalInPence: 4800
 -- Credit card info 
CreditCardNumber: 0000000000000000
CCV: 222
ExpiryDate: 03/28
]]></system-err>
  </testcase>
  <testcase name="testPizzasFromSameRestaurant" classname="uk.ac.ed.inf.OrderValidatorTest" time="0">
    <system-err><![CDATA[
 -- Order info 
OrderValidationCode: NO_ERROR
OrderStatus: VALID_BUT_NOT_DELIVERED
OrderNo: 0996F750
Order Contents: [Pizza[name=Pizza C, priceInPence=2500], Pizza[name=Pizza A, priceInPence=2300]]
PriceTotalInPence: 4900
 -- Credit card info 
CreditCardNumber: 0000000000000000
CCV: 222
ExpiryDate: 05/25
]]></system-err>
  </testcase>
  <testcase name="testPizzasFromSameRestaurant" classname="uk.ac.ed.inf.OrderValidatorTest" time="0">
    <system-err><![CDATA[
 -- Order info 
OrderValidationCode: NO_ERROR
OrderStatus: VALID_BUT_NOT_DELIVERED
OrderNo: 224168F8
Order Contents: [Pizza[name=Pizza A, priceInPence=2300], Pizza[name=Pizza A, priceInPence=2300]]
PriceTotalInPence: 4700
 -- Credit card info 
CreditCardNumber: 0000000000000000
CCV: 222
ExpiryDate: 08/28
]]></system-err>
  </testcase>
  <testcase name="testPizzasFromSameRestaurant" classname="uk.ac.ed.inf.OrderValidatorTest" time="0">
    <system-err><![CDATA[
 -- Order info 
OrderValidationCode: NO_ERROR
OrderStatus: VALID_BUT_NOT_DELIVERED
OrderNo: 5E268D4B
Order Contents: [Pizza[name=Pizza C, priceInPence=2500], Pizza[name=Pizza B, priceInPence=2400]]
PriceTotalInPence: 5000
 -- Credit card info 
CreditCardNumber: 0000000000000000
CCV: 222
ExpiryDate: 07/26
]]></system-err>
  </testcase>
  <testcase name="testPizzasFromSameRestaurant" classname="uk.ac.ed.inf.OrderValidatorTest" time="0">
    <system-err><![CDATA[
 -- Order info 
OrderValidationCode: NO_ERROR
OrderStatus: VALID_BUT_NOT_DELIVERED
OrderNo: 3F954B5E
Order Contents: [Pizza[name=Pizza B, priceInPence=2400], Pizza[name=Pizza C, priceInPence=2500]]
PriceTotalInPence: 5000
 -- Credit card info 
CreditCardNumber: 0000000000000000
CCV: 222
ExpiryDate: 08/24
]]></system-err>
  </testcase>
  <testcase name="testPizzasFromSameRestaurant" classname="uk.ac.ed.inf.OrderValidatorTest" time="0">
    <system-err><![CDATA[
 -- Order info 
OrderValidationCode: NO_ERROR
OrderStatus: VALID_BUT_NOT_DELIVERED
OrderNo: 39D806D3
Order Contents: [Pizza[name=Pizza B, priceInPence=2400], Pizza[name=Pizza C, priceInPence=2500]]
PriceTotalInPence: 5000
 -- Credit card info 
CreditCardNumber: 0000000000000000
CCV: 222
ExpiryDate: 02/28
]]></system-err>
  </testcase>
  <testcase name="testPizzasFromSameRestaurant" classname="uk.ac.ed.inf.OrderValidatorTest" time="0">
    <system-err><![CDATA[
 -- Order info 
OrderValidationCode: NO_ERROR
OrderStatus: VALID_BUT_NOT_DELIVERED
OrderNo: 7228DFAE
Order Contents: [Pizza[name=Pizza C, priceInPence=2500], Pizza[name=Pizza C, priceInPence=2500]]
PriceTotalInPence: 5100
 -- Credit card info 
CreditCardNumber: 0000000000000000
CCV: 222
ExpiryDate: 03/24
]]></system-err>
  </testcase>
  <testcase name="testPizzasFromSameRestaurant" classname="uk.ac.ed.inf.OrderValidatorTest" time="0">
    <system-err><![CDATA[
 -- Order info 
OrderValidationCode: NO_ERROR
OrderStatus: VALID_BUT_NOT_DELIVERED
OrderNo: 1754EE8F
Order Contents: [Pizza[name=Pizza B, priceInPence=2400], Pizza[name=Pizza C, priceInPence=2500]]
PriceTotalInPence: 5000
 -- Credit card info 
CreditCardNumber: 0000000000000000
CCV: 222
ExpiryDate: 04/28
]]></system-err>
  </testcase>
  <testcase name="testPizzasFromSameRestaurant" classname="uk.ac.ed.inf.OrderValidatorTest" time="0">
    <system-err><![CDATA[
 -- Order info 
OrderValidationCode: NO_ERROR
OrderStatus: VALID_BUT_NOT_DELIVERED
OrderNo: 3B17B1D3
Order Contents: [Pizza[name=Pizza B, priceInPence=2400], Pizza[name=Pizza A, priceInPence=2300]]
PriceTotalInPence: 4800
 -- Credit card info 
CreditCardNumber: 0000000000000000
CCV: 222
ExpiryDate: 10/26
]]></system-err>
  </testcase>
  <testcase name="testPizzasFromSameRestaurant" classname="uk.ac.ed.inf.OrderValidatorTest" time="0">
    <system-err><![CDATA[
 -- Order info 
OrderValidationCode: NO_ERROR
OrderStatus: VALID_BUT_NOT_DELIVERED
OrderNo: 77AD6616
Order Contents: [Pizza[name=Pizza C, priceInPence=2500], Pizza[name=Pizza B, priceInPence=2400]]
PriceTotalInPence: 5000
 -- Credit card info 
CreditCardNumber: 0000000000000000
CCV: 222
ExpiryDate: 10/24
]]></system-err>
  </testcase>
  <testcase name="testPizzasFromSameRestaurant" classname="uk.ac.ed.inf.OrderValidatorTest" time="0">
    <system-err><![CDATA[
 -- Order info 
OrderValidationCode: NO_ERROR
OrderStatus: VALID_BUT_NOT_DELIVERED
OrderNo: 7BEE2A87
Order Contents: [Pizza[name=Pizza B, priceInPence=2400], Pizza[name=Pizza A, priceInPence=2300]]
PriceTotalInPence: 4800
 -- Credit card info 
CreditCardNumber: 0000000000000000
CCV: 222
ExpiryDate: 05/27
]]></system-err>
  </testcase>
</testsuite>